test_build: Thu Mar 26 02:48:15 PDT 2015: started on tegra_defconfig%tegra20,114_mergeconfig test_next-20150326 (9328510ed2d433636be0a995e1337b6de819fb6b)
test_build: Thu Mar 26 02:48:15 PDT 2015: serial is 20150326024533
mm/migrate.c: In function ‘migrate_pages’:
mm/migrate.c:1148:1: internal compiler error: in push_minipool_fix, at config/arm/arm.c:13498
Please submit a full bug report,
with preprocessed source if appropriate.
See <https://bugs.launchpad.net/gcc-linaro> for instructions.
make[1]: *** [mm/migrate.o] Error 1
make[1]: *** Waiting for unfinished jobs....
make: *** [mm] Error 2
make: *** Waiting for unfinished jobs....
test_build: Thu Mar 26 02:49:49 PDT 2015: FAILED on tegra_defconfig%tegra20,114_mergeconfig test_next-20150326
test_build: Thu Mar 26 02:49:49 PDT 2015: ended on tegra_defconfig%tegra20,114_mergeconfig test_next-20150326
test_build: Thu Mar 26 02:49:49 PDT 2015: started on tegra_defconfig%tegra30,114_mergeconfig test_next-20150326 (9328510ed2d433636be0a995e1337b6de819fb6b)
test_build: Thu Mar 26 02:49:49 PDT 2015: serial is 20150326024533
In file included from include/linux/linkage.h:4:0,
                 from include/linux/preempt.h:9,
                 from include/linux/spinlock.h:50,
                 from include/linux/lockref.h:17,
                 from lib/lockref.c:2:
In function ‘__read_once_size’,
    inlined from ‘lockref_get_not_dead’ at lib/lockref.c:179:2:
include/linux/compiler.h:216:32: warning: call to ‘data_access_exceeds_word_size’ declared with attribute warning: data access exceeds word size and won't be atomic [enabled by default]
In function ‘__read_once_size’,
    inlined from ‘lockref_put_or_lock’ at lib/lockref.c:142:2:
include/linux/compiler.h:216:32: warning: call to ‘data_access_exceeds_word_size’ declared with attribute warning: data access exceeds word size and won't be atomic [enabled by default]
In function ‘__read_once_size’,
    inlined from ‘lockref_put_return’ at lib/lockref.c:124:2:
include/linux/compiler.h:216:32: warning: call to ‘data_access_exceeds_word_size’ declared with attribute warning: data access exceeds word size and won't be atomic [enabled by default]
In function ‘__read_once_size’,
    inlined from ‘lockref_get_or_lock’ at lib/lockref.c:98:2:
include/linux/compiler.h:216:32: warning: call to ‘data_access_exceeds_word_size’ declared with attribute warning: data access exceeds word size and won't be atomic [enabled by default]
In function ‘__read_once_size’,
    inlined from ‘lockref_get_not_zero’ at lib/lockref.c:71:2:
include/linux/compiler.h:216:32: warning: call to ‘data_access_exceeds_word_size’ declared with attribute warning: data access exceeds word size and won't be atomic [enabled by default]
In function ‘__read_once_size’,
    inlined from ‘lockref_get’ at lib/lockref.c:50:2:
include/linux/compiler.h:216:32: warning: call to ‘data_access_exceeds_word_size’ declared with attribute warning: data access exceeds word size and won't be atomic [enabled by default]
mm/migrate.c: In function ‘migrate_pages’:
mm/migrate.c:1148:1: internal compiler error: in push_minipool_fix, at config/arm/arm.c:13498
Please submit a full bug report,
with preprocessed source if appropriate.
See <https://bugs.launchpad.net/gcc-linaro> for instructions.
make[1]: *** [mm/migrate.o] Error 1
make[1]: *** Waiting for unfinished jobs....
make: *** [mm] Error 2
make: *** Waiting for unfinished jobs....
test_build: Thu Mar 26 02:51:32 PDT 2015: FAILED on tegra_defconfig%tegra30,114_mergeconfig test_next-20150326
test_build: Thu Mar 26 02:51:32 PDT 2015: ended on tegra_defconfig%tegra30,114_mergeconfig test_next-20150326
test_build: Thu Mar 26 02:48:02 PDT 2015: started on tegra_defconfig%tegra30_mergeconfig test_next-20150326 (9328510ed2d433636be0a995e1337b6de819fb6b)
test_build: Thu Mar 26 02:48:02 PDT 2015: serial is 20150326024533
In file included from include/linux/linkage.h:4:0,
                 from include/linux/preempt.h:9,
                 from include/linux/spinlock.h:50,
                 from include/linux/lockref.h:17,
                 from lib/lockref.c:2:
In function ‘__read_once_size’,
    inlined from ‘lockref_get_not_dead’ at lib/lockref.c:179:2:
include/linux/compiler.h:216:32: warning: call to ‘data_access_exceeds_word_size’ declared with attribute warning: data access exceeds word size and won't be atomic [enabled by default]
In function ‘__read_once_size’,
    inlined from ‘lockref_put_or_lock’ at lib/lockref.c:142:2:
include/linux/compiler.h:216:32: warning: call to ‘data_access_exceeds_word_size’ declared with attribute warning: data access exceeds word size and won't be atomic [enabled by default]
In function ‘__read_once_size’,
    inlined from ‘lockref_put_return’ at lib/lockref.c:124:2:
include/linux/compiler.h:216:32: warning: call to ‘data_access_exceeds_word_size’ declared with attribute warning: data access exceeds word size and won't be atomic [enabled by default]
In function ‘__read_once_size’,
    inlined from ‘lockref_get_or_lock’ at lib/lockref.c:98:2:
include/linux/compiler.h:216:32: warning: call to ‘data_access_exceeds_word_size’ declared with attribute warning: data access exceeds word size and won't be atomic [enabled by default]
In function ‘__read_once_size’,
    inlined from ‘lockref_get_not_zero’ at lib/lockref.c:71:2:
include/linux/compiler.h:216:32: warning: call to ‘data_access_exceeds_word_size’ declared with attribute warning: data access exceeds word size and won't be atomic [enabled by default]
In function ‘__read_once_size’,
    inlined from ‘lockref_get’ at lib/lockref.c:50:2:
include/linux/compiler.h:216:32: warning: call to ‘data_access_exceeds_word_size’ declared with attribute warning: data access exceeds word size and won't be atomic [enabled by default]
mm/migrate.c: In function ‘migrate_pages’:
mm/migrate.c:1148:1: internal compiler error: in push_minipool_fix, at config/arm/arm.c:13498
Please submit a full bug report,
with preprocessed source if appropriate.
See <https://bugs.launchpad.net/gcc-linaro> for instructions.
make[1]: *** [mm/migrate.o] Error 1
make: *** [mm] Error 2
make: *** Waiting for unfinished jobs....
test_build: Thu Mar 26 02:49:42 PDT 2015: FAILED on tegra_defconfig%tegra30_mergeconfig test_next-20150326
test_build: Thu Mar 26 02:49:42 PDT 2015: ended on tegra_defconfig%tegra30_mergeconfig test_next-20150326
test_build: Thu Mar 26 02:49:05 PDT 2015: started on tegra_defconfig%tegra20,30_mergeconfig test_next-20150326 (9328510ed2d433636be0a995e1337b6de819fb6b)
test_build: Thu Mar 26 02:49:05 PDT 2015: serial is 20150326024533
mm/migrate.c: In function ‘migrate_pages’:
mm/migrate.c:1148:1: internal compiler error: in push_minipool_fix, at config/arm/arm.c:13498
Please submit a full bug report,
with preprocessed source if appropriate.
See <https://bugs.launchpad.net/gcc-linaro> for instructions.
make[1]: *** [mm/migrate.o] Error 1
make: *** [mm] Error 2
make: *** Waiting for unfinished jobs....
test_build: Thu Mar 26 02:50:49 PDT 2015: FAILED on tegra_defconfig%tegra20,30_mergeconfig test_next-20150326
test_build: Thu Mar 26 02:50:49 PDT 2015: ended on tegra_defconfig%tegra20,30_mergeconfig test_next-20150326
test_build: Thu Mar 26 02:49:57 PDT 2015: started on tegra_defconfig%tegra124_mergeconfig test_next-20150326 (9328510ed2d433636be0a995e1337b6de819fb6b)
test_build: Thu Mar 26 02:49:57 PDT 2015: serial is 20150326024533
mm/migrate.c: In function ‘migrate_pages’:
mm/migrate.c:1148:1: internal compiler error: in push_minipool_fix, at config/arm/arm.c:13498
Please submit a full bug report,
with preprocessed source if appropriate.
See <https://bugs.launchpad.net/gcc-linaro> for instructions.
make[1]: *** [mm/migrate.o] Error 1
make[1]: *** Waiting for unfinished jobs....
make: *** [mm] Error 2
make: *** Waiting for unfinished jobs....
test_build: Thu Mar 26 02:51:25 PDT 2015: FAILED on tegra_defconfig%tegra124_mergeconfig test_next-20150326
test_build: Thu Mar 26 02:51:25 PDT 2015: ended on tegra_defconfig%tegra124_mergeconfig test_next-20150326
test_build: Thu Mar 26 02:48:05 PDT 2015: started on tegra_defconfig%tegra114_mergeconfig test_next-20150326 (9328510ed2d433636be0a995e1337b6de819fb6b)
test_build: Thu Mar 26 02:48:05 PDT 2015: serial is 20150326024533
mm/migrate.c: In function ‘migrate_pages’:
mm/migrate.c:1148:1: internal compiler error: in push_minipool_fix, at config/arm/arm.c:13498
Please submit a full bug report,
with preprocessed source if appropriate.
See <https://bugs.launchpad.net/gcc-linaro> for instructions.
make[1]: *** [mm/migrate.o] Error 1
make[1]: *** Waiting for unfinished jobs....
make: *** [mm] Error 2
make: *** Waiting for unfinished jobs....
test_build: Thu Mar 26 02:48:59 PDT 2015: FAILED on tegra_defconfig%tegra114_mergeconfig test_next-20150326
test_build: Thu Mar 26 02:48:59 PDT 2015: ended on tegra_defconfig%tegra114_mergeconfig test_next-20150326
test_build: Thu Mar 26 02:46:00 PDT 2015: started on multi_v7_defconfig test_next-20150326 (9328510ed2d433636be0a995e1337b6de819fb6b)
test_build: Thu Mar 26 02:46:00 PDT 2015: serial is 20150326024533
In file included from include/linux/linkage.h:4:0,
                 from include/linux/preempt.h:9,
                 from include/linux/spinlock.h:50,
                 from include/linux/lockref.h:17,
                 from lib/lockref.c:2:
include/linux/compiler.h: In function ‘lockref_get_not_dead’:
include/linux/compiler.h:216:32: warning: call to ‘data_access_exceeds_word_size’ declared with attribute warning: data access exceeds word size and won't be atomic [enabled by default]
include/linux/compiler.h: In function ‘lockref_put_or_lock’:
include/linux/compiler.h:216:32: warning: call to ‘data_access_exceeds_word_size’ declared with attribute warning: data access exceeds word size and won't be atomic [enabled by default]
include/linux/compiler.h: In function ‘lockref_put_return’:
include/linux/compiler.h:216:32: warning: call to ‘data_access_exceeds_word_size’ declared with attribute warning: data access exceeds word size and won't be atomic [enabled by default]
include/linux/compiler.h: In function ‘lockref_get_or_lock’:
include/linux/compiler.h:216:32: warning: call to ‘data_access_exceeds_word_size’ declared with attribute warning: data access exceeds word size and won't be atomic [enabled by default]
include/linux/compiler.h: In function ‘lockref_get_not_zero’:
include/linux/compiler.h:216:32: warning: call to ‘data_access_exceeds_word_size’ declared with attribute warning: data access exceeds word size and won't be atomic [enabled by default]
include/linux/compiler.h: In function ‘lockref_get’:
include/linux/compiler.h:216:32: warning: call to ‘data_access_exceeds_word_size’ declared with attribute warning: data access exceeds word size and won't be atomic [enabled by default]
mm/migrate.c: In function ‘migrate_pages’:
mm/migrate.c:1148:1: internal compiler error: in push_minipool_fix, at config/arm/arm.c:13498
Please submit a full bug report,
with preprocessed source if appropriate.
See <https://bugs.launchpad.net/gcc-linaro> for instructions.
make[1]: *** [mm/migrate.o] Error 1
make[1]: *** Waiting for unfinished jobs....
make: *** [mm] Error 2
make: *** Waiting for unfinished jobs....
In file included from drivers/dma/xilinx/xilinx_vdma.c:26:0:
include/linux/dmapool.h:18:4: warning: ‘struct device’ declared inside parameter list [enabled by default]
include/linux/dmapool.h:18:4: warning: its scope is only this definition or declaration, which is probably not what you want [enabled by default]
include/linux/dmapool.h:31:7: warning: ‘struct device’ declared inside parameter list [enabled by default]
drivers/dma/xilinx/xilinx_vdma.c: In function ‘xilinx_vdma_alloc_chan_resources’:
drivers/dma/xilinx/xilinx_vdma.c:504:24: warning: passing argument 2 of ‘dma_pool_create’ from incompatible pointer type [enabled by default]
In file included from drivers/dma/xilinx/xilinx_vdma.c:26:0:
include/linux/dmapool.h:17:18: note: expected ‘struct device *’ but argument is of type ‘struct device *’
test_build: Thu Mar 26 02:47:55 PDT 2015: FAILED on multi_v7_defconfig test_next-20150326
test_build: Thu Mar 26 02:47:55 PDT 2015: ended on multi_v7_defconfig test_next-20150326
test_build: Thu Mar 26 02:46:03 PDT 2015: started on tegra_defconfig%tegra20_mergeconfig test_next-20150326 (9328510ed2d433636be0a995e1337b6de819fb6b)
test_build: Thu Mar 26 02:46:03 PDT 2015: serial is 20150326024533
mm/migrate.c: In function ‘migrate_pages’:
mm/migrate.c:1148:1: internal compiler error: in push_minipool_fix, at config/arm/arm.c:13498
Please submit a full bug report,
with preprocessed source if appropriate.
See <https://bugs.launchpad.net/gcc-linaro> for instructions.
make[1]: *** [mm/migrate.o] Error 1
make[1]: *** Waiting for unfinished jobs....
make: *** [mm] Error 2
make: *** Waiting for unfinished jobs....
test_build: Thu Mar 26 02:47:30 PDT 2015: FAILED on tegra_defconfig%tegra20_mergeconfig test_next-20150326
test_build: Thu Mar 26 02:47:30 PDT 2015: ended on tegra_defconfig%tegra20_mergeconfig test_next-20150326
test_build: Thu Mar 26 02:45:58 PDT 2015: started on tegra_defconfig test_next-20150326 (9328510ed2d433636be0a995e1337b6de819fb6b)
test_build: Thu Mar 26 02:45:58 PDT 2015: serial is 20150326024533
mm/migrate.c: In function ‘migrate_pages’:
mm/migrate.c:1148:1: internal compiler error: in push_minipool_fix, at config/arm/arm.c:13498
Please submit a full bug report,
with preprocessed source if appropriate.
See <https://bugs.launchpad.net/gcc-linaro> for instructions.
make[1]: *** [mm/migrate.o] Error 1
make: *** [mm] Error 2
make: *** Waiting for unfinished jobs....
test_build: Thu Mar 26 02:47:59 PDT 2015: FAILED on tegra_defconfig test_next-20150326
test_build: Thu Mar 26 02:47:59 PDT 2015: ended on tegra_defconfig test_next-20150326
