test_sparse: Mon Jun 29 21:32:57 PDT 2015: started on tegra_defconfig test_next-20150626 (043831b4a4e9a981c4ec6331b6d64b9f62285d5d)
test_sparse: Mon Jun 29 21:32:57 PDT 2015: serial is 20150629213033
test_sparse: sparse version unknown (checksum d41d8cd98f00b204e9800998ecf8427e)
/bin/sh: 1: sparse: not found
make[2]: *** [scripts/mod/empty.o] Error 127
make[2]: *** Waiting for unfinished jobs....
make[1]: *** [scripts/mod] Error 2
make[1]: *** Waiting for unfinished jobs....
make: *** [scripts] Error 2
make: *** Waiting for unfinished jobs....
test_sparse: Mon Jun 29 21:33:05 PDT 2015: FAILED on tegra_defconfig test_next-20150626
test_sparse: Mon Jun 29 21:33:05 PDT 2015: ended on tegra_defconfig test_next-20150626
