test_sparse: Wed Jul 22 05:18:27 PDT 2015: started on defconfig test_next-20150722 (72a68fd733c8b6cd2e0ebc0586a9103067cd4ed7)
test_sparse: Wed Jul 22 05:18:27 PDT 2015: serial is 20150722051533
test_sparse: sparse version unknown (checksum d41d8cd98f00b204e9800998ecf8427e)
/bin/sh: 1: sparse: not found
make[2]: *** [scripts/mod/empty.o] Error 127
make[1]: *** [scripts/mod] Error 2
make[1]: *** Waiting for unfinished jobs....
make: *** [scripts] Error 2
make: *** Waiting for unfinished jobs....
<stdin>:1253:2: warning: #warning syscall userfaultfd not implemented [-Wcpp]
test_sparse: Wed Jul 22 05:18:31 PDT 2015: FAILED on defconfig test_next-20150722
test_sparse: Wed Jul 22 05:18:31 PDT 2015: ended on defconfig test_next-20150722
