test_sparse: Wed Apr 22 22:22:26 PDT 2015: started on tegra_defconfig test_next-20150423 (3dd41f824da01d2ea5258dad0c9108d18da0b7ac)
test_sparse: Wed Apr 22 22:22:26 PDT 2015: serial is 20150422221533
test_sparse: sparse version unknown (checksum d41d8cd98f00b204e9800998ecf8427e)
/bin/sh: 1: sparse: not found
make[2]: *** [scripts/mod/empty.o] Error 127
make[2]: *** Waiting for unfinished jobs....
make[1]: *** [scripts/mod] Error 2
make[1]: *** Waiting for unfinished jobs....
make: *** [scripts] Error 2
make: *** Waiting for unfinished jobs....
test_sparse: Wed Apr 22 22:22:46 PDT 2015: FAILED on tegra_defconfig test_next-20150423
test_sparse: Wed Apr 22 22:22:46 PDT 2015: ended on tegra_defconfig test_next-20150423
