test_build: Mon Dec 7 01:46:53 PST 2015: started on defconfig test_next-20151207 (47ca23615a59f1879e6a2d2fe63d130abdb5c810)
test_build: Mon Dec 7 01:46:53 PST 2015: serial is 20151207014533
arch/arm64/mm/mmap.c: In function ‘arch_mmap_rnd’:
arch/arm64/mm/mmap.c:54:1: error: ‘ifdef’ undeclared (first use in this function)
 ifdef CONFIG_COMPAT
 ^
arch/arm64/mm/mmap.c:54:1: note: each undeclared identifier is reported only once for each function it appears in
In file included from ././include/linux/kconfig.h:4:0,
                 from <command-line>:0:
include/generated/autoconf.h:51:23: error: expected ‘;’ before numeric constant
 #define CONFIG_COMPAT 1
                       ^
arch/arm64/mm/mmap.c:54:7: note: in expansion of macro ‘CONFIG_COMPAT’
 ifdef CONFIG_COMPAT
       ^
arch/arm64/mm/mmap.c:57:2: error: ‘else’ without a previous ‘if’
  else
  ^
arch/arm64/mm/mmap.c:58:2: error: #endif without #if
 #endif
  ^
make[1]: *** [arch/arm64/mm/mmap.o] Error 1
make: *** [arch/arm64/mm] Error 2
make: *** Waiting for unfinished jobs....
test_build: Mon Dec 7 01:47:28 PST 2015: FAILED on defconfig test_next-20151207
test_build: Mon Dec 7 01:47:28 PST 2015: ended on defconfig test_next-20151207
