test_sparse: Wed Jul 22 04:33:23 PDT 2015: started on defconfig test_next-20150717 (ee9a5e3e8ea94e1c56e4bb2373dd4431dd677389)
test_sparse: Wed Jul 22 04:33:23 PDT 2015: serial is 20150722043033
test_sparse: sparse version unknown (checksum d41d8cd98f00b204e9800998ecf8427e)
/bin/sh: 1: sparse: not found
make[2]: *** [scripts/mod/empty.o] Error 127
make[2]: *** Waiting for unfinished jobs....
make[1]: *** [scripts/mod] Error 2
make[1]: *** Waiting for unfinished jobs....
make: *** [scripts] Error 2
make: *** Waiting for unfinished jobs....
<stdin>:1253:2: warning: #warning syscall userfaultfd not implemented [-Wcpp]
test_sparse: Wed Jul 22 04:33:28 PDT 2015: FAILED on defconfig test_next-20150717
test_sparse: Wed Jul 22 04:33:28 PDT 2015: ended on defconfig test_next-20150717
