test_sparse: Thu Mar 26 02:51:33 PDT 2015: started on multi_v7_defconfig test_next-20150326 (9328510ed2d433636be0a995e1337b6de819fb6b)
test_sparse: Thu Mar 26 02:51:33 PDT 2015: serial is 20150326024533
test_sparse: sparse version unknown (checksum d41d8cd98f00b204e9800998ecf8427e)
init/do_mounts.c:8:2: warning: "Sparse checking disabled for this file"
init/do_mounts_initrd.c:8:2: warning: "Sparse checking disabled for this file"
init/initramfs.c:8:2: warning: "Sparse checking disabled for this file"
arch/arm/vfp/vfpmodule.c:41:6: warning: symbol 'vfp_vector' was not declared. Should it be static?
arch/arm/vfp/vfpmodule.c:48:14: warning: symbol 'VFP_arch' was not declared. Should it be static?
arch/arm/vfp/vfpmodule.c:59:17: warning: symbol 'vfp_current_hw_state' was not declared. Should it be static?
arch/arm/vfp/vfpmodule.c:336:6: warning: symbol 'VFP_bounce' was not declared. Should it be static?
arch/arm/vfp/vfpmodule.c:652:6: warning: symbol 'vfp_kmode_exception' was not declared. Should it be static?
init/calibrate.c:260:37: warning: symbol 'calibrate_delay_is_known' was not declared. Should it be static?
init/calibrate.c:270:28: warning: symbol 'calibration_delay_done' was not declared. Should it be static?
init/main.c:162:12: warning: symbol 'envp_init' was not declared. Should it be static?
init/init_task.c:14:44: warning: implicit cast to nocast type
init/init_task.c:14:44: warning: implicit cast to nocast type
arch/arm/kernel/irq.c:47:15: warning: symbol 'irq_err_count' was not declared. Should it be static?
arch/arm/kernel/process.c:311:1: warning: symbol 'thread_notify_head' was not declared. Should it be static?
arch/arm/kernel/process.c:427:15: warning: symbol 'arch_randomize_brk' was not declared. Should it be static?
arch/arm/mm/fault.c:545:1: warning: symbol 'do_DataAbort' was not declared. Should it be static?
arch/arm/mm/fault.c:578:1: warning: symbol 'do_PrefetchAbort' was not declared. Should it be static?
arch/arm/kernel/ptrace.c:931:16: warning: symbol 'syscall_trace_enter' was not declared. Should it be static?
arch/arm/kernel/ptrace.c:958:17: warning: symbol 'syscall_trace_exit' was not declared. Should it be static?
arch/arm/kernel/setup.c:91:14: warning: symbol '__atags_pointer' was not declared. Should it be static?
arch/arm/kernel/setup.c:131:5: warning: symbol '__cpu_architecture' was not declared. Should it be static?
arch/arm/kernel/setup.c:1115:29: warning: symbol 'cpuinfo_op' was not declared. Should it be static?
arch/arm/mach-bcm/bcm_cygnus.c:16:25: warning: duplicate const 
arch/arm/kernel/signal.c:72:31: warning: incorrect type in argument 1 (different address spaces)
arch/arm/kernel/signal.c:72:31:    expected void [noderef] <asn:1>*to
arch/arm/kernel/signal.c:72:31:    got struct iwmmxt_sigframe *frame
arch/arm/kernel/signal.c:82:38: warning: incorrect type in argument 2 (different address spaces)
arch/arm/kernel/signal.c:82:38:    expected void const [noderef] <asn:1>*from
arch/arm/kernel/signal.c:82:38:    got struct iwmmxt_sigframe *frame
arch/arm/kernel/signal.c:179:48: warning: incorrect type in argument 1 (different address spaces)
arch/arm/kernel/signal.c:179:48:    expected struct iwmmxt_sigframe *frame
arch/arm/kernel/signal.c:179:48:    got struct iwmmxt_sigframe [noderef] <asn:1>*<noident>
arch/arm/kernel/signal.c:189:16: warning: symbol 'sys_sigreturn' was not declared. Should it be static?
arch/arm/kernel/signal.c:219:16: warning: symbol 'sys_rt_sigreturn' was not declared. Should it be static?
arch/arm/kernel/signal.c:290:49: warning: incorrect type in argument 1 (different address spaces)
arch/arm/kernel/signal.c:290:49:    expected struct iwmmxt_sigframe *frame
arch/arm/kernel/signal.c:290:49:    got struct iwmmxt_sigframe [noderef] <asn:1>*<noident>
arch/arm/kernel/signal.c:574:1: warning: symbol 'do_work_pending' was not declared. Should it be static?
arch/arm/kernel/signal.c:607:13: warning: symbol 'get_signal_page' was not declared. Should it be static?
arch/arm/mm/init.c:550:1: error: directive in argument list
arch/arm/mm/init.c:553:1: error: directive in argument list
arch/arm/mm/init.c:557:1: error: directive in argument list
arch/arm/mm/init.c:559:1: error: directive in argument list
arch/arm/mm/init.c:560:1: error: directive in argument list
arch/arm/mm/init.c:562:1: error: directive in argument list
arch/arm/mm/init.c:570:1: error: directive in argument list
arch/arm/mm/init.c:573:1: error: directive in argument list
arch/arm/mm/init.c:577:1: error: directive in argument list
arch/arm/mm/init.c:580:1: error: directive in argument list
arch/arm/mm/init.c:581:1: error: directive in argument list
arch/arm/mm/init.c:583:1: error: directive in argument list
arch/arm/mm/iomap.c:12:15: warning: symbol 'vga_base' was not declared. Should it be static?
arch/arm/common/mcpm_entry.c:201:20: warning: symbol 'mcpm_sync' was not declared. Should it be static?
arch/arm/kernel/sys_arm.c:35:17: warning: symbol 'sys_arm_fadvise64_64' was not declared. Should it be static?
arch/arm/mm/flush.c:373:6: warning: symbol '__flush_anon_page' was not declared. Should it be static?
arch/arm/kernel/time.c:115:13: warning: symbol 'time_init' was not declared. Should it be static?
arch/arm/kernel/traps.c:123:37: warning: incorrect type in argument 1 (different address spaces)
arch/arm/kernel/traps.c:123:37:    expected void const volatile [noderef] <asn:1>*<noident>
arch/arm/kernel/traps.c:123:37:    got unsigned long *<noident>
arch/arm/kernel/traps.c:156:31: warning: incorrect type in argument 1 (different address spaces)
arch/arm/kernel/traps.c:156:31:    expected void const volatile [noderef] <asn:1>*<noident>
arch/arm/kernel/traps.c:156:31:    got unsigned short [usertype] *
arch/arm/kernel/traps.c:158:31: warning: incorrect type in argument 1 (different address spaces)
arch/arm/kernel/traps.c:158:31:    expected void const volatile [noderef] <asn:1>*<noident>
arch/arm/kernel/traps.c:158:31:    got unsigned int [usertype] *
arch/arm/kernel/traps.c:425:33: warning: cast removes address space of expression
arch/arm/kernel/traps.c:406:29: warning: symbol 'do_undefinstr' was not declared. Should it be static?
arch/arm/kernel/traps.c:476:39: warning: symbol 'handle_fiq_as_nmi' was not declared. Should it be static?
arch/arm/kernel/traps.c:495:17: warning: symbol 'bad_mode' was not declared. Should it be static?
arch/arm/kernel/traps.c:564:14: warning: incorrect type in argument 1 (different base types)
arch/arm/kernel/traps.c:564:14:    expected void const volatile [noderef] <asn:1>*<noident>
arch/arm/kernel/traps.c:564:14:    got unsigned long [unsigned] start
arch/arm/kernel/traps.c:575:16: warning: symbol 'arm_syscall' was not declared. Should it be static?
arch/arm/kernel/traps.c:754:6: warning: symbol '__bad_xchg' was not declared. Should it be static?
arch/arm/kernel/traps.c:767:1: warning: symbol 'baddataabort' was not declared. Should it be static?
arch/arm/kernel/traps.c:811:17: warning: symbol '__div0' was not declared. Should it be static?
arch/arm/kernel/traps.c:818:6: warning: symbol 'abort' was not declared. Should it be static?
arch/arm/mach-bcm/kona_l2_cache.c:21:13: warning: symbol 'kona_l2_cache_init' was not declared. Should it be static?
arch/arm/mach-bcm/bcm_kona_smc.c:145:21: warning: incorrect type in initializer (different address spaces)
arch/arm/mach-bcm/bcm_kona_smc.c:145:21:    expected unsigned int [usertype] *args
arch/arm/mach-bcm/bcm_kona_smc.c:145:21:    got void [noderef] <asn:2>*static [toplevel] [assigned] bcm_smc_buffer
arch/arm/mach-bcm/bcm_kona_smc.c:151:9: warning: incorrect type in argument 2 (different address spaces)
arch/arm/mach-bcm/bcm_kona_smc.c:151:9:    expected void volatile [noderef] <asn:2>*addr
arch/arm/mach-bcm/bcm_kona_smc.c:151:9:    got unsigned int [usertype] *
arch/arm/mach-bcm/bcm_kona_smc.c:152:9: warning: incorrect type in argument 2 (different address spaces)
arch/arm/mach-bcm/bcm_kona_smc.c:152:9:    expected void volatile [noderef] <asn:2>*addr
arch/arm/mach-bcm/bcm_kona_smc.c:152:9:    got unsigned int [usertype] *
arch/arm/mach-bcm/bcm_kona_smc.c:153:9: warning: incorrect type in argument 2 (different address spaces)
arch/arm/mach-bcm/bcm_kona_smc.c:153:9:    expected void volatile [noderef] <asn:2>*addr
arch/arm/mach-bcm/bcm_kona_smc.c:153:9:    got unsigned int [usertype] *
arch/arm/mach-bcm/bcm_kona_smc.c:154:9: warning: incorrect type in argument 2 (different address spaces)
arch/arm/mach-bcm/bcm_kona_smc.c:154:9:    expected void volatile [noderef] <asn:2>*addr
arch/arm/mach-bcm/bcm_kona_smc.c:154:9:    got unsigned int [usertype] *[assigned] args
arch/arm/kernel/atags_proc.c:27:13: warning: symbol 'save_atags' was not declared. Should it be static?
arch/arm/mm/mmap.c:172:15: warning: symbol 'arch_mmap_rnd' was not declared. Should it be static?
arch/arm/kernel/cpuidle.c:15:5: warning: symbol 'arm_cpuidle_simple_enter' was not declared. Should it be static?
arch/arm/kernel/bios32.c:22:23: warning: symbol 'pcibios_msi_controller' was not declared. Should it be static?
arch/arm/kernel/bios32.c:67:6: warning: symbol 'pcibios_report_status' was not declared. Should it be static?
arch/arm/mach-exynos/pmu.c:701:6: warning: symbol 'exynos5420_powerdown_conf' was not declared. Should it be static?
arch/arm/mm/mmu.c:56:10: warning: symbol 'user_pmd_table' was not declared. Should it be static?
arch/arm/mm/mmu.c:133:13: warning: symbol 'init_default_cache_policy' was not declared. Should it be static?
arch/arm/mm/mmu.c:1069:13: warning: symbol 'sanity_check_meminfo' was not declared. Should it be static?
arch/arm/mm/mmu.c:1502:13: warning: symbol 'early_paging_init' was not declared. Should it be static?
arch/arm/mm/mmu.c:1515:13: warning: symbol 'paging_init' was not declared. Should it be static?
arch/arm/mm/pageattr.c:68:5: warning: symbol 'set_memory_ro' was not declared. Should it be static?
arch/arm/mm/pageattr.c:75:5: warning: symbol 'set_memory_rw' was not declared. Should it be static?
arch/arm/mm/pageattr.c:82:5: warning: symbol 'set_memory_nx' was not declared. Should it be static?
arch/arm/mm/pageattr.c:89:5: warning: symbol 'set_memory_x' was not declared. Should it be static?
arch/arm/kernel/suspend.c:55:6: warning: symbol '__cpu_suspend_save' was not declared. Should it be static?
arch/arm/kernel/smp.c:509:6: warning: symbol 'arch_irq_work_raise' was not declared. Should it be static?
arch/arm/kernel/smp.c:664:5: warning: symbol 'setup_profiling_timer' was not declared. Should it be static?
arch/arm/kernel/arch_timer.c:34:12: warning: symbol 'arch_timer_arch_init' was not declared. Should it be static?
arch/arm/kernel/machine_kexec.c:63:23: warning: cast removes address space of expression
arch/arm/kernel/machine_kexec.c:63:23: warning: cast removes address space of expression
arch/arm/kernel/machine_kexec.c:63:23: warning: incorrect type in initializer (different address spaces)
arch/arm/kernel/machine_kexec.c:63:23:    expected unsigned int const [noderef] <asn:1>*register __p
arch/arm/kernel/machine_kexec.c:63:23:    got unsigned int [usertype] *<noident>
arch/arm/kernel/machine_kexec.c:63:23: warning: cast removes address space of expression
arch/arm/kernel/machine_kexec.c:77:6: warning: symbol 'machine_crash_nonpanic_core' was not declared. Should it be static?
arch/arm/kernel/unwind.c:53:6: warning: symbol '__aeabi_unwind_cpp_pr0' was not declared. Should it be static?
arch/arm/kernel/unwind.c:58:6: warning: symbol '__aeabi_unwind_cpp_pr1' was not declared. Should it be static?
arch/arm/kernel/unwind.c:63:6: warning: symbol '__aeabi_unwind_cpp_pr2' was not declared. Should it be static?
arch/arm/kernel/devtree.c:69:13: warning: symbol 'arm_dt_init_cpu_maps' was not declared. Should it be static?
arch/arm/kernel/devtree.c:204:27: warning: symbol 'setup_machine_fdt' was not declared. Should it be static?
arch/arm/mach-hisi/platsmp.c:106:6: warning: symbol 'hix5hd2_set_scu_boot_addr' was not declared. Should it be static?
arch/arm/mach-hisi/platsmp.c:146:14: warning: incorrect type in assignment (different address spaces)
arch/arm/mach-hisi/platsmp.c:146:14:    expected void [noderef] <asn:2>*virt
arch/arm/mach-hisi/platsmp.c:146:14:    got void *
arch/arm/mach-hisi/platsmp.c:142:6: warning: symbol 'hip01_set_boot_addr' was not declared. Should it be static?
arch/arm/mach-highbank/pm.c:52:13: warning: symbol 'highbank_pm_init' was not declared. Should it be static?
arch/arm/mm/copypage-v6.c:125:21: warning: symbol 'v6_user_fns' was not declared. Should it be static?
arch/arm/kernel/swp_emulate.c:123:23: warning: incorrect type in assignment (different address spaces)
arch/arm/kernel/swp_emulate.c:123:23:    expected void [noderef] <asn:1>*[assigned] [usertype] _addr
arch/arm/kernel/swp_emulate.c:123:23:    got void *<noident>
arch/arm/kernel/swp_emulate.c:210:14: warning: incorrect type in argument 1 (different base types)
arch/arm/kernel/swp_emulate.c:210:14:    expected void const volatile [noderef] <asn:1>*<noident>
arch/arm/kernel/swp_emulate.c:210:14:    got unsigned int
arch/arm/mach-keystone/keystone.c:93:19: warning: cast truncates bits from constant value (800000000 becomes 0)
arch/arm/mach-exynos/platsmp.c:209:31: warning: incorrect type in return expression (different address spaces)
arch/arm/mach-exynos/platsmp.c:209:31:    expected void [noderef] <asn:2>*
arch/arm/mach-exynos/platsmp.c:209:31:    got void *
arch/arm/mach-exynos/platsmp.c:209:31: warning: incorrect type in return expression (different address spaces)
arch/arm/mach-exynos/platsmp.c:209:31:    expected void [noderef] <asn:2>*
arch/arm/mach-exynos/platsmp.c:209:31:    got void *
arch/arm/mach-keystone/pm_domain.c:69:12: warning: symbol 'keystone_pm_runtime_init' was not declared. Should it be static?
arch/arm/kernel/perf_event_v7.c:168:9: warning: Initializer entry defined twice
arch/arm/kernel/perf_event_v7.c:169:10:   also defined here
arch/arm/kernel/perf_event_v7.c:181:9: warning: Initializer entry defined twice
arch/arm/kernel/perf_event_v7.c:188:10:   also defined here
arch/arm/kernel/perf_event_v7.c:217:9: warning: Initializer entry defined twice
arch/arm/kernel/perf_event_v7.c:218:10:   also defined here
arch/arm/kernel/perf_event_v7.c:231:9: warning: Initializer entry defined twice
arch/arm/kernel/perf_event_v7.c:238:10:   also defined here
arch/arm/kernel/perf_event_v7.c:261:9: warning: Initializer entry defined twice
arch/arm/kernel/perf_event_v7.c:262:10:   also defined here
arch/arm/kernel/perf_event_v7.c:273:9: warning: Initializer entry defined twice
arch/arm/kernel/perf_event_v7.c:275:10:   also defined here
arch/arm/kernel/perf_event_v7.c:307:9: warning: Initializer entry defined twice
arch/arm/kernel/perf_event_v7.c:308:10:   also defined here
arch/arm/kernel/perf_event_v7.c:320:9: warning: Initializer entry defined twice
arch/arm/kernel/perf_event_v7.c:322:10:   also defined here
arch/arm/kernel/perf_event_v7.c:356:9: warning: Initializer entry defined twice
arch/arm/kernel/perf_event_v7.c:357:10:   also defined here
arch/arm/kernel/perf_event_v7.c:369:9: warning: Initializer entry defined twice
arch/arm/kernel/perf_event_v7.c:376:10:   also defined here
arch/arm/kernel/perf_event_v7.c:405:9: warning: Initializer entry defined twice
arch/arm/kernel/perf_event_v7.c:406:10:   also defined here
arch/arm/kernel/perf_event_v7.c:418:9: warning: Initializer entry defined twice
arch/arm/kernel/perf_event_v7.c:420:10:   also defined here
arch/arm/kernel/perf_event_v7.c:455:9: warning: Initializer entry defined twice
arch/arm/kernel/perf_event_v7.c:456:10:   also defined here
arch/arm/kernel/perf_event_v7.c:464:9: warning: Initializer entry defined twice
arch/arm/kernel/perf_event_v7.c:465:10:   also defined here
arch/arm/kernel/perf_event_v7.c:474:9: warning: Initializer entry defined twice
arch/arm/kernel/perf_event_v7.c:481:10:   also defined here
arch/arm/kernel/perf_event_v7.c:505:9: warning: Initializer entry defined twice
arch/arm/kernel/perf_event_v7.c:506:10:   also defined here
arch/arm/kernel/perf_event_v7.c:516:9: warning: Initializer entry defined twice
arch/arm/kernel/perf_event_v7.c:522:10:   also defined here
arch/arm/mach-mvebu/system-controller.c:130:6: warning: symbol 'mvebu_armada375_smp_wa_init' was not declared. Should it be static?
arch/arm/kernel/topology.c:45:15: warning: symbol 'arch_scale_cpu_capacity' was not declared. Should it be static?
arch/arm/kernel/topology.c:192:22: warning: symbol 'cpu_corepower_mask' was not declared. Should it be static?
arch/arm/mach-mvebu/cpu-reset.c:25:5: warning: symbol 'mvebu_cpu_reset_deassert' was not declared. Should it be static?
arch/arm/mach-mvebu/coherency.c:41:14: warning: symbol 'coherency_base' was not declared. Should it be static?
arch/arm/mach-mvebu/pmsu.c:146:16: warning: incorrect type in argument 1 (different address spaces)
arch/arm/mach-mvebu/pmsu.c:146:16:    expected void *<noident>
arch/arm/mach-mvebu/pmsu.c:146:16:    got void [noderef] <asn:2>*[assigned] sram_virt_base
arch/arm/mach-mvebu/pmsu.c:129:5: warning: symbol 'mvebu_setup_boot_addr_wa' was not declared. Should it be static?
arch/arm/mach-mvebu/pmsu.c:269:5: warning: symbol 'armada_370_xp_pmsu_idle_enter' was not declared. Should it be static?
arch/arm/mach-mvebu/pmsu.c:315:5: warning: symbol 'armada_38x_do_cpu_suspend' was not declared. Should it be static?
arch/arm/mach-mvebu/pmsu.c:342:6: warning: symbol 'mvebu_v7_pmsu_idle_exit' was not declared. Should it be static?
arch/arm/mach-mvebu/pmsu.c:535:5: warning: symbol 'mvebu_pmsu_dfs_request' was not declared. Should it be static?
arch/arm/mach-mvebu/pmsu.c:575:33: warning: symbol 'cpufreq_dt_pd' was not declared. Should it be static?
arch/arm/mach-mvebu/pmsu.c:626:40: warning: Using plain integer as NULL pointer
arch/arm/kernel/psci_smp.c:59:12: warning: symbol 'psci_cpu_die' was not declared. Should it be static?
arch/arm/kernel/psci_smp.c:72:11: warning: symbol 'psci_cpu_kill' was not declared. Should it be static?
arch/arm/mach-imx/clk-cpu.c:77:12: warning: symbol 'imx_clk_cpu' was not declared. Should it be static?
arch/arm/mach-mvebu/pm.c:125:9: warning: incorrect type in argument 2 (different address spaces)
arch/arm/mach-mvebu/pm.c:125:9:    expected void volatile [noderef] <asn:2>*addr
arch/arm/mach-mvebu/pm.c:125:9:    got unsigned int [usertype] *
arch/arm/mach-mvebu/pm.c:126:9: warning: incorrect type in argument 2 (different address spaces)
arch/arm/mach-mvebu/pm.c:126:9:    expected void volatile [noderef] <asn:2>*addr
arch/arm/mach-mvebu/pm.c:126:9:    got unsigned int [usertype] *
arch/arm/mach-mvebu/pm.c:134:9: warning: incorrect type in argument 2 (different address spaces)
arch/arm/mach-mvebu/pm.c:134:9:    expected void volatile [noderef] <asn:2>*addr
arch/arm/mach-mvebu/pm.c:134:9:    got unsigned int [usertype] *
arch/arm/mach-mvebu/pm.c:135:9: warning: incorrect type in argument 2 (different address spaces)
arch/arm/mach-mvebu/pm.c:135:9:    expected void volatile [noderef] <asn:2>*addr
arch/arm/mach-mvebu/pm.c:135:9:    got unsigned int [usertype] *
arch/arm/mach-mvebu/pm.c:141:9: warning: incorrect type in argument 2 (different address spaces)
arch/arm/mach-mvebu/pm.c:141:9:    expected void volatile [noderef] <asn:2>*addr
arch/arm/mach-mvebu/pm.c:141:9:    got unsigned int [usertype] *
arch/arm/mach-mvebu/pm.c:142:9: warning: incorrect type in argument 2 (different address spaces)
arch/arm/mach-mvebu/pm.c:142:9:    expected void volatile [noderef] <asn:2>*addr
arch/arm/mach-mvebu/pm.c:142:9:    got unsigned int [usertype] *
arch/arm/mach-mvebu/pm.c:151:9: warning: incorrect type in argument 2 (different address spaces)
arch/arm/mach-mvebu/pm.c:151:9:    expected void volatile [noderef] <asn:2>*addr
arch/arm/mach-mvebu/pm.c:151:9:    got unsigned int [usertype] *[assigned] store_addr
arch/arm/mach-mvebu/pm.c:180:5: warning: symbol 'mvebu_pm_init' was not declared. Should it be static?
arch/arm/mach-rockchip/pm.c:209:16: warning: incorrect type in argument 1 (different address spaces)
arch/arm/mach-rockchip/pm.c:209:16:    expected void *<noident>
arch/arm/mach-rockchip/pm.c:209:16:    got void [noderef] <asn:2>*static [toplevel] [assigned] rk3288_bootram_base
arch/arm/mach-shmobile/timer.c:38:13: warning: symbol 'shmobile_init_delay' was not declared. Should it be static?
arch/arm/mach-shmobile/timer.c:108:13: warning: symbol 'shmobile_earlytimer_init' was not declared. Should it be static?
arch/arm/mach-rockchip/platsmp.c:67:43: warning: Using plain integer as NULL pointer
arch/arm/mach-rockchip/platsmp.c:58:22: warning: symbol 'rockchip_get_core_reset' was not declared. Should it be static?
arch/arm/mach-rockchip/platsmp.c:195:16: warning: incorrect type in argument 1 (different address spaces)
arch/arm/mach-rockchip/platsmp.c:195:16:    expected void *<noident>
arch/arm/mach-rockchip/platsmp.c:195:16:    got void [noderef] <asn:2>*static [toplevel] sram_base_addr
arch/arm/mach-shmobile/setup-sh73a0.c:765:20: warning: symbol 'sh73a0_register_twd' was not declared. Should it be static?
arch/arm/mach-shmobile/pm-sh73a0.c:29:13: warning: symbol 'sh73a0_pm_init' was not declared. Should it be static?
arch/arm/mach-imx/cpuidle-imx5.c:33:12: warning: symbol 'imx5_cpuidle_init' was not declared. Should it be static?
arch/arm/mach-prima2/rtciobrg.c:27:14: warning: symbol 'sirfsoc_rtciobrg_base' was not declared. Should it be static?
arch/arm/mach-prima2/rtciobrg.c:34:6: warning: symbol 'sirfsoc_rtc_iobrg_wait_sync' was not declared. Should it be static?
arch/arm/mach-prima2/rtciobrg.c:40:6: warning: symbol 'sirfsoc_rtc_iobrg_besyncing' was not declared. Should it be static?
arch/arm/mach-prima2/rtciobrg.c:52:5: warning: symbol '__sirfsoc_rtc_iobrg_readl' was not declared. Should it be static?
arch/arm/mach-prima2/rtciobrg.c:65:5: warning: symbol 'sirfsoc_rtc_iobrg_readl' was not declared. Should it be static?
arch/arm/mach-prima2/rtciobrg.c:79:6: warning: symbol 'sirfsoc_rtc_iobrg_pre_writel' was not declared. Should it be static?
arch/arm/mach-prima2/rtciobrg.c:89:6: warning: symbol 'sirfsoc_rtc_iobrg_writel' was not declared. Should it be static?
arch/arm/mach-prima2/pm.c:28:5: warning: symbol 'sirfsoc_pwrc_base' was not declared. Should it be static?
arch/arm/mach-prima2/pm.c:29:14: warning: symbol 'sirfsoc_memc_base' was not declared. Should it be static?
arch/arm/mach-prima2/pm.c:147:12: warning: symbol 'sirfsoc_pm_init' was not declared. Should it be static?
arch/arm/mach-shmobile/pm-r8a7740.c:126:13: warning: symbol 'r8a7740_pm_init' was not declared. Should it be static?
arch/arm/mach-imx/mmdc.c:66:5: warning: symbol 'imx_mmdc_get_ddr_type' was not declared. Should it be static?
arch/arm/mach-imx/platsmp.c:26:5: warning: symbol 'g_diag_reg' was not declared. Should it be static?
arch/arm/mach-prima2/hotplug.c:35:12: warning: symbol 'sirfsoc_cpu_die' was not declared. Should it be static?
arch/arm/mach-tegra/irq.c:39:6: warning: symbol 'tegra_pending_sgi' was not declared. Should it be static?
arch/arm/mach-tegra/pm.c:124:27: warning: incorrect type in initializer (different address spaces)
arch/arm/mach-tegra/pm.c:124:27:    expected unsigned int [usertype] *cpu_in_lp2
arch/arm/mach-tegra/pm.c:124:27:    got void [noderef] <asn:2>*
arch/arm/mach-tegra/pm.c:138:35: warning: incorrect type in initializer (different address spaces)
arch/arm/mach-tegra/pm.c:138:35:    expected struct cpumask [usertype] *cpu_lp2_mask
arch/arm/mach-tegra/pm.c:138:35:    got void [noderef] <asn:2>*
arch/arm/mach-tegra/pm.c:139:27: warning: incorrect type in initializer (different address spaces)
arch/arm/mach-tegra/pm.c:139:27:    expected unsigned int [usertype] *cpu_in_lp2
arch/arm/mach-tegra/pm.c:139:27:    got void [noderef] <asn:2>*
arch/arm/mach-tegra/pm.c:155:5: warning: symbol 'tegra_cpu_do_idle' was not declared. Should it be static?
arch/arm/mach-tegra/pm.c:293:32: warning: incorrect type in argument 2 (different address spaces)
arch/arm/mach-tegra/pm.c:293:32:    expected void const *<noident>
arch/arm/mach-tegra/pm.c:293:32:    got void [noderef] <asn:2>*
arch/arm/mach-tegra/pm.c:295:16: warning: incorrect type in argument 1 (different address spaces)
arch/arm/mach-tegra/pm.c:295:16:    expected void *<noident>
arch/arm/mach-tegra/pm.c:295:16:    got void [noderef] <asn:2>*
arch/arm/mach-tegra/pm.c:298:12: warning: cast removes address space of expression
arch/arm/mach-tegra/pm.c:304:16: warning: incorrect type in argument 1 (different address spaces)
arch/arm/mach-tegra/pm.c:304:16:    expected void *<noident>
arch/arm/mach-tegra/pm.c:304:16:    got void [noderef] <asn:2>*
arch/arm/mach-tegra/pm.c:307:11: warning: cast removes address space of expression
arch/arm/mach-imx/pm-imx6.c:478:17: warning: incorrect type in assignment (different address spaces)
arch/arm/mach-imx/pm-imx6.c:478:17:    expected struct imx6_cpu_pm_info *pm_info
arch/arm/mach-imx/pm-imx6.c:478:17:    got void [noderef] <asn:2>*static [toplevel] [assigned] suspend_ocram_base
arch/arm/mach-imx/pm-imx6.c:533:36: warning: incorrect type in argument 1 (different address spaces)
arch/arm/mach-imx/pm-imx6.c:533:36:    expected void *<noident>
arch/arm/mach-imx/pm-imx6.c:533:36:    got void [noderef] <asn:2>*
arch/arm/mach-imx/pm-imx6.c:541:18: warning: incorrect type in argument 1 (different address spaces)
arch/arm/mach-imx/pm-imx6.c:541:18:    expected void volatile [noderef] <asn:2>*addr
arch/arm/mach-imx/pm-imx6.c:541:18:    got void [noderef] <asn:2>**<noident>
arch/arm/mach-imx/pm-imx6.c:543:18: warning: incorrect type in argument 1 (different address spaces)
arch/arm/mach-imx/pm-imx6.c:543:18:    expected void volatile [noderef] <asn:2>*addr
arch/arm/mach-imx/pm-imx6.c:543:18:    got void [noderef] <asn:2>**<noident>
arch/arm/mach-imx/pm-imx6.c:545:18: warning: incorrect type in argument 1 (different address spaces)
arch/arm/mach-imx/pm-imx6.c:545:18:    expected void volatile [noderef] <asn:2>*addr
arch/arm/mach-imx/pm-imx6.c:545:18:    got void [noderef] <asn:2>**<noident>
arch/arm/mach-imx/pm-imx6.c:547:18: warning: incorrect type in argument 1 (different address spaces)
arch/arm/mach-imx/pm-imx6.c:547:18:    expected void volatile [noderef] <asn:2>*addr
arch/arm/mach-imx/pm-imx6.c:547:18:    got void [noderef] <asn:2>**<noident>
arch/arm/mach-tegra/reset.c:71:9: error: subtraction of functions? Share your drugs
arch/arm/mach-tegra/reset.c:74:25: error: subtraction of functions? Share your drugs
arch/arm/mach-shmobile/setup-rcar-gen2.c:187:12: warning: symbol 'rcar_gen2_dma_contiguous' was not declared. Should it be static?
arch/arm/mach-shmobile/platsmp-apmu.c:173:6: warning: symbol 'shmobile_smp_apmu_cpu_shutdown' was not declared. Should it be static?
arch/arm/mach-ux500/cpu-db8500.c:131:31: warning: incorrect type in argument 1 (different address spaces)
arch/arm/mach-ux500/cpu-db8500.c:131:31:    expected void const *<noident>
arch/arm/mach-ux500/cpu-db8500.c:131:31:    got void [noderef] <asn:2>*uid
arch/arm/mach-ux500/cpu-db8500.c:133:26: warning: cast removes address space of expression
arch/arm/mach-ux500/cpu-db8500.c:133:26: warning: incorrect type in argument 1 (different address spaces)
arch/arm/mach-ux500/cpu-db8500.c:133:26:    expected void const volatile [noderef] <asn:2>*addr
arch/arm/mach-ux500/cpu-db8500.c:133:26:    got unsigned int [usertype] *
arch/arm/mach-ux500/cpu-db8500.c:134:26: warning: cast removes address space of expression
arch/arm/mach-ux500/cpu-db8500.c:134:26: warning: incorrect type in argument 1 (different address spaces)
arch/arm/mach-ux500/cpu-db8500.c:134:26:    expected void const volatile [noderef] <asn:2>*addr
arch/arm/mach-ux500/cpu-db8500.c:134:26:    got unsigned int [usertype] *
arch/arm/mach-ux500/cpu-db8500.c:134:47: warning: cast removes address space of expression
arch/arm/mach-ux500/cpu-db8500.c:134:47: warning: incorrect type in argument 1 (different address spaces)
arch/arm/mach-ux500/cpu-db8500.c:134:47:    expected void const volatile [noderef] <asn:2>*addr
arch/arm/mach-ux500/cpu-db8500.c:134:47:    got unsigned int [usertype] *
arch/arm/mach-ux500/cpu-db8500.c:135:26: warning: cast removes address space of expression
arch/arm/mach-ux500/cpu-db8500.c:135:26: warning: incorrect type in argument 1 (different address spaces)
arch/arm/mach-ux500/cpu-db8500.c:135:26:    expected void const volatile [noderef] <asn:2>*addr
arch/arm/mach-ux500/cpu-db8500.c:135:26:    got unsigned int [usertype] *
arch/arm/mach-ux500/cpu-db8500.c:135:47: warning: cast removes address space of expression
arch/arm/mach-ux500/cpu-db8500.c:135:47: warning: incorrect type in argument 1 (different address spaces)
arch/arm/mach-ux500/cpu-db8500.c:135:47:    expected void const volatile [noderef] <asn:2>*addr
arch/arm/mach-ux500/cpu-db8500.c:135:47:    got unsigned int [usertype] *
arch/arm/mach-tegra/tegra.c:65:5: warning: symbol 'tegra_uart_config' was not declared. Should it be static?
arch/arm/mach-vexpress/hotplug.c:88:12: warning: symbol 'vexpress_cpu_die' was not declared. Should it be static?
arch/arm/mach-shmobile/suspend.c:37:29: warning: symbol 'shmobile_suspend_ops' was not declared. Should it be static?
arch/arm/mach-shmobile/suspend.c:44:12: warning: symbol 'shmobile_suspend_init' was not declared. Should it be static?
arch/arm/mach-shmobile/cpufreq.c:13:12: warning: symbol 'shmobile_cpufreq_init' was not declared. Should it be static?
arch/arm/mach-omap2/omap4-restart.c:22:6: warning: symbol 'omap44xx_restart' was not declared. Should it be static?
arch/arm/mach-tegra/cpuidle.c:51:6: warning: symbol 'tegra_cpuidle_pcie_irqs_in_use' was not declared. Should it be static?
arch/arm/mach-omap2/omap3-restart.c:30:6: warning: symbol 'omap3xxx_restart' was not declared. Should it be static?
arch/arm/mach-tegra/cpuidle-tegra20.c:217:6: warning: symbol 'tegra20_cpuidle_pcie_irqs_in_use' was not declared. Should it be static?
arch/arm/mach-tegra/cpuidle-tegra20.c:224:12: warning: symbol 'tegra20_cpuidle_init' was not declared. Should it be static?
arch/arm/mach-imx/devices/devices.c:25:15: warning: symbol 'mxc_aips_bus' was not declared. Should it be static?
arch/arm/mach-imx/devices/devices.c:29:15: warning: symbol 'mxc_ahb_bus' was not declared. Should it be static?
arch/arm/mach-imx/devices/devices.c:33:12: warning: symbol 'mxc_device_init' was not declared. Should it be static?
arch/arm/mach-shmobile/smp-emev2.c:52:23: warning: symbol 'emev2_smp_ops' was not declared. Should it be static?
arch/arm/mach-tegra/cpuidle-tegra30.c:145:12: warning: symbol 'tegra30_cpuidle_init' was not declared. Should it be static?
arch/arm/mach-imx/devices/platform-gpio-mxc.c:11:24: warning: symbol 'mxc_register_gpio' was not declared. Should it be static?
arch/arm/plat-omap/sram.c:60:17: warning: cast removes address space of expression
arch/arm/mach-tegra/hotplug.c:24:5: warning: symbol 'tegra_cpu_kill' was not declared. Should it be static?
arch/arm/mach-tegra/hotplug.c:40:12: warning: symbol 'tegra_cpu_die' was not declared. Should it be static?
arch/arm/mach-omap2/omap-mpuss-lowpower.c:108:19: warning: symbol 'omap_pm_ops' was not declared. Should it be static?
arch/arm/mach-tegra/cpuidle-tegra114.c:85:12: warning: symbol 'tegra114_cpuidle_init' was not declared. Should it be static?
arch/arm/plat-samsung/cpu.c:47:13: warning: symbol 's5p_init_cpu' was not declared. Should it be static?
arch/arm/plat-samsung/s5p-dev-mfc.c:63:12: warning: symbol 's5p_fdt_alloc_mfc_mem' was not declared. Should it be static?
arch/arm/mach-spear/hotplug.c:83:12: warning: symbol 'spear13xx_cpu_die' was not declared. Should it be static?
arch/arm/plat-versatile/platsmp.c:35:6: warning: symbol 'versatile_secondary_init' was not declared. Should it be static?
arch/arm/plat-versatile/platsmp.c:50:5: warning: symbol 'versatile_boot_secondary' was not declared. Should it be static?
kernel/fork.c:96:5: warning: symbol 'max_threads' was not declared. Should it be static?
kernel/fork.c:121:13: warning: symbol 'arch_release_task_struct' was not declared. Should it be static?
kernel/fork.c:139:13: warning: symbol 'arch_release_thread_info' was not declared. Should it be static?
kernel/fork.c:254:20: warning: symbol 'arch_task_cache_init' was not declared. Should it be static?
kernel/fork.c:256:13: warning: symbol 'fork_init' was not declared. Should it be static?
kernel/fork.c:290:12: warning: symbol 'arch_dup_task_struct' was not declared. Should it be static?
kernel/fork.c:1187:41: warning: implicit cast to nocast type
kernel/fork.c:1188:41: warning: implicit cast to nocast type
kernel/fork.c:1315:42: warning: implicit cast to nocast type
kernel/fork.c:1316:43: warning: implicit cast to nocast type
kernel/fork.c:1318:57: warning: implicit cast to nocast type
mm/filemap.c:2088:35: warning: symbol 'generic_file_vm_ops' was not declared. Should it be static?
fs/open.c:887:18: warning: restricted fmode_t degrades to integer
include/linux/rcupdate.h:968:9: warning: context imbalance in 'find_lock_task_mm' - wrong count at exit
mm/oom_kill.c:164:28: warning: context imbalance in 'oom_badness' - unexpected unlock
mm/oom_kill.c:356:9: warning: context imbalance in 'dump_tasks' - different lock contexts for basic block
include/linux/rcupdate.h:968:9: warning: context imbalance in 'oom_kill_process' - unexpected unlock
kernel/panic.c:57:13: warning: symbol 'panic_smp_self_stop' was not declared. Should it be static?
kernel/panic.c:71:6: error: symbol 'panic' redeclared with different type (originally declared at include/linux/kernel.h:255) - different modifiers
fs/read_write.c:41:29: warning: incorrect type in return expression (different base types)
fs/read_write.c:41:29:    expected int
fs/read_write.c:41:29:    got restricted fmode_t
fs/read_write.c:41:29: warning: incorrect type in return expression (different base types)
fs/read_write.c:41:29:    expected int
fs/read_write.c:41:29:    got restricted fmode_t
fs/read_write.c:41:29: warning: incorrect type in return expression (different base types)
fs/read_write.c:41:29:    expected int
fs/read_write.c:41:29:    got restricted fmode_t
fs/read_write.c:41:29: warning: incorrect type in return expression (different base types)
fs/read_write.c:41:29:    expected int
fs/read_write.c:41:29:    got restricted fmode_t
mm/page_alloc.c:5591:1: error: directive in argument list
mm/page_alloc.c:5593:1: error: directive in argument list
mm/page_alloc.c:5600:1: error: directive in argument list
mm/page_alloc.c:5602:1: error: directive in argument list
kernel/cpu.c:284:9: warning: context imbalance in 'clear_tasks_mm_cpumask' - different lock contexts for basic block
kernel/exit.c:126:28: warning: incorrect type in argument 2 (different modifiers)
kernel/exit.c:126:28:    expected unsigned long [nocast] [usertype] *utime
kernel/exit.c:126:28:    got unsigned long *<noident>
kernel/exit.c:126:28: warning: implicit cast to nocast type
kernel/exit.c:126:36: warning: incorrect type in argument 3 (different modifiers)
kernel/exit.c:126:36:    expected unsigned long [nocast] [usertype] *stime
kernel/exit.c:126:36:    got unsigned long *<noident>
kernel/exit.c:126:36: warning: implicit cast to nocast type
kernel/exit.c:653:6: error: symbol 'do_exit' redeclared with different type (originally declared at include/linux/kernel.h:261) - different modifiers
kernel/exit.c:834:6: error: symbol 'complete_and_exit' redeclared with different type (originally declared at include/linux/kernel.h:263) - different modifiers
mm/swap.c:426:55: warning: context imbalance in 'pagevec_lru_move_fn' - unexpected unlock
mm/swap.c:948:55: warning: context imbalance in 'release_pages' - unexpected unlock
kernel/softirq.c:748:36: warning: incorrect type in initializer (different address spaces)
kernel/softirq.c:748:36:    expected struct task_struct [noderef] <asn:3>**store
kernel/softirq.c:748:36:    got struct task_struct *[noderef] [toplevel] <asn:3>*<noident>
fs/exec.c:415:31: warning: incorrect type in return expression (different address spaces)
fs/exec.c:415:31:    expected char const [noderef] <asn:1>*
fs/exec.c:415:31:    got void *
mm/vmscan.c:3851:48: warning: context imbalance in 'check_move_unevictable_pages' - unexpected unlock
include/linux/rcupdate.h:968:9: warning: context imbalance in 'unlazy_walk' - unexpected unlock
include/linux/rcupdate.h:968:9: warning: context imbalance in 'complete_walk' - unexpected unlock
include/linux/rcupdate.h:968:9: warning: context imbalance in 'follow_dotdot_rcu' - unexpected unlock
include/linux/rcupdate.h:968:9: warning: context imbalance in 'terminate_walk' - unexpected unlock
fs/namei.c:1847:12: warning: context imbalance in 'path_init' - different lock contexts for basic block
arch/arm/mach-omap2/omap_hwmod_81xx_data.c:489:26: warning: symbol 'dm81xx_alwon_l3_slow__gpmc' was not declared. Should it be static?
arch/arm/mach-omap2/omap_hwmod_81xx_data.c:730:19: warning: symbol 'dm816x_emac0_mdio_hwmod' was not declared. Should it be static?
arch/arm/mach-omap2/omap_hwmod_81xx_data.c:748:26: warning: symbol 'dm816x_emac0__mdio' was not declared. Should it be static?
arch/arm/mach-omap2/omap_hwmod_81xx_data.c:903:19: warning: symbol 'dm816x_tpcc_hwmod' was not declared. Should it be static?
arch/arm/mach-omap2/omap_hwmod_81xx_data.c:916:26: warning: symbol 'dm816x_alwon_l3_fast__tpcc' was not declared. Should it be static?
arch/arm/mach-omap2/omap_hwmod_81xx_data.c:936:19: warning: symbol 'dm816x_tptc0_hwmod' was not declared. Should it be static?
arch/arm/mach-omap2/omap_hwmod_81xx_data.c:949:26: warning: symbol 'dm816x_alwon_l3_fast__tptc0' was not declared. Should it be static?
arch/arm/mach-omap2/omap_hwmod_81xx_data.c:957:26: warning: symbol 'dm816x_tptc0__alwon_l3_fast' was not declared. Should it be static?
arch/arm/mach-omap2/omap_hwmod_81xx_data.c:978:19: warning: symbol 'dm816x_tptc1_hwmod' was not declared. Should it be static?
arch/arm/mach-omap2/omap_hwmod_81xx_data.c:991:26: warning: symbol 'dm816x_alwon_l3_fast__tptc1' was not declared. Should it be static?
arch/arm/mach-omap2/omap_hwmod_81xx_data.c:999:26: warning: symbol 'dm816x_tptc1__alwon_l3_fast' was not declared. Should it be static?
arch/arm/mach-omap2/omap_hwmod_81xx_data.c:1020:19: warning: symbol 'dm816x_tptc2_hwmod' was not declared. Should it be static?
arch/arm/mach-omap2/omap_hwmod_81xx_data.c:1033:26: warning: symbol 'dm816x_alwon_l3_fast__tptc2' was not declared. Should it be static?
arch/arm/mach-omap2/omap_hwmod_81xx_data.c:1041:26: warning: symbol 'dm816x_tptc2__alwon_l3_fast' was not declared. Should it be static?
arch/arm/mach-omap2/omap_hwmod_81xx_data.c:1062:19: warning: symbol 'dm816x_tptc3_hwmod' was not declared. Should it be static?
arch/arm/mach-omap2/omap_hwmod_81xx_data.c:1075:26: warning: symbol 'dm816x_alwon_l3_fast__tptc3' was not declared. Should it be static?
arch/arm/mach-omap2/omap_hwmod_81xx_data.c:1083:26: warning: symbol 'dm816x_tptc3__alwon_l3_fast' was not declared. Should it be static?
arch/arm/mach-omap2/omap_hwmod_43xx_data.c:468:32: warning: symbol 'am43xx_dss_dispc_dev_attr' was not declared. Should it be static?
kernel/ptrace.c:749:9: warning: context imbalance in 'ptrace_resume' - different lock contexts for basic block
kernel/ptrace.c:1010:9: warning: context imbalance in 'ptrace_request' - different lock contexts for basic block
kernel/user.c:77:19: warning: symbol 'uidhash_table' was not declared. Should it be static?
mm/mm_init.c:153:5: warning: symbol 'vm_committed_as_batch' was not declared. Should it be static?
kernel/signal.c:1667:28: warning: incorrect type in argument 2 (different modifiers)
kernel/signal.c:1667:28:    expected unsigned long [nocast] [usertype] *utime
kernel/signal.c:1667:28:    got unsigned long *<noident>
kernel/signal.c:1667:28: warning: implicit cast to nocast type
kernel/signal.c:1667:36: warning: incorrect type in argument 3 (different modifiers)
kernel/signal.c:1667:36:    expected unsigned long [nocast] [usertype] *stime
kernel/signal.c:1667:36:    got unsigned long *<noident>
kernel/signal.c:1667:36: warning: implicit cast to nocast type
kernel/signal.c:1752:28: warning: incorrect type in argument 2 (different modifiers)
kernel/signal.c:1752:28:    expected unsigned long [nocast] [usertype] *utime
kernel/signal.c:1752:28:    got unsigned long *<noident>
kernel/signal.c:1752:28: warning: implicit cast to nocast type
kernel/signal.c:1752:36: warning: incorrect type in argument 3 (different modifiers)
kernel/signal.c:1752:36:    expected unsigned long [nocast] [usertype] *stime
kernel/signal.c:1752:36:    got unsigned long *<noident>
kernel/signal.c:1752:36: warning: implicit cast to nocast type
kernel/signal.c:1260:23: warning: context imbalance in '__lock_task_sighand' - different lock contexts for basic block
kernel/signal.c:1997:13: warning: context imbalance in 'do_signal_stop' - different lock contexts for basic block
kernel/signal.c:2246:25: warning: context imbalance in 'get_signal' - unexpected unlock
fs/dcache.c:313:9: warning: context imbalance in 'dentry_iput' - different lock contexts for basic block
fs/dcache.c:508:28: warning: context imbalance in '__dentry_kill' - unexpected unlock
fs/dcache.c:535:22: warning: context imbalance in 'dentry_kill' - wrong count at exit
fs/dcache.c:759:9: warning: context imbalance in 'dput' - unexpected unlock
fs/dcache.c:886:18: warning: context imbalance in 'd_prune_aliases' - different lock contexts for basic block
fs/dcache.c:929:44: warning: context imbalance in 'shrink_dentry_list' - unexpected unlock
fs/dcache.c:1066:24: warning: context imbalance in 'dentry_lru_isolate_shrink' - different lock contexts for basic block
fs/dcache.c:1226:22: warning: context imbalance in 'd_walk' - different lock contexts for basic block
fs/dcache.c:1751:31: warning: context imbalance in 'd_instantiate' - different lock contexts for basic block
fs/dcache.c:1818:9: warning: context imbalance in 'd_instantiate_unique' - different lock contexts for basic block
fs/dcache.c:2519:9: warning: context imbalance in 'dentry_lock_for_move' - wrong count at exit
fs/dcache.c:2531:28: warning: context imbalance in 'dentry_unlock_for_move' - unexpected unlock
fs/dcache.c:2710:20: warning: context imbalance in '__d_unalias' - unexpected unlock
fs/dcache.c:2781:25: warning: context imbalance in 'd_splice_alias' - different lock contexts for basic block
fs/dcache.c:2944:9: warning: context imbalance in 'prepend_path' - wrong count at exit
include/linux/err.h:23:20: warning: context imbalance in '__dentry_path' - different lock contexts for basic block
kernel/sys.c:886:49: warning: incorrect type in argument 2 (different modifiers)
kernel/sys.c:886:49:    expected unsigned long [nocast] [usertype] *ut
kernel/sys.c:886:49:    got unsigned long *<noident>
kernel/sys.c:886:49: warning: implicit cast to nocast type
kernel/sys.c:886:59: warning: incorrect type in argument 3 (different modifiers)
kernel/sys.c:886:59:    expected unsigned long [nocast] [usertype] *st
kernel/sys.c:886:59:    got unsigned long *<noident>
kernel/sys.c:886:59: warning: implicit cast to nocast type
kernel/sys.c:1550:25: warning: implicit cast to nocast type
kernel/sys.c:1553:49: warning: incorrect type in argument 2 (different modifiers)
kernel/sys.c:1553:49:    expected unsigned long [nocast] [usertype] *ut
kernel/sys.c:1553:49:    got unsigned long *<noident>
kernel/sys.c:1553:49: warning: implicit cast to nocast type
kernel/sys.c:1553:57: warning: incorrect type in argument 3 (different modifiers)
kernel/sys.c:1553:57:    expected unsigned long [nocast] [usertype] *st
kernel/sys.c:1553:57:    got unsigned long *<noident>
kernel/sys.c:1553:57: warning: implicit cast to nocast type
kernel/sys.c:1579:51: warning: incorrect type in argument 2 (different modifiers)
kernel/sys.c:1579:51:    expected unsigned long [nocast] [usertype] *ut
kernel/sys.c:1579:51:    got unsigned long *<noident>
kernel/sys.c:1579:51: warning: implicit cast to nocast type
kernel/sys.c:1579:61: warning: incorrect type in argument 3 (different modifiers)
kernel/sys.c:1579:61:    expected unsigned long [nocast] [usertype] *st
kernel/sys.c:1579:61:    got unsigned long *<noident>
kernel/sys.c:1579:61: warning: implicit cast to nocast type
arch/arm/mach-omap2/pdata-quirks.c:35:23: warning: symbol 'omap_auxdata_lookup' was not declared. Should it be static?
arch/arm/mach-omap2/pdata-quirks.c:140:24: warning: symbol 'wilink_pdata' was not declared. Should it be static?
mm/percpu.c:1943:12: warning: symbol 'pcpu_embed_first_chunk' was not declared. Should it be static?
mm/compaction.c:1490:37: warning: incorrect type in initializer (different base types)
mm/compaction.c:1490:37:    expected int [signed] may_enter_fs
mm/compaction.c:1490:37:    got restricted gfp_t
mm/compaction.c:1491:39: warning: incorrect type in initializer (different base types)
mm/compaction.c:1491:39:    expected int [signed] may_perform_io
mm/compaction.c:1491:39:    got restricted gfp_t
mm/compaction.c:316:13: warning: context imbalance in 'compact_trylock_irqsave' - wrong count at exit
include/linux/spinlock.h:372:9: warning: context imbalance in 'compact_unlock_should_abort' - unexpected unlock
mm/compaction.c:530:39: warning: context imbalance in 'isolate_freepages_block' - unexpected unlock
mm/compaction.c:828:39: warning: context imbalance in 'isolate_migratepages_block' - unexpected unlock
fs/inode.c:710:17: warning: context imbalance in 'inode_lru_isolate' - unexpected unlock
fs/inode.c:766:9: warning: context imbalance in 'find_inode' - different lock contexts for basic block
fs/inode.c:793:9: warning: context imbalance in 'find_inode_fast' - different lock contexts for basic block
fs/inode.c:1323:5: warning: context imbalance in 'insert_inode_locked' - wrong count at exit
fs/inode.c:1365:5: warning: context imbalance in 'insert_inode_locked4' - wrong count at exit
fs/inode.c:1457:20: warning: context imbalance in 'iput_final' - unexpected unlock
fs/inode.c:1471:6: warning: context imbalance in 'iput' - wrong count at exit
fs/inode.c:1772:13: warning: context imbalance in '__wait_on_freeing_inode' - unexpected unlock
kernel/workqueue.c:4448:61: warning: expression using sizeof bool
include/linux/spinlock_api_smp.h:153:27: warning: context imbalance in 'shadow_lru_isolate' - unexpected unlock
fs/file.c:27:5: warning: symbol 'sysctl_nr_open_min' was not declared. Should it be static?
fs/file.c:30:5: warning: symbol 'sysctl_nr_open_max' was not declared. Should it be static?
fs/file.c:430:21: warning: symbol 'init_files' was not declared. Should it be static?
kernel/pid.c:48:5: warning: symbol 'pid_max' was not declared. Should it be static?
kernel/pid.c:52:5: warning: symbol 'pid_max_min' was not declared. Should it be static?
kernel/pid.c:53:5: warning: symbol 'pid_max_max' was not declared. Should it be static?
mm/gup.c:555:53: warning: implicit cast to nocast type
ipc/util.c:152:29: warning: context imbalance in 'ipc_findkey' - wrong count at exit
ipc/util.c:220:5: warning: context imbalance in 'ipc_addid' - different lock contexts for basic block
include/linux/spinlock_api_smp.h:153:27: warning: context imbalance in 'ipcget_public' - unexpected unlock
ipc/util.c:582:22: warning: context imbalance in 'ipc_lock' - different lock contexts for basic block
ipc/util.c:746:29: warning: context imbalance in 'sysvipc_find_ipc' - different lock contexts for basic block
include/linux/spinlock_api_smp.h:153:27: warning: context imbalance in 'sysvipc_proc_next' - unexpected unlock
include/linux/spinlock_api_smp.h:153:27: warning: context imbalance in 'sysvipc_proc_stop' - unexpected unlock
fs/namespace.c:1572:22: warning: symbol 'to_mnt_ns' was not declared. Should it be static?
mm/highmem.c:101:16: warning: Initializer entry defined twice
mm/highmem.c:101:16:   also defined here
kernel/extable.c:40:26: warning: symbol 'main_extable_sort_needed' was not declared. Should it be static?
mm/memory.c:118:15: warning: symbol 'zero_pfn' was not declared. Should it be static?
ipc/msgutil.c:57:16: error: incompatible types in comparison expression (different type sizes)
ipc/msgutil.c:69:24: error: incompatible types in comparison expression (different type sizes)
ipc/msgutil.c:97:16: error: incompatible types in comparison expression (different type sizes)
ipc/msgutil.c:104:24: error: incompatible types in comparison expression (different type sizes)
ipc/msgutil.c:158:16: error: incompatible types in comparison expression (different type sizes)
ipc/msgutil.c:165:24: error: incompatible types in comparison expression (different type sizes)
mm/memory.c:904:17: warning: context imbalance in 'copy_pte_range' - different lock contexts for basic block
mm/memory.c:1428:32: warning: context imbalance in '__get_locked_pte' - different lock contexts for basic block
mm/memory.c:1631:17: warning: context imbalance in 'remap_pte_range' - different lock contexts for basic block
mm/memory.c:1829:17: warning: context imbalance in 'apply_to_pte_range' - unexpected unlock
mm/memory.c:3439:12: warning: context imbalance in '__follow_pte' - different lock contexts for basic block
mm/mlock.c:584:37: warning: implicit cast to nocast type
mm/mlock.c:673:37: warning: implicit cast to nocast type
include/linux/mm.h:1320:21: warning: context imbalance in '__munlock_pagevec_fill' - different lock contexts for basic block
ipc/msg.c:147:9: warning: context imbalance in 'newque' - unexpected unlock
ipc/msg.c:212:13: warning: context imbalance in 'freeque' - unexpected unlock
ipc/msg.c:408:9: warning: context imbalance in 'msgctl_down' - different lock contexts for basic block
fs/libfs.c:846:16: error: incompatible types in comparison expression (different type sizes)
ipc/sem.c:537:9: warning: context imbalance in 'newary' - unexpected unlock
ipc/sem.c:1120:17: warning: context imbalance in 'freeary' - unexpected unlock
ipc/sem.c:1573:9: warning: context imbalance in 'semctl_down' - different lock contexts for basic block
ipc/sem.c:1678:24: warning: context imbalance in 'find_alloc_undo' - wrong count at exit
include/linux/rcupdate.h:968:9: warning: context imbalance in 'SyS_semtimedop' - unexpected unlock
mm/mmap.c:1332:47: warning: implicit cast to nocast type
mm/mmap.c:1334:45: warning: implicit cast to nocast type
mm/mmap.c:1343:45: warning: implicit cast to nocast type
mm/mmap.c:1364:47: warning: implicit cast to nocast type
mm/mmap.c:1384:37: warning: implicit cast to nocast type
mm/mmap.c:1388:37: warning: implicit cast to nocast type
mm/mmap.c:1432:33: warning: implicit cast to nocast type
mm/mmap.c:1568:29: warning: implicit cast to nocast type
mm/mmap.c:844:9: warning: context imbalance in 'vma_adjust' - different lock contexts for basic block
fs/fs-writeback.c:1136:9: warning: context imbalance in 'block_dump___mark_inode_dirty' - different lock contexts for basic block
mm/mprotect.c:39:14: warning: context imbalance in 'lock_pte_protection' - different lock contexts for basic block
mm/mprotect.c:129:9: warning: context imbalance in 'change_pte_range' - unexpected unlock
kernel/smpboot.c:170:36: warning: incorrect type in initializer (different address spaces)
kernel/smpboot.c:170:36:    expected void const [noderef] <asn:3>*__vpp_verify
kernel/smpboot.c:170:36:    got struct task_struct [noderef] <asn:3>**<noident>
kernel/smpboot.c:170:35: warning: incorrect type in initializer (different address spaces)
kernel/smpboot.c:170:35:    expected struct task_struct *tsk
kernel/smpboot.c:170:35:    got struct task_struct [noderef] <asn:3>*<noident>
kernel/smpboot.c:189:10: warning: incorrect type in initializer (different address spaces)
kernel/smpboot.c:189:10:    expected void const [noderef] <asn:3>*__vpp_verify
kernel/smpboot.c:189:10:    got struct task_struct [noderef] <asn:3>**<noident>
kernel/smpboot.c:189:38: warning: incorrect type in assignment (different address spaces)
kernel/smpboot.c:189:38:    expected struct task_struct [noderef] <asn:3>*<noident>
kernel/smpboot.c:189:38:    got struct task_struct *[assigned] tsk
kernel/smpboot.c:222:36: warning: incorrect type in initializer (different address spaces)
kernel/smpboot.c:222:36:    expected void const [noderef] <asn:3>*__vpp_verify
kernel/smpboot.c:222:36:    got struct task_struct [noderef] <asn:3>**<noident>
kernel/smpboot.c:222:35: warning: incorrect type in initializer (different address spaces)
kernel/smpboot.c:222:35:    expected struct task_struct *tsk
kernel/smpboot.c:222:35:    got struct task_struct [noderef] <asn:3>*<noident>
kernel/smpboot.c:241:36: warning: incorrect type in initializer (different address spaces)
kernel/smpboot.c:241:36:    expected void const [noderef] <asn:3>*__vpp_verify
kernel/smpboot.c:241:36:    got struct task_struct [noderef] <asn:3>**<noident>
kernel/smpboot.c:241:35: warning: incorrect type in initializer (different address spaces)
kernel/smpboot.c:241:35:    expected struct task_struct *tsk
kernel/smpboot.c:241:35:    got struct task_struct [noderef] <asn:3>*<noident>
kernel/smpboot.c:263:44: warning: incorrect type in initializer (different address spaces)
kernel/smpboot.c:263:44:    expected void const [noderef] <asn:3>*__vpp_verify
kernel/smpboot.c:263:44:    got struct task_struct [noderef] <asn:3>**<noident>
kernel/smpboot.c:263:43: warning: incorrect type in initializer (different address spaces)
kernel/smpboot.c:263:43:    expected struct task_struct *tsk
kernel/smpboot.c:263:43:    got struct task_struct [noderef] <asn:3>*<noident>
kernel/smpboot.c:268:26: warning: incorrect type in initializer (different address spaces)
kernel/smpboot.c:268:26:    expected void const [noderef] <asn:3>*__vpp_verify
kernel/smpboot.c:268:26:    got struct task_struct [noderef] <asn:3>**<noident>
ipc/shm.c:494:31: warning: implicit cast to nocast type
ipc/shm.c:535:36: warning: implicit cast to nocast type
ipc/shm.c:546:36: warning: implicit cast to nocast type
ipc/shm.c:95:17: warning: context imbalance in 'do_shm_rmid' - unexpected unlock
ipc/shm.c:195:9: warning: context imbalance in 'shm_open' - unexpected unlock
ipc/shm.c:210:13: warning: context imbalance in 'shm_destroy' - unexpected unlock
include/linux/spinlock_api_smp.h:153:27: warning: context imbalance in 'shm_close' - unexpected unlock
ipc/shm.c:273:12: warning: context imbalance in 'shm_try_destroy_orphaned' - different lock contexts for basic block
ipc/shm.c:336:9: warning: context imbalance in 'exit_shm' - different lock contexts for basic block
./arch/arm/include/asm/thread_info.h:100:9: warning: context imbalance in 'newseg' - unexpected unlock
ipc/shm.c:828:9: warning: context imbalance in 'shmctl_down' - different lock contexts for basic block
include/linux/spinlock_api_smp.h:153:27: warning: context imbalance in 'do_shmat' - unexpected unlock
mm/mremap.c:152:9: warning: context imbalance in 'move_ptes' - different lock contexts for basic block
kernel/bpf/core.c:430:43: error: arithmetics on pointers to functions
kernel/events/core.c:320:26: warning: function 'perf_pmu_name' with external linkage has definition
kernel/events/core.c:194:6: warning: symbol 'update_perf_cpu_limits' was not declared. Should it be static?
kernel/events/core.c:709:1: warning: symbol 'perf_cgroup_switch' was not declared. Should it be static?
kernel/events/core.c:781:26: warning: incorrect type in initializer (different address spaces)
kernel/events/core.c:781:26:    expected void const [noderef] <asn:3>*__vpp_verify
kernel/events/core.c:781:26:    got struct perf_cpu_context *<noident>
kernel/events/core.c:767:6: warning: symbol 'perf_cpu_hrtimer_cancel' was not declared. Should it be static?
kernel/events/core.c:837:22: warning: incorrect type in initializer (different address spaces)
kernel/events/core.c:837:22:    expected void const [noderef] <asn:3>*__vpp_verify
kernel/events/core.c:837:22:    got int *<noident>
kernel/events/core.c:844:22: warning: incorrect type in initializer (different address spaces)
kernel/events/core.c:844:22:    expected void const [noderef] <asn:3>*__vpp_verify
kernel/events/core.c:844:22:    got int *<noident>
kernel/events/core.c:333:16: warning: incorrect type in initializer (different address spaces)
kernel/events/core.c:333:16:    expected void const [noderef] <asn:3>*__vpp_verify
kernel/events/core.c:333:16:    got struct perf_cpu_context *<noident>
kernel/events/core.c:333:16: warning: incorrect type in initializer (different address spaces)
kernel/events/core.c:333:16:    expected void const [noderef] <asn:3>*__vpp_verify
kernel/events/core.c:333:16:    got struct perf_cpu_context *<noident>
kernel/events/core.c:333:16: warning: incorrect type in initializer (different address spaces)
kernel/events/core.c:333:16:    expected void const [noderef] <asn:3>*__vpp_verify
kernel/events/core.c:333:16:    got struct perf_cpu_context *<noident>
kernel/events/core.c:333:16: warning: incorrect type in initializer (different address spaces)
kernel/events/core.c:333:16:    expected void const [noderef] <asn:3>*__vpp_verify
kernel/events/core.c:333:16:    got struct perf_cpu_context *<noident>
kernel/events/core.c:333:16: warning: incorrect type in initializer (different address spaces)
kernel/events/core.c:333:16:    expected void const [noderef] <asn:3>*__vpp_verify
kernel/events/core.c:333:16:    got struct perf_cpu_context *<noident>
kernel/events/core.c:333:16: warning: incorrect type in initializer (different address spaces)
kernel/events/core.c:333:16:    expected void const [noderef] <asn:3>*__vpp_verify
kernel/events/core.c:333:16:    got struct perf_cpu_context *<noident>
kernel/events/core.c:333:16: warning: incorrect type in initializer (different address spaces)
kernel/events/core.c:333:16:    expected void const [noderef] <asn:3>*__vpp_verify
kernel/events/core.c:333:16:    got struct perf_cpu_context *<noident>
kernel/events/core.c:2591:34: warning: incorrect type in initializer (different address spaces)
kernel/events/core.c:2591:34:    expected void const [noderef] <asn:3>*__vpp_verify
kernel/events/core.c:2591:34:    got struct perf_cpu_context *<noident>
kernel/events/core.c:333:16: warning: incorrect type in initializer (different address spaces)
kernel/events/core.c:333:16:    expected void const [noderef] <asn:3>*__vpp_verify
kernel/events/core.c:333:16:    got struct perf_cpu_context *<noident>
kernel/events/core.c:333:16: warning: incorrect type in initializer (different address spaces)
kernel/events/core.c:333:16:    expected void const [noderef] <asn:3>*__vpp_verify
kernel/events/core.c:333:16:    got struct perf_cpu_context *<noident>
mm/rmap.c:658:23: warning: Using plain integer as NULL pointer
mm/rmap.c:1362:6: warning: symbol 'is_vma_temporary_stack' was not declared. Should it be static?
kernel/events/core.c:3324:26: warning: incorrect type in initializer (different address spaces)
kernel/events/core.c:3324:26:    expected void const [noderef] <asn:3>*__vpp_verify
kernel/events/core.c:3324:26:    got struct perf_cpu_context *<noident>
mm/rmap.c:649:7: warning: context imbalance in '__page_check_address' - wrong count at exit
kernel/events/core.c:4100:13: warning: symbol 'arch_perf_update_userpage' was not declared. Should it be static?
kernel/events/internal.h:139:46: warning: incorrect type in argument 2 (different address spaces)
kernel/events/internal.h:139:46:    expected void const [noderef] <asn:1>*from
kernel/events/internal.h:139:46:    got void const *src
kernel/events/core.c:5266:26: warning: incorrect type in initializer (different address spaces)
kernel/events/core.c:5266:26:    expected void const [noderef] <asn:3>*__vpp_verify
kernel/events/core.c:5266:26:    got struct perf_cpu_context *<noident>
kernel/events/core.c:6769:35: warning: incorrect type in return expression (different address spaces)
kernel/events/core.c:6769:35:    expected struct perf_cpu_context [noderef] <asn:3>*
kernel/events/core.c:6769:35:    got struct perf_cpu_context *[noderef] pmu_cpu_context
kernel/events/core.c:6782:26: warning: incorrect type in initializer (different address spaces)
kernel/events/core.c:6782:26:    expected void const [noderef] <asn:3>*__vpp_verify
kernel/events/core.c:6782:26:    got struct perf_cpu_context *<noident>
kernel/events/core.c:6804:24: warning: incorrect type in argument 1 (different address spaces)
kernel/events/core.c:6804:24:    expected void [noderef] <asn:3>*__pdata
kernel/events/core.c:6804:24:    got struct perf_cpu_context *[noderef] pmu_cpu_context
kernel/events/core.c:6853:26: warning: incorrect type in initializer (different address spaces)
kernel/events/core.c:6853:26:    expected void const [noderef] <asn:3>*__vpp_verify
kernel/events/core.c:6853:26:    got struct perf_cpu_context *<noident>
kernel/events/core.c:6920:32: warning: incorrect type in assignment (different address spaces)
kernel/events/core.c:6920:32:    expected int *[noderef] pmu_disable_count
kernel/events/core.c:6920:32:    got int [noderef] <asn:3>*<noident>
kernel/events/core.c:6945:30: warning: incorrect type in assignment (different address spaces)
kernel/events/core.c:6945:30:    expected struct perf_cpu_context *[noderef] pmu_cpu_context
kernel/events/core.c:6945:30:    got struct perf_cpu_context [noderef] <asn:3>*
kernel/events/core.c:6950:30: warning: incorrect type in assignment (different address spaces)
kernel/events/core.c:6950:30:    expected struct perf_cpu_context *[noderef] pmu_cpu_context
kernel/events/core.c:6950:30:    got struct perf_cpu_context [noderef] <asn:3>*<noident>
kernel/events/core.c:6957:26: warning: incorrect type in initializer (different address spaces)
kernel/events/core.c:6957:26:    expected void const [noderef] <asn:3>*__vpp_verify
kernel/events/core.c:6957:26:    got struct perf_cpu_context *<noident>
kernel/events/core.c:7010:24: warning: incorrect type in argument 1 (different address spaces)
kernel/events/core.c:7010:24:    expected void [noderef] <asn:3>*__pdata
kernel/events/core.c:7010:24:    got int *[noderef] pmu_disable_count
kernel/events/core.c:7028:24: warning: incorrect type in argument 1 (different address spaces)
kernel/events/core.c:7028:24:    expected void [noderef] <asn:3>*__pdata
kernel/events/core.c:7028:24:    got int *[noderef] pmu_disable_count
kernel/events/core.c:7051:12: warning: symbol 'perf_init_event' was not declared. Should it be static?
kernel/events/core.c:7821:20: warning: incorrect type in initializer (different address spaces)
kernel/events/core.c:7821:20:    expected void const [noderef] <asn:3>*__vpp_verify
kernel/events/core.c:7821:20:    got struct perf_cpu_context *<noident>
kernel/events/core.c:7822:20: warning: incorrect type in initializer (different address spaces)
kernel/events/core.c:7822:20:    expected void const [noderef] <asn:3>*__vpp_verify
kernel/events/core.c:7822:20:    got struct perf_cpu_context *<noident>
kernel/events/core.c:8433:24: warning: incorrect type in initializer (different address spaces)
kernel/events/core.c:8433:24:    expected void const [noderef] <asn:3>*__vpp_verify
kernel/events/core.c:8433:24:    got struct perf_cpu_context *<noident>
kernel/events/core.c:340:9: warning: context imbalance in 'perf_ctx_lock' - wrong count at exit
kernel/events/core.c:348:17: warning: context imbalance in 'perf_ctx_unlock' - unexpected unlock
include/linux/rcupdate.h:968:9: warning: context imbalance in 'perf_lock_task_context' - wrong count at exit
kernel/events/core.c:1100:17: warning: context imbalance in 'perf_pin_task_context' - unexpected unlock
kernel/events/core.c:2050:25: warning: context imbalance in '__perf_install_in_context' - unexpected unlock
kernel/events/core.c:3355:17: warning: context imbalance in 'find_get_context' - unexpected unlock
kernel/events/core.c:5279:17: warning: dereference of noderef expression
kernel/events/core.c:6769:32: warning: dereference of noderef expression
kernel/events/core.c:6798:21: warning: dereference of noderef expression
kernel/events/core.c:6798:43: warning: dereference of noderef expression
kernel/events/core.c:6804:21: warning: dereference of noderef expression
kernel/events/core.c:6921:14: warning: dereference of noderef expression
kernel/events/core.c:6946:13: warning: dereference of noderef expression
kernel/events/core.c:6951:14: warning: dereference of noderef expression
kernel/events/core.c:7010:21: warning: dereference of noderef expression
kernel/events/core.c:7028:21: warning: dereference of noderef expression
mm/vmalloc.c:585:6: warning: symbol 'set_iounmap_nonlazy' was not declared. Should it be static?
fs/fs_struct.c:161:18: warning: symbol 'init_fs' was not declared. Should it be static?
kernel/irq/irqdesc.c:538:17: warning: context imbalance in '__irq_get_desc_lock' - wrong count at exit
kernel/irq/irqdesc.c:562:6: warning: context imbalance in '__irq_put_desc_unlock' - unexpected unlock
fs/fs_pin.c:46:17: warning: context imbalance in 'pin_kill' - unexpected unlock
include/linux/rcupdate.h:268:9: warning: context imbalance in 'mnt_pin_kill' - different lock contexts for basic block
include/linux/rcupdate.h:268:9: warning: context imbalance in 'group_pin_kill' - different lock contexts for basic block
fs/nsfs.c:32:32: warning: symbol 'ns_dentry_operations' was not declared. Should it be static?
fs/buffer.c:1073:20: warning: symbol '__getblk_slow' was not declared. Should it be static?
fs/buffer.c:2964:6: warning: symbol 'guard_bio_eod' was not declared. Should it be static?
security/keys/keyring.c:1071:5: warning: context imbalance in '__key_link_begin' - wrong count at exit
security/keys/keyring.c:1189:9: warning: context imbalance in '__key_link_end' - wrong count at exit
security/keys/keyring.c:1235:9: warning: context imbalance in 'key_link' - different lock contexts for basic block
mm/memblock.c:1216:6: warning: symbol 'memblock_virt_alloc_try_nid_nopanic' was not declared. Should it be static?
mm/memblock.c:1246:6: warning: symbol 'memblock_virt_alloc_try_nid' was not declared. Should it be static?
mm/memblock.c:1275:13: warning: symbol '__memblock_free_early' was not declared. Should it be static?
mm/memblock.c:1293:13: warning: symbol '__memblock_free_late' was not declared. Should it be static?
kernel/irq/spurious.c:47:17: warning: context imbalance in 'irq_wait_for_poll' - unexpected unlock
kernel/events/ring_buffer.c:105:5: warning: context imbalance in 'perf_output_begin' - different lock contexts for basic block
kernel/events/ring_buffer.c:218:6: warning: context imbalance in 'perf_output_end' - unexpected unlock
fs/direct-io.c:1108:36: warning: Using plain integer as NULL pointer
fs/direct-io.c:160:58: warning: cast truncates bits from constant value (7fffffffffffffff becomes ffffffff)
kernel/events/hw_breakpoint.c:83:12: warning: symbol 'hw_breakpoint_weight' was not declared. Should it be static?
kernel/events/hw_breakpoint.c:231:13: warning: symbol 'arch_unregister_hw_breakpoint' was not declared. Should it be static?
mm/swapfile.c:601:20: warning: context imbalance in 'scan_swap_map' - unexpected unlock
mm/swapfile.c:725:32: warning: context imbalance in 'swap_info_get' - different lock contexts for basic block
mm/swapfile.c:838:17: warning: context imbalance in 'swap_free' - unexpected unlock
mm/swapfile.c:852:17: warning: context imbalance in 'swapcache_free' - unexpected unlock
mm/swapfile.c:871:35: warning: context imbalance in 'page_swapcount' - unexpected unlock
mm/swapfile.c:961:28: warning: context imbalance in 'free_swap_and_cache' - unexpected unlock
mm/swapfile.c:2827:20: warning: context imbalance in 'add_swap_count_continuation' - unexpected unlock
mm/slub.c:1068:40: warning: context imbalance in 'free_debug_processing' - different lock contexts for basic block
include/linux/spinlock_api_smp.h:153:27: warning: context imbalance in 'deactivate_slab' - unexpected unlock
include/linux/spinlock_api_smp.h:153:27: warning: context imbalance in 'unfreeze_partials' - unexpected unlock
mm/slub.c:2598:47: warning: context imbalance in '__slab_free' - unexpected unlock
fs/debugfs/file.c:473:20: error: incompatible types in comparison expression (different type sizes)
mm/migrate.c:115:24: warning: Using plain integer as NULL pointer
./arch/arm/include/asm/spinlock.h:80:9: warning: context imbalance in '_raw_spin_lock' - wrong count at exit
./arch/arm/include/asm/spinlock.h:80:9: warning: context imbalance in '_raw_spin_lock_irqsave' - wrong count at exit
./arch/arm/include/asm/spinlock.h:80:9: warning: context imbalance in '_raw_spin_lock_irq' - wrong count at exit
./arch/arm/include/asm/spinlock.h:80:9: warning: context imbalance in '_raw_spin_lock_bh' - wrong count at exit
kernel/locking/spinlock.c:189:17: warning: context imbalance in '_raw_spin_unlock_irqrestore' - unexpected unlock
kernel/locking/spinlock.c:205:17: warning: context imbalance in '_raw_spin_unlock_bh' - unexpected unlock
kernel/locking/spinlock.c:221:17: warning: context imbalance in '_raw_read_lock' - wrong count at exit
kernel/locking/spinlock.c:229:26: warning: context imbalance in '_raw_read_lock_irqsave' - wrong count at exit
kernel/locking/spinlock.c:237:17: warning: context imbalance in '_raw_read_lock_irq' - wrong count at exit
kernel/locking/spinlock.c:245:17: warning: context imbalance in '_raw_read_lock_bh' - wrong count at exit
include/linux/rwlock_api_smp.h:234:9: warning: context imbalance in '_raw_read_unlock_irqrestore' - unexpected unlock
include/linux/rwlock_api_smp.h:250:9: warning: context imbalance in '_raw_read_unlock_bh' - unexpected unlock
kernel/locking/spinlock.c:293:17: warning: context imbalance in '_raw_write_lock' - wrong count at exit
kernel/locking/spinlock.c:301:26: warning: context imbalance in '_raw_write_lock_irqsave' - wrong count at exit
kernel/locking/spinlock.c:309:17: warning: context imbalance in '_raw_write_lock_irq' - wrong count at exit
kernel/locking/spinlock.c:317:17: warning: context imbalance in '_raw_write_lock_bh' - wrong count at exit
kernel/locking/spinlock.c:333:17: warning: context imbalance in '_raw_write_unlock_irqrestore' - unexpected unlock
kernel/locking/spinlock.c:349:17: warning: context imbalance in '_raw_write_unlock_bh' - unexpected unlock
crypto/cipher.c:70:24: warning: Variable length array is used.
fs/autofs4/waitq.c:73:45: warning: incorrect type in argument 2 (different address spaces)
fs/autofs4/waitq.c:73:45:    expected char const [noderef] <asn:1>*<noident>
fs/autofs4/waitq.c:73:45:    got char const *data
mm/migrate.c: In function migrate_pages:
mm/migrate.c:1148:1: internal compiler error: in push_minipool_fix, at config/arm/arm.c:13498
Please submit a full bug report,
with preprocessed source if appropriate.
See <https://bugs.launchpad.net/gcc-linaro> for instructions.
make[1]: *** [mm/migrate.o] Error 1
make[1]: *** Waiting for unfinished jobs....
make: *** [mm] Error 2
make: *** Waiting for unfinished jobs....
kernel/printk/printk.c:233:1: warning: symbol 'log_wait' was not declared. Should it be static?
kernel/printk/printk.c:1808:5: warning: symbol 'vprintk_default' was not declared. Should it be static?
kernel/printk/printk.c:918:15: warning: memcpy with byte count of 131072
kernel/power/main.c:49:5: warning: symbol 'pm_async_enabled' was not declared. Should it be static?
kernel/power/main.c:619:25: warning: symbol 'pm_wq' was not declared. Should it be static?
kernel/rcu/tree.c:193:15: warning: symbol 'rcu_rnp_online_cpus' was not declared. Should it be static?
kernel/rcu/tree.c:216:14: warning: expression using sizeof bool
kernel/rcu/tree.c:220:17: warning: expression using sizeof bool
kernel/rcu/tree.c:226:14: warning: expression using sizeof bool
kernel/rcu/tree.c:230:17: warning: expression using sizeof bool
kernel/rcu/tree.c:245:1: warning: symbol 'rcu_qs_ctr' was not declared. Should it be static?
kernel/rcu/tree.c:1017:25: warning: expression using sizeof bool
kernel/rcu/tree.c:1682:14: warning: expression using sizeof bool
kernel/rcu/tree.c:1697:41: warning: expression using sizeof bool
kernel/rcu/tree.c:1709:17: warning: expression using sizeof bool
kernel/rcu/tree.c:1724:15: warning: expression using sizeof bool
kernel/rcu/tree.c:3454:13: warning: expression using sizeof bool
kernel/rcu/tree.c:3886:21: warning: incorrect type in argument 1 (different modifiers)
kernel/rcu/tree.c:3886:21:    expected int ( *threadfn )( ... )
kernel/rcu/tree.c:3886:21:    got int ( static [toplevel] [noreturn] *<noident> )( ... )
kernel/rcu/tree.c:1512:9: warning: context imbalance in 'rcu_start_future_gp' - different lock contexts for basic block
kernel/rcu/tree.c:2729:9: warning: context imbalance in 'force_qs_rnp' - different lock contexts for basic block
kernel/rcu/tree.c:2794:25: warning: context imbalance in 'force_quiescent_state' - unexpected unlock
crypto/shash.c:82:40: warning: Variable length array is used.
crypto/shash.c:118:40: warning: Variable length array is used.
kernel/sched/core.c:889:6: warning: symbol 'sched_set_stop_task' was not declared. Should it be static?
kernel/sched/core.c:1125:5: warning: symbol 'migrate_swap' was not declared. Should it be static?
kernel/sched/core.c:2945:35: warning: symbol 'preempt_schedule_irq' was not declared. Should it be static?
kernel/sched/core.c:5879:28: warning: incorrect type in initializer (different address spaces)
kernel/sched/core.c:5879:28:    expected void const [noderef] <asn:3>*__vpp_verify
kernel/sched/core.c:5879:28:    got struct sched_domain **<noident>
kernel/sched/core.c:5914:28: warning: incorrect type in initializer (different address spaces)
kernel/sched/core.c:5914:28:    expected void const [noderef] <asn:3>*__vpp_verify
kernel/sched/core.c:5914:28:    got struct sched_domain **<noident>
kernel/sched/core.c:5934:28: warning: incorrect type in initializer (different address spaces)
kernel/sched/core.c:5934:28:    expected void const [noderef] <asn:3>*__vpp_verify
kernel/sched/core.c:5934:28:    got struct sched_group_capacity **<noident>
kernel/sched/core.c:5974:36: warning: incorrect type in initializer (different address spaces)
kernel/sched/core.c:5974:36:    expected void const [noderef] <asn:3>*__vpp_verify
kernel/sched/core.c:5974:36:    got struct sched_domain **<noident>
kernel/sched/core.c:5981:24: warning: incorrect type in initializer (different address spaces)
kernel/sched/core.c:5981:24:    expected void const [noderef] <asn:3>*__vpp_verify
kernel/sched/core.c:5981:24:    got struct sched_group **<noident>
kernel/sched/core.c:5982:31: warning: incorrect type in initializer (different address spaces)
kernel/sched/core.c:5982:31:    expected void const [noderef] <asn:3>*__vpp_verify
kernel/sched/core.c:5982:31:    got struct sched_group_capacity **<noident>
kernel/sched/core.c:6672:39: warning: incorrect type in initializer (different address spaces)
kernel/sched/core.c:6672:39:    expected void const [noderef] <asn:3>*__vpp_verify
kernel/sched/core.c:6672:39:    got struct sched_domain **<noident>
kernel/sched/core.c:6675:40: warning: incorrect type in initializer (different address spaces)
kernel/sched/core.c:6675:40:    expected void const [noderef] <asn:3>*__vpp_verify
kernel/sched/core.c:6675:40:    got struct sched_domain **<noident>
kernel/sched/core.c:6679:40: warning: incorrect type in initializer (different address spaces)
kernel/sched/core.c:6679:40:    expected void const [noderef] <asn:3>*__vpp_verify
kernel/sched/core.c:6679:40:    got struct sched_group **<noident>
kernel/sched/core.c:6681:40: warning: incorrect type in initializer (different address spaces)
kernel/sched/core.c:6681:40:    expected void const [noderef] <asn:3>*__vpp_verify
kernel/sched/core.c:6681:40:    got struct sched_group_capacity **<noident>
kernel/sched/core.c:6683:32: warning: incorrect type in argument 1 (different address spaces)
kernel/sched/core.c:6683:32:    expected void [noderef] <asn:3>*__pdata
kernel/sched/core.c:6683:32:    got struct sched_domain **[noderef] sd
kernel/sched/core.c:6685:32: warning: incorrect type in argument 1 (different address spaces)
kernel/sched/core.c:6685:32:    expected void [noderef] <asn:3>*__pdata
kernel/sched/core.c:6685:32:    got struct sched_group **[noderef] sg
kernel/sched/core.c:6687:32: warning: incorrect type in argument 1 (different address spaces)
kernel/sched/core.c:6687:32:    expected void [noderef] <asn:3>*__pdata
kernel/sched/core.c:6687:32:    got struct sched_group_capacity **[noderef] sgc
kernel/sched/core.c:6615:25: warning: incorrect type in assignment (different address spaces)
kernel/sched/core.c:6615:25:    expected struct sched_domain **[noderef] sd
kernel/sched/core.c:6615:25:    got struct sched_domain *[noderef] <asn:3>*<noident>
kernel/sched/core.c:6619:25: warning: incorrect type in assignment (different address spaces)
kernel/sched/core.c:6619:25:    expected struct sched_group **[noderef] sg
kernel/sched/core.c:6619:25:    got struct sched_group *[noderef] <asn:3>*<noident>
kernel/sched/core.c:6623:26: warning: incorrect type in assignment (different address spaces)
kernel/sched/core.c:6623:26:    expected struct sched_group_capacity **[noderef] sgc
kernel/sched/core.c:6623:26:    got struct sched_group_capacity *[noderef] <asn:3>*<noident>
kernel/sched/core.c:6637:26: warning: incorrect type in initializer (different address spaces)
kernel/sched/core.c:6637:26:    expected void const [noderef] <asn:3>*__vpp_verify
kernel/sched/core.c:6637:26:    got struct sched_domain **<noident>
kernel/sched/core.c:6646:26: warning: incorrect type in initializer (different address spaces)
kernel/sched/core.c:6646:26:    expected void const [noderef] <asn:3>*__vpp_verify
kernel/sched/core.c:6646:26:    got struct sched_group **<noident>
kernel/sched/core.c:6653:26: warning: incorrect type in initializer (different address spaces)
kernel/sched/core.c:6653:26:    expected void const [noderef] <asn:3>*__vpp_verify
kernel/sched/core.c:6653:26:    got struct sched_group_capacity **<noident>
kernel/sched/core.c:6122:30: warning: incorrect type in argument 1 (different address spaces)
kernel/sched/core.c:6122:30:    expected void [noderef] <asn:3>*__pdata
kernel/sched/core.c:6122:30:    got struct sched_domain **[noderef] sd
kernel/sched/core.c:6137:15: warning: incorrect type in assignment (different address spaces)
kernel/sched/core.c:6137:15:    expected struct sched_domain **[noderef] sd
kernel/sched/core.c:6137:15:    got struct sched_domain *[noderef] <asn:3>*<noident>
kernel/sched/core.c:6155:9: warning: incorrect type in initializer (different address spaces)
kernel/sched/core.c:6155:9:    expected void const [noderef] <asn:3>*__vpp_verify
kernel/sched/core.c:6155:9:    got struct sched_domain **<noident>
kernel/sched/core.c:6156:10: warning: incorrect type in initializer (different address spaces)
kernel/sched/core.c:6156:10:    expected void const [noderef] <asn:3>*__vpp_verify
kernel/sched/core.c:6156:10:    got struct sched_domain **<noident>
kernel/sched/core.c:6158:13: warning: incorrect type in initializer (different address spaces)
kernel/sched/core.c:6158:13:    expected void const [noderef] <asn:3>*__vpp_verify
kernel/sched/core.c:6158:13:    got struct sched_group **<noident>
kernel/sched/core.c:6158:13: warning: incorrect type in initializer (different address spaces)
kernel/sched/core.c:6158:13:    expected void const [noderef] <asn:3>*__vpp_verify
kernel/sched/core.c:6158:13:    got struct sched_group **<noident>
kernel/sched/core.c:6158:13: warning: incorrect type in initializer (different address spaces)
kernel/sched/core.c:6158:13:    expected void const [noderef] <asn:3>*__vpp_verify
kernel/sched/core.c:6158:13:    got struct sched_group **<noident>
kernel/sched/core.c:6158:13: warning: incorrect type in initializer (different address spaces)
kernel/sched/core.c:6158:13:    expected void const [noderef] <asn:3>*__vpp_verify
kernel/sched/core.c:6158:13:    got struct sched_group **<noident>
kernel/sched/core.c:6159:18: warning: incorrect type in initializer (different address spaces)
kernel/sched/core.c:6159:18:    expected void const [noderef] <asn:3>*__vpp_verify
kernel/sched/core.c:6159:18:    got struct sched_group **<noident>
kernel/sched/core.c:6161:13: warning: incorrect type in initializer (different address spaces)
kernel/sched/core.c:6161:13:    expected void const [noderef] <asn:3>*__vpp_verify
kernel/sched/core.c:6161:13:    got struct sched_group_capacity **<noident>
kernel/sched/core.c:6161:13: warning: incorrect type in initializer (different address spaces)
kernel/sched/core.c:6161:13:    expected void const [noderef] <asn:3>*__vpp_verify
kernel/sched/core.c:6161:13:    got struct sched_group_capacity **<noident>
kernel/sched/core.c:6161:13: warning: incorrect type in initializer (different address spaces)
kernel/sched/core.c:6161:13:    expected void const [noderef] <asn:3>*__vpp_verify
kernel/sched/core.c:6161:13:    got struct sched_group_capacity **<noident>
kernel/sched/core.c:6161:13: warning: incorrect type in initializer (different address spaces)
kernel/sched/core.c:6161:13:    expected void const [noderef] <asn:3>*__vpp_verify
kernel/sched/core.c:6161:13:    got struct sched_group_capacity **<noident>
kernel/sched/core.c:6162:18: warning: incorrect type in initializer (different address spaces)
kernel/sched/core.c:6162:18:    expected void const [noderef] <asn:3>*__vpp_verify
kernel/sched/core.c:6162:18:    got struct sched_group_capacity **<noident>
kernel/sched/core.c:6195:36: warning: incorrect type in initializer (different address spaces)
kernel/sched/core.c:6195:36:    expected void const [noderef] <asn:3>*__vpp_verify
kernel/sched/core.c:6195:36:    got struct sched_domain **<noident>
kernel/sched/core.c:6692:21: warning: symbol 'build_sched_domain' was not declared. Should it be static?
kernel/sched/core.c:6750:34: warning: incorrect type in initializer (different address spaces)
kernel/sched/core.c:6750:34:    expected void const [noderef] <asn:3>*__vpp_verify
kernel/sched/core.c:6750:34:    got struct sched_domain **<noident>
kernel/sched/core.c:6760:28: warning: incorrect type in initializer (different address spaces)
kernel/sched/core.c:6760:28:    expected void const [noderef] <asn:3>*__vpp_verify
kernel/sched/core.c:6760:28:    got struct sched_domain **<noident>
kernel/sched/core.c:6777:28: warning: incorrect type in initializer (different address spaces)
kernel/sched/core.c:6777:28:    expected void const [noderef] <asn:3>*__vpp_verify
kernel/sched/core.c:6777:28:    got struct sched_domain **<noident>
kernel/sched/core.c:6786:23: warning: incorrect type in initializer (different address spaces)
kernel/sched/core.c:6786:23:    expected void const [noderef] <asn:3>*__vpp_verify
kernel/sched/core.c:6786:23:    got struct sched_domain **<noident>
kernel/sched/core.c:4203:1: warning: context imbalance in 'sys_sched_yield' - unexpected unlock
kernel/sched/core.c:6122:29: warning: dereference of noderef expression
kernel/sched/core.c:6138:14: warning: dereference of noderef expression
kernel/sched/core.c:6616:22: warning: dereference of noderef expression
kernel/sched/core.c:6620:22: warning: dereference of noderef expression
kernel/sched/core.c:6624:22: warning: dereference of noderef expression
kernel/sched/core.c:6671:29: warning: dereference of noderef expression
kernel/sched/core.c:6678:29: warning: dereference of noderef expression
kernel/sched/core.c:6680:29: warning: dereference of noderef expression
kernel/sched/core.c:6683:29: warning: dereference of noderef expression
kernel/sched/core.c:6684:17: warning: dereference of noderef expression
kernel/sched/core.c:6685:29: warning: dereference of noderef expression
kernel/sched/core.c:6686:17: warning: dereference of noderef expression
kernel/sched/core.c:6687:29: warning: dereference of noderef expression
kernel/sched/core.c:6688:17: warning: dereference of noderef expression
kernel/time/hrtimer.c:67:1: warning: symbol 'hrtimer_bases' was not declared. Should it be static?
kernel/time/hrtimer.c:152:27: warning: context imbalance in 'lock_hrtimer_base' - wrong count at exit
kernel/time/hrtimer.c:994:25: warning: context imbalance in '__hrtimer_start_range_ns' - unexpected unlock
kernel/time/hrtimer.c:793:9: warning: context imbalance in 'hrtimer_try_to_cancel' - unexpected unlock
kernel/time/hrtimer.c:1099:9: warning: context imbalance in 'hrtimer_get_remaining' - unexpected unlock
kernel/time/itimer.c:126:59: warning: implicit cast to nocast type
kernel/time/itimer.c:167:55: warning: incorrect type in argument 3 (different modifiers)
kernel/time/itimer.c:167:55:    expected unsigned long [nocast] [usertype] *newval
kernel/time/itimer.c:167:55:    got unsigned long *<noident>
kernel/time/itimer.c:167:55: warning: implicit cast to nocast type
kernel/time/itimer.c:167:62: warning: incorrect type in argument 4 (different modifiers)
kernel/time/itimer.c:167:62:    expected unsigned long [nocast] [usertype] *oldval
kernel/time/itimer.c:167:62:    got unsigned long *<noident>
kernel/time/itimer.c:167:62: warning: implicit cast to nocast type
kernel/time/itimer.c:226:56: warning: implicit cast to nocast type
kernel/time/posix-timers.c:395:9: warning: context imbalance in 'do_schedule_next_timer' - different lock contexts for basic block
kernel/time/posix-timers.c:686:24: warning: context imbalance in '__lock_timer' - different lock contexts for basic block
fs/jbd2/transaction.c:190:17: warning: context imbalance in 'add_transaction_credits' - unexpected unlock
fs/jbd2/transaction.c:300:9: warning: context imbalance in 'start_this_handle' - different lock contexts for basic block
fs/jbd2/transaction.c:1096:20: warning: context imbalance in 'jbd2_journal_get_create_access' - different lock contexts for basic block
kernel/sched/clock.c:77:19: warning: symbol 'sched_clock_running' was not declared. Should it be static?
kernel/time/posix-cpu-timers.c:27:53: warning: incorrect type in argument 3 (different modifiers)
kernel/time/posix-cpu-timers.c:27:53:    expected unsigned long [nocast] [usertype] *newval
kernel/time/posix-cpu-timers.c:27:53:    got unsigned long *<noident>
kernel/time/posix-cpu-timers.c:27:53: warning: implicit cast to nocast type
kernel/time/posix-cpu-timers.c:130:26: warning: incorrect type in argument 2 (different modifiers)
kernel/time/posix-cpu-timers.c:130:26:    expected unsigned long [nocast] [usertype] *utime
kernel/time/posix-cpu-timers.c:130:26:    got unsigned long *<noident>
kernel/time/posix-cpu-timers.c:130:26: warning: implicit cast to nocast type
kernel/time/posix-cpu-timers.c:130:34: warning: incorrect type in argument 3 (different modifiers)
kernel/time/posix-cpu-timers.c:130:34:    expected unsigned long [nocast] [usertype] *stime
kernel/time/posix-cpu-timers.c:130:34:    got unsigned long *<noident>
kernel/time/posix-cpu-timers.c:130:34: warning: implicit cast to nocast type
kernel/time/posix-cpu-timers.c:138:26: warning: incorrect type in argument 2 (different modifiers)
kernel/time/posix-cpu-timers.c:138:26:    expected unsigned long [nocast] [usertype] *utime
kernel/time/posix-cpu-timers.c:138:26:    got unsigned long *<noident>
kernel/time/posix-cpu-timers.c:138:26: warning: implicit cast to nocast type
kernel/time/posix-cpu-timers.c:130:26: warning: incorrect type in argument 2 (different modifiers)
kernel/time/posix-cpu-timers.c:130:26:    expected unsigned long [nocast] [usertype] *utime
kernel/time/posix-cpu-timers.c:130:26:    got unsigned long *<noident>
kernel/time/posix-cpu-timers.c:130:26: warning: implicit cast to nocast type
kernel/time/posix-cpu-timers.c:130:34: warning: incorrect type in argument 3 (different modifiers)
kernel/time/posix-cpu-timers.c:130:34:    expected unsigned long [nocast] [usertype] *stime
kernel/time/posix-cpu-timers.c:130:34:    got unsigned long *<noident>
kernel/time/posix-cpu-timers.c:130:34: warning: implicit cast to nocast type
kernel/time/posix-cpu-timers.c:138:26: warning: incorrect type in argument 2 (different modifiers)
kernel/time/posix-cpu-timers.c:138:26:    expected unsigned long [nocast] [usertype] *utime
kernel/time/posix-cpu-timers.c:138:26:    got unsigned long *<noident>
kernel/time/posix-cpu-timers.c:138:26: warning: implicit cast to nocast type
kernel/time/posix-cpu-timers.c:904:27: warning: implicit cast from nocast type
kernel/time/posix-cpu-timers.c:913:39: warning: implicit cast to nocast type
kernel/time/posix-cpu-timers.c:918:62: warning: implicit cast to nocast type
kernel/time/posix-cpu-timers.c:922:44: warning: implicit cast from nocast type
kernel/time/posix-cpu-timers.c:923:30: warning: implicit cast from nocast type
kernel/time/posix-cpu-timers.c:986:38: warning: implicit cast from nocast type
kernel/time/posix-cpu-timers.c:987:40: warning: implicit cast from nocast type
kernel/time/posix-cpu-timers.c:1100:28: warning: incorrect type in argument 2 (different modifiers)
kernel/time/posix-cpu-timers.c:1100:28:    expected unsigned long [nocast] [usertype] *utime
kernel/time/posix-cpu-timers.c:1100:28:    got unsigned long *<noident>
kernel/time/posix-cpu-timers.c:1100:28: warning: implicit cast to nocast type
kernel/time/posix-cpu-timers.c:1100:36: warning: incorrect type in argument 3 (different modifiers)
kernel/time/posix-cpu-timers.c:1100:36:    expected unsigned long [nocast] [usertype] *stime
kernel/time/posix-cpu-timers.c:1100:36:    got unsigned long *<noident>
kernel/time/posix-cpu-timers.c:1100:36: warning: implicit cast to nocast type
kernel/time/posix-cpu-timers.c:1216:29: warning: implicit cast from nocast type
kernel/time/posix-cpu-timers.c:1220:44: warning: implicit cast to nocast type
kernel/time/posix-cpu-timers.c:1226:28: warning: implicit cast to nocast type
kernel/sched/cputime.c:305:42: warning: incorrect type in argument 2 (different modifiers)
kernel/sched/cputime.c:305:42:    expected unsigned long [nocast] [usertype] *utime
kernel/sched/cputime.c:305:42:    got unsigned long *<noident>
kernel/sched/cputime.c:305:42: warning: implicit cast to nocast type
kernel/sched/cputime.c:305:50: warning: incorrect type in argument 3 (different modifiers)
kernel/sched/cputime.c:305:50:    expected unsigned long [nocast] [usertype] *stime
kernel/sched/cputime.c:305:50:    got unsigned long *<noident>
kernel/sched/cputime.c:305:50: warning: implicit cast to nocast type
kernel/sched/cputime.c:570:29: warning: implicit cast to nocast type
kernel/sched/cputime.c:571:17: warning: implicit cast from nocast type
kernel/sched/cputime.c:619:26: warning: incorrect type in argument 1 (different modifiers)
kernel/sched/cputime.c:619:26:    expected unsigned long [nocast] [usertype] *counter
kernel/sched/cputime.c:619:26:    got unsigned long *<noident>
kernel/sched/cputime.c:619:26: warning: implicit cast to nocast type
kernel/sched/cputime.c:620:26: warning: incorrect type in argument 1 (different modifiers)
kernel/sched/cputime.c:620:26:    expected unsigned long [nocast] [usertype] *counter
kernel/sched/cputime.c:620:26:    got unsigned long *<noident>
kernel/sched/cputime.c:620:26: warning: implicit cast to nocast type
kernel/sched/cputime.c:633:26: warning: incorrect type in argument 2 (different modifiers)
kernel/sched/cputime.c:633:26:    expected unsigned long [nocast] [usertype] *utime
kernel/sched/cputime.c:633:26:    got unsigned long *<noident>
kernel/sched/cputime.c:633:26: warning: implicit cast to nocast type
kernel/sched/cputime.c:633:42: warning: incorrect type in argument 3 (different modifiers)
kernel/sched/cputime.c:633:42:    expected unsigned long [nocast] [usertype] *stime
kernel/sched/cputime.c:633:42:    got unsigned long *<noident>
kernel/sched/cputime.c:633:42: warning: implicit cast to nocast type
kernel/sched/cputime.c:313:33: warning: context imbalance in 'thread_group_cputime' - different lock contexts for basic block
./arch/arm/include/asm/futex.h:51:19: warning: incorrect type in argument 1 (different address spaces)
./arch/arm/include/asm/futex.h:51:19:    expected void const *ptr
./arch/arm/include/asm/futex.h:51:19:    got unsigned int [noderef] [usertype] <asn:1>*uaddr
./arch/arm/include/asm/futex.h:131:17: warning: incorrect type in argument 1 (different address spaces)
./arch/arm/include/asm/futex.h:131:17:    expected void const *ptr
./arch/arm/include/asm/futex.h:131:17:    got unsigned int [noderef] [usertype] <asn:1>*uaddr
./arch/arm/include/asm/futex.h:134:17: warning: incorrect type in argument 1 (different address spaces)
./arch/arm/include/asm/futex.h:134:17:    expected void const *ptr
./arch/arm/include/asm/futex.h:134:17:    got unsigned int [noderef] [usertype] <asn:1>*uaddr
./arch/arm/include/asm/futex.h:137:17: warning: incorrect type in argument 1 (different address spaces)
./arch/arm/include/asm/futex.h:137:17:    expected void const *ptr
./arch/arm/include/asm/futex.h:137:17:    got unsigned int [noderef] [usertype] <asn:1>*uaddr
./arch/arm/include/asm/futex.h:140:17: warning: incorrect type in argument 1 (different address spaces)
./arch/arm/include/asm/futex.h:140:17:    expected void const *ptr
./arch/arm/include/asm/futex.h:140:17:    got unsigned int [noderef] [usertype] <asn:1>*uaddr
./arch/arm/include/asm/futex.h:143:17: warning: incorrect type in argument 1 (different address spaces)
./arch/arm/include/asm/futex.h:143:17:    expected void const *ptr
./arch/arm/include/asm/futex.h:143:17:    got unsigned int [noderef] [usertype] <asn:1>*uaddr
kernel/futex.c:1289:33: warning: context imbalance in 'futex_wake_op' - different lock contexts for basic block
kernel/futex.c:1566:41: warning: context imbalance in 'futex_requeue' - different lock contexts for basic block
kernel/futex.c:2053:13: warning: context imbalance in 'futex_wait_queue_me' - unexpected unlock
kernel/futex.c:2159:9: warning: context imbalance in 'futex_wait_setup' - different lock contexts for basic block
kernel/futex.c:2603:29: warning: context imbalance in 'futex_wait_requeue_pi' - unexpected unlock
kernel/sched/fair.c:51:14: warning: symbol 'normalized_sysctl_sched_latency' was not declared. Should it be static?
kernel/sched/fair.c:70:14: warning: symbol 'normalized_sysctl_sched_min_granularity' was not declared. Should it be static?
kernel/sched/fair.c:92:14: warning: symbol 'normalized_sysctl_sched_wakeup_granularity' was not declared. Should it be static?
kernel/sched/fair.c:4075:35: error: marked inline, but without a definition
kernel/sched/rt.c:249:6: warning: symbol 'free_rt_sched_group' was not declared. Should it be static?
kernel/sched/rt.c:251:5: warning: symbol 'alloc_rt_sched_group' was not declared. Should it be static?
kernel/sched/rt.c:613:6: warning: symbol 'sched_rt_bandwidth_account' was not declared. Should it be static?
include/linux/spinlock_api_smp.h:153:27: warning: context imbalance in 'find_lock_lowest_rq' - unexpected unlock
kernel/sched/rt.c:1771:9: warning: context imbalance in 'push_rt_task' - unexpected unlock
include/linux/spinlock_api_smp.h:153:27: warning: context imbalance in 'pull_rt_task' - unexpected unlock
kernel/sched/deadline.c:60:6: warning: symbol 'init_dl_bw' was not declared. Should it be static?
kernel/sched/deadline.c:1037:20: warning: symbol 'pick_next_task_dl' was not declared. Should it be static?
include/linux/spinlock_api_smp.h:153:27: warning: context imbalance in 'find_lock_later_rq' - unexpected unlock
kernel/sched/deadline.c:1397:9: warning: context imbalance in 'push_dl_task' - unexpected unlock
include/linux/spinlock_api_smp.h:153:27: warning: context imbalance in 'pull_dl_task' - unexpected unlock
kernel/smp.c:543:13: warning: symbol 'smp_announce' was not declared. Should it be static?
kernel/sched/idle.c:243:33: warning: expression using sizeof bool
kernel/module.c:210:6: error: symbol '__module_put_and_exit' redeclared with different type (originally declared at include/linux/module.h:446) - different modifiers
include/linux/spinlock_api_smp.h:153:27: warning: context imbalance in '__jbd2_log_wait_for_space' - unexpected unlock
kernel/sched/debug.c:242:6: warning: symbol 'print_rt_rq' was not declared. Should it be static?
kernel/sched/debug.c:264:6: warning: symbol 'print_dl_rq' was not declared. Should it be static?
kernel/time/jiffies.c:108:20: warning: symbol 'refined_jiffies' was not declared. Should it be static?
kernel/kexec.c:64:13: warning: symbol 'kexec_purgatory' was not declared. Should it be static?
kernel/kexec.c:65:15: warning: symbol 'kexec_purgatory_size' was not declared. Should it be static?
kernel/cgroup.c:822:15: warning: memcpy with byte count of 0
kernel/cgroup.c:3647:9: warning: context imbalance in 'css_task_iter_start' - wrong count at exit
kernel/cgroup.c:3694:6: warning: context imbalance in 'css_task_iter_end' - wrong count at exit
kernel/stop_machine.c:520:36: warning: incorrect type in initializer (different address spaces)
kernel/stop_machine.c:520:36:    expected struct task_struct [noderef] <asn:3>**store
kernel/stop_machine.c:520:36:    got struct task_struct *static [noderef] [toplevel] <asn:3>*<noident>
kernel/hung_task.c:24:19: warning: symbol 'sysctl_hung_task_check_count' was not declared. Should it be static?
kernel/hung_task.c:38:29: warning: symbol 'sysctl_hung_task_timeout_secs' was not declared. Should it be static?
kernel/hung_task.c:40:19: warning: symbol 'sysctl_hung_task_warnings' was not declared. Should it be static?
kernel/hung_task.c:50:28: warning: symbol 'sysctl_hung_task_panic' was not declared. Should it be static?
kernel/hung_task.c:197:5: warning: symbol 'proc_dohung_task_timeout_secs' was not declared. Should it be static?
kernel/watchdog.c:231:9: warning: expression using sizeof bool
kernel/watchdog.c:339:21: warning: expression using sizeof bool
kernel/watchdog.c:344:25: warning: expression using sizeof bool
kernel/watchdog.c:371:21: warning: expression using sizeof bool
kernel/watchdog.c:382:33: warning: expression using sizeof bool
kernel/watchdog.c:394:33: warning: expression using sizeof bool
kernel/watchdog.c:424:17: warning: expression using sizeof bool
kernel/watchdog.c:426:17: warning: expression using sizeof bool
kernel/watchdog.c:612:36: warning: incorrect type in initializer (different address spaces)
kernel/watchdog.c:612:36:    expected struct task_struct [noderef] <asn:3>**store
kernel/watchdog.c:612:36:    got struct task_struct *static [noderef] [toplevel] <asn:3>*<noident>
kernel/time/clockevents.c:698:17: warning: symbol 'clockevents_subsys' was not declared. Should it be static?
kernel/elfcore.c:6:17: warning: symbol 'elf_core_extra_phdrs' was not declared. Should it be static?
kernel/elfcore.c:11:12: warning: symbol 'elf_core_write_extra_phdrs' was not declared. Should it be static?
kernel/elfcore.c:16:12: warning: symbol 'elf_core_write_extra_data' was not declared. Should it be static?
kernel/elfcore.c:21:15: warning: symbol 'elf_core_extra_data_size' was not declared. Should it be static?
kernel/irq_work.c:52:13: warning: symbol 'arch_irq_work_raise' was not declared. Should it be static?
kernel/time/tick-sched.c:402:5: warning: symbol 'tick_nohz_active' was not declared. Should it be static?
fs/proc/task_mmu.c:568:18: error: bad integer constant expression
fs/proc/task_mmu.c:569:18: error: bad integer constant expression
fs/proc/task_mmu.c:570:18: error: bad integer constant expression
fs/proc/task_mmu.c:571:18: error: bad integer constant expression
fs/proc/task_mmu.c:572:18: error: bad integer constant expression
fs/proc/task_mmu.c:573:18: error: bad integer constant expression
fs/proc/task_mmu.c:574:18: error: bad integer constant expression
fs/proc/task_mmu.c:575:18: error: bad integer constant expression
fs/proc/task_mmu.c:576:18: error: bad integer constant expression
fs/proc/task_mmu.c:577:18: error: bad integer constant expression
fs/proc/task_mmu.c:578:18: error: bad integer constant expression
fs/proc/task_mmu.c:582:18: error: bad integer constant expression
fs/proc/task_mmu.c:583:18: error: bad integer constant expression
fs/proc/task_mmu.c:584:18: error: bad integer constant expression
fs/proc/task_mmu.c:585:18: error: bad integer constant expression
fs/proc/task_mmu.c:586:18: error: bad integer constant expression
fs/proc/task_mmu.c:587:18: error: bad integer constant expression
fs/proc/task_mmu.c:588:18: error: bad integer constant expression
fs/proc/task_mmu.c:589:18: error: bad integer constant expression
fs/proc/task_mmu.c:590:18: error: bad integer constant expression
fs/proc/task_mmu.c:591:18: error: bad integer constant expression
fs/proc/task_mmu.c:592:18: error: bad integer constant expression
fs/proc/task_mmu.c:596:18: error: bad integer constant expression
fs/proc/task_mmu.c:597:18: error: bad integer constant expression
fs/proc/task_mmu.c:598:18: error: bad integer constant expression
fs/proc/task_mmu.c:599:18: error: bad integer constant expression
fs/proc/task_mmu.c:1303:23: error: incompatible types in comparison expression (different type sizes)
fs/notify/fdinfo.c:51:87: warning: Using plain integer as NULL pointer
fs/notify/fdinfo.c:94:6: warning: symbol 'inotify_show_fdinfo' was not declared. Should it be static?
fs/ntfs/compress.c:199:58: warning: Variable length array is used.
include/linux/spinlock_api_smp.h:153:27: warning: context imbalance in 'ntfs_decompress' - unexpected unlock
fs/ntfs/compress.c:895:16: warning: context imbalance in 'ntfs_read_compressed_block' - different lock contexts for basic block
fs/proc/array.c:399:43: warning: implicit cast to nocast type
fs/proc/array.c:400:26: warning: implicit cast to nocast type
fs/proc/array.c:433:62: warning: incorrect type in argument 2 (different modifiers)
fs/proc/array.c:433:62:    expected unsigned long [nocast] [usertype] *ut
fs/proc/array.c:433:62:    got unsigned long *<noident>
fs/proc/array.c:433:62: warning: implicit cast to nocast type
fs/proc/array.c:433:70: warning: incorrect type in argument 3 (different modifiers)
fs/proc/array.c:433:70:    expected unsigned long [nocast] [usertype] *st
fs/proc/array.c:433:70:    got unsigned long *<noident>
fs/proc/array.c:433:70: warning: implicit cast to nocast type
fs/proc/array.c:449:46: warning: incorrect type in argument 2 (different modifiers)
fs/proc/array.c:449:46:    expected unsigned long [nocast] [usertype] *ut
fs/proc/array.c:449:46:    got unsigned long *<noident>
fs/proc/array.c:449:46: warning: implicit cast to nocast type
fs/proc/array.c:449:54: warning: incorrect type in argument 3 (different modifiers)
fs/proc/array.c:449:54:    expected unsigned long [nocast] [usertype] *st
fs/proc/array.c:449:54:    got unsigned long *<noident>
fs/proc/array.c:449:54: warning: implicit cast to nocast type
fs/proc/fd.c:106:55: warning: incorrect type in initializer (different base types)
fs/proc/fd.c:106:55:    expected unsigned int [unsigned] f_mode
fs/proc/fd.c:106:55:    got restricted fmode_t [usertype] f_mode
fs/proc/fd.c:124:54: warning: restricted fmode_t degrades to integer
fs/proc/fd.c:126:54: warning: restricted fmode_t degrades to integer
fs/proc/proc_tty.c:175:13: warning: symbol 'proc_tty_init' was not declared. Should it be static?
fs/proc/meminfo.c:22:28: warning: symbol 'arch_report_meminfo' was not declared. Should it be static?
fs/ntfs/super.c:3100:1: error: directive in argument list
fs/ntfs/super.c:3102:1: error: directive in argument list
fs/ntfs/super.c:3104:1: error: directive in argument list
fs/ntfs/super.c:3105:1: error: directive in argument list
fs/ntfs/super.c:3107:1: error: directive in argument list
fs/ntfs/super.c:3108:1: error: directive in argument list
fs/ntfs/super.c:3110:1: error: directive in argument list
fs/signalfd.c:107:25: warning: cast removes address space of expression
fs/signalfd.c:115:24: warning: cast removes address space of expression
fs/signalfd.c:141:24: warning: cast removes address space of expression
fs/signalfd.c:150:24: warning: cast removes address space of expression
fs/binfmt_elf.c:1411:34: warning: incorrect type in argument 2 (different modifiers)
fs/binfmt_elf.c:1411:34:    expected unsigned long [nocast] [usertype] *utime
fs/binfmt_elf.c:1411:34:    got unsigned long *<noident>
fs/binfmt_elf.c:1411:34: warning: implicit cast to nocast type
fs/binfmt_elf.c:1411:42: warning: incorrect type in argument 3 (different modifiers)
fs/binfmt_elf.c:1411:42:    expected unsigned long [nocast] [usertype] *stime
fs/binfmt_elf.c:1411:42:    got unsigned long *<noident>
fs/binfmt_elf.c:1411:42: warning: implicit cast to nocast type
fs/mbcache.c:754:53: warning: context imbalance in '__mb_cache_entry_find' - unexpected unlock
fs/mbcache.c:801:9: warning: context imbalance in 'mb_cache_entry_find_first' - different lock contexts for basic block
include/linux/bit_spinlock.h:34:9: warning: context imbalance in 'mb_cache_entry_find_next' - wrong count at exit
fs/coredump.c:47:5: warning: symbol 'core_uses_pid' was not declared. Should it be static?
fs/coredump.c:48:14: warning: symbol 'core_pipe_limit' was not declared. Should it be static?
fs/coredump.c:49:6: warning: symbol 'core_pattern' was not declared. Should it be static?
include/linux/sched.h:2620:37: warning: context imbalance in 'zap_threads' - different lock contexts for basic block
fs/ubifs/xattr.c:657:58: warning: Using plain integer as NULL pointer
test_sparse: Thu Mar 26 02:53:31 PDT 2015: FAILED on multi_v7_defconfig test_next-20150326
test_sparse: Thu Mar 26 02:53:31 PDT 2015: ended on multi_v7_defconfig test_next-20150326
