test_build: Thu Mar 26 00:47:53 PDT 2015: started on tegra_defconfig%tegra124_mergeconfig test_next-20150325 (b2dfdab2f61ed5eb57317136d6efbb973f79210e)
test_build: Thu Mar 26 00:47:53 PDT 2015: serial is 20150326004301
mm/migrate.c: In function ‘migrate_pages’:
mm/migrate.c:1148:1: internal compiler error: in push_minipool_fix, at config/arm/arm.c:13498
Please submit a full bug report,
with preprocessed source if appropriate.
See <https://bugs.launchpad.net/gcc-linaro> for instructions.
make[1]: *** [mm/migrate.o] Error 1
make[1]: *** Waiting for unfinished jobs....
make: *** [mm] Error 2
make: *** Waiting for unfinished jobs....
test_build: Thu Mar 26 00:50:47 PDT 2015: FAILED on tegra_defconfig%tegra124_mergeconfig test_next-20150325
test_build: Thu Mar 26 00:50:47 PDT 2015: ended on tegra_defconfig%tegra124_mergeconfig test_next-20150325
