test_sparse: Sun Jun 15 20:44:06 PDT 2014: started on multi_v7_defconfig test_next-20140616 (c6b47523d75a001f5ec7b393e92c2c0244305b6f)
test_sparse: Sun Jun 15 20:44:06 PDT 2014: serial is 20140615203037
test_sparse: sparse version unknown (checksum d41d8cd98f00b204e9800998ecf8427e)
No such file: allow-store-data-races=0
make[2]: *** [scripts/mod/empty.o] Error 1
make[1]: *** [scripts/mod] Error 2
make[1]: *** Waiting for unfinished jobs....
make: *** [scripts] Error 2
make: *** Waiting for unfinished jobs....
test_sparse: Sun Jun 15 20:44:11 PDT 2014: FAILED on multi_v7_defconfig test_next-20140616
test_sparse: Sun Jun 15 20:44:11 PDT 2014: ended on multi_v7_defconfig test_next-20140616
