test_sparse: Sun Jun 7 08:53:08 PDT 2015: started on tegra_defconfig test_next-20150605 (68840022ea0c98a770ecd1965ade4d8ca27bc62f)
test_sparse: Sun Jun 7 08:53:08 PDT 2015: serial is 20150607084533
test_sparse: sparse version unknown (checksum d41d8cd98f00b204e9800998ecf8427e)
/bin/sh: 1: sparse: not found
make[2]: *** [scripts/mod/empty.o] Error 127
make[2]: *** Waiting for unfinished jobs....
make[1]: *** [scripts/mod] Error 2
make[1]: *** Waiting for unfinished jobs....
make: *** [scripts] Error 2
make: *** Waiting for unfinished jobs....
test_sparse: Sun Jun 7 08:53:13 PDT 2015: FAILED on tegra_defconfig test_next-20150605
test_sparse: Sun Jun 7 08:53:13 PDT 2015: ended on tegra_defconfig test_next-20150605
