test_sparse: Thu Aug 6 00:48:00 PDT 2015: started on tegra_defconfig test_next-20150806 (c6b169e6ffb962068153bd92b0c4ecbd731a122f)
test_sparse: Thu Aug 6 00:48:00 PDT 2015: serial is 20150806004534
test_sparse: sparse version unknown (checksum d41d8cd98f00b204e9800998ecf8427e)
/bin/sh: 1: sparse: not found
make[2]: *** [scripts/mod/empty.o] Error 127
make[2]: *** Waiting for unfinished jobs....
make[1]: *** [scripts/mod] Error 2
make[1]: *** Waiting for unfinished jobs....
make: *** [scripts] Error 2
make: *** Waiting for unfinished jobs....
<stdin>:1298:2: warning: #warning syscall userfaultfd not implemented [-Wcpp]
<stdin>:1301:2: warning: #warning syscall mlock2 not implemented [-Wcpp]
test_sparse: Thu Aug 6 00:48:06 PDT 2015: FAILED on tegra_defconfig test_next-20150806
test_sparse: Thu Aug 6 00:48:06 PDT 2015: ended on tegra_defconfig test_next-20150806
