test_sparse: Mon Jun 29 19:33:12 PDT 2015: started on defconfig test_next-20150619 (c1ce6ea24e13fcdb61c75d7bb24377d11478b3c4)
test_sparse: Mon Jun 29 19:33:12 PDT 2015: serial is 20150629193033
test_sparse: sparse version unknown (checksum d41d8cd98f00b204e9800998ecf8427e)
/bin/sh: 1: sparse: not found
make[2]: *** [scripts/mod/empty.o] Error 127
make[2]: *** Waiting for unfinished jobs....
make[1]: *** [scripts/mod] Error 2
make[1]: *** Waiting for unfinished jobs....
<stdin>:1253:2: warning: #warning syscall userfaultfd not implemented [-Wcpp]
make: *** [scripts] Error 2
test_sparse: Mon Jun 29 19:33:18 PDT 2015: FAILED on defconfig test_next-20150619
test_sparse: Mon Jun 29 19:33:18 PDT 2015: ended on defconfig test_next-20150619
