test_build: Tue Mar 3 20:52:08 PST 2015: started on tegra_defconfig%tegra20,114_mergeconfig test_next-20150304 (86a538e12a9bfdefe403d77c67944c97d28b75c9)
test_build: Tue Mar 3 20:52:08 PST 2015: serial is 20150303204533
In file included from drivers/power/power_supply_core.c:21:0:
include/linux/thermal.h: In function ‘power_actor_get_max_power’:
include/linux/thermal.h:408:38: error: parameter name omitted
include/linux/thermal.h: At top level:
include/linux/thermal.h:413:1: error: expected identifier or ‘(’ before ‘{’ token
make[2]: *** [drivers/power/power_supply_core.o] Error 1
make[1]: *** [drivers/power] Error 2
make[1]: *** Waiting for unfinished jobs....
drivers/net/ethernet/intel/igb/igb_ptp.c: In function ‘igb_ptp_feature_enable_i210’:
drivers/net/ethernet/intel/igb/igb_ptp.c:395:21: warning: ‘pin’ may be used uninitialized in this function [-Wmaybe-uninitialized]
drivers/net/ethernet/intel/igb/igb_ptp.c:471:6: note: ‘pin’ was declared here
make: *** [drivers] Error 2
test_build: Tue Mar 3 20:54:33 PST 2015: FAILED on tegra_defconfig%tegra20,114_mergeconfig test_next-20150304
test_build: Tue Mar 3 20:54:33 PST 2015: ended on tegra_defconfig%tegra20,114_mergeconfig test_next-20150304
test_build: Tue Mar 3 20:54:47 PST 2015: started on tegra_defconfig%tegra30,114_mergeconfig test_next-20150304 (86a538e12a9bfdefe403d77c67944c97d28b75c9)
test_build: Tue Mar 3 20:54:47 PST 2015: serial is 20150303204533
In file included from drivers/power/power_supply_core.c:21:0:
include/linux/thermal.h: In function ‘power_actor_get_max_power’:
include/linux/thermal.h:408:38: error: parameter name omitted
include/linux/thermal.h: At top level:
include/linux/thermal.h:413:1: error: expected identifier or ‘(’ before ‘{’ token
make[2]: *** [drivers/power/power_supply_core.o] Error 1
make[1]: *** [drivers/power] Error 2
make[1]: *** Waiting for unfinished jobs....
drivers/net/ethernet/intel/igb/igb_ptp.c: In function ‘igb_ptp_feature_enable_i210’:
drivers/net/ethernet/intel/igb/igb_ptp.c:395:21: warning: ‘pin’ may be used uninitialized in this function [-Wmaybe-uninitialized]
drivers/net/ethernet/intel/igb/igb_ptp.c:471:6: note: ‘pin’ was declared here
make: *** [drivers] Error 2
test_build: Tue Mar 3 20:57:11 PST 2015: FAILED on tegra_defconfig%tegra30,114_mergeconfig test_next-20150304
test_build: Tue Mar 3 20:57:11 PST 2015: ended on tegra_defconfig%tegra30,114_mergeconfig test_next-20150304
test_build: Tue Mar 3 20:49:27 PST 2015: started on tegra_defconfig%tegra30_mergeconfig test_next-20150304 (86a538e12a9bfdefe403d77c67944c97d28b75c9)
test_build: Tue Mar 3 20:49:27 PST 2015: serial is 20150303204533
In file included from drivers/power/power_supply_core.c:21:0:
include/linux/thermal.h: In function ‘power_actor_get_max_power’:
include/linux/thermal.h:408:38: error: parameter name omitted
include/linux/thermal.h: At top level:
include/linux/thermal.h:413:1: error: expected identifier or ‘(’ before ‘{’ token
make[2]: *** [drivers/power/power_supply_core.o] Error 1
make[2]: *** Waiting for unfinished jobs....
make[1]: *** [drivers/power] Error 2
make[1]: *** Waiting for unfinished jobs....
drivers/net/ethernet/intel/igb/igb_ptp.c: In function ‘igb_ptp_feature_enable_i210’:
drivers/net/ethernet/intel/igb/igb_ptp.c:395:21: warning: ‘pin’ may be used uninitialized in this function [-Wmaybe-uninitialized]
drivers/net/ethernet/intel/igb/igb_ptp.c:471:6: note: ‘pin’ was declared here
make: *** [drivers] Error 2
test_build: Tue Mar 3 20:51:52 PST 2015: FAILED on tegra_defconfig%tegra30_mergeconfig test_next-20150304
test_build: Tue Mar 3 20:51:52 PST 2015: ended on tegra_defconfig%tegra30_mergeconfig test_next-20150304
test_build: Tue Mar 3 20:52:24 PST 2015: started on tegra_defconfig%tegra20,30_mergeconfig test_next-20150304 (86a538e12a9bfdefe403d77c67944c97d28b75c9)
test_build: Tue Mar 3 20:52:24 PST 2015: serial is 20150303204533
In file included from drivers/power/power_supply_core.c:21:0:
include/linux/thermal.h: In function ‘power_actor_get_max_power’:
include/linux/thermal.h:408:38: error: parameter name omitted
include/linux/thermal.h: At top level:
include/linux/thermal.h:413:1: error: expected identifier or ‘(’ before ‘{’ token
make[2]: *** [drivers/power/power_supply_core.o] Error 1
make[1]: *** [drivers/power] Error 2
make[1]: *** Waiting for unfinished jobs....
drivers/net/ethernet/intel/igb/igb_ptp.c: In function ‘igb_ptp_feature_enable_i210’:
drivers/net/ethernet/intel/igb/igb_ptp.c:395:21: warning: ‘pin’ may be used uninitialized in this function [-Wmaybe-uninitialized]
drivers/net/ethernet/intel/igb/igb_ptp.c:471:6: note: ‘pin’ was declared here
make: *** [drivers] Error 2
test_build: Tue Mar 3 20:54:39 PST 2015: FAILED on tegra_defconfig%tegra20,30_mergeconfig test_next-20150304
test_build: Tue Mar 3 20:54:39 PST 2015: ended on tegra_defconfig%tegra20,30_mergeconfig test_next-20150304
test_build: Tue Mar 3 20:54:44 PST 2015: started on tegra_defconfig%tegra124_mergeconfig test_next-20150304 (86a538e12a9bfdefe403d77c67944c97d28b75c9)
test_build: Tue Mar 3 20:54:44 PST 2015: serial is 20150303204533
drivers/net/ethernet/intel/igb/igb_ptp.c: In function ‘igb_ptp_feature_enable_i210’:
drivers/net/ethernet/intel/igb/igb_ptp.c:395:21: warning: ‘pin’ may be used uninitialized in this function [-Wmaybe-uninitialized]
drivers/net/ethernet/intel/igb/igb_ptp.c:471:6: note: ‘pin’ was declared here
In file included from drivers/power/power_supply_core.c:21:0:
include/linux/thermal.h: In function ‘power_actor_get_max_power’:
include/linux/thermal.h:408:38: error: parameter name omitted
include/linux/thermal.h: At top level:
include/linux/thermal.h:413:1: error: expected identifier or ‘(’ before ‘{’ token
make[2]: *** [drivers/power/power_supply_core.o] Error 1
make[2]: *** Waiting for unfinished jobs....
make[1]: *** [drivers/power] Error 2
make[1]: *** Waiting for unfinished jobs....
make: *** [drivers] Error 2
test_build: Tue Mar 3 20:57:00 PST 2015: FAILED on tegra_defconfig%tegra124_mergeconfig test_next-20150304
test_build: Tue Mar 3 20:57:00 PST 2015: ended on tegra_defconfig%tegra124_mergeconfig test_next-20150304
test_build: Tue Mar 3 20:50:07 PST 2015: started on tegra_defconfig%tegra114_mergeconfig test_next-20150304 (86a538e12a9bfdefe403d77c67944c97d28b75c9)
test_build: Tue Mar 3 20:50:07 PST 2015: serial is 20150303204533
drivers/net/ethernet/intel/igb/igb_ptp.c: In function ‘igb_ptp_feature_enable_i210’:
drivers/net/ethernet/intel/igb/igb_ptp.c:395:21: warning: ‘pin’ may be used uninitialized in this function [-Wmaybe-uninitialized]
drivers/net/ethernet/intel/igb/igb_ptp.c:471:6: note: ‘pin’ was declared here
In file included from drivers/power/power_supply_core.c:21:0:
include/linux/thermal.h: In function ‘power_actor_get_max_power’:
include/linux/thermal.h:408:38: error: parameter name omitted
include/linux/thermal.h: At top level:
include/linux/thermal.h:413:1: error: expected identifier or ‘(’ before ‘{’ token
make[2]: *** [drivers/power/power_supply_core.o] Error 1
make[1]: *** [drivers/power] Error 2
make[1]: *** Waiting for unfinished jobs....
make: *** [drivers] Error 2
test_build: Tue Mar 3 20:52:19 PST 2015: FAILED on tegra_defconfig%tegra114_mergeconfig test_next-20150304
test_build: Tue Mar 3 20:52:19 PST 2015: ended on tegra_defconfig%tegra114_mergeconfig test_next-20150304
test_build: Tue Mar 3 20:46:04 PST 2015: started on multi_v7_defconfig test_next-20150304 (86a538e12a9bfdefe403d77c67944c97d28b75c9)
test_build: Tue Mar 3 20:46:04 PST 2015: serial is 20150303204533
drivers/net/ethernet/intel/igb/igb_ptp.c: In function ‘igb_ptp_feature_enable_i210’:
drivers/net/ethernet/intel/igb/igb_ptp.c:395:21: warning: ‘pin’ may be used uninitialized in this function [-Wmaybe-uninitialized]
drivers/net/ethernet/intel/igb/igb_ptp.c:471:6: note: ‘pin’ was declared here
   text	   data	    bss	    dec	    hex	filename
12074542	1367740	 322408	13764690	 d20852	vmlinux
test_build: Tue Mar 3 20:49:13 PST 2015: succeeded on multi_v7_defconfig test_next-20150304
test_build: Tue Mar 3 20:49:13 PST 2015: ended on multi_v7_defconfig test_next-20150304
test_build: Tue Mar 3 20:48:02 PST 2015: started on tegra_defconfig%tegra20_mergeconfig test_next-20150304 (86a538e12a9bfdefe403d77c67944c97d28b75c9)
test_build: Tue Mar 3 20:48:02 PST 2015: serial is 20150303204533
drivers/net/ethernet/intel/igb/igb_ptp.c: In function ‘igb_ptp_feature_enable_i210’:
drivers/net/ethernet/intel/igb/igb_ptp.c:395:21: warning: ‘pin’ may be used uninitialized in this function [-Wmaybe-uninitialized]
drivers/net/ethernet/intel/igb/igb_ptp.c:471:6: note: ‘pin’ was declared here
In file included from drivers/power/power_supply_core.c:21:0:
include/linux/thermal.h: In function ‘power_actor_get_max_power’:
include/linux/thermal.h:408:38: error: parameter name omitted
include/linux/thermal.h: At top level:
include/linux/thermal.h:413:1: error: expected identifier or ‘(’ before ‘{’ token
make[2]: *** [drivers/power/power_supply_core.o] Error 1
make[1]: *** [drivers/power] Error 2
make[1]: *** Waiting for unfinished jobs....
make: *** [drivers] Error 2
test_build: Tue Mar 3 20:50:02 PST 2015: FAILED on tegra_defconfig%tegra20_mergeconfig test_next-20150304
test_build: Tue Mar 3 20:50:02 PST 2015: ended on tegra_defconfig%tegra20_mergeconfig test_next-20150304
test_build: Tue Mar 3 20:45:51 PST 2015: started on tegra_defconfig test_next-20150304 (86a538e12a9bfdefe403d77c67944c97d28b75c9)
test_build: Tue Mar 3 20:45:51 PST 2015: serial is 20150303204533
drivers/net/ethernet/intel/igb/igb_ptp.c: In function ‘igb_ptp_feature_enable_i210’:
drivers/net/ethernet/intel/igb/igb_ptp.c:395:21: warning: ‘pin’ may be used uninitialized in this function [-Wmaybe-uninitialized]
drivers/net/ethernet/intel/igb/igb_ptp.c:471:6: note: ‘pin’ was declared here
In file included from drivers/power/power_supply_core.c:21:0:
include/linux/thermal.h: In function ‘power_actor_get_max_power’:
include/linux/thermal.h:408:38: error: parameter name omitted
include/linux/thermal.h: At top level:
include/linux/thermal.h:413:1: error: expected identifier or ‘(’ before ‘{’ token
make[2]: *** [drivers/power/power_supply_core.o] Error 1
make[2]: *** Waiting for unfinished jobs....
make[1]: *** [drivers/power] Error 2
make[1]: *** Waiting for unfinished jobs....
make: *** [drivers] Error 2
test_build: Tue Mar 3 20:47:40 PST 2015: FAILED on tegra_defconfig test_next-20150304
test_build: Tue Mar 3 20:47:40 PST 2015: ended on tegra_defconfig test_next-20150304
