test_sparse: Mon Jun 29 19:47:54 PDT 2015: started on tegra_defconfig test_next-20150620 (121e784d34ce9ec6de443b4836b4ea3a092302a2)
test_sparse: Mon Jun 29 19:47:54 PDT 2015: serial is 20150629194533
test_sparse: sparse version unknown (checksum d41d8cd98f00b204e9800998ecf8427e)
/bin/sh: 1: sparse: not found
make[2]: *** [scripts/mod/empty.o] Error 127
make[1]: *** [scripts/mod] Error 2
make[1]: *** Waiting for unfinished jobs....
make: *** [scripts] Error 2
make: *** Waiting for unfinished jobs....
test_sparse: Mon Jun 29 19:47:59 PDT 2015: FAILED on tegra_defconfig test_next-20150620
test_sparse: Mon Jun 29 19:47:59 PDT 2015: ended on tegra_defconfig test_next-20150620
