test_sparse: Mon Jul 6 20:47:48 PDT 2015: started on tegra_defconfig test_next-20150707 (8e551e96341aa57779ea93a87c857ae61a057f11)
test_sparse: Mon Jul 6 20:47:48 PDT 2015: serial is 20150706204533
test_sparse: sparse version unknown (checksum d41d8cd98f00b204e9800998ecf8427e)
/bin/sh: 1: sparse: not found
make[2]: *** [scripts/mod/empty.o] Error 127
make[1]: *** [scripts/mod] Error 2
make[1]: *** Waiting for unfinished jobs....
<stdin>:1253:2: warning: #warning syscall userfaultfd not implemented [-Wcpp]
make: *** [scripts] Error 2
test_sparse: Mon Jul 6 20:47:55 PDT 2015: FAILED on tegra_defconfig test_next-20150707
test_sparse: Mon Jul 6 20:47:55 PDT 2015: ended on tegra_defconfig test_next-20150707
