test_sparse: Sun Oct 2 21:48:23 PDT 2016: started on tegra_defconfig test_next-20161003 (4bdc0be0d7cc42b9fe08b182e026151856415129)
test_sparse: Sun Oct 2 21:48:23 PDT 2016: serial is 20161002214533
test_sparse: sparse version unknown (checksum d41d8cd98f00b204e9800998ecf8427e)
<stdin>:1316:2: warning: #warning syscall pkey_mprotect not implemented [-Wcpp]
<stdin>:1319:2: warning: #warning syscall pkey_alloc not implemented [-Wcpp]
<stdin>:1322:2: warning: #warning syscall pkey_free not implemented [-Wcpp]
init/do_mounts.c:8:2: warning: "Sparse checking disabled for this file"
init/do_mounts_initrd.c:8:2: warning: "Sparse checking disabled for this file"
init/initramfs.c:8:2: warning: "Sparse checking disabled for this file"
init/calibrate.c:260:37: warning: symbol 'calibrate_delay_is_known' was not declared. Should it be static?
init/calibrate.c:270:28: warning: symbol 'calibration_delay_done' was not declared. Should it be static?
init/init_task.c:18:32: warning: Initializer entry defined twice
init/init_task.c:18:32:   also defined here
arch/arm/vfp/vfpmodule.c:41:6: warning: symbol 'vfp_vector' was not declared. Should it be static?
arch/arm/vfp/vfpmodule.c:48:14: warning: symbol 'VFP_arch' was not declared. Should it be static?
arch/arm/vfp/vfpmodule.c:59:17: warning: symbol 'vfp_current_hw_state' was not declared. Should it be static?
arch/arm/vfp/vfpmodule.c:332:6: warning: symbol 'VFP_bounce' was not declared. Should it be static?
arch/arm/vfp/vfpmodule.c:661:6: warning: symbol 'vfp_kmode_exception' was not declared. Should it be static?
arch/arm/vdso/vgettimeofday.c:199:13: warning: symbol '__vdso_clock_gettime' was not declared. Should it be static?
arch/arm/vdso/vgettimeofday.c:246:13: warning: symbol '__vdso_gettimeofday' was not declared. Should it be static?
arch/arm/vdso/vgettimeofday.c:272:6: warning: symbol '__aeabi_unwind_cpp_pr0' was not declared. Should it be static?
arch/arm/vdso/vgettimeofday.c:276:6: warning: symbol '__aeabi_unwind_cpp_pr1' was not declared. Should it be static?
arch/arm/vdso/vgettimeofday.c:280:6: warning: symbol '__aeabi_unwind_cpp_pr2' was not declared. Should it be static?
init/main.c:159:12: warning: symbol 'envp_init' was not declared. Should it be static?
arch/arm/mm/dma-mapping.c:802:52: warning: Using plain integer as NULL pointer
arch/arm/mm/fault.c:545:1: warning: symbol 'do_DataAbort' was not declared. Should it be static?
arch/arm/mm/fault.c:578:1: warning: symbol 'do_PrefetchAbort' was not declared. Should it be static?
arch/arm/kernel/irq.c:49:15: warning: symbol 'irq_err_count' was not declared. Should it be static?
arch/arm/mm/iomap.c:12:15: warning: symbol 'vga_base' was not declared. Should it be static?
arch/arm/mm/init.c:506:1: error: directive in argument list
arch/arm/mm/init.c:509:1: error: directive in argument list
arch/arm/mm/init.c:513:1: error: directive in argument list
arch/arm/mm/init.c:515:1: error: directive in argument list
arch/arm/mm/init.c:516:1: error: directive in argument list
arch/arm/mm/init.c:518:1: error: directive in argument list
arch/arm/mm/init.c:526:1: error: directive in argument list
arch/arm/mm/init.c:529:1: error: directive in argument list
arch/arm/mm/init.c:533:1: error: directive in argument list
arch/arm/mm/init.c:536:1: error: directive in argument list
arch/arm/mm/init.c:537:1: error: directive in argument list
arch/arm/mm/init.c:539:1: error: directive in argument list
arch/arm/mm/flush.c:388:6: warning: symbol '__flush_anon_page' was not declared. Should it be static?
arch/arm/mm/mmap.c:172:15: warning: symbol 'arch_mmap_rnd' was not declared. Should it be static?
arch/arm/firmware/trusted_foundations.c:34:13: error: attribute '__optimize__': unknown attribute
arch/arm/mm/mmu.c:57:10: warning: symbol 'user_pmd_table' was not declared. Should it be static?
arch/arm/mm/mmu.c:134:13: warning: symbol 'init_default_cache_policy' was not declared. Should it be static?
arch/arm/mm/mmu.c:1155:13: warning: symbol 'sanity_check_meminfo' was not declared. Should it be static?
arch/arm/mm/mmu.c:1582:13: warning: symbol 'early_paging_init' was not declared. Should it be static?
arch/arm/mm/mmu.c:1634:13: warning: symbol 'paging_init' was not declared. Should it be static?
arch/arm/kernel/process.c:193:1: warning: symbol 'thread_notify_head' was not declared. Should it be static?
arch/arm/kernel/process.c:319:15: warning: symbol 'arch_randomize_brk' was not declared. Should it be static?
arch/arm/mm/pageattr.c:71:5: warning: symbol 'set_memory_ro' was not declared. Should it be static?
arch/arm/mm/pageattr.c:78:5: warning: symbol 'set_memory_rw' was not declared. Should it be static?
arch/arm/mm/pageattr.c:85:5: warning: symbol 'set_memory_nx' was not declared. Should it be static?
arch/arm/mm/pageattr.c:92:5: warning: symbol 'set_memory_x' was not declared. Should it be static?
./include/linux/highmem.h:93:19: warning: incorrect type in initializer (different address spaces)
./include/linux/highmem.h:93:19:    expected int extern [noderef] [toplevel] <asn:3>*__p
./include/linux/highmem.h:93:19:    got int *<noident>
./include/linux/highmem.h:93:19: warning: incorrect type in initializer (different address spaces)
./include/linux/highmem.h:93:19:    expected int extern [noderef] [toplevel] <asn:3>*__p
./include/linux/highmem.h:93:19:    got int *<noident>
./include/linux/highmem.h:93:19: warning: incorrect type in initializer (different address spaces)
./include/linux/highmem.h:93:19:    expected int extern [noderef] [toplevel] <asn:3>*__p
./include/linux/highmem.h:93:19:    got int *<noident>
./include/linux/highmem.h:93:19: warning: incorrect type in initializer (different address spaces)
./include/linux/highmem.h:93:19:    expected int extern [noderef] [toplevel] <asn:3>*__p
./include/linux/highmem.h:93:19:    got int *<noident>
./include/linux/highmem.h:93:19: warning: incorrect type in initializer (different address spaces)
./include/linux/highmem.h:93:19:    expected int extern [noderef] [toplevel] <asn:3>*__p
./include/linux/highmem.h:93:19:    got int *<noident>
./include/linux/highmem.h:93:19: warning: incorrect type in initializer (different address spaces)
./include/linux/highmem.h:93:19:    expected int extern [noderef] [toplevel] <asn:3>*__p
./include/linux/highmem.h:93:19:    got int *<noident>
./include/linux/highmem.h:93:19: warning: incorrect type in initializer (different address spaces)
./include/linux/highmem.h:93:19:    expected int extern [noderef] [toplevel] <asn:3>*__p
./include/linux/highmem.h:93:19:    got int *<noident>
./include/linux/highmem.h:93:19: warning: incorrect type in initializer (different address spaces)
./include/linux/highmem.h:93:19:    expected int extern [noderef] [toplevel] <asn:3>*__p
./include/linux/highmem.h:93:19:    got int *<noident>
./include/linux/highmem.h:93:19: warning: dereference of noderef expression
./include/linux/highmem.h:93:19: warning: dereference of noderef expression
./include/linux/highmem.h:93:19: warning: dereference of noderef expression
./include/linux/highmem.h:93:19: warning: dereference of noderef expression
./include/linux/highmem.h:93:19: warning: dereference of noderef expression
./include/linux/highmem.h:93:19: warning: dereference of noderef expression
./include/linux/highmem.h:93:19: warning: dereference of noderef expression
./include/linux/highmem.h:93:19: warning: dereference of noderef expression
./include/linux/highmem.h:93:19: warning: dereference of noderef expression
./include/linux/highmem.h:93:19: warning: dereference of noderef expression
./include/linux/highmem.h:93:19: warning: dereference of noderef expression
./include/linux/highmem.h:93:19: warning: dereference of noderef expression
./include/linux/highmem.h:93:19: warning: dereference of noderef expression
./include/linux/highmem.h:93:19: warning: dereference of noderef expression
./include/linux/highmem.h:93:19: warning: dereference of noderef expression
./include/linux/highmem.h:93:19: warning: dereference of noderef expression
kernel/fork.c:108:5: warning: symbol 'max_threads' was not declared. Should it be static?
kernel/fork.c:133:13: warning: symbol 'arch_release_task_struct' was not declared. Should it be static?
kernel/fork.c:151:13: warning: symbol 'arch_release_thread_stack' was not declared. Should it be static?
kernel/fork.c:395:20: warning: symbol 'arch_task_cache_init' was not declared. Should it be static?
kernel/fork.c:425:13: warning: symbol 'fork_init' was not declared. Should it be static?
kernel/fork.c:453:12: warning: symbol 'arch_dup_task_struct' was not declared. Should it be static?
arch/arm/mach-tegra/pm.c:124:27: warning: incorrect type in initializer (different address spaces)
arch/arm/mach-tegra/pm.c:124:27:    expected unsigned int [usertype] *cpu_in_lp2
arch/arm/mach-tegra/pm.c:124:27:    got void [noderef] <asn:2>*
arch/arm/mach-tegra/pm.c:138:35: warning: incorrect type in initializer (different address spaces)
arch/arm/mach-tegra/pm.c:138:35:    expected struct cpumask [usertype] *cpu_lp2_mask
arch/arm/mach-tegra/pm.c:138:35:    got void [noderef] <asn:2>*
arch/arm/mach-tegra/pm.c:139:27: warning: incorrect type in initializer (different address spaces)
arch/arm/mach-tegra/pm.c:139:27:    expected unsigned int [usertype] *cpu_in_lp2
arch/arm/mach-tegra/pm.c:139:27:    got void [noderef] <asn:2>*
arch/arm/mach-tegra/pm.c:293:32: warning: incorrect type in argument 2 (different address spaces)
arch/arm/mach-tegra/pm.c:293:32:    expected void const *<noident>
arch/arm/mach-tegra/pm.c:293:32:    got void [noderef] <asn:2>*
arch/arm/mach-tegra/pm.c:295:16: warning: incorrect type in argument 1 (different address spaces)
arch/arm/mach-tegra/pm.c:295:16:    expected void *<noident>
arch/arm/mach-tegra/pm.c:295:16:    got void [noderef] <asn:2>*
arch/arm/mach-tegra/pm.c:298:12: warning: cast removes address space of expression
arch/arm/mach-tegra/pm.c:304:16: warning: incorrect type in argument 1 (different address spaces)
arch/arm/mach-tegra/pm.c:304:16:    expected void *<noident>
arch/arm/mach-tegra/pm.c:304:16:    got void [noderef] <asn:2>*
arch/arm/mach-tegra/pm.c:307:11: warning: cast removes address space of expression
./include/linux/sched.h:575:37: warning: implicit cast to nocast type
kernel/fork.c:1423:41: warning: implicit cast to nocast type
kernel/fork.c:1424:41: warning: implicit cast to nocast type
kernel/fork.c:1550:42: warning: implicit cast to nocast type
kernel/fork.c:1551:43: warning: implicit cast to nocast type
./include/linux/sched.h:575:37: warning: implicit cast to nocast type
arch/arm/mach-tegra/reset.c:71:9: error: subtraction of functions? Share your drugs
arch/arm/mach-tegra/reset.c:74:25: error: subtraction of functions? Share your drugs
arch/arm/mm/copypage-v6.c:125:21: warning: symbol 'v6_user_fns' was not declared. Should it be static?
arch/arm/mach-tegra/tegra.c:65:5: warning: symbol 'tegra_uart_config' was not declared. Should it be static?
mm/filemap.c:2309:35: warning: symbol 'generic_file_vm_ops' was not declared. Should it be static?
arch/arm/kernel/ptrace.c:931:16: warning: symbol 'syscall_trace_enter' was not declared. Should it be static?
arch/arm/kernel/ptrace.c:959:17: warning: symbol 'syscall_trace_exit' was not declared. Should it be static?
ipc/util.c:152:29: warning: context imbalance in 'ipc_findkey' - wrong count at exit
ipc/util.c:220:5: warning: context imbalance in 'ipc_addid' - different lock contexts for basic block
ipc/util.c:372:27: warning: context imbalance in 'ipcget_public' - unexpected unlock
ipc/util.c:574:22: warning: context imbalance in 'ipc_lock' - different lock contexts for basic block
ipc/util.c:741:29: warning: context imbalance in 'sysvipc_find_ipc' - different lock contexts for basic block
ipc/util.c:779:27: warning: context imbalance in 'sysvipc_proc_next' - unexpected unlock
ipc/util.c:823:27: warning: context imbalance in 'sysvipc_proc_stop' - unexpected unlock
fs/open.c:906:18: warning: restricted fmode_t degrades to integer
ipc/msgutil.c:55:16: error: incompatible types in comparison expression (different type sizes)
ipc/msgutil.c:67:24: error: incompatible types in comparison expression (different type sizes)
ipc/msgutil.c:95:16: error: incompatible types in comparison expression (different type sizes)
ipc/msgutil.c:102:24: error: incompatible types in comparison expression (different type sizes)
ipc/msgutil.c:155:16: error: incompatible types in comparison expression (different type sizes)
ipc/msgutil.c:162:24: error: incompatible types in comparison expression (different type sizes)
fs/read_write.c:40:29: warning: incorrect type in return expression (different base types)
fs/read_write.c:40:29:    expected int
fs/read_write.c:40:29:    got restricted fmode_t
fs/read_write.c:40:29: warning: incorrect type in return expression (different base types)
fs/read_write.c:40:29:    expected int
fs/read_write.c:40:29:    got restricted fmode_t
fs/read_write.c:40:29: warning: incorrect type in return expression (different base types)
fs/read_write.c:40:29:    expected int
fs/read_write.c:40:29:    got restricted fmode_t
fs/read_write.c:40:29: warning: incorrect type in return expression (different base types)
fs/read_write.c:40:29:    expected int
fs/read_write.c:40:29:    got restricted fmode_t
ipc/msg.c:151:26: warning: context imbalance in 'newque' - unexpected unlock
ipc/msg.c:234:13: warning: context imbalance in 'freeque' - unexpected unlock
ipc/msg.c:441:9: warning: context imbalance in 'msgctl_down' - different lock contexts for basic block
./include/linux/rcupdate.h:925:9: warning: context imbalance in 'find_lock_task_mm' - wrong count at exit
mm/oom_kill.c:191:28: warning: context imbalance in 'oom_badness' - unexpected unlock
mm/oom_kill.c:378:9: warning: context imbalance in 'dump_tasks' - different lock contexts for basic block
./include/linux/rcupdate.h:925:9: warning: context imbalance in 'oom_kill_process' - unexpected unlock
arch/arm/kernel/reboot.c:23:6: warning: symbol 'arm_pm_restart' was not declared. Should it be static?
arch/arm/kernel/reboot.c:79:6: warning: symbol 'soft_restart' was not declared. Should it be static?
arch/arm/kernel/setup.c:95:14: warning: symbol '__atags_pointer' was not declared. Should it be static?
arch/arm/kernel/setup.c:138:5: warning: symbol '__cpu_architecture' was not declared. Should it be static?
arch/arm/kernel/setup.c:1289:29: warning: symbol 'cpuinfo_op' was not declared. Should it be static?
arch/arm/kernel/signal.c:189:16: warning: symbol 'sys_sigreturn' was not declared. Should it be static?
arch/arm/kernel/signal.c:219:16: warning: symbol 'sys_rt_sigreturn' was not declared. Should it be static?
arch/arm/kernel/signal.c:566:1: warning: symbol 'do_work_pending' was not declared. Should it be static?
arch/arm/kernel/signal.c:605:13: warning: symbol 'get_signal_page' was not declared. Should it be static?
ipc/sem.c:287:9: warning: expression using sizeof bool
ipc/sem.c:321:9: warning: expression using sizeof bool
ipc/sem.c:321:9: warning: expression using sizeof bool
ipc/sem.c:321:9: warning: expression using sizeof bool
ipc/sem.c:321:9: warning: expression using sizeof bool
ipc/sem.c:321:9: warning: expression using sizeof bool
ipc/sem.c:374:22: warning: expression using sizeof bool
ipc/sem.c:374:22: warning: expression using sizeof bool
ipc/sem.c:374:22: warning: expression using sizeof bool
ipc/sem.c:374:22: warning: expression using sizeof bool
ipc/sem.c:374:22: warning: expression using sizeof bool
ipc/sem.c:374:22: warning: expression using sizeof bool
ipc/sem.c:374:22: warning: expression using sizeof bool
ipc/sem.c:374:22: warning: expression using sizeof bool
ipc/sem.c:374:22: warning: expression using sizeof bool
ipc/sem.c:374:22: warning: expression using sizeof bool
ipc/sem.c:374:22: warning: expression using sizeof bool
ipc/sem.c:374:22: warning: expression using sizeof bool
ipc/sem.c:374:22: warning: expression using sizeof bool
ipc/sem.c:374:22: warning: expression using sizeof bool
ipc/sem.c:374:22: warning: expression using sizeof bool
ipc/sem.c:374:22: warning: expression using sizeof bool
ipc/sem.c:374:22: warning: expression using sizeof bool
ipc/sem.c:374:22: warning: expression using sizeof bool
ipc/sem.c:374:22: warning: expression using sizeof bool
ipc/sem.c:374:22: warning: expression using sizeof bool
ipc/sem.c:374:22: warning: expression using sizeof bool
ipc/sem.c:374:22: warning: expression using sizeof bool
ipc/sem.c:374:22: warning: expression using sizeof bool
ipc/sem.c:374:22: warning: expression using sizeof bool
ipc/sem.c:374:22: warning: expression using sizeof bool
ipc/sem.c:374:22: warning: expression using sizeof bool
ipc/sem.c:374:22: warning: expression using sizeof bool
ipc/sem.c:374:22: warning: expression using sizeof bool
ipc/sem.c:374:22: warning: expression using sizeof bool
ipc/sem.c:374:22: warning: expression using sizeof bool
ipc/sem.c:374:22: warning: expression using sizeof bool
ipc/sem.c:374:22: warning: expression using sizeof bool
ipc/sem.c:374:22: warning: expression using sizeof bool
ipc/sem.c:374:22: warning: expression using sizeof bool
ipc/sem.c:374:22: warning: expression using sizeof bool
ipc/sem.c:374:22: warning: expression using sizeof bool
ipc/sem.c:374:22: warning: expression using sizeof bool
ipc/sem.c:374:22: warning: expression using sizeof bool
ipc/sem.c:374:22: warning: expression using sizeof bool
ipc/sem.c:374:22: warning: expression using sizeof bool
ipc/sem.c:374:22: warning: expression using sizeof bool
ipc/sem.c:374:22: warning: expression using sizeof bool
ipc/sem.c:374:22: warning: expression using sizeof bool
ipc/sem.c:374:22: warning: expression using sizeof bool
ipc/sem.c:374:22: warning: expression using sizeof bool
ipc/sem.c:374:22: warning: expression using sizeof bool
ipc/sem.c:374:22: warning: expression using sizeof bool
ipc/sem.c:374:22: warning: expression using sizeof bool
ipc/sem.c:374:22: warning: expression using sizeof bool
ipc/sem.c:374:22: warning: expression using sizeof bool
ipc/sem.c:374:22: warning: expression using sizeof bool
ipc/sem.c:374:22: warning: expression using sizeof bool
ipc/sem.c:374:22: warning: expression using sizeof bool
ipc/sem.c:374:22: warning: expression using sizeof bool
ipc/sem.c:374:22: warning: expression using sizeof bool
ipc/sem.c:374:22: warning: expression using sizeof bool
ipc/sem.c:374:22: warning: expression using sizeof bool
ipc/sem.c:374:22: warning: expression using sizeof bool
ipc/sem.c:374:22: warning: expression using sizeof bool
ipc/sem.c:374:22: warning: expression using sizeof bool
ipc/sem.c:374:22: warning: expression using sizeof bool
ipc/sem.c:374:22: warning: expression using sizeof bool
ipc/sem.c:374:22: warning: expression using sizeof bool
ipc/sem.c:374:22: warning: expression using sizeof bool
ipc/sem.c:374:22: warning: expression using sizeof bool
ipc/sem.c:374:22: warning: expression using sizeof bool
ipc/sem.c:569:9: warning: context imbalance in 'newary' - unexpected unlock
ipc/sem.c:1152:17: warning: context imbalance in 'freeary' - unexpected unlock
ipc/sem.c:1607:9: warning: context imbalance in 'semctl_down' - different lock contexts for basic block
ipc/sem.c:1712:24: warning: context imbalance in 'find_alloc_undo' - wrong count at exit
./include/linux/rcupdate.h:925:9: warning: context imbalance in 'SyS_semtimedop' - unexpected unlock
ipc/shm.c:95:17: warning: context imbalance in 'do_shm_rmid' - unexpected unlock
ipc/shm.c:201:9: warning: context imbalance in '__shm_open' - unexpected unlock
ipc/shm.c:228:13: warning: context imbalance in 'shm_destroy' - unexpected unlock
ipc/shm.c:293:17: warning: context imbalance in 'shm_close' - unexpected unlock
ipc/shm.c:299:12: warning: context imbalance in 'shm_try_destroy_orphaned' - different lock contexts for basic block
ipc/shm.c:362:9: warning: context imbalance in 'exit_shm' - different lock contexts for basic block
ipc/shm.c:604:17: warning: context imbalance in 'newseg' - unexpected unlock
ipc/shm.c:865:9: warning: context imbalance in 'shmctl_down' - different lock contexts for basic block
ipc/shm.c:1239:17: warning: context imbalance in 'do_shmat' - unexpected unlock
kernel/panic.c:59:13: warning: symbol 'panic_smp_self_stop' was not declared. Should it be static?
kernel/panic.c:69:13: warning: symbol 'nmi_panic_self_stop' was not declared. Should it be static?
kernel/panic.c:80:13: warning: symbol 'crash_smp_send_stop' was not declared. Should it be static?
kernel/panic.c:130:6: error: symbol 'panic' redeclared with different type (originally declared at ./include/linux/kernel.h:262) - different modifiers
mm/page_alloc.c:900:1: error: directive in argument list
mm/page_alloc.c:902:1: error: directive in argument list
mm/page_alloc.c:6579:1: error: directive in argument list
mm/page_alloc.c:6581:1: error: directive in argument list
mm/page_alloc.c:6589:1: error: directive in argument list
mm/page_alloc.c:6591:1: error: directive in argument list
fs/exec.c:426:31: warning: incorrect type in return expression (different address spaces)
fs/exec.c:426:31:    expected char const [noderef] <asn:1>*
fs/exec.c:426:31:    got void *
arch/arm/kernel/sys_arm.c:35:17: warning: symbol 'sys_arm_fadvise64_64' was not declared. Should it be static?
kernel/cpu.c:648:36: warning: incorrect type in initializer (different address spaces)
kernel/cpu.c:648:36:    expected struct task_struct [noderef] <asn:3>**store
kernel/cpu.c:648:36:    got struct task_struct *static [noderef] [toplevel] <asn:3>*<noident>
kernel/cpu.c:704:9: warning: context imbalance in 'clear_tasks_mm_cpumask' - different lock contexts for basic block
fs/namei.c:1909:14: error: symbol 'full_name_hash' redeclared with different type (originally declared at ./include/linux/stringhash.h:65) - different modifiers
fs/namei.c:1930:5: error: symbol 'hashlen_string' redeclared with different type (originally declared at ./include/linux/stringhash.h:76) - different modifiers
arch/arm/kernel/time.c:115:13: warning: symbol 'time_init' was not declared. Should it be static?
security/keys/keyring.c:1095:5: warning: context imbalance in '__key_link_begin' - wrong count at exit
security/keys/keyring.c:1215:9: warning: context imbalance in '__key_link_end' - wrong count at exit
security/keys/keyring.c:1270:9: warning: context imbalance in 'key_link' - different lock contexts for basic block
security/keys/keyctl.c:1699:43: warning: incorrect type in argument 3 (different address spaces)
security/keys/keyctl.c:1699:43:    expected struct keyctl_pkey_query [noderef] <asn:1>*_res
security/keys/keyctl.c:1699:43:    got struct keyctl_pkey_query *<noident>
arch/arm/kernel/traps.c:123:37: warning: incorrect type in argument 1 (different address spaces)
arch/arm/kernel/traps.c:123:37:    expected void const volatile [noderef] <asn:1>*<noident>
arch/arm/kernel/traps.c:123:37:    got unsigned long *<noident>
arch/arm/kernel/traps.c:156:31: warning: incorrect type in argument 1 (different address spaces)
arch/arm/kernel/traps.c:156:31:    expected void const volatile [noderef] <asn:1>*<noident>
arch/arm/kernel/traps.c:156:31:    got unsigned short [usertype] *
arch/arm/kernel/traps.c:158:31: warning: incorrect type in argument 1 (different address spaces)
arch/arm/kernel/traps.c:158:31:    expected void const volatile [noderef] <asn:1>*<noident>
arch/arm/kernel/traps.c:158:31:    got unsigned int [usertype] *
arch/arm/kernel/traps.c:425:33: warning: cast removes address space of expression
arch/arm/kernel/traps.c:406:29: warning: symbol 'do_undefinstr' was not declared. Should it be static?
arch/arm/kernel/traps.c:476:39: warning: symbol 'handle_fiq_as_nmi' was not declared. Should it be static?
arch/arm/kernel/traps.c:495:17: warning: symbol 'bad_mode' was not declared. Should it be static?
arch/arm/kernel/traps.c:562:14: warning: incorrect type in argument 1 (different base types)
arch/arm/kernel/traps.c:562:14:    expected void const volatile [noderef] <asn:1>*<noident>
arch/arm/kernel/traps.c:562:14:    got unsigned long [unsigned] start
arch/arm/kernel/traps.c:573:16: warning: symbol 'arm_syscall' was not declared. Should it be static?
arch/arm/kernel/traps.c:705:1: warning: symbol 'baddataabort' was not declared. Should it be static?
arch/arm/kernel/traps.c:749:17: warning: symbol '__div0' was not declared. Should it be static?
arch/arm/kernel/traps.c:756:6: warning: symbol 'abort' was not declared. Should it be static?
mm/swap.c:192:55: warning: context imbalance in 'pagevec_lru_move_fn' - unexpected unlock
mm/swap.c:747:47: warning: context imbalance in 'release_pages' - unexpected unlock
kernel/exit.c:125:28: warning: incorrect type in argument 2 (different modifiers)
kernel/exit.c:125:28:    expected unsigned long [nocast] [usertype] *utime
kernel/exit.c:125:28:    got unsigned long *<noident>
kernel/exit.c:125:28: warning: implicit cast to nocast type
kernel/exit.c:125:36: warning: incorrect type in argument 3 (different modifiers)
kernel/exit.c:125:36:    expected unsigned long [nocast] [usertype] *stime
kernel/exit.c:125:36:    got unsigned long *<noident>
kernel/exit.c:125:36: warning: implicit cast to nocast type
kernel/exit.c:728:17: error: symbol 'do_exit' redeclared with different type (originally declared at ./include/linux/kernel.h:268) - different modifiers
kernel/exit.c:889:6: error: symbol 'complete_and_exit' redeclared with different type (originally declared at ./include/linux/kernel.h:269) - different modifiers
crypto/cipher.c:70:24: warning: Variable length array is used.
kernel/softirq.c:747:36: warning: incorrect type in initializer (different address spaces)
kernel/softirq.c:747:36:    expected struct task_struct [noderef] <asn:3>**store
kernel/softirq.c:747:36:    got struct task_struct *[noderef] [toplevel] <asn:3>*<noident>
mm/vmscan.c:3344:55: error: incompatible types in comparison expression (different signedness)
arch/arm/kernel/bios32.c:58:6: warning: symbol 'pcibios_report_status' was not declared. Should it be static?
fs/dcache.c:536:28: warning: context imbalance in '__dentry_kill' - unexpected unlock
fs/dcache.c:561:22: warning: context imbalance in 'dentry_kill' - wrong count at exit
fs/dcache.c:791:9: warning: context imbalance in 'dput' - unexpected unlock
fs/dcache.c:920:18: warning: context imbalance in 'd_prune_aliases' - different lock contexts for basic block
fs/dcache.c:963:44: warning: context imbalance in 'shrink_dentry_list' - unexpected unlock
fs/dcache.c:1100:24: warning: context imbalance in 'dentry_lru_isolate_shrink' - different lock contexts for basic block
fs/dcache.c:1263:22: warning: context imbalance in 'd_walk' - different lock contexts for basic block
fs/dcache.c:2558:16: warning: context imbalance in 'd_add' - different lock contexts for basic block
fs/dcache.c:2716:9: warning: context imbalance in 'dentry_lock_for_move' - wrong count at exit
fs/dcache.c:2728:28: warning: context imbalance in 'dentry_unlock_for_move' - unexpected unlock
fs/dcache.c:2983:16: warning: context imbalance in 'd_splice_alias' - different lock contexts for basic block
fs/dcache.c:3133:9: warning: context imbalance in 'prepend_path' - wrong count at exit
./include/linux/err.h:23:20: warning: context imbalance in '__dentry_path' - different lock contexts for basic block
arch/arm/kernel/suspend.c:55:6: warning: symbol '__cpu_suspend_save' was not declared. Should it be static?
security/commoncap.c:997:41: warning: dubious: !x | y
kernel/ptrace.c:791:9: warning: context imbalance in 'ptrace_resume' - different lock contexts for basic block
kernel/ptrace.c:1057:9: warning: context imbalance in 'ptrace_request' - different lock contexts for basic block
arch/arm/kernel/smp.c:535:6: warning: symbol 'arch_irq_work_raise' was not declared. Should it be static?
arch/arm/kernel/smp.c:692:5: warning: symbol 'setup_profiling_timer' was not declared. Should it be static?
fs/inode.c:733:17: warning: context imbalance in 'inode_lru_isolate' - unexpected unlock
fs/inode.c:789:9: warning: context imbalance in 'find_inode' - different lock contexts for basic block
fs/inode.c:816:9: warning: context imbalance in 'find_inode_fast' - different lock contexts for basic block
fs/inode.c:1377:5: warning: context imbalance in 'insert_inode_locked' - wrong count at exit
fs/inode.c:1419:5: warning: context imbalance in 'insert_inode_locked4' - wrong count at exit
fs/inode.c:1511:20: warning: context imbalance in 'iput_final' - unexpected unlock
fs/inode.c:1525:6: warning: context imbalance in 'iput' - wrong count at exit
fs/inode.c:1889:13: warning: context imbalance in '__wait_on_freeing_inode' - unexpected unlock
kernel/user.c:77:19: warning: symbol 'uidhash_table' was not declared. Should it be static?
kernel/signal.c:1616:28: warning: incorrect type in argument 2 (different modifiers)
kernel/signal.c:1616:28:    expected unsigned long [nocast] [usertype] *utime
kernel/signal.c:1616:28:    got unsigned long *<noident>
kernel/signal.c:1616:28: warning: implicit cast to nocast type
kernel/signal.c:1616:36: warning: incorrect type in argument 3 (different modifiers)
kernel/signal.c:1616:36:    expected unsigned long [nocast] [usertype] *stime
kernel/signal.c:1616:36:    got unsigned long *<noident>
kernel/signal.c:1616:36: warning: implicit cast to nocast type
kernel/signal.c:1701:28: warning: incorrect type in argument 2 (different modifiers)
kernel/signal.c:1701:28:    expected unsigned long [nocast] [usertype] *utime
kernel/signal.c:1701:28:    got unsigned long *<noident>
kernel/signal.c:1701:28: warning: implicit cast to nocast type
kernel/signal.c:1701:36: warning: incorrect type in argument 3 (different modifiers)
kernel/signal.c:1701:36:    expected unsigned long [nocast] [usertype] *stime
kernel/signal.c:1701:36:    got unsigned long *<noident>
kernel/signal.c:1701:36: warning: implicit cast to nocast type
kernel/signal.c:3047:13: warning: symbol 'sigaction_compat_abi' was not declared. Should it be static?
kernel/signal.c:1209:23: warning: context imbalance in '__lock_task_sighand' - different lock contexts for basic block
kernel/signal.c:1946:13: warning: context imbalance in 'do_signal_stop' - different lock contexts for basic block
kernel/signal.c:2195:25: warning: context imbalance in 'get_signal' - unexpected unlock
crypto/seqiv.c:76:17: warning: Variable length array is used.
crypto/echainiv.c:50:17: warning: Variable length array is used.
kernel/sys.c:886:49: warning: incorrect type in argument 2 (different modifiers)
kernel/sys.c:886:49:    expected unsigned long [nocast] [usertype] *ut
kernel/sys.c:886:49:    got unsigned long *<noident>
kernel/sys.c:886:49: warning: implicit cast to nocast type
kernel/sys.c:886:59: warning: incorrect type in argument 3 (different modifiers)
kernel/sys.c:886:59:    expected unsigned long [nocast] [usertype] *st
kernel/sys.c:886:59:    got unsigned long *<noident>
kernel/sys.c:886:59: warning: implicit cast to nocast type
kernel/sys.c:1550:25: warning: implicit cast to nocast type
kernel/sys.c:1553:49: warning: incorrect type in argument 2 (different modifiers)
kernel/sys.c:1553:49:    expected unsigned long [nocast] [usertype] *ut
kernel/sys.c:1553:49:    got unsigned long *<noident>
kernel/sys.c:1553:49: warning: implicit cast to nocast type
kernel/sys.c:1553:57: warning: incorrect type in argument 3 (different modifiers)
kernel/sys.c:1553:57:    expected unsigned long [nocast] [usertype] *st
kernel/sys.c:1553:57:    got unsigned long *<noident>
kernel/sys.c:1553:57: warning: implicit cast to nocast type
kernel/sys.c:1579:51: warning: incorrect type in argument 2 (different modifiers)
kernel/sys.c:1579:51:    expected unsigned long [nocast] [usertype] *ut
kernel/sys.c:1579:51:    got unsigned long *<noident>
kernel/sys.c:1579:51: warning: implicit cast to nocast type
kernel/sys.c:1579:61: warning: incorrect type in argument 3 (different modifiers)
kernel/sys.c:1579:61:    expected unsigned long [nocast] [usertype] *st
kernel/sys.c:1579:61:    got unsigned long *<noident>
kernel/sys.c:1579:61: warning: implicit cast to nocast type
mm/vmstat.c:309:13: warning: incorrect type in initializer (different address spaces)
mm/vmstat.c:309:13:    expected signed char [noderef] [usertype] <asn:3>*__p
mm/vmstat.c:309:13:    got signed char *<noident>
mm/vmstat.c:309:13: warning: incorrect type in initializer (different address spaces)
mm/vmstat.c:309:13:    expected signed char [noderef] [usertype] <asn:3>*__p
mm/vmstat.c:309:13:    got signed char *<noident>
mm/vmstat.c:309:13: warning: incorrect type in initializer (different address spaces)
mm/vmstat.c:309:13:    expected signed char [noderef] [usertype] <asn:3>*__p
mm/vmstat.c:309:13:    got signed char *<noident>
mm/vmstat.c:309:13: warning: incorrect type in initializer (different address spaces)
mm/vmstat.c:309:13:    expected signed char [noderef] [usertype] <asn:3>*__p
mm/vmstat.c:309:13:    got signed char *<noident>
mm/vmstat.c:325:13: warning: incorrect type in initializer (different address spaces)
mm/vmstat.c:325:13:    expected signed char [noderef] [usertype] <asn:3>*__p
mm/vmstat.c:325:13:    got signed char *<noident>
mm/vmstat.c:325:13: warning: incorrect type in initializer (different address spaces)
mm/vmstat.c:325:13:    expected signed char [noderef] [usertype] <asn:3>*__p
mm/vmstat.c:325:13:    got signed char *<noident>
mm/vmstat.c:325:13: warning: incorrect type in initializer (different address spaces)
mm/vmstat.c:325:13:    expected signed char [noderef] [usertype] <asn:3>*__p
mm/vmstat.c:325:13:    got signed char *<noident>
mm/vmstat.c:325:13: warning: incorrect type in initializer (different address spaces)
mm/vmstat.c:325:13:    expected signed char [noderef] [usertype] <asn:3>*__p
mm/vmstat.c:325:13:    got signed char *<noident>
mm/vmstat.c:353:13: warning: incorrect type in initializer (different address spaces)
mm/vmstat.c:353:13:    expected signed char [noderef] [usertype] <asn:3>*__p
mm/vmstat.c:353:13:    got signed char *<noident>
mm/vmstat.c:353:13: warning: incorrect type in initializer (different address spaces)
mm/vmstat.c:353:13:    expected signed char [noderef] [usertype] <asn:3>*__p
mm/vmstat.c:353:13:    got signed char *<noident>
mm/vmstat.c:353:13: warning: incorrect type in initializer (different address spaces)
mm/vmstat.c:353:13:    expected signed char [noderef] [usertype] <asn:3>*__p
mm/vmstat.c:353:13:    got signed char *<noident>
mm/vmstat.c:353:13: warning: incorrect type in initializer (different address spaces)
mm/vmstat.c:353:13:    expected signed char [noderef] [usertype] <asn:3>*__p
mm/vmstat.c:353:13:    got signed char *<noident>
mm/vmstat.c:369:13: warning: incorrect type in initializer (different address spaces)
mm/vmstat.c:369:13:    expected signed char [noderef] [usertype] <asn:3>*__p
mm/vmstat.c:369:13:    got signed char *<noident>
mm/vmstat.c:369:13: warning: incorrect type in initializer (different address spaces)
mm/vmstat.c:369:13:    expected signed char [noderef] [usertype] <asn:3>*__p
mm/vmstat.c:369:13:    got signed char *<noident>
mm/vmstat.c:369:13: warning: incorrect type in initializer (different address spaces)
mm/vmstat.c:369:13:    expected signed char [noderef] [usertype] <asn:3>*__p
mm/vmstat.c:369:13:    got signed char *<noident>
mm/vmstat.c:369:13: warning: incorrect type in initializer (different address spaces)
mm/vmstat.c:369:13:    expected signed char [noderef] [usertype] <asn:3>*__p
mm/vmstat.c:369:13:    got signed char *<noident>
mm/vmstat.c:657:29: warning: incorrect type in initializer (different address spaces)
mm/vmstat.c:657:29:    expected signed char [noderef] <asn:3>*__p
mm/vmstat.c:657:29:    got signed char *<noident>
mm/vmstat.c:657:29: warning: incorrect type in initializer (different address spaces)
mm/vmstat.c:657:29:    expected signed char [noderef] <asn:3>*__p
mm/vmstat.c:657:29:    got signed char *<noident>
mm/vmstat.c:657:29: warning: incorrect type in initializer (different address spaces)
mm/vmstat.c:657:29:    expected signed char [noderef] <asn:3>*__p
mm/vmstat.c:657:29:    got signed char *<noident>
mm/vmstat.c:657:29: warning: incorrect type in initializer (different address spaces)
mm/vmstat.c:657:29:    expected signed char [noderef] <asn:3>*__p
mm/vmstat.c:657:29:    got signed char *<noident>
mm/vmstat.c:707:29: warning: incorrect type in initializer (different address spaces)
mm/vmstat.c:707:29:    expected signed char [noderef] <asn:3>*__p
mm/vmstat.c:707:29:    got signed char *<noident>
mm/vmstat.c:707:29: warning: incorrect type in initializer (different address spaces)
mm/vmstat.c:707:29:    expected signed char [noderef] <asn:3>*__p
mm/vmstat.c:707:29:    got signed char *<noident>
mm/vmstat.c:707:29: warning: incorrect type in initializer (different address spaces)
mm/vmstat.c:707:29:    expected signed char [noderef] <asn:3>*__p
mm/vmstat.c:707:29:    got signed char *<noident>
mm/vmstat.c:707:29: warning: incorrect type in initializer (different address spaces)
mm/vmstat.c:707:29:    expected signed char [noderef] <asn:3>*__p
mm/vmstat.c:707:29:    got signed char *<noident>
mm/vmstat.c:309:13: warning: dereference of noderef expression
mm/vmstat.c:309:13: warning: dereference of noderef expression
mm/vmstat.c:309:13: warning: dereference of noderef expression
mm/vmstat.c:309:13: warning: dereference of noderef expression
mm/vmstat.c:309:13: warning: dereference of noderef expression
mm/vmstat.c:309:13: warning: dereference of noderef expression
mm/vmstat.c:309:13: warning: dereference of noderef expression
mm/vmstat.c:309:13: warning: dereference of noderef expression
mm/vmstat.c:325:13: warning: dereference of noderef expression
mm/vmstat.c:325:13: warning: dereference of noderef expression
mm/vmstat.c:325:13: warning: dereference of noderef expression
mm/vmstat.c:325:13: warning: dereference of noderef expression
mm/vmstat.c:325:13: warning: dereference of noderef expression
mm/vmstat.c:325:13: warning: dereference of noderef expression
mm/vmstat.c:325:13: warning: dereference of noderef expression
mm/vmstat.c:325:13: warning: dereference of noderef expression
mm/vmstat.c:353:13: warning: dereference of noderef expression
mm/vmstat.c:353:13: warning: dereference of noderef expression
mm/vmstat.c:353:13: warning: dereference of noderef expression
mm/vmstat.c:353:13: warning: dereference of noderef expression
mm/vmstat.c:353:13: warning: dereference of noderef expression
mm/vmstat.c:353:13: warning: dereference of noderef expression
mm/vmstat.c:353:13: warning: dereference of noderef expression
mm/vmstat.c:353:13: warning: dereference of noderef expression
mm/vmstat.c:369:13: warning: dereference of noderef expression
mm/vmstat.c:369:13: warning: dereference of noderef expression
mm/vmstat.c:369:13: warning: dereference of noderef expression
mm/vmstat.c:369:13: warning: dereference of noderef expression
mm/vmstat.c:369:13: warning: dereference of noderef expression
mm/vmstat.c:369:13: warning: dereference of noderef expression
mm/vmstat.c:369:13: warning: dereference of noderef expression
mm/vmstat.c:369:13: warning: dereference of noderef expression
mm/vmstat.c:657:29: warning: dereference of noderef expression
mm/vmstat.c:657:29: warning: dereference of noderef expression
mm/vmstat.c:657:29: warning: dereference of noderef expression
mm/vmstat.c:657:29: warning: dereference of noderef expression
mm/vmstat.c:657:29: warning: dereference of noderef expression
mm/vmstat.c:657:29: warning: dereference of noderef expression
mm/vmstat.c:657:29: warning: dereference of noderef expression
mm/vmstat.c:657:29: warning: dereference of noderef expression
mm/vmstat.c:707:29: warning: dereference of noderef expression
mm/vmstat.c:707:29: warning: dereference of noderef expression
mm/vmstat.c:707:29: warning: dereference of noderef expression
mm/vmstat.c:707:29: warning: dereference of noderef expression
mm/vmstat.c:707:29: warning: dereference of noderef expression
mm/vmstat.c:707:29: warning: dereference of noderef expression
mm/vmstat.c:707:29: warning: dereference of noderef expression
mm/vmstat.c:707:29: warning: dereference of noderef expression
crypto/shash.c:82:40: warning: Variable length array is used.
crypto/shash.c:118:40: warning: Variable length array is used.
kernel/workqueue.c:4294:61: warning: expression using sizeof bool
fs/file.c:27:14: warning: symbol 'sysctl_nr_open_min' was not declared. Should it be static?
fs/file.c:30:14: warning: symbol 'sysctl_nr_open_max' was not declared. Should it be static?
fs/file.c:467:21: warning: symbol 'init_files' was not declared. Should it be static?
arch/arm/kernel/arch_timer.c:34:12: warning: symbol 'arch_timer_arch_init' was not declared. Should it be static?
arch/arm/kernel/machine_kexec.c:64:23: warning: cast removes address space of expression
arch/arm/kernel/machine_kexec.c:64:23: warning: cast removes address space of expression
arch/arm/kernel/machine_kexec.c:64:23: warning: incorrect type in initializer (different address spaces)
arch/arm/kernel/machine_kexec.c:64:23:    expected unsigned int const [noderef] <asn:1>*register __p
arch/arm/kernel/machine_kexec.c:64:23:    got unsigned int [usertype] *<noident>
arch/arm/kernel/machine_kexec.c:64:23: warning: cast removes address space of expression
arch/arm/kernel/machine_kexec.c:78:6: warning: symbol 'machine_crash_nonpanic_core' was not declared. Should it be static?
arch/arm/kernel/unwind.c:53:6: warning: symbol '__aeabi_unwind_cpp_pr0' was not declared. Should it be static?
arch/arm/kernel/unwind.c:58:6: warning: symbol '__aeabi_unwind_cpp_pr1' was not declared. Should it be static?
arch/arm/kernel/unwind.c:63:6: warning: symbol '__aeabi_unwind_cpp_pr2' was not declared. Should it be static?
kernel/pid.c:48:5: warning: symbol 'pid_max' was not declared. Should it be static?
kernel/pid.c:52:5: warning: symbol 'pid_max_min' was not declared. Should it be static?
kernel/pid.c:53:5: warning: symbol 'pid_max_max' was not declared. Should it be static?
mm/mm_init.c:145:5: warning: symbol 'vm_committed_as_batch' was not declared. Should it be static?
arch/arm/kernel/swp_emulate.c:123:23: warning: incorrect type in assignment (different address spaces)
arch/arm/kernel/swp_emulate.c:123:23:    expected void [noderef] <asn:1>*[assigned] [usertype] _addr
arch/arm/kernel/swp_emulate.c:123:23:    got void *<noident>
arch/arm/kernel/swp_emulate.c:213:14: warning: incorrect type in argument 1 (different base types)
arch/arm/kernel/swp_emulate.c:213:14:    expected void const volatile [noderef] <asn:1>*<noident>
arch/arm/kernel/swp_emulate.c:213:14:    got unsigned int
crypto/hmac.c:55:9: warning: Variable length array is used.
kernel/extable.c:39:26: warning: symbol 'main_extable_sort_needed' was not declared. Should it be static?
arch/arm/kernel/perf_event_v7.c:158:9: warning: Initializer entry defined twice
arch/arm/kernel/perf_event_v7.c:159:10:   also defined here
arch/arm/kernel/perf_event_v7.c:171:9: warning: Initializer entry defined twice
arch/arm/kernel/perf_event_v7.c:178:10:   also defined here
arch/arm/kernel/perf_event_v7.c:207:9: warning: Initializer entry defined twice
arch/arm/kernel/perf_event_v7.c:208:10:   also defined here
arch/arm/kernel/perf_event_v7.c:221:9: warning: Initializer entry defined twice
arch/arm/kernel/perf_event_v7.c:228:10:   also defined here
arch/arm/kernel/perf_event_v7.c:251:9: warning: Initializer entry defined twice
arch/arm/kernel/perf_event_v7.c:252:10:   also defined here
arch/arm/kernel/perf_event_v7.c:263:9: warning: Initializer entry defined twice
arch/arm/kernel/perf_event_v7.c:265:10:   also defined here
arch/arm/kernel/perf_event_v7.c:297:9: warning: Initializer entry defined twice
arch/arm/kernel/perf_event_v7.c:298:10:   also defined here
arch/arm/kernel/perf_event_v7.c:310:9: warning: Initializer entry defined twice
arch/arm/kernel/perf_event_v7.c:312:10:   also defined here
arch/arm/kernel/perf_event_v7.c:346:9: warning: Initializer entry defined twice
arch/arm/kernel/perf_event_v7.c:347:10:   also defined here
arch/arm/kernel/perf_event_v7.c:359:9: warning: Initializer entry defined twice
arch/arm/kernel/perf_event_v7.c:366:10:   also defined here
arch/arm/kernel/perf_event_v7.c:395:9: warning: Initializer entry defined twice
arch/arm/kernel/perf_event_v7.c:396:10:   also defined here
arch/arm/kernel/perf_event_v7.c:408:9: warning: Initializer entry defined twice
arch/arm/kernel/perf_event_v7.c:410:10:   also defined here
arch/arm/kernel/perf_event_v7.c:445:9: warning: Initializer entry defined twice
arch/arm/kernel/perf_event_v7.c:446:10:   also defined here
arch/arm/kernel/perf_event_v7.c:454:9: warning: Initializer entry defined twice
arch/arm/kernel/perf_event_v7.c:455:10:   also defined here
arch/arm/kernel/perf_event_v7.c:464:9: warning: Initializer entry defined twice
arch/arm/kernel/perf_event_v7.c:471:10:   also defined here
arch/arm/kernel/perf_event_v7.c:495:9: warning: Initializer entry defined twice
arch/arm/kernel/perf_event_v7.c:496:10:   also defined here
arch/arm/kernel/perf_event_v7.c:506:9: warning: Initializer entry defined twice
arch/arm/kernel/perf_event_v7.c:512:10:   also defined here
arch/arm/kernel/topology.c:45:15: warning: symbol 'arch_scale_cpu_capacity' was not declared. Should it be static?
arch/arm/kernel/topology.c:192:22: warning: symbol 'cpu_corepower_mask' was not declared. Should it be static?
mm/percpu.c:1955:12: warning: symbol 'pcpu_embed_first_chunk' was not declared. Should it be static?
fs/namespace.c:1675:22: warning: symbol 'to_mnt_ns' was not declared. Should it be static?
block/blk-core.c:1147:24: warning: context imbalance in '__get_request' - unexpected unlock
block/blk-core.c:1287:23: warning: context imbalance in 'blk_old_get_request' - different lock contexts for basic block
block/blk-core.c:1663:17: warning: context imbalance in 'blk_queue_bio' - different lock contexts for basic block
block/blk-core.c:3291:17: warning: context imbalance in 'blk_flush_plug_list' - unexpected unlock
./include/linux/gfp.h:277:27: warning: restricted gfp_t degrades to integer
mm/compaction.c:1699:37: warning: incorrect type in initializer (different base types)
mm/compaction.c:1699:37:    expected int [signed] may_enter_fs
mm/compaction.c:1699:37:    got restricted gfp_t
mm/compaction.c:1700:39: warning: incorrect type in initializer (different base types)
mm/compaction.c:1700:39:    expected int [signed] may_perform_io
mm/compaction.c:1700:39:    got restricted gfp_t
mm/compaction.c:329:13: warning: context imbalance in 'compact_trylock_irqsave' - wrong count at exit
./include/linux/spinlock.h:362:9: warning: context imbalance in 'compact_unlock_should_abort' - unexpected unlock
mm/compaction.c:524:39: warning: context imbalance in 'isolate_freepages_block' - unexpected unlock
mm/compaction.c:930:53: warning: context imbalance in 'isolate_migratepages_block' - unexpected unlock
mm/workingset.c:438:20: warning: context imbalance in 'shadow_lru_isolate' - unexpected unlock
block/blk-flush.c:273:9: warning: context imbalance in 'flush_end_io' - different lock contexts for basic block
mm/debug.c:99:1: error: directive in argument list
mm/debug.c:101:1: error: directive in argument list
mm/debug.c:110:1: error: directive in argument list
mm/debug.c:112:1: error: directive in argument list
mm/debug.c:113:1: error: directive in argument list
mm/debug.c:115:1: error: directive in argument list
mm/debug.c:117:1: error: directive in argument list
mm/debug.c:119:1: error: directive in argument list
mm/debug.c:120:1: error: directive in argument list
mm/debug.c:122:1: error: directive in argument list
mm/debug.c:123:1: error: directive in argument list
mm/debug.c:125:1: error: directive in argument list
mm/debug.c:129:1: error: directive in argument list
mm/debug.c:131:1: error: directive in argument list
mm/debug.c:144:1: error: directive in argument list
mm/debug.c:146:1: error: directive in argument list
mm/debug.c:147:1: error: directive in argument list
mm/debug.c:149:1: error: directive in argument list
mm/debug.c:151:1: error: directive in argument list
mm/debug.c:153:1: error: directive in argument list
mm/debug.c:154:1: error: directive in argument list
mm/debug.c:156:1: error: directive in argument list
mm/debug.c:157:1: error: directive in argument list
mm/debug.c:159:1: error: directive in argument list
crypto/cbc.c:149:20: warning: Variable length array is used.
mm/gup.c:626:6: warning: symbol 'vma_permits_fault' was not declared. Should it be static?
crypto/ctr.c:61:22: warning: Variable length array is used.
crypto/ctr.c:110:22: warning: Variable length array is used.
crypto/gcm.c:1091:9: warning: Variable length array is used.
kernel/smpboot.c:171:36: warning: incorrect type in initializer (different address spaces)
kernel/smpboot.c:171:36:    expected void const [noderef] <asn:3>*__vpp_verify
kernel/smpboot.c:171:36:    got struct task_struct [noderef] <asn:3>**<noident>
kernel/smpboot.c:171:35: warning: incorrect type in initializer (different address spaces)
kernel/smpboot.c:171:35:    expected struct task_struct *tsk
kernel/smpboot.c:171:35:    got struct task_struct [noderef] <asn:3>*<noident>
kernel/smpboot.c:190:10: warning: incorrect type in initializer (different address spaces)
kernel/smpboot.c:190:10:    expected void const [noderef] <asn:3>*__vpp_verify
kernel/smpboot.c:190:10:    got struct task_struct [noderef] <asn:3>**<noident>
kernel/smpboot.c:190:38: warning: incorrect type in assignment (different address spaces)
kernel/smpboot.c:190:38:    expected struct task_struct [noderef] <asn:3>*<noident>
kernel/smpboot.c:190:38:    got struct task_struct *[assigned] tsk
kernel/smpboot.c:223:36: warning: incorrect type in initializer (different address spaces)
kernel/smpboot.c:223:36:    expected void const [noderef] <asn:3>*__vpp_verify
kernel/smpboot.c:223:36:    got struct task_struct [noderef] <asn:3>**<noident>
kernel/smpboot.c:223:35: warning: incorrect type in initializer (different address spaces)
kernel/smpboot.c:223:35:    expected struct task_struct *tsk
kernel/smpboot.c:223:35:    got struct task_struct [noderef] <asn:3>*<noident>
kernel/smpboot.c:243:36: warning: incorrect type in initializer (different address spaces)
kernel/smpboot.c:243:36:    expected void const [noderef] <asn:3>*__vpp_verify
kernel/smpboot.c:243:36:    got struct task_struct [noderef] <asn:3>**<noident>
kernel/smpboot.c:243:35: warning: incorrect type in initializer (different address spaces)
kernel/smpboot.c:243:35:    expected struct task_struct *tsk
kernel/smpboot.c:243:35:    got struct task_struct [noderef] <asn:3>*<noident>
kernel/smpboot.c:266:44: warning: incorrect type in initializer (different address spaces)
kernel/smpboot.c:266:44:    expected void const [noderef] <asn:3>*__vpp_verify
kernel/smpboot.c:266:44:    got struct task_struct [noderef] <asn:3>**<noident>
kernel/smpboot.c:266:43: warning: incorrect type in initializer (different address spaces)
kernel/smpboot.c:266:43:    expected struct task_struct *tsk
kernel/smpboot.c:266:43:    got struct task_struct [noderef] <asn:3>*<noident>
kernel/smpboot.c:271:26: warning: incorrect type in initializer (different address spaces)
kernel/smpboot.c:271:26:    expected void const [noderef] <asn:3>*__vpp_verify
kernel/smpboot.c:271:26:    got struct task_struct [noderef] <asn:3>**<noident>
mm/highmem.c:101:16: warning: Initializer entry defined twice
mm/highmem.c:101:16:   also defined here
fs/libfs.c:873:16: error: incompatible types in comparison expression (different type sizes)
kernel/bpf/core.c:710:43: error: arithmetics on pointers to functions
mm/memory.c:122:15: warning: symbol 'zero_pfn' was not declared. Should it be static?
mm/memory.c:2904:36: warning: Using plain integer as NULL pointer
mm/memory.c:3151:36: warning: Using plain integer as NULL pointer
mm/memory.c:940:17: warning: context imbalance in 'copy_pte_range' - different lock contexts for basic block
mm/memory.c:1461:32: warning: context imbalance in '__get_locked_pte' - different lock contexts for basic block
mm/memory.c:1697:17: warning: context imbalance in 'remap_pte_range' - different lock contexts for basic block
mm/memory.c:1896:17: warning: context imbalance in 'apply_to_pte_range' - unexpected unlock
mm/memory.c:2279:17: warning: context imbalance in 'wp_pfn_shared' - unexpected unlock
mm/memory.c:2363:12: warning: context imbalance in 'do_wp_page' - different lock contexts for basic block
mm/memory.c:2888:12: warning: context imbalance in 'pte_alloc_one_map' - wrong count at exit
mm/memory.c:3167:9: warning: context imbalance in 'do_fault_around' - unexpected unlock
mm/memory.c:3197:17: warning: context imbalance in 'do_read_fault' - unexpected unlock
mm/memory.c:3235:17: warning: context imbalance in 'do_cow_fault' - unexpected unlock
mm/memory.c:3279:17: warning: context imbalance in 'do_shared_fault' - unexpected unlock
mm/memory.c:3737:12: warning: context imbalance in '__follow_pte' - different lock contexts for basic block
crypto/authenc.c:187:9: warning: Variable length array is used.
crypto/authencesn.c:185:9: warning: Variable length array is used.
kernel/events/core.c:562:26: warning: function 'perf_pmu_name' with external linkage has definition
kernel/events/core.c:145:16: warning: incorrect type in initializer (different address spaces)
kernel/events/core.c:145:16:    expected void const [noderef] <asn:3>*__vpp_verify
kernel/events/core.c:145:16:    got struct perf_cpu_context *<noident>
kernel/events/core.c:145:16: warning: incorrect type in initializer (different address spaces)
kernel/events/core.c:145:16:    expected void const [noderef] <asn:3>*__vpp_verify
kernel/events/core.c:145:16:    got struct perf_cpu_context *<noident>
kernel/events/core.c:961:1: warning: symbol 'perf_cgroup_switch' was not declared. Should it be static?
kernel/events/core.c:1070:22: warning: incorrect type in initializer (different address spaces)
kernel/events/core.c:1070:22:    expected void const [noderef] <asn:3>*__vpp_verify
kernel/events/core.c:1070:22:    got int *<noident>
kernel/events/core.c:1077:22: warning: incorrect type in initializer (different address spaces)
kernel/events/core.c:1077:22:    expected void const [noderef] <asn:3>*__vpp_verify
kernel/events/core.c:1077:22:    got int *<noident>
kernel/events/core.c:145:16: warning: incorrect type in initializer (different address spaces)
kernel/events/core.c:145:16:    expected void const [noderef] <asn:3>*__vpp_verify
kernel/events/core.c:145:16:    got struct perf_cpu_context *<noident>
kernel/events/core.c:145:16: warning: incorrect type in initializer (different address spaces)
kernel/events/core.c:145:16:    expected void const [noderef] <asn:3>*__vpp_verify
kernel/events/core.c:145:16:    got struct perf_cpu_context *<noident>
kernel/events/core.c:2845:43: warning: incorrect type in initializer (different address spaces)
kernel/events/core.c:2845:43:    expected void const [noderef] <asn:3>*__vpp_verify
kernel/events/core.c:2845:43:    got struct perf_cpu_context *<noident>
kernel/events/core.c:2856:43: warning: incorrect type in initializer (different address spaces)
kernel/events/core.c:2856:43:    expected void const [noderef] <asn:3>*__vpp_verify
kernel/events/core.c:2856:43:    got struct perf_cpu_context *<noident>
kernel/events/core.c:145:16: warning: incorrect type in initializer (different address spaces)
kernel/events/core.c:145:16:    expected void const [noderef] <asn:3>*__vpp_verify
kernel/events/core.c:145:16:    got struct perf_cpu_context *<noident>
kernel/events/core.c:3360:21: warning: incorrect type in initializer (different address spaces)
kernel/events/core.c:3360:21:    expected int static [noderef] [toplevel] <asn:3>*__p
kernel/events/core.c:3360:21:    got int *<noident>
kernel/events/core.c:3360:21: warning: incorrect type in initializer (different address spaces)
kernel/events/core.c:3360:21:    expected int static [noderef] [toplevel] <asn:3>*__p
kernel/events/core.c:3360:21:    got int *<noident>
kernel/events/core.c:3360:21: warning: incorrect type in initializer (different address spaces)
kernel/events/core.c:3360:21:    expected int static [noderef] [toplevel] <asn:3>*__p
kernel/events/core.c:3360:21:    got int *<noident>
kernel/events/core.c:3360:21: warning: incorrect type in initializer (different address spaces)
kernel/events/core.c:3360:21:    expected int static [noderef] [toplevel] <asn:3>*__p
kernel/events/core.c:3360:21:    got int *<noident>
kernel/events/core.c:145:16: warning: incorrect type in initializer (different address spaces)
kernel/events/core.c:145:16:    expected void const [noderef] <asn:3>*__vpp_verify
kernel/events/core.c:145:16:    got struct perf_cpu_context *<noident>
kernel/events/core.c:145:16: warning: incorrect type in initializer (different address spaces)
kernel/events/core.c:145:16:    expected void const [noderef] <asn:3>*__vpp_verify
kernel/events/core.c:145:16:    got struct perf_cpu_context *<noident>
kernel/events/core.c:3697:26: warning: incorrect type in initializer (different address spaces)
kernel/events/core.c:3697:26:    expected void const [noderef] <asn:3>*__vpp_verify
kernel/events/core.c:3697:26:    got struct perf_cpu_context *<noident>
kernel/events/core.c:4749:13: warning: symbol 'arch_perf_update_userpage' was not declared. Should it be static?
kernel/events/internal.h:194:46: warning: incorrect type in argument 2 (different address spaces)
kernel/events/internal.h:194:46:    expected void const [noderef] <asn:1>*from
kernel/events/internal.h:194:46:    got void const *src
kernel/events/core.c:6226:43: warning: incorrect type in initializer (different address spaces)
kernel/events/core.c:6226:43:    expected void const [noderef] <asn:3>*__vpp_verify
kernel/events/core.c:6226:43:    got struct perf_cpu_context *<noident>
kernel/events/core.c:8564:35: warning: incorrect type in return expression (different address spaces)
kernel/events/core.c:8564:35:    expected struct perf_cpu_context [noderef] <asn:3>*
kernel/events/core.c:8564:35:    got struct perf_cpu_context *[noderef] pmu_cpu_context
kernel/events/core.c:8577:26: warning: incorrect type in initializer (different address spaces)
kernel/events/core.c:8577:26:    expected void const [noderef] <asn:3>*__vpp_verify
kernel/events/core.c:8577:26:    got struct perf_cpu_context *<noident>
kernel/events/core.c:8599:24: warning: incorrect type in argument 1 (different address spaces)
kernel/events/core.c:8599:24:    expected void [noderef] <asn:3>*__pdata
kernel/events/core.c:8599:24:    got struct perf_cpu_context *[noderef] pmu_cpu_context
kernel/events/core.c:8615:1: warning: symbol 'dev_attr_nr_addr_filters' was not declared. Should it be static?
kernel/events/core.c:8666:26: warning: incorrect type in initializer (different address spaces)
kernel/events/core.c:8666:26:    expected void const [noderef] <asn:3>*__vpp_verify
kernel/events/core.c:8666:26:    got struct perf_cpu_context *<noident>
kernel/events/core.c:8745:32: warning: incorrect type in assignment (different address spaces)
kernel/events/core.c:8745:32:    expected int *[noderef] pmu_disable_count
kernel/events/core.c:8745:32:    got int [noderef] <asn:3>*<noident>
kernel/events/core.c:8785:30: warning: incorrect type in assignment (different address spaces)
kernel/events/core.c:8785:30:    expected struct perf_cpu_context *[noderef] pmu_cpu_context
kernel/events/core.c:8785:30:    got struct perf_cpu_context [noderef] <asn:3>*
kernel/events/core.c:8790:30: warning: incorrect type in assignment (different address spaces)
kernel/events/core.c:8790:30:    expected struct perf_cpu_context *[noderef] pmu_cpu_context
kernel/events/core.c:8790:30:    got struct perf_cpu_context [noderef] <asn:3>*<noident>
kernel/events/core.c:8797:26: warning: incorrect type in initializer (different address spaces)
kernel/events/core.c:8797:26:    expected void const [noderef] <asn:3>*__vpp_verify
kernel/events/core.c:8797:26:    got struct perf_cpu_context *<noident>
kernel/events/core.c:8851:24: warning: incorrect type in argument 1 (different address spaces)
kernel/events/core.c:8851:24:    expected void [noderef] <asn:3>*__pdata
kernel/events/core.c:8851:24:    got int *[noderef] pmu_disable_count
kernel/events/core.c:8869:24: warning: incorrect type in argument 1 (different address spaces)
kernel/events/core.c:8869:24:    expected void [noderef] <asn:3>*__pdata
kernel/events/core.c:8869:24:    got int *[noderef] pmu_disable_count
kernel/events/core.c:9963:20: warning: incorrect type in initializer (different address spaces)
kernel/events/core.c:9963:20:    expected void const [noderef] <asn:3>*__vpp_verify
kernel/events/core.c:9963:20:    got struct perf_cpu_context *<noident>
kernel/events/core.c:9964:20: warning: incorrect type in initializer (different address spaces)
kernel/events/core.c:9964:20:    expected void const [noderef] <asn:3>*__vpp_verify
kernel/events/core.c:9964:20:    got struct perf_cpu_context *<noident>
kernel/events/core.c:145:16: warning: incorrect type in initializer (different address spaces)
kernel/events/core.c:145:16:    expected void const [noderef] <asn:3>*__vpp_verify
kernel/events/core.c:145:16:    got struct perf_cpu_context *<noident>
kernel/events/core.c:145:16: warning: incorrect type in initializer (different address spaces)
kernel/events/core.c:145:16:    expected void const [noderef] <asn:3>*__vpp_verify
kernel/events/core.c:145:16:    got struct perf_cpu_context *<noident>
kernel/events/core.c:10618:24: warning: incorrect type in initializer (different address spaces)
kernel/events/core.c:10618:24:    expected void const [noderef] <asn:3>*__vpp_verify
kernel/events/core.c:10618:24:    got struct perf_cpu_context *<noident>
kernel/events/core.c:152:9: warning: context imbalance in 'perf_ctx_lock' - wrong count at exit
kernel/events/core.c:160:17: warning: context imbalance in 'perf_ctx_unlock' - unexpected unlock
./include/linux/rcupdate.h:925:9: warning: context imbalance in 'perf_lock_task_context' - different lock contexts for basic block
kernel/events/core.c:1358:17: warning: context imbalance in 'perf_pin_task_context' - unexpected unlock
kernel/events/core.c:2275:9: warning: context imbalance in '__perf_install_in_context' - wrong count at exit
kernel/events/core.c:3360:21: warning: dereference of noderef expression
kernel/events/core.c:3360:21: warning: dereference of noderef expression
kernel/events/core.c:3360:21: warning: dereference of noderef expression
kernel/events/core.c:3360:21: warning: dereference of noderef expression
kernel/events/core.c:3360:21: warning: dereference of noderef expression
kernel/events/core.c:3360:21: warning: dereference of noderef expression
kernel/events/core.c:3360:21: warning: dereference of noderef expression
kernel/events/core.c:3360:21: warning: dereference of noderef expression
kernel/events/core.c:3728:17: warning: context imbalance in 'find_get_context' - unexpected unlock
kernel/events/core.c:8564:32: warning: dereference of noderef expression
kernel/events/core.c:8593:21: warning: dereference of noderef expression
kernel/events/core.c:8593:43: warning: dereference of noderef expression
kernel/events/core.c:8599:21: warning: dereference of noderef expression
kernel/events/core.c:8746:14: warning: dereference of noderef expression
kernel/events/core.c:8786:13: warning: dereference of noderef expression
kernel/events/core.c:8791:14: warning: dereference of noderef expression
kernel/events/core.c:8851:21: warning: dereference of noderef expression
kernel/events/core.c:8869:21: warning: dereference of noderef expression
fs/fs-writeback.c:1558:17: warning: context imbalance in 'writeback_sb_inodes' - unexpected unlock
fs/fs-writeback.c:2029:9: warning: context imbalance in 'block_dump___mark_inode_dirty' - different lock contexts for basic block
./include/linux/mm.h:1524:21: warning: context imbalance in '__munlock_pagevec_fill' - different lock contexts for basic block
crypto/jitterentropy.c:584:5: warning: symbol 'jent_read_entropy' was not declared. Should it be static?
crypto/jitterentropy.c:614:18: warning: symbol 'jent_entropy_collector_alloc' was not declared. Should it be static?
crypto/jitterentropy.c:654:6: warning: symbol 'jent_entropy_collector_free' was not declared. Should it be static?
crypto/jitterentropy.c:662:5: warning: symbol 'jent_entropy_init' was not declared. Should it be static?
crypto/jitterentropy-kcapi.c:60:7: warning: symbol 'jent_rol64' was not declared. Should it be static?
crypto/jitterentropy-kcapi.c:65:6: warning: symbol 'jent_zalloc' was not declared. Should it be static?
crypto/jitterentropy-kcapi.c:70:6: warning: symbol 'jent_zfree' was not declared. Should it be static?
crypto/jitterentropy-kcapi.c:75:5: warning: symbol 'jent_fips_enabled' was not declared. Should it be static?
crypto/jitterentropy-kcapi.c:80:6: warning: symbol 'jent_panic' was not declared. Should it be static?
crypto/jitterentropy-kcapi.c:85:6: warning: symbol 'jent_memcpy' was not declared. Should it be static?
crypto/jitterentropy-kcapi.c:99:6: warning: symbol 'jent_get_nstime' was not declared. Should it be static?
kernel/irq/irqdesc.c:786:17: warning: context imbalance in '__irq_get_desc_lock' - wrong count at exit
kernel/irq/irqdesc.c:810:6: warning: context imbalance in '__irq_put_desc_unlock' - unexpected unlock
drivers/ata/libata-scsi.c:2000:9: warning: context imbalance in 'ata_scsi_rbuf_get' - wrong count at exit
drivers/ata/libata-scsi.c:2021:31: warning: context imbalance in 'ata_scsi_rbuf_fill' - unexpected unlock
drivers/ata/libata-scsi.c:2019:48: warning: context imbalance in 'atapi_qc_complete' - unexpected unlock
mm/mmap.c:825:9: warning: context imbalance in '__vma_adjust' - different lock contexts for basic block
mm/mprotect.c:44:14: warning: context imbalance in 'lock_pte_protection' - different lock contexts for basic block
mm/mprotect.c:134:9: warning: context imbalance in 'change_pte_range' - unexpected unlock
mm/mremap.c:158:9: warning: context imbalance in 'move_ptes' - different lock contexts for basic block
kernel/irq/spurious.c:47:17: warning: context imbalance in 'irq_wait_for_poll' - unexpected unlock
fs/fs_struct.c:161:18: warning: symbol 'init_fs' was not declared. Should it be static?
mm/rmap.c:732:23: warning: Using plain integer as NULL pointer
mm/rmap.c:1591:6: warning: symbol 'is_vma_temporary_stack' was not declared. Should it be static?
mm/rmap.c:723:7: warning: context imbalance in '__page_check_address' - wrong count at exit
mm/rmap.c:887:12: warning: context imbalance in 'page_referenced_one' - different lock contexts for basic block
block/genhd.c:1439:10: error: bad integer constant expression
block/genhd.c:1440:10: error: bad integer constant expression
block/genhd.c:1444:10: error: bad integer constant expression
block/genhd.c:1445:10: error: bad integer constant expression
mm/vmalloc.c:611:6: warning: symbol 'set_iounmap_nonlazy' was not declared. Should it be static?
fs/fs_pin.c:46:17: warning: context imbalance in 'pin_kill' - unexpected unlock
./include/linux/rcupdate.h:869:9: warning: context imbalance in 'mnt_pin_kill' - different lock contexts for basic block
./include/linux/rcupdate.h:869:9: warning: context imbalance in 'group_pin_kill' - different lock contexts for basic block
fs/nsfs.c:38:32: warning: symbol 'ns_dentry_operations' was not declared. Should it be static?
fs/buffer.c:1949:5: warning: symbol '__block_write_begin_int' was not declared. Should it be static?
fs/buffer.c:3018:6: warning: symbol 'guard_bio_eod' was not declared. Should it be static?
fs/buffer.c:3373:13: warning: incorrect type in initializer (different address spaces)
fs/buffer.c:3373:13:    expected int static [noderef] [toplevel] <asn:3>*__p
fs/buffer.c:3373:13:    got int *<noident>
fs/buffer.c:3373:13: warning: incorrect type in initializer (different address spaces)
fs/buffer.c:3373:13:    expected int static [noderef] [toplevel] <asn:3>*__p
fs/buffer.c:3373:13:    got int *<noident>
fs/buffer.c:3373:13: warning: incorrect type in initializer (different address spaces)
fs/buffer.c:3373:13:    expected int static [noderef] [toplevel] <asn:3>*__p
fs/buffer.c:3373:13:    got int *<noident>
fs/buffer.c:3373:13: warning: incorrect type in initializer (different address spaces)
fs/buffer.c:3373:13:    expected int static [noderef] [toplevel] <asn:3>*__p
fs/buffer.c:3373:13:    got int *<noident>
kernel/events/ring_buffer.c:117:1: warning: context imbalance in 'perf_output_begin_forward' - different lock contexts for basic block
kernel/events/ring_buffer.c:117:1: warning: context imbalance in 'perf_output_begin_backward' - different lock contexts for basic block
kernel/events/ring_buffer.c:117:1: warning: context imbalance in 'perf_output_begin' - different lock contexts for basic block
kernel/events/ring_buffer.c:265:6: warning: context imbalance in 'perf_output_end' - unexpected unlock
fs/buffer.c:3373:13: warning: dereference of noderef expression
fs/buffer.c:3373:13: warning: dereference of noderef expression
fs/buffer.c:3373:13: warning: dereference of noderef expression
fs/buffer.c:3373:13: warning: dereference of noderef expression
fs/buffer.c:3373:13: warning: dereference of noderef expression
fs/buffer.c:3373:13: warning: dereference of noderef expression
fs/buffer.c:3373:13: warning: dereference of noderef expression
fs/buffer.c:3373:13: warning: dereference of noderef expression
sound/core/pcm_native.c:288:37: warning: Variable length array is used.
sound/core/pcm_native.c:99:9: warning: context imbalance in 'snd_pcm_stream_lock' - different lock contexts for basic block
sound/core/pcm_native.c:121:28: warning: context imbalance in 'snd_pcm_stream_unlock' - unexpected unlock
sound/core/pcm_native.c:935:52: warning: context imbalance in 'snd_pcm_action_group' - unexpected unlock
fs/block_dev.c:54:6: warning: symbol '__vfs_msg' was not declared. Should it be static?
fs/direct-io.c:1130:36: warning: Using plain integer as NULL pointer
fs/direct-io.c:164:58: warning: cast truncates bits from constant value (7fffffffffffffff becomes ffffffff)
kernel/events/hw_breakpoint.c:83:12: warning: symbol 'hw_breakpoint_weight' was not declared. Should it be static?
kernel/events/hw_breakpoint.c:231:13: warning: symbol 'arch_unregister_hw_breakpoint' was not declared. Should it be static?
./arch/arm/include/asm/spinlock.h:95:9: warning: context imbalance in '_raw_spin_lock' - wrong count at exit
./arch/arm/include/asm/spinlock.h:95:9: warning: context imbalance in '_raw_spin_lock_irqsave' - wrong count at exit
./arch/arm/include/asm/spinlock.h:95:9: warning: context imbalance in '_raw_spin_lock_irq' - wrong count at exit
./arch/arm/include/asm/spinlock.h:95:9: warning: context imbalance in '_raw_spin_lock_bh' - wrong count at exit
kernel/locking/spinlock.c:181:17: warning: context imbalance in '_raw_spin_unlock' - unexpected unlock
kernel/locking/spinlock.c:189:17: warning: context imbalance in '_raw_spin_unlock_irqrestore' - unexpected unlock
kernel/locking/spinlock.c:197:17: warning: context imbalance in '_raw_spin_unlock_irq' - unexpected unlock
kernel/locking/spinlock.c:205:17: warning: context imbalance in '_raw_spin_unlock_bh' - unexpected unlock
kernel/locking/spinlock.c:221:17: warning: context imbalance in '_raw_read_lock' - wrong count at exit
kernel/locking/spinlock.c:229:26: warning: context imbalance in '_raw_read_lock_irqsave' - wrong count at exit
kernel/locking/spinlock.c:237:17: warning: context imbalance in '_raw_read_lock_irq' - wrong count at exit
kernel/locking/spinlock.c:245:17: warning: context imbalance in '_raw_read_lock_bh' - wrong count at exit
./include/linux/rwlock_api_smp.h:226:9: warning: context imbalance in '_raw_read_unlock' - unexpected unlock
./include/linux/rwlock_api_smp.h:234:9: warning: context imbalance in '_raw_read_unlock_irqrestore' - unexpected unlock
./include/linux/rwlock_api_smp.h:242:9: warning: context imbalance in '_raw_read_unlock_irq' - unexpected unlock
./include/linux/rwlock_api_smp.h:250:9: warning: context imbalance in '_raw_read_unlock_bh' - unexpected unlock
kernel/locking/spinlock.c:293:17: warning: context imbalance in '_raw_write_lock' - wrong count at exit
kernel/locking/spinlock.c:301:26: warning: context imbalance in '_raw_write_lock_irqsave' - wrong count at exit
kernel/locking/spinlock.c:309:17: warning: context imbalance in '_raw_write_lock_irq' - wrong count at exit
kernel/locking/spinlock.c:317:17: warning: context imbalance in '_raw_write_lock_bh' - wrong count at exit
kernel/locking/spinlock.c:325:17: warning: context imbalance in '_raw_write_unlock' - unexpected unlock
kernel/locking/spinlock.c:333:17: warning: context imbalance in '_raw_write_unlock_irqrestore' - unexpected unlock
kernel/locking/spinlock.c:341:17: warning: context imbalance in '_raw_write_unlock_irq' - unexpected unlock
kernel/locking/spinlock.c:349:17: warning: context imbalance in '_raw_write_unlock_bh' - unexpected unlock
mm/memblock.c:1338:6: warning: symbol 'memblock_virt_alloc_try_nid_nopanic' was not declared. Should it be static?
mm/memblock.c:1368:6: warning: symbol 'memblock_virt_alloc_try_nid' was not declared. Should it be static?
mm/memblock.c:1397:13: warning: symbol '__memblock_free_early' was not declared. Should it be static?
mm/memblock.c:1415:13: warning: symbol '__memblock_free_late' was not declared. Should it be static?
kernel/printk/printk.c:366:1: warning: symbol 'log_wait' was not declared. Should it be static?
kernel/printk/printk.c:2877:23: warning: incorrect type in initializer (different address spaces)
kernel/printk/printk.c:2877:23:    expected int static [noderef] [toplevel] <asn:3>*__p
kernel/printk/printk.c:2877:23:    got int *<noident>
kernel/printk/printk.c:2877:23: warning: incorrect type in initializer (different address spaces)
kernel/printk/printk.c:2877:23:    expected int static [noderef] [toplevel] <asn:3>*__p
kernel/printk/printk.c:2877:23:    got int *<noident>
kernel/printk/printk.c:2877:23: warning: incorrect type in initializer (different address spaces)
kernel/printk/printk.c:2877:23:    expected int static [noderef] [toplevel] <asn:3>*__p
kernel/printk/printk.c:2877:23:    got int *<noident>
kernel/printk/printk.c:2877:23: warning: incorrect type in initializer (different address spaces)
kernel/printk/printk.c:2877:23:    expected int static [noderef] [toplevel] <asn:3>*__p
kernel/printk/printk.c:2877:23:    got int *<noident>
kernel/printk/printk.c:1102:15: warning: memcpy with byte count of 131072
kernel/printk/printk.c:2877:23: warning: dereference of noderef expression
kernel/printk/printk.c:2877:23: warning: dereference of noderef expression
kernel/printk/printk.c:2877:23: warning: dereference of noderef expression
kernel/printk/printk.c:2877:23: warning: dereference of noderef expression
kernel/printk/printk.c:2877:23: warning: dereference of noderef expression
kernel/printk/printk.c:2877:23: warning: dereference of noderef expression
kernel/printk/printk.c:2877:23: warning: dereference of noderef expression
kernel/printk/printk.c:2877:23: warning: dereference of noderef expression
kernel/power/main.c:56:5: warning: symbol 'pm_async_enabled' was not declared. Should it be static?
kernel/power/main.c:630:25: warning: symbol 'pm_wq' was not declared. Should it be static?
mm/swapfile.c:610:20: warning: context imbalance in 'scan_swap_map' - unexpected unlock
mm/swapfile.c:734:32: warning: context imbalance in 'swap_info_get' - different lock contexts for basic block
mm/swapfile.c:845:17: warning: context imbalance in 'swap_free' - unexpected unlock
mm/swapfile.c:859:17: warning: context imbalance in 'swapcache_free' - unexpected unlock
mm/swapfile.c:878:35: warning: context imbalance in 'page_swapcount' - unexpected unlock
mm/swapfile.c:922:20: warning: context imbalance in 'swp_swapcount' - unexpected unlock
mm/swapfile.c:1014:28: warning: context imbalance in 'free_swap_and_cache' - unexpected unlock
mm/swapfile.c:2842:20: warning: context imbalance in 'add_swap_count_continuation' - unexpected unlock
mm/migrate.c:206:24: warning: Using plain integer as NULL pointer
fs/debugfs/file.c:770:20: error: incompatible types in comparison expression (different type sizes)
kernel/printk/nmi.c:171:16: error: incompatible types in comparison expression (different type sizes)
kernel/rcu/tree_plugin.h:630:13: warning: expression using sizeof bool
kernel/rcu/tree.c:224:15: warning: symbol 'rcu_rnp_online_cpus' was not declared. Should it be static?
kernel/rcu/tree.c:281:1: warning: symbol 'rcu_qs_ctr' was not declared. Should it be static?
kernel/rcu/tree.c:1129:25: warning: expression using sizeof bool
kernel/rcu/tree.c:1854:14: warning: expression using sizeof bool
kernel/rcu/tree.c:1854:14: warning: expression using sizeof bool
kernel/rcu/tree.c:1869:41: warning: expression using sizeof bool
kernel/rcu/tree.c:1869:41: warning: expression using sizeof bool
kernel/rcu/tree.c:1882:17: warning: expression using sizeof bool
kernel/rcu/tree.c:1897:15: warning: expression using sizeof bool
kernel/rcu/tree.c:1897:15: warning: expression using sizeof bool
kernel/rcu/tree.c:3507:13: warning: expression using sizeof bool
kernel/rcu/tree.c:3507:13: warning: expression using sizeof bool
kernel/rcu/tree.c:3964:21: warning: incorrect type in argument 1 (different modifiers)
kernel/rcu/tree.c:3964:21:    expected int ( *threadfn )( ... )
kernel/rcu/tree.c:3964:21:    got int ( static [toplevel] [noreturn] *<noident> )( ... )
kernel/rcu/tree.c:1684:9: warning: context imbalance in 'rcu_start_future_gp' - different lock contexts for basic block
kernel/rcu/tree.c:1899:17: warning: context imbalance in 'note_gp_changes' - different lock contexts for basic block
kernel/rcu/tree.c:2891:9: warning: context imbalance in 'force_qs_rnp' - different lock contexts for basic block
kernel/rcu/tree.c:2954:25: warning: context imbalance in 'force_quiescent_state' - unexpected unlock
kernel/rcu/tree_exp.h:157:9: warning: context imbalance in '__rcu_report_exp_rnp' - different lock contexts for basic block
kernel/sched/core.c:841:6: warning: symbol 'sched_set_stop_task' was not declared. Should it be static?
kernel/sched/core.c:1334:5: warning: symbol 'migrate_swap' was not declared. Should it be static?
kernel/sched/core.c:3603:35: warning: symbol 'preempt_schedule_irq' was not declared. Should it be static?
kernel/sched/core.c:6128:28: warning: incorrect type in initializer (different address spaces)
kernel/sched/core.c:6128:28:    expected void const [noderef] <asn:3>*__vpp_verify
kernel/sched/core.c:6128:28:    got struct sched_domain **<noident>
kernel/sched/core.c:6163:28: warning: incorrect type in initializer (different address spaces)
kernel/sched/core.c:6163:28:    expected void const [noderef] <asn:3>*__vpp_verify
kernel/sched/core.c:6163:28:    got struct sched_domain **<noident>
kernel/sched/core.c:6183:28: warning: incorrect type in initializer (different address spaces)
kernel/sched/core.c:6183:28:    expected void const [noderef] <asn:3>*__vpp_verify
kernel/sched/core.c:6183:28:    got struct sched_group_capacity **<noident>
kernel/sched/core.c:6222:36: warning: incorrect type in initializer (different address spaces)
kernel/sched/core.c:6222:36:    expected void const [noderef] <asn:3>*__vpp_verify
kernel/sched/core.c:6222:36:    got struct sched_domain **<noident>
kernel/sched/core.c:6229:24: warning: incorrect type in initializer (different address spaces)
kernel/sched/core.c:6229:24:    expected void const [noderef] <asn:3>*__vpp_verify
kernel/sched/core.c:6229:24:    got struct sched_group **<noident>
kernel/sched/core.c:6230:31: warning: incorrect type in initializer (different address spaces)
kernel/sched/core.c:6230:31:    expected void const [noderef] <asn:3>*__vpp_verify
kernel/sched/core.c:6230:31:    got struct sched_group_capacity **<noident>
kernel/sched/core.c:6942:39: warning: incorrect type in initializer (different address spaces)
kernel/sched/core.c:6942:39:    expected void const [noderef] <asn:3>*__vpp_verify
kernel/sched/core.c:6942:39:    got struct sched_domain **<noident>
kernel/sched/core.c:6945:40: warning: incorrect type in initializer (different address spaces)
kernel/sched/core.c:6945:40:    expected void const [noderef] <asn:3>*__vpp_verify
kernel/sched/core.c:6945:40:    got struct sched_domain **<noident>
kernel/sched/core.c:6949:40: warning: incorrect type in initializer (different address spaces)
kernel/sched/core.c:6949:40:    expected void const [noderef] <asn:3>*__vpp_verify
kernel/sched/core.c:6949:40:    got struct sched_domain_shared **<noident>
kernel/sched/core.c:6951:40: warning: incorrect type in initializer (different address spaces)
kernel/sched/core.c:6951:40:    expected void const [noderef] <asn:3>*__vpp_verify
kernel/sched/core.c:6951:40:    got struct sched_group **<noident>
kernel/sched/core.c:6953:40: warning: incorrect type in initializer (different address spaces)
kernel/sched/core.c:6953:40:    expected void const [noderef] <asn:3>*__vpp_verify
kernel/sched/core.c:6953:40:    got struct sched_group_capacity **<noident>
kernel/sched/core.c:6955:32: warning: incorrect type in argument 1 (different address spaces)
kernel/sched/core.c:6955:32:    expected void [noderef] <asn:3>*__pdata
kernel/sched/core.c:6955:32:    got struct sched_domain **[noderef] sd
kernel/sched/core.c:6957:32: warning: incorrect type in argument 1 (different address spaces)
kernel/sched/core.c:6957:32:    expected void [noderef] <asn:3>*__pdata
kernel/sched/core.c:6957:32:    got struct sched_domain_shared **[noderef] sds
kernel/sched/core.c:6959:32: warning: incorrect type in argument 1 (different address spaces)
kernel/sched/core.c:6959:32:    expected void [noderef] <asn:3>*__pdata
kernel/sched/core.c:6959:32:    got struct sched_group **[noderef] sg
kernel/sched/core.c:6961:32: warning: incorrect type in argument 1 (different address spaces)
kernel/sched/core.c:6961:32:    expected void [noderef] <asn:3>*__pdata
kernel/sched/core.c:6961:32:    got struct sched_group_capacity **[noderef] sgc
kernel/sched/core.c:6873:25: warning: incorrect type in assignment (different address spaces)
kernel/sched/core.c:6873:25:    expected struct sched_domain **[noderef] sd
kernel/sched/core.c:6873:25:    got struct sched_domain *[noderef] <asn:3>*<noident>
kernel/sched/core.c:6877:26: warning: incorrect type in assignment (different address spaces)
kernel/sched/core.c:6877:26:    expected struct sched_domain_shared **[noderef] sds
kernel/sched/core.c:6877:26:    got struct sched_domain_shared *[noderef] <asn:3>*<noident>
kernel/sched/core.c:6881:25: warning: incorrect type in assignment (different address spaces)
kernel/sched/core.c:6881:25:    expected struct sched_group **[noderef] sg
kernel/sched/core.c:6881:25:    got struct sched_group *[noderef] <asn:3>*<noident>
kernel/sched/core.c:6885:26: warning: incorrect type in assignment (different address spaces)
kernel/sched/core.c:6885:26:    expected struct sched_group_capacity **[noderef] sgc
kernel/sched/core.c:6885:26:    got struct sched_group_capacity *[noderef] <asn:3>*<noident>
kernel/sched/core.c:6900:26: warning: incorrect type in initializer (different address spaces)
kernel/sched/core.c:6900:26:    expected void const [noderef] <asn:3>*__vpp_verify
kernel/sched/core.c:6900:26:    got struct sched_domain **<noident>
kernel/sched/core.c:6907:26: warning: incorrect type in initializer (different address spaces)
kernel/sched/core.c:6907:26:    expected void const [noderef] <asn:3>*__vpp_verify
kernel/sched/core.c:6907:26:    got struct sched_domain_shared **<noident>
kernel/sched/core.c:6916:26: warning: incorrect type in initializer (different address spaces)
kernel/sched/core.c:6916:26:    expected void const [noderef] <asn:3>*__vpp_verify
kernel/sched/core.c:6916:26:    got struct sched_group **<noident>
kernel/sched/core.c:6923:26: warning: incorrect type in initializer (different address spaces)
kernel/sched/core.c:6923:26:    expected void const [noderef] <asn:3>*__vpp_verify
kernel/sched/core.c:6923:26:    got struct sched_group_capacity **<noident>
kernel/sched/core.c:6369:30: warning: incorrect type in argument 1 (different address spaces)
kernel/sched/core.c:6369:30:    expected void [noderef] <asn:3>*__pdata
kernel/sched/core.c:6369:30:    got struct sched_domain **[noderef] sd
kernel/sched/core.c:6384:15: warning: incorrect type in assignment (different address spaces)
kernel/sched/core.c:6384:15:    expected struct sched_domain **[noderef] sd
kernel/sched/core.c:6384:15:    got struct sched_domain *[noderef] <asn:3>*<noident>
kernel/sched/core.c:6402:9: warning: incorrect type in initializer (different address spaces)
kernel/sched/core.c:6402:9:    expected void const [noderef] <asn:3>*__vpp_verify
kernel/sched/core.c:6402:9:    got struct sched_domain **<noident>
kernel/sched/core.c:6403:10: warning: incorrect type in initializer (different address spaces)
kernel/sched/core.c:6403:10:    expected void const [noderef] <asn:3>*__vpp_verify
kernel/sched/core.c:6403:10:    got struct sched_domain **<noident>
kernel/sched/core.c:6405:13: warning: incorrect type in initializer (different address spaces)
kernel/sched/core.c:6405:13:    expected void const [noderef] <asn:3>*__vpp_verify
kernel/sched/core.c:6405:13:    got struct sched_domain_shared **<noident>
kernel/sched/core.c:6405:13: warning: incorrect type in initializer (different address spaces)
kernel/sched/core.c:6405:13:    expected void const [noderef] <asn:3>*__vpp_verify
kernel/sched/core.c:6405:13:    got struct sched_domain_shared **<noident>
kernel/sched/core.c:6405:13: warning: incorrect type in initializer (different address spaces)
kernel/sched/core.c:6405:13:    expected void const [noderef] <asn:3>*__vpp_verify
kernel/sched/core.c:6405:13:    got struct sched_domain_shared **<noident>
kernel/sched/core.c:6405:13: warning: incorrect type in initializer (different address spaces)
kernel/sched/core.c:6405:13:    expected void const [noderef] <asn:3>*__vpp_verify
kernel/sched/core.c:6405:13:    got struct sched_domain_shared **<noident>
kernel/sched/core.c:6405:13: warning: incorrect type in initializer (different address spaces)
kernel/sched/core.c:6405:13:    expected void const [noderef] <asn:3>*__vpp_verify
kernel/sched/core.c:6405:13:    got struct sched_domain_shared **<noident>
kernel/sched/core.c:6406:18: warning: incorrect type in initializer (different address spaces)
kernel/sched/core.c:6406:18:    expected void const [noderef] <asn:3>*__vpp_verify
kernel/sched/core.c:6406:18:    got struct sched_domain_shared **<noident>
kernel/sched/core.c:6408:13: warning: incorrect type in initializer (different address spaces)
kernel/sched/core.c:6408:13:    expected void const [noderef] <asn:3>*__vpp_verify
kernel/sched/core.c:6408:13:    got struct sched_group **<noident>
kernel/sched/core.c:6408:13: warning: incorrect type in initializer (different address spaces)
kernel/sched/core.c:6408:13:    expected void const [noderef] <asn:3>*__vpp_verify
kernel/sched/core.c:6408:13:    got struct sched_group **<noident>
kernel/sched/core.c:6408:13: warning: incorrect type in initializer (different address spaces)
kernel/sched/core.c:6408:13:    expected void const [noderef] <asn:3>*__vpp_verify
kernel/sched/core.c:6408:13:    got struct sched_group **<noident>
kernel/sched/core.c:6408:13: warning: incorrect type in initializer (different address spaces)
kernel/sched/core.c:6408:13:    expected void const [noderef] <asn:3>*__vpp_verify
kernel/sched/core.c:6408:13:    got struct sched_group **<noident>
kernel/sched/core.c:6408:13: warning: incorrect type in initializer (different address spaces)
kernel/sched/core.c:6408:13:    expected void const [noderef] <asn:3>*__vpp_verify
kernel/sched/core.c:6408:13:    got struct sched_group **<noident>
kernel/sched/core.c:6409:18: warning: incorrect type in initializer (different address spaces)
kernel/sched/core.c:6409:18:    expected void const [noderef] <asn:3>*__vpp_verify
kernel/sched/core.c:6409:18:    got struct sched_group **<noident>
kernel/sched/core.c:6411:13: warning: incorrect type in initializer (different address spaces)
kernel/sched/core.c:6411:13:    expected void const [noderef] <asn:3>*__vpp_verify
kernel/sched/core.c:6411:13:    got struct sched_group_capacity **<noident>
kernel/sched/core.c:6411:13: warning: incorrect type in initializer (different address spaces)
kernel/sched/core.c:6411:13:    expected void const [noderef] <asn:3>*__vpp_verify
kernel/sched/core.c:6411:13:    got struct sched_group_capacity **<noident>
kernel/sched/core.c:6411:13: warning: incorrect type in initializer (different address spaces)
kernel/sched/core.c:6411:13:    expected void const [noderef] <asn:3>*__vpp_verify
kernel/sched/core.c:6411:13:    got struct sched_group_capacity **<noident>
kernel/sched/core.c:6411:13: warning: incorrect type in initializer (different address spaces)
kernel/sched/core.c:6411:13:    expected void const [noderef] <asn:3>*__vpp_verify
kernel/sched/core.c:6411:13:    got struct sched_group_capacity **<noident>
kernel/sched/core.c:6411:13: warning: incorrect type in initializer (different address spaces)
kernel/sched/core.c:6411:13:    expected void const [noderef] <asn:3>*__vpp_verify
kernel/sched/core.c:6411:13:    got struct sched_group_capacity **<noident>
kernel/sched/core.c:6412:18: warning: incorrect type in initializer (different address spaces)
kernel/sched/core.c:6412:18:    expected void const [noderef] <asn:3>*__vpp_verify
kernel/sched/core.c:6412:18:    got struct sched_group_capacity **<noident>
kernel/sched/core.c:6456:36: warning: incorrect type in initializer (different address spaces)
kernel/sched/core.c:6456:36:    expected void const [noderef] <asn:3>*__vpp_verify
kernel/sched/core.c:6456:36:    got struct sched_domain **<noident>
kernel/sched/core.c:6562:31: warning: incorrect type in initializer (different address spaces)
kernel/sched/core.c:6562:31:    expected void const [noderef] <asn:3>*__vpp_verify
kernel/sched/core.c:6562:31:    got struct sched_domain_shared **<noident>
kernel/sched/core.c:6966:21: warning: symbol 'build_sched_domain' was not declared. Should it be static?
kernel/sched/core.c:7021:34: warning: incorrect type in initializer (different address spaces)
kernel/sched/core.c:7021:34:    expected void const [noderef] <asn:3>*__vpp_verify
kernel/sched/core.c:7021:34:    got struct sched_domain **<noident>
kernel/sched/core.c:7031:28: warning: incorrect type in initializer (different address spaces)
kernel/sched/core.c:7031:28:    expected void const [noderef] <asn:3>*__vpp_verify
kernel/sched/core.c:7031:28:    got struct sched_domain **<noident>
kernel/sched/core.c:7048:28: warning: incorrect type in initializer (different address spaces)
kernel/sched/core.c:7048:28:    expected void const [noderef] <asn:3>*__vpp_verify
kernel/sched/core.c:7048:28:    got struct sched_domain **<noident>
kernel/sched/core.c:7058:23: warning: incorrect type in initializer (different address spaces)
kernel/sched/core.c:7058:23:    expected void const [noderef] <asn:3>*__vpp_verify
kernel/sched/core.c:7058:23:    got struct sched_domain **<noident>
kernel/sched/core.c:4886:9: warning: context imbalance in 'sys_sched_yield' - unexpected unlock
kernel/sched/core.c:4930:28: warning: context imbalance in '__cond_resched_lock' - unexpected unlock
kernel/sched/core.c:6369:29: warning: dereference of noderef expression
kernel/sched/core.c:6385:14: warning: dereference of noderef expression
kernel/sched/core.c:6874:22: warning: dereference of noderef expression
kernel/sched/core.c:6878:22: warning: dereference of noderef expression
kernel/sched/core.c:6882:22: warning: dereference of noderef expression
kernel/sched/core.c:6886:22: warning: dereference of noderef expression
kernel/sched/core.c:6941:29: warning: dereference of noderef expression
kernel/sched/core.c:6948:29: warning: dereference of noderef expression
kernel/sched/core.c:6950:29: warning: dereference of noderef expression
kernel/sched/core.c:6952:29: warning: dereference of noderef expression
kernel/sched/core.c:6955:29: warning: dereference of noderef expression
kernel/sched/core.c:6956:17: warning: dereference of noderef expression
kernel/sched/core.c:6957:29: warning: dereference of noderef expression
kernel/sched/core.c:6958:17: warning: dereference of noderef expression
kernel/sched/core.c:6959:29: warning: dereference of noderef expression
kernel/sched/core.c:6960:17: warning: dereference of noderef expression
kernel/sched/core.c:6961:29: warning: dereference of noderef expression
kernel/sched/core.c:6962:17: warning: dereference of noderef expression
kernel/sched/clock.c:78:19: warning: symbol 'sched_clock_running' was not declared. Should it be static?
drivers/ata/ahci.c:107:9: warning: Initializer entry defined twice
drivers/ata/ahci.c:107:9:   also defined here
kernel/sched/stats.h:185:14: warning: expression using sizeof bool
kernel/sched/stats.h:185:14: warning: expression using sizeof bool
kernel/sched/stats.h:226:22: warning: implicit cast from nocast type
kernel/sched/stats.h:185:14: warning: expression using sizeof bool
kernel/sched/stats.h:185:14: warning: expression using sizeof bool
kernel/sched/stats.h:226:22: warning: implicit cast from nocast type
kernel/sched/stats.h:185:14: warning: expression using sizeof bool
kernel/sched/stats.h:185:14: warning: expression using sizeof bool
kernel/sched/stats.h:247:22: warning: implicit cast from nocast type
kernel/sched/cputime.c:355:42: warning: incorrect type in argument 2 (different modifiers)
kernel/sched/cputime.c:355:42:    expected unsigned long [nocast] [usertype] *utime
kernel/sched/cputime.c:355:42:    got unsigned long *<noident>
kernel/sched/cputime.c:355:42: warning: implicit cast to nocast type
kernel/sched/cputime.c:355:50: warning: incorrect type in argument 3 (different modifiers)
kernel/sched/cputime.c:355:50:    expected unsigned long [nocast] [usertype] *stime
kernel/sched/cputime.c:355:50:    got unsigned long *<noident>
kernel/sched/cputime.c:355:50: warning: implicit cast to nocast type
kernel/sched/cputime.c:700:26: warning: incorrect type in argument 2 (different modifiers)
kernel/sched/cputime.c:700:26:    expected unsigned long [nocast] [usertype] *utime
kernel/sched/cputime.c:700:26:    got unsigned long *<noident>
kernel/sched/cputime.c:700:26: warning: implicit cast to nocast type
kernel/sched/cputime.c:700:42: warning: incorrect type in argument 3 (different modifiers)
kernel/sched/cputime.c:700:42:    expected unsigned long [nocast] [usertype] *stime
kernel/sched/cputime.c:700:42:    got unsigned long *<noident>
kernel/sched/cputime.c:700:42: warning: implicit cast to nocast type
kernel/sched/cputime.c:363:33: warning: context imbalance in 'thread_group_cputime' - different lock contexts for basic block
net/socket.c:1830:13: warning: incorrect type in assignment (different address spaces)
net/socket.c:1830:13:    expected void *msg_control
net/socket.c:1830:13:    got void [noderef] <asn:1>*<noident>
arch/arm/lib/delay.c:110:15: warning: symbol 'calibrate_delay_is_known' was not declared. Should it be static?
arch/arm/lib/delay.c:116:6: warning: symbol 'calibration_delay_done' was not declared. Should it be static?
kernel/sched/fair.c:51:14: warning: symbol 'normalized_sysctl_sched_latency' was not declared. Should it be static?
kernel/sched/fair.c:70:14: warning: symbol 'normalized_sysctl_sched_min_granularity' was not declared. Should it be static?
kernel/sched/fair.c:92:14: warning: symbol 'normalized_sysctl_sched_wakeup_granularity' was not declared. Should it be static?
kernel/sched/fair.c:121:14: warning: symbol 'capacity_margin' was not declared. Should it be static?
kernel/sched/stats.h:185:14: warning: expression using sizeof bool
kernel/sched/stats.h:185:14: warning: expression using sizeof bool
kernel/sched/fair.c:4433:35: error: marked inline, but without a definition
kernel/sched/rt.c:634:6: warning: symbol 'sched_rt_bandwidth_account' was not declared. Should it be static?
kernel/sched/stats.h:185:14: warning: expression using sizeof bool
kernel/sched/stats.h:185:14: warning: expression using sizeof bool
kernel/sched/deadline.c:60:6: warning: symbol 'init_dl_bw' was not declared. Should it be static?
kernel/sched/stats.h:185:14: warning: expression using sizeof bool
kernel/sched/stats.h:185:14: warning: expression using sizeof bool
kernel/sched/deadline.c:1120:20: warning: symbol 'pick_next_task_dl' was not declared. Should it be static?
kernel/sched/sched.h:1585:17: warning: context imbalance in 'find_lock_lowest_rq' - unexpected unlock
kernel/sched/rt.c:1844:9: warning: context imbalance in 'push_rt_task' - unexpected unlock
kernel/sched/deadline.c:274:9: warning: context imbalance in 'dl_task_offline_migration' - unexpected unlock
kernel/sched/sched.h:1585:17: warning: context imbalance in 'pull_rt_task' - unexpected unlock
kernel/sched/sched.h:1585:17: warning: context imbalance in 'find_lock_later_rq' - unexpected unlock
kernel/sched/deadline.c:1503:9: warning: context imbalance in 'push_dl_task' - unexpected unlock
kernel/sched/sched.h:1585:17: warning: context imbalance in 'pull_dl_task' - unexpected unlock
kernel/sched/stats.h:185:14: warning: expression using sizeof bool
kernel/sched/stats.h:185:14: warning: expression using sizeof bool
kernel/time/timer.c:219:13: warning: expression using sizeof bool
kernel/time/hrtimer.c:139:27: warning: context imbalance in 'lock_hrtimer_base' - wrong count at exit
kernel/time/hrtimer.c:803:9: warning: context imbalance in 'hrtimer_start_range_ns' - unexpected unlock
kernel/time/hrtimer.c:803:9: warning: context imbalance in 'hrtimer_try_to_cancel' - unexpected unlock
kernel/time/hrtimer.c:1076:9: warning: context imbalance in '__hrtimer_get_remaining' - unexpected unlock
drivers/ata/ahci_tegra.c:295:9: warning: Initializer entry defined twice
drivers/ata/ahci_tegra.c:295:9:   also defined here
./arch/arm/include/asm/futex.h:57:19: warning: incorrect type in argument 1 (different address spaces)
./arch/arm/include/asm/futex.h:57:19:    expected void const *ptr
./arch/arm/include/asm/futex.h:57:19:    got unsigned int [noderef] [usertype] <asn:1>*uaddr
./arch/arm/include/asm/futex.h:152:17: warning: incorrect type in argument 1 (different address spaces)
./arch/arm/include/asm/futex.h:152:17:    expected void const *ptr
./arch/arm/include/asm/futex.h:152:17:    got unsigned int [noderef] [usertype] <asn:1>*uaddr
./arch/arm/include/asm/futex.h:155:17: warning: incorrect type in argument 1 (different address spaces)
./arch/arm/include/asm/futex.h:155:17:    expected void const *ptr
./arch/arm/include/asm/futex.h:155:17:    got unsigned int [noderef] [usertype] <asn:1>*uaddr
./arch/arm/include/asm/futex.h:158:17: warning: incorrect type in argument 1 (different address spaces)
./arch/arm/include/asm/futex.h:158:17:    expected void const *ptr
./arch/arm/include/asm/futex.h:158:17:    got unsigned int [noderef] [usertype] <asn:1>*uaddr
./arch/arm/include/asm/futex.h:161:17: warning: incorrect type in argument 1 (different address spaces)
./arch/arm/include/asm/futex.h:161:17:    expected void const *ptr
./arch/arm/include/asm/futex.h:161:17:    got unsigned int [noderef] [usertype] <asn:1>*uaddr
./arch/arm/include/asm/futex.h:164:17: warning: incorrect type in argument 1 (different address spaces)
./arch/arm/include/asm/futex.h:164:17:    expected void const *ptr
./arch/arm/include/asm/futex.h:164:17:    got unsigned int [noderef] [usertype] <asn:1>*uaddr
kernel/futex.c:1361:9: warning: context imbalance in 'wake_futex_pi' - unexpected unlock
kernel/futex.c:1490:33: warning: context imbalance in 'futex_wake_op' - different lock contexts for basic block
kernel/futex.c:1772:41: warning: context imbalance in 'futex_requeue' - different lock contexts for basic block
kernel/futex.c:2294:13: warning: context imbalance in 'futex_wait_queue_me' - unexpected unlock
kernel/futex.c:2397:9: warning: context imbalance in 'futex_wait_setup' - different lock contexts for basic block
kernel/futex.c:2707:22: warning: context imbalance in 'futex_unlock_pi' - different lock contexts for basic block
kernel/futex.c:2868:29: warning: context imbalance in 'futex_wait_requeue_pi' - unexpected unlock
kernel/time/itimer.c:126:59: warning: implicit cast to nocast type
kernel/time/itimer.c:167:55: warning: incorrect type in argument 3 (different modifiers)
kernel/time/itimer.c:167:55:    expected unsigned long [nocast] [usertype] *newval
kernel/time/itimer.c:167:55:    got unsigned long *<noident>
kernel/time/itimer.c:167:55: warning: implicit cast to nocast type
kernel/time/itimer.c:167:62: warning: incorrect type in argument 4 (different modifiers)
kernel/time/itimer.c:167:62:    expected unsigned long [nocast] [usertype] *oldval
kernel/time/itimer.c:167:62:    got unsigned long *<noident>
kernel/time/itimer.c:167:62: warning: implicit cast to nocast type
kernel/time/itimer.c:226:56: warning: implicit cast to nocast type
kernel/time/posix-timers.c:402:9: warning: context imbalance in 'do_schedule_next_timer' - different lock contexts for basic block
kernel/time/posix-timers.c:693:24: warning: context imbalance in '__lock_timer' - different lock contexts for basic block
lib/lockref.c:88:5: warning: context imbalance in 'lockref_get_or_lock' - wrong count at exit
lib/lockref.c:132:5: warning: context imbalance in 'lockref_put_or_lock' - wrong count at exit
net/bluetooth/hci_core.c:80:27: error: incompatible types in comparison expression (different type sizes)
net/bluetooth/hci_core.c:139:27: error: incompatible types in comparison expression (different type sizes)
lib/bcd.c:4:10: error: symbol '_bcd2bin' redeclared with different type (originally declared at ./include/linux/bcd.h:19) - different modifiers
lib/bcd.c:10:15: error: symbol '_bin2bcd' redeclared with different type (originally declared at ./include/linux/bcd.h:20) - different modifiers
kernel/time/posix-cpu-timers.c:27:53: warning: incorrect type in argument 3 (different modifiers)
kernel/time/posix-cpu-timers.c:27:53:    expected unsigned long [nocast] [usertype] *newval
kernel/time/posix-cpu-timers.c:27:53:    got unsigned long *<noident>
kernel/time/posix-cpu-timers.c:27:53: warning: implicit cast to nocast type
kernel/time/posix-cpu-timers.c:130:26: warning: incorrect type in argument 2 (different modifiers)
kernel/time/posix-cpu-timers.c:130:26:    expected unsigned long [nocast] [usertype] *utime
kernel/time/posix-cpu-timers.c:130:26:    got unsigned long *<noident>
kernel/time/posix-cpu-timers.c:130:26: warning: implicit cast to nocast type
kernel/time/posix-cpu-timers.c:130:34: warning: incorrect type in argument 3 (different modifiers)
kernel/time/posix-cpu-timers.c:130:34:    expected unsigned long [nocast] [usertype] *stime
kernel/time/posix-cpu-timers.c:130:34:    got unsigned long *<noident>
kernel/time/posix-cpu-timers.c:130:34: warning: implicit cast to nocast type
kernel/time/posix-cpu-timers.c:138:26: warning: incorrect type in argument 2 (different modifiers)
kernel/time/posix-cpu-timers.c:138:26:    expected unsigned long [nocast] [usertype] *utime
kernel/time/posix-cpu-timers.c:138:26:    got unsigned long *<noident>
kernel/time/posix-cpu-timers.c:138:26: warning: implicit cast to nocast type
kernel/time/posix-cpu-timers.c:216:56: warning: implicit cast from nocast type
kernel/time/posix-cpu-timers.c:217:56: warning: implicit cast from nocast type
kernel/time/posix-cpu-timers.c:236:14: warning: expression using sizeof bool
kernel/time/posix-cpu-timers.c:236:14: warning: expression using sizeof bool
kernel/time/posix-cpu-timers.c:252:17: warning: expression using sizeof bool
kernel/time/posix-cpu-timers.c:225:37: warning: implicit cast to nocast type
kernel/time/posix-cpu-timers.c:226:37: warning: implicit cast to nocast type
kernel/time/posix-cpu-timers.c:130:26: warning: incorrect type in argument 2 (different modifiers)
kernel/time/posix-cpu-timers.c:130:26:    expected unsigned long [nocast] [usertype] *utime
kernel/time/posix-cpu-timers.c:130:26:    got unsigned long *<noident>
kernel/time/posix-cpu-timers.c:130:26: warning: implicit cast to nocast type
kernel/time/posix-cpu-timers.c:130:34: warning: incorrect type in argument 3 (different modifiers)
kernel/time/posix-cpu-timers.c:130:34:    expected unsigned long [nocast] [usertype] *stime
kernel/time/posix-cpu-timers.c:130:34:    got unsigned long *<noident>
kernel/time/posix-cpu-timers.c:130:34: warning: implicit cast to nocast type
kernel/time/posix-cpu-timers.c:138:26: warning: incorrect type in argument 2 (different modifiers)
kernel/time/posix-cpu-timers.c:138:26:    expected unsigned long [nocast] [usertype] *utime
kernel/time/posix-cpu-timers.c:138:26:    got unsigned long *<noident>
kernel/time/posix-cpu-timers.c:138:26: warning: implicit cast to nocast type
kernel/time/posix-cpu-timers.c:906:27: warning: implicit cast from nocast type
kernel/time/posix-cpu-timers.c:915:39: warning: implicit cast to nocast type
kernel/time/posix-cpu-timers.c:920:62: warning: implicit cast to nocast type
kernel/time/posix-cpu-timers.c:924:44: warning: implicit cast from nocast type
kernel/time/posix-cpu-timers.c:925:30: warning: implicit cast from nocast type
kernel/time/posix-cpu-timers.c:948:14: warning: expression using sizeof bool
kernel/time/posix-cpu-timers.c:948:14: warning: expression using sizeof bool
kernel/time/posix-cpu-timers.c:1001:38: warning: implicit cast from nocast type
kernel/time/posix-cpu-timers.c:1002:40: warning: implicit cast from nocast type
kernel/time/posix-cpu-timers.c:893:9: warning: expression using sizeof bool
kernel/time/posix-cpu-timers.c:1117:36: warning: incorrect type in argument 2 (different modifiers)
kernel/time/posix-cpu-timers.c:1117:36:    expected unsigned long [nocast] [usertype] *utime
kernel/time/posix-cpu-timers.c:1117:36:    got unsigned long *<noident>
kernel/time/posix-cpu-timers.c:1117:36: warning: implicit cast to nocast type
kernel/time/posix-cpu-timers.c:1117:56: warning: incorrect type in argument 3 (different modifiers)
kernel/time/posix-cpu-timers.c:1117:56:    expected unsigned long [nocast] [usertype] *stime
kernel/time/posix-cpu-timers.c:1117:56:    got unsigned long *<noident>
kernel/time/posix-cpu-timers.c:1117:56: warning: implicit cast to nocast type
kernel/time/posix-cpu-timers.c:1138:13: warning: expression using sizeof bool
kernel/time/posix-cpu-timers.c:1138:13: warning: expression using sizeof bool
kernel/time/posix-cpu-timers.c:1139:14: warning: expression using sizeof bool
kernel/time/posix-cpu-timers.c:1139:14: warning: expression using sizeof bool
kernel/time/posix-cpu-timers.c:225:37: warning: implicit cast to nocast type
kernel/time/posix-cpu-timers.c:226:37: warning: implicit cast to nocast type
kernel/time/posix-cpu-timers.c:1235:29: warning: implicit cast from nocast type
kernel/time/posix-cpu-timers.c:1239:44: warning: implicit cast to nocast type
kernel/time/posix-cpu-timers.c:1245:28: warning: implicit cast to nocast type
kernel/sched/debug.c:544:6: warning: symbol 'print_rt_rq' was not declared. Should it be static?
kernel/sched/debug.c:566:6: warning: symbol 'print_dl_rq' was not declared. Should it be static?
sound/pci/hda/hda_codec.c:1746:57: warning: incorrect type in argument 4 (different address spaces)
sound/pci/hda/hda_codec.c:1746:57:    expected unsigned int [noderef] <asn:1>*tlv
sound/pci/hda/hda_codec.c:1746:57:    got int *<noident>
kernel/time/jiffies.c:108:20: warning: symbol 'refined_jiffies' was not declared. Should it be static?
lib/lcm.c:7:15: error: symbol 'lcm' redeclared with different type (originally declared at ./include/linux/lcm.h:6) - different modifiers
lib/lcm.c:16:15: error: symbol 'lcm_not_zero' redeclared with different type (originally declared at ./include/linux/lcm.h:7) - different modifiers
lib/gcd.c:16:15: error: symbol 'gcd' redeclared with different type (originally declared at ./include/linux/gcd.h:6) - different modifiers
sound/pci/hda/hda_proc.c:530:18: error: bad integer constant expression
sound/pci/hda/hda_proc.c:531:18: error: bad integer constant expression
sound/pci/hda/hda_proc.c:532:18: error: bad integer constant expression
sound/pci/hda/hda_proc.c:533:18: error: bad integer constant expression
sound/pci/hda/hda_proc.c:534:18: error: bad integer constant expression
sound/pci/hda/hda_proc.c:535:18: error: bad integer constant expression
sound/pci/hda/hda_proc.c:536:18: error: bad integer constant expression
sound/pci/hda/hda_proc.c:537:18: error: bad integer constant expression
net/bluetooth/mgmt.c:3187:21: warning: cast to restricted __le16
net/bluetooth/smp.c:173:9: warning: Variable length array is used.
net/bluetooth/smp.c:3222:27: error: incompatible types in comparison expression (different type sizes)
net/bluetooth/smp.c:3281:27: error: incompatible types in comparison expression (different type sizes)
net/bluetooth/smp.c:3325:27: error: incompatible types in comparison expression (different type sizes)
fs/jbd2/transaction.c:191:17: warning: context imbalance in 'add_transaction_credits' - unexpected unlock
fs/jbd2/transaction.c:322:9: warning: context imbalance in 'start_this_handle' - different lock contexts for basic block
fs/jbd2/transaction.c:1160:20: warning: context imbalance in 'jbd2_journal_get_create_access' - different lock contexts for basic block
fs/jbd2/checkpoint.c:146:36: warning: context imbalance in '__jbd2_log_wait_for_space' - unexpected unlock
sound/soc/soc-core.c:257:20: error: incompatible types in comparison expression (different type sizes)
net/bluetooth/hci_debugfs.c:803:27: error: incompatible types in comparison expression (different type sizes)
net/bluetooth/hci_debugfs.c:1109:1: error: incompatible types in comparison expression (different type sizes)
net/bluetooth/hci_debugfs.c:1111:1: error: incompatible types in comparison expression (different type sizes)
kernel/smp.c:546:13: warning: symbol 'smp_announce' was not declared. Should it be static?
drivers/base/devtmpfs.c:357:25: warning: incorrect type in argument 1 (different address spaces)
drivers/base/devtmpfs.c:357:25:    expected char [noderef] <asn:1>*dev_name
drivers/base/devtmpfs.c:357:25:    got char static *<noident>
drivers/base/devtmpfs.c:357:38: warning: incorrect type in argument 2 (different address spaces)
drivers/base/devtmpfs.c:357:38:    expected char [noderef] <asn:1>*dir_name
drivers/base/devtmpfs.c:357:38:    got char *<noident>
drivers/base/devtmpfs.c:357:53: warning: incorrect type in argument 3 (different address spaces)
drivers/base/devtmpfs.c:357:53:    expected char [noderef] <asn:1>*type
drivers/base/devtmpfs.c:357:53:    got char static *<noident>
drivers/base/devtmpfs.c:383:26: warning: incorrect type in argument 1 (different address spaces)
drivers/base/devtmpfs.c:383:26:    expected char [noderef] <asn:1>*dev_name
drivers/base/devtmpfs.c:383:26:    got char static *<noident>
drivers/base/devtmpfs.c:383:38: warning: incorrect type in argument 2 (different address spaces)
drivers/base/devtmpfs.c:383:38:    expected char [noderef] <asn:1>*dir_name
drivers/base/devtmpfs.c:383:38:    got char static *<noident>
drivers/base/devtmpfs.c:383:43: warning: incorrect type in argument 3 (different address spaces)
drivers/base/devtmpfs.c:383:43:    expected char [noderef] <asn:1>*type
drivers/base/devtmpfs.c:383:43:    got char static *<noident>
drivers/base/devtmpfs.c:383:66: warning: incorrect type in argument 5 (different address spaces)
drivers/base/devtmpfs.c:383:66:    expected void [noderef] <asn:1>*data
drivers/base/devtmpfs.c:383:66:    got char *<noident>
drivers/base/devtmpfs.c:386:19: warning: incorrect type in argument 1 (different address spaces)
drivers/base/devtmpfs.c:386:19:    expected char const [noderef] <asn:1>*filename
drivers/base/devtmpfs.c:386:19:    got char static *<noident>
drivers/base/devtmpfs.c:387:20: warning: incorrect type in argument 1 (different address spaces)
drivers/base/devtmpfs.c:387:20:    expected char const [noderef] <asn:1>*filename
drivers/base/devtmpfs.c:387:20:    got char static *<noident>
drivers/base/regmap/regmap.c:101:27: warning: Using plain integer as NULL pointer
lib/kstrtox.c:376:17: error: incompatible types in comparison expression (different type sizes)
lib/kstrtox.c:398:1: error: incompatible types in comparison expression (different type sizes)
lib/kstrtox.c:399:1: error: incompatible types in comparison expression (different type sizes)
lib/kstrtox.c:400:1: error: incompatible types in comparison expression (different type sizes)
lib/kstrtox.c:401:1: error: incompatible types in comparison expression (different type sizes)
lib/kstrtox.c:402:1: error: incompatible types in comparison expression (different type sizes)
lib/kstrtox.c:403:1: error: incompatible types in comparison expression (different type sizes)
lib/kstrtox.c:404:1: error: incompatible types in comparison expression (different type sizes)
lib/kstrtox.c:405:1: error: incompatible types in comparison expression (different type sizes)
lib/kstrtox.c:406:1: error: incompatible types in comparison expression (different type sizes)
lib/kstrtox.c:407:1: error: incompatible types in comparison expression (different type sizes)
net/core/sock.c:1583:9: warning: context imbalance in 'sk_clone_lock' - different lock contexts for basic block
net/core/sock.c:2527:6: warning: context imbalance in 'lock_sock_fast' - different lock contexts for basic block
net/core/sock.c:2955:13: warning: context imbalance in 'proto_seq_start' - wrong count at exit
net/core/sock.c:2967:13: warning: context imbalance in 'proto_seq_stop' - wrong count at exit
kernel/cgroup.c:3145:9: warning: context imbalance in 'cgroup_lock_and_drain_offline' - wrong count at exit
kernel/stop_machine.c:528:36: warning: incorrect type in initializer (different address spaces)
kernel/stop_machine.c:528:36:    expected struct task_struct [noderef] <asn:3>**store
kernel/stop_machine.c:528:36:    got struct task_struct *static [noderef] [toplevel] <asn:3>*<noident>
kernel/hung_task.c:24:19: warning: symbol 'sysctl_hung_task_check_count' was not declared. Should it be static?
kernel/hung_task.c:38:29: warning: symbol 'sysctl_hung_task_timeout_secs' was not declared. Should it be static?
kernel/hung_task.c:40:19: warning: symbol 'sysctl_hung_task_warnings' was not declared. Should it be static?
kernel/hung_task.c:50:28: warning: symbol 'sysctl_hung_task_panic' was not declared. Should it be static?
kernel/hung_task.c:199:5: warning: symbol 'proc_dohung_task_timeout_secs' was not declared. Should it be static?
lib/xz/xz_dec_stream.c:734:23: warning: function 'xz_dec_run' with external linkage has definition
lib/xz/xz_dec_stream.c:770:25: warning: function 'xz_dec_init' with external linkage has definition
lib/xz/xz_dec_stream.c:800:16: warning: function 'xz_dec_reset' with external linkage has definition
lib/xz/xz_dec_stream.c:812:16: warning: function 'xz_dec_end' with external linkage has definition
lib/xz/xz_dec_lzma2.c:931:23: warning: function 'xz_dec_lzma2_run' with external linkage has definition
lib/xz/xz_dec_lzma2.c:1108:31: warning: function 'xz_dec_lzma2_create' with external linkage has definition
lib/xz/xz_dec_lzma2.c:1132:23: warning: function 'xz_dec_lzma2_reset' with external linkage has definition
lib/xz/xz_dec_lzma2.c:1169:16: warning: function 'xz_dec_lzma2_end' with external linkage has definition
kernel/elfcore.c:6:17: warning: symbol 'elf_core_extra_phdrs' was not declared. Should it be static?
kernel/elfcore.c:11:12: warning: symbol 'elf_core_write_extra_phdrs' was not declared. Should it be static?
kernel/elfcore.c:16:12: warning: symbol 'elf_core_write_extra_data' was not declared. Should it be static?
kernel/elfcore.c:21:15: warning: symbol 'elf_core_extra_data_size' was not declared. Should it be static?
kernel/irq_work.c:52:13: warning: symbol 'arch_irq_work_raise' was not declared. Should it be static?
./include/net/sock.h:1431:31: warning: context imbalance in '__skb_free_datagram_locked' - unexpected unlock
kernel/memremap.c:116:22: warning: incorrect type in assignment (different address spaces)
kernel/memremap.c:116:22:    expected void *[assigned] addr
kernel/memremap.c:116:22:    got void [noderef] <asn:2>*
kernel/memremap.c:119:22: warning: incorrect type in assignment (different address spaces)
kernel/memremap.c:119:22:    expected void *[assigned] addr
kernel/memremap.c:119:22:    got void [noderef] <asn:2>*
lib/xz/xz_dec_bcj.c:417:23: warning: function 'xz_dec_bcj_run' with external linkage has definition
lib/xz/xz_dec_bcj.c:527:29: warning: function 'xz_dec_bcj_create' with external linkage has definition
lib/xz/xz_dec_bcj.c:536:23: warning: function 'xz_dec_bcj_reset' with external linkage has definition
lib/xz/xz_dec_bcj.c:91:21: warning: Initializer entry defined twice
lib/xz/xz_dec_bcj.c:91:27:   also defined here
drivers/base/dma-coherent.c:36:26: warning: incorrect type in assignment (different address spaces)
drivers/base/dma-coherent.c:36:26:    expected void [noderef] <asn:2>*mem_base
drivers/base/dma-coherent.c:36:26:    got void *
drivers/base/dma-coherent.c:49:28: warning: incorrect type in assignment (different address spaces)
drivers/base/dma-coherent.c:49:28:    expected void *virt_base
drivers/base/dma-coherent.c:49:28:    got void [noderef] <asn:2>*[assigned] mem_base
drivers/base/dma-coherent.c:63:34: warning: incorrect type in argument 1 (different address spaces)
drivers/base/dma-coherent.c:63:34:    expected void *addr
drivers/base/dma-coherent.c:63:34:    got void [noderef] <asn:2>*[assigned] mem_base
drivers/base/dma-coherent.c:78:28: warning: incorrect type in argument 1 (different address spaces)
drivers/base/dma-coherent.c:78:28:    expected void volatile [noderef] <asn:2>*iomem_cookie
drivers/base/dma-coherent.c:78:28:    got void *virt_base
drivers/base/dma-coherent.c:196:17: warning: incorrect type in argument 1 (different address spaces)
drivers/base/dma-coherent.c:196:17:    expected void volatile [noderef] <asn:2>*dst
drivers/base/dma-coherent.c:196:17:    got void *<noident>
kernel/config_data.h:1727:10: warning: trying to concatenate 55193-character string (8191 bytes max)
drivers/base/firmware_class.c:286:9: warning: context imbalance in 'fw_free_buf' - wrong count at exit
lib/swiotlb.c:243:1: warning: symbol 'swiotlb_late_init_with_default_size' was not declared. Should it be static?
lib/iommu-helper.c:9:5: warning: symbol 'iommu_is_span_boundary' was not declared. Should it be static?
lib/iommu-helper.c:19:15: warning: symbol 'iommu_area_alloc' was not declared. Should it be static?
net/core/scm.c:241:26: warning: cast removes address space of expression
net/core/scm.c:241:26: warning: incorrect type in argument 1 (different address spaces)
net/core/scm.c:241:26:    expected void [noderef] <asn:1>*to
net/core/scm.c:241:26:    got void *<noident>
net/core/scm.c:277:48: warning: cast removes address space of expression
net/core/gen_stats.c:63:1: warning: context imbalance in 'gnet_stats_start_copy_compat' - wrong count at exit
net/core/gen_stats.c:36:31: warning: context imbalance in 'gnet_stats_copy_basic' - unexpected unlock
net/core/gen_stats.c:36:31: warning: context imbalance in 'gnet_stats_copy_rate_est' - unexpected unlock
net/core/gen_stats.c:36:31: warning: context imbalance in 'gnet_stats_copy_queue' - unexpected unlock
net/core/gen_stats.c:36:31: warning: context imbalance in 'gnet_stats_copy_app' - unexpected unlock
net/core/gen_stats.c:36:31: warning: context imbalance in 'gnet_stats_finish_copy' - unexpected unlock
net/core/gen_estimator.c:120:9: warning: context imbalance in 'est_timer' - different lock contexts for basic block
drivers/char/random.c:424:19: warning: symbol 'primary_crng' was not declared. Should it be static?
drivers/char/random.c:1783:25: error: incompatible types in comparison expression (different type sizes)
net/core/sysctl_net_core.c:159:23: error: incompatible types in comparison expression (different type sizes)
lib/chacha20.c:24:13: warning: function 'chacha20_block' with external linkage has definition
drivers/clocksource/clksrc-probe.c:39:31: warning: incorrect type in assignment (different modifiers)
drivers/clocksource/clksrc-probe.c:39:31:    expected int ( *[usertype] init_func_ret )( ... )
drivers/clocksource/clksrc-probe.c:39:31:    got void const *const data
net/ethernet/eth.c:492:15: warning: symbol 'arch_get_platform_mac_address' was not declared. Should it be static?
./include/trace/events/net.h:170:1: error: directive in argument list
./include/trace/events/net.h:172:1: error: directive in argument list
./include/trace/events/net.h:174:1: error: directive in argument list
lib/dec_and_lock.c:20:5: warning: context imbalance in '_atomic_dec_and_lock' - different lock contexts for basic block
drivers/clk/clk.c:3442:37: warning: incorrect type in assignment (different modifiers)
drivers/clk/clk.c:3442:37:    expected void ( *[usertype] clk_init_cb )( ... )
drivers/clk/clk.c:3442:37:    got void const *const data
lib/decompress_inflate.c:37:17: warning: symbol '__gunzip' was not declared. Should it be static?
net/ipv6/anycast.c:459:25: warning: context imbalance in 'ac6_get_next' - unexpected unlock
net/ipv6/anycast.c:481:9: warning: context imbalance in 'ac6_get_idx' - wrong count at exit
./include/linux/rcupdate.h:925:9: warning: context imbalance in 'ac6_seq_stop' - unexpected unlock
lib/decompress_unxz.c:251:17: warning: symbol 'unxz' was not declared. Should it be static?
net/core/rtnetlink.c:2472:41: warning: Variable length array is used.
net/core/rtnetlink.c:2473:49: warning: Variable length array is used.
net/core/filter.c:302:33: error: subtraction of functions? Share your drugs
net/core/filter.c:305:33: error: subtraction of functions? Share your drugs
net/core/filter.c:308:33: error: subtraction of functions? Share your drugs
net/core/filter.c:311:33: error: subtraction of functions? Share your drugs
net/core/filter.c:314:33: error: subtraction of functions? Share your drugs
net/core/filter.c:748:30: error: cannot size expression
net/core/dev_ioctl.c:149:32: error: incompatible types in comparison expression (different type sizes)
net/core/dev_ioctl.c:270:24: error: incompatible types in comparison expression (different type sizes)
drivers/gpio/gpiolib.c:2477:36: warning: Variable length array is used.
drivers/gpio/gpiolib.c:2478:36: warning: Variable length array is used.
drivers/gpio/gpiolib.c:2484:17: error: cannot size expression
net/ipv4/inet_connection_sock.c:827:9: warning: context imbalance in 'inet_csk_complete_hashdance' - unexpected unlock
drivers/clk/tegra/clk-divider.c:140:9: warning: context imbalance in 'clk_frac_div_set_rate' - different lock contexts for basic block
lib/vsprintf.c:745:18: warning: Variable length array is used.
lib/vsprintf.c:748:38: error: cannot size expression
./include/net/sock.h:1431:31: warning: context imbalance in 'tcp_ioctl' - unexpected unlock
drivers/clk/tegra/clk-pll.c:421:12: warning: context imbalance in 'clk_pll_enable' - different lock contexts for basic block
drivers/clk/tegra/clk-pll.c:450:9: warning: context imbalance in 'clk_pll_disable' - different lock contexts for basic block
drivers/clk/tegra/clk-pll.c:818:9: warning: context imbalance in 'clk_pll_set_rate' - different lock contexts for basic block
drivers/clk/tegra/clk-pll.c:1140:9: warning: context imbalance in 'clk_pllu_enable' - different lock contexts for basic block
drivers/clk/tegra/clk-pll.c:1301:9: warning: context imbalance in 'clk_pllxc_set_rate' - different lock contexts for basic block
drivers/clk/tegra/clk-pll.c:1342:12: warning: context imbalance in 'clk_pllc_enable' - different lock contexts for basic block
drivers/clk/tegra/clk-pll.c:1393:9: warning: context imbalance in 'clk_pllc_disable' - different lock contexts for basic block
drivers/clk/tegra/clk-pll.c:1473:9: warning: context imbalance in 'clk_pllc_set_rate' - different lock contexts for basic block
drivers/clk/tegra/clk-pll.c:1528:9: warning: context imbalance in 'clk_pllre_set_rate' - different lock contexts for basic block
drivers/clk/tegra/clk-pll.c:1660:9: warning: context imbalance in 'clk_plle_tegra114_enable' - different lock contexts for basic block
drivers/clk/tegra/clk-pll.c:1679:9: warning: context imbalance in 'clk_plle_tegra114_disable' - different lock contexts for basic block
drivers/clk/tegra/clk-pll.c:1786:9: warning: context imbalance in 'clk_pllu_tegra114_enable' - different lock contexts for basic block
drivers/clk/tegra/clk-pll-out.c:41:12: warning: context imbalance in 'clk_pll_out_enable' - different lock contexts for basic block
drivers/clk/tegra/clk-pll-out.c:79:9: warning: context imbalance in 'clk_pll_out_disable' - different lock contexts for basic block
drivers/clk/tegra/clk-super.c:121:9: warning: context imbalance in 'clk_super_set_parent' - different lock contexts for basic block
drivers/gpu/drm/drm_fb_helper.c:2108:27: warning: expression using sizeof bool
drivers/gpu/drm/drm_bufs.c:213:45: warning: incorrect type in assignment (different address spaces)
drivers/gpu/drm/drm_bufs.c:213:45:    expected void *handle
drivers/gpu/drm/drm_bufs.c:213:45:    got void [noderef] <asn:2>*
drivers/gpu/drm/drm_bufs.c:216:45: warning: incorrect type in assignment (different address spaces)
drivers/gpu/drm/drm_bufs.c:216:45:    expected void *handle
drivers/gpu/drm/drm_bufs.c:216:45:    got void [noderef] <asn:2>*
drivers/gpu/drm/drm_bufs.c:331:36: warning: incorrect type in argument 1 (different address spaces)
drivers/gpu/drm/drm_bufs.c:331:36:    expected void volatile [noderef] <asn:2>*iomem_cookie
drivers/gpu/drm/drm_bufs.c:331:36:    got void *handle
drivers/gpu/drm/drm_bufs.c:348:36: warning: incorrect type in argument 1 (different address spaces)
drivers/gpu/drm/drm_bufs.c:348:36:    expected void volatile [noderef] <asn:2>*iomem_cookie
drivers/gpu/drm/drm_bufs.c:348:36:    got void *handle
drivers/gpu/drm/drm_bufs.c:514:28: warning: incorrect type in argument 1 (different address spaces)
drivers/gpu/drm/drm_bufs.c:514:28:    expected void volatile [noderef] <asn:2>*iomem_cookie
drivers/gpu/drm/drm_bufs.c:514:28:    got void *handle
net/ipv4/tcp_input.c:6403:17: warning: context imbalance in 'tcp_conn_request' - unexpected unlock
net/ipv6/ipv6_sockglue.c:1029:33: warning: incorrect type in assignment (different address spaces)
net/ipv6/ipv6_sockglue.c:1029:33:    expected void *msg_control
net/ipv6/ipv6_sockglue.c:1029:33:    got char [noderef] <asn:1>*optval
fs/nfs/super.c:2852:14: warning: symbol 'nfs_idmap_cache_timeout' was not declared. Should it be static?
./include/net/sock.h:1431:31: warning: context imbalance in 'udpv6_recvmsg' - unexpected unlock
drivers/gpu/drm/drm_memory.c:128:29: warning: incorrect type in assignment (different address spaces)
drivers/gpu/drm/drm_memory.c:128:29:    expected void *handle
drivers/gpu/drm/drm_memory.c:128:29:    got void [noderef] <asn:2>*
drivers/gpu/drm/drm_memory.c:137:29: warning: incorrect type in assignment (different address spaces)
drivers/gpu/drm/drm_memory.c:137:29:    expected void *handle
drivers/gpu/drm/drm_memory.c:137:29:    got void [noderef] <asn:2>*
drivers/gpu/drm/drm_memory.c:149:28: warning: incorrect type in argument 1 (different address spaces)
drivers/gpu/drm/drm_memory.c:149:28:    expected void volatile [noderef] <asn:2>*iomem_cookie
drivers/gpu/drm/drm_memory.c:149:28:    got void *handle
drivers/gpu/drm/drm_vm.c:260:44: warning: incorrect type in argument 1 (different address spaces)
drivers/gpu/drm/drm_vm.c:260:44:    expected void volatile [noderef] <asn:2>*iomem_cookie
drivers/gpu/drm/drm_vm.c:260:44:    got void *handle
drivers/gpu/drm/drm_vm.c:490:51: error: undefined identifier '_PAGE_RW'
drivers/gpu/drm/drm_vm.c:574:51: error: undefined identifier '_PAGE_RW'
net/ipv6/icmp.c:391:13: warning: context imbalance in 'icmp6_send' - different lock contexts for basic block
net/ipv6/icmp.c:626:13: warning: context imbalance in 'icmpv6_echo_reply' - different lock contexts for basic block
net/ipv6/mcast.c:249:25: warning: context imbalance in 'ip6_mc_find_dev_rcu' - different lock contexts for basic block
net/ipv6/mcast.c:436:9: warning: context imbalance in 'ip6_mc_source' - unexpected unlock
net/ipv6/mcast.c:525:9: warning: context imbalance in 'ip6_mc_msfilter' - unexpected unlock
net/ipv6/mcast.c:572:21: warning: context imbalance in 'ip6_mc_msfget' - unexpected unlock
net/ipv6/mcast.c:2624:25: warning: context imbalance in 'igmp6_mc_get_next' - unexpected unlock
net/ipv6/mcast.c:2646:9: warning: context imbalance in 'igmp6_mc_get_idx' - wrong count at exit
net/ipv6/mcast.c:2673:9: warning: context imbalance in 'igmp6_mc_seq_stop' - unexpected unlock
net/ipv6/mcast.c:2759:31: warning: context imbalance in 'igmp6_mcf_get_next' - unexpected unlock
net/ipv6/mcast.c:2791:9: warning: context imbalance in 'igmp6_mcf_get_idx' - wrong count at exit
net/ipv6/mcast.c:2808:9: warning: context imbalance in 'igmp6_mcf_seq_next' - wrong count at exit
net/ipv6/mcast.c:2821:17: warning: context imbalance in 'igmp6_mcf_seq_stop' - unexpected unlock
net/ipv6/tcp_ipv6.c:1502:21: warning: context imbalance in 'tcp_v6_rcv' - different lock contexts for basic block
net/ipv4/tcp_ipv4.c:1560:17: warning: context imbalance in 'tcp_add_backlog' - unexpected unlock
net/ipv4/tcp_ipv4.c:1728:21: warning: context imbalance in 'tcp_v4_rcv' - different lock contexts for basic block
net/ipv4/tcp_ipv4.c:1914:23: warning: context imbalance in 'listening_get_next' - unexpected unlock
net/ipv4/tcp_ipv4.c:1974:9: warning: context imbalance in 'established_get_first' - wrong count at exit
net/ipv4/tcp_ipv4.c:1994:40: warning: context imbalance in 'established_get_next' - unexpected unlock
net/ipv4/tcp_ipv4.c:2122:39: warning: context imbalance in 'tcp_seq_stop' - unexpected unlock
net/ipv6/xfrm6_state.c:64:19: warning: Variable length array is used.
net/ipv6/xfrm6_state.c:66:9: error: cannot size expression
net/ipv4/tcp_minisocks.c:834:9: warning: context imbalance in 'tcp_child_process' - unexpected unlock
net/ipv6/proc.c:199:28: warning: Variable length array is used.
net/ipv6/proc.c:219:20: warning: Variable length array is used.
drivers/input/joydev.c:444:15: error: incompatible types in comparison expression (different type sizes)
drivers/input/joydev.c:475:15: error: incompatible types in comparison expression (different type sizes)
net/ipv6/ip6_tunnel.c:874:12: warning: context imbalance in 'ipxip6_rcv' - different lock contexts for basic block
net/ipv4/raw.c:991:21: warning: context imbalance in 'raw_seq_start' - wrong count at exit
net/ipv4/raw.c:1008:6: warning: context imbalance in 'raw_seq_stop' - unexpected unlock
./include/net/sock.h:1431:31: warning: context imbalance in 'first_packet_length' - unexpected unlock
./include/net/sock.h:1431:31: warning: context imbalance in 'udp_recvmsg' - unexpected unlock
./include/net/sock.h:1431:31: warning: context imbalance in 'udp_destroy_sock' - unexpected unlock
net/ipv4/udp.c:2264:9: warning: context imbalance in 'udp_get_first' - wrong count at exit
net/ipv4/udp.c:2278:39: warning: context imbalance in 'udp_get_next' - unexpected unlock
net/ipv4/udp.c:2320:31: warning: context imbalance in 'udp_seq_stop' - unexpected unlock
drivers/iommu/of_iommu.c:223:55: warning: incorrect type in initializer (different modifiers)
drivers/iommu/of_iommu.c:223:55:    expected int ( *const [usertype] init_fn )( ... )
drivers/iommu/of_iommu.c:223:55:    got void const *const data
net/ipv4/icmp.c:389:13: warning: context imbalance in 'icmp_reply' - different lock contexts for basic block
net/ipv4/icmp.c:731:9: warning: context imbalance in 'icmp_send' - different lock contexts for basic block
net/netlink/af_netlink.c:2345:12: warning: context imbalance in 'netlink_walk_start' - wrong count at exit
net/netlink/af_netlink.c:2360:13: warning: context imbalance in 'netlink_walk_stop' - unexpected unlock
net/ipv4/igmp.c:2820:31: warning: context imbalance in 'igmp_mcf_get_next' - unexpected unlock
net/ipv4/igmp.c:2848:9: warning: context imbalance in 'igmp_mcf_get_idx' - wrong count at exit
net/ipv4/igmp.c:2865:9: warning: context imbalance in 'igmp_mcf_seq_next' - wrong count at exit
net/ipv4/igmp.c:2877:9: warning: context imbalance in 'igmp_mcf_seq_stop' - unexpected unlock
drivers/irqchip/irq-gic.c:1077:44: warning: incorrect type in assignment (different address spaces)
drivers/irqchip/irq-gic.c:1077:44:    expected void [noderef] <asn:3>*[noderef] <asn:2>*percpu_base
drivers/irqchip/irq-gic.c:1077:44:    got void [noderef] <asn:2>*[noderef] <asn:3>*<noident>
drivers/irqchip/irq-gic.c:1078:43: warning: incorrect type in assignment (different address spaces)
drivers/irqchip/irq-gic.c:1078:43:    expected void [noderef] <asn:3>*[noderef] <asn:2>*percpu_base
drivers/irqchip/irq-gic.c:1078:43:    got void [noderef] <asn:2>*[noderef] <asn:3>*<noident>
drivers/irqchip/irq-gic.c:1089:26: warning: incorrect type in initializer (different address spaces)
drivers/irqchip/irq-gic.c:1089:26:    expected void const [noderef] <asn:3>*__vpp_verify
drivers/irqchip/irq-gic.c:1089:26:    got void [noderef] <asn:3>*[noderef] <asn:2>*<noident>
drivers/irqchip/irq-gic.c:1089:71: warning: incorrect type in assignment (different address spaces)
drivers/irqchip/irq-gic.c:1089:71:    expected void [noderef] <asn:3>*<noident>
drivers/irqchip/irq-gic.c:1089:71:    got void [noderef] <asn:2>*
drivers/irqchip/irq-gic.c:1091:26: warning: incorrect type in initializer (different address spaces)
drivers/irqchip/irq-gic.c:1091:26:    expected void const [noderef] <asn:3>*__vpp_verify
drivers/irqchip/irq-gic.c:1091:26:    got void [noderef] <asn:3>*[noderef] <asn:2>*<noident>
drivers/irqchip/irq-gic.c:1091:70: warning: incorrect type in assignment (different address spaces)
drivers/irqchip/irq-gic.c:1091:70:    expected void [noderef] <asn:3>*<noident>
drivers/irqchip/irq-gic.c:1091:70:    got void [noderef] <asn:2>*
drivers/irqchip/irq-gic.c:1165:43: warning: incorrect type in argument 1 (different address spaces)
drivers/irqchip/irq-gic.c:1165:43:    expected void [noderef] <asn:3>*__pdata
drivers/irqchip/irq-gic.c:1165:43:    got void [noderef] <asn:3>*[noderef] <asn:2>*percpu_base
drivers/irqchip/irq-gic.c:1166:42: warning: incorrect type in argument 1 (different address spaces)
drivers/irqchip/irq-gic.c:1166:42:    expected void [noderef] <asn:3>*__pdata
drivers/irqchip/irq-gic.c:1166:42:    got void [noderef] <asn:3>*[noderef] <asn:2>*percpu_base
drivers/input/mouse/synaptics.c:890:77: warning: dubious: !x | y
net/mac80211/aes_ccm.c:27:56: warning: Variable length array is used.
net/mac80211/aes_ccm.c:32:9: error: cannot size expression
net/mac80211/aes_ccm.c:59:9: error: cannot size expression
fs/nfs_common/grace.c:66:1: warning: symbol '__state_in_grace' was not declared. Should it be static?
./include/linux/bottom_half.h:31:30: warning: context imbalance in 'packet_direct_xmit' - different lock contexts for basic block
net/mac80211/aes_gcm.c:23:56: warning: Variable length array is used.
net/mac80211/aes_gcm.c:28:9: error: cannot size expression
net/mac80211/aes_gcm.c:54:9: error: cannot size expression
net/mac80211/aes_gmac.c:28:56: warning: Variable length array is used.
net/mac80211/aes_gmac.c:37:9: error: cannot size expression
net/rfkill/core.c:1155:17: error: incompatible types in comparison expression (different type sizes)
net/ipv4/proc.c:412:28: warning: Variable length array is used.
drivers/gpu/drm/ati_pcigart.c:194:9: error: undefined identifier 'wbinvd'
net/sched/sch_generic.c:166:5: warning: context imbalance in 'sch_direct_xmit' - unexpected unlock
drivers/gpu/drm/drm_debugfs_crc.c:118:30: warning: symbol 'drm_crtc_crc_control_fops' was not declared. Should it be static?
drivers/gpu/drm/drm_debugfs_crc.c:264:30: warning: symbol 'drm_crtc_crc_data_fops' was not declared. Should it be static?
drivers/gpu/drm/drm_debugfs_crc.c:281:5: warning: symbol 'drm_debugfs_crtc_crc_add' was not declared. Should it be static?
fs/notify/fdinfo.c:51:87: warning: Using plain integer as NULL pointer
fs/notify/fdinfo.c:102:6: warning: symbol 'inotify_show_fdinfo' was not declared. Should it be static?
drivers/media/v4l2-core/v4l2-ioctl.c:234:9: error: cannot size expression
drivers/media/v4l2-core/v4l2-ioctl.c:254:9: error: cannot size expression
drivers/media/v4l2-core/v4l2-ioctl.c:259:17: error: cannot size expression
drivers/media/v4l2-core/v4l2-ioctl.c:277:17: error: cannot size expression
drivers/media/v4l2-core/v4l2-ioctl.c:300:17: error: cannot size expression
drivers/media/v4l2-core/v4l2-ioctl.c:361:9: error: cannot size expression
drivers/media/v4l2-core/v4l2-ioctl.c:432:9: error: cannot size expression
drivers/media/v4l2-core/v4l2-ioctl.c:445:9: error: cannot size expression
drivers/media/v4l2-core/v4l2-ioctl.c:445:9: error: cannot size expression
drivers/media/v4l2-core/v4l2-ioctl.c:481:9: error: cannot size expression
drivers/media/v4l2-core/v4l2-ioctl.c:500:9: error: cannot size expression
drivers/media/v4l2-core/v4l2-ioctl.c:586:9: error: cannot size expression
drivers/media/v4l2-core/v4l2-ioctl.c:601:9: error: cannot size expression
drivers/media/v4l2-core/v4l2-ioctl.c:611:9: error: cannot size expression
drivers/media/v4l2-core/v4l2-ioctl.c:815:25: error: cannot size expression
drivers/media/v4l2-core/v4l2-ioctl.c:850:9: error: cannot size expression
fs/proc/task_mmu.c:637:18: error: bad integer constant expression
fs/proc/task_mmu.c:638:18: error: bad integer constant expression
fs/proc/task_mmu.c:639:18: error: bad integer constant expression
fs/proc/task_mmu.c:640:18: error: bad integer constant expression
fs/proc/task_mmu.c:641:18: error: bad integer constant expression
fs/proc/task_mmu.c:642:18: error: bad integer constant expression
fs/proc/task_mmu.c:643:18: error: bad integer constant expression
fs/proc/task_mmu.c:644:18: error: bad integer constant expression
fs/proc/task_mmu.c:645:18: error: bad integer constant expression
fs/proc/task_mmu.c:646:18: error: bad integer constant expression
fs/proc/task_mmu.c:647:18: error: bad integer constant expression
fs/proc/task_mmu.c:651:18: error: bad integer constant expression
fs/proc/task_mmu.c:652:18: error: bad integer constant expression
fs/proc/task_mmu.c:653:18: error: bad integer constant expression
fs/proc/task_mmu.c:654:18: error: bad integer constant expression
fs/proc/task_mmu.c:655:18: error: bad integer constant expression
fs/proc/task_mmu.c:656:18: error: bad integer constant expression
fs/proc/task_mmu.c:657:18: error: bad integer constant expression
fs/proc/task_mmu.c:658:18: error: bad integer constant expression
fs/proc/task_mmu.c:659:18: error: bad integer constant expression
fs/proc/task_mmu.c:660:18: error: bad integer constant expression
fs/proc/task_mmu.c:661:18: error: bad integer constant expression
fs/proc/task_mmu.c:665:18: error: bad integer constant expression
fs/proc/task_mmu.c:666:18: error: bad integer constant expression
fs/proc/task_mmu.c:667:18: error: bad integer constant expression
fs/proc/task_mmu.c:668:18: error: bad integer constant expression
fs/proc/task_mmu.c:669:18: error: bad integer constant expression
fs/proc/task_mmu.c:670:18: error: bad integer constant expression
fs/proc/task_mmu.c:1421:23: error: incompatible types in comparison expression (different type sizes)
fs/proc/base.c:1988:25: warning: cast to restricted fmode_t
fs/proc/base.c:2047:42: warning: cast from restricted fmode_t
fs/proc/base.c:2146:48: warning: cast from restricted fmode_t
fs/proc/base.c:1083:36: warning: context imbalance in '__set_oom_adj' - unexpected unlock
fs/proc/array.c:425:43: warning: implicit cast to nocast type
fs/proc/array.c:426:26: warning: implicit cast to nocast type
fs/proc/array.c:459:62: warning: incorrect type in argument 2 (different modifiers)
fs/proc/array.c:459:62:    expected unsigned long [nocast] [usertype] *ut
fs/proc/array.c:459:62:    got unsigned long *<noident>
fs/proc/array.c:459:62: warning: implicit cast to nocast type
fs/proc/array.c:459:70: warning: incorrect type in argument 3 (different modifiers)
fs/proc/array.c:459:70:    expected unsigned long [nocast] [usertype] *st
fs/proc/array.c:459:70:    got unsigned long *<noident>
fs/proc/array.c:459:70: warning: implicit cast to nocast type
fs/proc/array.c:475:46: warning: incorrect type in argument 2 (different modifiers)
fs/proc/array.c:475:46:    expected unsigned long [nocast] [usertype] *ut
fs/proc/array.c:475:46:    got unsigned long *<noident>
fs/proc/array.c:475:46: warning: implicit cast to nocast type
fs/proc/array.c:475:54: warning: incorrect type in argument 3 (different modifiers)
fs/proc/array.c:475:54:    expected unsigned long [nocast] [usertype] *st
fs/proc/array.c:475:54:    got unsigned long *<noident>
fs/proc/array.c:475:54: warning: implicit cast to nocast type
drivers/media/v4l2-core/v4l2-of.c:51:33: error: cannot size expression
fs/proc/fd.c:106:55: warning: incorrect type in initializer (different base types)
fs/proc/fd.c:106:55:    expected unsigned int [unsigned] f_mode
fs/proc/fd.c:106:55:    got restricted fmode_t [usertype] f_mode
fs/proc/fd.c:124:54: warning: restricted fmode_t degrades to integer
fs/proc/fd.c:126:54: warning: restricted fmode_t degrades to integer
fs/proc/proc_tty.c:175:13: warning: symbol 'proc_tty_init' was not declared. Should it be static?
net/unix/af_unix.c:1072:13: warning: context imbalance in 'unix_state_double_lock' - wrong count at exit
net/unix/af_unix.c:1090:17: warning: context imbalance in 'unix_state_double_unlock' - unexpected unlock
net/unix/af_unix.c:1182:54: warning: context imbalance in 'unix_wait_for_peer' - unexpected unlock
net/unix/af_unix.c:1361:9: warning: context imbalance in 'unix_stream_connect' - different lock contexts for basic block
net/unix/af_unix.c:1741:25: warning: context imbalance in 'unix_dgram_sendmsg' - unexpected unlock
drivers/media/v4l2-core/v4l2-dv-timings.c:35:9: error: unknown field name in initializer
drivers/media/v4l2-core/v4l2-dv-timings.c:36:9: error: unknown field name in initializer
drivers/media/v4l2-core/v4l2-dv-timings.c:37:9: error: unknown field name in initializer
drivers/media/v4l2-core/v4l2-dv-timings.c:38:9: error: unknown field name in initializer
drivers/media/v4l2-core/v4l2-dv-timings.c:39:9: error: unknown field name in initializer
drivers/media/v4l2-core/v4l2-dv-timings.c:40:9: error: unknown field name in initializer
drivers/media/v4l2-core/v4l2-dv-timings.c:41:9: error: unknown field name in initializer
drivers/media/v4l2-core/v4l2-dv-timings.c:42:9: error: unknown field name in initializer
drivers/media/v4l2-core/v4l2-dv-timings.c:43:9: error: unknown field name in initializer
drivers/media/v4l2-core/v4l2-dv-timings.c:44:9: error: unknown field name in initializer
drivers/media/v4l2-core/v4l2-dv-timings.c:45:9: error: unknown field name in initializer
drivers/media/v4l2-core/v4l2-dv-timings.c:46:9: error: unknown field name in initializer
drivers/media/v4l2-core/v4l2-dv-timings.c:47:9: error: unknown field name in initializer
drivers/media/v4l2-core/v4l2-dv-timings.c:48:9: error: unknown field name in initializer
drivers/media/v4l2-core/v4l2-dv-timings.c:49:9: error: unknown field name in initializer
drivers/media/v4l2-core/v4l2-dv-timings.c:50:9: error: unknown field name in initializer
drivers/media/v4l2-core/v4l2-dv-timings.c:51:9: error: unknown field name in initializer
drivers/media/v4l2-core/v4l2-dv-timings.c:52:9: error: unknown field name in initializer
drivers/media/v4l2-core/v4l2-dv-timings.c:53:9: error: unknown field name in initializer
drivers/media/v4l2-core/v4l2-dv-timings.c:54:9: error: unknown field name in initializer
drivers/media/v4l2-core/v4l2-dv-timings.c:55:9: error: unknown field name in initializer
drivers/media/v4l2-core/v4l2-dv-timings.c:56:9: error: unknown field name in initializer
drivers/media/v4l2-core/v4l2-dv-timings.c:57:9: error: unknown field name in initializer
drivers/media/v4l2-core/v4l2-dv-timings.c:58:9: error: unknown field name in initializer
drivers/media/v4l2-core/v4l2-dv-timings.c:59:9: error: unknown field name in initializer
drivers/media/v4l2-core/v4l2-dv-timings.c:60:9: error: unknown field name in initializer
drivers/media/v4l2-core/v4l2-dv-timings.c:61:9: error: unknown field name in initializer
drivers/media/v4l2-core/v4l2-dv-timings.c:62:9: error: unknown field name in initializer
drivers/media/v4l2-core/v4l2-dv-timings.c:63:9: error: unknown field name in initializer
drivers/media/v4l2-core/v4l2-dv-timings.c:64:9: error: unknown field name in initializer
drivers/media/v4l2-core/v4l2-dv-timings.c:65:9: error: unknown field name in initializer
drivers/media/v4l2-core/v4l2-dv-timings.c:66:9: error: unknown field name in initializer
drivers/media/v4l2-core/v4l2-dv-timings.c:67:9: error: unknown field name in initializer
drivers/media/v4l2-core/v4l2-dv-timings.c:68:9: error: unknown field name in initializer
drivers/media/v4l2-core/v4l2-dv-timings.c:69:9: error: unknown field name in initializer
drivers/media/v4l2-core/v4l2-dv-timings.c:70:9: error: unknown field name in initializer
drivers/media/v4l2-core/v4l2-dv-timings.c:71:9: error: unknown field name in initializer
drivers/media/v4l2-core/v4l2-dv-timings.c:72:9: error: unknown field name in initializer
drivers/media/v4l2-core/v4l2-dv-timings.c:73:9: error: unknown field name in initializer
drivers/media/v4l2-core/v4l2-dv-timings.c:74:9: error: unknown field name in initializer
drivers/media/v4l2-core/v4l2-dv-timings.c:75:9: error: unknown field name in initializer
drivers/media/v4l2-core/v4l2-dv-timings.c:76:9: error: unknown field name in initializer
drivers/media/v4l2-core/v4l2-dv-timings.c:77:9: error: unknown field name in initializer
drivers/media/v4l2-core/v4l2-dv-timings.c:78:9: error: unknown field name in initializer
drivers/media/v4l2-core/v4l2-dv-timings.c:79:9: error: unknown field name in initializer
drivers/media/v4l2-core/v4l2-dv-timings.c:80:9: error: unknown field name in initializer
drivers/media/v4l2-core/v4l2-dv-timings.c:81:9: error: unknown field name in initializer
drivers/media/v4l2-core/v4l2-dv-timings.c:82:9: error: unknown field name in initializer
drivers/media/v4l2-core/v4l2-dv-timings.c:83:9: error: unknown field name in initializer
drivers/media/v4l2-core/v4l2-dv-timings.c:84:9: error: unknown field name in initializer
drivers/media/v4l2-core/v4l2-dv-timings.c:85:9: error: unknown field name in initializer
drivers/media/v4l2-core/v4l2-dv-timings.c:86:9: error: unknown field name in initializer
drivers/media/v4l2-core/v4l2-dv-timings.c:87:9: error: unknown field name in initializer
drivers/media/v4l2-core/v4l2-dv-timings.c:88:9: error: unknown field name in initializer
drivers/media/v4l2-core/v4l2-dv-timings.c:89:9: error: unknown field name in initializer
drivers/media/v4l2-core/v4l2-dv-timings.c:90:9: error: unknown field name in initializer
drivers/media/v4l2-core/v4l2-dv-timings.c:91:9: error: unknown field name in initializer
drivers/media/v4l2-core/v4l2-dv-timings.c:92:9: error: unknown field name in initializer
drivers/media/v4l2-core/v4l2-dv-timings.c:93:9: error: unknown field name in initializer
drivers/media/v4l2-core/v4l2-dv-timings.c:94:9: error: unknown field name in initializer
drivers/media/v4l2-core/v4l2-dv-timings.c:95:9: error: unknown field name in initializer
drivers/media/v4l2-core/v4l2-dv-timings.c:96:9: error: unknown field name in initializer
drivers/media/v4l2-core/v4l2-dv-timings.c:97:9: error: unknown field name in initializer
drivers/media/v4l2-core/v4l2-dv-timings.c:98:9: error: unknown field name in initializer
drivers/media/v4l2-core/v4l2-dv-timings.c:99:9: error: unknown field name in initializer
drivers/media/v4l2-core/v4l2-dv-timings.c:100:9: error: unknown field name in initializer
drivers/media/v4l2-core/v4l2-dv-timings.c:101:9: error: unknown field name in initializer
drivers/media/v4l2-core/v4l2-dv-timings.c:102:9: error: unknown field name in initializer
drivers/media/v4l2-core/v4l2-dv-timings.c:103:9: error: unknown field name in initializer
drivers/media/v4l2-core/v4l2-dv-timings.c:104:9: error: unknown field name in initializer
drivers/media/v4l2-core/v4l2-dv-timings.c:105:9: error: unknown field name in initializer
drivers/media/v4l2-core/v4l2-dv-timings.c:106:9: error: unknown field name in initializer
drivers/media/v4l2-core/v4l2-dv-timings.c:107:9: error: unknown field name in initializer
drivers/media/v4l2-core/v4l2-dv-timings.c:108:9: error: unknown field name in initializer
drivers/media/v4l2-core/v4l2-dv-timings.c:109:9: error: unknown field name in initializer
drivers/media/v4l2-core/v4l2-dv-timings.c:110:9: error: unknown field name in initializer
drivers/media/v4l2-core/v4l2-dv-timings.c:111:9: error: unknown field name in initializer
drivers/media/v4l2-core/v4l2-dv-timings.c:112:9: error: unknown field name in initializer
drivers/media/v4l2-core/v4l2-dv-timings.c:113:9: error: unknown field name in initializer
drivers/media/v4l2-core/v4l2-dv-timings.c:114:9: error: unknown field name in initializer
drivers/media/v4l2-core/v4l2-dv-timings.c:115:9: error: unknown field name in initializer
drivers/media/v4l2-core/v4l2-dv-timings.c:116:9: error: unknown field name in initializer
drivers/media/v4l2-core/v4l2-dv-timings.c:117:9: error: unknown field name in initializer
drivers/media/v4l2-core/v4l2-dv-timings.c:118:9: error: unknown field name in initializer
drivers/media/v4l2-core/v4l2-dv-timings.c:119:9: error: unknown field name in initializer
drivers/media/v4l2-core/v4l2-dv-timings.c:120:9: error: unknown field name in initializer
drivers/media/v4l2-core/v4l2-dv-timings.c:121:9: error: unknown field name in initializer
drivers/media/v4l2-core/v4l2-dv-timings.c:122:9: error: unknown field name in initializer
drivers/media/v4l2-core/v4l2-dv-timings.c:123:9: error: unknown field name in initializer
drivers/media/v4l2-core/v4l2-dv-timings.c:124:9: error: unknown field name in initializer
drivers/media/v4l2-core/v4l2-dv-timings.c:125:9: error: unknown field name in initializer
drivers/media/v4l2-core/v4l2-dv-timings.c:126:9: error: unknown field name in initializer
drivers/media/v4l2-core/v4l2-dv-timings.c:127:9: error: unknown field name in initializer
drivers/media/v4l2-core/v4l2-dv-timings.c:128:9: error: unknown field name in initializer
drivers/media/v4l2-core/v4l2-dv-timings.c:129:9: error: unknown field name in initializer
drivers/media/v4l2-core/v4l2-dv-timings.c:130:9: error: unknown field name in initializer
drivers/media/v4l2-core/v4l2-dv-timings.c:131:9: error: unknown field name in initializer
drivers/media/v4l2-core/v4l2-dv-timings.c:132:9: error: unknown field name in initializer
drivers/media/v4l2-core/v4l2-dv-timings.c:133:9: error: unknown field name in initializer
drivers/media/v4l2-core/v4l2-dv-timings.c:134:9: error: unknown field name in initializer
drivers/media/v4l2-core/v4l2-dv-timings.c:135:9: error: unknown field name in initializer
drivers/media/v4l2-core/v4l2-dv-timings.c:136:9: error: too many errors
fs/proc/meminfo.c:22:28: warning: symbol 'arch_report_meminfo' was not declared. Should it be static?
net/xfrm/xfrm_policy.c:116:9: warning: context imbalance in 'xfrm_policy_get_afinfo' - different lock contexts for basic block
net/xfrm/xfrm_policy.c:119:13: warning: context imbalance in 'xfrm_policy_put_afinfo' - unexpected unlock
net/xfrm/xfrm_state.c:1978:9: warning: context imbalance in 'xfrm_state_get_afinfo' - different lock contexts for basic block
net/xfrm/xfrm_state.c:1981:6: warning: context imbalance in 'xfrm_state_put_afinfo' - unexpected unlock
net/xfrm/xfrm_input.c:73:9: warning: context imbalance in 'xfrm_input_get_afinfo' - different lock contexts for basic block
net/xfrm/xfrm_input.c:76:13: warning: context imbalance in 'xfrm_input_put_afinfo' - unexpected unlock
net/sunrpc/svc_xprt.c:253:5: warning: symbol '_svc_create_xprt' was not declared. Should it be static?
net/sunrpc/sysctl.c:28:17: warning: symbol 'rpc_debug' was not declared. Should it be static?
net/sunrpc/sysctl.c:31:17: warning: symbol 'nfs_debug' was not declared. Should it be static?
net/sunrpc/sysctl.c:34:17: warning: symbol 'nfsd_debug' was not declared. Should it be static?
net/sunrpc/sysctl.c:37:17: warning: symbol 'nlm_debug' was not declared. Should it be static?
drivers/gpu/host1x/job.c:513:9: warning: Variable length array is used.
fs/signalfd.c:107:25: warning: cast removes address space of expression
fs/signalfd.c:115:24: warning: cast removes address space of expression
fs/signalfd.c:142:24: warning: cast removes address space of expression
fs/signalfd.c:151:24: warning: cast removes address space of expression
fs/coredump.c:50:5: warning: symbol 'core_uses_pid' was not declared. Should it be static?
fs/coredump.c:51:14: warning: symbol 'core_pipe_limit' was not declared. Should it be static?
fs/coredump.c:52:6: warning: symbol 'core_pattern' was not declared. Should it be static?
./include/linux/sched.h:3080:37: warning: context imbalance in 'zap_threads' - different lock contexts for basic block
drivers/mmc/card/block.c:2147:5: warning: symbol 'mmc_blk_issue_rq' was not declared. Should it be static?
drivers/mmc/core/pwrseq_simple.c:43:39: warning: Variable length array is used.
drivers/of/irq.c:521:35: warning: incorrect type in assignment (different modifiers)
drivers/of/irq.c:521:35:    expected int ( *[usertype] irq_init_cb )( ... )
drivers/of/irq.c:521:35:    got void const *const data
drivers/of/of_reserved_mem.c:200:50: warning: incorrect type in initializer (different modifiers)
drivers/of/of_reserved_mem.c:200:50:    expected int ( *[usertype] initfn )( ... )
drivers/of/of_reserved_mem.c:200:50:    got void const *const data
drivers/pci/rom.c:191:36: warning: incorrect type in return expression (different address spaces)
drivers/pci/rom.c:191:36:    expected void [noderef] <asn:2>*
drivers/pci/rom.c:191:36:    got void *
drivers/pinctrl/pinconf.c:484:20: error: incompatible types in comparison expression (different type sizes)
drivers/pci/msi.c:38:19: warning: symbol 'arch_get_pci_msi_domain' was not declared. Should it be static?
drivers/pci/pcie/portdrv_core.c:23:6: warning: symbol 'pciehp_msi_disabled' was not declared. Should it be static?
drivers/pinctrl/tegra/pinctrl-tegra-xusb.c:876:5: warning: symbol 'tegra_xusb_padctl_legacy_probe' was not declared. Should it be static?
drivers/pinctrl/tegra/pinctrl-tegra-xusb.c:959:5: warning: symbol 'tegra_xusb_padctl_legacy_remove' was not declared. Should it be static?
drivers/ras/debugfs.c:7:5: warning: symbol 'ras_userspace_consumers' was not declared. Should it be static?
drivers/ras/debugfs.c:37:12: warning: symbol 'ras_add_daemon_trace' was not declared. Should it be static?
drivers/ras/debugfs.c:53:13: warning: symbol 'ras_debugfs_init' was not declared. Should it be static?
drivers/tty/tty_io.c:124:17: warning: too long initializer-string for array of char
drivers/tty/sysrq.c:132:13: warning: context imbalance in 'sysrq_handle_crash' - unexpected unlock
drivers/tty/serial/serial_core.c:745:29: warning: incorrect type in assignment (different base types)
drivers/tty/serial/serial_core.c:745:29:    expected int [signed] flags
drivers/tty/serial/serial_core.c:745:29:    got restricted upf_t [usertype] flags
drivers/tty/serial/serial_core.c:819:19: warning: incorrect type in assignment (different base types)
drivers/tty/serial/serial_core.c:819:19:    expected restricted upf_t [usertype] new_flags
drivers/tty/serial/serial_core.c:819:19:    got int [signed] flags
drivers/tty/serial/serial_core.c:126:9: warning: context imbalance in 'uart_stop' - different lock contexts for basic block
drivers/tty/serial/serial_core.c:146:9: warning: context imbalance in 'uart_start' - different lock contexts for basic block
drivers/tty/serial/serial_core.c:535:9: warning: context imbalance in 'uart_put_char' - different lock contexts for basic block
drivers/tty/serial/serial_core.c:581:9: warning: context imbalance in 'uart_write' - different lock contexts for basic block
drivers/tty/serial/serial_core.c:594:9: warning: context imbalance in 'uart_write_room' - different lock contexts for basic block
drivers/tty/serial/serial_core.c:607:9: warning: context imbalance in 'uart_chars_in_buffer' - different lock contexts for basic block
drivers/tty/serial/serial_core.c:634:9: warning: context imbalance in 'uart_flush_buffer' - different lock contexts for basic block
drivers/tty/serial/earlycon.c:74:39: error: incompatible types in comparison expression (different type sizes)
drivers/tty/serial/8250/8250_port.c:3189:39: warning: context imbalance in 'serial8250_console_write' - unexpected unlock
drivers/tty/vt/consolemap_deftbl.c:10:4: warning: symbol 'dfont_unicount' was not declared. Should it be static?
drivers/tty/vt/consolemap_deftbl.c:46:5: warning: symbol 'dfont_unitable' was not declared. Should it be static?
drivers/tty/vt/vt.c:229:5: warning: symbol 'console_blank_hook' was not declared. Should it be static?
drivers/tty/vt/vt.c:2503:19: warning: symbol 'console_driver' was not declared. Should it be static?
drivers/tty/vt/defkeymap.c:27:9: warning: symbol 'shift_map' was not declared. Should it be static?
drivers/tty/vt/defkeymap.c:46:9: warning: symbol 'altgr_map' was not declared. Should it be static?
drivers/tty/vt/defkeymap.c:65:9: warning: symbol 'ctrl_map' was not declared. Should it be static?
drivers/tty/vt/defkeymap.c:84:9: warning: symbol 'shift_ctrl_map' was not declared. Should it be static?
drivers/tty/vt/defkeymap.c:103:9: warning: symbol 'alt_map' was not declared. Should it be static?
drivers/tty/vt/defkeymap.c:122:9: warning: symbol 'ctrl_alt_map' was not declared. Should it be static?
drivers/tty/vt/defkeymap.c:148:14: warning: symbol 'keymap_count' was not declared. Should it be static?
drivers/tty/vt/defkeymap.c:156:6: warning: symbol 'func_buf' was not declared. Should it be static?
drivers/tty/vt/defkeymap.c:187:6: warning: symbol 'funcbufptr' was not declared. Should it be static?
drivers/tty/vt/defkeymap.c:188:5: warning: symbol 'funcbufsize' was not declared. Should it be static?
drivers/tty/vt/defkeymap.c:189:5: warning: symbol 'funcbufleft' was not declared. Should it be static?
drivers/tty/vt/defkeymap.c:191:6: warning: symbol 'func_table' was not declared. Should it be static?
drivers/tty/vt/defkeymap.c:225:18: warning: symbol 'accent_table' was not declared. Should it be static?
drivers/tty/vt/defkeymap.c:262:14: warning: symbol 'accent_table_size' was not declared. Should it be static?
drivers/usb/host/xhci-ring.c:608:6: warning: symbol 'xhci_unmap_td_bounce_buffer' was not declared. Should it be static?
drivers/usb/host/xhci-tegra.c: In function tegra_xusb_mbox_thread:
drivers/usb/host/xhci-tegra.c:555:6: warning: err may be used uninitialized in this function [-Wuninitialized]
drivers/usb/host/xhci-tegra.c:485:6: note: err was declared here
init/do_mounts.c:8:2: warning: "Sparse checking disabled for this file"
init/do_mounts_initrd.c:8:2: warning: "Sparse checking disabled for this file"
init/initramfs.c:8:2: warning: "Sparse checking disabled for this file"
init/calibrate.c:260:37: warning: symbol 'calibrate_delay_is_known' was not declared. Should it be static?
init/calibrate.c:270:28: warning: symbol 'calibration_delay_done' was not declared. Should it be static?
init/main.c:159:12: warning: symbol 'envp_init' was not declared. Should it be static?
arch/arm/boot/compressed/misc.c:19:14: warning: symbol '__machine_arch_type' was not declared. Should it be static?
arch/arm/boot/compressed/misc.c:105:15: warning: symbol 'output_data' was not declared. Should it be static?
arch/arm/boot/compressed/misc.c:107:15: warning: symbol 'free_mem_ptr' was not declared. Should it be static?
arch/arm/boot/compressed/misc.c:108:15: warning: symbol 'free_mem_end_ptr' was not declared. Should it be static?
arch/arm/boot/compressed/misc.c:125:17: warning: symbol '__div0' was not declared. Should it be static?
arch/arm/boot/compressed/misc.c:130:15: warning: symbol '__stack_chk_guard' was not declared. Should it be static?
arch/arm/boot/compressed/misc.c:132:6: warning: symbol '__stack_chk_guard_setup' was not declared. Should it be static?
arch/arm/boot/compressed/misc.c:137:6: warning: symbol '__stack_chk_fail' was not declared. Should it be static?
arch/arm/boot/compressed/misc.c:146:1: warning: symbol 'decompress_kernel' was not declared. Should it be static?
./include/linux/decompress/mm.h:30:30: warning: symbol 'malloc_ptr' was not declared. Should it be static?
./include/linux/decompress/mm.h:31:20: warning: symbol 'malloc_count' was not declared. Should it be static?
arch/arm/boot/compressed/decompress.c:58:5: warning: symbol 'do_decompress' was not declared. Should it be static?
test_sparse: Sun Oct 2 21:50:45 PDT 2016: succeeded on tegra_defconfig test_next-20161003
test_sparse: Sun Oct 2 21:50:45 PDT 2016: ended on tegra_defconfig test_next-20161003
