test_sparse: Thu Jul 9 23:18:22 PDT 2015: started on defconfig test_next-20150710 (af2807434a5bdfe6eecea7d8e8c40e9a796ff418)
test_sparse: Thu Jul 9 23:18:22 PDT 2015: serial is 20150709231533
test_sparse: sparse version unknown (checksum d41d8cd98f00b204e9800998ecf8427e)
/bin/sh: 1: sparse: not found
make[2]: *** [scripts/mod/empty.o] Error 127
make[1]: *** [scripts/mod] Error 2
make[1]: *** Waiting for unfinished jobs....
<stdin>:1253:2: warning: #warning syscall userfaultfd not implemented [-Wcpp]
make: *** [scripts] Error 2
test_sparse: Thu Jul 9 23:18:27 PDT 2015: FAILED on defconfig test_next-20150710
test_sparse: Thu Jul 9 23:18:27 PDT 2015: ended on defconfig test_next-20150710
