test_build: Fri Mar 27 01:52:21 PDT 2015: started on tegra_defconfig%tegra30,114_mergeconfig test_next-20150327 (c5a124cce9d1ae665a06465c3c578081c47f0f8c)
test_build: Fri Mar 27 01:52:21 PDT 2015: serial is 20150327014533
mm/migrate.c: In function ‘migrate_pages’:
mm/migrate.c:1148:1: internal compiler error: in push_minipool_fix, at config/arm/arm.c:13498
Please submit a full bug report,
with preprocessed source if appropriate.
See <https://bugs.launchpad.net/gcc-linaro> for instructions.
make[1]: *** [mm/migrate.o] Error 1
make[1]: *** Waiting for unfinished jobs....
make: *** [mm] Error 2
make: *** Waiting for unfinished jobs....
test_build: Fri Mar 27 01:55:14 PDT 2015: FAILED on tegra_defconfig%tegra30,114_mergeconfig test_next-20150327
test_build: Fri Mar 27 01:55:14 PDT 2015: ended on tegra_defconfig%tegra30,114_mergeconfig test_next-20150327
