test_sparse: Thu Oct 17 03:25:02 PDT 2013: started on multi_v7_defconfig test_next-20131008 (test_next-20131008)
test_sparse: Thu Oct 17 03:25:02 PDT 2013: serial is 20131017031701
test_sparse: sparse version unknown (checksum d41d8cd98f00b204e9800998ecf8427e)
/bin/sh: 1: sparse: not found
make[2]: *** [scripts/mod/empty.o] Error 127
make[1]: *** [scripts/mod] Error 2
make[1]: *** Waiting for unfinished jobs....
make: *** [scripts] Error 2
make: *** Waiting for unfinished jobs....
test_sparse: Thu Oct 17 03:25:06 PDT 2013: FAILED on multi_v7_defconfig test_next-20131008
test_sparse: Thu Oct 17 03:25:06 PDT 2013: ended on multi_v7_defconfig test_next-20131008
