test_build: Thu Feb 18 04:27:56 PST 2016: started on defconfig test_next-20160218 (3ab40ddf03ac47be2ede7e1f86b12c311f121e50)
test_build: Thu Feb 18 04:27:56 PST 2016: serial is 20160218040926
net/ipv4/igmp.c: In function ‘igmp_group_added’:
net/ipv4/igmp.c:1227:14: warning: unused variable ‘net’ [-Wunused-variable]
  struct net *net = dev_net(in_dev->dev);
              ^
net/ipv4/igmp.c: In function ‘ip_mc_inc_group’:
net/ipv4/igmp.c:1319:14: warning: unused variable ‘net’ [-Wunused-variable]
  struct net *net = dev_net(in_dev->dev);
              ^
net/ipv4/igmp.c: In function ‘ip_mc_init_dev’:
net/ipv4/igmp.c:1646:14: warning: unused variable ‘net’ [-Wunused-variable]
  struct net *net = dev_net(in_dev->dev);
              ^
net/ipv4/igmp.c: In function ‘ip_mc_up’:
net/ipv4/igmp.c:1665:14: warning: unused variable ‘net’ [-Wunused-variable]
  struct net *net = dev_net(in_dev->dev);
              ^
drivers/spi/spi.c: In function ‘__spi_split_transfer_maxsize’:
drivers/spi/spi.c:2278:2: warning: format ‘%i’ expects argument of type ‘int’, but argument 4 has type ‘size_t’ [-Wformat=]
  dev_warn_once(&msg->spi->dev,
  ^
In file included from drivers/spi/spi.c:18:0:
include/linux/kernel.h:754:17: warning: comparison of distinct pointer types lacks a cast
  (void) (&_min1 == &_min2);  \
                 ^
drivers/spi/spi.c:2304:17: note: in expansion of macro ‘min’
  xfers[0].len = min(maxsize, xfer[0].len);
                 ^
./drivers/firmware/efi/libstub/lib.a(lib-fdt_ro.stub.o): In function `__efistub_fdt_stringlist_count':
__efistub_fdt_ro.c:(.init.text+0xd94): undefined reference to `__efistub_strnlen'
./drivers/firmware/efi/libstub/lib.a(lib-fdt_ro.stub.o): In function `__efistub_fdt_stringlist_search':
__efistub_fdt_ro.c:(.init.text+0xe50): undefined reference to `__efistub_strnlen'
./drivers/firmware/efi/libstub/lib.a(lib-fdt_ro.stub.o): In function `__efistub_fdt_stringlist_get':
__efistub_fdt_ro.c:(.init.text+0xf44): undefined reference to `__efistub_strnlen'
make: *** [vmlinux] Error 1
test_build: Thu Feb 18 04:31:22 PST 2016: FAILED on defconfig test_next-20160218
test_build: Thu Feb 18 04:31:22 PST 2016: ended on defconfig test_next-20160218
