test_sparse: Wed Sep 17 01:58:39 PDT 2014: started on multi_v7_defconfig test_next-20140917 (76c2c6dc46fbb5bdd73571ebd0897696c5ab4d73)
test_sparse: Wed Sep 17 01:58:39 PDT 2014: serial is 20140917014533
test_sparse: sparse version unknown (checksum d41d8cd98f00b204e9800998ecf8427e)
.config:417:warning: override: reassigning to symbol CPU_FREQ
init/do_mounts.c:8:2: warning: "Sparse checking disabled for this file"
init/do_mounts_initrd.c:8:2: warning: "Sparse checking disabled for this file"
init/initramfs.c:8:2: warning: "Sparse checking disabled for this file"
init/calibrate.c:260:37: warning: symbol 'calibrate_delay_is_known' was not declared. Should it be static?
init/calibrate.c:270:28: warning: symbol 'calibration_delay_done' was not declared. Should it be static?
arch/arm/vfp/vfpmodule.c:41:6: warning: symbol 'vfp_vector' was not declared. Should it be static?
arch/arm/vfp/vfpmodule.c:48:14: warning: symbol 'VFP_arch' was not declared. Should it be static?
arch/arm/vfp/vfpmodule.c:59:17: warning: symbol 'vfp_current_hw_state' was not declared. Should it be static?
arch/arm/vfp/vfpmodule.c:336:6: warning: symbol 'VFP_bounce' was not declared. Should it be static?
arch/arm/vfp/vfpmodule.c:652:6: warning: symbol 'vfp_kmode_exception' was not declared. Should it be static?
init/main.c:163:12: warning: symbol 'envp_init' was not declared. Should it be static?
init/init_task.c:14:44: warning: implicit cast to nocast type
init/init_task.c:14:44: warning: implicit cast to nocast type
arch/arm/kernel/irq.c:46:15: warning: symbol 'irq_err_count' was not declared. Should it be static?
arch/arm/kernel/process.c:311:1: warning: symbol 'thread_notify_head' was not declared. Should it be static?
arch/arm/kernel/ptrace.c:931:16: warning: symbol 'syscall_trace_enter' was not declared. Should it be static?
arch/arm/kernel/ptrace.c:958:17: warning: symbol 'syscall_trace_exit' was not declared. Should it be static?
arch/arm/mach-bcm/kona_l2_cache.c:21:13: warning: symbol 'kona_l2_cache_init' was not declared. Should it be static?
arch/arm/mm/fault.c:546:1: warning: symbol 'do_DataAbort' was not declared. Should it be static?
arch/arm/mm/fault.c:578:1: warning: symbol 'do_PrefetchAbort' was not declared. Should it be static?
arch/arm/mach-bcm/bcm_kona_smc.c:150:21: warning: incorrect type in initializer (different address spaces)
arch/arm/mach-bcm/bcm_kona_smc.c:150:21:    expected unsigned int [usertype] *args
arch/arm/mach-bcm/bcm_kona_smc.c:150:21:    got void [noderef] <asn:2>*static [toplevel] [assigned] bcm_smc_buffer
arch/arm/mach-bcm/bcm_kona_smc.c:156:9: warning: incorrect type in argument 2 (different address spaces)
arch/arm/mach-bcm/bcm_kona_smc.c:156:9:    expected void volatile [noderef] <asn:2>*addr
arch/arm/mach-bcm/bcm_kona_smc.c:156:9:    got unsigned int [usertype] *
arch/arm/mach-bcm/bcm_kona_smc.c:157:9: warning: incorrect type in argument 2 (different address spaces)
arch/arm/mach-bcm/bcm_kona_smc.c:157:9:    expected void volatile [noderef] <asn:2>*addr
arch/arm/mach-bcm/bcm_kona_smc.c:157:9:    got unsigned int [usertype] *
arch/arm/mach-bcm/bcm_kona_smc.c:158:9: warning: incorrect type in argument 2 (different address spaces)
arch/arm/mach-bcm/bcm_kona_smc.c:158:9:    expected void volatile [noderef] <asn:2>*addr
arch/arm/mach-bcm/bcm_kona_smc.c:158:9:    got unsigned int [usertype] *
arch/arm/mach-bcm/bcm_kona_smc.c:159:9: warning: incorrect type in argument 2 (different address spaces)
arch/arm/mach-bcm/bcm_kona_smc.c:159:9:    expected void volatile [noderef] <asn:2>*addr
arch/arm/mach-bcm/bcm_kona_smc.c:159:9:    got unsigned int [usertype] *[assigned] args
arch/arm/kernel/return_address.c:62:2: warning: "TODO: return_address should use unwind tables"
arch/arm/kernel/return_address.c:62:2: warning: #warning "TODO: return_address should use unwind tables" [-Wcpp]
arch/arm/mach-keystone/keystone.c:93:19: warning: cast truncates bits from constant value (800000000 becomes 0)
arch/arm/kernel/signal.c:72:31: warning: incorrect type in argument 1 (different address spaces)
arch/arm/kernel/signal.c:72:31:    expected void [noderef] <asn:1>*to
arch/arm/kernel/signal.c:72:31:    got struct iwmmxt_sigframe *frame
arch/arm/kernel/signal.c:82:38: warning: incorrect type in argument 2 (different address spaces)
arch/arm/kernel/signal.c:82:38:    expected void const [noderef] <asn:1>*from
arch/arm/kernel/signal.c:82:38:    got struct iwmmxt_sigframe *frame
arch/arm/kernel/signal.c:179:48: warning: incorrect type in argument 1 (different address spaces)
arch/arm/kernel/signal.c:179:48:    expected struct iwmmxt_sigframe *frame
arch/arm/kernel/signal.c:179:48:    got struct iwmmxt_sigframe [noderef] <asn:1>*<noident>
arch/arm/kernel/signal.c:189:16: warning: symbol 'sys_sigreturn' was not declared. Should it be static?
arch/arm/kernel/signal.c:219:16: warning: symbol 'sys_rt_sigreturn' was not declared. Should it be static?
arch/arm/kernel/signal.c:290:49: warning: incorrect type in argument 1 (different address spaces)
arch/arm/kernel/signal.c:290:49:    expected struct iwmmxt_sigframe *frame
arch/arm/kernel/signal.c:290:49:    got struct iwmmxt_sigframe [noderef] <asn:1>*<noident>
arch/arm/kernel/signal.c:574:1: warning: symbol 'do_work_pending' was not declared. Should it be static?
arch/arm/kernel/signal.c:608:13: warning: symbol 'get_signal_page' was not declared. Should it be static?
arch/arm/kernel/setup.c:90:14: warning: symbol '__atags_pointer' was not declared. Should it be static?
arch/arm/kernel/setup.c:130:5: warning: symbol '__cpu_architecture' was not declared. Should it be static?
arch/arm/kernel/setup.c:1103:29: warning: symbol 'cpuinfo_op' was not declared. Should it be static?
arch/arm/mm/init.c:147:13: warning: symbol 'arm_dma_zone_size' was not declared. Should it be static?
arch/arm/mm/init.c:172:13: warning: symbol 'setup_dma_zone' was not declared. Should it be static?
arch/arm/mach-mvebu/system-controller.c:130:6: warning: symbol 'mvebu_armada375_smp_wa_init' was not declared. Should it be static?
arch/arm/mach-hisi/platsmp.c:104:6: warning: symbol 'hix5hd2_set_scu_boot_addr' was not declared. Should it be static?
arch/arm/mach-mvebu/cpu-reset.c:26:5: warning: symbol 'mvebu_cpu_reset_deassert' was not declared. Should it be static?
arch/arm/mach-keystone/pm_domain.c:69:12: warning: symbol 'keystone_pm_runtime_init' was not declared. Should it be static?
arch/arm/mach-highbank/pm.c:52:13: warning: symbol 'highbank_pm_init' was not declared. Should it be static?
arch/arm/mm/iomap.c:12:15: warning: symbol 'vga_base' was not declared. Should it be static?
arch/arm/mach-exynos/platsmp.c:198:31: warning: incorrect type in return expression (different address spaces)
arch/arm/mach-exynos/platsmp.c:198:31:    expected void [noderef] <asn:2>*
arch/arm/mach-exynos/platsmp.c:198:31:    got void *
arch/arm/mach-exynos/platsmp.c:198:31: warning: incorrect type in return expression (different address spaces)
arch/arm/mach-exynos/platsmp.c:198:31:    expected void [noderef] <asn:2>*
arch/arm/mach-exynos/platsmp.c:198:31:    got void *
arch/arm/kernel/sys_arm.c:35:17: warning: symbol 'sys_arm_fadvise64_64' was not declared. Should it be static?
arch/arm/mach-mvebu/coherency.c:41:14: warning: symbol 'coherency_base' was not declared. Should it be static?
arch/arm/mach-mvebu/coherency.c:111:9: warning: incorrect type in argument 2 (different address spaces)
arch/arm/mach-mvebu/coherency.c:111:9:    expected void volatile [noderef] <asn:2>*addr
arch/arm/mach-mvebu/coherency.c:111:9:    got void *<noident>
arch/arm/mach-mvebu/coherency.c:123:16: warning: incorrect type in argument 1 (different address spaces)
arch/arm/mach-mvebu/coherency.c:123:16:    expected void const volatile [noderef] <asn:2>*addr
arch/arm/mach-mvebu/coherency.c:123:16:    got void *<noident>
arch/arm/mach-mvebu/coherency.c:111:9: warning: incorrect type in argument 2 (different address spaces)
arch/arm/mach-mvebu/coherency.c:111:9:    expected void volatile [noderef] <asn:2>*addr
arch/arm/mach-mvebu/coherency.c:111:9:    got void *<noident>
arch/arm/mach-mvebu/coherency.c:123:16: warning: incorrect type in argument 1 (different address spaces)
arch/arm/mach-mvebu/coherency.c:123:16:    expected void const volatile [noderef] <asn:2>*addr
arch/arm/mach-mvebu/coherency.c:123:16:    got void *<noident>
arch/arm/mach-mvebu/coherency.c:111:9: warning: incorrect type in argument 2 (different address spaces)
arch/arm/mach-mvebu/coherency.c:111:9:    expected void volatile [noderef] <asn:2>*addr
arch/arm/mach-mvebu/coherency.c:111:9:    got void *<noident>
arch/arm/mach-mvebu/coherency.c:123:16: warning: incorrect type in argument 1 (different address spaces)
arch/arm/mach-mvebu/coherency.c:123:16:    expected void const volatile [noderef] <asn:2>*addr
arch/arm/mach-mvebu/coherency.c:123:16:    got void *<noident>
arch/arm/kernel/time.c:115:13: warning: symbol 'time_init' was not declared. Should it be static?
arch/arm/mm/flush.c:373:6: warning: symbol '__flush_anon_page' was not declared. Should it be static?
arch/arm/mach-rockchip/platsmp.c:119:16: warning: incorrect type in argument 1 (different address spaces)
arch/arm/mach-rockchip/platsmp.c:119:16:    expected void *<noident>
arch/arm/mach-rockchip/platsmp.c:119:16:    got void [noderef] <asn:2>*static [toplevel] [assigned] sram_base_addr
arch/arm/kernel/traps.c:123:37: warning: incorrect type in argument 1 (different address spaces)
arch/arm/kernel/traps.c:123:37:    expected void const volatile [noderef] <asn:1>*<noident>
arch/arm/kernel/traps.c:123:37:    got unsigned long *<noident>
arch/arm/kernel/traps.c:156:31: warning: incorrect type in argument 1 (different address spaces)
arch/arm/kernel/traps.c:156:31:    expected void const volatile [noderef] <asn:1>*<noident>
arch/arm/kernel/traps.c:156:31:    got unsigned short [usertype] *
arch/arm/kernel/traps.c:158:31: warning: incorrect type in argument 1 (different address spaces)
arch/arm/kernel/traps.c:158:31:    expected void const volatile [noderef] <asn:1>*<noident>
arch/arm/kernel/traps.c:158:31:    got unsigned int [usertype] *
arch/arm/kernel/traps.c:425:33: warning: cast removes address space of expression
arch/arm/kernel/traps.c:406:29: warning: symbol 'do_undefinstr' was not declared. Should it be static?
arch/arm/kernel/traps.c:476:39: warning: symbol 'handle_fiq_as_nmi' was not declared. Should it be static?
arch/arm/kernel/traps.c:495:17: warning: symbol 'bad_mode' was not declared. Should it be static?
arch/arm/kernel/traps.c:591:14: warning: incorrect type in argument 1 (different base types)
arch/arm/kernel/traps.c:591:14:    expected void const volatile [noderef] <asn:1>*<noident>
arch/arm/kernel/traps.c:591:14:    got unsigned long [unsigned] start
arch/arm/kernel/traps.c:602:16: warning: symbol 'arm_syscall' was not declared. Should it be static?
arch/arm/kernel/traps.c:781:6: warning: symbol '__bad_xchg' was not declared. Should it be static?
arch/arm/kernel/traps.c:794:1: warning: symbol 'baddataabort' was not declared. Should it be static?
arch/arm/kernel/traps.c:816:6: warning: symbol '__readwrite_bug' was not declared. Should it be static?
arch/arm/kernel/traps.c:838:17: warning: symbol '__div0' was not declared. Should it be static?
arch/arm/kernel/traps.c:845:6: warning: symbol 'abort' was not declared. Should it be static?
arch/arm/mach-mvebu/pmsu.c:146:16: warning: incorrect type in argument 1 (different address spaces)
arch/arm/mach-mvebu/pmsu.c:146:16:    expected void *<noident>
arch/arm/mach-mvebu/pmsu.c:146:16:    got void [noderef] <asn:2>*[assigned] sram_virt_base
arch/arm/mach-mvebu/pmsu.c:129:5: warning: symbol 'mvebu_setup_boot_addr_wa' was not declared. Should it be static?
arch/arm/mach-mvebu/pmsu.c:342:6: warning: symbol 'mvebu_v7_pmsu_idle_exit' was not declared. Should it be static?
arch/arm/mach-mvebu/pmsu.c:535:5: warning: symbol 'mvebu_pmsu_dfs_request' was not declared. Should it be static?
arch/arm/mach-mvebu/pmsu.c:622:40: warning: Using plain integer as NULL pointer
arch/arm/mach-prima2/rtciobrg.c:27:14: warning: symbol 'sirfsoc_rtciobrg_base' was not declared. Should it be static?
arch/arm/mach-prima2/rtciobrg.c:34:6: warning: symbol 'sirfsoc_rtc_iobrg_wait_sync' was not declared. Should it be static?
arch/arm/mach-prima2/rtciobrg.c:40:6: warning: symbol 'sirfsoc_rtc_iobrg_besyncing' was not declared. Should it be static?
arch/arm/mach-prima2/rtciobrg.c:52:5: warning: symbol '__sirfsoc_rtc_iobrg_readl' was not declared. Should it be static?
arch/arm/mach-prima2/rtciobrg.c:65:5: warning: symbol 'sirfsoc_rtc_iobrg_readl' was not declared. Should it be static?
arch/arm/mach-prima2/rtciobrg.c:79:6: warning: symbol 'sirfsoc_rtc_iobrg_pre_writel' was not declared. Should it be static?
arch/arm/mach-prima2/rtciobrg.c:89:6: warning: symbol 'sirfsoc_rtc_iobrg_writel' was not declared. Should it be static?
arch/arm/mach-prima2/pm.c:28:5: warning: symbol 'sirfsoc_pwrc_base' was not declared. Should it be static?
arch/arm/mach-prima2/pm.c:29:14: warning: symbol 'sirfsoc_memc_base' was not declared. Should it be static?
arch/arm/mach-prima2/pm.c:148:12: warning: symbol 'sirfsoc_pm_init' was not declared. Should it be static?
arch/arm/kernel/atags_proc.c:27:13: warning: symbol 'save_atags' was not declared. Should it be static?
arch/arm/kernel/cpuidle.c:15:5: warning: symbol 'arm_cpuidle_simple_enter' was not declared. Should it be static?
arch/arm/mach-prima2/hotplug.c:35:12: warning: symbol 'sirfsoc_cpu_die' was not declared. Should it be static?
arch/arm/mach-sunxi/platsmp.c:119:23: warning: symbol 'sun6i_smp_ops' was not declared. Should it be static?
arch/arm/mm/mmu.c:130:13: warning: symbol 'init_default_cache_policy' was not declared. Should it be static?
arch/arm/mm/mmu.c:1075:13: warning: symbol 'sanity_check_meminfo' was not declared. Should it be static?
arch/arm/mm/mmu.c:1501:13: warning: symbol 'early_paging_init' was not declared. Should it be static?
arch/arm/mm/mmu.c:1514:13: warning: symbol 'paging_init' was not declared. Should it be static?
arch/arm/mach-vexpress/v2m.c:294:65: warning: incorrect type in argument 1 (different address spaces)
arch/arm/mach-vexpress/v2m.c:294:65:    expected void [noderef] <asn:2>*<noident>
arch/arm/mach-vexpress/v2m.c:294:65:    got void *
arch/arm/mach-tegra/irq.c:73:6: warning: symbol 'tegra_pending_sgi' was not declared. Should it be static?
arch/arm/mach-tegra/irq.c:213:5: warning: symbol 'tegra_legacy_irq_syscore_init' was not declared. Should it be static?
arch/arm/kernel/bios32.c:58:6: warning: symbol 'pcibios_report_status' was not declared. Should it be static?
arch/arm/mach-vexpress/ct-ca9x4.c:180:27: warning: incorrect type in assignment (different address spaces)
arch/arm/mach-vexpress/ct-ca9x4.c:180:27:    expected void *static [toplevel] ct_ca9x4_scu_base
arch/arm/mach-vexpress/ct-ca9x4.c:180:27:    got void [noderef] <asn:2>*
arch/arm/mach-vexpress/ct-ca9x4.c:184:37: warning: incorrect type in argument 1 (different address spaces)
arch/arm/mach-vexpress/ct-ca9x4.c:184:37:    expected void [noderef] <asn:2>*<noident>
arch/arm/mach-vexpress/ct-ca9x4.c:184:37:    got void *static [toplevel] ct_ca9x4_scu_base
arch/arm/mach-vexpress/ct-ca9x4.c:198:20: warning: incorrect type in argument 1 (different address spaces)
arch/arm/mach-vexpress/ct-ca9x4.c:198:20:    expected void [noderef] <asn:2>*scu_base
arch/arm/mach-vexpress/ct-ca9x4.c:198:20:    got void *static [toplevel] ct_ca9x4_scu_base
arch/arm/mach-tegra/pm.c:124:27: warning: incorrect type in initializer (different address spaces)
arch/arm/mach-tegra/pm.c:124:27:    expected unsigned int [usertype] *cpu_in_lp2
arch/arm/mach-tegra/pm.c:124:27:    got void [noderef] <asn:2>*
arch/arm/mach-tegra/pm.c:138:35: warning: incorrect type in initializer (different address spaces)
arch/arm/mach-tegra/pm.c:138:35:    expected struct cpumask [usertype] *cpu_lp2_mask
arch/arm/mach-tegra/pm.c:138:35:    got void [noderef] <asn:2>*
arch/arm/mach-tegra/pm.c:139:27: warning: incorrect type in initializer (different address spaces)
arch/arm/mach-tegra/pm.c:139:27:    expected unsigned int [usertype] *cpu_in_lp2
arch/arm/mach-tegra/pm.c:139:27:    got void [noderef] <asn:2>*
arch/arm/mach-tegra/pm.c:155:5: warning: symbol 'tegra_cpu_do_idle' was not declared. Should it be static?
arch/arm/mach-tegra/pm.c:293:32: warning: incorrect type in argument 2 (different address spaces)
arch/arm/mach-tegra/pm.c:293:32:    expected void const *<noident>
arch/arm/mach-tegra/pm.c:293:32:    got void [noderef] <asn:2>*
arch/arm/mach-tegra/pm.c:295:16: warning: incorrect type in argument 1 (different address spaces)
arch/arm/mach-tegra/pm.c:295:16:    expected void *<noident>
arch/arm/mach-tegra/pm.c:295:16:    got void [noderef] <asn:2>*
arch/arm/mach-tegra/pm.c:298:12: warning: cast removes address space of expression
arch/arm/mach-tegra/pm.c:304:16: warning: incorrect type in argument 1 (different address spaces)
arch/arm/mach-tegra/pm.c:304:16:    expected void *<noident>
arch/arm/mach-tegra/pm.c:304:16:    got void [noderef] <asn:2>*
arch/arm/mach-tegra/pm.c:307:11: warning: cast removes address space of expression
arch/arm/mach-tegra/reset.c:71:9: error: subtraction of functions? Share your drugs
arch/arm/mach-tegra/reset.c:74:25: error: subtraction of functions? Share your drugs
arch/arm/kernel/suspend.c:59:6: warning: symbol '__cpu_suspend_save' was not declared. Should it be static?
arch/arm/mach-vexpress/hotplug.c:88:12: warning: symbol 'vexpress_cpu_die' was not declared. Should it be static?
arch/arm/mach-ux500/cpu-db8500.c:131:31: warning: incorrect type in argument 1 (different address spaces)
arch/arm/mach-ux500/cpu-db8500.c:131:31:    expected void const *<noident>
arch/arm/mach-ux500/cpu-db8500.c:131:31:    got void [noderef] <asn:2>*uid
arch/arm/mach-ux500/cpu-db8500.c:133:26: warning: cast removes address space of expression
arch/arm/mach-ux500/cpu-db8500.c:133:26: warning: incorrect type in argument 1 (different address spaces)
arch/arm/mach-ux500/cpu-db8500.c:133:26:    expected void const volatile [noderef] <asn:2>*addr
arch/arm/mach-ux500/cpu-db8500.c:133:26:    got unsigned int [usertype] *
arch/arm/mach-ux500/cpu-db8500.c:134:26: warning: cast removes address space of expression
arch/arm/mach-ux500/cpu-db8500.c:134:26: warning: incorrect type in argument 1 (different address spaces)
arch/arm/mach-ux500/cpu-db8500.c:134:26:    expected void const volatile [noderef] <asn:2>*addr
arch/arm/mach-ux500/cpu-db8500.c:134:26:    got unsigned int [usertype] *
arch/arm/mach-ux500/cpu-db8500.c:134:47: warning: cast removes address space of expression
arch/arm/mach-ux500/cpu-db8500.c:134:47: warning: incorrect type in argument 1 (different address spaces)
arch/arm/mach-ux500/cpu-db8500.c:134:47:    expected void const volatile [noderef] <asn:2>*addr
arch/arm/mach-ux500/cpu-db8500.c:134:47:    got unsigned int [usertype] *
arch/arm/mach-ux500/cpu-db8500.c:135:26: warning: cast removes address space of expression
arch/arm/mach-ux500/cpu-db8500.c:135:26: warning: incorrect type in argument 1 (different address spaces)
arch/arm/mach-ux500/cpu-db8500.c:135:26:    expected void const volatile [noderef] <asn:2>*addr
arch/arm/mach-ux500/cpu-db8500.c:135:26:    got unsigned int [usertype] *
arch/arm/mach-ux500/cpu-db8500.c:135:47: warning: cast removes address space of expression
arch/arm/mach-ux500/cpu-db8500.c:135:47: warning: incorrect type in argument 1 (different address spaces)
arch/arm/mach-ux500/cpu-db8500.c:135:47:    expected void const volatile [noderef] <asn:2>*addr
arch/arm/mach-ux500/cpu-db8500.c:135:47:    got unsigned int [usertype] *
arch/arm/mach-tegra/tegra.c:65:5: warning: symbol 'tegra_uart_config' was not declared. Should it be static?
arch/arm/kernel/smp.c:500:6: warning: symbol 'arch_irq_work_raise' was not declared. Should it be static?
arch/arm/kernel/smp.c:655:5: warning: symbol 'setup_profiling_timer' was not declared. Should it be static?
arch/arm/mach-tegra/cpuidle.c:51:6: warning: symbol 'tegra_cpuidle_pcie_irqs_in_use' was not declared. Should it be static?
arch/arm/mm/copypage-v6.c:125:21: warning: symbol 'v6_user_fns' was not declared. Should it be static?
arch/arm/mach-tegra/cpuidle-tegra20.c:219:6: warning: symbol 'tegra20_cpuidle_pcie_irqs_in_use' was not declared. Should it be static?
arch/arm/mach-tegra/cpuidle-tegra20.c:226:12: warning: symbol 'tegra20_cpuidle_init' was not declared. Should it be static?
arch/arm/mach-imx/cpuidle-imx5.c:34:12: warning: symbol 'imx5_cpuidle_init' was not declared. Should it be static?
arch/arm/mach-tegra/cpuidle-tegra30.c:146:12: warning: symbol 'tegra30_cpuidle_init' was not declared. Should it be static?
arch/arm/plat-omap/sram.c:60:17: warning: cast removes address space of expression
arch/arm/kernel/arch_timer.c:34:12: warning: symbol 'arch_timer_arch_init' was not declared. Should it be static?
arch/arm/mach-tegra/hotplug.c:24:5: warning: symbol 'tegra_cpu_kill' was not declared. Should it be static?
arch/arm/mach-tegra/hotplug.c:40:12: warning: symbol 'tegra_cpu_die' was not declared. Should it be static?
arch/arm/kernel/machine_kexec.c:62:23: warning: cast removes address space of expression
arch/arm/kernel/machine_kexec.c:62:23: warning: cast removes address space of expression
arch/arm/kernel/machine_kexec.c:62:23: warning: incorrect type in initializer (different address spaces)
arch/arm/kernel/machine_kexec.c:62:23:    expected unsigned int const [noderef] <asn:1>*register __p
arch/arm/kernel/machine_kexec.c:62:23:    got unsigned int [usertype] *<noident>
arch/arm/kernel/machine_kexec.c:62:23: warning: cast removes address space of expression
arch/arm/kernel/machine_kexec.c:76:6: warning: symbol 'machine_crash_nonpanic_core' was not declared. Should it be static?
arch/arm/mach-tegra/cpuidle-tegra114.c:86:12: warning: symbol 'tegra114_cpuidle_init' was not declared. Should it be static?
arch/arm/kernel/unwind.c:53:6: warning: symbol '__aeabi_unwind_cpp_pr0' was not declared. Should it be static?
arch/arm/kernel/unwind.c:58:6: warning: symbol '__aeabi_unwind_cpp_pr1' was not declared. Should it be static?
arch/arm/kernel/unwind.c:63:6: warning: symbol '__aeabi_unwind_cpp_pr2' was not declared. Should it be static?
arch/arm/kernel/devtree.c:69:13: warning: symbol 'arm_dt_init_cpu_maps' was not declared. Should it be static?
arch/arm/kernel/devtree.c:204:27: warning: symbol 'setup_machine_fdt' was not declared. Should it be static?
arch/arm/mach-imx/platsmp.c:23:5: warning: symbol 'g_diag_reg' was not declared. Should it be static?
arch/arm/kernel/swp_emulate.c:123:23: warning: incorrect type in assignment (different address spaces)
arch/arm/kernel/swp_emulate.c:123:23:    expected void [noderef] <asn:1>*[assigned] [usertype] _addr
arch/arm/kernel/swp_emulate.c:123:23:    got void *<noident>
arch/arm/kernel/swp_emulate.c:210:14: warning: incorrect type in argument 1 (different base types)
arch/arm/kernel/swp_emulate.c:210:14:    expected void const volatile [noderef] <asn:1>*<noident>
arch/arm/kernel/swp_emulate.c:210:14:    got unsigned int
arch/arm/mach-spear/hotplug.c:83:12: warning: symbol 'spear13xx_cpu_die' was not declared. Should it be static?
arch/arm/plat-samsung/cpu.c:45:13: warning: symbol 's5p_init_cpu' was not declared. Should it be static?
arch/arm/plat-versatile/platsmp.c:35:6: warning: symbol 'versatile_secondary_init' was not declared. Should it be static?
arch/arm/plat-versatile/platsmp.c:50:5: warning: symbol 'versatile_boot_secondary' was not declared. Should it be static?
arch/arm/plat-samsung/s5p-dev-mfc.c:63:12: warning: symbol 's5p_fdt_alloc_mfc_mem' was not declared. Should it be static?
kernel/fork.c:96:5: warning: symbol 'max_threads' was not declared. Should it be static?
kernel/fork.c:121:13: warning: symbol 'arch_release_task_struct' was not declared. Should it be static?
kernel/fork.c:139:13: warning: symbol 'arch_release_thread_info' was not declared. Should it be static?
kernel/fork.c:254:20: warning: symbol 'arch_task_cache_init' was not declared. Should it be static?
kernel/fork.c:256:13: warning: symbol 'fork_init' was not declared. Should it be static?
kernel/fork.c:290:12: warning: symbol 'arch_dup_task_struct' was not declared. Should it be static?
kernel/fork.c:1155:41: warning: implicit cast to nocast type
kernel/fork.c:1156:41: warning: implicit cast to nocast type
kernel/fork.c:1283:42: warning: implicit cast to nocast type
kernel/fork.c:1284:43: warning: implicit cast to nocast type
kernel/fork.c:1286:57: warning: implicit cast to nocast type
mm/filemap.c:2081:35: warning: symbol 'generic_file_vm_ops' was not declared. Should it be static?
fs/open.c:855:18: warning: restricted fmode_t degrades to integer
arch/arm/kernel/perf_event_v7.c:151:9: warning: Initializer entry defined twice
arch/arm/kernel/perf_event_v7.c:152:10:   also defined here
arch/arm/kernel/perf_event_v7.c:164:9: warning: Initializer entry defined twice
arch/arm/kernel/perf_event_v7.c:171:10:   also defined here
arch/arm/kernel/perf_event_v7.c:200:9: warning: Initializer entry defined twice
arch/arm/kernel/perf_event_v7.c:201:10:   also defined here
arch/arm/kernel/perf_event_v7.c:214:9: warning: Initializer entry defined twice
arch/arm/kernel/perf_event_v7.c:221:10:   also defined here
arch/arm/kernel/perf_event_v7.c:244:9: warning: Initializer entry defined twice
arch/arm/kernel/perf_event_v7.c:245:10:   also defined here
arch/arm/kernel/perf_event_v7.c:256:9: warning: Initializer entry defined twice
arch/arm/kernel/perf_event_v7.c:258:10:   also defined here
arch/arm/kernel/perf_event_v7.c:290:9: warning: Initializer entry defined twice
arch/arm/kernel/perf_event_v7.c:291:10:   also defined here
arch/arm/kernel/perf_event_v7.c:303:9: warning: Initializer entry defined twice
arch/arm/kernel/perf_event_v7.c:305:10:   also defined here
arch/arm/kernel/perf_event_v7.c:339:9: warning: Initializer entry defined twice
arch/arm/kernel/perf_event_v7.c:340:10:   also defined here
arch/arm/kernel/perf_event_v7.c:352:9: warning: Initializer entry defined twice
arch/arm/kernel/perf_event_v7.c:359:10:   also defined here
arch/arm/kernel/perf_event_v7.c:388:9: warning: Initializer entry defined twice
arch/arm/kernel/perf_event_v7.c:389:10:   also defined here
arch/arm/kernel/perf_event_v7.c:401:9: warning: Initializer entry defined twice
arch/arm/kernel/perf_event_v7.c:403:10:   also defined here
arch/arm/kernel/perf_event_v7.c:438:9: warning: Initializer entry defined twice
arch/arm/kernel/perf_event_v7.c:439:10:   also defined here
arch/arm/kernel/perf_event_v7.c:447:9: warning: Initializer entry defined twice
arch/arm/kernel/perf_event_v7.c:448:10:   also defined here
arch/arm/kernel/perf_event_v7.c:457:9: warning: Initializer entry defined twice
arch/arm/kernel/perf_event_v7.c:464:10:   also defined here
ipc/util.c:192:29: warning: context imbalance in 'ipc_findkey' - wrong count at exit
ipc/util.c:260:5: warning: context imbalance in 'ipc_addid' - different lock contexts for basic block
include/linux/spinlock_api_smp.h:151:27: warning: context imbalance in 'ipcget_public' - unexpected unlock
ipc/util.c:622:22: warning: context imbalance in 'ipc_lock' - different lock contexts for basic block
ipc/util.c:786:29: warning: context imbalance in 'sysvipc_find_ipc' - different lock contexts for basic block
include/linux/spinlock_api_smp.h:151:27: warning: context imbalance in 'sysvipc_proc_next' - unexpected unlock
include/linux/spinlock_api_smp.h:151:27: warning: context imbalance in 'sysvipc_proc_stop' - unexpected unlock
arch/arm/kernel/topology.c:45:15: warning: symbol 'arch_scale_freq_capacity' was not declared. Should it be static?
arch/arm/kernel/topology.c:192:22: warning: symbol 'cpu_corepower_mask' was not declared. Should it be static?
arch/arm/kernel/psci_smp.c:59:12: warning: symbol 'psci_cpu_die' was not declared. Should it be static?
arch/arm/kernel/psci_smp.c:72:11: warning: symbol 'psci_cpu_kill' was not declared. Should it be static?
ipc/msgutil.c:54:16: error: incompatible types in comparison expression (different type sizes)
ipc/msgutil.c:66:24: error: incompatible types in comparison expression (different type sizes)
ipc/msgutil.c:94:16: error: incompatible types in comparison expression (different type sizes)
ipc/msgutil.c:101:24: error: incompatible types in comparison expression (different type sizes)
ipc/msgutil.c:155:16: error: incompatible types in comparison expression (different type sizes)
ipc/msgutil.c:162:24: error: incompatible types in comparison expression (different type sizes)
fs/read_write.c:42:29: warning: incorrect type in return expression (different base types)
fs/read_write.c:42:29:    expected int
fs/read_write.c:42:29:    got restricted fmode_t
fs/read_write.c:42:29: warning: incorrect type in return expression (different base types)
fs/read_write.c:42:29:    expected int
fs/read_write.c:42:29:    got restricted fmode_t
fs/read_write.c:42:29: warning: incorrect type in return expression (different base types)
fs/read_write.c:42:29:    expected int
fs/read_write.c:42:29:    got restricted fmode_t
fs/read_write.c:42:29: warning: incorrect type in return expression (different base types)
fs/read_write.c:42:29:    expected int
fs/read_write.c:42:29:    got restricted fmode_t
ipc/msg.c:147:9: warning: context imbalance in 'newque' - unexpected unlock
ipc/msg.c:212:13: warning: context imbalance in 'freeque' - unexpected unlock
ipc/msg.c:408:9: warning: context imbalance in 'msgctl_down' - different lock contexts for basic block
kernel/panic.c:56:13: warning: symbol 'panic_smp_self_stop' was not declared. Should it be static?
arch/arm/mach-omap2/omap4-restart.c:22:6: warning: symbol 'omap44xx_restart' was not declared. Should it be static?
kernel/panic.c:70:6: error: symbol 'panic' redeclared with different type (originally declared at include/linux/kernel.h:238) - different modifiers
arch/arm/mach-imx/pm-imx6.c:482:17: warning: incorrect type in assignment (different address spaces)
arch/arm/mach-imx/pm-imx6.c:482:17:    expected struct imx6_cpu_pm_info *pm_info
arch/arm/mach-imx/pm-imx6.c:482:17:    got void [noderef] <asn:2>*static [toplevel] [assigned] suspend_ocram_base
arch/arm/mach-imx/pm-imx6.c:537:36: warning: incorrect type in argument 1 (different address spaces)
arch/arm/mach-imx/pm-imx6.c:537:36:    expected void *<noident>
arch/arm/mach-imx/pm-imx6.c:537:36:    got void [noderef] <asn:2>*
arch/arm/mach-imx/pm-imx6.c:545:18: warning: incorrect type in argument 1 (different address spaces)
arch/arm/mach-imx/pm-imx6.c:545:18:    expected void volatile [noderef] <asn:2>*addr
arch/arm/mach-imx/pm-imx6.c:545:18:    got void [noderef] <asn:2>**<noident>
arch/arm/mach-imx/pm-imx6.c:547:18: warning: incorrect type in argument 1 (different address spaces)
arch/arm/mach-imx/pm-imx6.c:547:18:    expected void volatile [noderef] <asn:2>*addr
arch/arm/mach-imx/pm-imx6.c:547:18:    got void [noderef] <asn:2>**<noident>
arch/arm/mach-imx/pm-imx6.c:549:18: warning: incorrect type in argument 1 (different address spaces)
arch/arm/mach-imx/pm-imx6.c:549:18:    expected void volatile [noderef] <asn:2>*addr
arch/arm/mach-imx/pm-imx6.c:549:18:    got void [noderef] <asn:2>**<noident>
arch/arm/mach-imx/pm-imx6.c:551:18: warning: incorrect type in argument 1 (different address spaces)
arch/arm/mach-imx/pm-imx6.c:551:18:    expected void volatile [noderef] <asn:2>*addr
arch/arm/mach-imx/pm-imx6.c:551:18:    got void [noderef] <asn:2>**<noident>
kernel/cpu.c:275:9: warning: context imbalance in 'clear_tasks_mm_cpumask' - different lock contexts for basic block
include/linux/rcupdate.h:919:9: warning: context imbalance in 'find_lock_task_mm' - wrong count at exit
mm/oom_kill.c:164:28: warning: context imbalance in 'oom_badness' - unexpected unlock
mm/oom_kill.c:363:9: warning: context imbalance in 'dump_tasks' - different lock contexts for basic block
include/linux/rcupdate.h:919:9: warning: context imbalance in 'oom_kill_process' - unexpected unlock
ipc/sem.c:525:9: warning: context imbalance in 'newary' - unexpected unlock
ipc/sem.c:1112:17: warning: context imbalance in 'freeary' - unexpected unlock
ipc/sem.c:1565:9: warning: context imbalance in 'semctl_down' - different lock contexts for basic block
ipc/sem.c:1670:24: warning: context imbalance in 'find_alloc_undo' - wrong count at exit
include/linux/rcupdate.h:919:9: warning: context imbalance in 'SyS_semtimedop' - unexpected unlock
security/keys/keyring.c:1053:5: warning: context imbalance in '__key_link_begin' - wrong count at exit
security/keys/keyring.c:1171:9: warning: context imbalance in '__key_link_end' - wrong count at exit
security/keys/keyring.c:1217:9: warning: context imbalance in 'key_link' - different lock contexts for basic block
fs/exec.c:414:31: warning: incorrect type in return expression (different address spaces)
fs/exec.c:414:31:    expected char const [noderef] <asn:1>*
fs/exec.c:414:31:    got void *
kernel/exit.c:129:28: warning: incorrect type in argument 2 (different modifiers)
kernel/exit.c:129:28:    expected unsigned long [nocast] [usertype] *utime
kernel/exit.c:129:28:    got unsigned long *<noident>
kernel/exit.c:129:28: warning: implicit cast to nocast type
kernel/exit.c:129:36: warning: incorrect type in argument 3 (different modifiers)
kernel/exit.c:129:36:    expected unsigned long [nocast] [usertype] *stime
kernel/exit.c:129:36:    got unsigned long *<noident>
kernel/exit.c:129:36: warning: implicit cast to nocast type
kernel/exit.c:667:6: error: symbol 'do_exit' redeclared with different type (originally declared at include/linux/kernel.h:244) - different modifiers
kernel/exit.c:848:6: error: symbol 'complete_and_exit' redeclared with different type (originally declared at include/linux/kernel.h:246) - different modifiers
ipc/shm.c:493:31: warning: implicit cast to nocast type
ipc/shm.c:534:36: warning: implicit cast to nocast type
ipc/shm.c:545:36: warning: implicit cast to nocast type
ipc/shm.c:95:17: warning: context imbalance in 'do_shm_rmid' - unexpected unlock
ipc/shm.c:195:9: warning: context imbalance in 'shm_open' - unexpected unlock
ipc/shm.c:210:13: warning: context imbalance in 'shm_destroy' - unexpected unlock
include/linux/spinlock_api_smp.h:151:27: warning: context imbalance in 'shm_close' - unexpected unlock
ipc/shm.c:272:12: warning: context imbalance in 'shm_try_destroy_orphaned' - different lock contexts for basic block
ipc/shm.c:335:9: warning: context imbalance in 'exit_shm' - different lock contexts for basic block
./arch/arm/include/asm/thread_info.h:115:9: warning: context imbalance in 'newseg' - unexpected unlock
ipc/shm.c:827:9: warning: context imbalance in 'shmctl_down' - different lock contexts for basic block
include/linux/spinlock_api_smp.h:151:27: warning: context imbalance in 'do_shmat' - unexpected unlock
arch/arm/mach-imx/devices/devices.c:25:15: warning: symbol 'mxc_aips_bus' was not declared. Should it be static?
arch/arm/mach-imx/devices/devices.c:29:15: warning: symbol 'mxc_ahb_bus' was not declared. Should it be static?
arch/arm/mach-imx/devices/devices.c:33:12: warning: symbol 'mxc_device_init' was not declared. Should it be static?
mm/page_alloc.c:122:5: warning: symbol 'percpu_pagelist_fraction' was not declared. Should it be static?
mm/page_alloc.c:6259:6: warning: symbol 'is_pageblock_removable_nolock' was not declared. Should it be static?
arch/arm/mach-imx/devices/platform-gpio-mxc.c:11:24: warning: symbol 'mxc_register_gpio' was not declared. Should it be static?
include/linux/rcupdate.h:919:9: warning: context imbalance in 'unlazy_walk' - unexpected unlock
include/linux/rcupdate.h:919:9: warning: context imbalance in 'complete_walk' - unexpected unlock
include/linux/rcupdate.h:919:9: warning: context imbalance in 'follow_dotdot_rcu' - unexpected unlock
include/linux/rcupdate.h:919:9: warning: context imbalance in 'terminate_walk' - unexpected unlock
fs/namei.c:1822:12: warning: context imbalance in 'path_init' - different lock contexts for basic block
kernel/softirq.c:745:36: warning: incorrect type in initializer (different address spaces)
kernel/softirq.c:745:36:    expected struct task_struct [noderef] <asn:3>**store
kernel/softirq.c:745:36:    got struct task_struct *[noderef] [toplevel] <asn:3>*<noident>
arch/arm/mach-omap2/omap-mpuss-lowpower.c:105:19: warning: symbol 'omap_pm_ops' was not declared. Should it be static?
block/bio.c:1559:33: warning: incorrect type in initializer (different address spaces)
block/bio.c:1559:33:    expected char *p
block/bio.c:1559:33:    got void [noderef] <asn:1>*iov_base
security/keys/request_key_auth.c:47:5: warning: symbol 'request_key_auth_preparse' was not declared. Should it be static?
security/keys/request_key_auth.c:52:6: warning: symbol 'request_key_auth_free_preparse' was not declared. Should it be static?
crypto/cipher.c:70:24: warning: Variable length array is used.
fs/dcache.c:281:9: warning: context imbalance in 'dentry_iput' - different lock contexts for basic block
fs/dcache.c:475:28: warning: context imbalance in '__dentry_kill' - unexpected unlock
fs/dcache.c:502:22: warning: context imbalance in 'dentry_kill' - wrong count at exit
fs/dcache.c:616:9: warning: context imbalance in 'dput' - unexpected unlock
fs/dcache.c:743:18: warning: context imbalance in 'd_prune_aliases' - different lock contexts for basic block
fs/dcache.c:785:44: warning: context imbalance in 'shrink_dentry_list' - unexpected unlock
fs/dcache.c:924:24: warning: context imbalance in 'dentry_lru_isolate_shrink' - different lock contexts for basic block
fs/dcache.c:1086:22: warning: context imbalance in 'd_walk' - different lock contexts for basic block
fs/dcache.c:1577:31: warning: context imbalance in 'd_instantiate' - different lock contexts for basic block
fs/dcache.c:1644:9: warning: context imbalance in 'd_instantiate_unique' - different lock contexts for basic block
fs/dcache.c:2388:9: warning: context imbalance in 'dentry_lock_for_move' - wrong count at exit
fs/dcache.c:2401:28: warning: context imbalance in 'dentry_unlock_parents_for_move' - unexpected unlock
fs/dcache.c:2488:20: warning: context imbalance in '__d_move' - unexpected unlock
fs/dcache.c:2578:20: warning: context imbalance in '__d_unalias' - unexpected unlock
fs/dcache.c:2614:18: warning: context imbalance in '__d_materialise_dentry' - unexpected unlock
fs/dcache.c:2669:38: warning: context imbalance in 'd_splice_alias' - unexpected unlock
fs/dcache.c:2765:9: warning: context imbalance in 'd_materialise_unique' - unexpected unlock
fs/dcache.c:2923:9: warning: context imbalance in 'prepend_path' - wrong count at exit
include/linux/err.h:23:20: warning: context imbalance in '__dentry_path' - different lock contexts for basic block
block/blk-core.c:1016:24: warning: context imbalance in '__get_request' - unexpected unlock
block/blk-core.c:1154:23: warning: context imbalance in 'blk_old_get_request' - different lock contexts for basic block
block/blk-core.c:1545:6: warning: context imbalance in 'blk_queue_bio' - different lock contexts for basic block
block/blk-core.c:3149:17: warning: context imbalance in 'blk_flush_plug_list' - unexpected unlock
fs/inode.c:719:17: warning: context imbalance in 'inode_lru_isolate' - unexpected unlock
fs/inode.c:776:9: warning: context imbalance in 'find_inode' - different lock contexts for basic block
fs/inode.c:803:9: warning: context imbalance in 'find_inode_fast' - different lock contexts for basic block
fs/inode.c:1283:5: warning: context imbalance in 'insert_inode_locked' - wrong count at exit
fs/inode.c:1325:5: warning: context imbalance in 'insert_inode_locked4' - wrong count at exit
fs/inode.c:1417:20: warning: context imbalance in 'iput_final' - unexpected unlock
fs/inode.c:1433:9: warning: context imbalance in 'iput' - wrong count at exit
fs/inode.c:1710:13: warning: context imbalance in '__wait_on_freeing_inode' - unexpected unlock
mm/swap.c:425:55: warning: context imbalance in 'pagevec_lru_move_fn' - unexpected unlock
mm/swap.c:916:55: warning: context imbalance in 'release_pages' - unexpected unlock
kernel/ptrace.c:1008:9: warning: context imbalance in 'ptrace_request' - different lock contexts for basic block
fs/file.c:27:5: warning: symbol 'sysctl_nr_open_min' was not declared. Should it be static?
fs/file.c:30:5: warning: symbol 'sysctl_nr_open_max' was not declared. Should it be static?
fs/file.c:430:21: warning: symbol 'init_files' was not declared. Should it be static?
kernel/user.c:73:19: warning: symbol 'uidhash_table' was not declared. Should it be static?
kernel/signal.c:1659:28: warning: incorrect type in argument 2 (different modifiers)
kernel/signal.c:1659:28:    expected unsigned long [nocast] [usertype] *utime
kernel/signal.c:1659:28:    got unsigned long *<noident>
kernel/signal.c:1659:28: warning: implicit cast to nocast type
kernel/signal.c:1659:36: warning: incorrect type in argument 3 (different modifiers)
kernel/signal.c:1659:36:    expected unsigned long [nocast] [usertype] *stime
kernel/signal.c:1659:36:    got unsigned long *<noident>
kernel/signal.c:1659:36: warning: implicit cast to nocast type
kernel/signal.c:1744:28: warning: incorrect type in argument 2 (different modifiers)
kernel/signal.c:1744:28:    expected unsigned long [nocast] [usertype] *utime
kernel/signal.c:1744:28:    got unsigned long *<noident>
kernel/signal.c:1744:28: warning: implicit cast to nocast type
kernel/signal.c:1744:36: warning: incorrect type in argument 3 (different modifiers)
kernel/signal.c:1744:36:    expected unsigned long [nocast] [usertype] *stime
kernel/signal.c:1744:36:    got unsigned long *<noident>
kernel/signal.c:1744:36: warning: implicit cast to nocast type
kernel/signal.c:1260:23: warning: context imbalance in '__lock_task_sighand' - different lock contexts for basic block
kernel/signal.c:1989:13: warning: context imbalance in 'do_signal_stop' - different lock contexts for basic block
kernel/signal.c:2238:25: warning: context imbalance in 'get_signal' - unexpected unlock
mm/vmscan.c:2642:9: warning: incorrect type in argument 2 (different base types)
mm/vmscan.c:2642:9:    expected int enum zone_type [signed] highest_zoneidx
mm/vmscan.c:2642:9:    got restricted gfp_t [usertype] gfp_mask
mm/vmscan.c:2642:9: warning: incorrect type in argument 2 (different base types)
mm/vmscan.c:2642:9:    expected int enum zone_type [signed] highest_zoneidx
mm/vmscan.c:2642:9:    got restricted gfp_t [usertype] gfp_mask
mm/vmscan.c:3773:48: warning: context imbalance in 'check_move_unevictable_pages' - unexpected unlock
block/blk-flush.c:264:9: warning: context imbalance in 'flush_end_io' - different lock contexts for basic block
fs/libfs.c:846:16: error: incompatible types in comparison expression (different type sizes)
kernel/sys.c:872:49: warning: incorrect type in argument 2 (different modifiers)
kernel/sys.c:872:49:    expected unsigned long [nocast] [usertype] *ut
kernel/sys.c:872:49:    got unsigned long *<noident>
kernel/sys.c:872:49: warning: implicit cast to nocast type
kernel/sys.c:872:59: warning: incorrect type in argument 3 (different modifiers)
kernel/sys.c:872:59:    expected unsigned long [nocast] [usertype] *st
kernel/sys.c:872:59:    got unsigned long *<noident>
kernel/sys.c:872:59: warning: implicit cast to nocast type
kernel/sys.c:1535:25: warning: implicit cast to nocast type
kernel/sys.c:1538:49: warning: incorrect type in argument 2 (different modifiers)
kernel/sys.c:1538:49:    expected unsigned long [nocast] [usertype] *ut
kernel/sys.c:1538:49:    got unsigned long *<noident>
kernel/sys.c:1538:49: warning: implicit cast to nocast type
kernel/sys.c:1538:57: warning: incorrect type in argument 3 (different modifiers)
kernel/sys.c:1538:57:    expected unsigned long [nocast] [usertype] *st
kernel/sys.c:1538:57:    got unsigned long *<noident>
kernel/sys.c:1538:57: warning: implicit cast to nocast type
kernel/sys.c:1564:51: warning: incorrect type in argument 2 (different modifiers)
kernel/sys.c:1564:51:    expected unsigned long [nocast] [usertype] *ut
kernel/sys.c:1564:51:    got unsigned long *<noident>
kernel/sys.c:1564:51: warning: implicit cast to nocast type
kernel/sys.c:1564:61: warning: incorrect type in argument 3 (different modifiers)
kernel/sys.c:1564:61:    expected unsigned long [nocast] [usertype] *st
kernel/sys.c:1564:61:    got unsigned long *<noident>
kernel/sys.c:1564:61: warning: implicit cast to nocast type
fs/fs-writeback.c:1088:9: warning: context imbalance in 'block_dump___mark_inode_dirty' - different lock contexts for basic block
drivers/ata/libata-scsi.c:1901:9: warning: context imbalance in 'ata_scsi_rbuf_get' - wrong count at exit
drivers/ata/libata-scsi.c:1922:31: warning: context imbalance in 'ata_scsi_rbuf_fill' - unexpected unlock
drivers/ata/libata-scsi.c:1920:48: warning: context imbalance in 'atapi_qc_complete' - unexpected unlock
crypto/shash.c:82:40: warning: Variable length array is used.
crypto/shash.c:118:40: warning: Variable length array is used.
kernel/workqueue.c:4371:61: warning: expression using sizeof bool
kernel/pid.c:48:5: warning: symbol 'pid_max' was not declared. Should it be static?
kernel/pid.c:52:5: warning: symbol 'pid_max_min' was not declared. Should it be static?
kernel/pid.c:53:5: warning: symbol 'pid_max_max' was not declared. Should it be static?
drivers/ata/libata-sff.c:1302:9: warning: context imbalance in 'ata_sff_hsm_move' - different lock contexts for basic block
fs/fs_struct.c:161:18: warning: symbol 'init_fs' was not declared. Should it be static?
kernel/extable.c:39:26: warning: symbol 'main_extable_sort_needed' was not declared. Should it be static?
mm/backing-dev.c:45:9: warning: context imbalance in 'bdi_lock_two' - wrong count at exit
mm/backing-dev.c:531:28: warning: context imbalance in 'bdi_destroy' - unexpected unlock
mm/mm_init.c:153:5: warning: symbol 'vm_committed_as_batch' was not declared. Should it be static?
drivers/ata/libahci_platform.c:38:9: warning: Initializer entry defined twice
drivers/ata/libahci_platform.c:38:9:   also defined here
mm/percpu.c:1945:12: warning: symbol 'pcpu_embed_first_chunk' was not declared. Should it be static?
fs/buffer.c:1091:20: warning: symbol '__getblk_slow' was not declared. Should it be static?
drivers/ata/sata_highbank.c:456:9: warning: Initializer entry defined twice
drivers/ata/sata_highbank.c:456:9:   also defined here
fs/buffer.c:2979:6: warning: symbol 'guard_bio_eod' was not declared. Should it be static?
mm/compaction.c:1286:37: warning: incorrect type in initializer (different base types)
mm/compaction.c:1286:37:    expected int [signed] may_enter_fs
mm/compaction.c:1286:37:    got restricted gfp_t
mm/compaction.c:1287:39: warning: incorrect type in initializer (different base types)
mm/compaction.c:1287:39:    expected int [signed] may_perform_io
mm/compaction.c:1287:39:    got restricted gfp_t
mm/compaction.c:234:13: warning: context imbalance in 'compact_trylock_irqsave' - wrong count at exit
include/linux/spinlock.h:364:9: warning: context imbalance in 'compact_unlock_should_abort' - unexpected unlock
mm/compaction.c:440:39: warning: context imbalance in 'isolate_freepages_block' - unexpected unlock
mm/compaction.c:732:39: warning: context imbalance in 'isolate_migratepages_block' - unexpected unlock
block/genhd.c:1400:10: error: bad integer constant expression
block/genhd.c:1401:10: error: bad integer constant expression
block/genhd.c:1405:10: error: bad integer constant expression
block/genhd.c:1406:10: error: bad integer constant expression
drivers/ata/sata_mv.c:984:26: warning: cast removes address space of expression
drivers/ata/sata_mv.c:984:26: warning: cast removes address space of expression
drivers/ata/sata_mv.c:984:26: warning: cast removes address space of expression
drivers/ata/sata_mv.c:984:26: warning: cast removes address space of expression
drivers/ata/sata_mv.c:677:9: warning: Initializer entry defined twice
drivers/ata/sata_mv.c:678:10:   also defined here
fs/direct-io.c:1109:36: warning: Using plain integer as NULL pointer
include/linux/spinlock_api_smp.h:151:27: warning: context imbalance in 'shadow_lru_isolate' - unexpected unlock
kernel/smpboot.c:168:36: warning: incorrect type in initializer (different address spaces)
kernel/smpboot.c:168:36:    expected void const [noderef] <asn:3>*__vpp_verify
kernel/smpboot.c:168:36:    got struct task_struct [noderef] <asn:3>**<noident>
kernel/smpboot.c:168:35: warning: incorrect type in initializer (different address spaces)
kernel/smpboot.c:168:35:    expected struct task_struct *tsk
kernel/smpboot.c:168:35:    got struct task_struct [noderef] <asn:3>*<noident>
kernel/smpboot.c:187:10: warning: incorrect type in initializer (different address spaces)
kernel/smpboot.c:187:10:    expected void const [noderef] <asn:3>*__vpp_verify
kernel/smpboot.c:187:10:    got struct task_struct [noderef] <asn:3>**<noident>
kernel/smpboot.c:187:38: warning: incorrect type in assignment (different address spaces)
kernel/smpboot.c:187:38:    expected struct task_struct [noderef] <asn:3>*<noident>
kernel/smpboot.c:187:38:    got struct task_struct *[assigned] tsk
kernel/smpboot.c:220:36: warning: incorrect type in initializer (different address spaces)
kernel/smpboot.c:220:36:    expected void const [noderef] <asn:3>*__vpp_verify
kernel/smpboot.c:220:36:    got struct task_struct [noderef] <asn:3>**<noident>
kernel/smpboot.c:220:35: warning: incorrect type in initializer (different address spaces)
kernel/smpboot.c:220:35:    expected struct task_struct *tsk
kernel/smpboot.c:220:35:    got struct task_struct [noderef] <asn:3>*<noident>
kernel/smpboot.c:239:36: warning: incorrect type in initializer (different address spaces)
kernel/smpboot.c:239:36:    expected void const [noderef] <asn:3>*__vpp_verify
kernel/smpboot.c:239:36:    got struct task_struct [noderef] <asn:3>**<noident>
kernel/smpboot.c:239:35: warning: incorrect type in initializer (different address spaces)
kernel/smpboot.c:239:35:    expected struct task_struct *tsk
kernel/smpboot.c:239:35:    got struct task_struct [noderef] <asn:3>*<noident>
kernel/smpboot.c:261:44: warning: incorrect type in initializer (different address spaces)
kernel/smpboot.c:261:44:    expected void const [noderef] <asn:3>*__vpp_verify
kernel/smpboot.c:261:44:    got struct task_struct [noderef] <asn:3>**<noident>
kernel/smpboot.c:261:43: warning: incorrect type in initializer (different address spaces)
kernel/smpboot.c:261:43:    expected struct task_struct *tsk
kernel/smpboot.c:261:43:    got struct task_struct [noderef] <asn:3>*<noident>
kernel/smpboot.c:266:26: warning: incorrect type in initializer (different address spaces)
kernel/smpboot.c:266:26:    expected void const [noderef] <asn:3>*__vpp_verify
kernel/smpboot.c:266:26:    got struct task_struct [noderef] <asn:3>**<noident>
kernel/bpf/core.c:429:43: error: arithmetics on pointers to functions
mm/gup.c:556:53: warning: implicit cast to nocast type
fs/debugfs/file.c:472:20: error: incompatible types in comparison expression (different type sizes)
mm/highmem.c:101:16: warning: Initializer entry defined twice
mm/highmem.c:101:16:   also defined here
kernel/events/core.c:320:26: warning: function 'perf_pmu_name' with external linkage has definition
kernel/events/core.c:194:6: warning: symbol 'update_perf_cpu_limits' was not declared. Should it be static?
kernel/events/core.c:740:1: warning: symbol 'perf_cgroup_switch' was not declared. Should it be static?
kernel/events/core.c:812:26: warning: incorrect type in initializer (different address spaces)
kernel/events/core.c:812:26:    expected void const [noderef] <asn:3>*__vpp_verify
kernel/events/core.c:812:26:    got struct perf_cpu_context *<noident>
kernel/events/core.c:798:6: warning: symbol 'perf_cpu_hrtimer_cancel' was not declared. Should it be static?
kernel/events/core.c:868:22: warning: incorrect type in initializer (different address spaces)
kernel/events/core.c:868:22:    expected void const [noderef] <asn:3>*__vpp_verify
kernel/events/core.c:868:22:    got int *<noident>
kernel/events/core.c:875:22: warning: incorrect type in initializer (different address spaces)
kernel/events/core.c:875:22:    expected void const [noderef] <asn:3>*__vpp_verify
kernel/events/core.c:875:22:    got int *<noident>
kernel/events/core.c:889:43: warning: incorrect type in initializer (different address spaces)
kernel/events/core.c:889:43:    expected void const [noderef] <asn:3>*__vpp_verify
kernel/events/core.c:889:43:    got struct perf_cpu_context *<noident>
kernel/events/core.c:333:16: warning: incorrect type in initializer (different address spaces)
kernel/events/core.c:333:16:    expected void const [noderef] <asn:3>*__vpp_verify
kernel/events/core.c:333:16:    got struct perf_cpu_context *<noident>
kernel/events/core.c:333:16: warning: incorrect type in initializer (different address spaces)
kernel/events/core.c:333:16:    expected void const [noderef] <asn:3>*__vpp_verify
kernel/events/core.c:333:16:    got struct perf_cpu_context *<noident>
kernel/events/core.c:333:16: warning: incorrect type in initializer (different address spaces)
kernel/events/core.c:333:16:    expected void const [noderef] <asn:3>*__vpp_verify
kernel/events/core.c:333:16:    got struct perf_cpu_context *<noident>
kernel/events/core.c:333:16: warning: incorrect type in initializer (different address spaces)
kernel/events/core.c:333:16:    expected void const [noderef] <asn:3>*__vpp_verify
kernel/events/core.c:333:16:    got struct perf_cpu_context *<noident>
kernel/events/core.c:333:16: warning: incorrect type in initializer (different address spaces)
kernel/events/core.c:333:16:    expected void const [noderef] <asn:3>*__vpp_verify
kernel/events/core.c:333:16:    got struct perf_cpu_context *<noident>
kernel/events/core.c:333:16: warning: incorrect type in initializer (different address spaces)
kernel/events/core.c:333:16:    expected void const [noderef] <asn:3>*__vpp_verify
kernel/events/core.c:333:16:    got struct perf_cpu_context *<noident>
kernel/events/core.c:333:16: warning: incorrect type in initializer (different address spaces)
kernel/events/core.c:333:16:    expected void const [noderef] <asn:3>*__vpp_verify
kernel/events/core.c:333:16:    got struct perf_cpu_context *<noident>
kernel/events/core.c:333:16: warning: incorrect type in initializer (different address spaces)
kernel/events/core.c:333:16:    expected void const [noderef] <asn:3>*__vpp_verify
kernel/events/core.c:333:16:    got struct perf_cpu_context *<noident>
kernel/events/core.c:2645:26: warning: incorrect type in initializer (different address spaces)
kernel/events/core.c:2645:26:    expected void const [noderef] <asn:3>*__vpp_verify
kernel/events/core.c:2645:26:    got struct perf_cpu_context *<noident>
kernel/events/core.c:333:16: warning: incorrect type in initializer (different address spaces)
kernel/events/core.c:333:16:    expected void const [noderef] <asn:3>*__vpp_verify
kernel/events/core.c:333:16:    got struct perf_cpu_context *<noident>
kernel/events/core.c:3211:26: warning: incorrect type in initializer (different address spaces)
kernel/events/core.c:3211:26:    expected void const [noderef] <asn:3>*__vpp_verify
kernel/events/core.c:3211:26:    got struct perf_cpu_context *<noident>
kernel/events/core.c:3922:13: warning: symbol 'arch_perf_update_userpage' was not declared. Should it be static?
kernel/events/internal.h:139:46: warning: incorrect type in argument 2 (different address spaces)
kernel/events/internal.h:139:46:    expected void const [noderef] <asn:1>*from
kernel/events/internal.h:139:46:    got void const *src
kernel/events/core.c:5031:26: warning: incorrect type in initializer (different address spaces)
kernel/events/core.c:5031:26:    expected void const [noderef] <asn:3>*__vpp_verify
kernel/events/core.c:5031:26:    got struct perf_cpu_context *<noident>
kernel/events/core.c:6533:35: warning: incorrect type in return expression (different address spaces)
kernel/events/core.c:6533:35:    expected struct perf_cpu_context [noderef] <asn:3>*
kernel/events/core.c:6533:35:    got struct perf_cpu_context *[noderef] pmu_cpu_context
kernel/events/core.c:6546:26: warning: incorrect type in initializer (different address spaces)
kernel/events/core.c:6546:26:    expected void const [noderef] <asn:3>*__vpp_verify
kernel/events/core.c:6546:26:    got struct perf_cpu_context *<noident>
kernel/events/core.c:6568:24: warning: incorrect type in argument 1 (different address spaces)
kernel/events/core.c:6568:24:    expected void [noderef] <asn:3>*__pdata
kernel/events/core.c:6568:24:    got struct perf_cpu_context *[noderef] pmu_cpu_context
kernel/events/core.c:6617:26: warning: incorrect type in initializer (different address spaces)
kernel/events/core.c:6617:26:    expected void const [noderef] <asn:3>*__vpp_verify
kernel/events/core.c:6617:26:    got struct perf_cpu_context *<noident>
kernel/events/core.c:6684:32: warning: incorrect type in assignment (different address spaces)
kernel/events/core.c:6684:32:    expected int *[noderef] pmu_disable_count
kernel/events/core.c:6684:32:    got int [noderef] <asn:3>*<noident>
kernel/events/core.c:6709:30: warning: incorrect type in assignment (different address spaces)
kernel/events/core.c:6709:30:    expected struct perf_cpu_context *[noderef] pmu_cpu_context
kernel/events/core.c:6709:30:    got struct perf_cpu_context [noderef] <asn:3>*
kernel/events/core.c:6714:30: warning: incorrect type in assignment (different address spaces)
kernel/events/core.c:6714:30:    expected struct perf_cpu_context *[noderef] pmu_cpu_context
kernel/events/core.c:6714:30:    got struct perf_cpu_context [noderef] <asn:3>*<noident>
kernel/events/core.c:6721:26: warning: incorrect type in initializer (different address spaces)
kernel/events/core.c:6721:26:    expected void const [noderef] <asn:3>*__vpp_verify
kernel/events/core.c:6721:26:    got struct perf_cpu_context *<noident>
kernel/events/core.c:6776:24: warning: incorrect type in argument 1 (different address spaces)
kernel/events/core.c:6776:24:    expected void [noderef] <asn:3>*__pdata
kernel/events/core.c:6776:24:    got int *[noderef] pmu_disable_count
kernel/events/core.c:6794:24: warning: incorrect type in argument 1 (different address spaces)
kernel/events/core.c:6794:24:    expected void [noderef] <asn:3>*__pdata
kernel/events/core.c:6794:24:    got int *[noderef] pmu_disable_count
kernel/events/core.c:6803:12: warning: symbol 'perf_init_event' was not declared. Should it be static?
kernel/events/core.c:7536:20: warning: incorrect type in initializer (different address spaces)
kernel/events/core.c:7536:20:    expected void const [noderef] <asn:3>*__vpp_verify
kernel/events/core.c:7536:20:    got struct perf_cpu_context *<noident>
kernel/events/core.c:7537:20: warning: incorrect type in initializer (different address spaces)
kernel/events/core.c:7537:20:    expected void const [noderef] <asn:3>*__vpp_verify
kernel/events/core.c:7537:20:    got struct perf_cpu_context *<noident>
kernel/events/core.c:8099:43: warning: incorrect type in initializer (different address spaces)
kernel/events/core.c:8099:43:    expected void const [noderef] <asn:3>*__vpp_verify
kernel/events/core.c:8099:43:    got struct perf_cpu_context *<noident>
kernel/events/core.c:8127:24: warning: incorrect type in initializer (different address spaces)
kernel/events/core.c:8127:24:    expected void const [noderef] <asn:3>*__vpp_verify
kernel/events/core.c:8127:24:    got struct perf_cpu_context *<noident>
kernel/events/core.c:340:9: warning: context imbalance in 'perf_ctx_lock' - wrong count at exit
kernel/events/core.c:348:17: warning: context imbalance in 'perf_ctx_unlock' - unexpected unlock
include/linux/rcupdate.h:919:9: warning: context imbalance in 'perf_lock_task_context' - wrong count at exit
kernel/events/core.c:1024:17: warning: context imbalance in 'perf_pin_task_context' - unexpected unlock
kernel/events/core.c:1953:25: warning: context imbalance in '__perf_install_in_context' - unexpected unlock
kernel/events/core.c:3227:17: warning: context imbalance in 'find_get_context' - unexpected unlock
kernel/events/core.c:5044:17: warning: dereference of noderef expression
kernel/events/core.c:6533:32: warning: dereference of noderef expression
kernel/events/core.c:6562:21: warning: dereference of noderef expression
kernel/events/core.c:6562:43: warning: dereference of noderef expression
kernel/events/core.c:6568:21: warning: dereference of noderef expression
kernel/events/core.c:6685:14: warning: dereference of noderef expression
kernel/events/core.c:6710:13: warning: dereference of noderef expression
kernel/events/core.c:6715:14: warning: dereference of noderef expression
kernel/events/core.c:6776:21: warning: dereference of noderef expression
kernel/events/core.c:6794:21: warning: dereference of noderef expression
mm/memory.c:118:15: warning: symbol 'zero_pfn' was not declared. Should it be static?
mm/memory.c:902:17: warning: context imbalance in 'copy_pte_range' - different lock contexts for basic block
mm/memory.c:1462:32: warning: context imbalance in '__get_locked_pte' - different lock contexts for basic block
mm/memory.c:1665:17: warning: context imbalance in 'remap_pte_range' - different lock contexts for basic block
mm/memory.c:1863:17: warning: context imbalance in 'apply_to_pte_range' - unexpected unlock
mm/memory.c:3440:12: warning: context imbalance in '__follow_pte' - different lock contexts for basic block
arch/arm/mach-omap2/omap_hwmod_43xx_data.c:437:32: warning: symbol 'am43xx_dss_dispc_dev_attr' was not declared. Should it be static?
mm/mlock.c:640:37: warning: implicit cast to nocast type
mm/mlock.c:788:37: warning: implicit cast to nocast type
include/linux/mm.h:1365:21: warning: context imbalance in '__munlock_pagevec_fill' - different lock contexts for basic block
kernel/events/ring_buffer.c:104:5: warning: context imbalance in 'perf_output_begin' - different lock contexts for basic block
kernel/events/ring_buffer.c:217:6: warning: context imbalance in 'perf_output_end' - unexpected unlock
sound/core/pcm_native.c:229:37: warning: Variable length array is used.
sound/core/pcm_native.c:82:9: warning: context imbalance in 'snd_pcm_stream_lock' - different lock contexts for basic block
sound/core/pcm_native.c:98:28: warning: context imbalance in 'snd_pcm_stream_unlock' - unexpected unlock
sound/core/pcm_native.c:824:52: warning: context imbalance in 'snd_pcm_action_group' - unexpected unlock
mm/mmap.c:1318:47: warning: implicit cast to nocast type
mm/mmap.c:1320:45: warning: implicit cast to nocast type
mm/mmap.c:1329:45: warning: implicit cast to nocast type
mm/mmap.c:1350:47: warning: implicit cast to nocast type
mm/mmap.c:1370:37: warning: implicit cast to nocast type
mm/mmap.c:1374:37: warning: implicit cast to nocast type
mm/mmap.c:1418:33: warning: implicit cast to nocast type
mm/mmap.c:1549:29: warning: implicit cast to nocast type
mm/mmap.c:830:9: warning: context imbalance in 'vma_adjust' - different lock contexts for basic block
arch/arm/lib/delay.c:102:15: warning: symbol 'calibrate_delay_is_known' was not declared. Should it be static?
arch/arm/lib/delay.c:108:6: warning: symbol 'calibration_delay_done' was not declared. Should it be static?
kernel/events/hw_breakpoint.c:83:12: warning: symbol 'hw_breakpoint_weight' was not declared. Should it be static?
kernel/events/hw_breakpoint.c:231:13: warning: symbol 'arch_unregister_hw_breakpoint' was not declared. Should it be static?
arch/arm/mach-omap2/pdata-quirks.c:35:23: warning: symbol 'omap_auxdata_lookup' was not declared. Should it be static?
drivers/base/devtmpfs.c:357:25: warning: incorrect type in argument 1 (different address spaces)
drivers/base/devtmpfs.c:357:25:    expected char [noderef] <asn:1>*dev_name
drivers/base/devtmpfs.c:357:25:    got char static *<noident>
drivers/base/devtmpfs.c:357:38: warning: incorrect type in argument 2 (different address spaces)
drivers/base/devtmpfs.c:357:38:    expected char [noderef] <asn:1>*dir_name
drivers/base/devtmpfs.c:357:38:    got char *<noident>
drivers/base/devtmpfs.c:357:53: warning: incorrect type in argument 3 (different address spaces)
drivers/base/devtmpfs.c:357:53:    expected char [noderef] <asn:1>*type
drivers/base/devtmpfs.c:357:53:    got char static *<noident>
drivers/base/devtmpfs.c:383:26: warning: incorrect type in argument 1 (different address spaces)
drivers/base/devtmpfs.c:383:26:    expected char [noderef] <asn:1>*dev_name
drivers/base/devtmpfs.c:383:26:    got char static *<noident>
drivers/base/devtmpfs.c:383:38: warning: incorrect type in argument 2 (different address spaces)
drivers/base/devtmpfs.c:383:38:    expected char [noderef] <asn:1>*dir_name
drivers/base/devtmpfs.c:383:38:    got char static *<noident>
drivers/base/devtmpfs.c:383:43: warning: incorrect type in argument 3 (different address spaces)
drivers/base/devtmpfs.c:383:43:    expected char [noderef] <asn:1>*type
drivers/base/devtmpfs.c:383:43:    got char static *<noident>
drivers/base/devtmpfs.c:383:66: warning: incorrect type in argument 5 (different address spaces)
drivers/base/devtmpfs.c:383:66:    expected void [noderef] <asn:1>*data
drivers/base/devtmpfs.c:383:66:    got char *<noident>
drivers/base/devtmpfs.c:386:19: warning: incorrect type in argument 1 (different address spaces)
drivers/base/devtmpfs.c:386:19:    expected char const [noderef] <asn:1>*filename
drivers/base/devtmpfs.c:386:19:    got char static *<noident>
drivers/base/devtmpfs.c:387:20: warning: incorrect type in argument 1 (different address spaces)
drivers/base/devtmpfs.c:387:20:    expected char const [noderef] <asn:1>*filename
drivers/base/devtmpfs.c:387:20:    got char static *<noident>
kernel/irq/irqdesc.c:522:17: warning: context imbalance in '__irq_get_desc_lock' - wrong count at exit
kernel/irq/irqdesc.c:546:6: warning: context imbalance in '__irq_put_desc_unlock' - unexpected unlock
lib/lockref.c:96:5: warning: context imbalance in 'lockref_get_or_lock' - different lock contexts for basic block
lib/lockref.c:120:5: warning: context imbalance in 'lockref_put_or_lock' - wrong count at exit
lib/bcd.c:4:10: error: symbol '_bcd2bin' redeclared with different type (originally declared at include/linux/bcd.h:19) - different modifiers
lib/bcd.c:10:15: error: symbol '_bin2bcd' redeclared with different type (originally declared at include/linux/bcd.h:20) - different modifiers
lib/div64.c:26:32: warning: symbol '__div64_32' was not declared. Should it be static?
mm/mprotect.c:46:14: warning: context imbalance in 'lock_pte_protection' - different lock contexts for basic block
mm/mprotect.c:133:9: warning: context imbalance in 'change_pte_range' - unexpected unlock
mm/mremap.c:154:9: warning: context imbalance in 'move_ptes' - different lock contexts for basic block
kernel/irq/spurious.c:47:17: warning: context imbalance in 'irq_wait_for_poll' - unexpected unlock
net/core/sock.c:1554:9: warning: context imbalance in 'sk_clone_lock' - different lock contexts for basic block
net/core/sock.c:2424:6: warning: context imbalance in 'lock_sock_fast' - different lock contexts for basic block
net/core/sock.c:2843:13: warning: context imbalance in 'proto_seq_start' - wrong count at exit
net/core/sock.c:2855:13: warning: context imbalance in 'proto_seq_stop' - wrong count at exit
mm/rmap.c:609:23: warning: Using plain integer as NULL pointer
mm/rmap.c:1463:6: warning: symbol 'is_vma_temporary_stack' was not declared. Should it be static?
mm/rmap.c:600:7: warning: context imbalance in '__page_check_address' - wrong count at exit
mm/vmalloc.c:581:6: warning: symbol 'set_iounmap_nonlazy' was not declared. Should it be static?
lib/gcd.c:6:15: error: symbol 'gcd' redeclared with different type (originally declared at include/linux/gcd.h:6) - different modifiers
lib/lcm.c:7:15: error: symbol 'lcm' redeclared with different type (originally declared at include/linux/lcm.h:6) - different modifiers
sound/soc/soc-core.c:108:25: warning: Variable length array is used.
sound/soc/soc-core.c:109:29: warning: Variable length array is used.
sound/soc/soc-core.c:245:20: error: incompatible types in comparison expression (different type sizes)
mm/memblock.c:1219:6: warning: symbol 'memblock_virt_alloc_try_nid_nopanic' was not declared. Should it be static?
mm/memblock.c:1249:6: warning: symbol 'memblock_virt_alloc_try_nid' was not declared. Should it be static?
mm/memblock.c:1278:13: warning: symbol '__memblock_free_early' was not declared. Should it be static?
mm/memblock.c:1296:13: warning: symbol '__memblock_free_late' was not declared. Should it be static?
lib/kstrtox.c:338:1: error: incompatible types in comparison expression (different type sizes)
lib/kstrtox.c:339:1: error: incompatible types in comparison expression (different type sizes)
lib/kstrtox.c:340:1: error: incompatible types in comparison expression (different type sizes)
lib/kstrtox.c:341:1: error: incompatible types in comparison expression (different type sizes)
lib/kstrtox.c:342:1: error: incompatible types in comparison expression (different type sizes)
lib/kstrtox.c:343:1: error: incompatible types in comparison expression (different type sizes)
lib/kstrtox.c:344:1: error: incompatible types in comparison expression (different type sizes)
lib/kstrtox.c:345:1: error: incompatible types in comparison expression (different type sizes)
lib/kstrtox.c:346:1: error: incompatible types in comparison expression (different type sizes)
lib/kstrtox.c:347:1: error: incompatible types in comparison expression (different type sizes)
./arch/arm/include/asm/spinlock.h:80:9: warning: context imbalance in '_raw_spin_lock' - wrong count at exit
./arch/arm/include/asm/spinlock.h:80:9: warning: context imbalance in '_raw_spin_lock_irqsave' - wrong count at exit
./arch/arm/include/asm/spinlock.h:80:9: warning: context imbalance in '_raw_spin_lock_irq' - wrong count at exit
./arch/arm/include/asm/spinlock.h:80:9: warning: context imbalance in '_raw_spin_lock_bh' - wrong count at exit
kernel/locking/spinlock.c:189:17: warning: context imbalance in '_raw_spin_unlock_irqrestore' - unexpected unlock
kernel/locking/spinlock.c:205:17: warning: context imbalance in '_raw_spin_unlock_bh' - unexpected unlock
kernel/locking/spinlock.c:221:17: warning: context imbalance in '_raw_read_lock' - wrong count at exit
kernel/locking/spinlock.c:229:26: warning: context imbalance in '_raw_read_lock_irqsave' - wrong count at exit
kernel/locking/spinlock.c:237:17: warning: context imbalance in '_raw_read_lock_irq' - wrong count at exit
kernel/locking/spinlock.c:245:17: warning: context imbalance in '_raw_read_lock_bh' - wrong count at exit
include/linux/rwlock_api_smp.h:234:9: warning: context imbalance in '_raw_read_unlock_irqrestore' - unexpected unlock
include/linux/rwlock_api_smp.h:250:9: warning: context imbalance in '_raw_read_unlock_bh' - unexpected unlock
kernel/locking/spinlock.c:293:17: warning: context imbalance in '_raw_write_lock' - wrong count at exit
kernel/locking/spinlock.c:301:26: warning: context imbalance in '_raw_write_lock_irqsave' - wrong count at exit
kernel/locking/spinlock.c:309:17: warning: context imbalance in '_raw_write_lock_irq' - wrong count at exit
kernel/locking/spinlock.c:317:17: warning: context imbalance in '_raw_write_lock_bh' - wrong count at exit
kernel/locking/spinlock.c:333:17: warning: context imbalance in '_raw_write_unlock_irqrestore' - unexpected unlock
kernel/locking/spinlock.c:349:17: warning: context imbalance in '_raw_write_unlock_bh' - unexpected unlock
include/net/sock.h:1562:31: warning: context imbalance in 'skb_free_datagram_locked' - unexpected unlock
mm/swapfile.c:601:20: warning: context imbalance in 'scan_swap_map' - unexpected unlock
mm/swapfile.c:725:32: warning: context imbalance in 'swap_info_get' - different lock contexts for basic block
mm/swapfile.c:838:17: warning: context imbalance in 'swap_free' - unexpected unlock
mm/swapfile.c:852:17: warning: context imbalance in 'swapcache_free' - unexpected unlock
mm/swapfile.c:871:35: warning: context imbalance in 'page_swapcount' - unexpected unlock
mm/swapfile.c:961:28: warning: context imbalance in 'free_swap_and_cache' - unexpected unlock
mm/swapfile.c:2827:20: warning: context imbalance in 'add_swap_count_continuation' - unexpected unlock
kernel/power/main.c:49:5: warning: symbol 'pm_async_enabled' was not declared. Should it be static?
kernel/power/main.c:619:25: warning: symbol 'pm_wq' was not declared. Should it be static?
net/core/scm.c:236:26: warning: cast removes address space of expression
net/core/scm.c:236:26: warning: incorrect type in argument 1 (different address spaces)
net/core/scm.c:236:26:    expected void [noderef] <asn:1>*to
net/core/scm.c:236:26:    got void *<noident>
net/core/scm.c:272:48: warning: cast removes address space of expression
net/core/gen_stats.c:58:1: warning: context imbalance in 'gnet_stats_start_copy_compat' - wrong count at exit
net/core/gen_stats.c:35:23: warning: context imbalance in 'gnet_stats_copy_basic' - unexpected unlock
net/core/gen_stats.c:35:23: warning: context imbalance in 'gnet_stats_copy_rate_est' - unexpected unlock
net/core/gen_stats.c:35:23: warning: context imbalance in 'gnet_stats_copy_queue' - unexpected unlock
net/core/gen_stats.c:35:23: warning: context imbalance in 'gnet_stats_copy_app' - unexpected unlock
net/core/gen_stats.c:35:23: warning: context imbalance in 'gnet_stats_finish_copy' - unexpected unlock
mm/slub.c:1051:40: warning: context imbalance in 'free_debug_processing' - different lock contexts for basic block
include/linux/spinlock_api_smp.h:151:27: warning: context imbalance in 'deactivate_slab' - unexpected unlock
include/linux/spinlock_api_smp.h:151:27: warning: context imbalance in 'unfreeze_partials' - unexpected unlock
mm/slub.c:2532:47: warning: context imbalance in '__slab_free' - unexpected unlock
arch/arm/mach-omap2/twl-common.c:94:21: warning: symbol 'consumers' was not declared. Should it be static?
arch/arm/mach-omap2/twl-common.c:98:22: warning: symbol 'init_data' was not declared. Should it be static?
lib/xz/xz_dec_stream.c:734:23: warning: function 'xz_dec_run' with external linkage has definition
lib/xz/xz_dec_stream.c:770:25: warning: function 'xz_dec_init' with external linkage has definition
lib/xz/xz_dec_stream.c:800:16: warning: function 'xz_dec_reset' with external linkage has definition
lib/xz/xz_dec_stream.c:812:16: warning: function 'xz_dec_end' with external linkage has definition
kernel/printk/printk.c:236:1: warning: symbol 'log_wait' was not declared. Should it be static?
kernel/printk/printk.c:921:15: warning: memcpy with byte count of 131072
lib/xz/xz_dec_lzma2.c:931:23: warning: function 'xz_dec_lzma2_run' with external linkage has definition
lib/xz/xz_dec_lzma2.c:1108:31: warning: function 'xz_dec_lzma2_create' with external linkage has definition
lib/xz/xz_dec_lzma2.c:1132:23: warning: function 'xz_dec_lzma2_reset' with external linkage has definition
lib/xz/xz_dec_lzma2.c:1169:16: warning: function 'xz_dec_lzma2_end' with external linkage has definition
lib/xz/xz_dec_bcj.c:417:23: warning: function 'xz_dec_bcj_run' with external linkage has definition
lib/xz/xz_dec_bcj.c:527:29: warning: function 'xz_dec_bcj_create' with external linkage has definition
lib/xz/xz_dec_bcj.c:536:23: warning: function 'xz_dec_bcj_reset' with external linkage has definition
lib/xz/xz_dec_bcj.c:91:21: warning: Initializer entry defined twice
lib/xz/xz_dec_bcj.c:91:27:   also defined here
net/core/sysctl_net_core.c:155:23: error: incompatible types in comparison expression (different type sizes)
drivers/base/dma-coherent.c:46:33: warning: incorrect type in assignment (different address spaces)
drivers/base/dma-coherent.c:46:33:    expected void *virt_base
drivers/base/dma-coherent.c:46:33:    got void [noderef] <asn:2>*[assigned] mem_base
drivers/base/dma-coherent.c:73:20: warning: incorrect type in argument 1 (different address spaces)
drivers/base/dma-coherent.c:73:20:    expected void volatile [noderef] <asn:2>*addr
drivers/base/dma-coherent.c:73:20:    got void *virt_base
drivers/base/firmware_class.c:267:9: warning: context imbalance in 'fw_free_buf' - wrong count at exit
include/trace/events/net.h:170:1: error: directive in argument list
include/trace/events/net.h:172:1: error: directive in argument list
include/trace/events/net.h:174:1: error: directive in argument list
mm/migrate.c:115:24: warning: Using plain integer as NULL pointer
kernel/rcu/tree.c:189:14: warning: expression using sizeof bool
kernel/rcu/tree.c:193:17: warning: expression using sizeof bool
kernel/rcu/tree.c:199:14: warning: expression using sizeof bool
kernel/rcu/tree.c:203:17: warning: expression using sizeof bool
kernel/rcu/tree.c:3529:21: warning: incorrect type in argument 1 (different modifiers)
kernel/rcu/tree.c:3529:21:    expected int ( *threadfn )( ... )
kernel/rcu/tree.c:3529:21:    got int ( static [toplevel] [noreturn] *<noident> )( ... )
kernel/rcu/tree.c:1364:9: warning: context imbalance in 'rcu_start_future_gp' - different lock contexts for basic block
kernel/rcu/tree.c:2253:17: warning: context imbalance in 'rcu_cleanup_dead_cpu' - unexpected unlock
kernel/rcu/tree.c:2436:9: warning: context imbalance in 'force_qs_rnp' - different lock contexts for basic block
kernel/rcu/tree.c:2492:25: warning: context imbalance in 'force_quiescent_state' - unexpected unlock
lib/swiotlb.c:243:1: warning: symbol 'swiotlb_late_init_with_default_size' was not declared. Should it be static?
lib/swiotlb.c:540:13: warning: symbol 'map_single' was not declared. Should it be static?
drivers/block/loop.c:235:38: warning: incorrect type in argument 2 (different address spaces)
drivers/block/loop.c:235:38:    expected char const [noderef] <asn:1>*<noident>
drivers/block/loop.c:235:38:    got unsigned char [usertype] *buf
lib/iommu-helper.c:9:5: warning: symbol 'iommu_is_span_boundary' was not declared. Should it be static?
lib/iommu-helper.c:19:15: warning: symbol 'iommu_area_alloc' was not declared. Should it be static?
kernel/sched/core.c:922:6: warning: symbol 'sched_set_stop_task' was not declared. Should it be static?
kernel/sched/core.c:1154:5: warning: symbol 'migrate_swap' was not declared. Should it be static?
kernel/sched/core.c:2931:35: warning: symbol 'preempt_schedule_irq' was not declared. Should it be static?
kernel/sched/core.c:5748:28: warning: incorrect type in initializer (different address spaces)
kernel/sched/core.c:5748:28:    expected void const [noderef] <asn:3>*__vpp_verify
kernel/sched/core.c:5748:28:    got struct sched_domain **<noident>
kernel/sched/core.c:5783:28: warning: incorrect type in initializer (different address spaces)
kernel/sched/core.c:5783:28:    expected void const [noderef] <asn:3>*__vpp_verify
kernel/sched/core.c:5783:28:    got struct sched_domain **<noident>
kernel/sched/core.c:5803:28: warning: incorrect type in initializer (different address spaces)
kernel/sched/core.c:5803:28:    expected void const [noderef] <asn:3>*__vpp_verify
kernel/sched/core.c:5803:28:    got struct sched_group_capacity **<noident>
kernel/sched/core.c:5843:36: warning: incorrect type in initializer (different address spaces)
kernel/sched/core.c:5843:36:    expected void const [noderef] <asn:3>*__vpp_verify
kernel/sched/core.c:5843:36:    got struct sched_domain **<noident>
kernel/sched/core.c:5850:24: warning: incorrect type in initializer (different address spaces)
kernel/sched/core.c:5850:24:    expected void const [noderef] <asn:3>*__vpp_verify
kernel/sched/core.c:5850:24:    got struct sched_group **<noident>
kernel/sched/core.c:5851:31: warning: incorrect type in initializer (different address spaces)
kernel/sched/core.c:5851:31:    expected void const [noderef] <asn:3>*__vpp_verify
kernel/sched/core.c:5851:31:    got struct sched_group_capacity **<noident>
kernel/sched/core.c:6482:39: warning: incorrect type in initializer (different address spaces)
kernel/sched/core.c:6482:39:    expected void const [noderef] <asn:3>*__vpp_verify
kernel/sched/core.c:6482:39:    got struct sched_domain **<noident>
kernel/sched/core.c:6485:40: warning: incorrect type in initializer (different address spaces)
kernel/sched/core.c:6485:40:    expected void const [noderef] <asn:3>*__vpp_verify
kernel/sched/core.c:6485:40:    got struct sched_domain **<noident>
kernel/sched/core.c:6489:40: warning: incorrect type in initializer (different address spaces)
kernel/sched/core.c:6489:40:    expected void const [noderef] <asn:3>*__vpp_verify
kernel/sched/core.c:6489:40:    got struct sched_group **<noident>
kernel/sched/core.c:6491:40: warning: incorrect type in initializer (different address spaces)
kernel/sched/core.c:6491:40:    expected void const [noderef] <asn:3>*__vpp_verify
kernel/sched/core.c:6491:40:    got struct sched_group_capacity **<noident>
kernel/sched/core.c:6493:32: warning: incorrect type in argument 1 (different address spaces)
kernel/sched/core.c:6493:32:    expected void [noderef] <asn:3>*__pdata
kernel/sched/core.c:6493:32:    got struct sched_domain **[noderef] sd
kernel/sched/core.c:6495:32: warning: incorrect type in argument 1 (different address spaces)
kernel/sched/core.c:6495:32:    expected void [noderef] <asn:3>*__pdata
kernel/sched/core.c:6495:32:    got struct sched_group **[noderef] sg
kernel/sched/core.c:6497:32: warning: incorrect type in argument 1 (different address spaces)
kernel/sched/core.c:6497:32:    expected void [noderef] <asn:3>*__pdata
kernel/sched/core.c:6497:32:    got struct sched_group_capacity **[noderef] sgc
kernel/sched/core.c:6425:25: warning: incorrect type in assignment (different address spaces)
kernel/sched/core.c:6425:25:    expected struct sched_domain **[noderef] sd
kernel/sched/core.c:6425:25:    got struct sched_domain *[noderef] <asn:3>*<noident>
kernel/sched/core.c:6429:25: warning: incorrect type in assignment (different address spaces)
kernel/sched/core.c:6429:25:    expected struct sched_group **[noderef] sg
kernel/sched/core.c:6429:25:    got struct sched_group *[noderef] <asn:3>*<noident>
kernel/sched/core.c:6433:26: warning: incorrect type in assignment (different address spaces)
kernel/sched/core.c:6433:26:    expected struct sched_group_capacity **[noderef] sgc
kernel/sched/core.c:6433:26:    got struct sched_group_capacity *[noderef] <asn:3>*<noident>
kernel/sched/core.c:6447:26: warning: incorrect type in initializer (different address spaces)
kernel/sched/core.c:6447:26:    expected void const [noderef] <asn:3>*__vpp_verify
kernel/sched/core.c:6447:26:    got struct sched_domain **<noident>
kernel/sched/core.c:6456:26: warning: incorrect type in initializer (different address spaces)
kernel/sched/core.c:6456:26:    expected void const [noderef] <asn:3>*__vpp_verify
kernel/sched/core.c:6456:26:    got struct sched_group **<noident>
kernel/sched/core.c:6463:26: warning: incorrect type in initializer (different address spaces)
kernel/sched/core.c:6463:26:    expected void const [noderef] <asn:3>*__vpp_verify
kernel/sched/core.c:6463:26:    got struct sched_group_capacity **<noident>
kernel/sched/core.c:5991:30: warning: incorrect type in argument 1 (different address spaces)
kernel/sched/core.c:5991:30:    expected void [noderef] <asn:3>*__pdata
kernel/sched/core.c:5991:30:    got struct sched_domain **[noderef] sd
kernel/sched/core.c:6006:15: warning: incorrect type in assignment (different address spaces)
kernel/sched/core.c:6006:15:    expected struct sched_domain **[noderef] sd
kernel/sched/core.c:6006:15:    got struct sched_domain *[noderef] <asn:3>*<noident>
kernel/sched/core.c:6024:9: warning: incorrect type in initializer (different address spaces)
kernel/sched/core.c:6024:9:    expected void const [noderef] <asn:3>*__vpp_verify
kernel/sched/core.c:6024:9:    got struct sched_domain **<noident>
kernel/sched/core.c:6025:10: warning: incorrect type in initializer (different address spaces)
kernel/sched/core.c:6025:10:    expected void const [noderef] <asn:3>*__vpp_verify
kernel/sched/core.c:6025:10:    got struct sched_domain **<noident>
kernel/sched/core.c:6027:13: warning: incorrect type in initializer (different address spaces)
kernel/sched/core.c:6027:13:    expected void const [noderef] <asn:3>*__vpp_verify
kernel/sched/core.c:6027:13:    got struct sched_group **<noident>
kernel/sched/core.c:6028:18: warning: incorrect type in initializer (different address spaces)
kernel/sched/core.c:6028:18:    expected void const [noderef] <asn:3>*__vpp_verify
kernel/sched/core.c:6028:18:    got struct sched_group **<noident>
kernel/sched/core.c:6030:13: warning: incorrect type in initializer (different address spaces)
kernel/sched/core.c:6030:13:    expected void const [noderef] <asn:3>*__vpp_verify
kernel/sched/core.c:6030:13:    got struct sched_group_capacity **<noident>
kernel/sched/core.c:6031:18: warning: incorrect type in initializer (different address spaces)
kernel/sched/core.c:6031:18:    expected void const [noderef] <asn:3>*__vpp_verify
kernel/sched/core.c:6031:18:    got struct sched_group_capacity **<noident>
kernel/sched/core.c:6062:36: warning: incorrect type in initializer (different address spaces)
kernel/sched/core.c:6062:36:    expected void const [noderef] <asn:3>*__vpp_verify
kernel/sched/core.c:6062:36:    got struct sched_domain **<noident>
kernel/sched/core.c:6502:21: warning: symbol 'build_sched_domain' was not declared. Should it be static?
kernel/sched/core.c:6560:34: warning: incorrect type in initializer (different address spaces)
kernel/sched/core.c:6560:34:    expected void const [noderef] <asn:3>*__vpp_verify
kernel/sched/core.c:6560:34:    got struct sched_domain **<noident>
kernel/sched/core.c:6570:28: warning: incorrect type in initializer (different address spaces)
kernel/sched/core.c:6570:28:    expected void const [noderef] <asn:3>*__vpp_verify
kernel/sched/core.c:6570:28:    got struct sched_domain **<noident>
kernel/sched/core.c:6587:28: warning: incorrect type in initializer (different address spaces)
kernel/sched/core.c:6587:28:    expected void const [noderef] <asn:3>*__vpp_verify
kernel/sched/core.c:6587:28:    got struct sched_domain **<noident>
kernel/sched/core.c:6596:23: warning: incorrect type in initializer (different address spaces)
kernel/sched/core.c:6596:23:    expected void const [noderef] <asn:3>*__vpp_verify
kernel/sched/core.c:6596:23:    got struct sched_domain **<noident>
kernel/sched/core.c:4156:1: warning: context imbalance in 'sys_sched_yield' - unexpected unlock
kernel/sched/core.c:5991:29: warning: dereference of noderef expression
kernel/sched/core.c:6007:14: warning: dereference of noderef expression
kernel/sched/core.c:6426:22: warning: dereference of noderef expression
kernel/sched/core.c:6430:22: warning: dereference of noderef expression
kernel/sched/core.c:6434:22: warning: dereference of noderef expression
kernel/sched/core.c:6481:29: warning: dereference of noderef expression
kernel/sched/core.c:6488:29: warning: dereference of noderef expression
kernel/sched/core.c:6490:29: warning: dereference of noderef expression
kernel/sched/core.c:6493:29: warning: dereference of noderef expression
kernel/sched/core.c:6494:17: warning: dereference of noderef expression
kernel/sched/core.c:6495:29: warning: dereference of noderef expression
kernel/sched/core.c:6496:17: warning: dereference of noderef expression
kernel/sched/core.c:6497:29: warning: dereference of noderef expression
kernel/sched/core.c:6498:17: warning: dereference of noderef expression
drivers/bus/brcmstb_gisb.c:163:13: warning: symbol 'brcmstb_hook_fault_code' was not declared. Should it be static?
net/core/rtnetlink.c:1969:41: warning: Variable length array is used.
net/core/rtnetlink.c:1970:49: warning: Variable length array is used.
lib/dec_and_lock.c:20:5: warning: context imbalance in '_atomic_dec_and_lock' - different lock contexts for basic block
kernel/sched/clock.c:77:19: warning: symbol 'sched_clock_running' was not declared. Should it be static?
fs/ext4/xattr.c:193:1: warning: symbol 'ext4_xattr_check_names' was not declared. Should it be static?
kernel/sched/cputime.c:304:42: warning: incorrect type in argument 2 (different modifiers)
kernel/sched/cputime.c:304:42:    expected unsigned long [nocast] [usertype] *utime
kernel/sched/cputime.c:304:42:    got unsigned long *<noident>
kernel/sched/cputime.c:304:42: warning: implicit cast to nocast type
kernel/sched/cputime.c:304:50: warning: incorrect type in argument 3 (different modifiers)
kernel/sched/cputime.c:304:50:    expected unsigned long [nocast] [usertype] *stime
kernel/sched/cputime.c:304:50:    got unsigned long *<noident>
kernel/sched/cputime.c:304:50: warning: implicit cast to nocast type
kernel/sched/cputime.c:607:33: warning: implicit cast to nocast type
kernel/sched/cputime.c:609:33: warning: implicit cast to nocast type
kernel/sched/cputime.c:623:26: warning: incorrect type in argument 2 (different modifiers)
kernel/sched/cputime.c:623:26:    expected unsigned long [nocast] [usertype] *utime
kernel/sched/cputime.c:623:26:    got unsigned long *<noident>
kernel/sched/cputime.c:623:26: warning: implicit cast to nocast type
kernel/sched/cputime.c:623:42: warning: incorrect type in argument 3 (different modifiers)
kernel/sched/cputime.c:623:42:    expected unsigned long [nocast] [usertype] *stime
kernel/sched/cputime.c:623:42:    got unsigned long *<noident>
kernel/sched/cputime.c:623:42: warning: implicit cast to nocast type
kernel/sched/cputime.c:312:22: warning: context imbalance in 'thread_group_cputime' - different lock contexts for basic block
drivers/char/mem.c:87:13: warning: symbol 'unxlate_dev_mem_ptr' was not declared. Should it be static?
drivers/char/mem.c:220:12: warning: symbol 'phys_mem_access_prot_allowed' was not declared. Should it be static?
net/core/filter.c:252:33: error: subtraction of functions? Share your drugs
net/core/filter.c:255:33: error: subtraction of functions? Share your drugs
net/core/filter.c:258:33: error: subtraction of functions? Share your drugs
net/core/filter.c:261:33: error: subtraction of functions? Share your drugs
net/core/filter.c:264:33: error: subtraction of functions? Share your drugs
net/core/filter.c:690:30: error: cannot size expression
kernel/sched/fair.c:50:14: warning: symbol 'normalized_sysctl_sched_latency' was not declared. Should it be static?
kernel/sched/fair.c:69:14: warning: symbol 'normalized_sysctl_sched_min_granularity' was not declared. Should it be static?
kernel/sched/fair.c:91:14: warning: symbol 'normalized_sysctl_sched_wakeup_granularity' was not declared. Should it be static?
kernel/sched/fair.c:3844:35: error: marked inline, but without a definition
drivers/char/random.c:1420:25: error: incompatible types in comparison expression (different type sizes)
net/core/dev_ioctl.c:148:32: error: incompatible types in comparison expression (different type sizes)
net/core/dev_ioctl.c:268:24: error: incompatible types in comparison expression (different type sizes)
drivers/clk/clk.c:2171:5: warning: symbol '__clk_get' was not declared. Should it be static?
drivers/clk/clk.c:2182:6: warning: symbol '__clk_put' was not declared. Should it be static?
drivers/clk/clk.c:2555:37: warning: incorrect type in assignment (different modifiers)
drivers/clk/clk.c:2555:37:    expected void ( *[usertype] clk_init_cb )( ... )
drivers/clk/clk.c:2555:37:    got void const *const data
drivers/clk/clk.c:67:22: warning: context imbalance in 'clk_enable_lock' - wrong count at exit
drivers/clk/clk.c:92:9: warning: context imbalance in 'clk_enable_unlock' - unexpected unlock
kernel/sched/rt.c:237:6: warning: symbol 'free_rt_sched_group' was not declared. Should it be static?
kernel/sched/rt.c:239:5: warning: symbol 'alloc_rt_sched_group' was not declared. Should it be static?
kernel/sched/rt.c:601:6: warning: symbol 'sched_rt_bandwidth_account' was not declared. Should it be static?
include/linux/spinlock_api_smp.h:151:27: warning: context imbalance in 'find_lock_lowest_rq' - unexpected unlock
kernel/sched/rt.c:1739:9: warning: context imbalance in 'push_rt_task' - unexpected unlock
include/linux/spinlock_api_smp.h:151:27: warning: context imbalance in 'pull_rt_task' - unexpected unlock
kernel/sched/deadline.c:60:6: warning: symbol 'init_dl_bw' was not declared. Should it be static?
kernel/sched/deadline.c:1015:20: warning: symbol 'pick_next_task_dl' was not declared. Should it be static?
include/linux/spinlock_api_smp.h:151:27: warning: context imbalance in 'find_lock_later_rq' - unexpected unlock
kernel/sched/deadline.c:1370:9: warning: context imbalance in 'push_dl_task' - unexpected unlock
include/linux/spinlock_api_smp.h:151:27: warning: context imbalance in 'pull_dl_task' - unexpected unlock
drivers/clk/clk-divider.c:354:9: warning: context imbalance in 'clk_divider_set_rate' - different lock contexts for basic block
drivers/clk/clk-gate.c:71:9: warning: context imbalance in 'clk_gate_endisable' - different lock contexts for basic block
drivers/clk/clk-mux.c:69:12: warning: context imbalance in 'clk_mux_set_parent' - different lock contexts for basic block
drivers/clk/clk-fractional-divider.c:36:9: warning: context imbalance in 'clk_fd_recalc_rate' - different lock contexts for basic block
drivers/clk/clk-fractional-divider.c:65:12: warning: context imbalance in 'clk_fd_set_rate' - different lock contexts for basic block
lib/vsprintf.c:694:18: warning: Variable length array is used.
lib/vsprintf.c:697:38: error: cannot size expression
drivers/clk/bcm/clk-kona.c:1255:16: warning: odd constant _Bool cast (ffffffffffffffea becomes 1)
drivers/clk/berlin/berlin2-pll.c:94:12: warning: symbol 'berlin2_pll_register' was not declared. Should it be static?
drivers/clk/hisilicon/clkgate-separated.c:48:12: warning: context imbalance in 'clkgate_separated_enable' - different lock contexts for basic block
drivers/clk/hisilicon/clkgate-separated.c:77:9: warning: context imbalance in 'clkgate_separated_disable' - different lock contexts for basic block
drivers/clk/bcm/clk-kona-setup.c:24:1: warning: symbol 'ccu_list' was not declared. Should it be static?
drivers/clk/berlin/berlin2-div.c:90:9: warning: context imbalance in 'berlin2_div_is_enabled' - different lock contexts for basic block
drivers/clk/berlin/berlin2-div.c:93:12: warning: context imbalance in 'berlin2_div_enable' - different lock contexts for basic block
drivers/clk/berlin/berlin2-div.c:125:9: warning: context imbalance in 'berlin2_div_disable' - different lock contexts for basic block
drivers/clk/berlin/berlin2-div.c:129:12: warning: context imbalance in 'berlin2_div_set_parent' - different lock contexts for basic block
drivers/clk/berlin/berlin2-div.c:183:9: warning: context imbalance in 'berlin2_div_get_parent' - different lock contexts for basic block
drivers/clk/berlin/berlin2-div.c:219:9: warning: context imbalance in 'berlin2_div_recalc_rate' - different lock contexts for basic block
kernel/sched/debug.c:243:6: warning: symbol 'print_rt_rq' was not declared. Should it be static?
drivers/clk/keystone/gate.c:118:12: warning: context imbalance in 'keystone_clk_enable' - different lock contexts for basic block
drivers/clk/keystone/gate.c:148:9: warning: context imbalance in 'keystone_clk_disable' - different lock contexts for basic block
kernel/time/hrtimer.c:67:1: warning: symbol 'hrtimer_bases' was not declared. Should it be static?
kernel/time/hrtimer.c:152:27: warning: context imbalance in 'lock_hrtimer_base' - wrong count at exit
kernel/time/hrtimer.c:979:25: warning: context imbalance in '__hrtimer_start_range_ns' - unexpected unlock
kernel/time/hrtimer.c:778:9: warning: context imbalance in 'hrtimer_try_to_cancel' - unexpected unlock
kernel/time/hrtimer.c:1084:9: warning: context imbalance in 'hrtimer_get_remaining' - unexpected unlock
drivers/clk/rockchip/clk-rk3188.c:28:32: warning: symbol 'rk3188_pll_rates' was not declared. Should it be static?
drivers/clk/rockchip/clk-rk3288.c:29:32: warning: symbol 'rk3288_pll_rates' was not declared. Should it be static?
drivers/clk/sirf/clk-common.c:60:16: warning: incorrect type in argument 1 (different address spaces)
drivers/clk/sirf/clk-common.c:60:16:    expected void const volatile [noderef] <asn:2>*addr
drivers/clk/sirf/clk-common.c:60:16:    got void *
drivers/clk/sirf/clk-common.c:60:16: warning: incorrect type in argument 1 (different address spaces)
drivers/clk/sirf/clk-common.c:60:16:    expected void const volatile [noderef] <asn:2>*addr
drivers/clk/sirf/clk-common.c:60:16:    got void *
drivers/clk/sirf/clk-common.c:65:9: warning: incorrect type in argument 2 (different address spaces)
drivers/clk/sirf/clk-common.c:65:9:    expected void volatile [noderef] <asn:2>*addr
drivers/clk/sirf/clk-common.c:65:9:    got void *
drivers/clk/sirf/clk-common.c:60:16: warning: incorrect type in argument 1 (different address spaces)
drivers/clk/sirf/clk-common.c:60:16:    expected void const volatile [noderef] <asn:2>*addr
drivers/clk/sirf/clk-common.c:60:16:    got void *
drivers/clk/sirf/clk-common.c:65:9: warning: incorrect type in argument 2 (different address spaces)
drivers/clk/sirf/clk-common.c:65:9:    expected void volatile [noderef] <asn:2>*addr
drivers/clk/sirf/clk-common.c:65:9:    got void *
drivers/clk/sirf/clk-common.c:60:16: warning: incorrect type in argument 1 (different address spaces)
drivers/clk/sirf/clk-common.c:60:16:    expected void const volatile [noderef] <asn:2>*addr
drivers/clk/sirf/clk-common.c:60:16:    got void *
drivers/clk/sirf/clk-common.c:60:16: warning: incorrect type in argument 1 (different address spaces)
drivers/clk/sirf/clk-common.c:60:16:    expected void const volatile [noderef] <asn:2>*addr
drivers/clk/sirf/clk-common.c:60:16:    got void *
drivers/clk/sirf/clk-common.c:65:9: warning: incorrect type in argument 2 (different address spaces)
drivers/clk/sirf/clk-common.c:65:9:    expected void volatile [noderef] <asn:2>*addr
drivers/clk/sirf/clk-common.c:65:9:    got void *
drivers/clk/sirf/clk-common.c:65:9: warning: incorrect type in argument 2 (different address spaces)
drivers/clk/sirf/clk-common.c:65:9:    expected void volatile [noderef] <asn:2>*addr
drivers/clk/sirf/clk-common.c:65:9:    got void *
drivers/clk/sirf/clk-common.c:60:16: warning: incorrect type in argument 1 (different address spaces)
drivers/clk/sirf/clk-common.c:60:16:    expected void const volatile [noderef] <asn:2>*addr
drivers/clk/sirf/clk-common.c:60:16:    got void *
drivers/clk/sirf/clk-common.c:243:19: warning: incorrect type in argument 1 (different address spaces)
drivers/clk/sirf/clk-common.c:243:19:    expected void const volatile [noderef] <asn:2>*addr
drivers/clk/sirf/clk-common.c:243:19:    got void *
drivers/clk/sirf/clk-common.c:245:9: warning: incorrect type in argument 2 (different address spaces)
drivers/clk/sirf/clk-common.c:245:9:    expected void volatile [noderef] <asn:2>*addr
drivers/clk/sirf/clk-common.c:245:9:    got void *
drivers/clk/sirf/clk-common.c:246:18: warning: incorrect type in argument 1 (different address spaces)
drivers/clk/sirf/clk-common.c:246:18:    expected void const volatile [noderef] <asn:2>*addr
drivers/clk/sirf/clk-common.c:246:18:    got void *
drivers/clk/sirf/clk-common.c:255:19: warning: incorrect type in argument 1 (different address spaces)
drivers/clk/sirf/clk-common.c:255:19:    expected void const volatile [noderef] <asn:2>*addr
drivers/clk/sirf/clk-common.c:255:19:    got void *
drivers/clk/sirf/clk-common.c:257:9: warning: incorrect type in argument 2 (different address spaces)
drivers/clk/sirf/clk-common.c:257:9:    expected void volatile [noderef] <asn:2>*addr
drivers/clk/sirf/clk-common.c:257:9:    got void *
drivers/clk/sirf/clk-common.c:262:19: warning: incorrect type in argument 1 (different address spaces)
drivers/clk/sirf/clk-common.c:262:19:    expected void const volatile [noderef] <asn:2>*addr
drivers/clk/sirf/clk-common.c:262:19:    got void *
drivers/clk/sirf/clk-common.c:60:16: warning: incorrect type in argument 1 (different address spaces)
drivers/clk/sirf/clk-common.c:60:16:    expected void const volatile [noderef] <asn:2>*addr
drivers/clk/sirf/clk-common.c:60:16:    got void *
drivers/clk/sirf/clk-common.c:60:16: warning: incorrect type in argument 1 (different address spaces)
drivers/clk/sirf/clk-common.c:60:16:    expected void const volatile [noderef] <asn:2>*addr
drivers/clk/sirf/clk-common.c:60:16:    got void *
drivers/clk/sirf/clk-common.c:65:9: warning: incorrect type in argument 2 (different address spaces)
drivers/clk/sirf/clk-common.c:65:9:    expected void volatile [noderef] <asn:2>*addr
drivers/clk/sirf/clk-common.c:65:9:    got void *
drivers/clk/sirf/clk-common.c:60:16: warning: incorrect type in argument 1 (different address spaces)
drivers/clk/sirf/clk-common.c:60:16:    expected void const volatile [noderef] <asn:2>*addr
drivers/clk/sirf/clk-common.c:60:16:    got void *
drivers/clk/sirf/clk-common.c:60:16: warning: incorrect type in argument 1 (different address spaces)
drivers/clk/sirf/clk-common.c:60:16:    expected void const volatile [noderef] <asn:2>*addr
drivers/clk/sirf/clk-common.c:60:16:    got void *
drivers/clk/sirf/clk-common.c:60:16: warning: incorrect type in argument 1 (different address spaces)
drivers/clk/sirf/clk-common.c:60:16:    expected void const volatile [noderef] <asn:2>*addr
drivers/clk/sirf/clk-common.c:60:16:    got void *
drivers/clk/sirf/clk-common.c:65:9: warning: incorrect type in argument 2 (different address spaces)
drivers/clk/sirf/clk-common.c:65:9:    expected void volatile [noderef] <asn:2>*addr
drivers/clk/sirf/clk-common.c:65:9:    got void *
drivers/clk/sirf/clk-common.c:60:16: warning: incorrect type in argument 1 (different address spaces)
drivers/clk/sirf/clk-common.c:60:16:    expected void const volatile [noderef] <asn:2>*addr
drivers/clk/sirf/clk-common.c:60:16:    got void *
drivers/clk/sirf/clk-prima2.c:123:27: warning: incorrect type in assignment (different address spaces)
drivers/clk/sirf/clk-prima2.c:123:27:    expected void *static [toplevel] sirfsoc_rsc_vbase
drivers/clk/sirf/clk-prima2.c:123:27:    got void [noderef] <asn:2>*
drivers/clk/sirf/clk-prima2.c:128:27: warning: incorrect type in assignment (different address spaces)
drivers/clk/sirf/clk-prima2.c:128:27:    expected void *static [toplevel] sirfsoc_clk_vbase
drivers/clk/sirf/clk-prima2.c:128:27:    got void [noderef] <asn:2>*
fs/jbd2/transaction.c:190:17: warning: context imbalance in 'add_transaction_credits' - unexpected unlock
fs/jbd2/transaction.c:306:9: warning: context imbalance in 'start_this_handle' - different lock contexts for basic block
fs/jbd2/transaction.c:1102:20: warning: context imbalance in 'jbd2_journal_get_create_access' - different lock contexts for basic block
drivers/clk/samsung/clk-exynos5260.c:178:13: warning: symbol 'exynos5260_cmu_register_one' was not declared. Should it be static?
drivers/clk/samsung/clk-exynos5260.c:230:26: warning: symbol 'aud_mux_clks' was not declared. Should it be static?
drivers/clk/samsung/clk-exynos5260.c:239:26: warning: symbol 'aud_div_clks' was not declared. Should it be static?
drivers/clk/samsung/clk-exynos5260.c:251:27: warning: symbol 'aud_gate_clks' was not declared. Should it be static?
drivers/clk/samsung/clk-exynos5260.c:271:43: warning: Using plain integer as NULL pointer
drivers/clk/samsung/clk-exynos5260.c:339:26: warning: symbol 'disp_mux_clks' was not declared. Should it be static?
drivers/clk/samsung/clk-exynos5260.c:408:26: warning: symbol 'disp_div_clks' was not declared. Should it be static?
drivers/clk/sirf/clk-common.c:60:16: warning: incorrect type in argument 1 (different address spaces)
drivers/clk/sirf/clk-common.c:60:16:    expected void const volatile [noderef] <asn:2>*addr
drivers/clk/sirf/clk-common.c:60:16:    got void *
drivers/clk/sirf/clk-common.c:60:16: warning: incorrect type in argument 1 (different address spaces)
drivers/clk/samsung/clk-exynos5260.c:421:27: warning: symbol 'disp_gate_clks' was not declared. Should it be static?
drivers/clk/sirf/clk-common.c:60:16:    expected void const volatile [noderef] <asn:2>*addr
drivers/clk/samsung/clk-exynos5260.c:461:43: warning: Using plain integer as NULL pointer
drivers/clk/sirf/clk-common.c:60:16:    got void *
drivers/clk/sirf/clk-common.c:65:9: warning: incorrect type in argument 2 (different address spaces)
drivers/clk/sirf/clk-common.c:65:9:    expected void volatile [noderef] <asn:2>*addr
drivers/clk/samsung/clk-exynos5260.c:499:26: warning: symbol 'egl_mux_clks' was not declared. Should it be static?
drivers/clk/sirf/clk-common.c:65:9:    got void *
drivers/clk/sirf/clk-common.c:60:16: warning: incorrect type in argument 1 (different address spaces)
drivers/clk/sirf/clk-common.c:60:16:    expected void const volatile [noderef] <asn:2>*addr
drivers/clk/samsung/clk-exynos5260.c:505:26: warning: symbol 'egl_div_clks' was not declared. Should it be static?
drivers/clk/sirf/clk-common.c:60:16:    got void *
drivers/clk/samsung/clk-exynos5260.c:525:43: warning: Using plain integer as NULL pointer
drivers/clk/sirf/clk-common.c:65:9: warning: incorrect type in argument 2 (different address spaces)
drivers/clk/sirf/clk-common.c:65:9:    expected void volatile [noderef] <asn:2>*addr
drivers/clk/sirf/clk-common.c:65:9:    got void *
drivers/clk/sirf/clk-common.c:60:16: warning: incorrect type in argument 1 (different address spaces)
drivers/clk/sirf/clk-common.c:60:16:    expected void const volatile [noderef] <asn:2>*addr
drivers/clk/sirf/clk-common.c:60:16:    got void *
drivers/clk/samsung/clk-exynos5260.c:569:26: warning: symbol 'fsys_mux_clks' was not declared. Should it be static?
drivers/clk/sirf/clk-common.c:60:16: warning: incorrect type in argument 1 (different address spaces)
drivers/clk/sirf/clk-common.c:60:16:    expected void const volatile [noderef] <asn:2>*addr
drivers/clk/sirf/clk-common.c:60:16:    got void *
drivers/clk/samsung/clk-exynos5260.c:592:27: warning: symbol 'fsys_gate_clks' was not declared. Should it be static?
drivers/clk/samsung/clk-exynos5260.c:627:43: warning: Using plain integer as NULL pointer
drivers/clk/samsung/clk-exynos5260.c:673:26: warning: symbol 'g2d_mux_clks' was not declared. Should it be static?
drivers/clk/samsung/clk-exynos5260.c:679:26: warning: symbol 'g2d_div_clks' was not declared. Should it be static?
drivers/clk/sirf/clk-common.c:65:9: warning: incorrect type in argument 2 (different address spaces)
drivers/clk/sirf/clk-common.c:65:9:    expected void volatile [noderef] <asn:2>*addr
drivers/clk/sirf/clk-common.c:65:9:    got void *
drivers/clk/samsung/clk-exynos5260.c:684:27: warning: symbol 'g2d_gate_clks' was not declared. Should it be static?
drivers/clk/samsung/clk-exynos5260.c:716:43: warning: Using plain integer as NULL pointer
drivers/clk/sirf/clk-common.c:65:9: warning: incorrect type in argument 2 (different address spaces)
drivers/clk/sirf/clk-common.c:65:9:    expected void volatile [noderef] <asn:2>*addr
drivers/clk/sirf/clk-common.c:65:9:    got void *
drivers/clk/samsung/clk-exynos5260.c:753:26: warning: symbol 'g3d_mux_clks' was not declared. Should it be static?
drivers/clk/sirf/clk-common.c:60:16: warning: incorrect type in argument 1 (different address spaces)
drivers/clk/samsung/clk-exynos5260.c:758:26: warning: symbol 'g3d_div_clks' was not declared. Should it be static?
drivers/clk/sirf/clk-common.c:60:16:    expected void const volatile [noderef] <asn:2>*addr
drivers/clk/sirf/clk-common.c:60:16:    got void *
drivers/clk/samsung/clk-exynos5260.c:763:27: warning: symbol 'g3d_gate_clks' was not declared. Should it be static?
drivers/clk/samsung/clk-exynos5260.c:777:43: warning: Using plain integer as NULL pointer
drivers/clk/sirf/clk-common.c:243:19: warning: incorrect type in argument 1 (different address spaces)
drivers/clk/sirf/clk-common.c:243:19:    expected void const volatile [noderef] <asn:2>*addr
drivers/clk/sirf/clk-common.c:243:19:    got void *
drivers/clk/samsung/clk-exynos5260.c:830:26: warning: symbol 'gscl_mux_clks' was not declared. Should it be static?
drivers/clk/samsung/clk-exynos5260.c:844:26: warning: symbol 'gscl_div_clks' was not declared. Should it be static?
drivers/clk/sirf/clk-common.c:245:9: warning: incorrect type in argument 2 (different address spaces)
drivers/clk/sirf/clk-common.c:245:9:    expected void volatile [noderef] <asn:2>*addr
drivers/clk/sirf/clk-common.c:245:9:    got void *
drivers/clk/sirf/clk-common.c:246:18: warning: incorrect type in argument 1 (different address spaces)
drivers/clk/sirf/clk-common.c:246:18:    expected void const volatile [noderef] <asn:2>*addr
drivers/clk/sirf/clk-common.c:246:18:    got void *
drivers/clk/sirf/clk-common.c:255:19: warning: incorrect type in argument 1 (different address spaces)
drivers/clk/sirf/clk-common.c:255:19:    expected void const volatile [noderef] <asn:2>*addr
drivers/clk/sirf/clk-common.c:255:19:    got void *
drivers/clk/sirf/clk-common.c:257:9: warning: incorrect type in argument 2 (different address spaces)
drivers/clk/sirf/clk-common.c:257:9:    expected void volatile [noderef] <asn:2>*addr
drivers/clk/sirf/clk-common.c:257:9:    got void *
drivers/clk/samsung/clk-exynos5260.c:853:27: warning: symbol 'gscl_gate_clks' was not declared. Should it be static?
drivers/clk/samsung/clk-exynos5260.c:912:43: warning: Using plain integer as NULL pointer
drivers/clk/sirf/clk-common.c:262:19: warning: incorrect type in argument 1 (different address spaces)
drivers/clk/sirf/clk-common.c:262:19:    expected void const volatile [noderef] <asn:2>*addr
drivers/clk/sirf/clk-common.c:262:19:    got void *
drivers/clk/samsung/clk-exynos5260.c:949:26: warning: symbol 'isp_mux_clks' was not declared. Should it be static?
drivers/clk/sirf/clk-common.c:60:16: warning: incorrect type in argument 1 (different address spaces)
drivers/clk/sirf/clk-common.c:60:16:    expected void const volatile [noderef] <asn:2>*addr
drivers/clk/samsung/clk-exynos5260.c:956:26: warning: symbol 'isp_div_clks' was not declared. Should it be static?
drivers/clk/sirf/clk-common.c:60:16:    got void *
drivers/clk/sirf/clk-common.c:60:16: warning: incorrect type in argument 1 (different address spaces)
drivers/clk/sirf/clk-common.c:60:16:    expected void const volatile [noderef] <asn:2>*addr
drivers/clk/sirf/clk-common.c:60:16:    got void *
drivers/clk/sirf/clk-common.c:65:9: warning: incorrect type in argument 2 (different address spaces)
drivers/clk/sirf/clk-common.c:65:9:    expected void volatile [noderef] <asn:2>*addr
drivers/clk/sirf/clk-common.c:65:9:    got void *
drivers/clk/sirf/clk-common.c:60:16: warning: incorrect type in argument 1 (different address spaces)
drivers/clk/samsung/clk-exynos5260.c:968:27: warning: symbol 'isp_gate_clks' was not declared. Should it be static?
drivers/clk/sirf/clk-common.c:60:16:    expected void const volatile [noderef] <asn:2>*addr
drivers/clk/samsung/clk-exynos5260.c:1031:43: warning: Using plain integer as NULL pointer
drivers/clk/sirf/clk-common.c:60:16:    got void *
drivers/clk/sirf/clk-common.c:60:16: warning: incorrect type in argument 1 (different address spaces)
drivers/clk/sirf/clk-common.c:60:16:    expected void const volatile [noderef] <asn:2>*addr
drivers/clk/sirf/clk-common.c:60:16:    got void *
drivers/clk/samsung/clk-exynos5260.c:1070:26: warning: symbol 'kfc_mux_clks' was not declared. Should it be static?
drivers/clk/samsung/clk-exynos5260.c:1076:26: warning: symbol 'kfc_div_clks' was not declared. Should it be static?
drivers/clk/sirf/clk-common.c:60:16: warning: incorrect type in argument 1 (different address spaces)
drivers/clk/samsung/clk-exynos5260.c:1095:43: warning: Using plain integer as NULL pointer
drivers/clk/sirf/clk-common.c:60:16:    expected void const volatile [noderef] <asn:2>*addr
drivers/clk/sirf/clk-common.c:60:16:    got void *
drivers/clk/sirf/clk-common.c:65:9: warning: incorrect type in argument 2 (different address spaces)
drivers/clk/samsung/clk-exynos5260.c:1129:26: warning: symbol 'mfc_mux_clks' was not declared. Should it be static?
drivers/clk/sirf/clk-common.c:65:9:    expected void volatile [noderef] <asn:2>*addr
drivers/clk/sirf/clk-common.c:65:9:    got void *
drivers/clk/samsung/clk-exynos5260.c:1135:26: warning: symbol 'mfc_div_clks' was not declared. Should it be static?
drivers/clk/sirf/clk-common.c:60:16: warning: incorrect type in argument 1 (different address spaces)
drivers/clk/samsung/clk-exynos5260.c:1140:27: warning: symbol 'mfc_gate_clks' was not declared. Should it be static?
drivers/clk/sirf/clk-common.c:60:16:    expected void const volatile [noderef] <asn:2>*addr
drivers/clk/samsung/clk-exynos5260.c:1151:43: warning: Using plain integer as NULL pointer
drivers/clk/sirf/clk-common.c:60:16:    got void *
drivers/clk/samsung/clk-exynos5260.c:1214:26: warning: symbol 'mif_mux_clks' was not declared. Should it be static?
drivers/clk/samsung/clk-exynos5260.c:1231:26: warning: symbol 'mif_div_clks' was not declared. Should it be static?
drivers/clk/samsung/clk-exynos5260.c:1250:27: warning: symbol 'mif_gate_clks' was not declared. Should it be static?
drivers/clk/samsung/clk-exynos5260.c:1298:43: warning: Using plain integer as NULL pointer
drivers/clk/samsung/clk-exynos5260.c:1357:26: warning: symbol 'peri_mux_clks' was not declared. Should it be static?
drivers/clk/samsung/clk-exynos5260.c:1366:26: warning: symbol 'peri_div_clks' was not declared. Should it be static?
drivers/clk/sirf/clk-atlas6.c:124:27: warning: incorrect type in assignment (different address spaces)
drivers/clk/sirf/clk-atlas6.c:124:27:    expected void *static [toplevel] sirfsoc_rsc_vbase
drivers/clk/sirf/clk-atlas6.c:124:27:    got void [noderef] <asn:2>*
drivers/clk/sirf/clk-atlas6.c:129:27: warning: incorrect type in assignment (different address spaces)
drivers/clk/sirf/clk-atlas6.c:129:27:    expected void *static [toplevel] sirfsoc_clk_vbase
drivers/clk/sirf/clk-atlas6.c:129:27:    got void [noderef] <asn:2>*
drivers/clk/samsung/clk-exynos5260.c:1371:27: warning: symbol 'peri_gate_clks' was not declared. Should it be static?
drivers/clk/samsung/clk-exynos5260.c:1506:43: warning: Using plain integer as NULL pointer
drivers/clk/samsung/clk-exynos5260.c:1568:33: warning: symbol 'fixed_rate_clks' was not declared. Should it be static?
drivers/clk/samsung/clk-exynos5260.c:1655:26: warning: symbol 'top_mux_clks' was not declared. Should it be static?
drivers/clk/samsung/clk-exynos5260.c:1815:26: warning: symbol 'top_div_clks' was not declared. Should it be static?
drivers/clk/samsung/clk-exynos5260.c:1936:27: warning: symbol 'top_gate_clks' was not declared. Should it be static?
drivers/clk/samsung/clk-exynos5260.c:1962:43: warning: Using plain integer as NULL pointer
drivers/clk/socfpga/clk-gate.c:115:22: warning: cast removes address space of expression
drivers/clk/socfpga/clk-gate.c:227:40: warning: Using plain integer as NULL pointer
kernel/time/itimer.c:126:59: warning: implicit cast to nocast type
kernel/time/itimer.c:167:55: warning: incorrect type in argument 3 (different modifiers)
kernel/time/itimer.c:167:55:    expected unsigned long [nocast] [usertype] *newval
kernel/time/itimer.c:167:55:    got unsigned long *<noident>
kernel/time/itimer.c:167:55: warning: implicit cast to nocast type
kernel/time/itimer.c:167:62: warning: incorrect type in argument 4 (different modifiers)
kernel/time/itimer.c:167:62:    expected unsigned long [nocast] [usertype] *oldval
kernel/time/itimer.c:167:62:    got unsigned long *<noident>
kernel/time/itimer.c:167:62: warning: implicit cast to nocast type
kernel/time/itimer.c:226:56: warning: implicit cast to nocast type
drivers/clk/samsung/clk-exynos5420.c:506:26: warning: symbol 'exynos5800_mux_clks' was not declared. Should it be static?
drivers/clk/samsung/clk-exynos5420.c:555:26: warning: symbol 'exynos5800_div_clks' was not declared. Should it be static?
drivers/clk/samsung/clk-exynos5420.c:571:27: warning: symbol 'exynos5800_gate_clks' was not declared. Should it be static?
drivers/clk/samsung/clk-exynos5420.c:578:26: warning: symbol 'exynos5420_mux_clks' was not declared. Should it be static?
drivers/clk/samsung/clk-exynos5420.c:608:26: warning: symbol 'exynos5420_div_clks' was not declared. Should it be static?
drivers/clk/spear/clk-aux-synth.c:80:9: warning: context imbalance in 'clk_aux_recalc_rate' - different lock contexts for basic block
drivers/clk/spear/clk-aux-synth.c:99:12: warning: context imbalance in 'clk_aux_set_rate' - different lock contexts for basic block
drivers/clk/socfpga/clk-periph.c:79:39: warning: Using plain integer as NULL pointer
kernel/time/posix-timers.c:398:9: warning: context imbalance in 'do_schedule_next_timer' - different lock contexts for basic block
kernel/time/posix-timers.c:688:24: warning: context imbalance in '__lock_timer' - different lock contexts for basic block
drivers/clk/spear/clk-frac-synth.c:83:9: warning: context imbalance in 'clk_frac_recalc_rate' - different lock contexts for basic block
drivers/clk/spear/clk-frac-synth.c:95:12: warning: context imbalance in 'clk_frac_set_rate' - different lock contexts for basic block
drivers/clk/st/clkgen-mux.c:134:4: warning: symbol 'clkgena_divmux_get_parent' was not declared. Should it be static?
drivers/clk/st/clkgen-mux.c:171:15: warning: symbol 'clkgena_divmux_recalc_rate' was not declared. Should it be static?
drivers/clk/st/clkgen-mux.c:218:12: warning: symbol 'clk_register_genamux' was not declared. Should it be static?
drivers/clk/st/clkgen-mux.c:388:13: warning: symbol 'st_of_clkgena_divmux_setup' was not declared. Should it be static?
drivers/clk/st/clkgen-mux.c:488:13: warning: symbol 'st_of_clkgena_prediv_setup' was not declared. Should it be static?
drivers/clk/st/clkgen-mux.c:625:13: warning: symbol 'st_of_clkgen_mux_setup' was not declared. Should it be static?
drivers/clk/st/clkgen-mux.c:702:13: warning: symbol 'st_of_clkgen_vcc_setup' was not declared. Should it be static?
drivers/clk/sunxi/clk-sunxi.c:406:6: warning: symbol 'clk_sunxi_mmc_phase_control' was not declared. Should it be static?
drivers/clk/sunxi/clk-sunxi.c:872:29: warning: excessive elements in array initializer
drivers/clk/sunxi/clk-sunxi.c:876:30: warning: excessive elements in array initializer
drivers/clk/sunxi/clk-sunxi.c:880:30: warning: excessive elements in array initializer
drivers/clk/sunxi/clk-sunxi.c:884:30: warning: excessive elements in array initializer
drivers/clk/sunxi/clk-sunxi.c:888:31: warning: excessive elements in array initializer
drivers/clk/sunxi/clk-sunxi.c:892:30: warning: excessive elements in array initializer
drivers/clk/sunxi/clk-sunxi.c:433:9: warning: context imbalance in 'clk_sunxi_mmc_phase_control' - different lock contexts for basic block
drivers/clk/spear/clk-gpt-synth.c:70:9: warning: context imbalance in 'clk_gpt_recalc_rate' - different lock contexts for basic block
drivers/clk/spear/clk-gpt-synth.c:80:12: warning: context imbalance in 'clk_gpt_set_rate' - different lock contexts for basic block
drivers/clk/st/clkgen-pll.c:273:15: warning: symbol 'recalc_stm_pll800c65' was not declared. Should it be static?
drivers/clk/st/clkgen-pll.c:300:15: warning: symbol 'recalc_stm_pll1600c65' was not declared. Should it be static?
drivers/clk/st/clkgen-pll.c:324:15: warning: symbol 'recalc_stm_pll3200c32' was not declared. Should it be static?
drivers/clk/st/clkgen-pll.c:346:15: warning: symbol 'recalc_stm_pll1200c32' was not declared. Should it be static?
drivers/clk/st/clkgen-pll.c:565:19: warning: incorrect type in assignment (different address spaces)
drivers/clk/st/clkgen-pll.c:565:19:    expected void [noderef] <asn:2>*reg
drivers/clk/st/clkgen-pll.c:565:19:    got void *
drivers/clk/st/clkgen-pll.c:576:18: warning: incorrect type in assignment (different address spaces)
drivers/clk/st/clkgen-pll.c:576:18:    expected void [noderef] <asn:2>*reg
drivers/clk/st/clkgen-pll.c:576:18:    got void *
drivers/clk/st/clkgen-pll.c:693:53: warning: incorrect type in argument 2 (different address spaces)
drivers/clk/st/clkgen-pll.c:693:53:    expected void *[noderef] <asn:2>reg
drivers/clk/st/clkgen-pll.c:693:53:    got void [noderef] <asn:2>*[assigned] pll_base
drivers/clk/spear/clk-vco-pll.c:139:9: warning: context imbalance in 'clk_pll_recalc_rate' - different lock contexts for basic block
drivers/clk/spear/clk-vco-pll.c:144:12: warning: context imbalance in 'clk_pll_set_rate' - different lock contexts for basic block
drivers/clk/spear/clk-vco-pll.c:209:9: warning: context imbalance in 'clk_vco_recalc_rate' - different lock contexts for basic block
drivers/clk/spear/clk-vco-pll.c:230:12: warning: context imbalance in 'clk_vco_set_rate' - different lock contexts for basic block
kernel/time/posix-cpu-timers.c:27:53: warning: incorrect type in argument 3 (different modifiers)
kernel/time/posix-cpu-timers.c:27:53:    expected unsigned long [nocast] [usertype] *newval
kernel/time/posix-cpu-timers.c:27:53:    got unsigned long *<noident>
kernel/time/posix-cpu-timers.c:27:53: warning: implicit cast to nocast type
kernel/time/posix-cpu-timers.c:130:26: warning: incorrect type in argument 2 (different modifiers)
kernel/time/posix-cpu-timers.c:130:26:    expected unsigned long [nocast] [usertype] *utime
kernel/time/posix-cpu-timers.c:130:26:    got unsigned long *<noident>
kernel/time/posix-cpu-timers.c:130:26: warning: implicit cast to nocast type
kernel/time/posix-cpu-timers.c:130:34: warning: incorrect type in argument 3 (different modifiers)
kernel/time/posix-cpu-timers.c:130:34:    expected unsigned long [nocast] [usertype] *stime
kernel/time/posix-cpu-timers.c:130:34:    got unsigned long *<noident>
kernel/time/posix-cpu-timers.c:130:34: warning: implicit cast to nocast type
kernel/time/posix-cpu-timers.c:138:26: warning: incorrect type in argument 2 (different modifiers)
kernel/time/posix-cpu-timers.c:138:26:    expected unsigned long [nocast] [usertype] *utime
kernel/time/posix-cpu-timers.c:138:26:    got unsigned long *<noident>
kernel/time/posix-cpu-timers.c:138:26: warning: implicit cast to nocast type
kernel/time/posix-cpu-timers.c:130:26: warning: incorrect type in argument 2 (different modifiers)
kernel/time/posix-cpu-timers.c:130:26:    expected unsigned long [nocast] [usertype] *utime
kernel/time/posix-cpu-timers.c:130:26:    got unsigned long *<noident>
kernel/time/posix-cpu-timers.c:130:26: warning: implicit cast to nocast type
kernel/time/posix-cpu-timers.c:130:34: warning: incorrect type in argument 3 (different modifiers)
kernel/time/posix-cpu-timers.c:130:34:    expected unsigned long [nocast] [usertype] *stime
kernel/time/posix-cpu-timers.c:130:34:    got unsigned long *<noident>
kernel/time/posix-cpu-timers.c:130:34: warning: implicit cast to nocast type
kernel/time/posix-cpu-timers.c:138:26: warning: incorrect type in argument 2 (different modifiers)
kernel/time/posix-cpu-timers.c:138:26:    expected unsigned long [nocast] [usertype] *utime
kernel/time/posix-cpu-timers.c:138:26:    got unsigned long *<noident>
kernel/time/posix-cpu-timers.c:138:26: warning: implicit cast to nocast type
kernel/time/posix-cpu-timers.c:904:27: warning: implicit cast from nocast type
kernel/time/posix-cpu-timers.c:913:39: warning: implicit cast to nocast type
kernel/time/posix-cpu-timers.c:918:62: warning: implicit cast to nocast type
kernel/time/posix-cpu-timers.c:922:44: warning: implicit cast from nocast type
kernel/time/posix-cpu-timers.c:923:30: warning: implicit cast from nocast type
kernel/time/posix-cpu-timers.c:986:38: warning: implicit cast from nocast type
kernel/time/posix-cpu-timers.c:987:40: warning: implicit cast from nocast type
kernel/time/posix-cpu-timers.c:1100:28: warning: incorrect type in argument 2 (different modifiers)
kernel/time/posix-cpu-timers.c:1100:28:    expected unsigned long [nocast] [usertype] *utime
kernel/time/posix-cpu-timers.c:1100:28:    got unsigned long *<noident>
kernel/time/posix-cpu-timers.c:1100:28: warning: implicit cast to nocast type
kernel/time/posix-cpu-timers.c:1100:36: warning: incorrect type in argument 3 (different modifiers)
kernel/time/posix-cpu-timers.c:1100:36:    expected unsigned long [nocast] [usertype] *stime
kernel/time/posix-cpu-timers.c:1100:36:    got unsigned long *<noident>
kernel/time/posix-cpu-timers.c:1100:36: warning: implicit cast to nocast type
kernel/time/posix-cpu-timers.c:1216:29: warning: implicit cast from nocast type
kernel/time/posix-cpu-timers.c:1220:44: warning: implicit cast to nocast type
kernel/time/posix-cpu-timers.c:1226:28: warning: implicit cast to nocast type
drivers/clk/sunxi/clk-factors.c:115:12: warning: context imbalance in 'clk_factors_set_rate' - different lock contexts for basic block
drivers/clk/spear/spear1310_clock.c:386:13: warning: symbol 'spear1310_clk_init' was not declared. Should it be static?
drivers/clk/st/clkgen-fsyn.c:495:5: warning: symbol 'clk_fs660c32_vco_get_rate' was not declared. Should it be static?
drivers/clk/st/clkgen-fsyn.c:522:5: warning: symbol 'clk_fs660c32_vco_get_params' was not declared. Should it be static?
drivers/clk/st/clkgen-fsyn.c:456:9: warning: context imbalance in 'quadfs_pll_enable' - different lock contexts for basic block
drivers/clk/st/clkgen-fsyn.c:483:9: warning: context imbalance in 'quadfs_pll_disable' - different lock contexts for basic block
drivers/clk/st/clkgen-fsyn.c:599:9: warning: context imbalance in 'quadfs_pll_fs660c32_set_rate' - different lock contexts for basic block
drivers/clk/st/clkgen-fsyn.c:738:9: warning: context imbalance in 'quadfs_fsynth_program_rate' - different lock contexts for basic block
drivers/clk/st/clkgen-fsyn.c:762:9: warning: context imbalance in 'quadfs_fsynth_enable' - different lock contexts for basic block
drivers/clk/st/clkgen-fsyn.c:779:9: warning: context imbalance in 'quadfs_fsynth_disable' - different lock contexts for basic block
include/linux/spinlock_api_smp.h:151:27: warning: context imbalance in '__jbd2_log_wait_for_space' - unexpected unlock
drivers/clk/spear/spear1340_clock.c:443:13: warning: symbol 'spear1340_clk_init' was not declared. Should it be static?
drivers/clk/st/clk-flexgen.c:119:15: warning: symbol 'flexgen_recalc_rate' was not declared. Should it be static?
drivers/clk/st/clk-flexgen.c:166:12: warning: symbol 'clk_register_flexgen' was not declared. Should it be static?
drivers/clk/st/clk-flexgen.c:252:13: warning: symbol 'st_of_flexgen_setup' was not declared. Should it be static?
drivers/clk/tegra/clk-divider.c:141:9: warning: context imbalance in 'clk_frac_div_set_rate' - different lock contexts for basic block
drivers/clk/tegra/clk-pll.c:326:12: warning: context imbalance in 'clk_pll_enable' - different lock contexts for basic block
drivers/clk/tegra/clk-pll.c:355:9: warning: context imbalance in 'clk_pll_disable' - different lock contexts for basic block
drivers/clk/tegra/clk-pll.c:623:9: warning: context imbalance in 'clk_pll_set_rate' - different lock contexts for basic block
drivers/clk/tegra/clk-pll.c:872:12: warning: context imbalance in 'clk_pll_iddq_enable' - different lock contexts for basic block
drivers/clk/tegra/clk-pll.c:914:9: warning: context imbalance in 'clk_pll_iddq_disable' - different lock contexts for basic block
drivers/clk/tegra/clk-pll.c:999:9: warning: context imbalance in 'clk_pllxc_set_rate' - different lock contexts for basic block
drivers/clk/tegra/clk-pll.c:1054:9: warning: context imbalance in 'clk_pllm_set_rate' - different lock contexts for basic block
drivers/clk/tegra/clk-pll.c:1070:12: warning: context imbalance in 'clk_pllc_enable' - different lock contexts for basic block
drivers/clk/tegra/clk-pll.c:1121:9: warning: context imbalance in 'clk_pllc_disable' - different lock contexts for basic block
drivers/clk/tegra/clk-pll.c:1201:9: warning: context imbalance in 'clk_pllc_set_rate' - different lock contexts for basic block
drivers/clk/tegra/clk-pll.c:1255:9: warning: context imbalance in 'clk_pllre_set_rate' - different lock contexts for basic block
drivers/clk/tegra/clk-pll.c:1387:9: warning: context imbalance in 'clk_plle_tegra114_enable' - different lock contexts for basic block
drivers/clk/tegra/clk-pll.c:1406:9: warning: context imbalance in 'clk_plle_tegra114_disable' - different lock contexts for basic block
drivers/clk/ti/divider.c:211:12: warning: context imbalance in 'ti_clk_divider_set_rate' - different lock contexts for basic block
kernel/time/jiffies.c:107:20: warning: symbol 'refined_jiffies' was not declared. Should it be static?
drivers/clk/tegra/clk-pll-out.c:42:12: warning: context imbalance in 'clk_pll_out_enable' - different lock contexts for basic block
drivers/clk/tegra/clk-pll-out.c:80:9: warning: context imbalance in 'clk_pll_out_disable' - different lock contexts for basic block
drivers/clk/ti/mux.c:67:12: warning: context imbalance in 'ti_clk_mux_set_parent' - different lock contexts for basic block
drivers/clk/tegra/clk-super.c:122:9: warning: context imbalance in 'clk_super_set_parent' - different lock contexts for basic block
drivers/clk/versatile/clk-sp810.c:159:29: error: incompatible types for operation (<=)
drivers/clk/versatile/clk-sp810.c:159:29:    left side has type char const *<noident>
drivers/clk/versatile/clk-sp810.c:159:29:    right side has type int
drivers/clk/versatile/clk-sp810.c:159:53: error: incompatible types for operation (<=)
drivers/clk/versatile/clk-sp810.c:159:53:    left side has type char const *<noident>
drivers/clk/versatile/clk-sp810.c:159:53:    right side has type int
drivers/clk/tegra/clk-tegra-periph.c:514:9: warning: Using plain integer as NULL pointer
drivers/clk/tegra/clk-tegra-periph.c:515:9: warning: Using plain integer as NULL pointer
drivers/clk/tegra/clk-tegra-periph.c:516:9: warning: Using plain integer as NULL pointer
drivers/clk/tegra/clk-tegra-periph.c:517:9: warning: Using plain integer as NULL pointer
drivers/clk/tegra/clk-tegra-periph.c:518:9: warning: Using plain integer as NULL pointer
drivers/clk/tegra/clk-tegra-periph.c:519:9: warning: Using plain integer as NULL pointer
drivers/clk/tegra/clk-tegra-periph.c:520:9: warning: Using plain integer as NULL pointer
drivers/clk/tegra/clk-tegra-periph.c:521:9: warning: Using plain integer as NULL pointer
drivers/clk/tegra/clk-tegra-periph.c:522:9: warning: Using plain integer as NULL pointer
drivers/clk/tegra/clk-tegra-periph.c:523:9: warning: Using plain integer as NULL pointer
drivers/clk/tegra/clk-tegra-periph.c:524:9: warning: Using plain integer as NULL pointer
drivers/clk/tegra/clk-tegra-periph.c:525:9: warning: Using plain integer as NULL pointer
drivers/clk/tegra/clk-tegra-periph.c:526:9: warning: Using plain integer as NULL pointer
drivers/clk/tegra/clk-tegra-periph.c:527:9: warning: Using plain integer as NULL pointer
drivers/clk/tegra/clk-tegra-periph.c:528:9: warning: Using plain integer as NULL pointer
drivers/clk/tegra/clk-tegra-periph.c:529:9: warning: Using plain integer as NULL pointer
drivers/clk/tegra/clk-tegra-periph.c:530:9: warning: Using plain integer as NULL pointer
drivers/clk/tegra/clk-tegra-periph.c:531:9: warning: Using plain integer as NULL pointer
drivers/clk/tegra/clk-tegra-periph.c:532:9: warning: Using plain integer as NULL pointer
drivers/clk/tegra/clk-tegra-periph.c:533:9: warning: Using plain integer as NULL pointer
drivers/clk/tegra/clk-tegra-periph.c:534:9: warning: Using plain integer as NULL pointer
drivers/clk/tegra/clk-tegra-periph.c:535:9: warning: Using plain integer as NULL pointer
drivers/clk/tegra/clk-tegra-periph.c:536:9: warning: Using plain integer as NULL pointer
drivers/clk/tegra/clk-tegra-periph.c:537:9: warning: Using plain integer as NULL pointer
drivers/clk/tegra/clk-tegra-periph.c:538:9: warning: Using plain integer as NULL pointer
drivers/clk/tegra/clk-tegra-periph.c:539:9: warning: Using plain integer as NULL pointer
drivers/clk/tegra/clk-tegra-periph.c:540:9: warning: Using plain integer as NULL pointer
drivers/clk/tegra/clk-tegra-periph.c:541:9: warning: Using plain integer as NULL pointer
drivers/clk/tegra/clk-tegra-periph.c:542:9: warning: Using plain integer as NULL pointer
drivers/clk/tegra/clk-tegra-periph.c:543:9: warning: Using plain integer as NULL pointer
drivers/clk/tegra/clk-tegra-periph.c:544:9: warning: Using plain integer as NULL pointer
drivers/clk/tegra/clk-tegra-periph.c:545:9: warning: Using plain integer as NULL pointer
drivers/clk/tegra/clk-tegra-periph.c:546:9: warning: Using plain integer as NULL pointer
drivers/clk/tegra/clk-tegra-periph.c:547:9: warning: Using plain integer as NULL pointer
drivers/clk/tegra/clk-tegra-periph.c:548:9: warning: Using plain integer as NULL pointer
kernel/time/clockevents.c:614:17: warning: symbol 'clockevents_subsys' was not declared. Should it be static?
drivers/clk/ti/clk-dra7-atl.c:154:22: warning: symbol 'atl_clk_ops' was not declared. Should it be static?
drivers/clk/ti/clk-dra7-atl.c:166:39: warning: Using plain integer as NULL pointer
drivers/clocksource/clksrc-of.c:37:27: warning: incorrect type in assignment (different modifiers)
drivers/clocksource/clksrc-of.c:37:27:    expected void ( *[usertype] init_func )( ... )
drivers/clocksource/clksrc-of.c:37:27:    got void const *const data
net/packet/af_packet.c:384:39: warning: incorrect type in return expression (different modifiers)
net/packet/af_packet.c:384:39:    expected struct page [pure] *
net/packet/af_packet.c:384:39:    got struct page *
net/packet/af_packet.c:385:16: warning: incorrect type in return expression (different modifiers)
net/packet/af_packet.c:385:16:    expected struct page [pure] *
net/packet/af_packet.c:385:16:    got struct page *
net/packet/af_packet.c:2050:54: warning: incorrect type in argument 1 (different modifiers)
net/packet/af_packet.c:2050:54:    expected struct page *<noident>
net/packet/af_packet.c:2050:54:    got struct page [pure] *
net/packet/af_packet.c:384:39: warning: incorrect type in return expression (different modifiers)
net/packet/af_packet.c:384:39:    expected struct page [pure] *
net/packet/af_packet.c:384:39:    got struct page *
net/packet/af_packet.c:385:16: warning: incorrect type in return expression (different modifiers)
net/packet/af_packet.c:385:16:    expected struct page [pure] *
net/packet/af_packet.c:385:16:    got struct page *
net/packet/af_packet.c:396:46: warning: incorrect type in argument 1 (different modifiers)
net/packet/af_packet.c:396:46:    expected struct page *<noident>
net/packet/af_packet.c:396:46:    got struct page [pure] *
net/packet/af_packet.c:384:39: warning: incorrect type in return expression (different modifiers)
net/packet/af_packet.c:384:39:    expected struct page [pure] *
net/packet/af_packet.c:384:39:    got struct page *
net/packet/af_packet.c:385:16: warning: incorrect type in return expression (different modifiers)
net/packet/af_packet.c:385:16:    expected struct page [pure] *
net/packet/af_packet.c:385:16:    got struct page *
net/packet/af_packet.c:400:46: warning: incorrect type in argument 1 (different modifiers)
net/packet/af_packet.c:400:46:    expected struct page *<noident>
net/packet/af_packet.c:400:46:    got struct page [pure] *
net/packet/af_packet.c:384:39: warning: incorrect type in return expression (different modifiers)
net/packet/af_packet.c:384:39:    expected struct page [pure] *
net/packet/af_packet.c:384:39:    got struct page *
net/packet/af_packet.c:385:16: warning: incorrect type in return expression (different modifiers)
net/packet/af_packet.c:385:16:    expected struct page [pure] *
net/packet/af_packet.c:385:16:    got struct page *
net/packet/af_packet.c:420:46: warning: incorrect type in argument 1 (different modifiers)
net/packet/af_packet.c:420:46:    expected struct page *<noident>
net/packet/af_packet.c:420:46:    got struct page [pure] *
net/packet/af_packet.c:384:39: warning: incorrect type in return expression (different modifiers)
net/packet/af_packet.c:384:39:    expected struct page [pure] *
net/packet/af_packet.c:384:39:    got struct page *
net/packet/af_packet.c:385:16: warning: incorrect type in return expression (different modifiers)
net/packet/af_packet.c:385:16:    expected struct page [pure] *
net/packet/af_packet.c:385:16:    got struct page *
net/packet/af_packet.c:423:46: warning: incorrect type in argument 1 (different modifiers)
net/packet/af_packet.c:423:46:    expected struct page *<noident>
net/packet/af_packet.c:423:46:    got struct page [pure] *
net/packet/af_packet.c:384:39: warning: incorrect type in return expression (different modifiers)
net/packet/af_packet.c:384:39:    expected struct page [pure] *
net/packet/af_packet.c:384:39:    got struct page *
net/packet/af_packet.c:385:16: warning: incorrect type in return expression (different modifiers)
net/packet/af_packet.c:385:16:    expected struct page [pure] *
net/packet/af_packet.c:385:16:    got struct page *
net/packet/af_packet.c:476:38: warning: incorrect type in argument 1 (different modifiers)
net/packet/af_packet.c:476:38:    expected struct page *<noident>
net/packet/af_packet.c:476:38:    got struct page [pure] *
net/packet/af_packet.c:384:39: warning: incorrect type in return expression (different modifiers)
net/packet/af_packet.c:384:39:    expected struct page [pure] *
net/packet/af_packet.c:384:39:    got struct page *
net/packet/af_packet.c:385:16: warning: incorrect type in return expression (different modifiers)
net/packet/af_packet.c:385:16:    expected struct page [pure] *
net/packet/af_packet.c:385:16:    got struct page *
net/packet/af_packet.c:752:46: warning: incorrect type in argument 1 (different modifiers)
net/packet/af_packet.c:752:46:    expected struct page *<noident>
net/packet/af_packet.c:752:46:    got struct page [pure] *
net/packet/af_packet.c:384:39: warning: incorrect type in return expression (different modifiers)
net/packet/af_packet.c:384:39:    expected struct page [pure] *
net/packet/af_packet.c:384:39:    got struct page *
net/packet/af_packet.c:385:16: warning: incorrect type in return expression (different modifiers)
net/packet/af_packet.c:385:16:    expected struct page [pure] *
net/packet/af_packet.c:385:16:    got struct page *
net/packet/af_packet.c:765:38: warning: incorrect type in argument 1 (different modifiers)
net/packet/af_packet.c:765:38:    expected struct page *<noident>
net/packet/af_packet.c:765:38:    got struct page [pure] *
net/packet/af_packet.c:384:39: warning: incorrect type in return expression (different modifiers)
net/packet/af_packet.c:384:39:    expected struct page [pure] *
net/packet/af_packet.c:384:39:    got struct page *
net/packet/af_packet.c:385:16: warning: incorrect type in return expression (different modifiers)
net/packet/af_packet.c:385:16:    expected struct page [pure] *
net/packet/af_packet.c:385:16:    got struct page *
net/packet/af_packet.c:2208:22: warning: incorrect type in assignment (different modifiers)
net/packet/af_packet.c:2208:22:    expected struct page *page
net/packet/af_packet.c:2208:22:    got struct page [pure] *
net/packet/af_packet.c:384:39: warning: incorrect type in return expression (different modifiers)
net/packet/af_packet.c:384:39:    expected struct page [pure] *
net/packet/af_packet.c:384:39:    got struct page *
net/packet/af_packet.c:385:16: warning: incorrect type in return expression (different modifiers)
net/packet/af_packet.c:385:16:    expected struct page [pure] *
net/packet/af_packet.c:385:16:    got struct page *
net/packet/af_packet.c:3934:38: warning: incorrect type in assignment (different modifiers)
net/packet/af_packet.c:3934:38:    expected struct page *page
net/packet/af_packet.c:3934:38:    got struct page [pure] *
include/linux/bottom_half.h:32:30: warning: context imbalance in 'packet_direct_xmit' - different lock contexts for basic block
net/ipv4/inet_connection_sock.c:205:9: warning: context imbalance in 'inet_csk_get_port' - different lock contexts for basic block
kernel/time/tick-sched.c:395:5: warning: symbol 'tick_nohz_active' was not declared. Should it be static?
include/net/sock.h:1562:31: warning: context imbalance in 'tcp_ioctl' - unexpected unlock
./arch/arm/include/asm/futex.h:51:19: warning: incorrect type in argument 1 (different address spaces)
./arch/arm/include/asm/futex.h:51:19:    expected void const *ptr
./arch/arm/include/asm/futex.h:51:19:    got unsigned int [noderef] [usertype] <asn:1>*uaddr
./arch/arm/include/asm/futex.h:131:17: warning: incorrect type in argument 1 (different address spaces)
./arch/arm/include/asm/futex.h:131:17:    expected void const *ptr
./arch/arm/include/asm/futex.h:131:17:    got unsigned int [noderef] [usertype] <asn:1>*uaddr
./arch/arm/include/asm/futex.h:134:17: warning: incorrect type in argument 1 (different address spaces)
./arch/arm/include/asm/futex.h:134:17:    expected void const *ptr
./arch/arm/include/asm/futex.h:134:17:    got unsigned int [noderef] [usertype] <asn:1>*uaddr
./arch/arm/include/asm/futex.h:137:17: warning: incorrect type in argument 1 (different address spaces)
./arch/arm/include/asm/futex.h:137:17:    expected void const *ptr
./arch/arm/include/asm/futex.h:137:17:    got unsigned int [noderef] [usertype] <asn:1>*uaddr
./arch/arm/include/asm/futex.h:140:17: warning: incorrect type in argument 1 (different address spaces)
./arch/arm/include/asm/futex.h:140:17:    expected void const *ptr
./arch/arm/include/asm/futex.h:140:17:    got unsigned int [noderef] [usertype] <asn:1>*uaddr
./arch/arm/include/asm/futex.h:143:17: warning: incorrect type in argument 1 (different address spaces)
./arch/arm/include/asm/futex.h:143:17:    expected void const *ptr
./arch/arm/include/asm/futex.h:143:17:    got unsigned int [noderef] [usertype] <asn:1>*uaddr
kernel/futex.c:1275:33: warning: context imbalance in 'futex_wake_op' - different lock contexts for basic block
kernel/futex.c:1561:41: warning: context imbalance in 'futex_requeue' - different lock contexts for basic block
kernel/futex.c:2045:13: warning: context imbalance in 'futex_wait_queue_me' - unexpected unlock
kernel/futex.c:2151:9: warning: context imbalance in 'futex_wait_setup' - different lock contexts for basic block
kernel/futex.c:2595:29: warning: context imbalance in 'futex_wait_requeue_pi' - unexpected unlock
net/rfkill/core.c:1149:17: error: incompatible types in comparison expression (different type sizes)
kernel/smp.c:542:13: warning: symbol 'smp_announce' was not declared. Should it be static?
drivers/clocksource/tegra20_timer.c:262:6: warning: symbol 'tegra_timer_suspend' was not declared. Should it be static?
drivers/clocksource/tegra20_timer.c:267:6: warning: symbol 'tegra_timer_resume' was not declared. Should it be static?
drivers/clocksource/bcm_kona_timer.c:118:38: warning: incorrect type in argument 1 (different address spaces)
drivers/clocksource/bcm_kona_timer.c:118:38:    expected void *timer_base
drivers/clocksource/bcm_kona_timer.c:118:38:    got void [noderef] <asn:2>*static [toplevel] tmr_regs
net/sched/sch_generic.c:121:5: warning: context imbalance in 'sch_direct_xmit' - unexpected unlock
kernel/module.c:211:6: error: symbol '__module_put_and_exit' redeclared with different type (originally declared at include/linux/module.h:456) - different modifiers
drivers/clocksource/exynos_mct.c:212:20: warning: symbol 'mct_frc' was not declared. Should it be static?
drivers/clocksource/exynos_mct.c:567:13: warning: symbol 'mct_init' was not declared. Should it be static?
kernel/kexec.c:64:13: warning: symbol 'kexec_purgatory' was not declared. Should it be static?
kernel/kexec.c:65:15: warning: symbol 'kexec_purgatory_size' was not declared. Should it be static?
kernel/stop_machine.c:520:36: warning: incorrect type in initializer (different address spaces)
kernel/stop_machine.c:520:36:    expected struct task_struct [noderef] <asn:3>**store
kernel/stop_machine.c:520:36:    got struct task_struct *static [noderef] [toplevel] <asn:3>*<noident>
drivers/cpufreq/cpufreq.c:42:1: warning: symbol 'cpufreq_governor_lock' was not declared. Should it be static?
drivers/cpufreq/cpufreq.c:195:23: warning: symbol 'cpufreq_cpu_get_raw' was not declared. Should it be static?
kernel/hung_task.c:24:19: warning: symbol 'sysctl_hung_task_check_count' was not declared. Should it be static?
kernel/hung_task.c:38:29: warning: symbol 'sysctl_hung_task_timeout_secs' was not declared. Should it be static?
kernel/hung_task.c:40:19: warning: symbol 'sysctl_hung_task_warnings' was not declared. Should it be static?
kernel/hung_task.c:50:28: warning: symbol 'sysctl_hung_task_panic' was not declared. Should it be static?
kernel/hung_task.c:197:5: warning: symbol 'proc_dohung_task_timeout_secs' was not declared. Should it be static?
kernel/watchdog.c:220:9: warning: expression using sizeof bool
kernel/watchdog.c:327:21: warning: expression using sizeof bool
kernel/watchdog.c:332:25: warning: expression using sizeof bool
kernel/watchdog.c:359:21: warning: expression using sizeof bool
kernel/watchdog.c:370:33: warning: expression using sizeof bool
kernel/watchdog.c:382:33: warning: expression using sizeof bool
kernel/watchdog.c:412:17: warning: expression using sizeof bool
kernel/watchdog.c:414:17: warning: expression using sizeof bool
kernel/watchdog.c:576:36: warning: incorrect type in initializer (different address spaces)
kernel/watchdog.c:576:36:    expected struct task_struct [noderef] <asn:3>**store
kernel/watchdog.c:576:36:    got struct task_struct *static [noderef] [toplevel] <asn:3>*<noident>
kernel/elfcore.c:6:17: warning: symbol 'elf_core_extra_phdrs' was not declared. Should it be static?
kernel/elfcore.c:11:12: warning: symbol 'elf_core_write_extra_phdrs' was not declared. Should it be static?
kernel/elfcore.c:16:12: warning: symbol 'elf_core_write_extra_data' was not declared. Should it be static?
kernel/elfcore.c:21:15: warning: symbol 'elf_core_extra_data_size' was not declared. Should it be static?
kernel/irq_work.c:52:13: warning: symbol 'arch_irq_work_raise' was not declared. Should it be static?
drivers/cpufreq/freq_table.c:276:1: warning: symbol 'cpufreq_freq_attr_scaling_boost_freqs' was not declared. Should it be static?
fs/notify/fdinfo.c:52:87: warning: Using plain integer as NULL pointer
fs/notify/fdinfo.c:103:5: warning: symbol 'inotify_show_fdinfo' was not declared. Should it be static?
fs/nfs/nfs3client.c:46:19: warning: symbol 'nfs3_create_server' was not declared. Should it be static?
fs/nfs/nfs3client.c:56:19: warning: symbol 'nfs3_clone_server' was not declared. Should it be static?
net/ipv4/tcp_ipv4.c:1406:20: warning: context imbalance in 'tcp_v4_hnd_req' - different lock contexts for basic block
include/net/sock.h:516:54: warning: context imbalance in 'listening_get_next' - unexpected unlock
net/ipv4/tcp_ipv4.c:2022:9: warning: context imbalance in 'established_get_first' - wrong count at exit
net/ipv4/tcp_ipv4.c:2042:40: warning: context imbalance in 'established_get_next' - unexpected unlock
net/ipv4/tcp_ipv4.c:2172:69: warning: context imbalance in 'tcp_seq_stop' - unexpected unlock
fs/nfs/nfs3acl.c:13:18: warning: symbol 'nfs3_get_acl' was not declared. Should it be static?
fs/nfs/nfs3acl.c:204:5: warning: symbol 'nfs3_proc_setacls' was not declared. Should it be static?
fs/nfs/nfs3acl.c:213:5: warning: symbol 'nfs3_set_acl' was not declared. Should it be static?
fs/nfs/nfs3acl.c:248:28: warning: symbol 'nfs3_xattr_handlers' was not declared. Should it be static?
fs/nfs/nfs3acl.c:279:1: warning: symbol 'nfs3_listxattr' was not declared. Should it be static?
net/ipv4/tcp_minisocks.c:788:9: warning: context imbalance in 'tcp_child_process' - unexpected unlock
net/sunrpc/sysctl.c:28:17: warning: symbol 'rpc_debug' was not declared. Should it be static?
net/sunrpc/sysctl.c:31:17: warning: symbol 'nfs_debug' was not declared. Should it be static?
net/sunrpc/sysctl.c:34:17: warning: symbol 'nfsd_debug' was not declared. Should it be static?
net/sunrpc/sysctl.c:37:17: warning: symbol 'nlm_debug' was not declared. Should it be static?
net/unix/af_unix.c:942:13: warning: context imbalance in 'unix_state_double_lock' - wrong count at exit
include/linux/spinlock_api_smp.h:151:27: warning: context imbalance in 'unix_state_double_unlock' - unexpected unlock
net/unix/af_unix.c:1050:54: warning: context imbalance in 'unix_wait_for_peer' - unexpected unlock
net/unix/af_unix.c:1229:9: warning: context imbalance in 'unix_stream_connect' - different lock contexts for basic block
net/unix/af_unix.c:1615:9: warning: context imbalance in 'unix_dgram_sendmsg' - different lock contexts for basic block
net/xfrm/xfrm_policy.c:104:9: warning: context imbalance in 'xfrm_policy_get_afinfo' - different lock contexts for basic block
net/xfrm/xfrm_policy.c:107:13: warning: context imbalance in 'xfrm_policy_put_afinfo' - unexpected unlock
net/ipv4/tcp_fastopen.c:201:9: warning: context imbalance in 'tcp_fastopen_create_child' - unexpected unlock
drivers/dma/virt-dma.c:22:14: warning: symbol 'vchan_tx_submit' was not declared. Should it be static?
net/xfrm/xfrm_state.c:1948:9: warning: context imbalance in 'xfrm_state_get_afinfo' - different lock contexts for basic block
net/xfrm/xfrm_state.c:1951:6: warning: context imbalance in 'xfrm_state_put_afinfo' - unexpected unlock
net/ipv4/raw.c:966:21: warning: context imbalance in 'raw_seq_start' - wrong count at exit
include/linux/rwlock_api_smp.h:226:9: warning: context imbalance in 'raw_seq_stop' - unexpected unlock
include/net/sock.h:1562:31: warning: context imbalance in 'first_packet_length' - unexpected unlock
include/net/sock.h:1562:31: warning: context imbalance in 'udp_recvmsg' - unexpected unlock
include/net/sock.h:1562:31: warning: context imbalance in 'udp_destroy_sock' - unexpected unlock
net/ipv4/udp.c:2281:9: warning: context imbalance in 'udp_get_first' - wrong count at exit
net/ipv4/udp.c:2295:39: warning: context imbalance in 'udp_get_next' - unexpected unlock
net/ipv4/udp.c:2337:31: warning: context imbalance in 'udp_seq_stop' - unexpected unlock
net/xfrm/xfrm_input.c:71:9: warning: context imbalance in 'xfrm_input_get_afinfo' - different lock contexts for basic block
net/xfrm/xfrm_input.c:74:13: warning: context imbalance in 'xfrm_input_put_afinfo' - unexpected unlock
net/ipv4/icmp.c:331:13: warning: context imbalance in 'icmp_reply' - different lock contexts for basic block
net/ipv4/icmp.c:488:6: warning: context imbalance in 'icmp_send' - different lock contexts for basic block
drivers/dma/edma.c:560:32: warning: symbol 'edma_prep_dma_memcpy' was not declared. Should it be static?
drivers/dma/edma.c:1099:6: warning: symbol 'edma_filter_fn' was not declared. Should it be static?
fs/proc/task_mmu.c:545:18: error: bad integer constant expression
fs/proc/task_mmu.c:546:18: error: bad integer constant expression
fs/proc/task_mmu.c:547:18: error: bad integer constant expression
fs/proc/task_mmu.c:548:18: error: bad integer constant expression
fs/proc/task_mmu.c:549:18: error: bad integer constant expression
fs/proc/task_mmu.c:550:18: error: bad integer constant expression
fs/proc/task_mmu.c:551:18: error: bad integer constant expression
fs/proc/task_mmu.c:552:18: error: bad integer constant expression
fs/proc/task_mmu.c:553:18: error: bad integer constant expression
fs/proc/task_mmu.c:554:18: error: bad integer constant expression
fs/proc/task_mmu.c:555:18: error: bad integer constant expression
fs/proc/task_mmu.c:556:18: error: bad integer constant expression
fs/proc/task_mmu.c:557:18: error: bad integer constant expression
fs/proc/task_mmu.c:558:18: error: bad integer constant expression
fs/proc/task_mmu.c:559:18: error: bad integer constant expression
fs/proc/task_mmu.c:560:18: error: bad integer constant expression
fs/proc/task_mmu.c:561:18: error: bad integer constant expression
fs/proc/task_mmu.c:562:18: error: bad integer constant expression
fs/proc/task_mmu.c:563:18: error: bad integer constant expression
fs/proc/task_mmu.c:564:18: error: bad integer constant expression
fs/proc/task_mmu.c:565:18: error: bad integer constant expression
fs/proc/task_mmu.c:566:18: error: bad integer constant expression
fs/proc/task_mmu.c:567:18: error: bad integer constant expression
fs/proc/task_mmu.c:571:18: error: bad integer constant expression
fs/proc/task_mmu.c:572:18: error: bad integer constant expression
fs/proc/task_mmu.c:573:18: error: bad integer constant expression
fs/proc/task_mmu.c:574:18: error: bad integer constant expression
fs/proc/task_mmu.c:1229:23: error: incompatible types in comparison expression (different type sizes)
net/ipv4/igmp.c:2622:31: warning: context imbalance in 'igmp_mcf_get_next' - unexpected unlock
net/ipv4/igmp.c:2650:9: warning: context imbalance in 'igmp_mcf_get_idx' - wrong count at exit
net/ipv4/igmp.c:2667:9: warning: context imbalance in 'igmp_mcf_seq_next' - wrong count at exit
net/ipv4/igmp.c:2679:9: warning: context imbalance in 'igmp_mcf_seq_stop' - unexpected unlock
drivers/dma/ste_dma40.c:1408:28: warning: incorrect type in argument 1 (different address spaces)
drivers/dma/ste_dma40.c:1408:28:    expected void const volatile [noderef] <asn:2>*addr
drivers/dma/ste_dma40.c:1408:28:    got unsigned int *<noident>
drivers/dma/ste_dma40.c:1424:27: warning: incorrect type in argument 1 (different address spaces)
drivers/dma/ste_dma40.c:1424:27:    expected void const volatile [noderef] <asn:2>*addr
drivers/dma/ste_dma40.c:1424:27:    got unsigned int *<noident>
drivers/dma/ste_dma40.c:1658:32: warning: Variable length array is used.
drivers/dma/ste_dma40.c:3600:25: warning: incorrect type in assignment (different address spaces)
drivers/dma/ste_dma40.c:3600:25:    expected void *lcpa_base
drivers/dma/ste_dma40.c:3600:25:    got void [noderef] <asn:2>*
drivers/dma/ste_dma40.c:3616:38: warning: incorrect type in assignment (different address spaces)
drivers/dma/ste_dma40.c:3616:38:    expected void *base
drivers/dma/ste_dma40.c:3616:38:    got void [noderef] <asn:2>*
drivers/dma/ste_dma40.c:3703:48: warning: incorrect type in argument 1 (different address spaces)
drivers/dma/ste_dma40.c:3703:48:    expected void volatile [noderef] <asn:2>*addr
drivers/dma/ste_dma40.c:3703:48:    got void *base
drivers/dma/ste_dma40_ll.c:13:4: warning: symbol 'd40_width_to_bits' was not declared. Should it be static?
drivers/dma/ste_dma40_ll.c:342:9: warning: incorrect type in argument 2 (different address spaces)
drivers/dma/ste_dma40_ll.c:342:9:    expected void volatile [noderef] <asn:2>*addr
drivers/dma/ste_dma40_ll.c:342:9:    got unsigned int *<noident>
drivers/dma/ste_dma40_ll.c:343:9: warning: incorrect type in argument 2 (different address spaces)
drivers/dma/ste_dma40_ll.c:343:9:    expected void volatile [noderef] <asn:2>*addr
drivers/dma/ste_dma40_ll.c:343:9:    got unsigned int *<noident>
drivers/dma/ste_dma40_ll.c:344:9: warning: incorrect type in argument 2 (different address spaces)
drivers/dma/ste_dma40_ll.c:344:9:    expected void volatile [noderef] <asn:2>*addr
drivers/dma/ste_dma40_ll.c:344:9:    got unsigned int *<noident>
drivers/dma/ste_dma40_ll.c:345:9: warning: incorrect type in argument 2 (different address spaces)
drivers/dma/ste_dma40_ll.c:345:9:    expected void volatile [noderef] <asn:2>*addr
drivers/dma/ste_dma40_ll.c:345:9:    got unsigned int *<noident>
drivers/dma/ste_dma40_ll.c:355:9: warning: incorrect type in argument 2 (different address spaces)
drivers/dma/ste_dma40_ll.c:355:9:    expected void volatile [noderef] <asn:2>*addr
drivers/dma/ste_dma40_ll.c:355:9:    got unsigned int *<noident>
drivers/dma/ste_dma40_ll.c:356:9: warning: incorrect type in argument 2 (different address spaces)
drivers/dma/ste_dma40_ll.c:356:9:    expected void volatile [noderef] <asn:2>*addr
drivers/dma/ste_dma40_ll.c:356:9:    got unsigned int *<noident>
drivers/dma/ste_dma40_ll.c:357:9: warning: incorrect type in argument 2 (different address spaces)
drivers/dma/ste_dma40_ll.c:357:9:    expected void volatile [noderef] <asn:2>*addr
drivers/dma/ste_dma40_ll.c:357:9:    got unsigned int *<noident>
drivers/dma/ste_dma40_ll.c:358:9: warning: incorrect type in argument 2 (different address spaces)
drivers/dma/ste_dma40_ll.c:358:9:    expected void volatile [noderef] <asn:2>*addr
drivers/dma/ste_dma40_ll.c:358:9:    got unsigned int *<noident>
drivers/dma/tegra20-apb-dma.c:365:9: warning: context imbalance in 'tegra_dma_global_pause' - wrong count at exit
drivers/dma/tegra20-apb-dma.c:234:9: warning: context imbalance in 'tegra_dma_global_resume' - unexpected unlock
net/ipv4/ping.c:1067:21: warning: context imbalance in 'ping_seq_start' - wrong count at exit
net/ipv4/ping.c:1090:6: warning: context imbalance in 'ping_seq_stop' - unexpected unlock
net/ipv4/ipconfig.c:139:8: warning: symbol 'ic_addrservaddr' was not declared. Should it be static?
drivers/edac/edac_mc_sysfs.c:312:1: warning: symbol 'dev_attr_legacy_ch0_dimm_label' was not declared. Should it be static?
drivers/edac/edac_mc_sysfs.c:314:1: warning: symbol 'dev_attr_legacy_ch1_dimm_label' was not declared. Should it be static?
drivers/edac/edac_mc_sysfs.c:316:1: warning: symbol 'dev_attr_legacy_ch2_dimm_label' was not declared. Should it be static?
drivers/edac/edac_mc_sysfs.c:318:1: warning: symbol 'dev_attr_legacy_ch3_dimm_label' was not declared. Should it be static?
drivers/edac/edac_mc_sysfs.c:320:1: warning: symbol 'dev_attr_legacy_ch4_dimm_label' was not declared. Should it be static?
drivers/edac/edac_mc_sysfs.c:322:1: warning: symbol 'dev_attr_legacy_ch5_dimm_label' was not declared. Should it be static?
drivers/edac/edac_mc_sysfs.c:336:1: warning: symbol 'dev_attr_legacy_ch0_ce_count' was not declared. Should it be static?
drivers/edac/edac_mc_sysfs.c:338:1: warning: symbol 'dev_attr_legacy_ch1_ce_count' was not declared. Should it be static?
drivers/edac/edac_mc_sysfs.c:340:1: warning: symbol 'dev_attr_legacy_ch2_ce_count' was not declared. Should it be static?
drivers/edac/edac_mc_sysfs.c:342:1: warning: symbol 'dev_attr_legacy_ch3_ce_count' was not declared. Should it be static?
drivers/edac/edac_mc_sysfs.c:344:1: warning: symbol 'dev_attr_legacy_ch4_ce_count' was not declared. Should it be static?
drivers/edac/edac_mc_sysfs.c:346:1: warning: symbol 'dev_attr_legacy_ch5_ce_count' was not declared. Should it be static?
drivers/edac/edac_mc_sysfs.c:853:1: warning: symbol 'dev_attr_reset_counters' was not declared. Should it be static?
drivers/edac/edac_mc_sysfs.c:856:1: warning: symbol 'dev_attr_mc_name' was not declared. Should it be static?
drivers/edac/edac_mc_sysfs.c:857:1: warning: symbol 'dev_attr_size_mb' was not declared. Should it be static?
drivers/edac/edac_mc_sysfs.c:858:1: warning: symbol 'dev_attr_seconds_since_reset' was not declared. Should it be static?
drivers/edac/edac_mc_sysfs.c:859:1: warning: symbol 'dev_attr_ue_noinfo_count' was not declared. Should it be static?
drivers/edac/edac_mc_sysfs.c:860:1: warning: symbol 'dev_attr_ce_noinfo_count' was not declared. Should it be static?
drivers/edac/edac_mc_sysfs.c:861:1: warning: symbol 'dev_attr_ue_count' was not declared. Should it be static?
drivers/edac/edac_mc_sysfs.c:862:1: warning: symbol 'dev_attr_ce_count' was not declared. Should it be static?
drivers/edac/edac_mc_sysfs.c:863:1: warning: symbol 'dev_attr_max_location' was not declared. Should it be static?
drivers/edac/edac_mc_sysfs.c:866:1: warning: symbol 'dev_attr_sdram_scrub_rate' was not declared. Should it be static?
fs/proc/array.c:408:43: warning: implicit cast to nocast type
fs/proc/array.c:409:26: warning: implicit cast to nocast type
fs/proc/array.c:442:62: warning: incorrect type in argument 2 (different modifiers)
fs/proc/array.c:442:62:    expected unsigned long [nocast] [usertype] *ut
fs/proc/array.c:442:62:    got unsigned long *<noident>
fs/proc/array.c:442:62: warning: implicit cast to nocast type
fs/proc/array.c:442:70: warning: incorrect type in argument 3 (different modifiers)
fs/proc/array.c:442:70:    expected unsigned long [nocast] [usertype] *st
fs/proc/array.c:442:70:    got unsigned long *<noident>
fs/proc/array.c:442:70: warning: implicit cast to nocast type
fs/proc/array.c:458:46: warning: incorrect type in argument 2 (different modifiers)
fs/proc/array.c:458:46:    expected unsigned long [nocast] [usertype] *ut
fs/proc/array.c:458:46:    got unsigned long *<noident>
fs/proc/array.c:458:46: warning: implicit cast to nocast type
fs/proc/array.c:458:54: warning: incorrect type in argument 3 (different modifiers)
fs/proc/array.c:458:54:    expected unsigned long [nocast] [usertype] *st
fs/proc/array.c:458:54:    got unsigned long *<noident>
fs/proc/array.c:458:54: warning: implicit cast to nocast type
fs/proc/fd.c:98:55: warning: incorrect type in initializer (different base types)
fs/proc/fd.c:98:55:    expected unsigned int [unsigned] f_mode
fs/proc/fd.c:98:55:    got restricted fmode_t [usertype] f_mode
fs/proc/fd.c:116:54: warning: restricted fmode_t degrades to integer
fs/proc/fd.c:118:54: warning: restricted fmode_t degrades to integer
fs/proc/proc_tty.c:175:13: warning: symbol 'proc_tty_init' was not declared. Should it be static?
drivers/edac/highbank_mc_edac.c:228:47: warning: cast truncates bits from constant value (10000000000000 becomes 0)
drivers/gpio/gpio-bcm-kona.c:552:47: warning: incorrect type in argument 1 (different address spaces)
drivers/gpio/gpio-bcm-kona.c:552:47:    expected void [noderef] <asn:2>*reg_base
drivers/gpio/gpio-bcm-kona.c:552:47:    got struct bcm_kona_gpio *kona_gpio
drivers/gpio/gpio-bcm-kona.c:556:47: warning: incorrect type in argument 1 (different address spaces)
drivers/gpio/gpio-bcm-kona.c:556:47:    expected void [noderef] <asn:2>*reg_base
drivers/gpio/gpio-bcm-kona.c:556:47:    got struct bcm_kona_gpio *kona_gpio
fs/proc/meminfo.c:19:28: warning: symbol 'arch_report_meminfo' was not declared. Should it be static?
drivers/gpu/drm/drm_fb_helper.c:1515:27: warning: expression using sizeof bool
drivers/gpu/host1x/job.c:513:9: warning: Variable length array is used.
drivers/gpu/drm/drm_bufs.c:213:45: warning: incorrect type in assignment (different address spaces)
drivers/gpu/drm/drm_bufs.c:213:45:    expected void *handle
drivers/gpu/drm/drm_bufs.c:213:45:    got void [noderef] <asn:2>*
drivers/gpu/drm/drm_bufs.c:216:45: warning: incorrect type in assignment (different address spaces)
drivers/gpu/drm/drm_bufs.c:216:45:    expected void *handle
drivers/gpu/drm/drm_bufs.c:216:45:    got void [noderef] <asn:2>*
drivers/gpu/drm/drm_bufs.c:331:36: warning: incorrect type in argument 1 (different address spaces)
drivers/gpu/drm/drm_bufs.c:331:36:    expected void volatile [noderef] <asn:2>*addr
drivers/gpu/drm/drm_bufs.c:331:36:    got void *handle
drivers/gpu/drm/drm_bufs.c:348:36: warning: incorrect type in argument 1 (different address spaces)
drivers/gpu/drm/drm_bufs.c:348:36:    expected void volatile [noderef] <asn:2>*addr
drivers/gpu/drm/drm_bufs.c:348:36:    got void *handle
drivers/gpu/drm/drm_bufs.c:454:28: warning: incorrect type in argument 1 (different address spaces)
drivers/gpu/drm/drm_bufs.c:454:28:    expected void volatile [noderef] <asn:2>*addr
drivers/gpu/drm/drm_bufs.c:454:28:    got void *handle
fs/proc/namespaces.c:54:32: warning: symbol 'ns_dentry_operations' was not declared. Should it be static?
drivers/i2c/i2c-core.c:2054:36: warning: dubious: x | !y
drivers/gpu/drm/drm_memory.c:128:29: warning: incorrect type in assignment (different address spaces)
drivers/gpu/drm/drm_memory.c:128:29:    expected void *handle
drivers/gpu/drm/drm_memory.c:128:29:    got void [noderef] <asn:2>*
drivers/gpu/drm/drm_memory.c:137:29: warning: incorrect type in assignment (different address spaces)
drivers/gpu/drm/drm_memory.c:137:29:    expected void *handle
drivers/gpu/drm/drm_memory.c:137:29:    got void [noderef] <asn:2>*
drivers/gpu/drm/drm_memory.c:149:28: warning: incorrect type in argument 1 (different address spaces)
drivers/gpu/drm/drm_memory.c:149:28:    expected void volatile [noderef] <asn:2>*addr
drivers/gpu/drm/drm_memory.c:149:28:    got void *handle
drivers/gpu/drm/drm_vm.c:263:44: warning: incorrect type in argument 1 (different address spaces)
drivers/gpu/drm/drm_vm.c:263:44:    expected void volatile [noderef] <asn:2>*addr
drivers/gpu/drm/drm_vm.c:263:44:    got void *handle
drivers/gpu/drm/drm_vm.c:436:6: warning: symbol 'drm_vm_close_locked' was not declared. Should it be static?
drivers/gpu/drm/drm_vm.c:502:51: error: undefined identifier '_PAGE_RW'
drivers/gpu/drm/drm_vm.c:586:51: error: undefined identifier '_PAGE_RW'
drivers/gpu/drm/drm_pci.c:146:5: warning: symbol 'drm_pci_set_unique' was not declared. Should it be static?
drivers/gpu/drm/drm_pci.c:216:5: warning: symbol 'drm_irq_by_busid' was not declared. Should it be static?
drivers/iio/industrialio-event.c:67:26: warning: cast to non-scalar
drivers/iio/industrialio-event.c:67:26: warning: cast from non-scalar
drivers/gpu/drm/drm_info.c:45:5: warning: symbol 'drm_name_info' was not declared. Should it be static?
drivers/gpu/drm/drm_info.c:70:5: warning: symbol 'drm_vm_info' was not declared. Should it be static?
drivers/gpu/drm/drm_info.c:114:5: warning: symbol 'drm_bufs_info' was not declared. Should it be static?
drivers/gpu/drm/drm_info.c:156:5: warning: symbol 'drm_vblank_info' was not declared. Should it be static?
drivers/gpu/drm/drm_info.c:181:5: warning: symbol 'drm_clients_info' was not declared. Should it be static?
drivers/gpu/drm/drm_info.c:231:5: warning: symbol 'drm_gem_name_info' was not declared. Should it be static?
drivers/gpu/drm/ati_pcigart.c:194:9: error: undefined identifier 'wbinvd'
/home/pwalmsley/test_build/build/toolchains/gcc-linaro-arm-linux-gnueabihf-4.7-2013.04-20130415_linux/bin/../lib/gcc/arm-linux-gnueabihf/4.7.3/include/stddef.h:414:9: warning: preprocessor token offsetof redefined
include/linux/stddef.h:17:9: this was the original definition
drivers/gpu/drm/msm/adreno/adreno_device.c:26:6: warning: symbol 'hang_debug' was not declared. Should it be static?
/home/pwalmsley/test_build/build/toolchains/gcc-linaro-arm-linux-gnueabihf-4.7-2013.04-20130415_linux/bin/../lib/gcc/arm-linux-gnueabihf/4.7.3/include/stddef.h:414:9: warning: preprocessor token offsetof redefined
include/linux/stddef.h:17:9: this was the original definition
/home/pwalmsley/test_build/build/toolchains/gcc-linaro-arm-linux-gnueabihf-4.7-2013.04-20130415_linux/bin/../lib/gcc/arm-linux-gnueabihf/4.7.3/include/stddef.h:414:9: warning: preprocessor token offsetof redefined
include/linux/stddef.h:17:9: this was the original definition
drivers/gpu/drm/msm/adreno/a3xx_gpu.c:436:16: warning: symbol 'a3xx_gpu_init' was not declared. Should it be static?
/home/pwalmsley/test_build/build/toolchains/gcc-linaro-arm-linux-gnueabihf-4.7-2013.04-20130415_linux/bin/../lib/gcc/arm-linux-gnueabihf/4.7.3/include/stddef.h:414:9: warning: preprocessor token offsetof redefined
include/linux/stddef.h:17:9: this was the original definition
/home/pwalmsley/test_build/build/toolchains/gcc-linaro-arm-linux-gnueabihf-4.7-2013.04-20130415_linux/bin/../lib/gcc/arm-linux-gnueabihf/4.7.3/include/stddef.h:414:9: warning: preprocessor token offsetof redefined
include/linux/stddef.h:17:9: this was the original definition
/home/pwalmsley/test_build/build/toolchains/gcc-linaro-arm-linux-gnueabihf-4.7-2013.04-20130415_linux/bin/../lib/gcc/arm-linux-gnueabihf/4.7.3/include/stddef.h:414:9: warning: preprocessor token offsetof redefined
include/linux/stddef.h:17:9: this was the original definition
/home/pwalmsley/test_build/build/toolchains/gcc-linaro-arm-linux-gnueabihf-4.7-2013.04-20130415_linux/bin/../lib/gcc/arm-linux-gnueabihf/4.7.3/include/stddef.h:414:9: warning: preprocessor token offsetof redefined
include/linux/stddef.h:17:9: this was the original definition
/home/pwalmsley/test_build/build/toolchains/gcc-linaro-arm-linux-gnueabihf-4.7-2013.04-20130415_linux/bin/../lib/gcc/arm-linux-gnueabihf/4.7.3/include/stddef.h:414:9: warning: preprocessor token offsetof redefined
include/linux/stddef.h:17:9: this was the original definition
/home/pwalmsley/test_build/build/toolchains/gcc-linaro-arm-linux-gnueabihf-4.7-2013.04-20130415_linux/bin/../lib/gcc/arm-linux-gnueabihf/4.7.3/include/stddef.h:414:9: warning: preprocessor token offsetof redefined
include/linux/stddef.h:17:9: this was the original definition
/home/pwalmsley/test_build/build/toolchains/gcc-linaro-arm-linux-gnueabihf-4.7-2013.04-20130415_linux/bin/../lib/gcc/arm-linux-gnueabihf/4.7.3/include/stddef.h:414:9: warning: preprocessor token offsetof redefined
include/linux/stddef.h:17:9: this was the original definition
/home/pwalmsley/test_build/build/toolchains/gcc-linaro-arm-linux-gnueabihf-4.7-2013.04-20130415_linux/bin/../lib/gcc/arm-linux-gnueabihf/4.7.3/include/stddef.h:414:9: warning: preprocessor token offsetof redefined
include/linux/stddef.h:17:9: this was the original definition
/home/pwalmsley/test_build/build/toolchains/gcc-linaro-arm-linux-gnueabihf-4.7-2013.04-20130415_linux/bin/../lib/gcc/arm-linux-gnueabihf/4.7.3/include/stddef.h:414:9: warning: preprocessor token offsetof redefined
include/linux/stddef.h:17:9: this was the original definition
/home/pwalmsley/test_build/build/toolchains/gcc-linaro-arm-linux-gnueabihf-4.7-2013.04-20130415_linux/bin/../lib/gcc/arm-linux-gnueabihf/4.7.3/include/stddef.h:414:9: warning: preprocessor token offsetof redefined
include/linux/stddef.h:17:9: this was the original definition
/home/pwalmsley/test_build/build/toolchains/gcc-linaro-arm-linux-gnueabihf-4.7-2013.04-20130415_linux/bin/../lib/gcc/arm-linux-gnueabihf/4.7.3/include/stddef.h:414:9: warning: preprocessor token offsetof redefined
include/linux/stddef.h:17:9: this was the original definition
drivers/gpu/drm/msm/mdp/mdp4/mdp4_crtc.c:274:26: warning: Initializer entry defined twice
drivers/gpu/drm/msm/mdp/mdp4/mdp4_crtc.c:274:33:   also defined here
/home/pwalmsley/test_build/build/toolchains/gcc-linaro-arm-linux-gnueabihf-4.7-2013.04-20130415_linux/bin/../lib/gcc/arm-linux-gnueabihf/4.7.3/include/stddef.h:414:9: warning: preprocessor token offsetof redefined
include/linux/stddef.h:17:9: this was the original definition
/home/pwalmsley/test_build/build/toolchains/gcc-linaro-arm-linux-gnueabihf-4.7-2013.04-20130415_linux/bin/../lib/gcc/arm-linux-gnueabihf/4.7.3/include/stddef.h:414:9: warning: preprocessor token offsetof redefined
include/linux/stddef.h:17:9: this was the original definition
drivers/gpu/drm/msm/mdp/mdp4/mdp4_lcdc_encoder.c:95:22: warning: symbol 'get_connector' was not declared. Should it be static?
fs/signalfd.c:107:25: warning: cast removes address space of expression
fs/signalfd.c:115:24: warning: cast removes address space of expression
fs/signalfd.c:141:24: warning: cast removes address space of expression
fs/signalfd.c:150:24: warning: cast removes address space of expression
/home/pwalmsley/test_build/build/toolchains/gcc-linaro-arm-linux-gnueabihf-4.7-2013.04-20130415_linux/bin/../lib/gcc/arm-linux-gnueabihf/4.7.3/include/stddef.h:414:9: warning: preprocessor token offsetof redefined
include/linux/stddef.h:17:9: this was the original definition
/home/pwalmsley/test_build/build/toolchains/gcc-linaro-arm-linux-gnueabihf-4.7-2013.04-20130415_linux/bin/../lib/gcc/arm-linux-gnueabihf/4.7.3/include/stddef.h:414:9: warning: preprocessor token offsetof redefined
include/linux/stddef.h:17:9: this was the original definition
/home/pwalmsley/test_build/build/toolchains/gcc-linaro-arm-linux-gnueabihf-4.7-2013.04-20130415_linux/bin/../lib/gcc/arm-linux-gnueabihf/4.7.3/include/stddef.h:414:9: warning: preprocessor token offsetof redefined
include/linux/stddef.h:17:9: this was the original definition
/home/pwalmsley/test_build/build/toolchains/gcc-linaro-arm-linux-gnueabihf-4.7-2013.04-20130415_linux/bin/../lib/gcc/arm-linux-gnueabihf/4.7.3/include/stddef.h:414:9: warning: preprocessor token offsetof redefined
include/linux/stddef.h:17:9: this was the original definition
drivers/gpu/drm/msm/mdp/mdp4/mdp4_plane.c:87:5: warning: symbol 'mdp4_plane_set_property' was not declared. Should it be static?
/home/pwalmsley/test_build/build/toolchains/gcc-linaro-arm-linux-gnueabihf-4.7-2013.04-20130415_linux/bin/../lib/gcc/arm-linux-gnueabihf/4.7.3/include/stddef.h:414:9: warning: preprocessor token offsetof redefined
include/linux/stddef.h:17:9: this was the original definition
/home/pwalmsley/test_build/build/toolchains/gcc-linaro-arm-linux-gnueabihf-4.7-2013.04-20130415_linux/bin/../lib/gcc/arm-linux-gnueabihf/4.7.3/include/stddef.h:414:9: warning: preprocessor token offsetof redefined
include/linux/stddef.h:17:9: this was the original definition
/home/pwalmsley/test_build/build/toolchains/gcc-linaro-arm-linux-gnueabihf-4.7-2013.04-20130415_linux/bin/../lib/gcc/arm-linux-gnueabihf/4.7.3/include/stddef.h:414:9: warning: preprocessor token offsetof redefined
include/linux/stddef.h:17:9: this was the original definition
/home/pwalmsley/test_build/build/toolchains/gcc-linaro-arm-linux-gnueabihf-4.7-2013.04-20130415_linux/bin/../lib/gcc/arm-linux-gnueabihf/4.7.3/include/stddef.h:414:9: warning: preprocessor token offsetof redefined
include/linux/stddef.h:17:9: this was the original definition
fs/binfmt_elf.c:1308:34: warning: incorrect type in argument 2 (different modifiers)
fs/binfmt_elf.c:1308:34:    expected unsigned long [nocast] [usertype] *utime
fs/binfmt_elf.c:1308:34:    got unsigned long *<noident>
fs/binfmt_elf.c:1308:34: warning: implicit cast to nocast type
fs/binfmt_elf.c:1308:42: warning: incorrect type in argument 3 (different modifiers)
fs/binfmt_elf.c:1308:42:    expected unsigned long [nocast] [usertype] *stime
fs/binfmt_elf.c:1308:42:    got unsigned long *<noident>
fs/binfmt_elf.c:1308:42: warning: implicit cast to nocast type
fs/mbcache.c:754:53: warning: context imbalance in '__mb_cache_entry_find' - unexpected unlock
fs/mbcache.c:801:9: warning: context imbalance in 'mb_cache_entry_find_first' - different lock contexts for basic block
include/linux/bit_spinlock.h:34:9: warning: context imbalance in 'mb_cache_entry_find_next' - wrong count at exit
/home/pwalmsley/test_build/build/toolchains/gcc-linaro-arm-linux-gnueabihf-4.7-2013.04-20130415_linux/bin/../lib/gcc/arm-linux-gnueabihf/4.7.3/include/stddef.h:414:9: warning: preprocessor token offsetof redefined
include/linux/stddef.h:17:9: this was the original definition
drivers/gpu/drm/msm/mdp/mdp5/mdp5_plane.c:105:5: warning: symbol 'mdp5_plane_set_property' was not declared. Should it be static?
/home/pwalmsley/test_build/build/toolchains/gcc-linaro-arm-linux-gnueabihf-4.7-2013.04-20130415_linux/bin/../lib/gcc/arm-linux-gnueabihf/4.7.3/include/stddef.h:414:9: warning: preprocessor token offsetof redefined
include/linux/stddef.h:17:9: this was the original definition
/home/pwalmsley/test_build/build/toolchains/gcc-linaro-arm-linux-gnueabihf-4.7-2013.04-20130415_linux/bin/../lib/gcc/arm-linux-gnueabihf/4.7.3/include/stddef.h:414:9: warning: preprocessor token offsetof redefined
include/linux/stddef.h:17:9: this was the original definition
drivers/gpu/drm/msm/msm_drv.c:77:31: warning: incorrect type in return expression (different address spaces)
drivers/gpu/drm/msm/msm_drv.c:77:31:    expected void [noderef] <asn:2>*
drivers/gpu/drm/msm/msm_drv.c:77:31:    got void *
drivers/gpu/drm/msm/msm_drv.c:85:31: warning: incorrect type in return expression (different address spaces)
drivers/gpu/drm/msm/msm_drv.c:85:31:    expected void [noderef] <asn:2>*
drivers/gpu/drm/msm/msm_drv.c:85:31:    got void *
drivers/gpu/drm/msm/msm_drv.c:89:74: warning: cast removes address space of expression
drivers/gpu/drm/msm/msm_drv.c:97:56: warning: cast removes address space of expression
drivers/gpu/drm/msm/msm_drv.c:105:54: warning: cast removes address space of expression
fs/coredump.c:46:5: warning: symbol 'core_uses_pid' was not declared. Should it be static?
fs/coredump.c:47:14: warning: symbol 'core_pipe_limit' was not declared. Should it be static?
fs/coredump.c:48:6: warning: symbol 'core_pattern' was not declared. Should it be static?
include/linux/sched.h:2543:37: warning: context imbalance in 'zap_threads' - different lock contexts for basic block
drivers/input/keyboard/cros_ec_keyb.c:168:31: warning: Variable length array is used.
drivers/input/keyboard/cros_ec_keyb.c:307:32: warning: Variable length array is used.
drivers/input/keyboard/cros_ec_keyb.c:308:32: warning: Variable length array is used.
drivers/input/keyboard/cros_ec_keyb.c:321:46: error: cannot size expression
drivers/input/keyboard/cros_ec_keyb.c:323:55: error: cannot size expression
/home/pwalmsley/test_build/build/toolchains/gcc-linaro-arm-linux-gnueabihf-4.7-2013.04-20130415_linux/bin/../lib/gcc/arm-linux-gnueabihf/4.7.3/include/stddef.h:414:9: warning: preprocessor token offsetof redefined
include/linux/stddef.h:17:9: this was the original definition
drivers/gpu/drm/msm/msm_fb.c:105:42: warning: Using plain integer as NULL pointer
/home/pwalmsley/test_build/build/toolchains/gcc-linaro-arm-linux-gnueabihf-4.7-2013.04-20130415_linux/bin/../lib/gcc/arm-linux-gnueabihf/4.7.3/include/stddef.h:414:9: warning: preprocessor token offsetof redefined
include/linux/stddef.h:17:9: this was the original definition
drivers/gpu/drm/msm/msm_gem.c:145:5: warning: symbol 'msm_gem_mmap_obj' was not declared. Should it be static?
/home/pwalmsley/test_build/build/toolchains/gcc-linaro-arm-linux-gnueabihf-4.7-2013.04-20130415_linux/bin/../lib/gcc/arm-linux-gnueabihf/4.7.3/include/stddef.h:414:9: warning: preprocessor token offsetof redefined
include/linux/stddef.h:17:9: this was the original definition
drivers/iommu/tegra-smmu.c:1187:43: warning: cast removes address space of expression
/home/pwalmsley/test_build/build/toolchains/gcc-linaro-arm-linux-gnueabihf-4.7-2013.04-20130415_linux/bin/../lib/gcc/arm-linux-gnueabihf/4.7.3/include/stddef.h:414:9: warning: preprocessor token offsetof redefined
include/linux/stddef.h:17:9: this was the original definition
drivers/input/mouse/lifebook.h:22:12: warning: symbol 'lifebook_detect' was not declared. Should it be static?
drivers/input/mouse/sentelic.h:126:12: warning: symbol 'fsp_detect' was not declared. Should it be static?
drivers/gpu/drm/msm/msm_gem_submit.c:71:37: warning: dereference of noderef expression
drivers/gpu/drm/msm/msm_gem_submit.c:361:37: warning: dereference of noderef expression
drivers/gpu/drm/msm/msm_gem_submit.c:411:55: warning: dereference of noderef expression
/home/pwalmsley/test_build/build/toolchains/gcc-linaro-arm-linux-gnueabihf-4.7-2013.04-20130415_linux/bin/../lib/gcc/arm-linux-gnueabihf/4.7.3/include/stddef.h:414:9: warning: preprocessor token offsetof redefined
include/linux/stddef.h:17:9: this was the original definition
/home/pwalmsley/test_build/build/toolchains/gcc-linaro-arm-linux-gnueabihf-4.7-2013.04-20130415_linux/bin/../lib/gcc/arm-linux-gnueabihf/4.7.3/include/stddef.h:414:9: warning: preprocessor token offsetof redefined
include/linux/stddef.h:17:9: this was the original definition
/home/pwalmsley/test_build/build/toolchains/gcc-linaro-arm-linux-gnueabihf-4.7-2013.04-20130415_linux/bin/../lib/gcc/arm-linux-gnueabihf/4.7.3/include/stddef.h:414:9: warning: preprocessor token offsetof redefined
include/linux/stddef.h:17:9: this was the original definition
/home/pwalmsley/test_build/build/toolchains/gcc-linaro-arm-linux-gnueabihf-4.7-2013.04-20130415_linux/bin/../lib/gcc/arm-linux-gnueabihf/4.7.3/include/stddef.h:414:9: warning: preprocessor token offsetof redefined
include/linux/stddef.h:17:9: this was the original definition
drivers/input/mouse/focaltech.c:33:5: warning: symbol 'focaltech_detect' was not declared. Should it be static?
drivers/input/mouse/focaltech.c:46:5: warning: symbol 'focaltech_init' was not declared. Should it be static?
/home/pwalmsley/test_build/build/toolchains/gcc-linaro-arm-linux-gnueabihf-4.7-2013.04-20130415_linux/bin/../lib/gcc/arm-linux-gnueabihf/4.7.3/include/stddef.h:414:9: warning: preprocessor token offsetof redefined
include/linux/stddef.h:17:9: this was the original definition
/home/pwalmsley/test_build/build/toolchains/gcc-linaro-arm-linux-gnueabihf-4.7-2013.04-20130415_linux/bin/../lib/gcc/arm-linux-gnueabihf/4.7.3/include/stddef.h:414:9: warning: preprocessor token offsetof redefined
include/linux/stddef.h:17:9: this was the original definition
drivers/gpu/drm/msm/msm_fbdev.c:179:26: warning: incorrect type in assignment (different address spaces)
drivers/gpu/drm/msm/msm_fbdev.c:179:26:    expected char [noderef] <asn:2>*screen_base
drivers/gpu/drm/msm/msm_fbdev.c:179:26:    got void *
drivers/gpu/drm/msm/msm_fbdev.c:264:6: warning: symbol 'msm_fbdev_free' was not declared. Should it be static?
/home/pwalmsley/test_build/build/toolchains/gcc-linaro-arm-linux-gnueabihf-4.7-2013.04-20130415_linux/bin/../lib/gcc/arm-linux-gnueabihf/4.7.3/include/stddef.h:414:9: warning: preprocessor token offsetof redefined
include/linux/stddef.h:17:9: this was the original definition
drivers/irqchip/irq-gic.c:105:16: warning: incorrect type in initializer (different address spaces)
drivers/irqchip/irq-gic.c:105:16:    expected void const [noderef] <asn:3>*__vpp_verify
drivers/irqchip/irq-gic.c:105:16:    got void [noderef] <asn:3>*[noderef] <asn:2>**<noident>
drivers/irqchip/irq-gic.c:105:16: warning: incorrect type in initializer (different address spaces)
drivers/irqchip/irq-gic.c:105:16:    expected void const [noderef] <asn:3>*__vpp_verify
drivers/irqchip/irq-gic.c:105:16:    got void [noderef] <asn:3>*[noderef] <asn:2>**<noident>
drivers/irqchip/irq-gic.c:105:16: warning: incorrect type in initializer (different address spaces)
drivers/irqchip/irq-gic.c:105:16:    expected void const [noderef] <asn:3>*__vpp_verify
drivers/irqchip/irq-gic.c:105:16:    got void [noderef] <asn:3>*[noderef] <asn:2>**<noident>
drivers/irqchip/irq-gic.c:105:16: warning: incorrect type in initializer (different address spaces)
drivers/irqchip/irq-gic.c:105:16:    expected void const [noderef] <asn:3>*__vpp_verify
drivers/irqchip/irq-gic.c:105:16:    got void [noderef] <asn:3>*[noderef] <asn:2>**<noident>
drivers/irqchip/irq-gic.c:105:16: warning: incorrect type in initializer (different address spaces)
drivers/irqchip/irq-gic.c:105:16:    expected void const [noderef] <asn:3>*__vpp_verify
drivers/irqchip/irq-gic.c:105:16:    got void [noderef] <asn:3>*[noderef] <asn:2>**<noident>
drivers/irqchip/irq-gic.c:914:44: warning: incorrect type in assignment (different address spaces)
drivers/irqchip/irq-gic.c:914:44:    expected void [noderef] <asn:3>*[noderef] <asn:2>*percpu_base
drivers/irqchip/irq-gic.c:914:44:    got void [noderef] <asn:2>*[noderef] <asn:3>*<noident>
drivers/irqchip/irq-gic.c:915:43: warning: incorrect type in assignment (different address spaces)
drivers/irqchip/irq-gic.c:915:43:    expected void [noderef] <asn:3>*[noderef] <asn:2>*percpu_base
drivers/irqchip/irq-gic.c:915:43:    got void [noderef] <asn:2>*[noderef] <asn:3>*<noident>
drivers/irqchip/irq-gic.c:918:51: warning: incorrect type in argument 1 (different address spaces)
drivers/irqchip/irq-gic.c:918:51:    expected void [noderef] <asn:3>*__pdata
drivers/irqchip/irq-gic.c:918:51:    got void [noderef] <asn:3>*[noderef] <asn:2>*percpu_base
drivers/irqchip/irq-gic.c:919:50: warning: incorrect type in argument 1 (different address spaces)
drivers/irqchip/irq-gic.c:919:50:    expected void [noderef] <asn:3>*__pdata
drivers/irqchip/irq-gic.c:919:50:    got void [noderef] <asn:3>*[noderef] <asn:2>*percpu_base
drivers/irqchip/irq-gic.c:927:26: warning: incorrect type in initializer (different address spaces)
drivers/irqchip/irq-gic.c:927:26:    expected void const [noderef] <asn:3>*__vpp_verify
drivers/irqchip/irq-gic.c:927:26:    got void [noderef] <asn:3>*[noderef] <asn:2>*<noident>
drivers/irqchip/irq-gic.c:927:71: warning: incorrect type in assignment (different address spaces)
drivers/irqchip/irq-gic.c:927:71:    expected void [noderef] <asn:3>*<noident>
drivers/irqchip/irq-gic.c:927:71:    got void [noderef] <asn:2>*
drivers/irqchip/irq-gic.c:928:26: warning: incorrect type in initializer (different address spaces)
drivers/irqchip/irq-gic.c:928:26:    expected void const [noderef] <asn:3>*__vpp_verify
drivers/irqchip/irq-gic.c:928:26:    got void [noderef] <asn:3>*[noderef] <asn:2>*<noident>
drivers/irqchip/irq-gic.c:928:70: warning: incorrect type in assignment (different address spaces)
drivers/irqchip/irq-gic.c:928:70:    expected void [noderef] <asn:3>*<noident>
drivers/irqchip/irq-gic.c:928:70:    got void [noderef] <asn:2>*
drivers/irqchip/irq-sirfsoc.c:52:47: warning: incorrect type in initializer (different address spaces)
drivers/irqchip/irq-sirfsoc.c:52:47:    expected void [noderef] <asn:2>*base
drivers/irqchip/irq-sirfsoc.c:52:47:    got void *host_data
drivers/irqchip/irq-sirfsoc.c:67:40: warning: incorrect type in argument 4 (different address spaces)
drivers/irqchip/irq-sirfsoc.c:67:40:    expected void *host_data
drivers/irqchip/irq-sirfsoc.c:67:40:    got void [noderef] <asn:2>*base
drivers/irqchip/irq-sirfsoc.c:95:47: warning: incorrect type in initializer (different address spaces)
drivers/irqchip/irq-sirfsoc.c:95:47:    expected void [noderef] <asn:2>*base
drivers/irqchip/irq-sirfsoc.c:95:47:    got void *host_data
drivers/irqchip/irq-sirfsoc.c:107:47: warning: incorrect type in initializer (different address spaces)
drivers/irqchip/irq-sirfsoc.c:107:47:    expected void [noderef] <asn:2>*base
drivers/irqchip/irq-sirfsoc.c:107:47:    got void *host_data
drivers/irqchip/irq-brcmstb-l2.c:113:12: warning: symbol 'brcmstb_l2_intc_of_init' was not declared. Should it be static?
drivers/irqchip/irq-bcm7120-l2.c:117:12: warning: symbol 'bcm7120_l2_intc_of_init' was not declared. Should it be static?
drivers/media/v4l2-core/v4l2-ioctl.c:232:9: error: cannot size expression
drivers/media/v4l2-core/v4l2-ioctl.c:252:9: error: cannot size expression
drivers/media/v4l2-core/v4l2-ioctl.c:257:17: error: cannot size expression
drivers/media/v4l2-core/v4l2-ioctl.c:273:17: error: cannot size expression
drivers/media/v4l2-core/v4l2-ioctl.c:294:17: error: cannot size expression
drivers/media/v4l2-core/v4l2-ioctl.c:354:9: error: cannot size expression
drivers/media/v4l2-core/v4l2-ioctl.c:425:9: error: cannot size expression
drivers/media/v4l2-core/v4l2-ioctl.c:438:9: error: cannot size expression
drivers/media/v4l2-core/v4l2-ioctl.c:438:9: error: cannot size expression
drivers/media/v4l2-core/v4l2-ioctl.c:474:9: error: cannot size expression
drivers/media/v4l2-core/v4l2-ioctl.c:493:9: error: cannot size expression
drivers/media/v4l2-core/v4l2-ioctl.c:579:9: error: cannot size expression
drivers/media/v4l2-core/v4l2-ioctl.c:594:9: error: cannot size expression
drivers/media/v4l2-core/v4l2-ioctl.c:604:9: error: cannot size expression
drivers/media/v4l2-core/v4l2-ioctl.c:808:25: error: cannot size expression
drivers/media/v4l2-core/v4l2-ioctl.c:843:9: error: cannot size expression
drivers/media/v4l2-core/v4l2-ctrls.c:1448:38: warning: incorrect type in argument 1 (different address spaces)
drivers/media/v4l2-core/v4l2-ctrls.c:1448:38:    expected void [noderef] <asn:1>*to
drivers/media/v4l2-core/v4l2-ctrls.c:1448:38:    got void *ptr
drivers/media/v4l2-core/v4l2-ctrls.c:1458:38: warning: incorrect type in argument 1 (different address spaces)
drivers/media/v4l2-core/v4l2-ctrls.c:1458:38:    expected void [noderef] <asn:1>*to
drivers/media/v4l2-core/v4l2-ctrls.c:1458:38:    got char *string
drivers/media/v4l2-core/v4l2-ctrls.c:1496:46: warning: incorrect type in argument 2 (different address spaces)
drivers/media/v4l2-core/v4l2-ctrls.c:1496:46:    expected void const [noderef] <asn:1>*from
drivers/media/v4l2-core/v4l2-ctrls.c:1496:46:    got void *ptr
drivers/media/v4l2-core/v4l2-ctrls.c:1514:51: warning: incorrect type in argument 2 (different address spaces)
drivers/media/v4l2-core/v4l2-ctrls.c:1514:51:    expected void const [noderef] <asn:1>*from
drivers/media/v4l2-core/v4l2-ctrls.c:1514:51:    got char *string
drivers/media/v4l2-core/v4l2-dv-timings.c:34:9: error: unknown field name in initializer
drivers/media/v4l2-core/v4l2-dv-timings.c:35:9: error: unknown field name in initializer
drivers/media/v4l2-core/v4l2-dv-timings.c:36:9: error: unknown field name in initializer
drivers/media/v4l2-core/v4l2-dv-timings.c:37:9: error: unknown field name in initializer
drivers/media/v4l2-core/v4l2-dv-timings.c:38:9: error: unknown field name in initializer
drivers/media/v4l2-core/v4l2-dv-timings.c:39:9: error: unknown field name in initializer
drivers/media/v4l2-core/v4l2-dv-timings.c:40:9: error: unknown field name in initializer
drivers/media/v4l2-core/v4l2-dv-timings.c:41:9: error: unknown field name in initializer
drivers/media/v4l2-core/v4l2-dv-timings.c:42:9: error: unknown field name in initializer
drivers/media/v4l2-core/v4l2-dv-timings.c:43:9: error: unknown field name in initializer
drivers/media/v4l2-core/v4l2-dv-timings.c:44:9: error: unknown field name in initializer
drivers/media/v4l2-core/v4l2-dv-timings.c:45:9: error: unknown field name in initializer
drivers/media/v4l2-core/v4l2-dv-timings.c:46:9: error: unknown field name in initializer
drivers/media/v4l2-core/v4l2-dv-timings.c:47:9: error: unknown field name in initializer
drivers/media/v4l2-core/v4l2-dv-timings.c:48:9: error: unknown field name in initializer
drivers/media/v4l2-core/v4l2-dv-timings.c:49:9: error: unknown field name in initializer
drivers/media/v4l2-core/v4l2-dv-timings.c:50:9: error: unknown field name in initializer
drivers/media/v4l2-core/v4l2-dv-timings.c:51:9: error: unknown field name in initializer
drivers/media/v4l2-core/v4l2-dv-timings.c:52:9: error: unknown field name in initializer
drivers/media/v4l2-core/v4l2-dv-timings.c:53:9: error: unknown field name in initializer
drivers/media/v4l2-core/v4l2-dv-timings.c:54:9: error: unknown field name in initializer
drivers/media/v4l2-core/v4l2-dv-timings.c:55:9: error: unknown field name in initializer
drivers/media/v4l2-core/v4l2-dv-timings.c:56:9: error: unknown field name in initializer
drivers/media/v4l2-core/v4l2-dv-timings.c:57:9: error: unknown field name in initializer
drivers/media/v4l2-core/v4l2-dv-timings.c:58:9: error: unknown field name in initializer
drivers/media/v4l2-core/v4l2-dv-timings.c:59:9: error: unknown field name in initializer
drivers/media/v4l2-core/v4l2-dv-timings.c:60:9: error: unknown field name in initializer
drivers/media/v4l2-core/v4l2-dv-timings.c:61:9: error: unknown field name in initializer
drivers/media/v4l2-core/v4l2-dv-timings.c:62:9: error: unknown field name in initializer
drivers/media/v4l2-core/v4l2-dv-timings.c:63:9: error: unknown field name in initializer
drivers/media/v4l2-core/v4l2-dv-timings.c:64:9: error: unknown field name in initializer
drivers/media/v4l2-core/v4l2-dv-timings.c:65:9: error: unknown field name in initializer
drivers/media/v4l2-core/v4l2-dv-timings.c:66:9: error: unknown field name in initializer
drivers/media/v4l2-core/v4l2-dv-timings.c:67:9: error: unknown field name in initializer
drivers/media/v4l2-core/v4l2-dv-timings.c:68:9: error: unknown field name in initializer
drivers/media/v4l2-core/v4l2-dv-timings.c:69:9: error: unknown field name in initializer
drivers/media/v4l2-core/v4l2-dv-timings.c:70:9: error: unknown field name in initializer
drivers/media/v4l2-core/v4l2-dv-timings.c:71:9: error: unknown field name in initializer
drivers/media/v4l2-core/v4l2-dv-timings.c:72:9: error: unknown field name in initializer
drivers/media/v4l2-core/v4l2-dv-timings.c:73:9: error: unknown field name in initializer
drivers/media/v4l2-core/v4l2-dv-timings.c:74:9: error: unknown field name in initializer
drivers/media/v4l2-core/v4l2-dv-timings.c:75:9: error: unknown field name in initializer
drivers/media/v4l2-core/v4l2-dv-timings.c:76:9: error: unknown field name in initializer
drivers/media/v4l2-core/v4l2-dv-timings.c:77:9: error: unknown field name in initializer
drivers/media/v4l2-core/v4l2-dv-timings.c:78:9: error: unknown field name in initializer
drivers/media/v4l2-core/v4l2-dv-timings.c:79:9: error: unknown field name in initializer
drivers/media/v4l2-core/v4l2-dv-timings.c:80:9: error: unknown field name in initializer
drivers/media/v4l2-core/v4l2-dv-timings.c:81:9: error: unknown field name in initializer
drivers/media/v4l2-core/v4l2-dv-timings.c:82:9: error: unknown field name in initializer
drivers/media/v4l2-core/v4l2-dv-timings.c:83:9: error: unknown field name in initializer
drivers/media/v4l2-core/v4l2-dv-timings.c:84:9: error: unknown field name in initializer
drivers/media/v4l2-core/v4l2-dv-timings.c:85:9: error: unknown field name in initializer
drivers/media/v4l2-core/v4l2-dv-timings.c:86:9: error: unknown field name in initializer
drivers/media/v4l2-core/v4l2-dv-timings.c:87:9: error: unknown field name in initializer
drivers/media/v4l2-core/v4l2-dv-timings.c:88:9: error: unknown field name in initializer
drivers/media/v4l2-core/v4l2-dv-timings.c:89:9: error: unknown field name in initializer
drivers/media/v4l2-core/v4l2-dv-timings.c:90:9: error: unknown field name in initializer
drivers/media/v4l2-core/v4l2-dv-timings.c:91:9: error: unknown field name in initializer
drivers/media/v4l2-core/v4l2-dv-timings.c:92:9: error: unknown field name in initializer
drivers/media/v4l2-core/v4l2-dv-timings.c:93:9: error: unknown field name in initializer
drivers/media/v4l2-core/v4l2-dv-timings.c:94:9: error: unknown field name in initializer
drivers/media/v4l2-core/v4l2-dv-timings.c:95:9: error: unknown field name in initializer
drivers/media/v4l2-core/v4l2-dv-timings.c:96:9: error: unknown field name in initializer
drivers/media/v4l2-core/v4l2-dv-timings.c:97:9: error: unknown field name in initializer
drivers/media/v4l2-core/v4l2-dv-timings.c:98:9: error: unknown field name in initializer
drivers/media/v4l2-core/v4l2-dv-timings.c:99:9: error: unknown field name in initializer
drivers/media/v4l2-core/v4l2-dv-timings.c:100:9: error: unknown field name in initializer
drivers/media/v4l2-core/v4l2-dv-timings.c:101:9: error: unknown field name in initializer
drivers/media/v4l2-core/v4l2-dv-timings.c:102:9: error: unknown field name in initializer
drivers/media/v4l2-core/v4l2-dv-timings.c:103:9: error: unknown field name in initializer
drivers/media/v4l2-core/v4l2-dv-timings.c:104:9: error: unknown field name in initializer
drivers/media/v4l2-core/v4l2-dv-timings.c:105:9: error: unknown field name in initializer
drivers/media/v4l2-core/v4l2-dv-timings.c:106:9: error: unknown field name in initializer
drivers/media/v4l2-core/v4l2-dv-timings.c:107:9: error: unknown field name in initializer
drivers/media/v4l2-core/v4l2-dv-timings.c:108:9: error: unknown field name in initializer
drivers/media/v4l2-core/v4l2-dv-timings.c:109:9: error: unknown field name in initializer
drivers/media/v4l2-core/v4l2-dv-timings.c:110:9: error: unknown field name in initializer
drivers/media/v4l2-core/v4l2-dv-timings.c:111:9: error: unknown field name in initializer
drivers/media/v4l2-core/v4l2-dv-timings.c:112:9: error: unknown field name in initializer
drivers/media/v4l2-core/v4l2-dv-timings.c:113:9: error: unknown field name in initializer
drivers/media/v4l2-core/v4l2-dv-timings.c:114:9: error: unknown field name in initializer
drivers/media/v4l2-core/v4l2-dv-timings.c:115:9: error: unknown field name in initializer
drivers/media/v4l2-core/v4l2-dv-timings.c:116:9: error: unknown field name in initializer
drivers/media/v4l2-core/v4l2-dv-timings.c:117:9: error: unknown field name in initializer
drivers/media/v4l2-core/v4l2-dv-timings.c:118:9: error: unknown field name in initializer
drivers/media/v4l2-core/v4l2-dv-timings.c:119:9: error: unknown field name in initializer
drivers/media/v4l2-core/v4l2-dv-timings.c:120:9: error: unknown field name in initializer
drivers/media/v4l2-core/v4l2-dv-timings.c:121:9: error: unknown field name in initializer
drivers/media/v4l2-core/v4l2-dv-timings.c:122:9: error: unknown field name in initializer
drivers/media/v4l2-core/v4l2-dv-timings.c:123:9: error: unknown field name in initializer
drivers/media/v4l2-core/v4l2-dv-timings.c:124:9: error: unknown field name in initializer
drivers/media/v4l2-core/v4l2-dv-timings.c:125:9: error: unknown field name in initializer
drivers/media/v4l2-core/v4l2-dv-timings.c:126:9: error: unknown field name in initializer
drivers/media/v4l2-core/v4l2-dv-timings.c:127:9: error: unknown field name in initializer
drivers/media/v4l2-core/v4l2-dv-timings.c:128:9: error: unknown field name in initializer
drivers/media/v4l2-core/v4l2-dv-timings.c:129:9: error: unknown field name in initializer
drivers/media/v4l2-core/v4l2-dv-timings.c:130:9: error: unknown field name in initializer
drivers/media/v4l2-core/v4l2-dv-timings.c:131:9: error: unknown field name in initializer
drivers/media/v4l2-core/v4l2-dv-timings.c:132:9: error: unknown field name in initializer
drivers/media/v4l2-core/v4l2-dv-timings.c:133:9: error: unknown field name in initializer
drivers/media/v4l2-core/v4l2-dv-timings.c:134:9: error: unknown field name in initializer
drivers/media/v4l2-core/v4l2-dv-timings.c:135:9: error: too many errors
drivers/mfd/ab8500-debugfs.c:1388:6: warning: symbol 'ab8500_dump_all_banks_to_mem' was not declared. Should it be static?
drivers/mfd/ab8500-debugfs.c:1578:28: warning: symbol 'suspend_test_wake_cause_interrupt_is_mine' was not declared. Should it be static?
drivers/mfd/ab8500-debugfs.c:2742:20: error: incompatible types in comparison expression (different type sizes)
drivers/media/v4l2-core/videobuf2-vmalloc.c:95:28: warning: incorrect type in assignment (different address spaces)
drivers/media/v4l2-core/videobuf2-vmalloc.c:95:28:    expected void *vaddr
drivers/media/v4l2-core/videobuf2-vmalloc.c:95:28:    got void [noderef] <asn:2>*
drivers/media/v4l2-core/videobuf2-vmalloc.c:155:28: warning: incorrect type in argument 1 (different address spaces)
drivers/media/v4l2-core/videobuf2-vmalloc.c:155:28:    expected void volatile [noderef] <asn:2>*addr
drivers/media/v4l2-core/videobuf2-vmalloc.c:155:28:    got void *vaddr
drivers/mfd/db8500-prcmu.c:681:5: warning: symbol 'prcmu_get_boot_status' was not declared. Should it be static?
drivers/mfd/omap-usb-tll.c:329:5: warning: symbol 'omap_tll_init' was not declared. Should it be static?
drivers/mfd/omap-usb-tll.c:404:5: warning: symbol 'omap_tll_enable' was not declared. Should it be static?
drivers/mfd/omap-usb-tll.c:438:5: warning: symbol 'omap_tll_disable' was not declared. Should it be static?
drivers/of/fdt.c:787:46: warning: incorrect type in argument 2 (different modifiers)
drivers/of/fdt.c:787:46:    expected int ( *setup )( ... )
drivers/of/fdt.c:787:46:    got void const *const data
drivers/of/fdt.c:751:12: warning: symbol 'early_init_dt_scan_chosen_serial' was not declared. Should it be static?
drivers/mfd/vexpress-sysreg.c:101:14: error: symbol 'vexpress_get_24mhz_clock_base' redeclared with different type (originally declared at include/linux/vexpress.h:63) - different address spaces
drivers/of/of_reserved_mem.c:30:19: warning: symbol 'early_init_dt_alloc_reserved_memory_arch' was not declared. Should it be static?
drivers/of/of_reserved_mem.c:185:50: warning: incorrect type in initializer (different modifiers)
drivers/of/of_reserved_mem.c:185:50:    expected int ( *[usertype] initfn )( ... )
drivers/of/of_reserved_mem.c:185:50:    got void const *const data
drivers/pci/pci.c:35:5: warning: symbol 'isa_dma_bridge_buggy' was not declared. Should it be static?
drivers/phy/phy-miphy365x.c:442:5: warning: symbol 'miphy365x_get_addr' was not declared. Should it be static?
drivers/pci/pci.c:4388:1: warning: symbol 'bus_attr_resource_alignment' was not declared. Should it be static?
drivers/pci/rom.c:224:36: warning: incorrect type in return expression (different address spaces)
drivers/pci/rom.c:224:36:    expected void [noderef] <asn:2>*
drivers/pci/rom.c:224:36:    got void *
drivers/pinctrl/pinconf.c:497:20: error: incompatible types in comparison expression (different type sizes)
drivers/mmc/host/omap.c:857:6: warning: symbol 'omap_mmc_notify_cover_event' was not declared. Should it be static?
drivers/power/reset/vexpress-poweroff.c:69:1: warning: symbol 'dev_attr_active' was not declared. Should it be static?
drivers/net/ethernet/freescale/fec_main.c:2707:5: warning: symbol 'fec_enet_select_queue' was not declared. Should it be static?
drivers/net/ethernet/freescale/fec_main.c:2673:12: warning: context imbalance in 'fec_set_features' - different lock contexts for basic block
drivers/pci/msi.c:190:12: warning: symbol 'arch_msi_mask_irq' was not declared. Should it be static?
drivers/pci/msi.c:220:12: warning: symbol 'arch_msix_mask_irq' was not declared. Should it be static?
drivers/pinctrl/nomadik/pinctrl-nomadik.c:615:5: warning: symbol 'nmk_gpio_get_mode' was not declared. Should it be static?
drivers/pinctrl/nomadik/pinctrl-nomadik.c:1077:6: warning: symbol 'nmk_gpio_clocks_enable' was not declared. Should it be static?
drivers/pinctrl/nomadik/pinctrl-nomadik.c:1091:6: warning: symbol 'nmk_gpio_clocks_disable' was not declared. Should it be static?
drivers/pinctrl/nomadik/pinctrl-nomadik.c:1114:6: warning: symbol 'nmk_gpio_wakeups_suspend' was not declared. Should it be static?
drivers/pinctrl/nomadik/pinctrl-nomadik.c:1135:6: warning: symbol 'nmk_gpio_wakeups_resume' was not declared. Should it be static?
drivers/pinctrl/nomadik/pinctrl-nomadik.c:1161:6: warning: symbol 'nmk_gpio_read_pull' was not declared. Should it be static?
drivers/pinctrl/nomadik/pinctrl-nomadik.c:1765:9: warning: context imbalance in 'nmk_pmx_set' - different lock contexts for basic block
drivers/ras/debugfs.c:7:5: warning: symbol 'ras_userspace_consumers' was not declared. Should it be static?
drivers/ras/debugfs.c:37:12: warning: symbol 'ras_add_daemon_trace' was not declared. Should it be static?
drivers/ras/debugfs.c:53:13: warning: symbol 'ras_debugfs_init' was not declared. Should it be static?
drivers/pci/host/pci-mvebu.c:845:31: warning: incorrect type in return expression (different address spaces)
drivers/pci/host/pci-mvebu.c:845:31:    expected void [noderef] <asn:2>*
drivers/pci/host/pci-mvebu.c:845:31:    got void *
drivers/pinctrl/samsung/pinctrl-exynos.c:363:5: warning: symbol 'exynos_get_eint_wake_mask' was not declared. Should it be static?
drivers/reset/reset-sunxi.c:128:13: warning: symbol 'sun6i_reset_init' was not declared. Should it be static?
drivers/pinctrl/pinctrl-st.c:1515:31: error: incompatible types for operation (>)
drivers/pinctrl/pinctrl-st.c:1515:31:    left side has type void [noderef] <asn:2>*irqmux_base
drivers/pinctrl/pinctrl-st.c:1515:31:    right side has type int
drivers/scsi/scsi_lib.c:499:6: warning: symbol 'scsi_requeue_run_queue' was not declared. Should it be static?
drivers/scsi/scsi_lib.c:2603:6: warning: symbol 'scsi_evt_thread' was not declared. Should it be static?
drivers/net/ethernet/marvell/mv643xx_eth.c:1914:35: warning: incorrect type in assignment (different address spaces)
drivers/net/ethernet/marvell/mv643xx_eth.c:1914:35:    expected struct rx_desc *rx_desc_area
drivers/net/ethernet/marvell/mv643xx_eth.c:1914:35:    got void [noderef] <asn:2>*
drivers/net/ethernet/marvell/mv643xx_eth.c:1953:28: warning: incorrect type in argument 1 (different address spaces)
drivers/net/ethernet/marvell/mv643xx_eth.c:1953:28:    expected void volatile [noderef] <asn:2>*addr
drivers/net/ethernet/marvell/mv643xx_eth.c:1953:28:    got struct rx_desc *rx_desc_area
drivers/net/ethernet/marvell/mv643xx_eth.c:1984:28: warning: incorrect type in argument 1 (different address spaces)
drivers/net/ethernet/marvell/mv643xx_eth.c:1984:28:    expected void volatile [noderef] <asn:2>*addr
drivers/net/ethernet/marvell/mv643xx_eth.c:1984:28:    got struct rx_desc *rx_desc_area
drivers/net/ethernet/marvell/mv643xx_eth.c:2017:35: warning: incorrect type in assignment (different address spaces)
drivers/net/ethernet/marvell/mv643xx_eth.c:2017:35:    expected struct tx_desc *tx_desc_area
drivers/net/ethernet/marvell/mv643xx_eth.c:2017:35:    got void [noderef] <asn:2>*
drivers/net/ethernet/marvell/mv643xx_eth.c:2074:28: warning: incorrect type in argument 1 (different address spaces)
drivers/net/ethernet/marvell/mv643xx_eth.c:2074:28:    expected void volatile [noderef] <asn:2>*addr
drivers/net/ethernet/marvell/mv643xx_eth.c:2074:28:    got struct tx_desc *tx_desc_area
drivers/net/ethernet/marvell/mvneta.c:530:29: warning: incorrect type in initializer (different address spaces)
drivers/net/ethernet/marvell/mvneta.c:530:29:    expected void const [noderef] <asn:3>*__vpp_verify
drivers/net/ethernet/marvell/mvneta.c:530:29:    got struct mvneta_pcpu_stats *<noident>
drivers/net/ethernet/marvell/mvneta.c:516:26: warning: symbol 'mvneta_get_stats64' was not declared. Should it be static?
drivers/net/ethernet/marvell/mvneta.c:1529:51: warning: incorrect type in initializer (different address spaces)
drivers/net/ethernet/marvell/mvneta.c:1529:51:    expected void const [noderef] <asn:3>*__vpp_verify
drivers/net/ethernet/marvell/mvneta.c:1529:51:    got struct mvneta_pcpu_stats *<noident>
drivers/net/ethernet/marvell/mvneta.c:1780:51: warning: incorrect type in initializer (different address spaces)
drivers/net/ethernet/marvell/mvneta.c:1780:51:    expected void const [noderef] <asn:3>*__vpp_verify
drivers/net/ethernet/marvell/mvneta.c:1780:51:    got struct mvneta_pcpu_stats *<noident>
drivers/net/ethernet/marvell/mvneta.c:2676:5: warning: symbol 'mvneta_ethtool_get_settings' was not declared. Should it be static?
drivers/net/ethernet/marvell/mvneta.c:2687:5: warning: symbol 'mvneta_ethtool_set_settings' was not declared. Should it be static?
drivers/net/ethernet/marvell/mvneta.c:2797:26: warning: symbol 'mvneta_eth_tool_ops' was not declared. Should it be static?
drivers/net/ethernet/marvell/mvneta.c:3010:19: warning: incorrect type in assignment (different address spaces)
drivers/net/ethernet/marvell/mvneta.c:3010:19:    expected struct mvneta_pcpu_stats *stats
drivers/net/ethernet/marvell/mvneta.c:3010:19:    got struct mvneta_pcpu_stats [noderef] <asn:3>*pcpu_stats
drivers/net/ethernet/marvell/mvneta.c:3073:23: warning: incorrect type in argument 1 (different address spaces)
drivers/net/ethernet/marvell/mvneta.c:3073:23:    expected void [noderef] <asn:3>*__pdata
drivers/net/ethernet/marvell/mvneta.c:3073:23:    got struct mvneta_pcpu_stats *stats
drivers/net/ethernet/marvell/mvneta.c:3093:23: warning: incorrect type in argument 1 (different address spaces)
drivers/net/ethernet/marvell/mvneta.c:3093:23:    expected void [noderef] <asn:3>*__pdata
drivers/net/ethernet/marvell/mvneta.c:3093:23:    got struct mvneta_pcpu_stats *stats
drivers/staging/nvec/nvec_ps2.c:172:14: warning: duplicate const 
drivers/scsi/scsi_sysfs.c:201:25: warning: symbol 'dev_attr_hstate' was not declared. Should it be static?
drivers/scsi/scsi_sysfs.c:376:24: warning: symbol 'scsi_shost_attr_group' was not declared. Should it be static?
drivers/thermal/st/st_thermal.c:28:5: warning: symbol 'st_thermal_alloc_regfields' was not declared. Should it be static?
drivers/thermal/st/st_thermal_syscfg.c:107:37: warning: symbol 'st_415sas_cdata' was not declared. Should it be static?
drivers/thermal/st/st_thermal_syscfg.c:117:37: warning: symbol 'st_415mpe_cdata' was not declared. Should it be static?
drivers/thermal/st/st_thermal_syscfg.c:127:37: warning: symbol 'st_416sas_cdata' was not declared. Should it be static?
drivers/thermal/st/st_thermal_syscfg.c:137:37: warning: symbol 'st_127_cdata' was not declared. Should it be static?
drivers/thermal/st/st_thermal_syscfg.c:155:5: warning: symbol 'st_syscfg_probe' was not declared. Should it be static?
drivers/thermal/st/st_thermal_syscfg.c:160:5: warning: symbol 'st_syscfg_remove' was not declared. Should it be static?
drivers/thermal/st/st_thermal_memmap.c:160:37: warning: symbol 'st_416mpe_cdata' was not declared. Should it be static?
drivers/thermal/st/st_thermal_memmap.c:169:37: warning: symbol 'st_407_cdata' was not declared. Should it be static?
drivers/thermal/st/st_thermal_memmap.c:184:5: warning: symbol 'st_mmap_probe' was not declared. Should it be static?
drivers/thermal/st/st_thermal_memmap.c:189:5: warning: symbol 'st_mmap_remove' was not declared. Should it be static?
drivers/tty/tty_io.c:119:17: warning: too long initializer-string for array of char
drivers/tty/tty_io.c:1033:6: warning: context imbalance in 'tty_write_unlock' - wrong count at exit
drivers/tty/tty_io.c:1040:5: warning: context imbalance in 'tty_write_lock' - wrong count at exit
drivers/tty/tty_io.c:1161:17: warning: context imbalance in 'tty_write_message' - unexpected unlock
drivers/tty/tty_io.c:1183:16: warning: context imbalance in 'tty_write' - different lock contexts for basic block
drivers/tty/tty_io.c:2578:12: warning: context imbalance in 'send_break' - different lock contexts for basic block
drivers/net/ethernet/stmicro/stmmac/stmmac_main.c:1886:20: warning: context imbalance in 'stmmac_xmit' - different lock contexts for basic block
drivers/net/ethernet/ti/davinci_cpdma.c:184:29: warning: incorrect type in assignment (different address spaces)
drivers/net/ethernet/ti/davinci_cpdma.c:184:29:    expected void [noderef] <asn:2>*iomap
drivers/net/ethernet/ti/davinci_cpdma.c:184:29:    got void *cpumap
drivers/net/ethernet/ti/cpsw-phy-sel.c:195:28: warning: incorrect type in assignment (different modifiers)
drivers/net/ethernet/ti/cpsw-phy-sel.c:195:28:    expected void ( *cpsw_phy_sel )( ... )
drivers/net/ethernet/ti/cpsw-phy-sel.c:195:28:    got void const *const data
drivers/net/ethernet/ti/cpsw_ale.c:149:5: warning: symbol 'cpsw_ale_match_addr' was not declared. Should it be static?
drivers/net/ethernet/ti/cpsw_ale.c:170:5: warning: symbol 'cpsw_ale_match_vlan' was not declared. Should it be static?
drivers/tty/sysrq.c:58:16: warning: symbol 'platform_sysrq_reset_seq' was not declared. Should it be static?
drivers/tty/sysrq.c:59:5: warning: symbol 'sysrq_reset_downtime_ms' was not declared. Should it be static?
drivers/tty/serial/serial_core.c:618:22: warning: invalid assignment: |=
drivers/tty/serial/serial_core.c:618:22:    left side has type unsigned int
drivers/tty/serial/serial_core.c:618:22:    right side has type restricted upf_t
drivers/tty/serial/serial_core.c:620:22: warning: invalid assignment: |=
drivers/tty/serial/serial_core.c:620:22:    left side has type unsigned int
drivers/tty/serial/serial_core.c:620:22:    right side has type restricted upf_t
drivers/tty/serial/serial_core.c:622:17: warning: restricted upf_t degrades to integer
drivers/tty/serial/serial_core.c:624:22: warning: invalid assignment: &=
drivers/tty/serial/serial_core.c:624:22:    left side has type unsigned int
drivers/tty/serial/serial_core.c:624:22:    right side has type restricted upf_t
drivers/tty/serial/serial_core.c:627:20: warning: restricted upf_t degrades to integer
drivers/tty/serial/serial_core.c:630:20: warning: restricted upf_t degrades to integer
drivers/tty/serial/serial_core.c:641:22: warning: invalid assignment: |=
drivers/tty/serial/serial_core.c:641:22:    left side has type unsigned int
drivers/tty/serial/serial_core.c:641:22:    right side has type restricted upf_t
drivers/tty/serial/serial_core.c:643:22: warning: invalid assignment: |=
drivers/tty/serial/serial_core.c:643:22:    left side has type unsigned int
drivers/tty/serial/serial_core.c:643:22:    right side has type restricted upf_t
drivers/tty/serial/serial_core.c:645:17: warning: restricted upf_t degrades to integer
drivers/tty/serial/serial_core.c:647:22: warning: invalid assignment: &=
drivers/tty/serial/serial_core.c:647:22:    left side has type unsigned int
drivers/tty/serial/serial_core.c:647:22:    right side has type restricted upf_t
drivers/tty/serial/serial_core.c:650:20: warning: restricted upf_t degrades to integer
drivers/tty/serial/serial_core.c:653:20: warning: restricted upf_t degrades to integer
drivers/tty/serial/serial_core.c:671:29: warning: incorrect type in assignment (different base types)
drivers/tty/serial/serial_core.c:671:29:    expected int [signed] flags
drivers/tty/serial/serial_core.c:671:29:    got restricted upf_t [usertype] flags
drivers/tty/serial/serial_core.c:745:19: warning: incorrect type in assignment (different base types)
drivers/tty/serial/serial_core.c:745:19:    expected restricted upf_t [usertype] new_flags
drivers/tty/serial/serial_core.c:745:19:    got int [signed] flags
drivers/watchdog/sirfsoc_wdt.c:48:18: warning: incorrect type in assignment (different address spaces)
drivers/watchdog/sirfsoc_wdt.c:48:18:    expected void [noderef] <asn:2>*wdt_base
drivers/watchdog/sirfsoc_wdt.c:48:18:    got void *
drivers/watchdog/sirfsoc_wdt.c:64:18: warning: incorrect type in assignment (different address spaces)
drivers/watchdog/sirfsoc_wdt.c:64:18:    expected void [noderef] <asn:2>*wdt_base
drivers/watchdog/sirfsoc_wdt.c:64:18:    got void *
drivers/watchdog/sirfsoc_wdt.c:82:54: warning: incorrect type in initializer (different address spaces)
drivers/watchdog/sirfsoc_wdt.c:82:54:    expected void [noderef] <asn:2>*wdt_base
drivers/watchdog/sirfsoc_wdt.c:82:54:    got void *
drivers/watchdog/sirfsoc_wdt.c:99:54: warning: incorrect type in initializer (different address spaces)
drivers/watchdog/sirfsoc_wdt.c:99:54:    expected void [noderef] <asn:2>*wdt_base
drivers/watchdog/sirfsoc_wdt.c:99:54:    got void *
drivers/watchdog/sirfsoc_wdt.c:153:44: warning: incorrect type in argument 2 (different address spaces)
drivers/watchdog/sirfsoc_wdt.c:153:44:    expected void *data
drivers/watchdog/sirfsoc_wdt.c:153:44:    got void [noderef] <asn:2>*[assigned] base
drivers/net/ethernet/ti/cpsw.c:1543:9: warning: switch with no cases
drivers/tty/serial/8250/8250_core.c:3010:32: warning: incorrect type in assignment (different base types)
drivers/tty/serial/8250/8250_core.c:3010:32:    expected restricted upf_t [usertype] flags
drivers/tty/serial/8250/8250_core.c:3010:32:    got unsigned int const [unsigned] flags
drivers/tty/serial/8250/8250_core.c:3012:32: warning: incorrect type in assignment (different address spaces)
drivers/tty/serial/8250/8250_core.c:3012:32:    expected unsigned char [noderef] <asn:2>*membase
drivers/tty/serial/8250/8250_core.c:3012:32:    got unsigned char *const iomem_base
drivers/tty/serial/8250/8250_core.c:3116:9: warning: context imbalance in 'serial8250_console_write' - different lock contexts for basic block
drivers/net/ethernet/stmicro/stmmac/enh_desc.c:381:30: warning: symbol 'enh_desc_ops' was not declared. Should it be static?
drivers/net/ethernet/stmicro/stmmac/norm_desc.c:253:30: warning: symbol 'ndesc_ops' was not declared. Should it be static?
drivers/tty/vt/vt.c:1370:57: warning: obsolete struct initializer, use C99 syntax
drivers/tty/vt/vt.c:1371:57: warning: obsolete struct initializer, use C99 syntax
drivers/tty/vt/vt.c:1372:57: warning: obsolete struct initializer, use C99 syntax
drivers/tty/vt/vt.c:1391:57: warning: obsolete struct initializer, use C99 syntax
drivers/tty/vt/vt.c:1392:57: warning: obsolete struct initializer, use C99 syntax
drivers/tty/vt/vt.c:1393:57: warning: obsolete struct initializer, use C99 syntax
drivers/tty/vt/vt.c:223:5: warning: symbol 'console_blank_hook' was not declared. Should it be static?
drivers/tty/vt/vt.c:1236:12: warning: symbol 'rgb_from_256' was not declared. Should it be static?
drivers/tty/vt/vt.c:2477:19: warning: symbol 'console_driver' was not declared. Should it be static?
drivers/net/ethernet/stmicro/stmmac/stmmac_hwtstamp.c:141:33: warning: symbol 'stmmac_ptp' was not declared. Should it be static?
drivers/video/fbdev/amba-clcd.c:762:28: warning: incorrect type in assignment (different address spaces)
drivers/video/fbdev/amba-clcd.c:762:28:    expected char [noderef] <asn:2>*screen_base
drivers/video/fbdev/amba-clcd.c:762:28:    got void *
drivers/video/fbdev/amba-clcd.c:775:64: warning: incorrect type in argument 3 (different address spaces)
drivers/video/fbdev/amba-clcd.c:775:64:    expected void *cpu_addr
drivers/video/fbdev/amba-clcd.c:775:64:    got char [noderef] <asn:2>*screen_base
drivers/video/fbdev/amba-clcd.c:781:9: warning: incorrect type in argument 3 (different address spaces)
drivers/video/fbdev/amba-clcd.c:781:9:    expected void *cpu_addr
drivers/video/fbdev/amba-clcd.c:781:9:    got char [noderef] <asn:2>*screen_base
include/linux/spinlock_api_smp.h:151:27: warning: context imbalance in 'pl011_console_write' - unexpected unlock
drivers/net/ethernet/stmicro/stmmac/dwmac-sunxi.c:133:29: warning: symbol 'sun7i_gmac_data' was not declared. Should it be static?
drivers/net/ethernet/stmicro/stmmac/dwmac-sti.c:325:29: warning: symbol 'sti_gmac_data' was not declared. Should it be static?
drivers/video/fbdev/amba-clcd-versatile.c:157:28: warning: incorrect type in assignment (different address spaces)
drivers/video/fbdev/amba-clcd-versatile.c:157:28:    expected char [noderef] <asn:2>*screen_base
drivers/video/fbdev/amba-clcd-versatile.c:157:28:    got void *
drivers/video/fbdev/amba-clcd-versatile.c:173:44: warning: incorrect type in argument 3 (different address spaces)
drivers/video/fbdev/amba-clcd-versatile.c:173:44:    expected void *cpu_addr
drivers/video/fbdev/amba-clcd-versatile.c:173:44:    got char [noderef] <asn:2>*screen_base
drivers/video/fbdev/amba-clcd-versatile.c:181:37: warning: incorrect type in argument 3 (different address spaces)
drivers/video/fbdev/amba-clcd-versatile.c:181:37:    expected void *cpu_addr
drivers/video/fbdev/amba-clcd-versatile.c:181:37:    got char [noderef] <asn:2>*screen_base
drivers/video/fbdev/wm8505fb.c:346:41: warning: incorrect type in assignment (different address spaces)
drivers/video/fbdev/wm8505fb.c:346:41:    expected char [noderef] <asn:2>*screen_base
drivers/video/fbdev/wm8505fb.c:346:41:    got void *[assigned] fb_mem_virt
drivers/video/fbdev/mx3fb.c:1341:26: warning: incorrect type in assignment (different address spaces)
drivers/video/fbdev/mx3fb.c:1341:26:    expected char [noderef] <asn:2>*screen_base
drivers/video/fbdev/mx3fb.c:1341:26:    got void *
drivers/video/fbdev/mx3fb.c:1365:9: warning: cast removes address space of expression
drivers/video/fbdev/mx3fb.c:1384:34: warning: incorrect type in argument 3 (different address spaces)
drivers/video/fbdev/mx3fb.c:1384:34:    expected void *cpu_addr
drivers/video/fbdev/mx3fb.c:1384:34:    got char [noderef] <asn:2>*screen_base
drivers/video/fbdev/mx3fb.c:1099:17: warning: cast removes address space of expression
drivers/tty/vt/consolemap_deftbl.c:10:4: warning: symbol 'dfont_unicount' was not declared. Should it be static?
drivers/tty/vt/consolemap_deftbl.c:46:5: warning: symbol 'dfont_unitable' was not declared. Should it be static?
drivers/tty/vt/defkeymap.c:27:9: warning: symbol 'shift_map' was not declared. Should it be static?
drivers/tty/vt/defkeymap.c:46:9: warning: symbol 'altgr_map' was not declared. Should it be static?
drivers/tty/vt/defkeymap.c:65:9: warning: symbol 'ctrl_map' was not declared. Should it be static?
drivers/tty/vt/defkeymap.c:84:9: warning: symbol 'shift_ctrl_map' was not declared. Should it be static?
drivers/tty/vt/defkeymap.c:103:9: warning: symbol 'alt_map' was not declared. Should it be static?
drivers/tty/vt/defkeymap.c:122:9: warning: symbol 'ctrl_alt_map' was not declared. Should it be static?
drivers/tty/vt/defkeymap.c:148:14: warning: symbol 'keymap_count' was not declared. Should it be static?
drivers/tty/vt/defkeymap.c:156:6: warning: symbol 'func_buf' was not declared. Should it be static?
drivers/tty/vt/defkeymap.c:187:6: warning: symbol 'funcbufptr' was not declared. Should it be static?
drivers/tty/vt/defkeymap.c:188:5: warning: symbol 'funcbufsize' was not declared. Should it be static?
drivers/tty/vt/defkeymap.c:189:5: warning: symbol 'funcbufleft' was not declared. Should it be static?
drivers/tty/vt/defkeymap.c:191:6: warning: symbol 'func_table' was not declared. Should it be static?
drivers/tty/vt/defkeymap.c:225:18: warning: symbol 'accent_table' was not declared. Should it be static?
drivers/tty/vt/defkeymap.c:262:14: warning: symbol 'accent_table_size' was not declared. Should it be static?
drivers/usb/host/ohci-hub.c:265:9: warning: context imbalance in 'ohci_rh_resume' - different lock contexts for basic block
drivers/tty/serial/imx.c:1632:39: warning: context imbalance in 'imx_console_write' - unexpected unlock
drivers/tty/serial/of_serial.c:32:6: warning: symbol 'tegra_serial_handle_break' was not declared. Should it be static?
include/linux/spinlock_api_smp.h:151:27: warning: context imbalance in 'serial_omap_console_write' - unexpected unlock
include/linux/spinlock_api_smp.h:151:27: warning: context imbalance in 'asc_console_write' - unexpected unlock
drivers/tty/serial/xilinx_uartps.c:472:28: warning: context imbalance in 'cdns_uart_clk_notifier_cb' - different lock contexts for basic block
drivers/tty/serial/xilinx_uartps.c:1093:9: warning: context imbalance in 'cdns_uart_console_write' - different lock contexts for basic block
drivers/tty/serial/sirfsoc_uart.h:108:5: warning: symbol 'usp_ff_full' was not declared. Should it be static?
drivers/tty/serial/sirfsoc_uart.h:112:5: warning: symbol 'usp_ff_empty' was not declared. Should it be static?
drivers/tty/serial/sirfsoc_uart.h:116:5: warning: symbol 'uart_ff_full' was not declared. Should it be static?
drivers/tty/serial/sirfsoc_uart.h:120:5: warning: symbol 'uart_ff_empty' was not declared. Should it be static?
drivers/tty/serial/sirfsoc_uart.h:124:30: warning: symbol 'sirfsoc_usp' was not declared. Should it be static?
drivers/tty/serial/sirfsoc_uart.h:191:30: warning: symbol 'sirfsoc_uart' was not declared. Should it be static?
init/do_mounts.c:8:2: warning: "Sparse checking disabled for this file"
init/do_mounts_initrd.c:8:2: warning: "Sparse checking disabled for this file"
init/initramfs.c:8:2: warning: "Sparse checking disabled for this file"
init/calibrate.c:260:37: warning: symbol 'calibrate_delay_is_known' was not declared. Should it be static?
init/calibrate.c:270:28: warning: symbol 'calibration_delay_done' was not declared. Should it be static?
init/init_task.c:14:44: warning: implicit cast to nocast type
init/init_task.c:14:44: warning: implicit cast to nocast type
init/main.c:163:12: warning: symbol 'envp_init' was not declared. Should it be static?
arch/arm/boot/compressed/misc.c:19:14: warning: symbol '__machine_arch_type' was not declared. Should it be static?
arch/arm/boot/compressed/misc.c:105:15: warning: symbol 'output_data' was not declared. Should it be static?
arch/arm/boot/compressed/misc.c:107:15: warning: symbol 'free_mem_ptr' was not declared. Should it be static?
arch/arm/boot/compressed/misc.c:108:15: warning: symbol 'free_mem_end_ptr' was not declared. Should it be static?
arch/arm/boot/compressed/misc.c:125:17: warning: symbol '__div0' was not declared. Should it be static?
arch/arm/boot/compressed/misc.c:130:15: warning: symbol '__stack_chk_guard' was not declared. Should it be static?
arch/arm/boot/compressed/misc.c:132:6: warning: symbol '__stack_chk_guard_setup' was not declared. Should it be static?
arch/arm/boot/compressed/misc.c:137:6: warning: symbol '__stack_chk_fail' was not declared. Should it be static?
arch/arm/boot/compressed/misc.c:146:1: warning: symbol 'decompress_kernel' was not declared. Should it be static?
include/linux/decompress/mm.h:30:30: warning: symbol 'malloc_ptr' was not declared. Should it be static?
include/linux/decompress/mm.h:31:20: warning: symbol 'malloc_count' was not declared. Should it be static?
arch/arm/boot/compressed/decompress.c:58:5: warning: symbol 'do_decompress' was not declared. Should it be static?
arch/arm/boot/compressed/atags_to_fdt.c:108:5: warning: symbol 'atags_to_fdt' was not declared. Should it be static?
test_sparse: Wed Sep 17 02:01:28 PDT 2014: succeeded on multi_v7_defconfig test_next-20140917
test_sparse: Wed Sep 17 02:01:28 PDT 2014: ended on multi_v7_defconfig test_next-20140917
