test_build: Mon Mar 30 03:17:43 PDT 2015: started on tegra_defconfig%tegra30_mergeconfig test_next-20150330 (42bffc802c48648274164b62e3255bb143c0bff0)
test_build: Mon Mar 30 03:17:43 PDT 2015: serial is 20150330031533
mm/migrate.c: In function ‘migrate_pages’:
mm/migrate.c:1148:1: internal compiler error: in push_minipool_fix, at config/arm/arm.c:13498
Please submit a full bug report,
with preprocessed source if appropriate.
See <https://bugs.launchpad.net/gcc-linaro> for instructions.
make[1]: *** [mm/migrate.o] Error 1
make[1]: *** Waiting for unfinished jobs....
make: *** [mm] Error 2
make: *** Waiting for unfinished jobs....
test_build: Mon Mar 30 03:19:41 PDT 2015: FAILED on tegra_defconfig%tegra30_mergeconfig test_next-20150330
test_build: Mon Mar 30 03:19:41 PDT 2015: ended on tegra_defconfig%tegra30_mergeconfig test_next-20150330
