test_sparse: Tue Aug 27 04:35:54 PDT 2013: started on tegra_defconfig test_next-20130827 (e4a745f9519ef2bbb9d75212ae1cca7582d76266)
test_sparse: Tue Aug 27 04:35:54 PDT 2013: serial is 20130827041533
test_sparse: sparse version unknown (checksum d41d8cd98f00b204e9800998ecf8427e)
init/do_mounts.c:8:2: warning: "Sparse checking disabled for this file"
init/do_mounts_initrd.c:8:2: warning: "Sparse checking disabled for this file"
init/initramfs.c:8:2: warning: "Sparse checking disabled for this file"
init/calibrate.c:260:37: warning: symbol 'calibrate_delay_is_known' was not declared. Should it be static?
arch/arm/vfp/vfpmodule.c:41:6: warning: symbol 'vfp_vector' was not declared. Should it be static?
arch/arm/vfp/vfpmodule.c:48:14: warning: symbol 'VFP_arch' was not declared. Should it be static?
arch/arm/vfp/vfpmodule.c:59:17: warning: symbol 'vfp_current_hw_state' was not declared. Should it be static?
arch/arm/vfp/vfpmodule.c:336:6: warning: symbol 'VFP_bounce' was not declared. Should it be static?
arch/arm/vfp/vfpmodule.c:652:6: warning: symbol 'vfp_kmode_exception' was not declared. Should it be static?
init/main.c:159:12: warning: symbol 'envp_init' was not declared. Should it be static?
arch/arm/kernel/irq.c:45:15: warning: symbol 'irq_err_count' was not declared. Should it be static?
init/init_task.c:14:44: warning: implicit cast to nocast type
init/init_task.c:14:44: warning: implicit cast to nocast type
arch/arm/mm/dma-mapping.c:405:13: warning: symbol 'dma_contiguous_early_fixup' was not declared. Should it be static?
arch/arm/mach-tegra/common.c:50:5: warning: symbol 'tegra_uart_config' was not declared. Should it be static?
arch/arm/kernel/process.c:98:6: warning: symbol 'soft_restart' was not declared. Should it be static?
arch/arm/kernel/process.c:127:6: warning: symbol 'arm_pm_restart' was not declared. Should it be static?
arch/arm/kernel/process.c:134:6: warning: symbol 'arm_pm_idle' was not declared. Should it be static?
arch/arm/kernel/process.c:314:1: warning: symbol 'thread_notify_head' was not declared. Should it be static?
arch/arm/kernel/ptrace.c:932:16: warning: symbol 'syscall_trace_enter' was not declared. Should it be static?
arch/arm/kernel/ptrace.c:952:17: warning: symbol 'syscall_trace_exit' was not declared. Should it be static?
arch/arm/mm/fault.c:546:1: warning: symbol 'do_DataAbort' was not declared. Should it be static?
arch/arm/mm/fault.c:578:1: warning: symbol 'do_PrefetchAbort' was not declared. Should it be static?
mm/filemap.c:1745:35: warning: symbol 'generic_file_vm_ops' was not declared. Should it be static?
kernel/fork.c:93:5: warning: symbol 'max_threads' was not declared. Should it be static?
kernel/fork.c:118:13: warning: symbol 'arch_release_task_struct' was not declared. Should it be static?
kernel/fork.c:136:13: warning: symbol 'arch_release_thread_info' was not declared. Should it be static?
kernel/fork.c:250:20: warning: symbol 'arch_task_cache_init' was not declared. Should it be static?
kernel/fork.c:252:13: warning: symbol 'fork_init' was not declared. Should it be static?
kernel/fork.c:286:27: warning: symbol 'arch_dup_task_struct' was not declared. Should it be static?
kernel/fork.c:1109:41: warning: implicit cast to nocast type
kernel/fork.c:1110:41: warning: implicit cast to nocast type
kernel/fork.c:1234:42: warning: implicit cast to nocast type
kernel/fork.c:1235:43: warning: implicit cast to nocast type
kernel/fork.c:1237:57: warning: implicit cast to nocast type
arch/arm/mach-tegra/irq.c:73:6: warning: symbol 'tegra_pending_sgi' was not declared. Should it be static?
arch/arm/mach-tegra/irq.c:213:5: warning: symbol 'tegra_legacy_irq_syscore_init' was not declared. Should it be static?
arch/arm/kernel/return_address.c:63:2: warning: "TODO: return_address should use unwind tables"
arch/arm/mm/init.c:234:13: warning: symbol 'setup_dma_zone' was not declared. Should it be static?
arch/arm/kernel/return_address.c:66:6: warning: symbol 'return_address' was not declared. Should it be static?
arch/arm/mm/iomap.c:12:15: warning: symbol 'vga_base' was not declared. Should it be static?
arch/arm/kernel/return_address.c:63:2: warning: #warning "TODO: return_address should use unwind tables"
arch/arm/kernel/setup.c:87:14: warning: symbol '__atags_pointer' was not declared. Should it be static?
arch/arm/kernel/setup.c:124:5: warning: symbol '__cpu_architecture' was not declared. Should it be static?
arch/arm/kernel/setup.c:1059:29: warning: symbol 'cpuinfo_op' was not declared. Should it be static?
arch/arm/kernel/signal.c:210:16: warning: symbol 'sys_sigreturn' was not declared. Should it be static?
arch/arm/kernel/signal.c:240:16: warning: symbol 'sys_rt_sigreturn' was not declared. Should it be static?
arch/arm/kernel/signal.c:589:1: warning: symbol 'do_work_pending' was not declared. Should it be static?
arch/arm/kernel/signal.c:620:13: warning: symbol 'get_signal_page' was not declared. Should it be static?
arch/arm/mach-tegra/powergate.c:173:5: warning: symbol 'tegra_cpu_powergate_id' was not declared. Should it be static?
arch/arm/mach-tegra/powergate.c:181:12: warning: symbol 'tegra_powergate_init' was not declared. Should it be static?
arch/arm/mach-tegra/powergate.c:257:12: warning: symbol 'tegra_powergate_debugfs_init' was not declared. Should it be static?
arch/arm/mm/flush.c:350:6: warning: symbol '__flush_anon_page' was not declared. Should it be static?
fs/open.c:832:18: warning: restricted fmode_t degrades to integer
arch/arm/kernel/sys_arm.c:35:17: warning: symbol 'sys_arm_fadvise64_64' was not declared. Should it be static?
arch/arm/kernel/time.c:117:13: warning: symbol 'time_init' was not declared. Should it be static?
arch/arm/mach-tegra/pm.c:119:27: warning: incorrect type in initializer (different address spaces)
arch/arm/mach-tegra/pm.c:119:27:    expected unsigned int [usertype] *cpu_in_lp2
arch/arm/mach-tegra/pm.c:119:27:    got void [noderef] <asn:2>*
arch/arm/mach-tegra/pm.c:133:35: warning: incorrect type in initializer (different address spaces)
arch/arm/mach-tegra/pm.c:133:35:    expected struct cpumask [usertype] *cpu_lp2_mask
arch/arm/mach-tegra/pm.c:133:35:    got void [noderef] <asn:2>*
arch/arm/mach-tegra/pm.c:134:27: warning: incorrect type in initializer (different address spaces)
arch/arm/mach-tegra/pm.c:134:27:    expected unsigned int [usertype] *cpu_in_lp2
arch/arm/mach-tegra/pm.c:134:27:    got void [noderef] <asn:2>*
arch/arm/mach-tegra/pm.c:150:5: warning: symbol 'tegra_cpu_do_idle' was not declared. Should it be static?
arch/arm/mach-tegra/pm.c:266:32: warning: incorrect type in argument 2 (different address spaces)
arch/arm/mach-tegra/pm.c:266:32:    expected void const *<noident>
arch/arm/mach-tegra/pm.c:266:32:    got void [noderef] <asn:2>*
arch/arm/mach-tegra/pm.c:268:16: warning: incorrect type in argument 1 (different address spaces)
arch/arm/mach-tegra/pm.c:268:16:    expected void *<noident>
arch/arm/mach-tegra/pm.c:268:16:    got void [noderef] <asn:2>*
arch/arm/mach-tegra/pm.c:271:12: warning: cast removes address space of expression
arch/arm/mach-tegra/pm.c:279:16: warning: incorrect type in argument 1 (different address spaces)
arch/arm/mach-tegra/pm.c:279:16:    expected void *<noident>
arch/arm/mach-tegra/pm.c:279:16:    got void [noderef] <asn:2>*
arch/arm/mach-tegra/pm.c:282:11: warning: cast removes address space of expression
arch/arm/kernel/traps.c:113:37: warning: incorrect type in argument 1 (different address spaces)
arch/arm/kernel/traps.c:113:37:    expected void const volatile [noderef] <asn:1>*<noident>
arch/arm/kernel/traps.c:113:37:    got unsigned long *<noident>
arch/arm/kernel/traps.c:146:31: warning: incorrect type in argument 1 (different address spaces)
arch/arm/kernel/traps.c:146:31:    expected void const volatile [noderef] <asn:1>*<noident>
arch/arm/kernel/traps.c:146:31:    got unsigned short [usertype] *
arch/arm/kernel/traps.c:148:31: warning: incorrect type in argument 1 (different address spaces)
arch/arm/kernel/traps.c:148:31:    expected void const volatile [noderef] <asn:1>*<noident>
arch/arm/kernel/traps.c:148:31:    got unsigned int [usertype] *
arch/arm/kernel/traps.c:412:35: warning: cast removes address space of expression
arch/arm/kernel/traps.c:394:29: warning: symbol 'do_undefinstr' was not declared. Should it be static?
arch/arm/kernel/traps.c:447:17: warning: symbol 'do_unexp_fiq' was not declared. Should it be static?
arch/arm/kernel/traps.c:459:17: warning: symbol 'bad_mode' was not declared. Should it be static?
arch/arm/kernel/traps.c:529:16: warning: symbol 'arm_syscall' was not declared. Should it be static?
arch/arm/kernel/traps.c:723:6: warning: symbol '__bad_xchg' was not declared. Should it be static?
arch/arm/kernel/traps.c:736:1: warning: symbol 'baddataabort' was not declared. Should it be static?
arch/arm/kernel/traps.c:758:6: warning: symbol '__readwrite_bug' was not declared. Should it be static?
arch/arm/kernel/traps.c:780:17: warning: symbol '__div0' was not declared. Should it be static?
arch/arm/kernel/traps.c:787:6: warning: symbol 'abort' was not declared. Should it be static?
kernel/panic.c:55:13: warning: symbol 'panic_smp_self_stop' was not declared. Should it be static?
kernel/panic.c:69:6: error: symbol 'panic' redeclared with different type (originally declared at include/linux/kernel.h:205) - different modifiers
arch/arm/kernel/atags_proc.c:27:13: warning: symbol 'save_atags' was not declared. Should it be static?
kernel/cpu.c:249:34: warning: incorrect type in argument 2 (different modifiers)
kernel/cpu.c:249:34:    expected unsigned long [nocast] [usertype] *utime
kernel/cpu.c:249:34:    got unsigned long *<noident>
kernel/cpu.c:249:34: warning: implicit cast to nocast type
kernel/cpu.c:249:42: warning: incorrect type in argument 3 (different modifiers)
kernel/cpu.c:249:42:    expected unsigned long [nocast] [usertype] *stime
kernel/cpu.c:249:42:    got unsigned long *<noident>
kernel/cpu.c:249:42: warning: implicit cast to nocast type
kernel/cpu.c:515:13: warning: symbol 'arch_enable_nonboot_cpus_begin' was not declared. Should it be static?
kernel/cpu.c:519:13: warning: symbol 'arch_enable_nonboot_cpus_end' was not declared. Should it be static?
kernel/cpu.c:226:9: warning: context imbalance in 'clear_tasks_mm_cpumask' - different lock contexts for basic block
fs/read_write.c:41:29: warning: incorrect type in return expression (different base types)
fs/read_write.c:41:29:    expected int
fs/read_write.c:41:29:    got restricted fmode_t
fs/read_write.c:41:29: warning: incorrect type in return expression (different base types)
fs/read_write.c:41:29:    expected int
fs/read_write.c:41:29:    got restricted fmode_t
fs/read_write.c:41:29: warning: incorrect type in return expression (different base types)
fs/read_write.c:41:29:    expected int
fs/read_write.c:41:29:    got restricted fmode_t
fs/read_write.c:41:29: warning: incorrect type in return expression (different base types)
fs/read_write.c:41:29:    expected int
fs/read_write.c:41:29:    got restricted fmode_t
mm/oom_kill.c:98:20: warning: context imbalance in 'find_lock_task_mm' - wrong count at exit
mm/oom_kill.c:156:28: warning: context imbalance in 'oom_badness' - unexpected unlock
mm/oom_kill.c:353:9: warning: context imbalance in 'dump_tasks' - different lock contexts for basic block
include/linux/rcupdate.h:798:9: warning: context imbalance in 'oom_kill_process' - unexpected unlock
arch/arm/mach-tegra/reset.c:45:9: error: subtraction of functions? Share your drugs
arch/arm/mach-tegra/reset.c:48:25: error: subtraction of functions? Share your drugs
arch/arm/kernel/cpuidle.c:15:5: warning: symbol 'arm_cpuidle_simple_enter' was not declared. Should it be static?
kernel/exit.c:127:36: warning: incorrect type in argument 2 (different modifiers)
kernel/exit.c:127:36:    expected unsigned long [nocast] [usertype] *utime
kernel/exit.c:127:36:    got unsigned long *<noident>
kernel/exit.c:127:36: warning: implicit cast to nocast type
kernel/exit.c:127:44: warning: incorrect type in argument 3 (different modifiers)
kernel/exit.c:127:44:    expected unsigned long [nocast] [usertype] *stime
kernel/exit.c:127:44:    got unsigned long *<noident>
kernel/exit.c:127:44: warning: implicit cast to nocast type
kernel/exit.c:696:6: error: symbol 'do_exit' redeclared with different type (originally declared at include/linux/kernel.h:211) - different modifiers
kernel/exit.c:878:6: error: symbol 'complete_and_exit' redeclared with different type (originally declared at include/linux/kernel.h:213) - different modifiers
arch/arm/mm/mmu.c:990:13: warning: symbol 'sanity_check_meminfo' was not declared. Should it be static?
arch/arm/mm/mmu.c:1322:13: warning: symbol 'paging_init' was not declared. Should it be static?
kernel/itimer.c:126:59: warning: implicit cast to nocast type
kernel/itimer.c:167:55: warning: incorrect type in argument 3 (different modifiers)
kernel/itimer.c:167:55:    expected unsigned long [nocast] [usertype] *newval
kernel/itimer.c:167:55:    got unsigned long *<noident>
kernel/itimer.c:167:55: warning: implicit cast to nocast type
kernel/itimer.c:167:62: warning: incorrect type in argument 4 (different modifiers)
kernel/itimer.c:167:62:    expected unsigned long [nocast] [usertype] *oldval
kernel/itimer.c:167:62:    got unsigned long *<noident>
kernel/itimer.c:167:62: warning: implicit cast to nocast type
kernel/itimer.c:226:56: warning: implicit cast to nocast type
arch/arm/kernel/bios32.c:58:6: warning: symbol 'pcibios_report_status' was not declared. Should it be static?
arch/arm/mach-tegra/cpuidle.c:48:6: warning: symbol 'tegra_cpuidle_pcie_irqs_in_use' was not declared. Should it be static?
arch/arm/kernel/suspend.c:57:6: warning: symbol '__cpu_suspend_save' was not declared. Should it be static?
kernel/softirq.c:853:36: warning: incorrect type in initializer (different address spaces)
kernel/softirq.c:853:36:    expected struct task_struct [noderef] <asn:3>**store
kernel/softirq.c:853:36:    got struct task_struct *[noderef] [toplevel] <asn:3>*<noident>
mm/page_alloc.c:121:5: warning: symbol 'percpu_pagelist_fraction' was not declared. Should it be static?
mm/page_alloc.c:208:5: warning: symbol 'user_min_free_kbytes' was not declared. Should it be static?
mm/page_alloc.c:6062:6: warning: symbol 'is_pageblock_removable_nolock' was not declared. Should it be static?
arch/arm/kernel/smp.c:612:5: warning: symbol 'setup_profiling_timer' was not declared. Should it be static?
kernel/resource.c:518:5: warning: symbol 'reallocate_resource' was not declared. Should it be static?
arch/arm/mach-tegra/cpuidle-tegra20.c:219:6: warning: symbol 'tegra20_cpuidle_pcie_irqs_in_use' was not declared. Should it be static?
arch/arm/mach-tegra/cpuidle-tegra20.c:226:12: warning: symbol 'tegra20_cpuidle_init' was not declared. Should it be static?
arch/arm/mach-tegra/cpuidle-tegra30.c:146:12: warning: symbol 'tegra30_cpuidle_init' was not declared. Should it be static?
arch/arm/mm/copypage-v6.c:125:21: warning: symbol 'v6_user_fns' was not declared. Should it be static?
arch/arm/mach-tegra/hotplug.c:21:5: warning: symbol 'tegra_cpu_kill' was not declared. Should it be static?
arch/arm/mach-tegra/hotplug.c:37:12: warning: symbol 'tegra_cpu_die' was not declared. Should it be static?
kernel/ptrace.c:1013:9: warning: context imbalance in 'ptrace_request' - different lock contexts for basic block
arch/arm/kernel/arch_timer.c:42:12: warning: symbol 'arch_timer_arch_init' was not declared. Should it be static?
arch/arm/mach-tegra/cpuidle-tegra114.c:81:12: warning: symbol 'tegra114_cpuidle_init' was not declared. Should it be static?
arch/arm/kernel/machine_kexec.c:61:23: warning: cast removes address space of expression
arch/arm/kernel/machine_kexec.c:61:23: warning: cast removes address space of expression
arch/arm/kernel/machine_kexec.c:61:23: warning: incorrect type in initializer (different address spaces)
arch/arm/kernel/machine_kexec.c:61:23:    expected unsigned int const [noderef] <asn:1>*register __p
arch/arm/kernel/machine_kexec.c:61:23:    got unsigned int [usertype] *<noident>
arch/arm/kernel/machine_kexec.c:61:23: warning: cast removes address space of expression
arch/arm/kernel/machine_kexec.c:75:6: warning: symbol 'machine_crash_nonpanic_core' was not declared. Should it be static?
kernel/user.c:71:19: warning: symbol 'uidhash_table' was not declared. Should it be static?
ipc/util.c:191:29: warning: context imbalance in 'ipc_findkey' - wrong count at exit
ipc/util.c:260:5: warning: context imbalance in 'ipc_addid' - different lock contexts for basic block
ipc/util.c:412:27: warning: context imbalance in 'ipcget_public' - unexpected unlock
ipc/util.c:641:22: warning: context imbalance in 'ipc_lock' - different lock contexts for basic block
ipc/util.c:806:29: warning: context imbalance in 'sysvipc_find_ipc' - different lock contexts for basic block
ipc/util.c:844:27: warning: context imbalance in 'sysvipc_proc_next' - unexpected unlock
ipc/util.c:888:27: warning: context imbalance in 'sysvipc_proc_stop' - unexpected unlock
arch/arm/kernel/unwind.c:53:6: warning: symbol '__aeabi_unwind_cpp_pr0' was not declared. Should it be static?
arch/arm/kernel/unwind.c:58:6: warning: symbol '__aeabi_unwind_cpp_pr1' was not declared. Should it be static?
arch/arm/kernel/unwind.c:63:6: warning: symbol '__aeabi_unwind_cpp_pr2' was not declared. Should it be static?
fs/exec.c:418:31: warning: incorrect type in return expression (different address spaces)
fs/exec.c:418:31:    expected char const [noderef] <asn:1>*
fs/exec.c:418:31:    got void *
kernel/signal.c:1678:28: warning: incorrect type in argument 2 (different modifiers)
kernel/signal.c:1678:28:    expected unsigned long [nocast] [usertype] *utime
kernel/signal.c:1678:28:    got unsigned long *<noident>
kernel/signal.c:1678:28: warning: implicit cast to nocast type
kernel/signal.c:1678:36: warning: incorrect type in argument 3 (different modifiers)
kernel/signal.c:1678:36:    expected unsigned long [nocast] [usertype] *stime
kernel/signal.c:1678:36:    got unsigned long *<noident>
kernel/signal.c:1678:36: warning: implicit cast to nocast type
kernel/signal.c:1763:28: warning: incorrect type in argument 2 (different modifiers)
kernel/signal.c:1763:28:    expected unsigned long [nocast] [usertype] *utime
kernel/signal.c:1763:28:    got unsigned long *<noident>
kernel/signal.c:1763:28: warning: implicit cast to nocast type
kernel/signal.c:1763:36: warning: incorrect type in argument 3 (different modifiers)
kernel/signal.c:1763:36:    expected unsigned long [nocast] [usertype] *stime
kernel/signal.c:1763:36:    got unsigned long *<noident>
kernel/signal.c:1763:36: warning: implicit cast to nocast type
kernel/signal.c:1283:23: warning: context imbalance in '__lock_task_sighand' - different lock contexts for basic block
kernel/signal.c:2008:13: warning: context imbalance in 'do_signal_stop' - different lock contexts for basic block
kernel/signal.c:2258:25: warning: context imbalance in 'get_signal_to_deliver' - unexpected unlock
kernel/sys.c:867:49: warning: incorrect type in argument 2 (different modifiers)
kernel/sys.c:867:49:    expected unsigned long [nocast] [usertype] *ut
kernel/sys.c:867:49:    got unsigned long *<noident>
kernel/sys.c:867:49: warning: implicit cast to nocast type
kernel/sys.c:867:59: warning: incorrect type in argument 3 (different modifiers)
kernel/sys.c:867:59:    expected unsigned long [nocast] [usertype] *st
kernel/sys.c:867:59:    got unsigned long *<noident>
kernel/sys.c:867:59: warning: implicit cast to nocast type
kernel/sys.c:1533:25: warning: implicit cast to nocast type
kernel/sys.c:1536:49: warning: incorrect type in argument 2 (different modifiers)
kernel/sys.c:1536:49:    expected unsigned long [nocast] [usertype] *ut
kernel/sys.c:1536:49:    got unsigned long *<noident>
kernel/sys.c:1536:49: warning: implicit cast to nocast type
kernel/sys.c:1536:57: warning: incorrect type in argument 3 (different modifiers)
kernel/sys.c:1536:57:    expected unsigned long [nocast] [usertype] *st
kernel/sys.c:1536:57:    got unsigned long *<noident>
kernel/sys.c:1536:57: warning: implicit cast to nocast type
kernel/sys.c:1562:59: warning: incorrect type in argument 2 (different modifiers)
kernel/sys.c:1562:59:    expected unsigned long [nocast] [usertype] *ut
kernel/sys.c:1562:59:    got unsigned long *<noident>
kernel/sys.c:1562:59: warning: implicit cast to nocast type
kernel/sys.c:1562:69: warning: incorrect type in argument 3 (different modifiers)
kernel/sys.c:1562:69:    expected unsigned long [nocast] [usertype] *st
kernel/sys.c:1562:69:    got unsigned long *<noident>
kernel/sys.c:1562:69: warning: implicit cast to nocast type
ipc/msg.c:204:9: warning: context imbalance in 'newque' - unexpected unlock
ipc/msg.c:263:13: warning: context imbalance in 'freeque' - unexpected unlock
ipc/msg.c:461:9: warning: context imbalance in 'msgctl_down' - different lock contexts for basic block
arch/arm/kernel/swp_emulate.c:122:23: warning: incorrect type in assignment (different address spaces)
arch/arm/kernel/swp_emulate.c:122:23:    expected void [noderef] <asn:1>*[assigned] [usertype] _addr
arch/arm/kernel/swp_emulate.c:122:23:    got void *<noident>
arch/arm/kernel/swp_emulate.c:224:14: warning: incorrect type in argument 1 (different base types)
arch/arm/kernel/swp_emulate.c:224:14:    expected void const volatile [noderef] <asn:1>*<noident>
arch/arm/kernel/swp_emulate.c:224:14:    got unsigned int
kernel/workqueue.c:310:25: warning: symbol 'system_highpri_wq' was not declared. Should it be static?
kernel/workqueue.c:4510:61: warning: expression using sizeof bool
mm/swap.c:337:55: warning: context imbalance in 'pagevec_lru_move_fn' - unexpected unlock
mm/swap.c:772:55: warning: context imbalance in 'release_pages' - unexpected unlock
kernel/pid.c:48:5: warning: symbol 'pid_max' was not declared. Should it be static?
kernel/pid.c:52:5: warning: symbol 'pid_max_min' was not declared. Should it be static?
kernel/pid.c:53:5: warning: symbol 'pid_max_max' was not declared. Should it be static?
ipc/sem.c:481:9: warning: context imbalance in 'newary' - unexpected unlock
ipc/sem.c:1044:17: warning: context imbalance in 'freeary' - unexpected unlock
ipc/sem.c:1490:9: warning: context imbalance in 'semctl_down' - different lock contexts for basic block
ipc/sem.c:1595:24: warning: context imbalance in 'find_alloc_undo' - wrong count at exit
include/linux/rcupdate.h:798:9: warning: context imbalance in 'SyS_semtimedop' - unexpected unlock
crypto/cipher.c:70:24: warning: Variable length array is used.
kernel/rcupdate.c:301:5: warning: symbol 'rcu_cpu_stall_timeout' was not declared. Should it be static?
fs/namei.c:560:28: warning: context imbalance in 'unlazy_walk' - unexpected unlock
fs/namei.c:590:36: warning: context imbalance in 'complete_walk' - unexpected unlock
include/linux/rcupdate.h:798:9: warning: context imbalance in 'follow_dotdot_rcu' - unexpected unlock
include/linux/rcupdate.h:798:9: warning: context imbalance in 'terminate_walk' - unexpected unlock
fs/namei.c:1831:12: warning: context imbalance in 'path_init' - different lock contexts for basic block
kernel/extable.c:39:16: warning: symbol 'main_extable_sort_needed' was not declared. Should it be static?
arch/arm/kernel/perf_event_cpu.c:274:25: warning: incorrect type in assignment (different modifiers)
arch/arm/kernel/perf_event_cpu.c:274:25:    expected int ( *init_fn )( ... )
arch/arm/kernel/perf_event_cpu.c:274:25:    got void const *const data
kernel/posix-timers.c:393:9: warning: context imbalance in 'do_schedule_next_timer' - different lock contexts for basic block
kernel/posix-timers.c:683:24: warning: context imbalance in '__lock_timer' - different lock contexts for basic block
mm/vmscan.c:3714:48: warning: context imbalance in 'check_move_unevictable_pages' - unexpected unlock
ipc/shm.c:481:31: warning: implicit cast to nocast type
ipc/shm.c:518:36: warning: implicit cast to nocast type
ipc/shm.c:529:36: warning: implicit cast to nocast type
ipc/shm.c:95:17: warning: context imbalance in 'do_shm_rmid' - unexpected unlock
ipc/shm.c:185:9: warning: context imbalance in 'shm_open' - unexpected unlock
ipc/shm.c:200:13: warning: context imbalance in 'shm_destroy' - unexpected unlock
ipc/shm.c:255:17: warning: context imbalance in 'shm_close' - unexpected unlock
ipc/shm.c:260:12: warning: context imbalance in 'shm_try_destroy_current' - different lock contexts for basic block
ipc/shm.c:291:12: warning: context imbalance in 'shm_try_destroy_orphaned' - different lock contexts for basic block
/home/pwalmsley/test_build/build/temp/test_next-20130827/20130827041533/linux/arch/arm/include/asm/thread_info.h:99:9: warning: context imbalance in 'newseg' - unexpected unlock
ipc/shm.c:811:9: warning: context imbalance in 'shmctl_down' - different lock contexts for basic block
ipc/shm.c:1168:17: warning: context imbalance in 'do_shmat' - unexpected unlock
arch/arm/kernel/topology.c:45:15: warning: symbol 'arch_scale_freq_power' was not declared. Should it be static?
arch/arm/kernel/topology.c:71:23: warning: symbol 'table_efficiency' was not declared. Should it be static?
arch/arm/kernel/topology.c:77:15: warning: symbol '__cpu_capacity' was not declared. Should it be static?
arch/arm/kernel/topology.c:80:15: warning: symbol 'middle_capacity' was not declared. Should it be static?
arch/arm/kernel/topology.c:161:6: warning: symbol 'update_cpu_power' was not declared. Should it be static?
arch/arm/kernel/topology.c:188:6: warning: symbol 'update_siblings_masks' was not declared. Should it be static?
kernel/posix-cpu-timers.c:27:53: warning: incorrect type in argument 3 (different modifiers)
kernel/posix-cpu-timers.c:27:53:    expected unsigned long [nocast] [usertype] *newval
kernel/posix-cpu-timers.c:27:53:    got unsigned long *<noident>
kernel/posix-cpu-timers.c:27:53: warning: implicit cast to nocast type
kernel/posix-cpu-timers.c:130:26: warning: incorrect type in argument 2 (different modifiers)
kernel/posix-cpu-timers.c:130:26:    expected unsigned long [nocast] [usertype] *utime
kernel/posix-cpu-timers.c:130:26:    got unsigned long *<noident>
kernel/posix-cpu-timers.c:130:26: warning: implicit cast to nocast type
kernel/posix-cpu-timers.c:130:34: warning: incorrect type in argument 3 (different modifiers)
kernel/posix-cpu-timers.c:130:34:    expected unsigned long [nocast] [usertype] *stime
kernel/posix-cpu-timers.c:130:34:    got unsigned long *<noident>
kernel/posix-cpu-timers.c:130:34: warning: implicit cast to nocast type
kernel/posix-cpu-timers.c:138:26: warning: incorrect type in argument 2 (different modifiers)
kernel/posix-cpu-timers.c:138:26:    expected unsigned long [nocast] [usertype] *utime
kernel/posix-cpu-timers.c:138:26:    got unsigned long *<noident>
kernel/posix-cpu-timers.c:138:26: warning: implicit cast to nocast type
kernel/posix-cpu-timers.c:440:28: warning: incorrect type in argument 2 (different modifiers)
kernel/posix-cpu-timers.c:440:28:    expected unsigned long [nocast] [usertype] *utime
kernel/posix-cpu-timers.c:440:28:    got unsigned long *<noident>
kernel/posix-cpu-timers.c:440:28: warning: implicit cast to nocast type
kernel/posix-cpu-timers.c:440:36: warning: incorrect type in argument 3 (different modifiers)
kernel/posix-cpu-timers.c:440:36:    expected unsigned long [nocast] [usertype] *stime
kernel/posix-cpu-timers.c:440:36:    got unsigned long *<noident>
kernel/posix-cpu-timers.c:440:36: warning: implicit cast to nocast type
kernel/posix-cpu-timers.c:450:28: warning: incorrect type in argument 2 (different modifiers)
kernel/posix-cpu-timers.c:450:28:    expected unsigned long [nocast] [usertype] *utime
kernel/posix-cpu-timers.c:450:28:    got unsigned long *<noident>
kernel/posix-cpu-timers.c:450:28: warning: implicit cast to nocast type
kernel/posix-cpu-timers.c:450:36: warning: incorrect type in argument 3 (different modifiers)
kernel/posix-cpu-timers.c:450:36:    expected unsigned long [nocast] [usertype] *stime
kernel/posix-cpu-timers.c:450:36:    got unsigned long *<noident>
kernel/posix-cpu-timers.c:450:36: warning: implicit cast to nocast type
kernel/posix-cpu-timers.c:130:26: warning: incorrect type in argument 2 (different modifiers)
kernel/posix-cpu-timers.c:130:26:    expected unsigned long [nocast] [usertype] *utime
kernel/posix-cpu-timers.c:130:26:    got unsigned long *<noident>
kernel/posix-cpu-timers.c:130:26: warning: implicit cast to nocast type
kernel/posix-cpu-timers.c:130:34: warning: incorrect type in argument 3 (different modifiers)
kernel/posix-cpu-timers.c:130:34:    expected unsigned long [nocast] [usertype] *stime
kernel/posix-cpu-timers.c:130:34:    got unsigned long *<noident>
kernel/posix-cpu-timers.c:130:34: warning: implicit cast to nocast type
kernel/posix-cpu-timers.c:138:26: warning: incorrect type in argument 2 (different modifiers)
kernel/posix-cpu-timers.c:138:26:    expected unsigned long [nocast] [usertype] *utime
kernel/posix-cpu-timers.c:138:26:    got unsigned long *<noident>
kernel/posix-cpu-timers.c:138:26: warning: implicit cast to nocast type
kernel/posix-cpu-timers.c:962:27: warning: implicit cast from nocast type
kernel/posix-cpu-timers.c:971:39: warning: implicit cast to nocast type
kernel/posix-cpu-timers.c:976:62: warning: implicit cast to nocast type
kernel/posix-cpu-timers.c:980:44: warning: implicit cast from nocast type
kernel/posix-cpu-timers.c:981:30: warning: implicit cast from nocast type
kernel/posix-cpu-timers.c:1044:38: warning: implicit cast from nocast type
kernel/posix-cpu-timers.c:1045:40: warning: implicit cast from nocast type
kernel/posix-cpu-timers.c:1164:28: warning: incorrect type in argument 2 (different modifiers)
kernel/posix-cpu-timers.c:1164:28:    expected unsigned long [nocast] [usertype] *utime
kernel/posix-cpu-timers.c:1164:28:    got unsigned long *<noident>
kernel/posix-cpu-timers.c:1164:28: warning: implicit cast to nocast type
kernel/posix-cpu-timers.c:1164:36: warning: incorrect type in argument 3 (different modifiers)
kernel/posix-cpu-timers.c:1164:36:    expected unsigned long [nocast] [usertype] *stime
kernel/posix-cpu-timers.c:1164:36:    got unsigned long *<noident>
kernel/posix-cpu-timers.c:1164:36: warning: implicit cast to nocast type
kernel/posix-cpu-timers.c:1287:29: warning: implicit cast from nocast type
kernel/posix-cpu-timers.c:1291:44: warning: implicit cast to nocast type
kernel/posix-cpu-timers.c:1297:28: warning: implicit cast to nocast type
block/blk-core.c:2849:5: warning: symbol 'kblockd_schedule_delayed_work' was not declared. Should it be static?
block/blk-core.c:974:24: warning: context imbalance in '__get_request' - unexpected unlock
block/blk-core.c:1112:16: warning: context imbalance in 'blk_get_request' - wrong count at exit
block/blk-core.c:1465:6: warning: context imbalance in 'blk_queue_bio' - different lock contexts for basic block
block/blk-core.c:3028:17: warning: context imbalance in 'blk_flush_plug_list' - unexpected unlock
kernel/hrtimer.c:64:1: warning: symbol 'hrtimer_bases' was not declared. Should it be static?
kernel/hrtimer.c:152:27: warning: context imbalance in 'lock_hrtimer_base' - wrong count at exit
kernel/hrtimer.c:1019:25: warning: context imbalance in '__hrtimer_start_range_ns' - unexpected unlock
kernel/hrtimer.c:829:9: warning: context imbalance in 'hrtimer_try_to_cancel' - unexpected unlock
kernel/hrtimer.c:1123:9: warning: context imbalance in 'hrtimer_get_remaining' - unexpected unlock
kernel/ksysfs.c:143:5: warning: symbol 'rcu_expedited' was not declared. Should it be static?
crypto/shash.c:81:40: warning: Variable length array is used.
crypto/shash.c:117:40: warning: Variable length array is used.
kernel/smpboot.c:168:36: warning: incorrect type in initializer (different address spaces)
kernel/smpboot.c:168:36:    expected void const [noderef] <asn:3>*__vpp_verify
kernel/smpboot.c:168:36:    got struct task_struct [noderef] <asn:3>**<noident>
kernel/smpboot.c:168:35: warning: incorrect type in initializer (different address spaces)
kernel/smpboot.c:168:35:    expected struct task_struct *tsk
kernel/smpboot.c:168:35:    got struct task_struct [noderef] <asn:3>*<noident>
kernel/smpboot.c:187:10: warning: incorrect type in initializer (different address spaces)
kernel/smpboot.c:187:10:    expected void const [noderef] <asn:3>*__vpp_verify
kernel/smpboot.c:187:10:    got struct task_struct [noderef] <asn:3>**<noident>
kernel/smpboot.c:187:38: warning: incorrect type in assignment (different address spaces)
kernel/smpboot.c:187:38:    expected struct task_struct [noderef] <asn:3>*<noident>
kernel/smpboot.c:187:38:    got struct task_struct *[assigned] tsk
kernel/smpboot.c:220:36: warning: incorrect type in initializer (different address spaces)
kernel/smpboot.c:220:36:    expected void const [noderef] <asn:3>*__vpp_verify
kernel/smpboot.c:220:36:    got struct task_struct [noderef] <asn:3>**<noident>
kernel/smpboot.c:220:35: warning: incorrect type in initializer (different address spaces)
kernel/smpboot.c:220:35:    expected struct task_struct *tsk
kernel/smpboot.c:220:35:    got struct task_struct [noderef] <asn:3>*<noident>
kernel/smpboot.c:239:36: warning: incorrect type in initializer (different address spaces)
kernel/smpboot.c:239:36:    expected void const [noderef] <asn:3>*__vpp_verify
kernel/smpboot.c:239:36:    got struct task_struct [noderef] <asn:3>**<noident>
kernel/smpboot.c:239:35: warning: incorrect type in initializer (different address spaces)
kernel/smpboot.c:239:35:    expected struct task_struct *tsk
kernel/smpboot.c:239:35:    got struct task_struct [noderef] <asn:3>*<noident>
kernel/smpboot.c:261:44: warning: incorrect type in initializer (different address spaces)
kernel/smpboot.c:261:44:    expected void const [noderef] <asn:3>*__vpp_verify
kernel/smpboot.c:261:44:    got struct task_struct [noderef] <asn:3>**<noident>
kernel/smpboot.c:261:43: warning: incorrect type in initializer (different address spaces)
kernel/smpboot.c:261:43:    expected struct task_struct *tsk
kernel/smpboot.c:261:43:    got struct task_struct [noderef] <asn:3>*<noident>
kernel/smpboot.c:266:26: warning: incorrect type in initializer (different address spaces)
kernel/smpboot.c:266:26:    expected void const [noderef] <asn:3>*__vpp_verify
kernel/smpboot.c:266:26:    got struct task_struct [noderef] <asn:3>**<noident>
kernel/events/core.c:288:26: warning: function 'perf_pmu_name' with external linkage has definition
kernel/events/core.c:181:6: warning: symbol 'update_perf_cpu_limits' was not declared. Should it be static?
kernel/events/core.c:231:1: warning: symbol 'running_sample_length' was not declared. Should it be static?
kernel/events/core.c:722:1: warning: symbol 'perf_cgroup_switch' was not declared. Should it be static?
kernel/events/core.c:794:26: warning: incorrect type in initializer (different address spaces)
kernel/events/core.c:794:26:    expected void const [noderef] <asn:3>*__vpp_verify
kernel/events/core.c:794:26:    got struct perf_cpu_context *<noident>
kernel/events/core.c:780:6: warning: symbol 'perf_cpu_hrtimer_cancel' was not declared. Should it be static?
kernel/events/core.c:850:22: warning: incorrect type in initializer (different address spaces)
kernel/events/core.c:850:22:    expected void const [noderef] <asn:3>*__vpp_verify
kernel/events/core.c:850:22:    got int *<noident>
kernel/events/core.c:857:22: warning: incorrect type in initializer (different address spaces)
kernel/events/core.c:857:22:    expected void const [noderef] <asn:3>*__vpp_verify
kernel/events/core.c:857:22:    got int *<noident>
kernel/events/core.c:871:43: warning: incorrect type in initializer (different address spaces)
kernel/events/core.c:871:43:    expected void const [noderef] <asn:3>*__vpp_verify
kernel/events/core.c:871:43:    got struct perf_cpu_context *<noident>
kernel/events/core.c:301:16: warning: incorrect type in initializer (different address spaces)
kernel/events/core.c:301:16:    expected void const [noderef] <asn:3>*__vpp_verify
kernel/events/core.c:301:16:    got struct perf_cpu_context *<noident>
kernel/events/core.c:301:16: warning: incorrect type in initializer (different address spaces)
kernel/events/core.c:301:16:    expected void const [noderef] <asn:3>*__vpp_verify
kernel/events/core.c:301:16:    got struct perf_cpu_context *<noident>
kernel/events/core.c:301:16: warning: incorrect type in initializer (different address spaces)
kernel/events/core.c:301:16:    expected void const [noderef] <asn:3>*__vpp_verify
kernel/events/core.c:301:16:    got struct perf_cpu_context *<noident>
kernel/events/core.c:301:16: warning: incorrect type in initializer (different address spaces)
kernel/events/core.c:301:16:    expected void const [noderef] <asn:3>*__vpp_verify
kernel/events/core.c:301:16:    got struct perf_cpu_context *<noident>
kernel/events/core.c:301:16: warning: incorrect type in initializer (different address spaces)
kernel/events/core.c:301:16:    expected void const [noderef] <asn:3>*__vpp_verify
kernel/events/core.c:301:16:    got struct perf_cpu_context *<noident>
kernel/events/core.c:301:16: warning: incorrect type in initializer (different address spaces)
kernel/events/core.c:301:16:    expected void const [noderef] <asn:3>*__vpp_verify
kernel/events/core.c:301:16:    got struct perf_cpu_context *<noident>
kernel/events/core.c:301:16: warning: incorrect type in initializer (different address spaces)
kernel/events/core.c:301:16:    expected void const [noderef] <asn:3>*__vpp_verify
kernel/events/core.c:301:16:    got struct perf_cpu_context *<noident>
kernel/events/core.c:301:16: warning: incorrect type in initializer (different address spaces)
kernel/events/core.c:301:16:    expected void const [noderef] <asn:3>*__vpp_verify
kernel/events/core.c:301:16:    got struct perf_cpu_context *<noident>
kernel/events/core.c:2512:26: warning: incorrect type in initializer (different address spaces)
kernel/events/core.c:2512:26:    expected void const [noderef] <asn:3>*__vpp_verify
kernel/events/core.c:2512:26:    got struct perf_cpu_context *<noident>
kernel/events/core.c:301:16: warning: incorrect type in initializer (different address spaces)
kernel/events/core.c:301:16:    expected void const [noderef] <asn:3>*__vpp_verify
kernel/events/core.c:301:16:    got struct perf_cpu_context *<noident>
kernel/events/core.c:3059:26: warning: incorrect type in initializer (different address spaces)
kernel/events/core.c:3059:26:    expected void const [noderef] <asn:3>*__vpp_verify
kernel/events/core.c:3059:26:    got struct perf_cpu_context *<noident>
kernel/events/core.c:3660:13: warning: symbol 'arch_perf_update_userpage' was not declared. Should it be static?
kernel/events/internal.h:129:1: warning: incorrect type in argument 2 (different address spaces)
kernel/events/internal.h:129:1:    expected void const [noderef] <asn:1>*from
kernel/events/internal.h:129:1:    got void const *buf
kernel/events/core.c:4746:26: warning: incorrect type in initializer (different address spaces)
kernel/events/core.c:4746:26:    expected void const [noderef] <asn:3>*__vpp_verify
kernel/events/core.c:4746:26:    got struct perf_cpu_context *<noident>
kernel/events/core.c:6191:26: warning: incorrect type in initializer (different address spaces)
kernel/events/core.c:6191:26:    expected void const [noderef] <asn:3>*__vpp_verify
kernel/events/core.c:6191:26:    got struct perf_cpu_context *<noident>
kernel/events/core.c:6213:24: warning: incorrect type in argument 1 (different address spaces)
kernel/events/core.c:6213:24:    expected void [noderef] <asn:3>*__pdata
kernel/events/core.c:6213:24:    got struct perf_cpu_context *[noderef] pmu_cpu_context
kernel/events/core.c:6261:26: warning: incorrect type in initializer (different address spaces)
kernel/events/core.c:6261:26:    expected void const [noderef] <asn:3>*__vpp_verify
kernel/events/core.c:6261:26:    got struct perf_cpu_context *<noident>
kernel/events/core.c:6326:32: warning: incorrect type in assignment (different address spaces)
kernel/events/core.c:6326:32:    expected int *[noderef] pmu_disable_count
kernel/events/core.c:6326:32:    got int [noderef] <asn:3>*<noident>
kernel/events/core.c:6356:30: warning: incorrect type in assignment (different address spaces)
kernel/events/core.c:6356:30:    expected struct perf_cpu_context *[noderef] pmu_cpu_context
kernel/events/core.c:6356:30:    got struct perf_cpu_context [noderef] <asn:3>*<noident>
kernel/events/core.c:6363:26: warning: incorrect type in initializer (different address spaces)
kernel/events/core.c:6363:26:    expected void const [noderef] <asn:3>*__vpp_verify
kernel/events/core.c:6363:26:    got struct perf_cpu_context *<noident>
kernel/events/core.c:6418:24: warning: incorrect type in argument 1 (different address spaces)
kernel/events/core.c:6418:24:    expected void [noderef] <asn:3>*__pdata
kernel/events/core.c:6418:24:    got int *[noderef] pmu_disable_count
kernel/events/core.c:6435:24: warning: incorrect type in argument 1 (different address spaces)
kernel/events/core.c:6435:24:    expected void [noderef] <asn:3>*__pdata
kernel/events/core.c:6435:24:    got int *[noderef] pmu_disable_count
kernel/events/core.c:6443:12: warning: symbol 'perf_init_event' was not declared. Should it be static?
kernel/events/core.c:7159:20: warning: incorrect type in initializer (different address spaces)
kernel/events/core.c:7159:20:    expected void const [noderef] <asn:3>*__vpp_verify
kernel/events/core.c:7159:20:    got struct perf_cpu_context *<noident>
kernel/events/core.c:7160:20: warning: incorrect type in initializer (different address spaces)
kernel/events/core.c:7160:20:    expected void const [noderef] <asn:3>*__vpp_verify
kernel/events/core.c:7160:20:    got struct perf_cpu_context *<noident>
fs/dcache.c:292:9: warning: context imbalance in 'dentry_iput' - different lock contexts for basic block
kernel/events/core.c:7566:5: warning: symbol 'perf_event_init_context' was not declared. Should it be static?
kernel/events/core.c:7708:43: warning: incorrect type in initializer (different address spaces)
kernel/events/core.c:7708:43:    expected void const [noderef] <asn:3>*__vpp_verify
kernel/events/core.c:7708:43:    got struct perf_cpu_context *<noident>
fs/dcache.c:383:9: warning: context imbalance in 'd_kill' - different lock contexts for basic block
kernel/events/core.c:7736:24: warning: incorrect type in initializer (different address spaces)
kernel/events/core.c:7736:24:    expected void const [noderef] <asn:3>*__vpp_verify
kernel/events/core.c:7736:24:    got struct perf_cpu_context *<noident>
fs/dcache.c:462:36: warning: context imbalance in 'dput' - different lock contexts for basic block
kernel/events/core.c:308:9: warning: context imbalance in 'perf_ctx_lock' - wrong count at exit
kernel/events/core.c:316:17: warning: context imbalance in 'perf_ctx_unlock' - unexpected unlock
fs/dcache.c:462:36: warning: context imbalance in 'try_prune_one_dentry' - different lock contexts for basic block
fs/dcache.c:791:26: warning: context imbalance in 'shrink_dentry_list' - different lock contexts for basic block
kernel/events/core.c:989:9: warning: context imbalance in 'perf_lock_task_context' - wrong count at exit
kernel/events/core.c:1005:17: warning: context imbalance in 'perf_pin_task_context' - unexpected unlock
include/linux/rcupdate.h:798:9: warning: context imbalance in 'try_to_ascend' - unexpected unlock
fs/dcache.c:1171:32: warning: context imbalance in 'have_submounts' - unexpected unlock
fs/dcache.c:1274:32: warning: context imbalance in 'select_parent' - unexpected unlock
kernel/events/core.c:1847:25: warning: context imbalance in '__perf_install_in_context' - unexpected unlock
fs/dcache.c:1483:31: warning: context imbalance in 'd_instantiate' - different lock contexts for basic block
fs/dcache.c:1550:9: warning: context imbalance in 'd_instantiate_unique' - different lock contexts for basic block
fs/dcache.c:2285:9: warning: context imbalance in 'dentry_lock_for_move' - wrong count at exit
fs/dcache.c:2298:28: warning: context imbalance in 'dentry_unlock_parents_for_move' - unexpected unlock
fs/dcache.c:2368:17: warning: context imbalance in '__d_move' - unexpected unlock
fs/dcache.c:2447:20: warning: context imbalance in '__d_unalias' - unexpected unlock
kernel/events/core.c:3075:17: warning: context imbalance in 'find_get_context' - unexpected unlock
fs/dcache.c:2460:13: warning: context imbalance in '__d_materialise_dentry' - unexpected unlock
fs/dcache.c:2562:9: warning: context imbalance in 'd_materialise_unique' - unexpected unlock
fs/dcache.c:2861:6: warning: context imbalance in 'dentry_path' - wrong count at exit
fs/dcache.c:3004:9: warning: context imbalance in 'd_genocide' - different lock contexts for basic block
kernel/events/core.c:4759:17: warning: dereference of noderef expression
kernel/events/core.c:6178:32: warning: dereference of noderef expression
kernel/events/core.c:6207:21: warning: dereference of noderef expression
kernel/events/core.c:6207:43: warning: dereference of noderef expression
kernel/events/core.c:6213:21: warning: dereference of noderef expression
kernel/events/core.c:6327:14: warning: dereference of noderef expression
kernel/events/core.c:6351:9: warning: dereference of noderef expression
kernel/events/core.c:6352:13: warning: dereference of noderef expression
kernel/events/core.c:6357:14: warning: dereference of noderef expression
kernel/events/core.c:6418:21: warning: dereference of noderef expression
kernel/events/core.c:6435:21: warning: dereference of noderef expression
kernel/irq/irqdesc.c:427:17: warning: context imbalance in '__irq_get_desc_lock' - wrong count at exit
kernel/irq/irqdesc.c:451:6: warning: context imbalance in '__irq_put_desc_unlock' - unexpected unlock
mm/backing-dev.c:45:9: warning: context imbalance in 'bdi_lock_two' - wrong count at exit
mm/backing-dev.c:491:28: warning: context imbalance in 'bdi_destroy' - unexpected unlock
block/blk-lib.c:223:5: warning: symbol '__blkdev_issue_zeroout' was not declared. Should it be static?
block/genhd.c:1397:10: error: bad integer constant expression
block/genhd.c:1398:10: error: bad integer constant expression
block/genhd.c:1402:10: error: bad integer constant expression
block/genhd.c:1403:10: error: bad integer constant expression
mm/mm_init.c:153:5: warning: symbol 'vm_committed_as_batch' was not declared. Should it be static?
kernel/irq/spurious.c:47:17: warning: context imbalance in 'irq_wait_for_poll' - unexpected unlock
fs/inode.c:718:17: warning: context imbalance in 'inode_lru_isolate' - unexpected unlock
fs/inode.c:775:9: warning: context imbalance in 'find_inode' - different lock contexts for basic block
fs/inode.c:806:9: warning: context imbalance in 'find_inode_fast' - different lock contexts for basic block
fs/inode.c:1255:5: warning: context imbalance in 'insert_inode_locked' - wrong count at exit
fs/inode.c:1297:5: warning: context imbalance in 'insert_inode_locked4' - wrong count at exit
fs/inode.c:1389:20: warning: context imbalance in 'iput_final' - unexpected unlock
fs/inode.c:1405:9: warning: context imbalance in 'iput' - wrong count at exit
fs/inode.c:1685:13: warning: context imbalance in '__wait_on_freeing_inode' - unexpected unlock
mm/percpu.c:1609:12: warning: symbol 'pcpu_embed_first_chunk' was not declared. Should it be static?
drivers/base/devtmpfs.c:357:25: warning: incorrect type in argument 1 (different address spaces)
drivers/base/devtmpfs.c:357:25:    expected char [noderef] <asn:1>*dev_name
drivers/base/devtmpfs.c:357:25:    got char static *<noident>
drivers/base/devtmpfs.c:357:38: warning: incorrect type in argument 2 (different address spaces)
drivers/base/devtmpfs.c:357:38:    expected char [noderef] <asn:1>*dir_name
drivers/base/devtmpfs.c:357:38:    got char *<noident>
drivers/base/devtmpfs.c:357:53: warning: incorrect type in argument 3 (different address spaces)
drivers/base/devtmpfs.c:357:53:    expected char [noderef] <asn:1>*type
drivers/base/devtmpfs.c:357:53:    got char static *<noident>
drivers/base/devtmpfs.c:383:26: warning: incorrect type in argument 1 (different address spaces)
drivers/base/devtmpfs.c:383:26:    expected char [noderef] <asn:1>*dev_name
drivers/base/devtmpfs.c:383:26:    got char static *<noident>
drivers/base/devtmpfs.c:383:38: warning: incorrect type in argument 2 (different address spaces)
drivers/base/devtmpfs.c:383:38:    expected char [noderef] <asn:1>*dir_name
drivers/base/devtmpfs.c:383:38:    got char static *<noident>
drivers/base/devtmpfs.c:383:43: warning: incorrect type in argument 3 (different address spaces)
drivers/base/devtmpfs.c:383:43:    expected char [noderef] <asn:1>*type
drivers/base/devtmpfs.c:383:43:    got char static *<noident>
drivers/base/devtmpfs.c:383:66: warning: incorrect type in argument 5 (different address spaces)
drivers/base/devtmpfs.c:383:66:    expected void [noderef] <asn:1>*data
drivers/base/devtmpfs.c:383:66:    got char *<noident>
drivers/base/devtmpfs.c:386:19: warning: incorrect type in argument 1 (different address spaces)
drivers/base/devtmpfs.c:386:19:    expected char const [noderef] <asn:1>*filename
drivers/base/devtmpfs.c:386:19:    got char static *<noident>
drivers/base/devtmpfs.c:387:20: warning: incorrect type in argument 1 (different address spaces)
drivers/base/devtmpfs.c:387:20:    expected char const [noderef] <asn:1>*filename
drivers/base/devtmpfs.c:387:20:    got char static *<noident>
kernel/events/ring_buffer.c:112:5: warning: context imbalance in 'perf_output_begin' - different lock contexts for basic block
kernel/events/ring_buffer.c:209:6: warning: context imbalance in 'perf_output_end' - unexpected unlock
kernel/irq/irqdomain.c:468:14: warning: symbol 'irq_create_of_mapping' was not declared. Should it be static?
kernel/events/callchain.c:140:39: warning: incorrect type in argument 1 (different modifiers)
kernel/events/callchain.c:140:39:    expected int *recursion
kernel/events/callchain.c:140:39:    got int [noderef] *<noident>
kernel/events/callchain.c:156:31: warning: incorrect type in argument 1 (different modifiers)
kernel/events/callchain.c:156:31:    expected int *recursion
kernel/events/callchain.c:156:31:    got int [noderef] *<noident>
fs/file.c:27:5: warning: symbol 'sysctl_nr_open_min' was not declared. Should it be static?
fs/file.c:28:5: warning: symbol 'sysctl_nr_open_max' was not declared. Should it be static?
fs/file.c:442:30: error: incompatible types in comparison expression (different type sizes)
mm/compaction.c:1055:37: warning: incorrect type in initializer (different base types)
mm/compaction.c:1055:37:    expected int [signed] may_enter_fs
mm/compaction.c:1055:37:    got restricted gfp_t
mm/compaction.c:1056:39: warning: incorrect type in initializer (different base types)
mm/compaction.c:1056:39:    expected int [signed] may_perform_io
mm/compaction.c:1056:39:    got restricted gfp_t
mm/compaction.c:189:47: warning: context imbalance in 'compact_checklock_irqsave' - unexpected unlock
mm/compaction.c:319:39: warning: context imbalance in 'isolate_freepages_block' - unexpected unlock
mm/compaction.c:482:55: warning: context imbalance in 'isolate_migratepages_range' - unexpected unlock
kernel/events/hw_breakpoint.c:83:12: warning: symbol 'hw_breakpoint_weight' was not declared. Should it be static?
kernel/events/hw_breakpoint.c:231:13: warning: symbol 'arch_unregister_hw_breakpoint' was not declared. Should it be static?
crypto/hmac.c:57:47: warning: Variable length array is used.
kernel/printk/printk.c:215:1: warning: symbol 'log_wait' was not declared. Should it be static?
kernel/printk/printk.c:781:15: warning: memcpy with byte count of 131072
kernel/power/main.c:49:5: warning: symbol 'pm_async_enabled' was not declared. Should it be static?
kernel/power/main.c:620:25: warning: symbol 'pm_wq' was not declared. Should it be static?
kernel/sched/core.c:857:6: warning: symbol 'sched_set_stop_task' was not declared. Should it be static?
kernel/sched/core.c:2542:25: warning: symbol 'preempt_schedule_irq' was not declared. Should it be static?
kernel/sched/core.c:5254:28: warning: incorrect type in initializer (different address spaces)
kernel/sched/core.c:5254:28:    expected void const [noderef] <asn:3>*__vpp_verify
kernel/sched/core.c:5254:28:    got struct sched_domain **<noident>
kernel/sched/core.c:5289:26: warning: incorrect type in initializer (different address spaces)
kernel/sched/core.c:5289:26:    expected void const [noderef] <asn:3>*__vpp_verify
kernel/sched/core.c:5289:26:    got struct sched_domain **<noident>
kernel/sched/core.c:5310:28: warning: incorrect type in initializer (different address spaces)
kernel/sched/core.c:5310:28:    expected void const [noderef] <asn:3>*__vpp_verify
kernel/sched/core.c:5310:28:    got struct sched_group_power **<noident>
kernel/sched/core.c:5349:36: warning: incorrect type in initializer (different address spaces)
kernel/sched/core.c:5349:36:    expected void const [noderef] <asn:3>*__vpp_verify
kernel/sched/core.c:5349:36:    got struct sched_domain **<noident>
kernel/sched/core.c:5356:24: warning: incorrect type in initializer (different address spaces)
kernel/sched/core.c:5356:24:    expected void const [noderef] <asn:3>*__vpp_verify
kernel/sched/core.c:5356:24:    got struct sched_group **<noident>
kernel/sched/core.c:5357:31: warning: incorrect type in initializer (different address spaces)
kernel/sched/core.c:5357:31:    expected void const [noderef] <asn:3>*__vpp_verify
kernel/sched/core.c:5357:31:    got struct sched_group_power **<noident>
kernel/sched/core.c:5450:12: warning: symbol 'arch_sd_sibling_asym_packing' was not declared. Should it be static?
kernel/sched/core.c:5477:1: warning: incorrect type in initializer (different address spaces)
kernel/sched/core.c:5477:1:    expected void const [noderef] <asn:3>*__vpp_verify
kernel/sched/core.c:5477:1:    got struct sched_domain **<noident>
kernel/sched/core.c:5961:39: warning: incorrect type in initializer (different address spaces)
kernel/sched/core.c:5961:39:    expected void const [noderef] <asn:3>*__vpp_verify
kernel/sched/core.c:5961:39:    got struct sched_domain **<noident>
kernel/sched/core.c:5964:40: warning: incorrect type in initializer (different address spaces)
kernel/sched/core.c:5964:40:    expected void const [noderef] <asn:3>*__vpp_verify
kernel/sched/core.c:5964:40:    got struct sched_domain **<noident>
kernel/sched/core.c:5968:40: warning: incorrect type in initializer (different address spaces)
kernel/sched/core.c:5968:40:    expected void const [noderef] <asn:3>*__vpp_verify
kernel/sched/core.c:5968:40:    got struct sched_group **<noident>
kernel/sched/core.c:5970:40: warning: incorrect type in initializer (different address spaces)
kernel/sched/core.c:5970:40:    expected void const [noderef] <asn:3>*__vpp_verify
kernel/sched/core.c:5970:40:    got struct sched_group_power **<noident>
kernel/sched/core.c:5972:32: warning: incorrect type in argument 1 (different address spaces)
kernel/sched/core.c:5972:32:    expected void [noderef] <asn:3>*__pdata
kernel/sched/core.c:5972:32:    got struct sched_domain **[noderef] sd
kernel/sched/core.c:5974:32: warning: incorrect type in argument 1 (different address spaces)
kernel/sched/core.c:5974:32:    expected void [noderef] <asn:3>*__pdata
kernel/sched/core.c:5974:32:    got struct sched_group **[noderef] sg
kernel/sched/core.c:5976:32: warning: incorrect type in argument 1 (different address spaces)
kernel/sched/core.c:5976:32:    expected void [noderef] <asn:3>*__pdata
kernel/sched/core.c:5976:32:    got struct sched_group_power **[noderef] sgp
kernel/sched/core.c:5904:25: warning: incorrect type in assignment (different address spaces)
kernel/sched/core.c:5904:25:    expected struct sched_domain **[noderef] sd
kernel/sched/core.c:5904:25:    got struct sched_domain *[noderef] <asn:3>*<noident>
kernel/sched/core.c:5908:25: warning: incorrect type in assignment (different address spaces)
kernel/sched/core.c:5908:25:    expected struct sched_group **[noderef] sg
kernel/sched/core.c:5908:25:    got struct sched_group *[noderef] <asn:3>*<noident>
kernel/sched/core.c:5912:26: warning: incorrect type in assignment (different address spaces)
kernel/sched/core.c:5912:26:    expected struct sched_group_power **[noderef] sgp
kernel/sched/core.c:5912:26:    got struct sched_group_power *[noderef] <asn:3>*<noident>
kernel/sched/core.c:5926:26: warning: incorrect type in initializer (different address spaces)
kernel/sched/core.c:5926:26:    expected void const [noderef] <asn:3>*__vpp_verify
kernel/sched/core.c:5926:26:    got struct sched_domain **<noident>
kernel/sched/core.c:5935:26: warning: incorrect type in initializer (different address spaces)
kernel/sched/core.c:5935:26:    expected void const [noderef] <asn:3>*__vpp_verify
kernel/sched/core.c:5935:26:    got struct sched_group **<noident>
kernel/sched/core.c:5942:26: warning: incorrect type in initializer (different address spaces)
kernel/sched/core.c:5942:26:    expected void const [noderef] <asn:3>*__vpp_verify
kernel/sched/core.c:5942:26:    got struct sched_group_power **<noident>
kernel/sched/core.c:5532:30: warning: incorrect type in argument 1 (different address spaces)
kernel/sched/core.c:5532:30:    expected void [noderef] <asn:3>*__pdata
kernel/sched/core.c:5532:30:    got struct sched_domain **[noderef] sd
kernel/sched/core.c:5547:15: warning: incorrect type in assignment (different address spaces)
kernel/sched/core.c:5547:15:    expected struct sched_domain **[noderef] sd
kernel/sched/core.c:5547:15:    got struct sched_domain *[noderef] <asn:3>*<noident>
kernel/sched/core.c:5565:9: warning: incorrect type in initializer (different address spaces)
kernel/sched/core.c:5565:9:    expected void const [noderef] <asn:3>*__vpp_verify
kernel/sched/core.c:5565:9:    got struct sched_domain **<noident>
kernel/sched/core.c:5566:10: warning: incorrect type in initializer (different address spaces)
kernel/sched/core.c:5566:10:    expected void const [noderef] <asn:3>*__vpp_verify
kernel/sched/core.c:5566:10:    got struct sched_domain **<noident>
kernel/sched/core.c:5568:13: warning: incorrect type in initializer (different address spaces)
kernel/sched/core.c:5568:13:    expected void const [noderef] <asn:3>*__vpp_verify
kernel/sched/core.c:5568:13:    got struct sched_group **<noident>
kernel/sched/core.c:5569:18: warning: incorrect type in initializer (different address spaces)
kernel/sched/core.c:5569:18:    expected void const [noderef] <asn:3>*__vpp_verify
kernel/sched/core.c:5569:18:    got struct sched_group **<noident>
kernel/sched/core.c:5571:13: warning: incorrect type in initializer (different address spaces)
kernel/sched/core.c:5571:13:    expected void const [noderef] <asn:3>*__vpp_verify
kernel/sched/core.c:5571:13:    got struct sched_group_power **<noident>
kernel/sched/core.c:5572:18: warning: incorrect type in initializer (different address spaces)
kernel/sched/core.c:5572:18:    expected void const [noderef] <asn:3>*__vpp_verify
kernel/sched/core.c:5572:18:    got struct sched_group_power **<noident>
kernel/sched/core.c:5981:21: warning: symbol 'build_sched_domain' was not declared. Should it be static?
kernel/sched/core.c:6025:34: warning: incorrect type in initializer (different address spaces)
kernel/sched/core.c:6025:34:    expected void const [noderef] <asn:3>*__vpp_verify
kernel/sched/core.c:6025:34:    got struct sched_domain **<noident>
kernel/sched/core.c:6035:28: warning: incorrect type in initializer (different address spaces)
kernel/sched/core.c:6035:28:    expected void const [noderef] <asn:3>*__vpp_verify
kernel/sched/core.c:6035:28:    got struct sched_domain **<noident>
kernel/sched/core.c:6052:28: warning: incorrect type in initializer (different address spaces)
kernel/sched/core.c:6052:28:    expected void const [noderef] <asn:3>*__vpp_verify
kernel/sched/core.c:6052:28:    got struct sched_domain **<noident>
kernel/sched/core.c:6061:23: warning: incorrect type in initializer (different address spaces)
kernel/sched/core.c:6061:23:    expected void const [noderef] <asn:3>*__vpp_verify
kernel/sched/core.c:6061:23:    got struct sched_domain **<noident>
kernel/sched/core.c:3776:1: warning: context imbalance in 'sys_sched_yield' - unexpected unlock
kernel/sched/core.c:3835:28: warning: context imbalance in '__cond_resched_lock' - unexpected unlock
kernel/sched/core.c:5532:29: warning: dereference of noderef expression
kernel/sched/core.c:5548:14: warning: dereference of noderef expression
kernel/sched/core.c:5905:22: warning: dereference of noderef expression
kernel/sched/core.c:5909:22: warning: dereference of noderef expression
kernel/sched/core.c:5913:22: warning: dereference of noderef expression
kernel/sched/core.c:5960:29: warning: dereference of noderef expression
kernel/sched/core.c:5967:29: warning: dereference of noderef expression
kernel/sched/core.c:5969:29: warning: dereference of noderef expression
kernel/sched/core.c:5972:29: warning: dereference of noderef expression
kernel/sched/core.c:5973:17: warning: dereference of noderef expression
kernel/sched/core.c:5974:29: warning: dereference of noderef expression
kernel/sched/core.c:5975:17: warning: dereference of noderef expression
kernel/sched/core.c:5976:29: warning: dereference of noderef expression
kernel/sched/core.c:5977:17: warning: dereference of noderef expression
sound/soc/soc-core.c:109:25: warning: Variable length array is used.
sound/soc/soc-core.c:110:29: warning: Variable length array is used.
sound/soc/soc-core.c:253:20: error: incompatible types in comparison expression (different type sizes)
crypto/cbc.c:149:20: warning: Variable length array is used.
mm/fremap.c:137:31: warning: implicit cast to nocast type
mm/memory.c:116:15: warning: symbol 'zero_pfn' was not declared. Should it be static?
mm/memory.c:879:5: warning: symbol 'copy_pte_range' was not declared. Should it be static?
mm/memory.c:3521:5: warning: symbol 'numa_migrate_prep' was not declared. Should it be static?
mm/memory.c:3533:5: warning: symbol 'do_numa_page' was not declared. Should it be static?
mm/memory.c:895:17: warning: context imbalance in 'copy_pte_range' - different lock contexts for basic block
mm/memory.c:2062:32: warning: context imbalance in '__get_locked_pte' - different lock contexts for basic block
mm/memory.c:2265:17: warning: context imbalance in 'remap_pte_range' - different lock contexts for basic block
mm/memory.c:2463:17: warning: context imbalance in 'apply_to_pte_range' - unexpected unlock
mm/memory.c:3970:12: warning: context imbalance in '__follow_pte' - different lock contexts for basic block
sound/core/pcm_native.c:172:37: warning: Variable length array is used.
sound/core/pcm_native.c:752:17: warning: context imbalance in 'snd_pcm_action_group' - different lock contexts for basic block
fs/libfs.c:809:16: error: incompatible types in comparison expression (different type sizes)
fs/fs-writeback.c:1066:9: warning: context imbalance in 'block_dump___mark_inode_dirty' - different lock contexts for basic block
kernel/sched/clock.c:82:19: warning: symbol 'sched_clock_running' was not declared. Should it be static?
kernel/sched/cputime.c:297:34: warning: incorrect type in argument 2 (different modifiers)
kernel/sched/cputime.c:297:34:    expected unsigned long [nocast] [usertype] *utime
kernel/sched/cputime.c:297:34:    got unsigned long *<noident>
kernel/sched/cputime.c:297:34: warning: implicit cast to nocast type
kernel/sched/cputime.c:297:42: warning: incorrect type in argument 3 (different modifiers)
kernel/sched/cputime.c:297:42:    expected unsigned long [nocast] [usertype] *stime
kernel/sched/cputime.c:297:42:    got unsigned long *<noident>
kernel/sched/cputime.c:297:42: warning: implicit cast to nocast type
kernel/sched/cputime.c:585:25: warning: implicit cast to nocast type
kernel/sched/cputime.c:607:26: warning: incorrect type in argument 2 (different modifiers)
kernel/sched/cputime.c:607:26:    expected unsigned long [nocast] [usertype] *utime
kernel/sched/cputime.c:607:26:    got unsigned long *<noident>
kernel/sched/cputime.c:607:26: warning: implicit cast to nocast type
kernel/sched/cputime.c:607:42: warning: incorrect type in argument 3 (different modifiers)
kernel/sched/cputime.c:607:42:    expected unsigned long [nocast] [usertype] *stime
kernel/sched/cputime.c:607:42:    got unsigned long *<noident>
kernel/sched/cputime.c:607:42: warning: implicit cast to nocast type
kernel/time/jiffies.c:101:20: warning: symbol 'refined_jiffies' was not declared. Should it be static?
kernel/sched/fair.c:50:14: warning: symbol 'normalized_sysctl_sched_latency' was not declared. Should it be static?
kernel/sched/fair.c:69:14: warning: symbol 'normalized_sysctl_sched_min_granularity' was not declared. Should it be static?
kernel/sched/fair.c:91:14: warning: symbol 'normalized_sysctl_sched_wakeup_granularity' was not declared. Should it be static?
kernel/sched/fair.c:2758:35: error: marked inline, but without a definition
mm/mlock.c:361:37: warning: implicit cast to nocast type
mm/mlock.c:505:37: warning: implicit cast to nocast type
mm/mmap.c:1288:47: warning: implicit cast to nocast type
mm/mmap.c:1290:45: warning: implicit cast to nocast type
mm/mmap.c:1299:45: warning: implicit cast to nocast type
mm/mmap.c:1320:47: warning: implicit cast to nocast type
mm/mmap.c:1340:37: warning: implicit cast to nocast type
mm/mmap.c:1344:37: warning: implicit cast to nocast type
mm/mmap.c:1388:33: warning: implicit cast to nocast type
mm/mmap.c:1519:29: warning: implicit cast to nocast type
mm/mmap.c:818:9: warning: context imbalance in 'vma_adjust' - different lock contexts for basic block
kernel/time/clockevents.c:557:17: warning: symbol 'clockevents_subsys' was not declared. Should it be static?
drivers/base/dma-coherent.c:46:33: warning: incorrect type in assignment (different address spaces)
drivers/base/dma-coherent.c:46:33:    expected void *virt_base
drivers/base/dma-coherent.c:46:33:    got void [noderef] <asn:2>*[assigned] mem_base
drivers/base/dma-coherent.c:73:20: warning: incorrect type in argument 1 (different address spaces)
drivers/base/dma-coherent.c:73:20:    expected void volatile [noderef] <asn:2>*addr
drivers/base/dma-coherent.c:73:20:    got void *virt_base
fs/fs_struct.c:161:18: warning: symbol 'init_fs' was not declared. Should it be static?
mm/mremap.c:136:9: warning: context imbalance in 'move_ptes' - different lock contexts for basic block
kernel/sched/sched.h:1209:17: warning: context imbalance in 'find_lock_lowest_rq' - unexpected unlock
kernel/sched/rt.c:1602:9: warning: context imbalance in 'push_rt_task' - unexpected unlock
kernel/sched/sched.h:1209:17: warning: context imbalance in 'pull_rt_task' - unexpected unlock
kernel/time/tick-sched.c:364:5: warning: symbol 'tick_nohz_enabled' was not declared. Should it be static?
drivers/base/firmware_class.c:221:13: warning: context imbalance in '__fw_free_buf' - unexpected unlock
drivers/base/firmware_class.c:250:9: warning: context imbalance in 'fw_free_buf' - wrong count at exit
mm/rmap.c:603:23: warning: Using plain integer as NULL pointer
mm/rmap.c:1431:6: warning: symbol 'is_vma_temporary_stack' was not declared. Should it be static?
mm/rmap.c:595:7: warning: context imbalance in '__page_check_address' - wrong count at exit
kernel/time/timekeeping_debug.c:68:6: warning: symbol 'tk_debug_account_sleep_time' was not declared. Should it be static?
mm/vmalloc.c:573:6: warning: symbol 'set_iounmap_nonlazy' was not declared. Should it be static?
kernel/sched/debug.c:234:6: warning: symbol 'print_rt_rq' was not declared. Should it be static?
drivers/block/loop.c:278:38: warning: incorrect type in argument 2 (different address spaces)
drivers/block/loop.c:278:38:    expected char const [noderef] <asn:1>*<noident>
drivers/block/loop.c:278:38:    got unsigned char [usertype] *buf
kernel/futex.c:1056:33: warning: context imbalance in 'futex_wake_op' - different lock contexts for basic block
kernel/futex.c:1327:41: warning: context imbalance in 'futex_requeue' - different lock contexts for basic block
kernel/futex.c:1782:13: warning: context imbalance in 'futex_wait_queue_me' - unexpected unlock
kernel/futex.c:1888:9: warning: context imbalance in 'futex_wait_setup' - different lock contexts for basic block
fs/bio.c:1505:33: warning: incorrect type in initializer (different address spaces)
fs/bio.c:1505:33:    expected char *p
fs/bio.c:1505:33:    got void [noderef] <asn:1>*iov_base
/home/pwalmsley/test_build/build/temp/test_next-20130827/20130827041533/linux/arch/arm/include/asm/spinlock.h:95:9: warning: context imbalance in '_raw_spin_lock' - wrong count at exit
/home/pwalmsley/test_build/build/temp/test_next-20130827/20130827041533/linux/arch/arm/include/asm/spinlock.h:95:9: warning: context imbalance in '_raw_spin_lock_irqsave' - wrong count at exit
/home/pwalmsley/test_build/build/temp/test_next-20130827/20130827041533/linux/arch/arm/include/asm/spinlock.h:95:9: warning: context imbalance in '_raw_spin_lock_irq' - wrong count at exit
/home/pwalmsley/test_build/build/temp/test_next-20130827/20130827041533/linux/arch/arm/include/asm/spinlock.h:95:9: warning: context imbalance in '_raw_spin_lock_bh' - wrong count at exit
kernel/spinlock.c:181:17: warning: context imbalance in '_raw_spin_unlock' - unexpected unlock
kernel/spinlock.c:189:17: warning: context imbalance in '_raw_spin_unlock_irqrestore' - unexpected unlock
kernel/spinlock.c:197:17: warning: context imbalance in '_raw_spin_unlock_irq' - unexpected unlock
kernel/spinlock.c:205:17: warning: context imbalance in '_raw_spin_unlock_bh' - unexpected unlock
kernel/spinlock.c:221:17: warning: context imbalance in '_raw_read_lock' - wrong count at exit
kernel/spinlock.c:229:26: warning: context imbalance in '_raw_read_lock_irqsave' - wrong count at exit
kernel/spinlock.c:237:17: warning: context imbalance in '_raw_read_lock_irq' - wrong count at exit
kernel/spinlock.c:245:17: warning: context imbalance in '_raw_read_lock_bh' - wrong count at exit
include/linux/rwlock_api_smp.h:228:9: warning: context imbalance in '_raw_read_unlock' - unexpected unlock
include/linux/rwlock_api_smp.h:236:9: warning: context imbalance in '_raw_read_unlock_irqrestore' - unexpected unlock
include/linux/rwlock_api_smp.h:244:9: warning: context imbalance in '_raw_read_unlock_irq' - unexpected unlock
include/linux/rwlock_api_smp.h:252:9: warning: context imbalance in '_raw_read_unlock_bh' - unexpected unlock
kernel/spinlock.c:293:17: warning: context imbalance in '_raw_write_lock' - wrong count at exit
kernel/spinlock.c:301:26: warning: context imbalance in '_raw_write_lock_irqsave' - wrong count at exit
kernel/spinlock.c:309:17: warning: context imbalance in '_raw_write_lock_irq' - wrong count at exit
kernel/spinlock.c:317:17: warning: context imbalance in '_raw_write_lock_bh' - wrong count at exit
kernel/spinlock.c:325:17: warning: context imbalance in '_raw_write_unlock' - unexpected unlock
kernel/spinlock.c:333:17: warning: context imbalance in '_raw_write_unlock_irqrestore' - unexpected unlock
kernel/spinlock.c:341:17: warning: context imbalance in '_raw_write_unlock_irq' - unexpected unlock
kernel/spinlock.c:349:17: warning: context imbalance in '_raw_write_unlock_bh' - unexpected unlock
fs/block_dev.c:73:20: warning: context imbalance in 'bdev_inode_switch_bdi' - unexpected unlock
kernel/module.c:212:6: error: symbol '__module_put_and_exit' redeclared with different type (originally declared at include/linux/module.h:454) - different modifiers
mm/bootmem.c:738:6: warning: symbol '___alloc_bootmem_node' was not declared. Should it be static?
fs/direct-io.c:1156:36: warning: Using plain integer as NULL pointer
drivers/char/mem.c:88:13: warning: symbol 'unxlate_dev_mem_ptr' was not declared. Should it be static?
drivers/char/mem.c:215:12: warning: symbol 'phys_mem_access_prot_allowed' was not declared. Should it be static?
drivers/char/random.c:1243:25: error: incompatible types in comparison expression (different type sizes)
kernel/cgroup_freezer.c:110:12: warning: context imbalance in 'freezer_css_online' - different lock contexts for basic block
kernel/cgroup.c:5723:43: warning: incorrect type in argument 2 (different base types)
kernel/cgroup.c:5723:43:    expected struct cgroup_subsys *ss
kernel/cgroup.c:5723:43:    got int [signed] subsys_id
kernel/cgroup.c:2829:13: warning: context imbalance in 'cgroup_cfts_prepare' - wrong count at exit
kernel/cgroup.c:2841:12: warning: context imbalance in 'cgroup_cfts_commit' - wrong count at exit
kernel/cgroup.c: In function 'css_from_id':
kernel/cgroup.c:5723:3: warning: passing argument 2 of 'cgroup_css' makes pointer from integer without a cast
kernel/cgroup.c:237:36: note: expected 'struct cgroup_subsys *' but argument is of type 'int'
kernel/stop_machine.c:332:36: warning: incorrect type in initializer (different address spaces)
kernel/stop_machine.c:332:36:    expected struct task_struct [noderef] <asn:3>**store
kernel/stop_machine.c:332:36:    got struct task_struct *static [noderef] [toplevel] <asn:3>*<noident>
drivers/clk/clk.c:2232:53: warning: incorrect type in initializer (different modifiers)
drivers/clk/clk.c:2232:53:    expected void ( *[usertype] clk_init_cb )( ... )
drivers/clk/clk.c:2232:53:    got void const *const data
drivers/clk/clk.c:64:22: warning: context imbalance in 'clk_enable_lock' - wrong count at exit
drivers/clk/clk.c:89:9: warning: context imbalance in 'clk_enable_unlock' - unexpected unlock
kernel/hung_task.c:23:29: warning: symbol 'sysctl_hung_task_check_count' was not declared. Should it be static?
kernel/hung_task.c:37:29: warning: symbol 'sysctl_hung_task_timeout_secs' was not declared. Should it be static?
kernel/hung_task.c:39:29: warning: symbol 'sysctl_hung_task_warnings' was not declared. Should it be static?
kernel/hung_task.c:49:28: warning: symbol 'sysctl_hung_task_panic' was not declared. Should it be static?
kernel/hung_task.c:189:5: warning: symbol 'proc_dohung_task_timeout_secs' was not declared. Should it be static?
fs/debugfs/file.c:472:20: error: incompatible types in comparison expression (different type sizes)
mm/swapfile.c:603:20: warning: context imbalance in 'scan_swap_map' - unexpected unlock
mm/swapfile.c:732:32: warning: context imbalance in 'swap_info_get' - different lock contexts for basic block
mm/swapfile.c:857:17: warning: context imbalance in 'swap_free' - unexpected unlock
mm/swapfile.c:875:28: warning: context imbalance in 'swapcache_free' - unexpected unlock
mm/swapfile.c:893:35: warning: context imbalance in 'page_swapcount' - unexpected unlock
mm/swapfile.c:983:28: warning: context imbalance in 'free_swap_and_cache' - unexpected unlock
kernel/rcutree.c:225:1: warning: symbol 'rcu_dynticks' was not declared. Should it be static?
mm/swapfile.c:2829:20: warning: context imbalance in 'add_swap_count_continuation' - unexpected unlock
kernel/rcutree.c:1369:5: warning: symbol 'rcu_gp_fqs' was not declared. Should it be static?
kernel/rcutree.c:3079:21: warning: incorrect type in argument 1 (different modifiers)
kernel/rcutree.c:3079:21:    expected int ( *threadfn )( ... )
kernel/rcutree.c:3079:21:    got int ( static [toplevel] [noreturn] *<noident> )( ... )
kernel/rcutree_plugin.h:131:6: warning: symbol 'rcu_batches_completed_preempt' was not declared. Should it be static?
kernel/rcutree.c:1110:9: warning: context imbalance in 'rcu_start_future_gp' - different lock contexts for basic block
kernel/rcutree.c:1921:17: warning: context imbalance in 'rcu_cleanup_dead_cpu' - unexpected unlock
kernel/rcutree.c:2102:9: warning: context imbalance in 'force_qs_rnp' - different lock contexts for basic block
kernel/rcutree.c:2156:25: warning: context imbalance in 'force_quiescent_state' - unexpected unlock
kernel/rcutree_plugin.h:811:9: warning: context imbalance in 'sync_rcu_preempt_exp_init' - different lock contexts for basic block
kernel/rcutree_plugin.h:1520:13: warning: context imbalance in 'rcu_initiate_boost' - unexpected unlock
drivers/clk/clk-divider.c:213:12: warning: context imbalance in 'clk_divider_set_rate' - different lock contexts for basic block
drivers/clk/clk-gate.c:71:9: warning: context imbalance in 'clk_gate_endisable' - different lock contexts for basic block
drivers/clk/clk-mux.c:69:12: warning: context imbalance in 'clk_mux_set_parent' - different lock contexts for basic block
kernel/elfcore.c:8:17: warning: symbol 'elf_core_extra_phdrs' was not declared. Should it be static?
kernel/elfcore.c:13:12: warning: symbol 'elf_core_write_extra_phdrs' was not declared. Should it be static?
kernel/elfcore.c:18:12: warning: symbol 'elf_core_write_extra_data' was not declared. Should it be static?
kernel/elfcore.c:23:15: warning: symbol 'elf_core_extra_data_size' was not declared. Should it be static?
kernel/irq_work.c:51:13: warning: symbol 'arch_irq_work_raise' was not declared. Should it be static?
fs/ext3/dir.c:278:8: warning: symbol 'ext3_dir_llseek' was not declared. Should it be static?
kernel/config_data.h:1283:10: warning: trying to concatenate 41004-character string (8191 bytes max)
drivers/clk/tegra/clk-divider.c:141:9: warning: context imbalance in 'clk_frac_div_set_rate' - different lock contexts for basic block
mm/migrate.c:130:24: warning: Using plain integer as NULL pointer
drivers/clk/tegra/clk-periph.c:114:6: warning: symbol 'tegra_periph_reset_deassert' was not declared. Should it be static?
drivers/clk/tegra/clk-periph.c:134:6: warning: symbol 'tegra_periph_reset_assert' was not declared. Should it be static?
drivers/clk/tegra/clk-periph.c:165:22: warning: symbol 'tegra_clk_periph_nodiv_ops' was not declared. Should it be static?
lib/bcd.c:4:10: error: symbol '_bcd2bin' redeclared with different type (originally declared at include/linux/bcd.h:19) - different modifiers
lib/bcd.c:10:15: error: symbol '_bin2bcd' redeclared with different type (originally declared at include/linux/bcd.h:20) - different modifiers
lib/div64.c:26:32: warning: symbol '__div64_32' was not declared. Should it be static?
drivers/clk/tegra/clk-pll.c:1343:22: warning: symbol 'tegra_clk_pllxc_ops' was not declared. Should it be static?
drivers/clk/tegra/clk-pll.c:1352:22: warning: symbol 'tegra_clk_pllm_ops' was not declared. Should it be static?
drivers/clk/tegra/clk-pll.c:1361:22: warning: symbol 'tegra_clk_pllc_ops' was not declared. Should it be static?
drivers/clk/tegra/clk-pll.c:1370:22: warning: symbol 'tegra_clk_pllre_ops' was not declared. Should it be static?
drivers/clk/tegra/clk-pll.c:1379:22: warning: symbol 'tegra_clk_plle_tegra114_ops' was not declared. Should it be static?
drivers/clk/tegra/clk-pll.c:256:12: warning: context imbalance in 'clk_pll_enable' - different lock contexts for basic block
drivers/clk/tegra/clk-pll.c:285:9: warning: context imbalance in 'clk_pll_disable' - different lock contexts for basic block
drivers/clk/tegra/clk-pll.c:553:9: warning: context imbalance in 'clk_pll_set_rate' - different lock contexts for basic block
drivers/clk/tegra/clk-pll.c:758:12: warning: context imbalance in 'clk_pll_iddq_enable' - different lock contexts for basic block
drivers/clk/tegra/clk-pll.c:800:9: warning: context imbalance in 'clk_pll_iddq_disable' - different lock contexts for basic block
drivers/clk/tegra/clk-pll.c:885:9: warning: context imbalance in 'clk_pllxc_set_rate' - different lock contexts for basic block
drivers/clk/tegra/clk-pll.c:940:9: warning: context imbalance in 'clk_pllm_set_rate' - different lock contexts for basic block
drivers/clk/tegra/clk-pll.c:956:12: warning: context imbalance in 'clk_pllc_enable' - different lock contexts for basic block
drivers/clk/tegra/clk-pll.c:1007:9: warning: context imbalance in 'clk_pllc_disable' - different lock contexts for basic block
drivers/clk/tegra/clk-pll.c:1087:9: warning: context imbalance in 'clk_pllc_set_rate' - different lock contexts for basic block
drivers/clk/tegra/clk-pll.c:1141:9: warning: context imbalance in 'clk_pllre_set_rate' - different lock contexts for basic block
drivers/clk/tegra/clk-pll.c:1226:9: warning: context imbalance in 'clk_plle_tegra114_enable' - different lock contexts for basic block
drivers/clk/tegra/clk-pll.c:1245:9: warning: context imbalance in 'clk_plle_tegra114_disable' - different lock contexts for basic block
arch/arm/lib/delay.c:89:15: warning: symbol 'calibrate_delay_is_known' was not declared. Should it be static?
drivers/clk/tegra/clk-pll-out.c:42:12: warning: context imbalance in 'clk_pll_out_enable' - different lock contexts for basic block
drivers/clk/tegra/clk-pll-out.c:80:9: warning: context imbalance in 'clk_pll_out_disable' - different lock contexts for basic block
drivers/clk/tegra/clk-super.c:122:9: warning: context imbalance in 'clk_super_set_parent' - different lock contexts for basic block
net/core/sock.c:1525:9: warning: context imbalance in 'sk_clone_lock' - different lock contexts for basic block
net/core/sock.c:2379:6: warning: context imbalance in 'lock_sock_fast' - different lock contexts for basic block
net/core/sock.c:2808:13: warning: context imbalance in 'proto_seq_start' - wrong count at exit
net/core/sock.c:2820:13: warning: context imbalance in 'proto_seq_stop' - wrong count at exit
fs/ext2/xattr_security.c:45:5: warning: symbol 'ext2_initxattrs' was not declared. Should it be static?
lib/gcd.c:6:15: error: symbol 'gcd' redeclared with different type (originally declared at include/linux/gcd.h:6) - different modifiers
lib/lcm.c:7:15: error: symbol 'lcm' redeclared with different type (originally declared at include/linux/lcm.h:6) - different modifiers
lib/clz_ctz.c:16:12: warning: symbol '__ctzsi2' was not declared. Should it be static?
lib/clz_ctz.c:22:12: warning: symbol '__clzsi2' was not declared. Should it be static?
lib/clz_ctz.c:30:12: warning: symbol '__clzdi2' was not declared. Should it be static?
lib/clz_ctz.c:36:12: warning: symbol '__ctzdi2' was not declared. Should it be static?
lib/kstrtox.c:339:1: error: incompatible types in comparison expression (different type sizes)
lib/kstrtox.c:340:1: error: incompatible types in comparison expression (different type sizes)
lib/kstrtox.c:341:1: error: incompatible types in comparison expression (different type sizes)
lib/kstrtox.c:342:1: error: incompatible types in comparison expression (different type sizes)
lib/kstrtox.c:343:1: error: incompatible types in comparison expression (different type sizes)
lib/kstrtox.c:344:1: error: incompatible types in comparison expression (different type sizes)
lib/kstrtox.c:345:1: error: incompatible types in comparison expression (different type sizes)
lib/kstrtox.c:346:1: error: incompatible types in comparison expression (different type sizes)
lib/kstrtox.c:347:1: error: incompatible types in comparison expression (different type sizes)
lib/kstrtox.c:348:1: error: incompatible types in comparison expression (different type sizes)
drivers/clocksource/clksrc-of.c:33:27: warning: incorrect type in assignment (different modifiers)
drivers/clocksource/clksrc-of.c:33:27:    expected void ( *[usertype] init_func )( ... )
drivers/clocksource/clksrc-of.c:33:27:    got void const *const data
drivers/clocksource/tegra20_timer.c:253:6: warning: symbol 'tegra_timer_suspend' was not declared. Should it be static?
drivers/clocksource/tegra20_timer.c:258:6: warning: symbol 'tegra_timer_resume' was not declared. Should it be static?
lib/devres.c:83:9: warning: cast removes address space of expression
lib/devres.c:117:31: warning: incorrect type in return expression (different address spaces)
lib/devres.c:117:31:    expected void [noderef] <asn:2>*
lib/devres.c:117:31:    got void *
lib/devres.c:125:31: warning: incorrect type in return expression (different address spaces)
lib/devres.c:125:31:    expected void [noderef] <asn:2>*
lib/devres.c:125:31:    got void *
lib/devres.c:136:26: warning: incorrect type in assignment (different address spaces)
lib/devres.c:136:26:    expected void [noderef] <asn:2>*[assigned] dest_ptr
lib/devres.c:136:26:    got void *
lib/devres.c:226:9: warning: cast removes address space of expression
lib/xz/xz_dec_stream.c:734:23: warning: function 'xz_dec_run' with external linkage has definition
lib/xz/xz_dec_stream.c:770:25: warning: function 'xz_dec_init' with external linkage has definition
lib/xz/xz_dec_stream.c:800:16: warning: function 'xz_dec_reset' with external linkage has definition
lib/xz/xz_dec_stream.c:812:16: warning: function 'xz_dec_end' with external linkage has definition
lib/xz/xz_dec_lzma2.c:931:23: warning: function 'xz_dec_lzma2_run' with external linkage has definition
lib/xz/xz_dec_lzma2.c:1104:31: warning: function 'xz_dec_lzma2_create' with external linkage has definition
lib/xz/xz_dec_lzma2.c:1128:23: warning: function 'xz_dec_lzma2_reset' with external linkage has definition
lib/xz/xz_dec_lzma2.c:1165:16: warning: function 'xz_dec_lzma2_end' with external linkage has definition
lib/xz/xz_dec_bcj.c:417:23: warning: function 'xz_dec_bcj_run' with external linkage has definition
lib/xz/xz_dec_bcj.c:527:29: warning: function 'xz_dec_bcj_create' with external linkage has definition
lib/xz/xz_dec_bcj.c:536:23: warning: function 'xz_dec_bcj_reset' with external linkage has definition
fs/ext3/xattr_security.c:46:5: warning: symbol 'ext3_initxattrs' was not declared. Should it be static?
drivers/cpuidle/cpuidle.c:27:1: warning: symbol 'cpuidle_dev' was not declared. Should it be static?
include/net/sock.h:1504:31: warning: context imbalance in 'skb_free_datagram_locked' - unexpected unlock
lib/strncpy_from_user.c:34:13: warning: cast removes address space of expression
lib/dec_and_lock.c:20:5: warning: context imbalance in '_atomic_dec_and_lock' - different lock contexts for basic block
lib/decompress_inflate.c:35:17: warning: symbol 'gunzip' was not declared. Should it be static?
net/core/scm.c:236:26: warning: cast removes address space of expression
net/core/scm.c:236:26: warning: incorrect type in argument 1 (different address spaces)
net/core/scm.c:236:26:    expected void [noderef] <asn:1>*to
net/core/scm.c:236:26:    got void *<noident>
net/core/scm.c:272:48: warning: cast removes address space of expression
drivers/crypto/tegra-aes.c:455:26: warning: incorrect type in argument 1 (different address spaces)
drivers/crypto/tegra-aes.c:455:26:    expected void *<noident>
drivers/crypto/tegra-aes.c:455:26:    got void [noderef] <asn:2>*ivkey_base
drivers/crypto/tegra-aes.c:456:17: warning: incorrect type in initializer (different address spaces)
drivers/crypto/tegra-aes.c:456:17:    expected void *__p
drivers/crypto/tegra-aes.c:456:17:    got void [noderef] <asn:2>*
drivers/crypto/tegra-aes.c:753:18: warning: incorrect type in argument 1 (different address spaces)
drivers/crypto/tegra-aes.c:753:18:    expected void *<noident>
drivers/crypto/tegra-aes.c:753:18:    got void [noderef] <asn:2>*ivkey_base
drivers/crypto/tegra-aes.c:754:9: warning: incorrect type in initializer (different address spaces)
drivers/crypto/tegra-aes.c:754:9:    expected void *__p
drivers/crypto/tegra-aes.c:754:9:    got void [noderef] <asn:2>*
drivers/crypto/tegra-aes.c:807:6: warning: symbol 'tegra_aes_cra_exit' was not declared. Should it be static?
drivers/crypto/tegra-aes.c:945:24: warning: incorrect type in assignment (different address spaces)
drivers/crypto/tegra-aes.c:945:24:    expected void [noderef] <asn:2>*ivkey_base
drivers/crypto/tegra-aes.c:945:24:    got void *
drivers/crypto/tegra-aes.c:1028:17: warning: incorrect type in argument 3 (different address spaces)
drivers/crypto/tegra-aes.c:1028:17:    expected void *cpu_addr
drivers/crypto/tegra-aes.c:1028:17:    got void [noderef] <asn:2>*ivkey_base
drivers/crypto/tegra-aes.c:1065:9: warning: incorrect type in argument 3 (different address spaces)
drivers/crypto/tegra-aes.c:1065:9:    expected void *cpu_addr
drivers/crypto/tegra-aes.c:1065:9:    got void [noderef] <asn:2>*ivkey_base
net/core/gen_stats.c:58:1: warning: context imbalance in 'gnet_stats_start_copy_compat' - wrong count at exit
net/core/gen_stats.c:35:23: warning: context imbalance in 'gnet_stats_copy_basic' - unexpected unlock
net/core/gen_stats.c:35:23: warning: context imbalance in 'gnet_stats_copy_rate_est' - unexpected unlock
net/core/gen_stats.c:35:23: warning: context imbalance in 'gnet_stats_copy_queue' - unexpected unlock
net/core/gen_stats.c:35:23: warning: context imbalance in 'gnet_stats_copy_app' - unexpected unlock
net/core/gen_stats.c:35:23: warning: context imbalance in 'gnet_stats_finish_copy' - unexpected unlock
lib/radix-tree.c:1264:9: warning: context imbalance in 'radix_tree_locate_item' - wrong count at exit
net/bluetooth/amp.c:153:55: warning: Variable length array is used.
drivers/dma/tegra20-apb-dma.c:1021:32: warning: symbol 'tegra_dma_prep_dma_cyclic' was not declared. Should it be static?
drivers/dma/tegra20-apb-dma.c:353:9: warning: context imbalance in 'tegra_dma_global_pause' - wrong count at exit
drivers/dma/tegra20-apb-dma.c:224:9: warning: context imbalance in 'tegra_dma_global_resume' - unexpected unlock
net/core/sysctl_net_core.c:153:23: error: incompatible types in comparison expression (different type sizes)
lib/vsprintf.c:617:18: warning: Variable length array is used.
lib/vsprintf.c:620:38: error: cannot size expression
net/core/dev.c:145:18: warning: symbol 'ptype_base' was not declared. Should it be static?
net/core/dev.c:146:18: warning: symbol 'ptype_all' was not declared. Should it be static?
net/core/dev.c:2739:9: warning: context imbalance in 'dev_queue_xmit' - different lock contexts for basic block
net/core/dev.c:3312:17: warning: context imbalance in 'net_tx_action' - different lock contexts for basic block
lib/crc32.c:192:12: error: symbol 'crc32_le' redeclared with different type (originally declared at include/linux/crc32.h:11) - different modifiers
lib/crc32.c:197:12: error: symbol '__crc32c_le' redeclared with different type (originally declared at include/linux/crc32.h:14) - different modifiers
lib/crc32.c:261:12: error: symbol 'crc32_be' redeclared with different type (originally declared at include/linux/crc32.h:12) - different modifiers
net/bluetooth/hidp/core.c:156:60: warning: dubious: x | !y
fs/jbd2/transaction.c:190:17: warning: context imbalance in 'add_transaction_credits' - unexpected unlock
fs/jbd2/transaction.c:306:9: warning: context imbalance in 'start_this_handle' - different lock contexts for basic block
fs/jbd/commit.c:108:28: warning: context imbalance in 'inverted_lock' - unexpected unlock
fs/jbd/commit.c:205:9: warning: context imbalance in 'journal_submit_data_buffers' - different lock contexts for basic block
fs/jbd/commit.c:456:9: warning: context imbalance in 'journal_commit_transaction' - different lock contexts for basic block
net/bluetooth/rfcomm/core.c:384:16: warning: dubious: x | !y
net/core/rtnetlink.c:1784:41: warning: Variable length array is used.
include/linux/bit_spinlock.h:65:9: warning: context imbalance in '__try_to_free_cp_buf' - unexpected unlock
fs/jbd/checkpoint.c:155:36: warning: context imbalance in '__log_wait_for_space' - unexpected unlock
include/linux/bit_spinlock.h:65:9: warning: context imbalance in '__wait_cp_io' - unexpected unlock
fs/jbd/checkpoint.c:294:23: warning: context imbalance in '__process_buffer' - unexpected unlock
fs/jbd/checkpoint.c:439:20: warning: context imbalance in 'log_do_checkpoint' - unexpected unlock
fs/jbd/checkpoint.c:557:12: warning: context imbalance in 'journal_clean_one_cp_list' - different lock contexts for basic block
fs/ext4/mballoc.c:4991:9: warning: context imbalance in 'ext4_trim_extent' - unexpected unlock
drivers/gpu/drm/drm_bufs.c:217:45: warning: incorrect type in assignment (different address spaces)
drivers/gpu/drm/drm_bufs.c:217:45:    expected void *handle
drivers/gpu/drm/drm_bufs.c:217:45:    got void [noderef] <asn:2>*
drivers/gpu/drm/drm_bufs.c:220:45: warning: incorrect type in assignment (different address spaces)
drivers/gpu/drm/drm_bufs.c:220:45:    expected void *handle
drivers/gpu/drm/drm_bufs.c:220:45:    got void [noderef] <asn:2>*
drivers/gpu/drm/drm_bufs.c:338:36: warning: incorrect type in argument 1 (different address spaces)
drivers/gpu/drm/drm_bufs.c:338:36:    expected void volatile [noderef] <asn:2>*addr
drivers/gpu/drm/drm_bufs.c:338:36:    got void *handle
drivers/gpu/drm/drm_bufs.c:355:36: warning: incorrect type in argument 1 (different address spaces)
drivers/gpu/drm/drm_bufs.c:355:36:    expected void volatile [noderef] <asn:2>*addr
drivers/gpu/drm/drm_bufs.c:355:36:    got void *handle
drivers/gpu/drm/drm_bufs.c:462:28: warning: incorrect type in argument 1 (different address spaces)
drivers/gpu/drm/drm_bufs.c:462:28:    expected void volatile [noderef] <asn:2>*addr
drivers/gpu/drm/drm_bufs.c:462:28:    got void *handle
net/core/filter.c:48:6: warning: symbol 'bpf_internal_load_pointer_neg_helper' was not declared. Should it be static?
net/core/filter.c:689:32: warning: incorrect type in argument 2 (different address spaces)
net/core/filter.c:689:32:    expected void const *<noident>
net/core/filter.c:689:32:    got struct sock_filter [noderef] <asn:1>*filter
fs/jbd2/checkpoint.c:151:36: warning: context imbalance in '__jbd2_log_wait_for_space' - unexpected unlock
fs/jbd2/checkpoint.c:216:36: warning: context imbalance in '__wait_cp_io' - unexpected unlock
fs/jbd2/checkpoint.c:273:23: warning: context imbalance in '__process_buffer' - unexpected unlock
fs/jbd2/checkpoint.c:377:9: warning: context imbalance in 'jbd2_log_do_checkpoint' - different lock contexts for basic block
net/core/dev_ioctl.c:148:32: error: incompatible types in comparison expression (different type sizes)
net/core/dev_ioctl.c:268:24: error: incompatible types in comparison expression (different type sizes)
fs/jbd2/journal.c:125:5: warning: symbol 'jbd2_verify_csum_type' was not declared. Should it be static?
fs/jbd2/journal.c:145:5: warning: symbol 'jbd2_superblock_csum_verify' was not declared. Should it be static?
fs/jbd2/journal.c:153:6: warning: symbol 'jbd2_superblock_csum_set' was not declared. Should it be static?
drivers/gpu/drm/drm_drv.c:64:9: error: bad integer constant expression
drivers/gpu/drm/drm_drv.c:65:9: error: bad integer constant expression
drivers/gpu/drm/drm_drv.c:66:9: error: bad integer constant expression
drivers/gpu/drm/drm_drv.c:67:9: error: bad integer constant expression
drivers/gpu/drm/drm_drv.c:68:9: error: bad integer constant expression
drivers/gpu/drm/drm_drv.c:69:9: error: bad integer constant expression
drivers/gpu/drm/drm_drv.c:70:9: error: bad integer constant expression
drivers/gpu/drm/drm_drv.c:71:9: error: bad integer constant expression
drivers/gpu/drm/drm_drv.c:72:9: error: bad integer constant expression
drivers/gpu/drm/drm_drv.c:74:9: error: bad integer constant expression
drivers/gpu/drm/drm_drv.c:75:9: error: bad integer constant expression
drivers/gpu/drm/drm_drv.c:76:9: error: bad integer constant expression
drivers/gpu/drm/drm_drv.c:77:9: error: bad integer constant expression
drivers/gpu/drm/drm_drv.c:79:9: error: bad integer constant expression
drivers/gpu/drm/drm_drv.c:80:9: error: bad integer constant expression
drivers/gpu/drm/drm_drv.c:82:9: error: bad integer constant expression
drivers/gpu/drm/drm_drv.c:83:9: error: bad integer constant expression
drivers/gpu/drm/drm_drv.c:88:9: error: bad integer constant expression
drivers/gpu/drm/drm_drv.c:89:9: error: bad integer constant expression
drivers/gpu/drm/drm_drv.c:90:9: error: bad integer constant expression
drivers/gpu/drm/drm_drv.c:91:9: error: bad integer constant expression
drivers/gpu/drm/drm_drv.c:92:9: error: bad integer constant expression
drivers/gpu/drm/drm_drv.c:93:9: error: bad integer constant expression
drivers/gpu/drm/drm_drv.c:94:9: error: bad integer constant expression
drivers/gpu/drm/drm_drv.c:96:9: error: bad integer constant expression
drivers/gpu/drm/drm_drv.c:97:9: error: bad integer constant expression
drivers/gpu/drm/drm_drv.c:99:9: error: bad integer constant expression
drivers/gpu/drm/drm_drv.c:100:9: error: bad integer constant expression
drivers/gpu/drm/drm_drv.c:102:9: error: bad integer constant expression
drivers/gpu/drm/drm_drv.c:104:9: error: bad integer constant expression
drivers/gpu/drm/drm_drv.c:105:9: error: bad integer constant expression
drivers/gpu/drm/drm_drv.c:106:9: error: bad integer constant expression
drivers/gpu/drm/drm_drv.c:107:9: error: bad integer constant expression
drivers/gpu/drm/drm_drv.c:108:9: error: bad integer constant expression
drivers/gpu/drm/drm_drv.c:109:9: error: bad integer constant expression
drivers/gpu/drm/drm_drv.c:111:9: error: bad integer constant expression
drivers/gpu/drm/drm_drv.c:124:9: error: bad integer constant expression
drivers/gpu/drm/drm_drv.c:125:9: error: bad integer constant expression
drivers/gpu/drm/drm_drv.c:127:9: error: bad integer constant expression
drivers/gpu/drm/drm_drv.c:129:9: error: bad integer constant expression
drivers/gpu/drm/drm_drv.c:131:9: error: bad integer constant expression
drivers/gpu/drm/drm_drv.c:133:9: error: bad integer constant expression
drivers/gpu/drm/drm_drv.c:134:9: error: bad integer constant expression
drivers/gpu/drm/drm_drv.c:135:9: error: bad integer constant expression
drivers/gpu/drm/drm_drv.c:137:9: error: bad integer constant expression
drivers/gpu/drm/drm_drv.c:139:9: error: bad integer constant expression
drivers/gpu/drm/drm_drv.c:140:9: error: bad integer constant expression
drivers/gpu/drm/drm_drv.c:142:9: error: bad integer constant expression
drivers/gpu/drm/drm_drv.c:143:9: error: bad integer constant expression
drivers/gpu/drm/drm_drv.c:144:9: error: bad integer constant expression
drivers/gpu/drm/drm_drv.c:145:9: error: bad integer constant expression
drivers/gpu/drm/drm_drv.c:146:9: error: bad integer constant expression
drivers/gpu/drm/drm_drv.c:147:9: error: bad integer constant expression
drivers/gpu/drm/drm_drv.c:148:9: error: bad integer constant expression
drivers/gpu/drm/drm_drv.c:149:9: error: bad integer constant expression
drivers/gpu/drm/drm_drv.c:150:9: error: bad integer constant expression
drivers/gpu/drm/drm_drv.c:151:9: error: bad integer constant expression
drivers/gpu/drm/drm_drv.c:152:9: error: bad integer constant expression
drivers/gpu/drm/drm_drv.c:153:9: error: bad integer constant expression
drivers/gpu/drm/drm_drv.c:154:9: error: bad integer constant expression
drivers/gpu/drm/drm_drv.c:155:9: error: bad integer constant expression
drivers/gpu/drm/drm_drv.c:156:9: error: bad integer constant expression
drivers/gpu/drm/drm_drv.c:157:9: error: bad integer constant expression
drivers/gpu/drm/drm_drv.c:158:9: error: bad integer constant expression
drivers/gpu/drm/drm_drv.c:159:9: error: bad integer constant expression
drivers/gpu/drm/drm_drv.c:160:9: error: bad integer constant expression
drivers/gpu/drm/drm_drv.c:161:9: error: bad integer constant expression
drivers/gpu/drm/drm_drv.c:162:9: error: bad integer constant expression
drivers/gpu/drm/drm_drv.c:163:9: error: bad integer constant expression
drivers/gpu/drm/drm_drv.c:164:9: error: bad integer constant expression
drivers/gpu/drm/drm_drv.c:165:9: error: bad integer constant expression
drivers/gpu/drm/drm_drv.c:166:9: error: bad integer constant expression
drivers/gpu/drm/drm_drv.c:167:9: error: bad integer constant expression
drivers/gpu/drm/drm_drv.c:168:9: error: bad integer constant expression
include/net/netns/generic.h:34:20: warning: context imbalance in 'nfs_server_list_start' - wrong count at exit
include/net/netns/generic.h:34:20: warning: context imbalance in 'nfs_server_list_stop' - unexpected unlock
include/net/netns/generic.h:34:20: warning: context imbalance in 'nfs_volume_list_start' - wrong count at exit
include/net/netns/generic.h:34:20: warning: context imbalance in 'nfs_volume_list_stop' - unexpected unlock
drivers/gpu/drm/drm_memory.c:117:29: warning: incorrect type in assignment (different address spaces)
drivers/gpu/drm/drm_memory.c:117:29:    expected void *handle
drivers/gpu/drm/drm_memory.c:117:29:    got void [noderef] <asn:2>*
drivers/gpu/drm/drm_memory.c:127:29: warning: incorrect type in assignment (different address spaces)
drivers/gpu/drm/drm_memory.c:127:29:    expected void *handle
drivers/gpu/drm/drm_memory.c:127:29:    got void [noderef] <asn:2>*
drivers/gpu/drm/drm_memory.c:140:28: warning: incorrect type in argument 1 (different address spaces)
drivers/gpu/drm/drm_memory.c:140:28:    expected void volatile [noderef] <asn:2>*addr
drivers/gpu/drm/drm_memory.c:140:28:    got void *handle
drivers/gpu/drm/drm_irq.c: In function 'drm_calc_vbltimestamp_from_scanoutpos':
drivers/gpu/drm/drm_irq.c:587:24: warning: 'mono_time_offset.tv64' may be used uninitialized in this function
drivers/gpu/drm/drm_vm.c:255:44: warning: incorrect type in argument 1 (different address spaces)
drivers/gpu/drm/drm_vm.c:255:44:    expected void volatile [noderef] <asn:2>*addr
drivers/gpu/drm/drm_vm.c:255:44:    got void *handle
drivers/gpu/drm/drm_vm.c:499:51: error: undefined identifier '_PAGE_RW'
drivers/gpu/drm/drm_vm.c:583:51: error: undefined identifier '_PAGE_RW'
fs/notify/fdinfo.c:103:5: warning: symbol 'inotify_show_fdinfo' was not declared. Should it be static?
fs/proc/task_mmu.c:541:18: error: bad integer constant expression
fs/proc/task_mmu.c:542:18: error: bad integer constant expression
fs/proc/task_mmu.c:543:18: error: bad integer constant expression
fs/proc/task_mmu.c:544:18: error: bad integer constant expression
fs/proc/task_mmu.c:545:18: error: bad integer constant expression
fs/proc/task_mmu.c:546:18: error: bad integer constant expression
fs/proc/task_mmu.c:547:18: error: bad integer constant expression
fs/proc/task_mmu.c:548:18: error: bad integer constant expression
fs/proc/task_mmu.c:549:18: error: bad integer constant expression
fs/proc/task_mmu.c:550:18: error: bad integer constant expression
fs/proc/task_mmu.c:551:18: error: bad integer constant expression
fs/proc/task_mmu.c:552:18: error: bad integer constant expression
fs/proc/task_mmu.c:553:18: error: bad integer constant expression
fs/proc/task_mmu.c:554:18: error: bad integer constant expression
fs/proc/task_mmu.c:555:18: error: bad integer constant expression
fs/proc/task_mmu.c:556:18: error: bad integer constant expression
fs/proc/task_mmu.c:557:18: error: bad integer constant expression
fs/proc/task_mmu.c:558:18: error: bad integer constant expression
fs/proc/task_mmu.c:559:18: error: bad integer constant expression
fs/proc/task_mmu.c:560:18: error: bad integer constant expression
fs/proc/task_mmu.c:561:18: error: bad integer constant expression
fs/proc/task_mmu.c:562:18: error: bad integer constant expression
fs/proc/task_mmu.c:563:18: error: bad integer constant expression
fs/proc/task_mmu.c:564:18: error: bad integer constant expression
fs/proc/task_mmu.c:565:18: error: bad integer constant expression
fs/proc/task_mmu.c:566:18: error: bad integer constant expression
fs/proc/task_mmu.c:567:18: error: bad integer constant expression
fs/proc/task_mmu.c:1179:23: error: incompatible types in comparison expression (different type sizes)
net/ipv4/ip_sockglue.c:1286:33: warning: incorrect type in assignment (different address spaces)
net/ipv4/ip_sockglue.c:1286:33:    expected void *msg_control
net/ipv4/ip_sockglue.c:1286:33:    got char [noderef] <asn:1>*optval
drivers/gpu/drm/ati_pcigart.c:192:9: error: undefined identifier 'wbinvd'
drivers/gpu/drm/drm_fb_helper.c:1456:27: warning: expression using sizeof bool
fs/proc/array.c:424:43: warning: implicit cast to nocast type
fs/proc/array.c:425:26: warning: implicit cast to nocast type
fs/proc/array.c:459:62: warning: incorrect type in argument 2 (different modifiers)
fs/proc/array.c:459:62:    expected unsigned long [nocast] [usertype] *ut
fs/proc/array.c:459:62:    got unsigned long *<noident>
fs/proc/array.c:459:62: warning: implicit cast to nocast type
fs/proc/array.c:459:70: warning: incorrect type in argument 3 (different modifiers)
fs/proc/array.c:459:70:    expected unsigned long [nocast] [usertype] *st
fs/proc/array.c:459:70:    got unsigned long *<noident>
fs/proc/array.c:459:70: warning: implicit cast to nocast type
fs/proc/array.c:475:46: warning: incorrect type in argument 2 (different modifiers)
fs/proc/array.c:475:46:    expected unsigned long [nocast] [usertype] *ut
fs/proc/array.c:475:46:    got unsigned long *<noident>
fs/proc/array.c:475:46: warning: implicit cast to nocast type
fs/proc/array.c:475:54: warning: incorrect type in argument 3 (different modifiers)
fs/proc/array.c:475:54:    expected unsigned long [nocast] [usertype] *st
fs/proc/array.c:475:54:    got unsigned long *<noident>
fs/proc/array.c:475:54: warning: implicit cast to nocast type
fs/proc/fd.c:96:55: warning: incorrect type in initializer (different base types)
fs/proc/fd.c:96:55:    expected unsigned int [unsigned] f_mode
fs/proc/fd.c:96:55:    got restricted fmode_t [usertype] f_mode
fs/proc/fd.c:114:54: warning: restricted fmode_t degrades to integer
fs/proc/fd.c:116:54: warning: restricted fmode_t degrades to integer
net/ipv4/inet_connection_sock.c:217:9: warning: context imbalance in 'inet_csk_get_port' - different lock contexts for basic block
fs/proc/proc_tty.c:175:13: warning: symbol 'proc_tty_init' was not declared. Should it be static?
drivers/gpu/host1x/job.c:505:9: warning: Variable length array is used.
fs/proc/meminfo.c:19:28: warning: symbol 'arch_report_meminfo' was not declared. Should it be static?
include/net/sock.h:1504:31: warning: context imbalance in 'tcp_ioctl' - unexpected unlock
drivers/gpu/host1x/drm/fb.c:232:27: warning: incorrect type in assignment (different address spaces)
drivers/gpu/host1x/drm/fb.c:232:27:    expected char [noderef] <asn:2>*screen_base
drivers/gpu/host1x/drm/fb.c:232:27:    got void *
drivers/gpu/host1x/drm/dc.c:1192:24: warning: symbol 'tegra_dc_driver' was not declared. Should it be static?
fs/proc/namespaces.c:60:32: warning: symbol 'ns_dentry_operations' was not declared. Should it be static?
drivers/gpu/host1x/drm/dc.c: In function 'tegra_dc_setup_window':
drivers/gpu/host1x/drm/dc.c:429:12: warning: 'planar' may be used uninitialized in this function
drivers/gpu/host1x/drm/hdmi.c:1305:24: warning: symbol 'tegra_hdmi_driver' was not declared. Should it be static?
drivers/gpu/host1x/drm/gr2d.c:106:18: warning: incorrect type in initializer (different address spaces)
drivers/gpu/host1x/drm/gr2d.c:106:18:    expected struct drm_tegra_cmdbuf [noderef] <asn:1>*cmdbufs
drivers/gpu/host1x/drm/gr2d.c:106:18:    got void *[noderef] <asn:1><noident>
drivers/gpu/host1x/drm/gr2d.c:108:18: warning: incorrect type in initializer (different address spaces)
drivers/gpu/host1x/drm/gr2d.c:108:18:    expected struct drm_tegra_reloc [noderef] <asn:1>*relocs
drivers/gpu/host1x/drm/gr2d.c:108:18:    got void *[noderef] <asn:1><noident>
drivers/gpu/host1x/drm/gr2d.c:110:18: warning: incorrect type in initializer (different address spaces)
drivers/gpu/host1x/drm/gr2d.c:110:18:    expected struct drm_tegra_waitchk [noderef] <asn:1>*waitchks
drivers/gpu/host1x/drm/gr2d.c:110:18:    got void *[noderef] <asn:1><noident>
drivers/gpu/host1x/drm/gr2d.c:174:40: warning: incorrect type in argument 2 (different address spaces)
drivers/gpu/host1x/drm/gr2d.c:174:40:    expected void const [noderef] <asn:1>*from
drivers/gpu/host1x/drm/gr2d.c:174:40:    got void *[noderef] <asn:1><noident>
drivers/gpu/host1x/drm/gr2d.c:335:24: warning: symbol 'tegra_gr2d_driver' was not declared. Should it be static?
fs/signalfd.c:107:25: warning: cast removes address space of expression
fs/signalfd.c:115:24: warning: cast removes address space of expression
fs/signalfd.c:141:24: warning: cast removes address space of expression
fs/signalfd.c:150:24: warning: cast removes address space of expression
drivers/i2c/i2c-core.c:2059:36: warning: dubious: x | !y
fs/aio.c:1284:43: warning: cast removes address space of expression
fs/aio.c:1288:44: warning: cast removes address space of expression
fs/aio.c:1393:38: warning: incorrect type in argument 3 (different address spaces)
fs/aio.c:1393:38:    expected char [noderef] <asn:1>*buf
fs/aio.c:1393:38:    got void *ptr
fs/locks.c:2351:13: warning: context imbalance in 'locks_start' - wrong count at exit
fs/locks.c:2369:13: warning: context imbalance in 'locks_stop' - unexpected unlock
fs/binfmt_elf.c:153:32: error: incompatible types in comparison expression (different type sizes)
fs/coredump.c:47:5: warning: symbol 'core_uses_pid' was not declared. Should it be static?
fs/coredump.c:48:14: warning: symbol 'core_pipe_limit' was not declared. Should it be static?
fs/coredump.c:49:6: warning: symbol 'core_pattern' was not declared. Should it be static?
fs/coredump.c:688:14: warning: incorrect type in argument 1 (different address spaces)
fs/coredump.c:688:14:    expected void const volatile [noderef] <asn:1>*<noident>
fs/coredump.c:688:14:    got void const *addr
fs/coredump.c:692:37: warning: incorrect type in argument 2 (different address spaces)
fs/coredump.c:692:37:    expected char const [noderef] <asn:1>*<noident>
fs/coredump.c:692:37:    got void const *addr
include/linux/sched.h:2227:37: warning: context imbalance in 'zap_threads' - different lock contexts for basic block
drivers/irqchip/irqchip.c:27:13: warning: symbol 'irqchip_init' was not declared. Should it be static?
drivers/iommu/of_iommu.c:38:5: warning: symbol 'of_get_dma_window' was not declared. Should it be static?
drivers/irqchip/irq-gic.c:53:23: warning: duplicate [noderef] 
drivers/irqchip/irq-gic.c:646:6: warning: symbol 'gic_raise_softirq' was not declared. Should it be static?
drivers/irqchip/irq-gic.c:723:29: warning: symbol 'gic_irq_domain_ops' was not declared. Should it be static?
drivers/irqchip/irq-gic.c:827:12: warning: symbol 'gic_of_init' was not declared. Should it be static?
drivers/iommu/tegra-gart.c:429:25: warning: symbol 'tegra_gart_pm_ops' was not declared. Should it be static?
drivers/iommu/tegra-smmu.c:1186:43: warning: cast removes address space of expression
drivers/iommu/tegra-smmu.c:1257:25: warning: symbol 'tegra_smmu_pm_ops' was not declared. Should it be static?
drivers/input/mouse/lifebook.h:22:12: warning: symbol 'lifebook_detect' was not declared. Should it be static?
drivers/input/mouse/sentelic.h:126:12: warning: symbol 'fsp_detect' was not declared. Should it be static?
net/ipv4/tcp_ipv4.c:1436:9: warning: context imbalance in 'tcp_v4_conn_req_fastopen' - unexpected unlock
net/ipv4/tcp_ipv4.c:1716:20: warning: context imbalance in 'tcp_v4_hnd_req' - different lock contexts for basic block
include/net/sock.h:481:54: warning: context imbalance in 'listening_get_next' - unexpected unlock
net/ipv4/tcp_ipv4.c:2365:9: warning: context imbalance in 'established_get_first' - wrong count at exit
net/ipv4/tcp_ipv4.c:2390:48: warning: context imbalance in 'established_get_next' - unexpected unlock
net/ipv4/tcp_ipv4.c:2547:69: warning: context imbalance in 'tcp_seq_stop' - unexpected unlock
net/ipv4/tcp_minisocks.c:759:9: warning: context imbalance in 'tcp_child_process' - unexpected unlock
drivers/media/v4l2-core/v4l2-ioctl.c:1979:9: error: bad integer constant expression
drivers/media/v4l2-core/v4l2-ioctl.c:1980:9: error: bad integer constant expression
drivers/media/v4l2-core/v4l2-ioctl.c:1981:9: error: bad integer constant expression
drivers/media/v4l2-core/v4l2-ioctl.c:1982:9: error: bad integer constant expression
drivers/media/v4l2-core/v4l2-ioctl.c:1983:9: error: bad integer constant expression
drivers/media/v4l2-core/v4l2-ioctl.c:1984:9: error: bad integer constant expression
drivers/media/v4l2-core/v4l2-ioctl.c:1985:9: error: bad integer constant expression
drivers/media/v4l2-core/v4l2-ioctl.c:1986:9: error: bad integer constant expression
drivers/media/v4l2-core/v4l2-ioctl.c:1987:9: error: bad integer constant expression
drivers/media/v4l2-core/v4l2-ioctl.c:1988:9: error: bad integer constant expression
drivers/media/v4l2-core/v4l2-ioctl.c:1989:9: error: bad integer constant expression
drivers/media/v4l2-core/v4l2-ioctl.c:1990:9: error: bad integer constant expression
drivers/media/v4l2-core/v4l2-ioctl.c:1991:9: error: bad integer constant expression
drivers/media/v4l2-core/v4l2-ioctl.c:1992:9: error: bad integer constant expression
drivers/media/v4l2-core/v4l2-ioctl.c:1993:9: error: bad integer constant expression
drivers/media/v4l2-core/v4l2-ioctl.c:1994:9: error: bad integer constant expression
drivers/media/v4l2-core/v4l2-ioctl.c:1995:9: error: bad integer constant expression
drivers/media/v4l2-core/v4l2-ioctl.c:1996:9: error: bad integer constant expression
drivers/media/v4l2-core/v4l2-ioctl.c:1997:9: error: bad integer constant expression
drivers/media/v4l2-core/v4l2-ioctl.c:1998:9: error: bad integer constant expression
drivers/media/v4l2-core/v4l2-ioctl.c:1999:9: error: bad integer constant expression
drivers/media/v4l2-core/v4l2-ioctl.c:2000:9: error: bad integer constant expression
drivers/media/v4l2-core/v4l2-ioctl.c:2001:9: error: bad integer constant expression
drivers/media/v4l2-core/v4l2-ioctl.c:2002:9: error: bad integer constant expression
drivers/media/v4l2-core/v4l2-ioctl.c:2003:9: error: bad integer constant expression
drivers/media/v4l2-core/v4l2-ioctl.c:2004:9: error: bad integer constant expression
drivers/media/v4l2-core/v4l2-ioctl.c:2005:9: error: bad integer constant expression
drivers/media/v4l2-core/v4l2-ioctl.c:2006:9: error: bad integer constant expression
drivers/media/v4l2-core/v4l2-ioctl.c:2007:9: error: bad integer constant expression
drivers/media/v4l2-core/v4l2-ioctl.c:2008:9: error: bad integer constant expression
drivers/media/v4l2-core/v4l2-ioctl.c:2009:9: error: bad integer constant expression
drivers/media/v4l2-core/v4l2-ioctl.c:2010:9: error: bad integer constant expression
drivers/media/v4l2-core/v4l2-ioctl.c:2011:9: error: bad integer constant expression
drivers/media/v4l2-core/v4l2-ioctl.c:2012:9: error: bad integer constant expression
drivers/media/v4l2-core/v4l2-ioctl.c:2013:9: error: bad integer constant expression
drivers/media/v4l2-core/v4l2-ioctl.c:2014:9: error: bad integer constant expression
drivers/media/v4l2-core/v4l2-ioctl.c:2015:9: error: bad integer constant expression
drivers/media/v4l2-core/v4l2-ioctl.c:2016:9: error: bad integer constant expression
drivers/media/v4l2-core/v4l2-ioctl.c:2017:9: error: bad integer constant expression
drivers/media/v4l2-core/v4l2-ioctl.c:2018:9: error: bad integer constant expression
drivers/media/v4l2-core/v4l2-ioctl.c:2019:9: error: bad integer constant expression
drivers/media/v4l2-core/v4l2-ioctl.c:2020:9: error: bad integer constant expression
drivers/media/v4l2-core/v4l2-ioctl.c:2021:9: error: bad integer constant expression
drivers/media/v4l2-core/v4l2-ioctl.c:2022:9: error: bad integer constant expression
drivers/media/v4l2-core/v4l2-ioctl.c:2023:9: error: bad integer constant expression
drivers/media/v4l2-core/v4l2-ioctl.c:2024:9: error: bad integer constant expression
drivers/media/v4l2-core/v4l2-ioctl.c:2025:9: error: bad integer constant expression
drivers/media/v4l2-core/v4l2-ioctl.c:2026:9: error: bad integer constant expression
drivers/media/v4l2-core/v4l2-ioctl.c:2027:9: error: bad integer constant expression
drivers/media/v4l2-core/v4l2-ioctl.c:2028:9: error: bad integer constant expression
drivers/media/v4l2-core/v4l2-ioctl.c:2029:9: error: bad integer constant expression
drivers/media/v4l2-core/v4l2-ioctl.c:2030:9: error: bad integer constant expression
drivers/media/v4l2-core/v4l2-ioctl.c:2031:9: error: bad integer constant expression
drivers/media/v4l2-core/v4l2-ioctl.c:2033:9: error: bad integer constant expression
drivers/media/v4l2-core/v4l2-ioctl.c:2034:9: error: bad integer constant expression
drivers/media/v4l2-core/v4l2-ioctl.c:2035:9: error: bad integer constant expression
drivers/media/v4l2-core/v4l2-ioctl.c:2036:9: error: bad integer constant expression
drivers/media/v4l2-core/v4l2-ioctl.c:2037:9: error: bad integer constant expression
drivers/media/v4l2-core/v4l2-ioctl.c:2038:9: error: bad integer constant expression
drivers/media/v4l2-core/v4l2-ioctl.c:2039:9: error: bad integer constant expression
drivers/media/v4l2-core/v4l2-ioctl.c:2040:9: error: bad integer constant expression
drivers/media/v4l2-core/v4l2-ioctl.c:2041:9: error: bad integer constant expression
drivers/media/v4l2-core/v4l2-ioctl.c:2042:9: error: bad integer constant expression
drivers/media/v4l2-core/v4l2-ioctl.c:2043:9: error: bad integer constant expression
drivers/media/v4l2-core/v4l2-ioctl.c:2044:9: error: bad integer constant expression
drivers/media/v4l2-core/v4l2-ioctl.c:2045:9: error: bad integer constant expression
drivers/media/v4l2-core/v4l2-ioctl.c:2046:9: error: bad integer constant expression
drivers/media/v4l2-core/v4l2-ioctl.c:2047:9: error: bad integer constant expression
drivers/media/v4l2-core/v4l2-ioctl.c:2048:9: error: bad integer constant expression
drivers/media/v4l2-core/v4l2-ioctl.c:2049:9: error: bad integer constant expression
drivers/media/v4l2-core/v4l2-ioctl.c:2050:9: error: bad integer constant expression
drivers/media/v4l2-core/v4l2-ioctl.c:2051:9: error: bad integer constant expression
drivers/media/v4l2-core/v4l2-ioctl.c:2052:9: error: bad integer constant expression
drivers/media/v4l2-core/v4l2-ioctl.c:2053:9: error: bad integer constant expression
drivers/media/v4l2-core/v4l2-ioctl.c:2054:9: error: bad integer constant expression
drivers/media/v4l2-core/v4l2-ioctl.c:2055:9: error: bad integer constant expression
drivers/media/v4l2-core/v4l2-ioctl.c:2056:9: error: bad integer constant expression
drivers/media/v4l2-core/v4l2-ioctl.c:2057:9: error: bad integer constant expression
drivers/media/v4l2-core/v4l2-ioctl.c:228:9: error: cannot size expression
drivers/media/v4l2-core/v4l2-ioctl.c:247:9: error: cannot size expression
drivers/media/v4l2-core/v4l2-ioctl.c:252:17: error: cannot size expression
drivers/media/v4l2-core/v4l2-ioctl.c:267:17: error: cannot size expression
drivers/media/v4l2-core/v4l2-ioctl.c:288:17: error: cannot size expression
drivers/media/v4l2-core/v4l2-ioctl.c:340:9: error: cannot size expression
drivers/media/v4l2-core/v4l2-ioctl.c:411:9: error: cannot size expression
drivers/media/v4l2-core/v4l2-ioctl.c:424:9: error: cannot size expression
drivers/media/v4l2-core/v4l2-ioctl.c:424:9: error: cannot size expression
drivers/media/v4l2-core/v4l2-ioctl.c:460:9: error: cannot size expression
drivers/media/v4l2-core/v4l2-ioctl.c:479:9: error: cannot size expression
drivers/media/v4l2-core/v4l2-ioctl.c:551:9: error: cannot size expression
drivers/media/v4l2-core/v4l2-ioctl.c:566:9: error: cannot size expression
drivers/media/v4l2-core/v4l2-ioctl.c:576:9: error: cannot size expression
drivers/media/v4l2-core/v4l2-ioctl.c:780:25: error: cannot size expression
drivers/media/v4l2-core/v4l2-ioctl.c:815:9: error: cannot size expression
drivers/misc/ad525x_dpot.c:644:5: warning: symbol 'ad_dpot_add_files' was not declared. Should it be static?
net/ipv4/raw.c:956:21: warning: context imbalance in 'raw_seq_start' - wrong count at exit
net/ipv4/raw.c:973:6: warning: context imbalance in 'raw_seq_stop' - unexpected unlock
include/net/sock.h:1504:31: warning: context imbalance in 'first_packet_length' - unexpected unlock
include/net/sock.h:1504:31: warning: context imbalance in 'udp_recvmsg' - unexpected unlock
include/net/sock.h:1504:31: warning: context imbalance in 'udp_destroy_sock' - unexpected unlock
net/ipv4/udp.c:2050:9: warning: context imbalance in 'udp_get_first' - wrong count at exit
net/ipv4/udp.c:2064:39: warning: context imbalance in 'udp_get_next' - unexpected unlock
net/ipv4/udp.c:2106:31: warning: context imbalance in 'udp_seq_stop' - unexpected unlock
drivers/mmc/card/block.c:2371:9: warning: Using plain integer as NULL pointer
net/ipv4/icmp.c:331:13: warning: context imbalance in 'icmp_reply' - different lock contexts for basic block
net/ipv4/icmp.c:481:6: warning: context imbalance in 'icmp_send' - different lock contexts for basic block
drivers/media/v4l2-core/v4l2-ctrls.c:1098:38: warning: incorrect type in argument 1 (different address spaces)
drivers/media/v4l2-core/v4l2-ctrls.c:1098:38:    expected void [noderef] <asn:1>*to
drivers/media/v4l2-core/v4l2-ctrls.c:1098:38:    got char *string
drivers/media/v4l2-core/v4l2-ctrls.c:1128:53: warning: incorrect type in argument 2 (different address spaces)
drivers/media/v4l2-core/v4l2-ctrls.c:1128:53:    expected void const [noderef] <asn:1>*from
drivers/media/v4l2-core/v4l2-ctrls.c:1128:53:    got char *string
drivers/media/v4l2-core/v4l2-ctrls.c:1159:38: warning: incorrect type in argument 1 (different address spaces)
drivers/media/v4l2-core/v4l2-ctrls.c:1159:38:    expected void [noderef] <asn:1>*to
drivers/media/v4l2-core/v4l2-ctrls.c:1159:38:    got char *string
net/ipv4/igmp.c:2629:31: warning: context imbalance in 'igmp_mcf_get_next' - unexpected unlock
net/ipv4/igmp.c:2657:9: warning: context imbalance in 'igmp_mcf_get_idx' - wrong count at exit
net/ipv4/igmp.c:2674:9: warning: context imbalance in 'igmp_mcf_seq_next' - wrong count at exit
net/ipv4/igmp.c:2686:9: warning: context imbalance in 'igmp_mcf_seq_stop' - unexpected unlock
net/ipv4/ping.c:1046:21: warning: context imbalance in 'ping_seq_start' - wrong count at exit
net/ipv4/ping.c:1069:6: warning: context imbalance in 'ping_seq_stop' - unexpected unlock
drivers/media/v4l2-core/v4l2-async.c:192:28: warning: Variable length array is used.
drivers/mtd/mtdchar.c:565:26: warning: incorrect type in argument 1 (different base types)
drivers/mtd/mtdchar.c:565:26:    expected void const volatile [noderef] <asn:1>*<noident>
drivers/mtd/mtdchar.c:565:26:    got unsigned long long [unsigned] [addressable] [usertype] usr_data
drivers/mtd/mtdchar.c:566:26: warning: incorrect type in argument 1 (different base types)
drivers/mtd/mtdchar.c:566:26:    expected void const volatile [noderef] <asn:1>*<noident>
drivers/mtd/mtdchar.c:566:26:    got unsigned long long [unsigned] [addressable] [usertype] usr_oob
net/ipv4/ipconfig.c:139:8: warning: symbol 'ic_addrservaddr' was not declared. Should it be static?
net/ipv4/ipconfig.c:146:8: warning: symbol 'ic_dev_xid' was not declared. Should it be static?
drivers/of/address.c:566:5: warning: symbol 'of_translate_dma_address' was not declared. Should it be static?
drivers/pci/pci.c:35:5: warning: symbol 'isa_dma_bridge_buggy' was not declared. Should it be static?
drivers/pci/pci.c:4305:1: warning: symbol 'bus_attr_resource_alignment' was not declared. Should it be static?
drivers/mmc/core/quirks.c:61:9: warning: Using plain integer as NULL pointer
drivers/pci/pci-driver.c:1081:25: warning: symbol 'pci_dev_pm_ops' was not declared. Should it be static?
net/ipv6/anycast.c:426:25: warning: context imbalance in 'ac6_get_next' - unexpected unlock
net/ipv6/anycast.c:448:9: warning: context imbalance in 'ac6_get_idx' - wrong count at exit
include/linux/rcupdate.h:798:9: warning: context imbalance in 'ac6_seq_stop' - unexpected unlock
drivers/mmc/host/sdhci.c:2535:6: warning: symbol 'sdhci_disable_irq_wakeups' was not declared. Should it be static?
drivers/pci/pci-sysfs.c:328:25: warning: symbol 'dev_rescan_attr' was not declared. Should it be static?
drivers/pci/pci-sysfs.c:359:25: warning: symbol 'dev_remove_attr' was not declared. Should it be static?
drivers/pci/pci-sysfs.c:547:25: warning: symbol 'vga_attr' was not declared. Should it be static?
drivers/pci/rom.c:218:36: warning: incorrect type in return expression (different address spaces)
drivers/pci/rom.c:218:36:    expected void [noderef] <asn:2>*
drivers/pci/rom.c:218:36:    got void *
net/ipv6/route.c:510:17: warning: context imbalance in 'rt6_probe' - different lock contexts for basic block
net/ipv6/ipv6_sockglue.c:994:33: warning: incorrect type in assignment (different address spaces)
net/ipv6/ipv6_sockglue.c:994:33:    expected void *msg_control
net/ipv6/ipv6_sockglue.c:994:33:    got char [noderef] <asn:1>*optval
include/net/sock.h:1504:31: warning: context imbalance in 'udpv6_recvmsg' - unexpected unlock
net/ipv6/icmp.c:383:13: warning: context imbalance in 'icmp6_send' - different lock contexts for basic block
net/ipv6/icmp.c:540:13: warning: context imbalance in 'icmpv6_echo_reply' - wrong count at exit
net/ipv6/mcast.c:266:25: warning: context imbalance in 'ip6_mc_find_dev_rcu' - different lock contexts for basic block
net/ipv6/mcast.c:458:9: warning: context imbalance in 'ip6_mc_source' - unexpected unlock
net/ipv6/mcast.c:547:9: warning: context imbalance in 'ip6_mc_msfilter' - unexpected unlock
net/ipv6/mcast.c:595:21: warning: context imbalance in 'ip6_mc_msfget' - unexpected unlock
net/ipv6/mcast.c:2419:25: warning: context imbalance in 'igmp6_mc_get_next' - unexpected unlock
net/ipv6/mcast.c:2441:9: warning: context imbalance in 'igmp6_mc_get_idx' - wrong count at exit
net/ipv6/mcast.c:2468:9: warning: context imbalance in 'igmp6_mc_seq_stop' - unexpected unlock
net/ipv6/mcast.c:2554:31: warning: context imbalance in 'igmp6_mcf_get_next' - unexpected unlock
net/ipv6/mcast.c:2586:9: warning: context imbalance in 'igmp6_mcf_get_idx' - wrong count at exit
net/ipv6/mcast.c:2603:9: warning: context imbalance in 'igmp6_mcf_seq_next' - wrong count at exit
net/ipv6/mcast.c:2616:17: warning: context imbalance in 'igmp6_mcf_seq_stop' - unexpected unlock
drivers/pci/host/pci-tegra.c:411:41: warning: incorrect type in return expression (different address spaces)
drivers/pci/host/pci-tegra.c:411:41:    expected void [noderef] <asn:2>*
drivers/pci/host/pci-tegra.c:411:41:    got void *addr
drivers/pci/host/pci-tegra.c:419:25: warning: incorrect type in return expression (different address spaces)
drivers/pci/host/pci-tegra.c:419:25:    expected void [noderef] <asn:2>*
drivers/pci/host/pci-tegra.c:419:25:    got void *addr
net/ipv6/tcp_ipv6.c:912:20: warning: context imbalance in 'tcp_v6_hnd_req' - different lock contexts for basic block
drivers/pci/pcie/portdrv_core.c:22:6: warning: symbol 'pciehp_msi_disabled' was not declared. Should it be static?
net/ipv6/xfrm6_state.c:64:19: warning: Variable length array is used.
net/ipv6/xfrm6_state.c:66:9: error: cannot size expression
drivers/rtc/rtc-palmas.c: In function 'palmas_rtc_probe':
drivers/rtc/rtc-palmas.c:242:7: warning: 'high_bb_charging' may be used uninitialized in this function
drivers/scsi/scsi_lib.c:488:6: warning: symbol 'scsi_requeue_run_queue' was not declared. Should it be static?
drivers/scsi/scsi_lib.c:2288:6: warning: symbol 'scsi_evt_thread' was not declared. Should it be static?
drivers/scsi/scsi_lib.c:1607:17: warning: context imbalance in 'scsi_request_fn' - unexpected unlock
drivers/scsi/scsi_sysfs.c:201:25: warning: symbol 'dev_attr_hstate' was not declared. Should it be static?
drivers/scsi/scsi_sysfs.c:314:24: warning: symbol 'scsi_shost_attr_group' was not declared. Should it be static?
drivers/staging/nvec/nvec_ps2.c:170:14: warning: duplicate const 
drivers/staging/nvec/nvec.c:960:14: warning: duplicate const 
drivers/staging/nvec/nvec.c:893:57: warning: incorrect type in argument 5 (different address spaces)
drivers/staging/nvec/nvec.c:893:57:    expected struct resource *mem_base
drivers/staging/nvec/nvec.c:893:57:    got void [noderef] <asn:2>*[assigned] base
drivers/tty/tty_io.c:119:17: warning: too long initializer-string for array of char
drivers/tty/tty_io.c:1046:6: warning: context imbalance in 'tty_write_unlock' - wrong count at exit
drivers/tty/tty_io.c:1053:5: warning: context imbalance in 'tty_write_lock' - wrong count at exit
drivers/tty/tty_io.c:1174:17: warning: context imbalance in 'tty_write_message' - unexpected unlock
drivers/tty/tty_io.c:1196:16: warning: context imbalance in 'tty_write' - different lock contexts for basic block
drivers/tty/tty_io.c:2588:12: warning: context imbalance in 'send_break' - different lock contexts for basic block
drivers/tty/sysrq.c:57:16: warning: symbol 'platform_sysrq_reset_seq' was not declared. Should it be static?
drivers/tty/sysrq.c:58:5: warning: symbol 'sysrq_reset_downtime_ms' was not declared. Should it be static?
net/packet/af_packet.c:293:39: warning: incorrect type in return expression (different modifiers)
net/packet/af_packet.c:293:39:    expected struct page [pure] *
net/packet/af_packet.c:293:39:    got struct page *
net/packet/af_packet.c:294:16: warning: incorrect type in return expression (different modifiers)
net/packet/af_packet.c:294:16:    expected struct page [pure] *
net/packet/af_packet.c:294:16:    got struct page *
net/packet/af_packet.c:1872:62: warning: incorrect type in argument 1 (different modifiers)
net/packet/af_packet.c:1872:62:    expected struct page *<noident>
net/packet/af_packet.c:1872:62:    got struct page [pure] *
net/packet/af_packet.c:293:39: warning: incorrect type in return expression (different modifiers)
net/packet/af_packet.c:293:39:    expected struct page [pure] *
net/packet/af_packet.c:293:39:    got struct page *
net/packet/af_packet.c:294:16: warning: incorrect type in return expression (different modifiers)
net/packet/af_packet.c:294:16:    expected struct page [pure] *
net/packet/af_packet.c:294:16:    got struct page *
net/packet/af_packet.c:305:46: warning: incorrect type in argument 1 (different modifiers)
net/packet/af_packet.c:305:46:    expected struct page *<noident>
net/packet/af_packet.c:305:46:    got struct page [pure] *
net/packet/af_packet.c:293:39: warning: incorrect type in return expression (different modifiers)
net/packet/af_packet.c:293:39:    expected struct page [pure] *
net/packet/af_packet.c:293:39:    got struct page *
net/packet/af_packet.c:294:16: warning: incorrect type in return expression (different modifiers)
net/packet/af_packet.c:294:16:    expected struct page [pure] *
net/packet/af_packet.c:294:16:    got struct page *
net/packet/af_packet.c:309:46: warning: incorrect type in argument 1 (different modifiers)
net/packet/af_packet.c:309:46:    expected struct page *<noident>
net/packet/af_packet.c:309:46:    got struct page [pure] *
net/packet/af_packet.c:293:39: warning: incorrect type in return expression (different modifiers)
net/packet/af_packet.c:293:39:    expected struct page [pure] *
net/packet/af_packet.c:293:39:    got struct page *
net/packet/af_packet.c:294:16: warning: incorrect type in return expression (different modifiers)
net/packet/af_packet.c:294:16:    expected struct page [pure] *
net/packet/af_packet.c:294:16:    got struct page *
net/packet/af_packet.c:329:46: warning: incorrect type in argument 1 (different modifiers)
net/packet/af_packet.c:329:46:    expected struct page *<noident>
net/packet/af_packet.c:329:46:    got struct page [pure] *
net/packet/af_packet.c:293:39: warning: incorrect type in return expression (different modifiers)
net/packet/af_packet.c:293:39:    expected struct page [pure] *
net/packet/af_packet.c:293:39:    got struct page *
net/packet/af_packet.c:294:16: warning: incorrect type in return expression (different modifiers)
net/packet/af_packet.c:294:16:    expected struct page [pure] *
net/packet/af_packet.c:294:16:    got struct page *
net/packet/af_packet.c:332:46: warning: incorrect type in argument 1 (different modifiers)
net/packet/af_packet.c:332:46:    expected struct page *<noident>
net/packet/af_packet.c:332:46:    got struct page [pure] *
net/packet/af_packet.c:293:39: warning: incorrect type in return expression (different modifiers)
net/packet/af_packet.c:293:39:    expected struct page [pure] *
net/packet/af_packet.c:293:39:    got struct page *
net/packet/af_packet.c:294:16: warning: incorrect type in return expression (different modifiers)
net/packet/af_packet.c:294:16:    expected struct page [pure] *
net/packet/af_packet.c:294:16:    got struct page *
net/packet/af_packet.c:389:38: warning: incorrect type in argument 1 (different modifiers)
net/packet/af_packet.c:389:38:    expected struct page *<noident>
net/packet/af_packet.c:389:38:    got struct page [pure] *
net/packet/af_packet.c:293:39: warning: incorrect type in return expression (different modifiers)
net/packet/af_packet.c:293:39:    expected struct page [pure] *
net/packet/af_packet.c:293:39:    got struct page *
net/packet/af_packet.c:294:16: warning: incorrect type in return expression (different modifiers)
net/packet/af_packet.c:294:16:    expected struct page [pure] *
net/packet/af_packet.c:294:16:    got struct page *
net/packet/af_packet.c:662:46: warning: incorrect type in argument 1 (different modifiers)
net/packet/af_packet.c:662:46:    expected struct page *<noident>
net/packet/af_packet.c:662:46:    got struct page [pure] *
net/packet/af_packet.c:293:39: warning: incorrect type in return expression (different modifiers)
net/packet/af_packet.c:293:39:    expected struct page [pure] *
net/packet/af_packet.c:293:39:    got struct page *
net/packet/af_packet.c:294:16: warning: incorrect type in return expression (different modifiers)
net/packet/af_packet.c:294:16:    expected struct page [pure] *
net/packet/af_packet.c:294:16:    got struct page *
net/packet/af_packet.c:675:38: warning: incorrect type in argument 1 (different modifiers)
net/packet/af_packet.c:675:38:    expected struct page *<noident>
net/packet/af_packet.c:675:38:    got struct page [pure] *
net/packet/af_packet.c:293:39: warning: incorrect type in return expression (different modifiers)
net/packet/af_packet.c:293:39:    expected struct page [pure] *
net/packet/af_packet.c:293:39:    got struct page *
net/packet/af_packet.c:294:16: warning: incorrect type in return expression (different modifiers)
net/packet/af_packet.c:294:16:    expected struct page [pure] *
net/packet/af_packet.c:294:16:    got struct page *
net/packet/af_packet.c:2030:22: warning: incorrect type in assignment (different modifiers)
net/packet/af_packet.c:2030:22:    expected struct page *page
net/packet/af_packet.c:2030:22:    got struct page [pure] *
net/packet/af_packet.c:293:39: warning: incorrect type in return expression (different modifiers)
net/packet/af_packet.c:293:39:    expected struct page [pure] *
net/packet/af_packet.c:293:39:    got struct page *
net/packet/af_packet.c:294:16: warning: incorrect type in return expression (different modifiers)
net/packet/af_packet.c:294:16:    expected struct page [pure] *
net/packet/af_packet.c:294:16:    got struct page *
net/packet/af_packet.c:3713:38: warning: incorrect type in assignment (different modifiers)
net/packet/af_packet.c:3713:38:    expected struct page *page
net/packet/af_packet.c:3713:38:    got struct page [pure] *
drivers/tty/serial/serial_core.c:612:22: warning: invalid assignment: |=
drivers/tty/serial/serial_core.c:612:22:    left side has type unsigned int
drivers/tty/serial/serial_core.c:612:22:    right side has type restricted upf_t
drivers/tty/serial/serial_core.c:614:22: warning: invalid assignment: |=
drivers/tty/serial/serial_core.c:614:22:    left side has type unsigned int
drivers/tty/serial/serial_core.c:614:22:    right side has type restricted upf_t
drivers/tty/serial/serial_core.c:616:17: warning: restricted upf_t degrades to integer
drivers/tty/serial/serial_core.c:618:22: warning: invalid assignment: &=
drivers/tty/serial/serial_core.c:618:22:    left side has type unsigned int
drivers/tty/serial/serial_core.c:618:22:    right side has type restricted upf_t
drivers/tty/serial/serial_core.c:621:20: warning: restricted upf_t degrades to integer
drivers/tty/serial/serial_core.c:624:20: warning: restricted upf_t degrades to integer
drivers/tty/serial/serial_core.c:635:22: warning: invalid assignment: |=
drivers/tty/serial/serial_core.c:635:22:    left side has type unsigned int
drivers/tty/serial/serial_core.c:635:22:    right side has type restricted upf_t
drivers/tty/serial/serial_core.c:637:22: warning: invalid assignment: |=
drivers/tty/serial/serial_core.c:637:22:    left side has type unsigned int
drivers/tty/serial/serial_core.c:637:22:    right side has type restricted upf_t
drivers/tty/serial/serial_core.c:639:17: warning: restricted upf_t degrades to integer
drivers/tty/serial/serial_core.c:641:22: warning: invalid assignment: &=
drivers/tty/serial/serial_core.c:641:22:    left side has type unsigned int
drivers/tty/serial/serial_core.c:641:22:    right side has type restricted upf_t
drivers/tty/serial/serial_core.c:644:20: warning: restricted upf_t degrades to integer
drivers/tty/serial/serial_core.c:651:20: warning: restricted upf_t degrades to integer
drivers/tty/serial/serial_core.c:669:29: warning: incorrect type in assignment (different base types)
drivers/tty/serial/serial_core.c:669:29:    expected int [signed] flags
drivers/tty/serial/serial_core.c:669:29:    got restricted upf_t [usertype] flags
drivers/tty/serial/serial_core.c:743:19: warning: incorrect type in assignment (different base types)
drivers/tty/serial/serial_core.c:743:19:    expected restricted upf_t [usertype] new_flags
drivers/tty/serial/serial_core.c:743:19:    got int [signed] flags
drivers/tty/serial/8250/8250_core.c:2790:32: warning: incorrect type in assignment (different base types)
drivers/tty/serial/8250/8250_core.c:2790:32:    expected restricted upf_t [usertype] flags
drivers/tty/serial/8250/8250_core.c:2790:32:    got unsigned int const [unsigned] flags
drivers/tty/serial/8250/8250_core.c:2792:32: warning: incorrect type in assignment (different address spaces)
drivers/tty/serial/8250/8250_core.c:2792:32:    expected unsigned char [noderef] <asn:2>*membase
drivers/tty/serial/8250/8250_core.c:2792:32:    got unsigned char *const iomem_base
drivers/tty/serial/8250/8250_core.c:2902:28: warning: context imbalance in 'serial8250_console_write' - unexpected unlock
net/rfkill/core.c:1148:17: error: incompatible types in comparison expression (different type sizes)
net/sched/sch_generic.c:114:5: warning: context imbalance in 'sch_direct_xmit' - unexpected unlock
net/unix/af_unix.c:933:13: warning: context imbalance in 'unix_state_double_lock' - wrong count at exit
net/unix/af_unix.c:951:17: warning: context imbalance in 'unix_state_double_unlock' - unexpected unlock
net/unix/af_unix.c:1041:54: warning: context imbalance in 'unix_wait_for_peer' - unexpected unlock
net/unix/af_unix.c:1220:9: warning: context imbalance in 'unix_stream_connect' - different lock contexts for basic block
net/unix/af_unix.c:1592:9: warning: context imbalance in 'unix_dgram_sendmsg' - different lock contexts for basic block
drivers/tty/vt/vt.c:223:5: warning: symbol 'console_blank_hook' was not declared. Should it be static?
drivers/tty/serial/of_serial.c:33:6: warning: symbol 'tegra_serial_handle_break' was not declared. Should it be static?
drivers/tty/vt/vt.c:2389:19: warning: symbol 'console_driver' was not declared. Should it be static?
net/xfrm/xfrm_policy.c:111:9: warning: context imbalance in 'xfrm_policy_get_afinfo' - different lock contexts for basic block
net/xfrm/xfrm_policy.c:114:13: warning: context imbalance in 'xfrm_policy_put_afinfo' - unexpected unlock
drivers/tty/vt/consolemap_deftbl.c:10:4: warning: symbol 'dfont_unicount' was not declared. Should it be static?
drivers/tty/vt/consolemap_deftbl.c:46:5: warning: symbol 'dfont_unitable' was not declared. Should it be static?
drivers/tty/vt/defkeymap.c:27:9: warning: symbol 'shift_map' was not declared. Should it be static?
drivers/tty/vt/defkeymap.c:46:9: warning: symbol 'altgr_map' was not declared. Should it be static?
drivers/tty/vt/defkeymap.c:65:9: warning: symbol 'ctrl_map' was not declared. Should it be static?
drivers/tty/vt/defkeymap.c:84:9: warning: symbol 'shift_ctrl_map' was not declared. Should it be static?
drivers/tty/vt/defkeymap.c:103:9: warning: symbol 'alt_map' was not declared. Should it be static?
drivers/tty/vt/defkeymap.c:122:9: warning: symbol 'ctrl_alt_map' was not declared. Should it be static?
drivers/tty/vt/defkeymap.c:148:14: warning: symbol 'keymap_count' was not declared. Should it be static?
drivers/tty/vt/defkeymap.c:156:6: warning: symbol 'func_buf' was not declared. Should it be static?
drivers/tty/vt/defkeymap.c:187:6: warning: symbol 'funcbufptr' was not declared. Should it be static?
drivers/tty/vt/defkeymap.c:188:5: warning: symbol 'funcbufsize' was not declared. Should it be static?
drivers/tty/vt/defkeymap.c:189:5: warning: symbol 'funcbufleft' was not declared. Should it be static?
drivers/tty/vt/defkeymap.c:191:6: warning: symbol 'func_table' was not declared. Should it be static?
drivers/tty/vt/defkeymap.c:225:18: warning: symbol 'accent_table' was not declared. Should it be static?
drivers/tty/vt/defkeymap.c:262:14: warning: symbol 'accent_table_size' was not declared. Should it be static?
net/xfrm/xfrm_state.c:1872:9: warning: context imbalance in 'xfrm_state_get_afinfo' - different lock contexts for basic block
net/xfrm/xfrm_state.c:1875:6: warning: context imbalance in 'xfrm_state_put_afinfo' - unexpected unlock
net/sunrpc/svc_xprt.c:574:5: warning: symbol 'svc_alloc_arg' was not declared. Should it be static?
net/sunrpc/svc_xprt.c:615:17: warning: symbol 'svc_get_next_xprt' was not declared. Should it be static?
net/sunrpc/svc_xprt.c:694:6: warning: symbol 'svc_add_new_temp_xprt' was not declared. Should it be static?
net/sunrpc/sysctl.c:28:17: warning: symbol 'rpc_debug' was not declared. Should it be static?
net/sunrpc/sysctl.c:31:17: warning: symbol 'nfs_debug' was not declared. Should it be static?
net/sunrpc/sysctl.c:34:17: warning: symbol 'nfsd_debug' was not declared. Should it be static?
net/sunrpc/sysctl.c:37:17: warning: symbol 'nlm_debug' was not declared. Should it be static?
drivers/usb/phy/phy-tegra-usb.c:885:17: warning: expression using sizeof(void)
net/wireless/nl80211.c: In function '__cfg80211_wdev_from_attrs.clone.154':
net/wireless/nl80211.c:58:6: warning: 'wdev_id' may be used uninitialized in this function
drivers/usb/host/xhci-hub.c:527:6: warning: symbol 'xhci_del_comp_mod_timer' was not declared. Should it be static?
init/do_mounts.c:8:2: warning: "Sparse checking disabled for this file"
init/do_mounts_initrd.c:8:2: warning: "Sparse checking disabled for this file"
init/initramfs.c:8:2: warning: "Sparse checking disabled for this file"
init/calibrate.c:260:37: warning: symbol 'calibrate_delay_is_known' was not declared. Should it be static?
init/init_task.c:14:44: warning: implicit cast to nocast type
init/init_task.c:14:44: warning: implicit cast to nocast type
init/main.c:159:12: warning: symbol 'envp_init' was not declared. Should it be static?
arch/arm/boot/compressed/misc.c:19:14: warning: symbol '__machine_arch_type' was not declared. Should it be static?
arch/arm/boot/compressed/misc.c:105:15: warning: symbol 'output_data' was not declared. Should it be static?
arch/arm/boot/compressed/misc.c:107:15: warning: symbol 'free_mem_ptr' was not declared. Should it be static?
arch/arm/boot/compressed/misc.c:108:15: warning: symbol 'free_mem_end_ptr' was not declared. Should it be static?
arch/arm/boot/compressed/misc.c:125:17: warning: symbol '__div0' was not declared. Should it be static?
arch/arm/boot/compressed/misc.c:134:1: warning: symbol 'decompress_kernel' was not declared. Should it be static?
include/linux/decompress/mm.h:30:30: warning: symbol 'malloc_ptr' was not declared. Should it be static?
include/linux/decompress/mm.h:31:20: warning: symbol 'malloc_count' was not declared. Should it be static?
arch/arm/boot/compressed/decompress.c:58:5: warning: symbol 'do_decompress' was not declared. Should it be static?
test_sparse: Tue Aug 27 04:38:28 PDT 2013: succeeded on tegra_defconfig test_next-20130827
test_sparse: Tue Aug 27 04:38:28 PDT 2013: ended on tegra_defconfig test_next-20130827
