test_build: Tue Feb 2 21:45:55 PST 2016: started on tegra_defconfig test_next-20160203 (8babd99a86f51315697523470924eeb7435b9c34)
test_build: Tue Feb 2 21:45:55 PST 2016: serial is 20160202214534
mm/slab.c: In function ‘is_debug_pagealloc_cache’:
mm/slab.c:1608:2: error: implicit declaration of function ‘debug_pagealloc_enabled’ [-Werror=implicit-function-declaration]
cc1: some warnings being treated as errors
make[1]: *** [mm/slab.o] Error 1
make[1]: *** Waiting for unfinished jobs....
make: *** [mm] Error 2
make: *** Waiting for unfinished jobs....
test_build: Tue Feb 2 21:46:47 PST 2016: FAILED on tegra_defconfig test_next-20160203
test_build: Tue Feb 2 21:46:47 PST 2016: ended on tegra_defconfig test_next-20160203
