test_sparse: Sun Apr 19 23:37:56 PDT 2015: started on tegra_defconfig test_next-20150420 (ec6c2c719ae72fd24f42df3d644ce9b4f037bd99)
test_sparse: Sun Apr 19 23:37:56 PDT 2015: serial is 20150419233034
test_sparse: sparse version unknown (checksum d41d8cd98f00b204e9800998ecf8427e)
/bin/sh: 1: sparse: not found
make[2]: *** [scripts/mod/empty.o] Error 127
make[1]: *** [scripts/mod] Error 2
make[1]: *** Waiting for unfinished jobs....
make: *** [scripts] Error 2
make: *** Waiting for unfinished jobs....
test_sparse: Sun Apr 19 23:38:03 PDT 2015: FAILED on tegra_defconfig test_next-20150420
test_sparse: Sun Apr 19 23:38:03 PDT 2015: ended on tegra_defconfig test_next-20150420
