test_build: Wed Jun 3 03:18:46 PDT 2015: started on tegra_defconfig%tegra20,114_mergeconfig test_next-20150603 (273de33838674768a625ee3cb6d68c909370ae43)
test_build: Wed Jun 3 03:18:46 PDT 2015: serial is 20150603031533
<stdin>:1253:2: warning: #warning syscall userfaultfd not implemented [-Wcpp]
net/bluetooth/mgmt.c: In function ‘read_local_oob_ext_data_complete’:
net/bluetooth/mgmt.c:6463:8: warning: ‘r192’ may be used uninitialized in this function [-Wmaybe-uninitialized]
net/bluetooth/mgmt.c:6474:13: note: ‘r192’ was declared here
net/bluetooth/mgmt.c:6463:8: warning: ‘h192’ may be used uninitialized in this function [-Wmaybe-uninitialized]
net/bluetooth/mgmt.c:6474:6: note: ‘h192’ was declared here
drivers/soc/tegra/fuse/fuse-tegra.c:171:1: warning: data definition has no type or storage class [enabled by default]
drivers/soc/tegra/fuse/fuse-tegra.c:171:1: error: type defaults to ‘int’ in declaration of ‘module_init’ [-Werror=implicit-int]
drivers/soc/tegra/fuse/fuse-tegra.c:171:1: warning: parameter names (without types) in function declaration [enabled by default]
drivers/soc/tegra/fuse/fuse-tegra.c:171:1: warning: data definition has no type or storage class [enabled by default]
drivers/soc/tegra/fuse/fuse-tegra.c:171:1: error: type defaults to ‘int’ in declaration of ‘module_exit’ [-Werror=implicit-int]
drivers/soc/tegra/fuse/fuse-tegra.c:171:1: warning: parameter names (without types) in function declaration [enabled by default]
drivers/soc/tegra/fuse/fuse-tegra.c:171:1: warning: ‘tegra_fuse_driver_init’ defined but not used [-Wunused-function]
cc1: some warnings being treated as errors
make[4]: *** [drivers/soc/tegra/fuse/fuse-tegra.o] Error 1
make[3]: *** [drivers/soc/tegra/fuse] Error 2
make[2]: *** [drivers/soc/tegra] Error 2
make[1]: *** [drivers/soc] Error 2
make[1]: *** Waiting for unfinished jobs....
make: *** [drivers] Error 2
test_build: Wed Jun 3 03:21:24 PDT 2015: FAILED on tegra_defconfig%tegra20,114_mergeconfig test_next-20150603
test_build: Wed Jun 3 03:21:24 PDT 2015: ended on tegra_defconfig%tegra20,114_mergeconfig test_next-20150603
