test_sparse: Thu Oct 17 04:11:29 PDT 2013: started on tegra_defconfig test_next-20131010 (test_next-20131010)
test_sparse: Thu Oct 17 04:11:29 PDT 2013: serial is 20131017040319
test_sparse: sparse version unknown (checksum d41d8cd98f00b204e9800998ecf8427e)
/bin/sh: 1: sparse: not found
make[2]: *** [scripts/mod/empty.o] Error 127
make[1]: *** [scripts/mod] Error 2
make[1]: *** Waiting for unfinished jobs....
make: *** [scripts] Error 2
make: *** Waiting for unfinished jobs....
test_sparse: Thu Oct 17 04:11:32 PDT 2013: FAILED on tegra_defconfig test_next-20131010
test_sparse: Thu Oct 17 04:11:32 PDT 2013: ended on tegra_defconfig test_next-20131010
