test_sparse: Mon Feb 9 02:59:49 PST 2015: started on multi_v7_defconfig test_next-20150209 (29d56e4a1da143f0580c15dd22423774521b4734)
test_sparse: Mon Feb 9 02:59:49 PST 2015: serial is 20150209024533
test_sparse: sparse version unknown (checksum d41d8cd98f00b204e9800998ecf8427e)
init/do_mounts.c:8:2: warning: "Sparse checking disabled for this file"
init/do_mounts_initrd.c:8:2: warning: "Sparse checking disabled for this file"
init/initramfs.c:8:2: warning: "Sparse checking disabled for this file"
init/calibrate.c:260:37: warning: symbol 'calibrate_delay_is_known' was not declared. Should it be static?
init/calibrate.c:270:28: warning: symbol 'calibration_delay_done' was not declared. Should it be static?
arch/arm/vfp/vfpmodule.c:41:6: warning: symbol 'vfp_vector' was not declared. Should it be static?
arch/arm/vfp/vfpmodule.c:48:14: warning: symbol 'VFP_arch' was not declared. Should it be static?
arch/arm/vfp/vfpmodule.c:59:17: warning: symbol 'vfp_current_hw_state' was not declared. Should it be static?
arch/arm/vfp/vfpmodule.c:336:6: warning: symbol 'VFP_bounce' was not declared. Should it be static?
arch/arm/vfp/vfpmodule.c:652:6: warning: symbol 'vfp_kmode_exception' was not declared. Should it be static?
init/main.c:161:12: warning: symbol 'envp_init' was not declared. Should it be static?
init/init_task.c:14:44: warning: implicit cast to nocast type
init/init_task.c:14:44: warning: implicit cast to nocast type
arch/arm/kernel/irq.c:47:15: warning: symbol 'irq_err_count' was not declared. Should it be static?
arch/arm/kernel/process.c:311:1: warning: symbol 'thread_notify_head' was not declared. Should it be static?
arch/arm/mm/fault.c:545:1: warning: symbol 'do_DataAbort' was not declared. Should it be static?
arch/arm/mm/fault.c:577:1: warning: symbol 'do_PrefetchAbort' was not declared. Should it be static?
arch/arm/common/mcpm_entry.c:201:20: warning: symbol 'mcpm_sync' was not declared. Should it be static?
arch/arm/kernel/ptrace.c:931:16: warning: symbol 'syscall_trace_enter' was not declared. Should it be static?
arch/arm/kernel/ptrace.c:958:17: warning: symbol 'syscall_trace_exit' was not declared. Should it be static?
arch/arm/mach-bcm/bcm_cygnus.c:16:25: warning: duplicate const 
arch/arm/mm/init.c:547:1: error: directive in argument list
arch/arm/mm/init.c:550:1: error: directive in argument list
arch/arm/mm/init.c:554:1: error: directive in argument list
arch/arm/mm/init.c:556:1: error: directive in argument list
arch/arm/mm/init.c:557:1: error: directive in argument list
arch/arm/mm/init.c:559:1: error: directive in argument list
arch/arm/mm/init.c:567:1: error: directive in argument list
arch/arm/mm/init.c:570:1: error: directive in argument list
arch/arm/mm/init.c:574:1: error: directive in argument list
arch/arm/mm/init.c:577:1: error: directive in argument list
arch/arm/mm/init.c:578:1: error: directive in argument list
arch/arm/mm/init.c:580:1: error: directive in argument list
arch/arm/mach-bcm/kona_l2_cache.c:21:13: warning: symbol 'kona_l2_cache_init' was not declared. Should it be static?
arch/arm/mach-bcm/bcm_kona_smc.c:145:21: warning: incorrect type in initializer (different address spaces)
arch/arm/mach-bcm/bcm_kona_smc.c:145:21:    expected unsigned int [usertype] *args
arch/arm/mach-bcm/bcm_kona_smc.c:145:21:    got void [noderef] <asn:2>*static [toplevel] [assigned] bcm_smc_buffer
arch/arm/mach-bcm/bcm_kona_smc.c:151:9: warning: incorrect type in argument 2 (different address spaces)
arch/arm/mach-bcm/bcm_kona_smc.c:151:9:    expected void volatile [noderef] <asn:2>*addr
arch/arm/mach-bcm/bcm_kona_smc.c:151:9:    got unsigned int [usertype] *
arch/arm/mach-bcm/bcm_kona_smc.c:152:9: warning: incorrect type in argument 2 (different address spaces)
arch/arm/mach-bcm/bcm_kona_smc.c:152:9:    expected void volatile [noderef] <asn:2>*addr
arch/arm/mach-bcm/bcm_kona_smc.c:152:9:    got unsigned int [usertype] *
arch/arm/mach-bcm/bcm_kona_smc.c:153:9: warning: incorrect type in argument 2 (different address spaces)
arch/arm/mach-bcm/bcm_kona_smc.c:153:9:    expected void volatile [noderef] <asn:2>*addr
arch/arm/mach-bcm/bcm_kona_smc.c:153:9:    got unsigned int [usertype] *
arch/arm/mach-bcm/bcm_kona_smc.c:154:9: warning: incorrect type in argument 2 (different address spaces)
arch/arm/mach-bcm/bcm_kona_smc.c:154:9:    expected void volatile [noderef] <asn:2>*addr
arch/arm/mach-bcm/bcm_kona_smc.c:154:9:    got unsigned int [usertype] *[assigned] args
arch/arm/kernel/signal.c:72:31: warning: incorrect type in argument 1 (different address spaces)
arch/arm/kernel/signal.c:72:31:    expected void [noderef] <asn:1>*to
arch/arm/kernel/signal.c:72:31:    got struct iwmmxt_sigframe *frame
arch/arm/kernel/signal.c:82:38: warning: incorrect type in argument 2 (different address spaces)
arch/arm/kernel/signal.c:82:38:    expected void const [noderef] <asn:1>*from
arch/arm/kernel/signal.c:82:38:    got struct iwmmxt_sigframe *frame
arch/arm/kernel/signal.c:179:48: warning: incorrect type in argument 1 (different address spaces)
arch/arm/kernel/signal.c:179:48:    expected struct iwmmxt_sigframe *frame
arch/arm/kernel/signal.c:179:48:    got struct iwmmxt_sigframe [noderef] <asn:1>*<noident>
arch/arm/kernel/signal.c:189:16: warning: symbol 'sys_sigreturn' was not declared. Should it be static?
arch/arm/kernel/signal.c:219:16: warning: symbol 'sys_rt_sigreturn' was not declared. Should it be static?
arch/arm/kernel/signal.c:290:49: warning: incorrect type in argument 1 (different address spaces)
arch/arm/kernel/signal.c:290:49:    expected struct iwmmxt_sigframe *frame
arch/arm/kernel/signal.c:290:49:    got struct iwmmxt_sigframe [noderef] <asn:1>*<noident>
arch/arm/kernel/signal.c:574:1: warning: symbol 'do_work_pending' was not declared. Should it be static?
arch/arm/kernel/signal.c:607:13: warning: symbol 'get_signal_page' was not declared. Should it be static?
arch/arm/kernel/setup.c:91:14: warning: symbol '__atags_pointer' was not declared. Should it be static?
arch/arm/kernel/setup.c:131:5: warning: symbol '__cpu_architecture' was not declared. Should it be static?
arch/arm/kernel/setup.c:1118:29: warning: symbol 'cpuinfo_op' was not declared. Should it be static?
arch/arm/mm/iomap.c:12:15: warning: symbol 'vga_base' was not declared. Should it be static?
arch/arm/kernel/sys_arm.c:35:17: warning: symbol 'sys_arm_fadvise64_64' was not declared. Should it be static?
arch/arm/kernel/time.c:115:13: warning: symbol 'time_init' was not declared. Should it be static?
arch/arm/mm/flush.c:373:6: warning: symbol '__flush_anon_page' was not declared. Should it be static?
arch/arm/kernel/traps.c:123:37: warning: incorrect type in argument 1 (different address spaces)
arch/arm/kernel/traps.c:123:37:    expected void const volatile [noderef] <asn:1>*<noident>
arch/arm/kernel/traps.c:123:37:    got unsigned long *<noident>
arch/arm/kernel/traps.c:156:31: warning: incorrect type in argument 1 (different address spaces)
arch/arm/kernel/traps.c:156:31:    expected void const volatile [noderef] <asn:1>*<noident>
arch/arm/kernel/traps.c:156:31:    got unsigned short [usertype] *
arch/arm/kernel/traps.c:158:31: warning: incorrect type in argument 1 (different address spaces)
arch/arm/kernel/traps.c:158:31:    expected void const volatile [noderef] <asn:1>*<noident>
arch/arm/kernel/traps.c:158:31:    got unsigned int [usertype] *
arch/arm/kernel/traps.c:425:33: warning: cast removes address space of expression
arch/arm/kernel/traps.c:406:29: warning: symbol 'do_undefinstr' was not declared. Should it be static?
arch/arm/kernel/traps.c:476:39: warning: symbol 'handle_fiq_as_nmi' was not declared. Should it be static?
arch/arm/kernel/traps.c:495:17: warning: symbol 'bad_mode' was not declared. Should it be static?
arch/arm/kernel/traps.c:564:14: warning: incorrect type in argument 1 (different base types)
arch/arm/kernel/traps.c:564:14:    expected void const volatile [noderef] <asn:1>*<noident>
arch/arm/kernel/traps.c:564:14:    got unsigned long [unsigned] start
arch/arm/kernel/traps.c:575:16: warning: symbol 'arm_syscall' was not declared. Should it be static?
arch/arm/kernel/traps.c:754:6: warning: symbol '__bad_xchg' was not declared. Should it be static?
arch/arm/kernel/traps.c:767:1: warning: symbol 'baddataabort' was not declared. Should it be static?
arch/arm/kernel/traps.c:811:17: warning: symbol '__div0' was not declared. Should it be static?
arch/arm/kernel/traps.c:818:6: warning: symbol 'abort' was not declared. Should it be static?
arch/arm/kernel/atags_proc.c:27:13: warning: symbol 'save_atags' was not declared. Should it be static?
arch/arm/kernel/cpuidle.c:15:5: warning: symbol 'arm_cpuidle_simple_enter' was not declared. Should it be static?
arch/arm/kernel/bios32.c:22:23: warning: symbol 'pcibios_msi_controller' was not declared. Should it be static?
arch/arm/kernel/bios32.c:67:6: warning: symbol 'pcibios_report_status' was not declared. Should it be static?
arch/arm/mm/pageattr.c:65:5: warning: symbol 'set_memory_ro' was not declared. Should it be static?
arch/arm/mm/pageattr.c:72:5: warning: symbol 'set_memory_rw' was not declared. Should it be static?
arch/arm/mm/pageattr.c:79:5: warning: symbol 'set_memory_nx' was not declared. Should it be static?
arch/arm/mm/mmu.c:56:10: warning: symbol 'user_pmd_table' was not declared. Should it be static?
arch/arm/mm/pageattr.c:86:5: warning: symbol 'set_memory_x' was not declared. Should it be static?
arch/arm/mm/mmu.c:133:13: warning: symbol 'init_default_cache_policy' was not declared. Should it be static?
arch/arm/mm/mmu.c:1069:13: warning: symbol 'sanity_check_meminfo' was not declared. Should it be static?
arch/arm/mm/mmu.c:1502:13: warning: symbol 'early_paging_init' was not declared. Should it be static?
arch/arm/mm/mmu.c:1515:13: warning: symbol 'paging_init' was not declared. Should it be static?
arch/arm/mach-exynos/pmu.c:701:6: warning: symbol 'exynos5420_powerdown_conf' was not declared. Should it be static?
arch/arm/kernel/suspend.c:55:6: warning: symbol '__cpu_suspend_save' was not declared. Should it be static?
arch/arm/kernel/smp.c:509:6: warning: symbol 'arch_irq_work_raise' was not declared. Should it be static?
arch/arm/kernel/smp.c:664:5: warning: symbol 'setup_profiling_timer' was not declared. Should it be static?
arch/arm/mach-highbank/pm.c:52:13: warning: symbol 'highbank_pm_init' was not declared. Should it be static?
arch/arm/kernel/arch_timer.c:34:12: warning: symbol 'arch_timer_arch_init' was not declared. Should it be static?
arch/arm/mach-exynos/suspend.c:78:23: warning: symbol 'pm_data' was not declared. Should it be static?
arch/arm/mach-exynos/suspend.c:107:14: warning: symbol 'exynos_release_ret_regs' was not declared. Should it be static?
arch/arm/mach-exynos/suspend.c:118:14: warning: symbol 'exynos3250_release_ret_regs' was not declared. Should it be static?
arch/arm/mach-exynos/suspend.c:131:14: warning: symbol 'exynos5420_release_ret_regs' was not declared. Should it be static?
arch/arm/kernel/machine_kexec.c:63:23: warning: cast removes address space of expression
arch/arm/kernel/machine_kexec.c:63:23: warning: cast removes address space of expression
arch/arm/kernel/machine_kexec.c:63:23: warning: incorrect type in initializer (different address spaces)
arch/arm/kernel/machine_kexec.c:63:23:    expected unsigned int const [noderef] <asn:1>*register __p
arch/arm/kernel/machine_kexec.c:63:23:    got unsigned int [usertype] *<noident>
arch/arm/kernel/machine_kexec.c:63:23: warning: cast removes address space of expression
arch/arm/kernel/machine_kexec.c:77:6: warning: symbol 'machine_crash_nonpanic_core' was not declared. Should it be static?
arch/arm/mm/copypage-v6.c:125:21: warning: symbol 'v6_user_fns' was not declared. Should it be static?
arch/arm/mach-exynos/platsmp.c:210:31: warning: incorrect type in return expression (different address spaces)
arch/arm/mach-exynos/platsmp.c:210:31:    expected void [noderef] <asn:2>*
arch/arm/mach-exynos/platsmp.c:210:31:    got void *
arch/arm/mach-exynos/platsmp.c:210:31: warning: incorrect type in return expression (different address spaces)
arch/arm/mach-exynos/platsmp.c:210:31:    expected void [noderef] <asn:2>*
arch/arm/mach-exynos/platsmp.c:210:31:    got void *
arch/arm/kernel/unwind.c:53:6: warning: symbol '__aeabi_unwind_cpp_pr0' was not declared. Should it be static?
arch/arm/kernel/unwind.c:58:6: warning: symbol '__aeabi_unwind_cpp_pr1' was not declared. Should it be static?
arch/arm/kernel/unwind.c:63:6: warning: symbol '__aeabi_unwind_cpp_pr2' was not declared. Should it be static?
arch/arm/kernel/devtree.c:69:13: warning: symbol 'arm_dt_init_cpu_maps' was not declared. Should it be static?
arch/arm/kernel/devtree.c:204:27: warning: symbol 'setup_machine_fdt' was not declared. Should it be static?
arch/arm/kernel/swp_emulate.c:123:23: warning: incorrect type in assignment (different address spaces)
arch/arm/kernel/swp_emulate.c:123:23:    expected void [noderef] <asn:1>*[assigned] [usertype] _addr
arch/arm/kernel/swp_emulate.c:123:23:    got void *<noident>
arch/arm/kernel/swp_emulate.c:210:14: warning: incorrect type in argument 1 (different base types)
arch/arm/kernel/swp_emulate.c:210:14:    expected void const volatile [noderef] <asn:1>*<noident>
arch/arm/kernel/swp_emulate.c:210:14:    got unsigned int
arch/arm/mach-hisi/platsmp.c:106:6: warning: symbol 'hix5hd2_set_scu_boot_addr' was not declared. Should it be static?
arch/arm/mach-hisi/platsmp.c:146:14: warning: incorrect type in assignment (different address spaces)
arch/arm/mach-hisi/platsmp.c:146:14:    expected void [noderef] <asn:2>*virt
arch/arm/mach-hisi/platsmp.c:146:14:    got void *
arch/arm/mach-hisi/platsmp.c:142:6: warning: symbol 'hip01_set_boot_addr' was not declared. Should it be static?
arch/arm/mach-keystone/keystone.c:93:19: warning: cast truncates bits from constant value (800000000 becomes 0)
arch/arm/mach-keystone/pm_domain.c:69:12: warning: symbol 'keystone_pm_runtime_init' was not declared. Should it be static?
arch/arm/kernel/topology.c:45:15: warning: symbol 'arch_scale_cpu_capacity' was not declared. Should it be static?
arch/arm/kernel/topology.c:192:22: warning: symbol 'cpu_corepower_mask' was not declared. Should it be static?
arch/arm/kernel/perf_event_v7.c:151:9: warning: Initializer entry defined twice
arch/arm/kernel/perf_event_v7.c:152:10:   also defined here
arch/arm/kernel/perf_event_v7.c:164:9: warning: Initializer entry defined twice
arch/arm/kernel/perf_event_v7.c:171:10:   also defined here
arch/arm/kernel/perf_event_v7.c:200:9: warning: Initializer entry defined twice
arch/arm/kernel/perf_event_v7.c:201:10:   also defined here
arch/arm/kernel/perf_event_v7.c:214:9: warning: Initializer entry defined twice
arch/arm/kernel/perf_event_v7.c:221:10:   also defined here
arch/arm/kernel/perf_event_v7.c:244:9: warning: Initializer entry defined twice
arch/arm/kernel/perf_event_v7.c:245:10:   also defined here
arch/arm/kernel/perf_event_v7.c:256:9: warning: Initializer entry defined twice
arch/arm/kernel/perf_event_v7.c:258:10:   also defined here
arch/arm/kernel/perf_event_v7.c:290:9: warning: Initializer entry defined twice
arch/arm/kernel/perf_event_v7.c:291:10:   also defined here
arch/arm/kernel/perf_event_v7.c:303:9: warning: Initializer entry defined twice
arch/arm/kernel/perf_event_v7.c:305:10:   also defined here
arch/arm/kernel/perf_event_v7.c:339:9: warning: Initializer entry defined twice
arch/arm/kernel/perf_event_v7.c:340:10:   also defined here
arch/arm/kernel/perf_event_v7.c:352:9: warning: Initializer entry defined twice
arch/arm/kernel/perf_event_v7.c:359:10:   also defined here
arch/arm/kernel/perf_event_v7.c:388:9: warning: Initializer entry defined twice
arch/arm/kernel/perf_event_v7.c:389:10:   also defined here
arch/arm/kernel/perf_event_v7.c:401:9: warning: Initializer entry defined twice
arch/arm/kernel/perf_event_v7.c:403:10:   also defined here
arch/arm/kernel/perf_event_v7.c:438:9: warning: Initializer entry defined twice
arch/arm/kernel/perf_event_v7.c:439:10:   also defined here
arch/arm/kernel/perf_event_v7.c:447:9: warning: Initializer entry defined twice
arch/arm/kernel/perf_event_v7.c:448:10:   also defined here
arch/arm/kernel/perf_event_v7.c:457:9: warning: Initializer entry defined twice
arch/arm/kernel/perf_event_v7.c:464:10:   also defined here
arch/arm/mach-mvebu/system-controller.c:130:6: warning: symbol 'mvebu_armada375_smp_wa_init' was not declared. Should it be static?
arch/arm/kernel/psci_smp.c:59:12: warning: symbol 'psci_cpu_die' was not declared. Should it be static?
arch/arm/kernel/psci_smp.c:72:11: warning: symbol 'psci_cpu_kill' was not declared. Should it be static?
arch/arm/mach-mvebu/cpu-reset.c:25:5: warning: symbol 'mvebu_cpu_reset_deassert' was not declared. Should it be static?
arch/arm/mach-imx/clk-cpu.c:77:12: warning: symbol 'imx_clk_cpu' was not declared. Should it be static?
arch/arm/mach-mvebu/coherency.c:41:14: warning: symbol 'coherency_base' was not declared. Should it be static?
arch/arm/mach-mvebu/pmsu.c:146:16: warning: incorrect type in argument 1 (different address spaces)
arch/arm/mach-mvebu/pmsu.c:146:16:    expected void *<noident>
arch/arm/mach-mvebu/pmsu.c:146:16:    got void [noderef] <asn:2>*[assigned] sram_virt_base
arch/arm/mach-mvebu/pmsu.c:129:5: warning: symbol 'mvebu_setup_boot_addr_wa' was not declared. Should it be static?
arch/arm/mach-mvebu/pmsu.c:269:5: warning: symbol 'armada_370_xp_pmsu_idle_enter' was not declared. Should it be static?
arch/arm/mach-mvebu/pmsu.c:315:5: warning: symbol 'armada_38x_do_cpu_suspend' was not declared. Should it be static?
arch/arm/mach-mvebu/pmsu.c:342:6: warning: symbol 'mvebu_v7_pmsu_idle_exit' was not declared. Should it be static?
arch/arm/mach-mvebu/pmsu.c:535:5: warning: symbol 'mvebu_pmsu_dfs_request' was not declared. Should it be static?
arch/arm/mach-mvebu/pmsu.c:575:33: warning: symbol 'cpufreq_dt_pd' was not declared. Should it be static?
arch/arm/mach-mvebu/pmsu.c:626:40: warning: Using plain integer as NULL pointer
arch/arm/mach-mvebu/pm.c:125:9: warning: incorrect type in argument 2 (different address spaces)
arch/arm/mach-mvebu/pm.c:125:9:    expected void volatile [noderef] <asn:2>*addr
arch/arm/mach-mvebu/pm.c:125:9:    got unsigned int [usertype] *
arch/arm/mach-mvebu/pm.c:126:9: warning: incorrect type in argument 2 (different address spaces)
arch/arm/mach-mvebu/pm.c:126:9:    expected void volatile [noderef] <asn:2>*addr
arch/arm/mach-mvebu/pm.c:126:9:    got unsigned int [usertype] *
arch/arm/mach-mvebu/pm.c:134:9: warning: incorrect type in argument 2 (different address spaces)
arch/arm/mach-mvebu/pm.c:134:9:    expected void volatile [noderef] <asn:2>*addr
arch/arm/mach-mvebu/pm.c:134:9:    got unsigned int [usertype] *
arch/arm/mach-mvebu/pm.c:135:9: warning: incorrect type in argument 2 (different address spaces)
arch/arm/mach-mvebu/pm.c:135:9:    expected void volatile [noderef] <asn:2>*addr
arch/arm/mach-mvebu/pm.c:135:9:    got unsigned int [usertype] *
arch/arm/mach-mvebu/pm.c:141:9: warning: incorrect type in argument 2 (different address spaces)
arch/arm/mach-mvebu/pm.c:141:9:    expected void volatile [noderef] <asn:2>*addr
arch/arm/mach-mvebu/pm.c:141:9:    got unsigned int [usertype] *
arch/arm/mach-mvebu/pm.c:142:9: warning: incorrect type in argument 2 (different address spaces)
arch/arm/mach-mvebu/pm.c:142:9:    expected void volatile [noderef] <asn:2>*addr
arch/arm/mach-mvebu/pm.c:142:9:    got unsigned int [usertype] *
arch/arm/mach-mvebu/pm.c:151:9: warning: incorrect type in argument 2 (different address spaces)
arch/arm/mach-mvebu/pm.c:151:9:    expected void volatile [noderef] <asn:2>*addr
arch/arm/mach-mvebu/pm.c:151:9:    got unsigned int [usertype] *[assigned] store_addr
arch/arm/mach-mvebu/pm.c:180:5: warning: symbol 'mvebu_pm_init' was not declared. Should it be static?
arch/arm/mach-imx/cpuidle-imx5.c:33:12: warning: symbol 'imx5_cpuidle_init' was not declared. Should it be static?
arch/arm/mach-rockchip/pm.c:209:16: warning: incorrect type in argument 1 (different address spaces)
arch/arm/mach-rockchip/pm.c:209:16:    expected void *<noident>
arch/arm/mach-rockchip/pm.c:209:16:    got void [noderef] <asn:2>*static [toplevel] [assigned] rk3288_bootram_base
arch/arm/mach-imx/mmdc.c:66:5: warning: symbol 'imx_mmdc_get_ddr_type' was not declared. Should it be static?
arch/arm/mach-imx/platsmp.c:26:5: warning: symbol 'g_diag_reg' was not declared. Should it be static?
arch/arm/mach-rockchip/platsmp.c:67:43: warning: Using plain integer as NULL pointer
arch/arm/mach-rockchip/platsmp.c:58:22: warning: symbol 'rockchip_get_core_reset' was not declared. Should it be static?
arch/arm/mach-rockchip/platsmp.c:195:16: warning: incorrect type in argument 1 (different address spaces)
arch/arm/mach-rockchip/platsmp.c:195:16:    expected void *<noident>
arch/arm/mach-rockchip/platsmp.c:195:16:    got void [noderef] <asn:2>*static [toplevel] sram_base_addr
arch/arm/mach-imx/pm-imx6.c:476:17: warning: incorrect type in assignment (different address spaces)
arch/arm/mach-imx/pm-imx6.c:476:17:    expected struct imx6_cpu_pm_info *pm_info
arch/arm/mach-imx/pm-imx6.c:476:17:    got void [noderef] <asn:2>*static [toplevel] [assigned] suspend_ocram_base
arch/arm/mach-imx/pm-imx6.c:531:36: warning: incorrect type in argument 1 (different address spaces)
arch/arm/mach-imx/pm-imx6.c:531:36:    expected void *<noident>
arch/arm/mach-imx/pm-imx6.c:531:36:    got void [noderef] <asn:2>*
arch/arm/mach-imx/pm-imx6.c:539:18: warning: incorrect type in argument 1 (different address spaces)
arch/arm/mach-imx/pm-imx6.c:539:18:    expected void volatile [noderef] <asn:2>*addr
arch/arm/mach-imx/pm-imx6.c:539:18:    got void [noderef] <asn:2>**<noident>
arch/arm/mach-imx/pm-imx6.c:541:18: warning: incorrect type in argument 1 (different address spaces)
arch/arm/mach-imx/pm-imx6.c:541:18:    expected void volatile [noderef] <asn:2>*addr
arch/arm/mach-imx/pm-imx6.c:541:18:    got void [noderef] <asn:2>**<noident>
arch/arm/mach-imx/pm-imx6.c:543:18: warning: incorrect type in argument 1 (different address spaces)
arch/arm/mach-imx/pm-imx6.c:543:18:    expected void volatile [noderef] <asn:2>*addr
arch/arm/mach-imx/pm-imx6.c:543:18:    got void [noderef] <asn:2>**<noident>
arch/arm/mach-imx/pm-imx6.c:545:18: warning: incorrect type in argument 1 (different address spaces)
arch/arm/mach-imx/pm-imx6.c:545:18:    expected void volatile [noderef] <asn:2>*addr
arch/arm/mach-imx/pm-imx6.c:545:18:    got void [noderef] <asn:2>**<noident>
arch/arm/mach-prima2/rtciobrg.c:27:14: warning: symbol 'sirfsoc_rtciobrg_base' was not declared. Should it be static?
arch/arm/mach-prima2/rtciobrg.c:34:6: warning: symbol 'sirfsoc_rtc_iobrg_wait_sync' was not declared. Should it be static?
arch/arm/mach-prima2/rtciobrg.c:40:6: warning: symbol 'sirfsoc_rtc_iobrg_besyncing' was not declared. Should it be static?
arch/arm/mach-prima2/rtciobrg.c:52:5: warning: symbol '__sirfsoc_rtc_iobrg_readl' was not declared. Should it be static?
arch/arm/mach-prima2/rtciobrg.c:65:5: warning: symbol 'sirfsoc_rtc_iobrg_readl' was not declared. Should it be static?
arch/arm/mach-prima2/rtciobrg.c:79:6: warning: symbol 'sirfsoc_rtc_iobrg_pre_writel' was not declared. Should it be static?
arch/arm/mach-prima2/rtciobrg.c:89:6: warning: symbol 'sirfsoc_rtc_iobrg_writel' was not declared. Should it be static?
arch/arm/mach-prima2/pm.c:28:5: warning: symbol 'sirfsoc_pwrc_base' was not declared. Should it be static?
arch/arm/mach-prima2/pm.c:29:14: warning: symbol 'sirfsoc_memc_base' was not declared. Should it be static?
arch/arm/mach-prima2/pm.c:147:12: warning: symbol 'sirfsoc_pm_init' was not declared. Should it be static?
arch/arm/mach-imx/devices/devices.c:25:15: warning: symbol 'mxc_aips_bus' was not declared. Should it be static?
arch/arm/mach-imx/devices/devices.c:29:15: warning: symbol 'mxc_ahb_bus' was not declared. Should it be static?
arch/arm/mach-imx/devices/devices.c:33:12: warning: symbol 'mxc_device_init' was not declared. Should it be static?
arch/arm/mach-prima2/hotplug.c:35:12: warning: symbol 'sirfsoc_cpu_die' was not declared. Should it be static?
arch/arm/mach-imx/devices/platform-gpio-mxc.c:11:24: warning: symbol 'mxc_register_gpio' was not declared. Should it be static?
arch/arm/mach-tegra/irq.c:73:6: warning: symbol 'tegra_pending_sgi' was not declared. Should it be static?
arch/arm/mach-tegra/irq.c:213:5: warning: symbol 'tegra_legacy_irq_syscore_init' was not declared. Should it be static?
arch/arm/mach-tegra/pm.c:124:27: warning: incorrect type in initializer (different address spaces)
arch/arm/mach-tegra/pm.c:124:27:    expected unsigned int [usertype] *cpu_in_lp2
arch/arm/mach-tegra/pm.c:124:27:    got void [noderef] <asn:2>*
arch/arm/mach-tegra/pm.c:138:35: warning: incorrect type in initializer (different address spaces)
arch/arm/mach-tegra/pm.c:138:35:    expected struct cpumask [usertype] *cpu_lp2_mask
arch/arm/mach-tegra/pm.c:138:35:    got void [noderef] <asn:2>*
arch/arm/mach-tegra/pm.c:139:27: warning: incorrect type in initializer (different address spaces)
arch/arm/mach-tegra/pm.c:139:27:    expected unsigned int [usertype] *cpu_in_lp2
arch/arm/mach-tegra/pm.c:139:27:    got void [noderef] <asn:2>*
arch/arm/mach-tegra/pm.c:155:5: warning: symbol 'tegra_cpu_do_idle' was not declared. Should it be static?
arch/arm/mach-tegra/pm.c:293:32: warning: incorrect type in argument 2 (different address spaces)
arch/arm/mach-tegra/pm.c:293:32:    expected void const *<noident>
arch/arm/mach-tegra/pm.c:293:32:    got void [noderef] <asn:2>*
arch/arm/mach-tegra/pm.c:295:16: warning: incorrect type in argument 1 (different address spaces)
arch/arm/mach-tegra/pm.c:295:16:    expected void *<noident>
arch/arm/mach-tegra/pm.c:295:16:    got void [noderef] <asn:2>*
arch/arm/mach-tegra/pm.c:298:12: warning: cast removes address space of expression
arch/arm/mach-tegra/pm.c:304:16: warning: incorrect type in argument 1 (different address spaces)
arch/arm/mach-tegra/pm.c:304:16:    expected void *<noident>
arch/arm/mach-tegra/pm.c:304:16:    got void [noderef] <asn:2>*
arch/arm/mach-tegra/pm.c:307:11: warning: cast removes address space of expression
arch/arm/mach-vexpress/hotplug.c:88:12: warning: symbol 'vexpress_cpu_die' was not declared. Should it be static?
arch/arm/mach-ux500/cpu-db8500.c:131:31: warning: incorrect type in argument 1 (different address spaces)
arch/arm/mach-ux500/cpu-db8500.c:131:31:    expected void const *<noident>
arch/arm/mach-ux500/cpu-db8500.c:131:31:    got void [noderef] <asn:2>*uid
arch/arm/mach-ux500/cpu-db8500.c:133:26: warning: cast removes address space of expression
arch/arm/mach-ux500/cpu-db8500.c:133:26: warning: incorrect type in argument 1 (different address spaces)
arch/arm/mach-ux500/cpu-db8500.c:133:26:    expected void const volatile [noderef] <asn:2>*addr
arch/arm/mach-ux500/cpu-db8500.c:133:26:    got unsigned int [usertype] *
arch/arm/mach-ux500/cpu-db8500.c:134:26: warning: cast removes address space of expression
arch/arm/mach-ux500/cpu-db8500.c:134:26: warning: incorrect type in argument 1 (different address spaces)
arch/arm/mach-ux500/cpu-db8500.c:134:26:    expected void const volatile [noderef] <asn:2>*addr
arch/arm/mach-ux500/cpu-db8500.c:134:26:    got unsigned int [usertype] *
arch/arm/mach-ux500/cpu-db8500.c:134:47: warning: cast removes address space of expression
arch/arm/mach-ux500/cpu-db8500.c:134:47: warning: incorrect type in argument 1 (different address spaces)
arch/arm/mach-ux500/cpu-db8500.c:134:47:    expected void const volatile [noderef] <asn:2>*addr
arch/arm/mach-ux500/cpu-db8500.c:134:47:    got unsigned int [usertype] *
arch/arm/mach-ux500/cpu-db8500.c:135:26: warning: cast removes address space of expression
arch/arm/mach-ux500/cpu-db8500.c:135:26: warning: incorrect type in argument 1 (different address spaces)
arch/arm/mach-ux500/cpu-db8500.c:135:26:    expected void const volatile [noderef] <asn:2>*addr
arch/arm/mach-ux500/cpu-db8500.c:135:26:    got unsigned int [usertype] *
arch/arm/mach-ux500/cpu-db8500.c:135:47: warning: cast removes address space of expression
arch/arm/mach-ux500/cpu-db8500.c:135:47: warning: incorrect type in argument 1 (different address spaces)
arch/arm/mach-ux500/cpu-db8500.c:135:47:    expected void const volatile [noderef] <asn:2>*addr
arch/arm/mach-ux500/cpu-db8500.c:135:47:    got unsigned int [usertype] *
arch/arm/mach-tegra/reset.c:71:9: error: subtraction of functions? Share your drugs
arch/arm/mach-tegra/reset.c:74:25: error: subtraction of functions? Share your drugs
arch/arm/mach-tegra/tegra.c:65:5: warning: symbol 'tegra_uart_config' was not declared. Should it be static?
arch/arm/mach-omap2/omap4-restart.c:22:6: warning: symbol 'omap44xx_restart' was not declared. Should it be static?
arch/arm/mach-omap2/omap3-restart.c:30:6: warning: symbol 'omap3xxx_restart' was not declared. Should it be static?
arch/arm/mach-tegra/cpuidle.c:51:6: warning: symbol 'tegra_cpuidle_pcie_irqs_in_use' was not declared. Should it be static?
arch/arm/mach-tegra/cpuidle-tegra20.c:218:6: warning: symbol 'tegra20_cpuidle_pcie_irqs_in_use' was not declared. Should it be static?
arch/arm/mach-tegra/cpuidle-tegra20.c:225:12: warning: symbol 'tegra20_cpuidle_init' was not declared. Should it be static?
arch/arm/mach-tegra/cpuidle-tegra30.c:145:12: warning: symbol 'tegra30_cpuidle_init' was not declared. Should it be static?
arch/arm/plat-omap/sram.c:60:17: warning: cast removes address space of expression
arch/arm/mach-spear/hotplug.c:83:12: warning: symbol 'spear13xx_cpu_die' was not declared. Should it be static?
arch/arm/mach-tegra/hotplug.c:24:5: warning: symbol 'tegra_cpu_kill' was not declared. Should it be static?
arch/arm/mach-tegra/hotplug.c:40:12: warning: symbol 'tegra_cpu_die' was not declared. Should it be static?
arch/arm/mach-tegra/cpuidle-tegra114.c:85:12: warning: symbol 'tegra114_cpuidle_init' was not declared. Should it be static?
arch/arm/mach-omap2/omap-mpuss-lowpower.c:108:19: warning: symbol 'omap_pm_ops' was not declared. Should it be static?
arch/arm/plat-samsung/cpu.c:47:13: warning: symbol 's5p_init_cpu' was not declared. Should it be static?
arch/arm/plat-samsung/s5p-dev-mfc.c:63:12: warning: symbol 's5p_fdt_alloc_mfc_mem' was not declared. Should it be static?
arch/arm/plat-versatile/platsmp.c:35:6: warning: symbol 'versatile_secondary_init' was not declared. Should it be static?
arch/arm/plat-versatile/platsmp.c:50:5: warning: symbol 'versatile_boot_secondary' was not declared. Should it be static?
kernel/fork.c:96:5: warning: symbol 'max_threads' was not declared. Should it be static?
kernel/fork.c:121:13: warning: symbol 'arch_release_task_struct' was not declared. Should it be static?
kernel/fork.c:139:13: warning: symbol 'arch_release_thread_info' was not declared. Should it be static?
kernel/fork.c:254:20: warning: symbol 'arch_task_cache_init' was not declared. Should it be static?
kernel/fork.c:256:13: warning: symbol 'fork_init' was not declared. Should it be static?
kernel/fork.c:290:12: warning: symbol 'arch_dup_task_struct' was not declared. Should it be static?
kernel/fork.c:1168:41: warning: implicit cast to nocast type
kernel/fork.c:1169:41: warning: implicit cast to nocast type
kernel/fork.c:1296:42: warning: implicit cast to nocast type
kernel/fork.c:1297:43: warning: implicit cast to nocast type
kernel/fork.c:1299:57: warning: implicit cast to nocast type
mm/filemap.c:2087:35: warning: symbol 'generic_file_vm_ops' was not declared. Should it be static?
fs/open.c:883:18: warning: restricted fmode_t degrades to integer
ipc/util.c:152:29: warning: context imbalance in 'ipc_findkey' - wrong count at exit
ipc/util.c:220:5: warning: context imbalance in 'ipc_addid' - different lock contexts for basic block
include/linux/spinlock_api_smp.h:153:27: warning: context imbalance in 'ipcget_public' - unexpected unlock
ipc/util.c:582:22: warning: context imbalance in 'ipc_lock' - different lock contexts for basic block
ipc/util.c:746:29: warning: context imbalance in 'sysvipc_find_ipc' - different lock contexts for basic block
include/linux/spinlock_api_smp.h:153:27: warning: context imbalance in 'sysvipc_proc_next' - unexpected unlock
include/linux/spinlock_api_smp.h:153:27: warning: context imbalance in 'sysvipc_proc_stop' - unexpected unlock
include/linux/rcupdate.h:947:9: warning: context imbalance in 'find_lock_task_mm' - wrong count at exit
mm/oom_kill.c:164:28: warning: context imbalance in 'oom_badness' - unexpected unlock
mm/oom_kill.c:356:9: warning: context imbalance in 'dump_tasks' - different lock contexts for basic block
include/linux/rcupdate.h:947:9: warning: context imbalance in 'oom_kill_process' - unexpected unlock
ipc/msgutil.c:57:16: error: incompatible types in comparison expression (different type sizes)
ipc/msgutil.c:69:24: error: incompatible types in comparison expression (different type sizes)
ipc/msgutil.c:97:16: error: incompatible types in comparison expression (different type sizes)
ipc/msgutil.c:104:24: error: incompatible types in comparison expression (different type sizes)
ipc/msgutil.c:158:16: error: incompatible types in comparison expression (different type sizes)
ipc/msgutil.c:165:24: error: incompatible types in comparison expression (different type sizes)
ipc/msg.c:147:9: warning: context imbalance in 'newque' - unexpected unlock
ipc/msg.c:212:13: warning: context imbalance in 'freeque' - unexpected unlock
ipc/msg.c:408:9: warning: context imbalance in 'msgctl_down' - different lock contexts for basic block
fs/read_write.c:42:29: warning: incorrect type in return expression (different base types)
fs/read_write.c:42:29:    expected int
fs/read_write.c:42:29:    got restricted fmode_t
fs/read_write.c:42:29: warning: incorrect type in return expression (different base types)
fs/read_write.c:42:29:    expected int
fs/read_write.c:42:29:    got restricted fmode_t
fs/read_write.c:42:29: warning: incorrect type in return expression (different base types)
fs/read_write.c:42:29:    expected int
fs/read_write.c:42:29:    got restricted fmode_t
fs/read_write.c:42:29: warning: incorrect type in return expression (different base types)
fs/read_write.c:42:29:    expected int
fs/read_write.c:42:29:    got restricted fmode_t
ipc/sem.c:537:9: warning: context imbalance in 'newary' - unexpected unlock
ipc/sem.c:1120:17: warning: context imbalance in 'freeary' - unexpected unlock
ipc/sem.c:1573:9: warning: context imbalance in 'semctl_down' - different lock contexts for basic block
ipc/sem.c:1678:24: warning: context imbalance in 'find_alloc_undo' - wrong count at exit
include/linux/rcupdate.h:947:9: warning: context imbalance in 'SyS_semtimedop' - unexpected unlock
mm/page_alloc.c:5522:1: error: directive in argument list
mm/page_alloc.c:5524:1: error: directive in argument list
mm/page_alloc.c:5531:1: error: directive in argument list
mm/page_alloc.c:5533:1: error: directive in argument list
ipc/shm.c:494:31: warning: implicit cast to nocast type
ipc/shm.c:535:36: warning: implicit cast to nocast type
ipc/shm.c:546:36: warning: implicit cast to nocast type
ipc/shm.c:95:17: warning: context imbalance in 'do_shm_rmid' - unexpected unlock
ipc/shm.c:195:9: warning: context imbalance in 'shm_open' - unexpected unlock
ipc/shm.c:210:13: warning: context imbalance in 'shm_destroy' - unexpected unlock
include/linux/spinlock_api_smp.h:153:27: warning: context imbalance in 'shm_close' - unexpected unlock
ipc/shm.c:273:12: warning: context imbalance in 'shm_try_destroy_orphaned' - different lock contexts for basic block
ipc/shm.c:336:9: warning: context imbalance in 'exit_shm' - different lock contexts for basic block
./arch/arm/include/asm/thread_info.h:100:9: warning: context imbalance in 'newseg' - unexpected unlock
ipc/shm.c:828:9: warning: context imbalance in 'shmctl_down' - different lock contexts for basic block
include/linux/spinlock_api_smp.h:153:27: warning: context imbalance in 'do_shmat' - unexpected unlock
kernel/panic.c:57:13: warning: symbol 'panic_smp_self_stop' was not declared. Should it be static?
kernel/panic.c:71:6: error: symbol 'panic' redeclared with different type (originally declared at include/linux/kernel.h:243) - different modifiers
kernel/cpu.c:284:9: warning: context imbalance in 'clear_tasks_mm_cpumask' - different lock contexts for basic block
kernel/exit.c:126:28: warning: incorrect type in argument 2 (different modifiers)
kernel/exit.c:126:28:    expected unsigned long [nocast] [usertype] *utime
kernel/exit.c:126:28:    got unsigned long *<noident>
kernel/exit.c:126:28: warning: implicit cast to nocast type
kernel/exit.c:126:36: warning: incorrect type in argument 3 (different modifiers)
kernel/exit.c:126:36:    expected unsigned long [nocast] [usertype] *stime
kernel/exit.c:126:36:    got unsigned long *<noident>
kernel/exit.c:126:36: warning: implicit cast to nocast type
kernel/exit.c:653:6: error: symbol 'do_exit' redeclared with different type (originally declared at include/linux/kernel.h:249) - different modifiers
kernel/exit.c:834:6: error: symbol 'complete_and_exit' redeclared with different type (originally declared at include/linux/kernel.h:251) - different modifiers
fs/exec.c:415:31: warning: incorrect type in return expression (different address spaces)
fs/exec.c:415:31:    expected char const [noderef] <asn:1>*
fs/exec.c:415:31:    got void *
mm/swap.c:425:55: warning: context imbalance in 'pagevec_lru_move_fn' - unexpected unlock
mm/swap.c:913:55: warning: context imbalance in 'release_pages' - unexpected unlock
include/linux/rcupdate.h:947:9: warning: context imbalance in 'unlazy_walk' - unexpected unlock
include/linux/rcupdate.h:947:9: warning: context imbalance in 'complete_walk' - unexpected unlock
include/linux/rcupdate.h:947:9: warning: context imbalance in 'follow_dotdot_rcu' - unexpected unlock
include/linux/rcupdate.h:947:9: warning: context imbalance in 'terminate_walk' - unexpected unlock
fs/namei.c:1854:12: warning: context imbalance in 'path_init' - different lock contexts for basic block
security/keys/keyring.c:1071:5: warning: context imbalance in '__key_link_begin' - wrong count at exit
security/keys/keyring.c:1189:9: warning: context imbalance in '__key_link_end' - wrong count at exit
security/keys/keyring.c:1235:9: warning: context imbalance in 'key_link' - different lock contexts for basic block
kernel/softirq.c:748:36: warning: incorrect type in initializer (different address spaces)
kernel/softirq.c:748:36:    expected struct task_struct [noderef] <asn:3>**store
kernel/softirq.c:748:36:    got struct task_struct *[noderef] [toplevel] <asn:3>*<noident>
mm/vmscan.c:3850:48: warning: context imbalance in 'check_move_unevictable_pages' - unexpected unlock
fs/dcache.c:313:9: warning: context imbalance in 'dentry_iput' - different lock contexts for basic block
fs/dcache.c:508:28: warning: context imbalance in '__dentry_kill' - unexpected unlock
fs/dcache.c:535:22: warning: context imbalance in 'dentry_kill' - wrong count at exit
fs/dcache.c:759:9: warning: context imbalance in 'dput' - unexpected unlock
fs/dcache.c:886:18: warning: context imbalance in 'd_prune_aliases' - different lock contexts for basic block
fs/dcache.c:929:44: warning: context imbalance in 'shrink_dentry_list' - unexpected unlock
fs/dcache.c:1066:24: warning: context imbalance in 'dentry_lru_isolate_shrink' - different lock contexts for basic block
fs/dcache.c:1226:22: warning: context imbalance in 'd_walk' - different lock contexts for basic block
fs/dcache.c:1726:31: warning: context imbalance in 'd_instantiate' - different lock contexts for basic block
fs/dcache.c:1793:9: warning: context imbalance in 'd_instantiate_unique' - different lock contexts for basic block
fs/dcache.c:2494:9: warning: context imbalance in 'dentry_lock_for_move' - wrong count at exit
fs/dcache.c:2506:28: warning: context imbalance in 'dentry_unlock_for_move' - unexpected unlock
fs/dcache.c:2685:20: warning: context imbalance in '__d_unalias' - unexpected unlock
fs/dcache.c:2756:25: warning: context imbalance in 'd_splice_alias' - different lock contexts for basic block
fs/dcache.c:2919:9: warning: context imbalance in 'prepend_path' - wrong count at exit
include/linux/err.h:23:20: warning: context imbalance in '__dentry_path' - different lock contexts for basic block
fs/inode.c:710:17: warning: context imbalance in 'inode_lru_isolate' - unexpected unlock
fs/inode.c:766:9: warning: context imbalance in 'find_inode' - different lock contexts for basic block
fs/inode.c:793:9: warning: context imbalance in 'find_inode_fast' - different lock contexts for basic block
fs/inode.c:1323:5: warning: context imbalance in 'insert_inode_locked' - wrong count at exit
fs/inode.c:1365:5: warning: context imbalance in 'insert_inode_locked4' - wrong count at exit
fs/inode.c:1457:20: warning: context imbalance in 'iput_final' - unexpected unlock
fs/inode.c:1471:6: warning: context imbalance in 'iput' - wrong count at exit
fs/inode.c:1772:13: warning: context imbalance in '__wait_on_freeing_inode' - unexpected unlock
crypto/cipher.c:70:24: warning: Variable length array is used.
kernel/ptrace.c:991:9: warning: context imbalance in 'ptrace_request' - different lock contexts for basic block
kernel/user.c:77:19: warning: symbol 'uidhash_table' was not declared. Should it be static?
fs/file.c:27:5: warning: symbol 'sysctl_nr_open_min' was not declared. Should it be static?
fs/file.c:30:5: warning: symbol 'sysctl_nr_open_max' was not declared. Should it be static?
fs/file.c:430:21: warning: symbol 'init_files' was not declared. Should it be static?
mm/mm_init.c:153:5: warning: symbol 'vm_committed_as_batch' was not declared. Should it be static?
mm/percpu.c:1943:12: warning: symbol 'pcpu_embed_first_chunk' was not declared. Should it be static?
fs/namespace.c:1572:22: warning: symbol 'to_mnt_ns' was not declared. Should it be static?
kernel/signal.c:1667:28: warning: incorrect type in argument 2 (different modifiers)
kernel/signal.c:1667:28:    expected unsigned long [nocast] [usertype] *utime
kernel/signal.c:1667:28:    got unsigned long *<noident>
kernel/signal.c:1667:28: warning: implicit cast to nocast type
kernel/signal.c:1667:36: warning: incorrect type in argument 3 (different modifiers)
kernel/signal.c:1667:36:    expected unsigned long [nocast] [usertype] *stime
kernel/signal.c:1667:36:    got unsigned long *<noident>
kernel/signal.c:1667:36: warning: implicit cast to nocast type
kernel/signal.c:1752:28: warning: incorrect type in argument 2 (different modifiers)
kernel/signal.c:1752:28:    expected unsigned long [nocast] [usertype] *utime
kernel/signal.c:1752:28:    got unsigned long *<noident>
kernel/signal.c:1752:28: warning: implicit cast to nocast type
kernel/signal.c:1752:36: warning: incorrect type in argument 3 (different modifiers)
kernel/signal.c:1752:36:    expected unsigned long [nocast] [usertype] *stime
kernel/signal.c:1752:36:    got unsigned long *<noident>
kernel/signal.c:1752:36: warning: implicit cast to nocast type
kernel/signal.c:1260:23: warning: context imbalance in '__lock_task_sighand' - different lock contexts for basic block
kernel/signal.c:1997:13: warning: context imbalance in 'do_signal_stop' - different lock contexts for basic block
kernel/signal.c:2246:25: warning: context imbalance in 'get_signal' - unexpected unlock
kernel/sys.c:878:49: warning: incorrect type in argument 2 (different modifiers)
kernel/sys.c:878:49:    expected unsigned long [nocast] [usertype] *ut
kernel/sys.c:878:49:    got unsigned long *<noident>
kernel/sys.c:878:49: warning: implicit cast to nocast type
kernel/sys.c:878:59: warning: incorrect type in argument 3 (different modifiers)
kernel/sys.c:878:59:    expected unsigned long [nocast] [usertype] *st
kernel/sys.c:878:59:    got unsigned long *<noident>
kernel/sys.c:878:59: warning: implicit cast to nocast type
kernel/sys.c:1541:25: warning: implicit cast to nocast type
kernel/sys.c:1544:49: warning: incorrect type in argument 2 (different modifiers)
kernel/sys.c:1544:49:    expected unsigned long [nocast] [usertype] *ut
kernel/sys.c:1544:49:    got unsigned long *<noident>
kernel/sys.c:1544:49: warning: implicit cast to nocast type
kernel/sys.c:1544:57: warning: incorrect type in argument 3 (different modifiers)
kernel/sys.c:1544:57:    expected unsigned long [nocast] [usertype] *st
kernel/sys.c:1544:57:    got unsigned long *<noident>
kernel/sys.c:1544:57: warning: implicit cast to nocast type
kernel/sys.c:1570:51: warning: incorrect type in argument 2 (different modifiers)
kernel/sys.c:1570:51:    expected unsigned long [nocast] [usertype] *ut
kernel/sys.c:1570:51:    got unsigned long *<noident>
kernel/sys.c:1570:51: warning: implicit cast to nocast type
kernel/sys.c:1570:61: warning: incorrect type in argument 3 (different modifiers)
kernel/sys.c:1570:61:    expected unsigned long [nocast] [usertype] *st
kernel/sys.c:1570:61:    got unsigned long *<noident>
kernel/sys.c:1570:61: warning: implicit cast to nocast type
mm/compaction.c:1470:37: warning: incorrect type in initializer (different base types)
mm/compaction.c:1470:37:    expected int [signed] may_enter_fs
mm/compaction.c:1470:37:    got restricted gfp_t
mm/compaction.c:1471:39: warning: incorrect type in initializer (different base types)
mm/compaction.c:1471:39:    expected int [signed] may_perform_io
mm/compaction.c:1471:39:    got restricted gfp_t
mm/compaction.c:316:13: warning: context imbalance in 'compact_trylock_irqsave' - wrong count at exit
include/linux/spinlock.h:372:9: warning: context imbalance in 'compact_unlock_should_abort' - unexpected unlock
mm/compaction.c:530:39: warning: context imbalance in 'isolate_freepages_block' - unexpected unlock
mm/compaction.c:828:39: warning: context imbalance in 'isolate_migratepages_block' - unexpected unlock
fs/libfs.c:846:16: error: incompatible types in comparison expression (different type sizes)
fs/fs-writeback.c:1136:9: warning: context imbalance in 'block_dump___mark_inode_dirty' - different lock contexts for basic block
arch/arm/mach-omap2/omap_hwmod_43xx_data.c:468:32: warning: symbol 'am43xx_dss_dispc_dev_attr' was not declared. Should it be static?
kernel/workqueue.c:4380:61: warning: expression using sizeof bool
crypto/shash.c:82:40: warning: Variable length array is used.
crypto/shash.c:118:40: warning: Variable length array is used.
arch/arm/mach-omap2/omap_hwmod_81xx_data.c:489:26: warning: symbol 'dm81xx_alwon_l3_slow__gpmc' was not declared. Should it be static?
arch/arm/mach-omap2/omap_hwmod_81xx_data.c:730:19: warning: symbol 'dm816x_emac0_mdio_hwmod' was not declared. Should it be static?
arch/arm/mach-omap2/omap_hwmod_81xx_data.c:748:26: warning: symbol 'dm816x_emac0__mdio' was not declared. Should it be static?
arch/arm/mach-omap2/omap_hwmod_81xx_data.c:903:19: warning: symbol 'dm816x_tpcc_hwmod' was not declared. Should it be static?
arch/arm/mach-omap2/omap_hwmod_81xx_data.c:916:26: warning: symbol 'dm816x_alwon_l3_fast__tpcc' was not declared. Should it be static?
arch/arm/mach-omap2/omap_hwmod_81xx_data.c:936:19: warning: symbol 'dm816x_tptc0_hwmod' was not declared. Should it be static?
arch/arm/mach-omap2/omap_hwmod_81xx_data.c:949:26: warning: symbol 'dm816x_alwon_l3_fast__tptc0' was not declared. Should it be static?
arch/arm/mach-omap2/omap_hwmod_81xx_data.c:957:26: warning: symbol 'dm816x_tptc0__alwon_l3_fast' was not declared. Should it be static?
arch/arm/mach-omap2/omap_hwmod_81xx_data.c:978:19: warning: symbol 'dm816x_tptc1_hwmod' was not declared. Should it be static?
arch/arm/mach-omap2/omap_hwmod_81xx_data.c:991:26: warning: symbol 'dm816x_alwon_l3_fast__tptc1' was not declared. Should it be static?
arch/arm/mach-omap2/omap_hwmod_81xx_data.c:999:26: warning: symbol 'dm816x_tptc1__alwon_l3_fast' was not declared. Should it be static?
arch/arm/mach-omap2/omap_hwmod_81xx_data.c:1020:19: warning: symbol 'dm816x_tptc2_hwmod' was not declared. Should it be static?
arch/arm/mach-omap2/omap_hwmod_81xx_data.c:1033:26: warning: symbol 'dm816x_alwon_l3_fast__tptc2' was not declared. Should it be static?
arch/arm/mach-omap2/omap_hwmod_81xx_data.c:1041:26: warning: symbol 'dm816x_tptc2__alwon_l3_fast' was not declared. Should it be static?
arch/arm/mach-omap2/omap_hwmod_81xx_data.c:1062:19: warning: symbol 'dm816x_tptc3_hwmod' was not declared. Should it be static?
arch/arm/mach-omap2/omap_hwmod_81xx_data.c:1075:26: warning: symbol 'dm816x_alwon_l3_fast__tptc3' was not declared. Should it be static?
arch/arm/mach-omap2/omap_hwmod_81xx_data.c:1083:26: warning: symbol 'dm816x_tptc3__alwon_l3_fast' was not declared. Should it be static?
include/linux/spinlock_api_smp.h:153:27: warning: context imbalance in 'shadow_lru_isolate' - unexpected unlock
kernel/pid.c:48:5: warning: symbol 'pid_max' was not declared. Should it be static?
kernel/pid.c:52:5: warning: symbol 'pid_max_min' was not declared. Should it be static?
kernel/pid.c:53:5: warning: symbol 'pid_max_max' was not declared. Should it be static?
mm/gup.c:555:53: warning: implicit cast to nocast type
mm/highmem.c:101:16: warning: Initializer entry defined twice
mm/highmem.c:101:16:   also defined here
kernel/extable.c:40:26: warning: symbol 'main_extable_sort_needed' was not declared. Should it be static?
mm/memory.c:118:15: warning: symbol 'zero_pfn' was not declared. Should it be static?
mm/memory.c:904:17: warning: context imbalance in 'copy_pte_range' - different lock contexts for basic block
mm/memory.c:1428:32: warning: context imbalance in '__get_locked_pte' - different lock contexts for basic block
mm/memory.c:1631:17: warning: context imbalance in 'remap_pte_range' - different lock contexts for basic block
mm/memory.c:1829:17: warning: context imbalance in 'apply_to_pte_range' - unexpected unlock
fs/fs_struct.c:161:18: warning: symbol 'init_fs' was not declared. Should it be static?
mm/memory.c:3370:12: warning: context imbalance in '__follow_pte' - different lock contexts for basic block
fs/fs_pin.c:46:17: warning: context imbalance in 'pin_kill' - unexpected unlock
include/linux/rcupdate.h:248:9: warning: context imbalance in 'mnt_pin_kill' - different lock contexts for basic block
include/linux/rcupdate.h:248:9: warning: context imbalance in 'group_pin_kill' - different lock contexts for basic block
fs/nsfs.c:32:32: warning: symbol 'ns_dentry_operations' was not declared. Should it be static?
arch/arm/mach-omap2/pdata-quirks.c:35:23: warning: symbol 'omap_auxdata_lookup' was not declared. Should it be static?
arch/arm/mach-omap2/pdata-quirks.c:140:24: warning: symbol 'wilink_pdata' was not declared. Should it be static?
fs/buffer.c:1073:20: warning: symbol '__getblk_slow' was not declared. Should it be static?
fs/buffer.c:2964:6: warning: symbol 'guard_bio_eod' was not declared. Should it be static?
mm/mlock.c:640:37: warning: implicit cast to nocast type
mm/mlock.c:788:37: warning: implicit cast to nocast type
include/linux/mm.h:1439:21: warning: context imbalance in '__munlock_pagevec_fill' - different lock contexts for basic block
mm/mmap.c:1334:47: warning: implicit cast to nocast type
mm/mmap.c:1336:45: warning: implicit cast to nocast type
mm/mmap.c:1345:45: warning: implicit cast to nocast type
mm/mmap.c:1366:47: warning: implicit cast to nocast type
mm/mmap.c:1386:37: warning: implicit cast to nocast type
mm/mmap.c:1390:37: warning: implicit cast to nocast type
mm/mmap.c:1434:33: warning: implicit cast to nocast type
mm/mmap.c:1570:29: warning: implicit cast to nocast type
mm/mmap.c:846:9: warning: context imbalance in 'vma_adjust' - different lock contexts for basic block
mm/mprotect.c:39:14: warning: context imbalance in 'lock_pte_protection' - different lock contexts for basic block
mm/mprotect.c:126:9: warning: context imbalance in 'change_pte_range' - unexpected unlock
block/blk-core.c:476:6: warning: symbol 'blk_set_queue_dying' was not declared. Should it be static?
block/blk-core.c:1037:24: warning: context imbalance in '__get_request' - unexpected unlock
block/blk-core.c:1175:23: warning: context imbalance in 'blk_old_get_request' - different lock contexts for basic block
block/blk-core.c:1566:6: warning: context imbalance in 'blk_queue_bio' - different lock contexts for basic block
block/blk-core.c:3175:17: warning: context imbalance in 'blk_flush_plug_list' - unexpected unlock
mm/mremap.c:152:9: warning: context imbalance in 'move_ptes' - different lock contexts for basic block
fs/direct-io.c:1109:36: warning: Using plain integer as NULL pointer
fs/direct-io.c:161:58: warning: cast truncates bits from constant value (7fffffffffffffff becomes ffffffff)
drivers/ata/libata-scsi.c:1895:9: warning: context imbalance in 'ata_scsi_rbuf_get' - wrong count at exit
drivers/ata/libata-scsi.c:1916:31: warning: context imbalance in 'ata_scsi_rbuf_fill' - unexpected unlock
drivers/ata/libata-scsi.c:1914:48: warning: context imbalance in 'atapi_qc_complete' - unexpected unlock
mm/rmap.c:651:23: warning: Using plain integer as NULL pointer
mm/rmap.c:1355:6: warning: symbol 'is_vma_temporary_stack' was not declared. Should it be static?
mm/rmap.c:642:7: warning: context imbalance in '__page_check_address' - wrong count at exit
block/blk-flush.c:266:9: warning: context imbalance in 'flush_end_io' - different lock contexts for basic block
kernel/smpboot.c:169:36: warning: incorrect type in initializer (different address spaces)
kernel/smpboot.c:169:36:    expected void const [noderef] <asn:3>*__vpp_verify
kernel/smpboot.c:169:36:    got struct task_struct [noderef] <asn:3>**<noident>
kernel/smpboot.c:169:35: warning: incorrect type in initializer (different address spaces)
kernel/smpboot.c:169:35:    expected struct task_struct *tsk
kernel/smpboot.c:169:35:    got struct task_struct [noderef] <asn:3>*<noident>
kernel/smpboot.c:188:10: warning: incorrect type in initializer (different address spaces)
kernel/smpboot.c:188:10:    expected void const [noderef] <asn:3>*__vpp_verify
kernel/smpboot.c:188:10:    got struct task_struct [noderef] <asn:3>**<noident>
kernel/smpboot.c:188:38: warning: incorrect type in assignment (different address spaces)
kernel/smpboot.c:188:38:    expected struct task_struct [noderef] <asn:3>*<noident>
kernel/smpboot.c:188:38:    got struct task_struct *[assigned] tsk
kernel/smpboot.c:221:36: warning: incorrect type in initializer (different address spaces)
kernel/smpboot.c:221:36:    expected void const [noderef] <asn:3>*__vpp_verify
kernel/smpboot.c:221:36:    got struct task_struct [noderef] <asn:3>**<noident>
kernel/smpboot.c:221:35: warning: incorrect type in initializer (different address spaces)
kernel/smpboot.c:221:35:    expected struct task_struct *tsk
kernel/smpboot.c:221:35:    got struct task_struct [noderef] <asn:3>*<noident>
kernel/smpboot.c:240:36: warning: incorrect type in initializer (different address spaces)
kernel/smpboot.c:240:36:    expected void const [noderef] <asn:3>*__vpp_verify
kernel/smpboot.c:240:36:    got struct task_struct [noderef] <asn:3>**<noident>
kernel/smpboot.c:240:35: warning: incorrect type in initializer (different address spaces)
kernel/smpboot.c:240:35:    expected struct task_struct *tsk
kernel/smpboot.c:240:35:    got struct task_struct [noderef] <asn:3>*<noident>
kernel/smpboot.c:262:44: warning: incorrect type in initializer (different address spaces)
kernel/smpboot.c:262:44:    expected void const [noderef] <asn:3>*__vpp_verify
kernel/smpboot.c:262:44:    got struct task_struct [noderef] <asn:3>**<noident>
kernel/smpboot.c:262:43: warning: incorrect type in initializer (different address spaces)
kernel/smpboot.c:262:43:    expected struct task_struct *tsk
kernel/smpboot.c:262:43:    got struct task_struct [noderef] <asn:3>*<noident>
kernel/smpboot.c:267:26: warning: incorrect type in initializer (different address spaces)
kernel/smpboot.c:267:26:    expected void const [noderef] <asn:3>*__vpp_verify
kernel/smpboot.c:267:26:    got struct task_struct [noderef] <asn:3>**<noident>
kernel/bpf/core.c:430:43: error: arithmetics on pointers to functions
mm/vmalloc.c:580:6: warning: symbol 'set_iounmap_nonlazy' was not declared. Should it be static?
kernel/events/core.c:320:26: warning: function 'perf_pmu_name' with external linkage has definition
kernel/events/core.c:194:6: warning: symbol 'update_perf_cpu_limits' was not declared. Should it be static?
kernel/events/core.c:735:1: warning: symbol 'perf_cgroup_switch' was not declared. Should it be static?
kernel/events/core.c:807:26: warning: incorrect type in initializer (different address spaces)
kernel/events/core.c:807:26:    expected void const [noderef] <asn:3>*__vpp_verify
kernel/events/core.c:807:26:    got struct perf_cpu_context *<noident>
kernel/events/core.c:793:6: warning: symbol 'perf_cpu_hrtimer_cancel' was not declared. Should it be static?
kernel/events/core.c:863:22: warning: incorrect type in initializer (different address spaces)
kernel/events/core.c:863:22:    expected void const [noderef] <asn:3>*__vpp_verify
kernel/events/core.c:863:22:    got int *<noident>
kernel/events/core.c:870:22: warning: incorrect type in initializer (different address spaces)
kernel/events/core.c:870:22:    expected void const [noderef] <asn:3>*__vpp_verify
kernel/events/core.c:870:22:    got int *<noident>
kernel/events/core.c:333:16: warning: incorrect type in initializer (different address spaces)
kernel/events/core.c:333:16:    expected void const [noderef] <asn:3>*__vpp_verify
kernel/events/core.c:333:16:    got struct perf_cpu_context *<noident>
kernel/events/core.c:333:16: warning: incorrect type in initializer (different address spaces)
kernel/events/core.c:333:16:    expected void const [noderef] <asn:3>*__vpp_verify
kernel/events/core.c:333:16:    got struct perf_cpu_context *<noident>
kernel/events/core.c:333:16: warning: incorrect type in initializer (different address spaces)
kernel/events/core.c:333:16:    expected void const [noderef] <asn:3>*__vpp_verify
kernel/events/core.c:333:16:    got struct perf_cpu_context *<noident>
kernel/events/core.c:333:16: warning: incorrect type in initializer (different address spaces)
kernel/events/core.c:333:16:    expected void const [noderef] <asn:3>*__vpp_verify
kernel/events/core.c:333:16:    got struct perf_cpu_context *<noident>
kernel/events/core.c:333:16: warning: incorrect type in initializer (different address spaces)
kernel/events/core.c:333:16:    expected void const [noderef] <asn:3>*__vpp_verify
kernel/events/core.c:333:16:    got struct perf_cpu_context *<noident>
kernel/events/core.c:333:16: warning: incorrect type in initializer (different address spaces)
kernel/events/core.c:333:16:    expected void const [noderef] <asn:3>*__vpp_verify
kernel/events/core.c:333:16:    got struct perf_cpu_context *<noident>
kernel/events/core.c:333:16: warning: incorrect type in initializer (different address spaces)
kernel/events/core.c:333:16:    expected void const [noderef] <asn:3>*__vpp_verify
kernel/events/core.c:333:16:    got struct perf_cpu_context *<noident>
kernel/events/core.c:333:16: warning: incorrect type in initializer (different address spaces)
kernel/events/core.c:333:16:    expected void const [noderef] <asn:3>*__vpp_verify
kernel/events/core.c:333:16:    got struct perf_cpu_context *<noident>
kernel/events/core.c:2789:26: warning: incorrect type in initializer (different address spaces)
kernel/events/core.c:2789:26:    expected void const [noderef] <asn:3>*__vpp_verify
kernel/events/core.c:2789:26:    got struct perf_cpu_context *<noident>
kernel/events/core.c:333:16: warning: incorrect type in initializer (different address spaces)
kernel/events/core.c:333:16:    expected void const [noderef] <asn:3>*__vpp_verify
kernel/events/core.c:333:16:    got struct perf_cpu_context *<noident>
kernel/events/core.c:3344:26: warning: incorrect type in initializer (different address spaces)
kernel/events/core.c:3344:26:    expected void const [noderef] <asn:3>*__vpp_verify
kernel/events/core.c:3344:26:    got struct perf_cpu_context *<noident>
kernel/events/core.c:4104:13: warning: symbol 'arch_perf_update_userpage' was not declared. Should it be static?
kernel/events/internal.h:139:46: warning: incorrect type in argument 2 (different address spaces)
kernel/events/internal.h:139:46:    expected void const [noderef] <asn:1>*from
kernel/events/internal.h:139:46:    got void const *src
kernel/events/core.c:5260:26: warning: incorrect type in initializer (different address spaces)
kernel/events/core.c:5260:26:    expected void const [noderef] <asn:3>*__vpp_verify
kernel/events/core.c:5260:26:    got struct perf_cpu_context *<noident>
kernel/events/core.c:6760:35: warning: incorrect type in return expression (different address spaces)
kernel/events/core.c:6760:35:    expected struct perf_cpu_context [noderef] <asn:3>*
kernel/events/core.c:6760:35:    got struct perf_cpu_context *[noderef] pmu_cpu_context
kernel/events/core.c:6773:26: warning: incorrect type in initializer (different address spaces)
kernel/events/core.c:6773:26:    expected void const [noderef] <asn:3>*__vpp_verify
kernel/events/core.c:6773:26:    got struct perf_cpu_context *<noident>
kernel/events/core.c:6795:24: warning: incorrect type in argument 1 (different address spaces)
kernel/events/core.c:6795:24:    expected void [noderef] <asn:3>*__pdata
kernel/events/core.c:6795:24:    got struct perf_cpu_context *[noderef] pmu_cpu_context
kernel/events/core.c:6844:26: warning: incorrect type in initializer (different address spaces)
kernel/events/core.c:6844:26:    expected void const [noderef] <asn:3>*__vpp_verify
kernel/events/core.c:6844:26:    got struct perf_cpu_context *<noident>
kernel/events/core.c:6911:32: warning: incorrect type in assignment (different address spaces)
kernel/events/core.c:6911:32:    expected int *[noderef] pmu_disable_count
kernel/events/core.c:6911:32:    got int [noderef] <asn:3>*<noident>
kernel/events/core.c:6936:30: warning: incorrect type in assignment (different address spaces)
kernel/events/core.c:6936:30:    expected struct perf_cpu_context *[noderef] pmu_cpu_context
kernel/events/core.c:6936:30:    got struct perf_cpu_context [noderef] <asn:3>*
kernel/events/core.c:6941:30: warning: incorrect type in assignment (different address spaces)
kernel/events/core.c:6941:30:    expected struct perf_cpu_context *[noderef] pmu_cpu_context
kernel/events/core.c:6941:30:    got struct perf_cpu_context [noderef] <asn:3>*<noident>
kernel/events/core.c:6948:26: warning: incorrect type in initializer (different address spaces)
kernel/events/core.c:6948:26:    expected void const [noderef] <asn:3>*__vpp_verify
kernel/events/core.c:6948:26:    got struct perf_cpu_context *<noident>
kernel/events/core.c:7001:24: warning: incorrect type in argument 1 (different address spaces)
kernel/events/core.c:7001:24:    expected void [noderef] <asn:3>*__pdata
kernel/events/core.c:7001:24:    got int *[noderef] pmu_disable_count
kernel/events/core.c:7019:24: warning: incorrect type in argument 1 (different address spaces)
kernel/events/core.c:7019:24:    expected void [noderef] <asn:3>*__pdata
kernel/events/core.c:7019:24:    got int *[noderef] pmu_disable_count
kernel/events/core.c:7042:12: warning: symbol 'perf_init_event' was not declared. Should it be static?
kernel/events/core.c:7813:20: warning: incorrect type in initializer (different address spaces)
kernel/events/core.c:7813:20:    expected void const [noderef] <asn:3>*__vpp_verify
kernel/events/core.c:7813:20:    got struct perf_cpu_context *<noident>
kernel/events/core.c:7814:20: warning: incorrect type in initializer (different address spaces)
kernel/events/core.c:7814:20:    expected void const [noderef] <asn:3>*__vpp_verify
kernel/events/core.c:7814:20:    got struct perf_cpu_context *<noident>
kernel/events/core.c:8425:24: warning: incorrect type in initializer (different address spaces)
kernel/events/core.c:8425:24:    expected void const [noderef] <asn:3>*__vpp_verify
kernel/events/core.c:8425:24:    got struct perf_cpu_context *<noident>
kernel/events/core.c:340:9: warning: context imbalance in 'perf_ctx_lock' - wrong count at exit
kernel/events/core.c:348:17: warning: context imbalance in 'perf_ctx_unlock' - unexpected unlock
include/linux/rcupdate.h:947:9: warning: context imbalance in 'perf_lock_task_context' - wrong count at exit
kernel/events/core.c:1117:17: warning: context imbalance in 'perf_pin_task_context' - unexpected unlock
kernel/events/core.c:2073:25: warning: context imbalance in '__perf_install_in_context' - unexpected unlock
kernel/events/core.c:3360:17: warning: context imbalance in 'find_get_context' - unexpected unlock
kernel/events/core.c:5273:17: warning: dereference of noderef expression
kernel/events/core.c:6760:32: warning: dereference of noderef expression
kernel/events/core.c:6789:21: warning: dereference of noderef expression
kernel/events/core.c:6789:43: warning: dereference of noderef expression
kernel/events/core.c:6795:21: warning: dereference of noderef expression
kernel/events/core.c:6912:14: warning: dereference of noderef expression
kernel/events/core.c:6937:13: warning: dereference of noderef expression
kernel/events/core.c:6942:14: warning: dereference of noderef expression
kernel/events/core.c:7001:21: warning: dereference of noderef expression
kernel/events/core.c:7019:21: warning: dereference of noderef expression
drivers/ata/libata-sff.c:1302:9: warning: context imbalance in 'ata_sff_hsm_move' - different lock contexts for basic block
drivers/ata/ahci.c:97:9: warning: Initializer entry defined twice
drivers/ata/ahci.c:97:9:   also defined here
sound/core/pcm_native.c:276:37: warning: Variable length array is used.
sound/core/pcm_native.c:87:9: warning: context imbalance in 'snd_pcm_stream_lock' - different lock contexts for basic block
sound/core/pcm_native.c:109:28: warning: context imbalance in 'snd_pcm_stream_unlock' - unexpected unlock
sound/core/pcm_native.c:875:52: warning: context imbalance in 'snd_pcm_action_group' - unexpected unlock
drivers/ata/ahci_platform.c:35:9: warning: Initializer entry defined twice
drivers/ata/ahci_platform.c:35:9:   also defined here
fs/autofs4/waitq.c:73:45: warning: incorrect type in argument 2 (different address spaces)
fs/autofs4/waitq.c:73:45:    expected char const [noderef] <asn:1>*<noident>
fs/autofs4/waitq.c:73:45:    got char const *data
kernel/events/ring_buffer.c:105:5: warning: context imbalance in 'perf_output_begin' - different lock contexts for basic block
kernel/events/ring_buffer.c:218:6: warning: context imbalance in 'perf_output_end' - unexpected unlock
kernel/events/hw_breakpoint.c:83:12: warning: symbol 'hw_breakpoint_weight' was not declared. Should it be static?
kernel/events/hw_breakpoint.c:231:13: warning: symbol 'arch_unregister_hw_breakpoint' was not declared. Should it be static?
mm/memblock.c:1216:6: warning: symbol 'memblock_virt_alloc_try_nid_nopanic' was not declared. Should it be static?
mm/memblock.c:1246:6: warning: symbol 'memblock_virt_alloc_try_nid' was not declared. Should it be static?
mm/memblock.c:1275:13: warning: symbol '__memblock_free_early' was not declared. Should it be static?
mm/memblock.c:1293:13: warning: symbol '__memblock_free_late' was not declared. Should it be static?
net/socket.c:1913:13: warning: incorrect type in assignment (different address spaces)
net/socket.c:1913:13:    expected void *msg_control
net/socket.c:1913:13:    got void [noderef] <asn:1>*<noident>
drivers/ata/sata_highbank.c:456:9: warning: Initializer entry defined twice
drivers/ata/sata_highbank.c:456:9:   also defined here
kernel/irq/irqdesc.c:538:17: warning: context imbalance in '__irq_get_desc_lock' - wrong count at exit
kernel/irq/irqdesc.c:562:6: warning: context imbalance in '__irq_put_desc_unlock' - unexpected unlock
fs/debugfs/file.c:473:20: error: incompatible types in comparison expression (different type sizes)
drivers/ata/ahci_sunxi.c:175:9: warning: Initializer entry defined twice
drivers/ata/ahci_sunxi.c:175:9:   also defined here
mm/swapfile.c:601:20: warning: context imbalance in 'scan_swap_map' - unexpected unlock
mm/swapfile.c:725:32: warning: context imbalance in 'swap_info_get' - different lock contexts for basic block
mm/swapfile.c:838:17: warning: context imbalance in 'swap_free' - unexpected unlock
mm/swapfile.c:852:17: warning: context imbalance in 'swapcache_free' - unexpected unlock
mm/swapfile.c:871:35: warning: context imbalance in 'page_swapcount' - unexpected unlock
mm/swapfile.c:961:28: warning: context imbalance in 'free_swap_and_cache' - unexpected unlock
drivers/ata/ahci_st.c:146:9: warning: Initializer entry defined twice
drivers/ata/ahci_st.c:146:9:   also defined here
mm/swapfile.c:2827:20: warning: context imbalance in 'add_swap_count_continuation' - unexpected unlock
kernel/irq/spurious.c:47:17: warning: context imbalance in 'irq_wait_for_poll' - unexpected unlock
drivers/ata/ahci_tegra.c:295:9: warning: Initializer entry defined twice
drivers/ata/ahci_tegra.c:295:9:   also defined here
drivers/ata/sata_mv.c:984:26: warning: cast removes address space of expression
drivers/ata/sata_mv.c:984:26: warning: cast removes address space of expression
drivers/ata/sata_mv.c:984:26: warning: cast removes address space of expression
drivers/ata/sata_mv.c:984:26: warning: cast removes address space of expression
drivers/ata/sata_mv.c:677:9: warning: Initializer entry defined twice
drivers/ata/sata_mv.c:678:10:   also defined here
mm/slub.c:1066:40: warning: context imbalance in 'free_debug_processing' - different lock contexts for basic block
include/linux/spinlock_api_smp.h:153:27: warning: context imbalance in 'deactivate_slab' - unexpected unlock
include/linux/spinlock_api_smp.h:153:27: warning: context imbalance in 'unfreeze_partials' - unexpected unlock
mm/slub.c:2597:47: warning: context imbalance in '__slab_free' - unexpected unlock
block/genhd.c:1405:10: error: bad integer constant expression
block/genhd.c:1406:10: error: bad integer constant expression
block/genhd.c:1410:10: error: bad integer constant expression
block/genhd.c:1411:10: error: bad integer constant expression
mm/migrate.c:115:24: warning: Using plain integer as NULL pointer
./arch/arm/include/asm/spinlock.h:80:9: warning: context imbalance in '_raw_spin_lock' - wrong count at exit
./arch/arm/include/asm/spinlock.h:80:9: warning: context imbalance in '_raw_spin_lock_irqsave' - wrong count at exit
./arch/arm/include/asm/spinlock.h:80:9: warning: context imbalance in '_raw_spin_lock_irq' - wrong count at exit
./arch/arm/include/asm/spinlock.h:80:9: warning: context imbalance in '_raw_spin_lock_bh' - wrong count at exit
kernel/locking/spinlock.c:189:17: warning: context imbalance in '_raw_spin_unlock_irqrestore' - unexpected unlock
kernel/locking/spinlock.c:205:17: warning: context imbalance in '_raw_spin_unlock_bh' - unexpected unlock
kernel/locking/spinlock.c:221:17: warning: context imbalance in '_raw_read_lock' - wrong count at exit
kernel/locking/spinlock.c:229:26: warning: context imbalance in '_raw_read_lock_irqsave' - wrong count at exit
kernel/locking/spinlock.c:237:17: warning: context imbalance in '_raw_read_lock_irq' - wrong count at exit
kernel/locking/spinlock.c:245:17: warning: context imbalance in '_raw_read_lock_bh' - wrong count at exit
include/linux/rwlock_api_smp.h:234:9: warning: context imbalance in '_raw_read_unlock_irqrestore' - unexpected unlock
include/linux/rwlock_api_smp.h:250:9: warning: context imbalance in '_raw_read_unlock_bh' - unexpected unlock
kernel/locking/spinlock.c:293:17: warning: context imbalance in '_raw_write_lock' - wrong count at exit
kernel/locking/spinlock.c:301:26: warning: context imbalance in '_raw_write_lock_irqsave' - wrong count at exit
kernel/locking/spinlock.c:309:17: warning: context imbalance in '_raw_write_lock_irq' - wrong count at exit
kernel/locking/spinlock.c:317:17: warning: context imbalance in '_raw_write_lock_bh' - wrong count at exit
kernel/locking/spinlock.c:333:17: warning: context imbalance in '_raw_write_unlock_irqrestore' - unexpected unlock
kernel/locking/spinlock.c:349:17: warning: context imbalance in '_raw_write_unlock_bh' - unexpected unlock
net/core/sock.c:1572:9: warning: context imbalance in 'sk_clone_lock' - different lock contexts for basic block
net/core/sock.c:2409:6: warning: context imbalance in 'lock_sock_fast' - different lock contexts for basic block
net/core/sock.c:2828:13: warning: context imbalance in 'proto_seq_start' - wrong count at exit
net/core/sock.c:2840:13: warning: context imbalance in 'proto_seq_stop' - wrong count at exit
sound/soc/soc-core.c:95:25: warning: Variable length array is used.
sound/soc/soc-core.c:96:29: warning: Variable length array is used.
sound/soc/soc-core.c:265:20: error: incompatible types in comparison expression (different type sizes)
kernel/power/main.c:49:5: warning: symbol 'pm_async_enabled' was not declared. Should it be static?
kernel/power/main.c:619:25: warning: symbol 'pm_wq' was not declared. Should it be static?
arch/arm/lib/delay.c:102:15: warning: symbol 'calibrate_delay_is_known' was not declared. Should it be static?
arch/arm/lib/delay.c:108:6: warning: symbol 'calibration_delay_done' was not declared. Should it be static?
kernel/printk/printk.c:233:1: warning: symbol 'log_wait' was not declared. Should it be static?
kernel/printk/printk.c:1808:5: warning: symbol 'vprintk_default' was not declared. Should it be static?
kernel/printk/printk.c:918:15: warning: memcpy with byte count of 131072
lib/lockref.c:96:5: warning: context imbalance in 'lockref_get_or_lock' - wrong count at exit
lib/lockref.c:140:5: warning: context imbalance in 'lockref_put_or_lock' - wrong count at exit
lib/bcd.c:4:10: error: symbol '_bcd2bin' redeclared with different type (originally declared at include/linux/bcd.h:19) - different modifiers
lib/bcd.c:10:15: error: symbol '_bin2bcd' redeclared with different type (originally declared at include/linux/bcd.h:20) - different modifiers
lib/div64.c:26:32: warning: symbol '__div64_32' was not declared. Should it be static?
include/net/sock.h:1534:31: warning: context imbalance in 'skb_free_datagram_locked' - unexpected unlock
kernel/rcu/tree.c:189:15: warning: symbol 'rcu_rnp_online_cpus' was not declared. Should it be static?
kernel/rcu/tree.c:214:14: warning: expression using sizeof bool
kernel/rcu/tree.c:218:17: warning: expression using sizeof bool
kernel/rcu/tree.c:224:14: warning: expression using sizeof bool
kernel/rcu/tree.c:228:17: warning: expression using sizeof bool
kernel/rcu/tree.c:243:1: warning: symbol 'rcu_qs_ctr' was not declared. Should it be static?
kernel/rcu/tree.c:3830:21: warning: incorrect type in argument 1 (different modifiers)
kernel/rcu/tree.c:3830:21:    expected int ( *threadfn )( ... )
kernel/rcu/tree.c:3830:21:    got int ( static [toplevel] [noreturn] *<noident> )( ... )
kernel/rcu/tree.c:1509:9: warning: context imbalance in 'rcu_start_future_gp' - different lock contexts for basic block
kernel/rcu/tree.c:2685:9: warning: context imbalance in 'force_qs_rnp' - different lock contexts for basic block
kernel/rcu/tree.c:2735:25: warning: context imbalance in 'force_quiescent_state' - unexpected unlock
lib/gcd.c:6:15: error: symbol 'gcd' redeclared with different type (originally declared at include/linux/gcd.h:6) - different modifiers
net/core/gen_stats.c:58:1: warning: context imbalance in 'gnet_stats_start_copy_compat' - wrong count at exit
net/core/gen_stats.c:35:23: warning: context imbalance in 'gnet_stats_copy_basic' - unexpected unlock
net/core/gen_stats.c:35:23: warning: context imbalance in 'gnet_stats_copy_rate_est' - unexpected unlock
net/core/gen_stats.c:35:23: warning: context imbalance in 'gnet_stats_copy_queue' - unexpected unlock
net/core/gen_stats.c:35:23: warning: context imbalance in 'gnet_stats_copy_app' - unexpected unlock
net/core/gen_stats.c:35:23: warning: context imbalance in 'gnet_stats_finish_copy' - unexpected unlock
net/core/scm.c:235:26: warning: cast removes address space of expression
net/core/scm.c:235:26: warning: incorrect type in argument 1 (different address spaces)
net/core/scm.c:235:26:    expected void [noderef] <asn:1>*to
net/core/scm.c:235:26:    got void *<noident>
net/core/scm.c:271:48: warning: cast removes address space of expression
lib/lcm.c:7:15: error: symbol 'lcm' redeclared with different type (originally declared at include/linux/lcm.h:6) - different modifiers
drivers/base/devtmpfs.c:357:25: warning: incorrect type in argument 1 (different address spaces)
drivers/base/devtmpfs.c:357:25:    expected char [noderef] <asn:1>*dev_name
drivers/base/devtmpfs.c:357:25:    got char static *<noident>
drivers/base/devtmpfs.c:357:38: warning: incorrect type in argument 2 (different address spaces)
drivers/base/devtmpfs.c:357:38:    expected char [noderef] <asn:1>*dir_name
drivers/base/devtmpfs.c:357:38:    got char *<noident>
drivers/base/devtmpfs.c:357:53: warning: incorrect type in argument 3 (different address spaces)
drivers/base/devtmpfs.c:357:53:    expected char [noderef] <asn:1>*type
drivers/base/devtmpfs.c:357:53:    got char static *<noident>
drivers/base/devtmpfs.c:383:26: warning: incorrect type in argument 1 (different address spaces)
drivers/base/devtmpfs.c:383:26:    expected char [noderef] <asn:1>*dev_name
drivers/base/devtmpfs.c:383:26:    got char static *<noident>
drivers/base/devtmpfs.c:383:38: warning: incorrect type in argument 2 (different address spaces)
drivers/base/devtmpfs.c:383:38:    expected char [noderef] <asn:1>*dir_name
drivers/base/devtmpfs.c:383:38:    got char static *<noident>
drivers/base/devtmpfs.c:383:43: warning: incorrect type in argument 3 (different address spaces)
drivers/base/devtmpfs.c:383:43:    expected char [noderef] <asn:1>*type
drivers/base/devtmpfs.c:383:43:    got char static *<noident>
drivers/base/devtmpfs.c:383:66: warning: incorrect type in argument 5 (different address spaces)
drivers/base/devtmpfs.c:383:66:    expected void [noderef] <asn:1>*data
drivers/base/devtmpfs.c:383:66:    got char *<noident>
drivers/base/devtmpfs.c:386:19: warning: incorrect type in argument 1 (different address spaces)
drivers/base/devtmpfs.c:386:19:    expected char const [noderef] <asn:1>*filename
drivers/base/devtmpfs.c:386:19:    got char static *<noident>
drivers/base/devtmpfs.c:387:20: warning: incorrect type in argument 1 (different address spaces)
drivers/base/devtmpfs.c:387:20:    expected char const [noderef] <asn:1>*filename
drivers/base/devtmpfs.c:387:20:    got char static *<noident>
net/core/sysctl_net_core.c:157:23: error: incompatible types in comparison expression (different type sizes)
kernel/sched/core.c:929:6: warning: symbol 'sched_set_stop_task' was not declared. Should it be static?
kernel/sched/core.c:1165:5: warning: symbol 'migrate_swap' was not declared. Should it be static?
kernel/sched/core.c:2985:35: warning: symbol 'preempt_schedule_irq' was not declared. Should it be static?
kernel/sched/core.c:5927:28: warning: incorrect type in initializer (different address spaces)
kernel/sched/core.c:5927:28:    expected void const [noderef] <asn:3>*__vpp_verify
kernel/sched/core.c:5927:28:    got struct sched_domain **<noident>
kernel/sched/core.c:5962:28: warning: incorrect type in initializer (different address spaces)
kernel/sched/core.c:5962:28:    expected void const [noderef] <asn:3>*__vpp_verify
kernel/sched/core.c:5962:28:    got struct sched_domain **<noident>
kernel/sched/core.c:5982:28: warning: incorrect type in initializer (different address spaces)
kernel/sched/core.c:5982:28:    expected void const [noderef] <asn:3>*__vpp_verify
kernel/sched/core.c:5982:28:    got struct sched_group_capacity **<noident>
kernel/sched/core.c:6022:36: warning: incorrect type in initializer (different address spaces)
kernel/sched/core.c:6022:36:    expected void const [noderef] <asn:3>*__vpp_verify
kernel/sched/core.c:6022:36:    got struct sched_domain **<noident>
kernel/sched/core.c:6029:24: warning: incorrect type in initializer (different address spaces)
kernel/sched/core.c:6029:24:    expected void const [noderef] <asn:3>*__vpp_verify
kernel/sched/core.c:6029:24:    got struct sched_group **<noident>
kernel/sched/core.c:6030:31: warning: incorrect type in initializer (different address spaces)
kernel/sched/core.c:6030:31:    expected void const [noderef] <asn:3>*__vpp_verify
kernel/sched/core.c:6030:31:    got struct sched_group_capacity **<noident>
kernel/sched/core.c:6720:39: warning: incorrect type in initializer (different address spaces)
kernel/sched/core.c:6720:39:    expected void const [noderef] <asn:3>*__vpp_verify
kernel/sched/core.c:6720:39:    got struct sched_domain **<noident>
kernel/sched/core.c:6723:40: warning: incorrect type in initializer (different address spaces)
kernel/sched/core.c:6723:40:    expected void const [noderef] <asn:3>*__vpp_verify
kernel/sched/core.c:6723:40:    got struct sched_domain **<noident>
kernel/sched/core.c:6727:40: warning: incorrect type in initializer (different address spaces)
kernel/sched/core.c:6727:40:    expected void const [noderef] <asn:3>*__vpp_verify
kernel/sched/core.c:6727:40:    got struct sched_group **<noident>
kernel/sched/core.c:6729:40: warning: incorrect type in initializer (different address spaces)
kernel/sched/core.c:6729:40:    expected void const [noderef] <asn:3>*__vpp_verify
kernel/sched/core.c:6729:40:    got struct sched_group_capacity **<noident>
kernel/sched/core.c:6731:32: warning: incorrect type in argument 1 (different address spaces)
kernel/sched/core.c:6731:32:    expected void [noderef] <asn:3>*__pdata
kernel/sched/core.c:6731:32:    got struct sched_domain **[noderef] sd
kernel/sched/core.c:6733:32: warning: incorrect type in argument 1 (different address spaces)
kernel/sched/core.c:6733:32:    expected void [noderef] <asn:3>*__pdata
kernel/sched/core.c:6733:32:    got struct sched_group **[noderef] sg
kernel/sched/core.c:6735:32: warning: incorrect type in argument 1 (different address spaces)
kernel/sched/core.c:6735:32:    expected void [noderef] <asn:3>*__pdata
kernel/sched/core.c:6735:32:    got struct sched_group_capacity **[noderef] sgc
kernel/sched/core.c:6663:25: warning: incorrect type in assignment (different address spaces)
kernel/sched/core.c:6663:25:    expected struct sched_domain **[noderef] sd
kernel/sched/core.c:6663:25:    got struct sched_domain *[noderef] <asn:3>*<noident>
kernel/sched/core.c:6667:25: warning: incorrect type in assignment (different address spaces)
kernel/sched/core.c:6667:25:    expected struct sched_group **[noderef] sg
kernel/sched/core.c:6667:25:    got struct sched_group *[noderef] <asn:3>*<noident>
kernel/sched/core.c:6671:26: warning: incorrect type in assignment (different address spaces)
kernel/sched/core.c:6671:26:    expected struct sched_group_capacity **[noderef] sgc
kernel/sched/core.c:6671:26:    got struct sched_group_capacity *[noderef] <asn:3>*<noident>
kernel/sched/core.c:6685:26: warning: incorrect type in initializer (different address spaces)
kernel/sched/core.c:6685:26:    expected void const [noderef] <asn:3>*__vpp_verify
kernel/sched/core.c:6685:26:    got struct sched_domain **<noident>
kernel/sched/core.c:6694:26: warning: incorrect type in initializer (different address spaces)
kernel/sched/core.c:6694:26:    expected void const [noderef] <asn:3>*__vpp_verify
kernel/sched/core.c:6694:26:    got struct sched_group **<noident>
kernel/sched/core.c:6701:26: warning: incorrect type in initializer (different address spaces)
kernel/sched/core.c:6701:26:    expected void const [noderef] <asn:3>*__vpp_verify
kernel/sched/core.c:6701:26:    got struct sched_group_capacity **<noident>
kernel/sched/core.c:6170:30: warning: incorrect type in argument 1 (different address spaces)
kernel/sched/core.c:6170:30:    expected void [noderef] <asn:3>*__pdata
kernel/sched/core.c:6170:30:    got struct sched_domain **[noderef] sd
kernel/sched/core.c:6185:15: warning: incorrect type in assignment (different address spaces)
kernel/sched/core.c:6185:15:    expected struct sched_domain **[noderef] sd
kernel/sched/core.c:6185:15:    got struct sched_domain *[noderef] <asn:3>*<noident>
kernel/sched/core.c:6203:9: warning: incorrect type in initializer (different address spaces)
kernel/sched/core.c:6203:9:    expected void const [noderef] <asn:3>*__vpp_verify
kernel/sched/core.c:6203:9:    got struct sched_domain **<noident>
kernel/sched/core.c:6204:10: warning: incorrect type in initializer (different address spaces)
kernel/sched/core.c:6204:10:    expected void const [noderef] <asn:3>*__vpp_verify
kernel/sched/core.c:6204:10:    got struct sched_domain **<noident>
kernel/sched/core.c:6206:13: warning: incorrect type in initializer (different address spaces)
kernel/sched/core.c:6206:13:    expected void const [noderef] <asn:3>*__vpp_verify
kernel/sched/core.c:6206:13:    got struct sched_group **<noident>
kernel/sched/core.c:6206:13: warning: incorrect type in initializer (different address spaces)
kernel/sched/core.c:6206:13:    expected void const [noderef] <asn:3>*__vpp_verify
kernel/sched/core.c:6206:13:    got struct sched_group **<noident>
kernel/sched/core.c:6206:13: warning: incorrect type in initializer (different address spaces)
kernel/sched/core.c:6206:13:    expected void const [noderef] <asn:3>*__vpp_verify
kernel/sched/core.c:6206:13:    got struct sched_group **<noident>
kernel/sched/core.c:6206:13: warning: incorrect type in initializer (different address spaces)
kernel/sched/core.c:6206:13:    expected void const [noderef] <asn:3>*__vpp_verify
kernel/sched/core.c:6206:13:    got struct sched_group **<noident>
kernel/sched/core.c:6207:18: warning: incorrect type in initializer (different address spaces)
kernel/sched/core.c:6207:18:    expected void const [noderef] <asn:3>*__vpp_verify
kernel/sched/core.c:6207:18:    got struct sched_group **<noident>
kernel/sched/core.c:6209:13: warning: incorrect type in initializer (different address spaces)
kernel/sched/core.c:6209:13:    expected void const [noderef] <asn:3>*__vpp_verify
kernel/sched/core.c:6209:13:    got struct sched_group_capacity **<noident>
kernel/sched/core.c:6209:13: warning: incorrect type in initializer (different address spaces)
kernel/sched/core.c:6209:13:    expected void const [noderef] <asn:3>*__vpp_verify
kernel/sched/core.c:6209:13:    got struct sched_group_capacity **<noident>
kernel/sched/core.c:6209:13: warning: incorrect type in initializer (different address spaces)
kernel/sched/core.c:6209:13:    expected void const [noderef] <asn:3>*__vpp_verify
kernel/sched/core.c:6209:13:    got struct sched_group_capacity **<noident>
kernel/sched/core.c:6209:13: warning: incorrect type in initializer (different address spaces)
kernel/sched/core.c:6209:13:    expected void const [noderef] <asn:3>*__vpp_verify
kernel/sched/core.c:6209:13:    got struct sched_group_capacity **<noident>
kernel/sched/core.c:6210:18: warning: incorrect type in initializer (different address spaces)
kernel/sched/core.c:6210:18:    expected void const [noderef] <asn:3>*__vpp_verify
kernel/sched/core.c:6210:18:    got struct sched_group_capacity **<noident>
kernel/sched/core.c:6243:36: warning: incorrect type in initializer (different address spaces)
kernel/sched/core.c:6243:36:    expected void const [noderef] <asn:3>*__vpp_verify
kernel/sched/core.c:6243:36:    got struct sched_domain **<noident>
kernel/sched/core.c:6740:21: warning: symbol 'build_sched_domain' was not declared. Should it be static?
kernel/sched/core.c:6798:34: warning: incorrect type in initializer (different address spaces)
kernel/sched/core.c:6798:34:    expected void const [noderef] <asn:3>*__vpp_verify
kernel/sched/core.c:6798:34:    got struct sched_domain **<noident>
kernel/sched/core.c:6808:28: warning: incorrect type in initializer (different address spaces)
kernel/sched/core.c:6808:28:    expected void const [noderef] <asn:3>*__vpp_verify
kernel/sched/core.c:6808:28:    got struct sched_domain **<noident>
kernel/sched/core.c:6825:28: warning: incorrect type in initializer (different address spaces)
kernel/sched/core.c:6825:28:    expected void const [noderef] <asn:3>*__vpp_verify
kernel/sched/core.c:6825:28:    got struct sched_domain **<noident>
kernel/sched/core.c:6834:23: warning: incorrect type in initializer (different address spaces)
kernel/sched/core.c:6834:23:    expected void const [noderef] <asn:3>*__vpp_verify
kernel/sched/core.c:6834:23:    got struct sched_domain **<noident>
kernel/sched/core.c:4241:1: warning: context imbalance in 'sys_sched_yield' - unexpected unlock
kernel/sched/core.c:6170:29: warning: dereference of noderef expression
kernel/sched/core.c:6186:14: warning: dereference of noderef expression
kernel/sched/core.c:6664:22: warning: dereference of noderef expression
kernel/sched/core.c:6668:22: warning: dereference of noderef expression
kernel/sched/core.c:6672:22: warning: dereference of noderef expression
kernel/sched/core.c:6719:29: warning: dereference of noderef expression
kernel/sched/core.c:6726:29: warning: dereference of noderef expression
kernel/sched/core.c:6728:29: warning: dereference of noderef expression
kernel/sched/core.c:6731:29: warning: dereference of noderef expression
kernel/sched/core.c:6732:17: warning: dereference of noderef expression
kernel/sched/core.c:6733:29: warning: dereference of noderef expression
kernel/sched/core.c:6734:17: warning: dereference of noderef expression
kernel/sched/core.c:6735:29: warning: dereference of noderef expression
kernel/sched/core.c:6736:17: warning: dereference of noderef expression
include/trace/events/net.h:170:1: error: directive in argument list
include/trace/events/net.h:172:1: error: directive in argument list
include/trace/events/net.h:174:1: error: directive in argument list
lib/rhashtable.c:276:9: warning: context imbalance in 'lock_buckets' - wrong count at exit
lib/rhashtable.c:287:23: warning: context imbalance in 'unlock_buckets' - unexpected unlock
lib/rhashtable.c:934:5: warning: context imbalance in 'rhashtable_walk_start' - wrong count at exit
lib/rhashtable.c:1016:6: warning: context imbalance in 'rhashtable_walk_stop' - unexpected unlock
lib/kstrtox.c:338:1: error: incompatible types in comparison expression (different type sizes)
lib/kstrtox.c:339:1: error: incompatible types in comparison expression (different type sizes)
lib/kstrtox.c:340:1: error: incompatible types in comparison expression (different type sizes)
lib/kstrtox.c:341:1: error: incompatible types in comparison expression (different type sizes)
lib/kstrtox.c:342:1: error: incompatible types in comparison expression (different type sizes)
lib/kstrtox.c:343:1: error: incompatible types in comparison expression (different type sizes)
lib/kstrtox.c:344:1: error: incompatible types in comparison expression (different type sizes)
lib/kstrtox.c:345:1: error: incompatible types in comparison expression (different type sizes)
lib/kstrtox.c:346:1: error: incompatible types in comparison expression (different type sizes)
lib/kstrtox.c:347:1: error: incompatible types in comparison expression (different type sizes)
kernel/sched/clock.c:77:19: warning: symbol 'sched_clock_running' was not declared. Should it be static?
kernel/sched/cputime.c:305:42: warning: incorrect type in argument 2 (different modifiers)
kernel/sched/cputime.c:305:42:    expected unsigned long [nocast] [usertype] *utime
kernel/sched/cputime.c:305:42:    got unsigned long *<noident>
kernel/sched/cputime.c:305:42: warning: implicit cast to nocast type
kernel/sched/cputime.c:305:50: warning: incorrect type in argument 3 (different modifiers)
kernel/sched/cputime.c:305:50:    expected unsigned long [nocast] [usertype] *stime
kernel/sched/cputime.c:305:50:    got unsigned long *<noident>
kernel/sched/cputime.c:305:50: warning: implicit cast to nocast type
kernel/sched/cputime.c:570:29: warning: implicit cast to nocast type
kernel/sched/cputime.c:571:17: warning: implicit cast from nocast type
kernel/sched/cputime.c:619:26: warning: incorrect type in argument 1 (different modifiers)
kernel/sched/cputime.c:619:26:    expected unsigned long [nocast] [usertype] *counter
kernel/sched/cputime.c:619:26:    got unsigned long *<noident>
kernel/sched/cputime.c:619:26: warning: implicit cast to nocast type
kernel/sched/cputime.c:620:26: warning: incorrect type in argument 1 (different modifiers)
kernel/sched/cputime.c:620:26:    expected unsigned long [nocast] [usertype] *counter
kernel/sched/cputime.c:620:26:    got unsigned long *<noident>
kernel/sched/cputime.c:620:26: warning: implicit cast to nocast type
kernel/sched/cputime.c:633:26: warning: incorrect type in argument 2 (different modifiers)
kernel/sched/cputime.c:633:26:    expected unsigned long [nocast] [usertype] *utime
kernel/sched/cputime.c:633:26:    got unsigned long *<noident>
kernel/sched/cputime.c:633:26: warning: implicit cast to nocast type
kernel/sched/cputime.c:633:42: warning: incorrect type in argument 3 (different modifiers)
kernel/sched/cputime.c:633:42:    expected unsigned long [nocast] [usertype] *stime
kernel/sched/cputime.c:633:42:    got unsigned long *<noident>
kernel/sched/cputime.c:633:42: warning: implicit cast to nocast type
kernel/sched/cputime.c:313:33: warning: context imbalance in 'thread_group_cputime' - different lock contexts for basic block
kernel/sched/fair.c:51:14: warning: symbol 'normalized_sysctl_sched_latency' was not declared. Should it be static?
kernel/sched/fair.c:70:14: warning: symbol 'normalized_sysctl_sched_min_granularity' was not declared. Should it be static?
kernel/sched/fair.c:92:14: warning: symbol 'normalized_sysctl_sched_wakeup_granularity' was not declared. Should it be static?
kernel/sched/fair.c:4058:35: error: marked inline, but without a definition
lib/xz/xz_dec_stream.c:734:23: warning: function 'xz_dec_run' with external linkage has definition
lib/xz/xz_dec_stream.c:770:25: warning: function 'xz_dec_init' with external linkage has definition
lib/xz/xz_dec_stream.c:800:16: warning: function 'xz_dec_reset' with external linkage has definition
lib/xz/xz_dec_stream.c:812:16: warning: function 'xz_dec_end' with external linkage has definition
lib/xz/xz_dec_lzma2.c:931:23: warning: function 'xz_dec_lzma2_run' with external linkage has definition
lib/xz/xz_dec_lzma2.c:1108:31: warning: function 'xz_dec_lzma2_create' with external linkage has definition
lib/xz/xz_dec_lzma2.c:1132:23: warning: function 'xz_dec_lzma2_reset' with external linkage has definition
lib/xz/xz_dec_lzma2.c:1169:16: warning: function 'xz_dec_lzma2_end' with external linkage has definition
drivers/base/dma-coherent.c:45:28: warning: incorrect type in assignment (different address spaces)
drivers/base/dma-coherent.c:45:28:    expected void *virt_base
drivers/base/dma-coherent.c:45:28:    got void [noderef] <asn:2>*[assigned] mem_base
drivers/base/dma-coherent.c:70:20: warning: incorrect type in argument 1 (different address spaces)
drivers/base/dma-coherent.c:70:20:    expected void volatile [noderef] <asn:2>*addr
drivers/base/dma-coherent.c:70:20:    got void *virt_base
drivers/base/firmware_class.c:267:9: warning: context imbalance in 'fw_free_buf' - wrong count at exit
lib/xz/xz_dec_bcj.c:417:23: warning: function 'xz_dec_bcj_run' with external linkage has definition
lib/xz/xz_dec_bcj.c:527:29: warning: function 'xz_dec_bcj_create' with external linkage has definition
lib/xz/xz_dec_bcj.c:536:23: warning: function 'xz_dec_bcj_reset' with external linkage has definition
lib/xz/xz_dec_bcj.c:91:21: warning: Initializer entry defined twice
lib/xz/xz_dec_bcj.c:91:27:   also defined here
kernel/sched/rt.c:237:6: warning: symbol 'free_rt_sched_group' was not declared. Should it be static?
kernel/sched/rt.c:239:5: warning: symbol 'alloc_rt_sched_group' was not declared. Should it be static?
kernel/sched/rt.c:601:6: warning: symbol 'sched_rt_bandwidth_account' was not declared. Should it be static?
include/linux/spinlock_api_smp.h:153:27: warning: context imbalance in 'find_lock_lowest_rq' - unexpected unlock
kernel/sched/rt.c:1759:9: warning: context imbalance in 'push_rt_task' - unexpected unlock
include/linux/spinlock_api_smp.h:153:27: warning: context imbalance in 'pull_rt_task' - unexpected unlock
kernel/sched/deadline.c:60:6: warning: symbol 'init_dl_bw' was not declared. Should it be static?
kernel/sched/deadline.c:1016:20: warning: symbol 'pick_next_task_dl' was not declared. Should it be static?
include/linux/spinlock_api_smp.h:153:27: warning: context imbalance in 'find_lock_later_rq' - unexpected unlock
kernel/sched/deadline.c:1376:9: warning: context imbalance in 'push_dl_task' - unexpected unlock
include/linux/spinlock_api_smp.h:153:27: warning: context imbalance in 'pull_dl_task' - unexpected unlock
drivers/block/loop.c:237:38: warning: incorrect type in argument 2 (different address spaces)
drivers/block/loop.c:237:38:    expected char const [noderef] <asn:1>*<noident>
drivers/block/loop.c:237:38:    got unsigned char [usertype] *buf
net/core/rtnetlink.c:2015:41: warning: Variable length array is used.
net/core/rtnetlink.c:2016:49: warning: Variable length array is used.
lib/swiotlb.c:243:1: warning: symbol 'swiotlb_late_init_with_default_size' was not declared. Should it be static?
lib/swiotlb.c:540:13: warning: symbol 'map_single' was not declared. Should it be static?
drivers/bus/mvebu-mbus.c:595:32: warning: constant 0x100000000 is so big it is long
drivers/bus/mvebu-mbus.c:607:16: warning: constant 0x100000000 is so big it is long
drivers/bus/mvebu-mbus.c:694:17: warning: incorrect type in argument 2 (different address spaces)
drivers/bus/mvebu-mbus.c:694:17:    expected void volatile [noderef] <asn:2>*addr
drivers/bus/mvebu-mbus.c:694:17:    got unsigned int [usertype] *
drivers/bus/mvebu-mbus.c:696:17: warning: incorrect type in argument 2 (different address spaces)
drivers/bus/mvebu-mbus.c:696:17:    expected void volatile [noderef] <asn:2>*addr
drivers/bus/mvebu-mbus.c:696:17:    got unsigned int [usertype] *
drivers/bus/mvebu-mbus.c:697:17: warning: incorrect type in argument 2 (different address spaces)
drivers/bus/mvebu-mbus.c:697:17:    expected void volatile [noderef] <asn:2>*addr
drivers/bus/mvebu-mbus.c:697:17:    got unsigned int [usertype] *
drivers/bus/mvebu-mbus.c:699:17: warning: incorrect type in argument 2 (different address spaces)
drivers/bus/mvebu-mbus.c:699:17:    expected void volatile [noderef] <asn:2>*addr
drivers/bus/mvebu-mbus.c:699:17:    got unsigned int [usertype] *
drivers/bus/mvebu-mbus.c:745:17: warning: incorrect type in argument 2 (different address spaces)
drivers/bus/mvebu-mbus.c:745:17:    expected void volatile [noderef] <asn:2>*addr
drivers/bus/mvebu-mbus.c:745:17:    got unsigned int [usertype] *
drivers/bus/mvebu-mbus.c:747:17: warning: incorrect type in argument 2 (different address spaces)
drivers/bus/mvebu-mbus.c:747:17:    expected void volatile [noderef] <asn:2>*addr
drivers/bus/mvebu-mbus.c:747:17:    got unsigned int [usertype] *
drivers/bus/mvebu-mbus.c:995:20: warning: symbol 'mvebu_mbus_syscore_ops' was not declared. Should it be static?
kernel/sched/idle.c:215:33: warning: expression using sizeof bool
lib/iommu-helper.c:9:5: warning: symbol 'iommu_is_span_boundary' was not declared. Should it be static?
lib/iommu-helper.c:19:15: warning: symbol 'iommu_area_alloc' was not declared. Should it be static?
kernel/sched/debug.c:242:6: warning: symbol 'print_rt_rq' was not declared. Should it be static?
kernel/sched/debug.c:264:6: warning: symbol 'print_dl_rq' was not declared. Should it be static?
drivers/bus/arm-cci.c:445:6: warning: symbol 'pmu_event_set_period' was not declared. Should it be static?
drivers/bus/arm-cci.c:1150:25: warning: symbol 'cci_enable_port_for_self' was not declared. Should it be static?
lib/dec_and_lock.c:20:5: warning: context imbalance in '_atomic_dec_and_lock' - different lock contexts for basic block
sound/usb/card.c:90:1: warning: expression using sizeof bool
sound/usb/card.c:90:1: warning: expression using sizeof bool
sound/usb/quirks-table.h:2800:1: warning: Initializer entry defined twice
sound/usb/quirks-table.h:2800:1:   also defined here
sound/usb/quirks-table.h:2801:1: warning: Initializer entry defined twice
sound/usb/quirks-table.h:2801:1:   also defined here
sound/usb/quirks-table.h:2802:1: warning: Initializer entry defined twice
sound/usb/quirks-table.h:2802:1:   also defined here
sound/usb/quirks-table.h:2803:1: warning: Initializer entry defined twice
sound/usb/quirks-table.h:2803:1:   also defined here
sound/usb/quirks-table.h:2804:1: warning: Initializer entry defined twice
sound/usb/quirks-table.h:2804:1:   also defined here
sound/usb/quirks-table.h:2805:1: warning: Initializer entry defined twice
sound/usb/quirks-table.h:2805:1:   also defined here
sound/usb/quirks-table.h:2806:1: warning: Initializer entry defined twice
sound/usb/quirks-table.h:2806:1:   also defined here
sound/usb/quirks-table.h:2807:1: warning: Initializer entry defined twice
sound/usb/quirks-table.h:2807:1:   also defined here
sound/usb/quirks-table.h:2808:1: warning: Initializer entry defined twice
sound/usb/quirks-table.h:2808:1:   also defined here
sound/usb/quirks-table.h:2809:1: warning: Initializer entry defined twice
sound/usb/quirks-table.h:2809:1:   also defined here
sound/usb/quirks-table.h:2810:1: warning: Initializer entry defined twice
sound/usb/quirks-table.h:2810:1:   also defined here
sound/usb/quirks-table.h:2811:1: warning: Initializer entry defined twice
sound/usb/quirks-table.h:2811:1:   also defined here
sound/usb/quirks-table.h:2812:1: warning: Initializer entry defined twice
sound/usb/quirks-table.h:2812:1:   also defined here
sound/usb/quirks-table.h:2813:1: warning: Initializer entry defined twice
sound/usb/quirks-table.h:2813:1:   also defined here
sound/usb/quirks-table.h:2814:1: warning: Initializer entry defined twice
sound/usb/quirks-table.h:2814:1:   also defined here
sound/usb/quirks-table.h:2815:1: warning: Initializer entry defined twice
sound/usb/quirks-table.h:2815:1:   also defined here
sound/usb/quirks-table.h:2816:1: warning: Initializer entry defined twice
sound/usb/quirks-table.h:2816:1:   also defined here
net/core/filter.c:253:33: error: subtraction of functions? Share your drugs
net/core/filter.c:256:33: error: subtraction of functions? Share your drugs
net/core/filter.c:259:33: error: subtraction of functions? Share your drugs
net/core/filter.c:262:33: error: subtraction of functions? Share your drugs
net/core/filter.c:265:33: error: subtraction of functions? Share your drugs
net/core/filter.c:688:30: error: cannot size expression
./arch/arm/include/asm/futex.h:51:19: warning: incorrect type in argument 1 (different address spaces)
./arch/arm/include/asm/futex.h:51:19:    expected void const *ptr
./arch/arm/include/asm/futex.h:51:19:    got unsigned int [noderef] [usertype] <asn:1>*uaddr
./arch/arm/include/asm/futex.h:131:17: warning: incorrect type in argument 1 (different address spaces)
./arch/arm/include/asm/futex.h:131:17:    expected void const *ptr
./arch/arm/include/asm/futex.h:131:17:    got unsigned int [noderef] [usertype] <asn:1>*uaddr
./arch/arm/include/asm/futex.h:134:17: warning: incorrect type in argument 1 (different address spaces)
./arch/arm/include/asm/futex.h:134:17:    expected void const *ptr
./arch/arm/include/asm/futex.h:134:17:    got unsigned int [noderef] [usertype] <asn:1>*uaddr
./arch/arm/include/asm/futex.h:137:17: warning: incorrect type in argument 1 (different address spaces)
./arch/arm/include/asm/futex.h:137:17:    expected void const *ptr
./arch/arm/include/asm/futex.h:137:17:    got unsigned int [noderef] [usertype] <asn:1>*uaddr
./arch/arm/include/asm/futex.h:140:17: warning: incorrect type in argument 1 (different address spaces)
./arch/arm/include/asm/futex.h:140:17:    expected void const *ptr
./arch/arm/include/asm/futex.h:140:17:    got unsigned int [noderef] [usertype] <asn:1>*uaddr
./arch/arm/include/asm/futex.h:143:17: warning: incorrect type in argument 1 (different address spaces)
./arch/arm/include/asm/futex.h:143:17:    expected void const *ptr
./arch/arm/include/asm/futex.h:143:17:    got unsigned int [noderef] [usertype] <asn:1>*uaddr
kernel/futex.c:1289:33: warning: context imbalance in 'futex_wake_op' - different lock contexts for basic block
kernel/futex.c:1566:41: warning: context imbalance in 'futex_requeue' - different lock contexts for basic block
kernel/futex.c:2053:13: warning: context imbalance in 'futex_wait_queue_me' - unexpected unlock
kernel/futex.c:2159:9: warning: context imbalance in 'futex_wait_setup' - different lock contexts for basic block
kernel/futex.c:2603:29: warning: context imbalance in 'futex_wait_requeue_pi' - unexpected unlock
kernel/time/hrtimer.c:67:1: warning: symbol 'hrtimer_bases' was not declared. Should it be static?
kernel/time/hrtimer.c:152:27: warning: context imbalance in 'lock_hrtimer_base' - wrong count at exit
kernel/time/hrtimer.c:994:25: warning: context imbalance in '__hrtimer_start_range_ns' - unexpected unlock
kernel/time/hrtimer.c:793:9: warning: context imbalance in 'hrtimer_try_to_cancel' - unexpected unlock
kernel/time/hrtimer.c:1099:9: warning: context imbalance in 'hrtimer_get_remaining' - unexpected unlock
kernel/time/itimer.c:126:59: warning: implicit cast to nocast type
kernel/time/itimer.c:167:55: warning: incorrect type in argument 3 (different modifiers)
kernel/time/itimer.c:167:55:    expected unsigned long [nocast] [usertype] *newval
kernel/time/itimer.c:167:55:    got unsigned long *<noident>
kernel/time/itimer.c:167:55: warning: implicit cast to nocast type
kernel/time/itimer.c:167:62: warning: incorrect type in argument 4 (different modifiers)
kernel/time/itimer.c:167:62:    expected unsigned long [nocast] [usertype] *oldval
kernel/time/itimer.c:167:62:    got unsigned long *<noident>
kernel/time/itimer.c:167:62: warning: implicit cast to nocast type
kernel/time/itimer.c:226:56: warning: implicit cast to nocast type
net/core/dev_ioctl.c:149:32: error: incompatible types in comparison expression (different type sizes)
net/core/dev_ioctl.c:270:24: error: incompatible types in comparison expression (different type sizes)
lib/decompress_unxz.c:251:17: warning: symbol 'unxz' was not declared. Should it be static?
kernel/smp.c:543:13: warning: symbol 'smp_announce' was not declared. Should it be static?
kernel/time/posix-timers.c:395:9: warning: context imbalance in 'do_schedule_next_timer' - different lock contexts for basic block
kernel/time/posix-timers.c:686:24: warning: context imbalance in '__lock_timer' - different lock contexts for basic block
sound/usb/mixer.c:1173:25: warning: symbol 'snd_usb_feature_unit_ctl' was not declared. Should it be static?
drivers/char/mem.c:223:12: warning: symbol 'phys_mem_access_prot_allowed' was not declared. Should it be static?
kernel/module.c:211:6: error: symbol '__module_put_and_exit' redeclared with different type (originally declared at include/linux/module.h:442) - different modifiers
drivers/char/random.c:1420:25: error: incompatible types in comparison expression (different type sizes)
kernel/time/posix-cpu-timers.c:27:53: warning: incorrect type in argument 3 (different modifiers)
kernel/time/posix-cpu-timers.c:27:53:    expected unsigned long [nocast] [usertype] *newval
kernel/time/posix-cpu-timers.c:27:53:    got unsigned long *<noident>
kernel/time/posix-cpu-timers.c:27:53: warning: implicit cast to nocast type
kernel/time/posix-cpu-timers.c:130:26: warning: incorrect type in argument 2 (different modifiers)
kernel/time/posix-cpu-timers.c:130:26:    expected unsigned long [nocast] [usertype] *utime
kernel/time/posix-cpu-timers.c:130:26:    got unsigned long *<noident>
kernel/time/posix-cpu-timers.c:130:26: warning: implicit cast to nocast type
kernel/time/posix-cpu-timers.c:130:34: warning: incorrect type in argument 3 (different modifiers)
kernel/time/posix-cpu-timers.c:130:34:    expected unsigned long [nocast] [usertype] *stime
kernel/time/posix-cpu-timers.c:130:34:    got unsigned long *<noident>
kernel/time/posix-cpu-timers.c:130:34: warning: implicit cast to nocast type
kernel/time/posix-cpu-timers.c:138:26: warning: incorrect type in argument 2 (different modifiers)
kernel/time/posix-cpu-timers.c:138:26:    expected unsigned long [nocast] [usertype] *utime
kernel/time/posix-cpu-timers.c:138:26:    got unsigned long *<noident>
kernel/time/posix-cpu-timers.c:138:26: warning: implicit cast to nocast type
kernel/time/posix-cpu-timers.c:130:26: warning: incorrect type in argument 2 (different modifiers)
kernel/time/posix-cpu-timers.c:130:26:    expected unsigned long [nocast] [usertype] *utime
kernel/time/posix-cpu-timers.c:130:26:    got unsigned long *<noident>
kernel/time/posix-cpu-timers.c:130:26: warning: implicit cast to nocast type
kernel/time/posix-cpu-timers.c:130:34: warning: incorrect type in argument 3 (different modifiers)
kernel/time/posix-cpu-timers.c:130:34:    expected unsigned long [nocast] [usertype] *stime
kernel/time/posix-cpu-timers.c:130:34:    got unsigned long *<noident>
kernel/time/posix-cpu-timers.c:130:34: warning: implicit cast to nocast type
kernel/time/posix-cpu-timers.c:138:26: warning: incorrect type in argument 2 (different modifiers)
kernel/time/posix-cpu-timers.c:138:26:    expected unsigned long [nocast] [usertype] *utime
kernel/time/posix-cpu-timers.c:138:26:    got unsigned long *<noident>
kernel/time/posix-cpu-timers.c:138:26: warning: implicit cast to nocast type
kernel/time/posix-cpu-timers.c:904:27: warning: implicit cast from nocast type
kernel/time/posix-cpu-timers.c:913:39: warning: implicit cast to nocast type
kernel/time/posix-cpu-timers.c:918:62: warning: implicit cast to nocast type
kernel/time/posix-cpu-timers.c:922:44: warning: implicit cast from nocast type
kernel/time/posix-cpu-timers.c:923:30: warning: implicit cast from nocast type
kernel/time/posix-cpu-timers.c:986:38: warning: implicit cast from nocast type
kernel/time/posix-cpu-timers.c:987:40: warning: implicit cast from nocast type
kernel/time/posix-cpu-timers.c:1100:28: warning: incorrect type in argument 2 (different modifiers)
kernel/time/posix-cpu-timers.c:1100:28:    expected unsigned long [nocast] [usertype] *utime
kernel/time/posix-cpu-timers.c:1100:28:    got unsigned long *<noident>
kernel/time/posix-cpu-timers.c:1100:28: warning: implicit cast to nocast type
kernel/time/posix-cpu-timers.c:1100:36: warning: incorrect type in argument 3 (different modifiers)
kernel/time/posix-cpu-timers.c:1100:36:    expected unsigned long [nocast] [usertype] *stime
kernel/time/posix-cpu-timers.c:1100:36:    got unsigned long *<noident>
kernel/time/posix-cpu-timers.c:1100:36: warning: implicit cast to nocast type
kernel/time/posix-cpu-timers.c:1216:29: warning: implicit cast from nocast type
kernel/time/posix-cpu-timers.c:1220:44: warning: implicit cast to nocast type
kernel/time/posix-cpu-timers.c:1226:28: warning: implicit cast to nocast type
kernel/kexec.c:64:13: warning: symbol 'kexec_purgatory' was not declared. Should it be static?
kernel/kexec.c:65:15: warning: symbol 'kexec_purgatory_size' was not declared. Should it be static?
drivers/clk/clk.c:2644:5: warning: symbol '__clk_get' was not declared. Should it be static?
drivers/clk/clk.c:2657:6: warning: symbol '__clk_put' was not declared. Should it be static?
drivers/clk/clk.c:3049:37: warning: incorrect type in assignment (different modifiers)
drivers/clk/clk.c:3049:37:    expected void ( *[usertype] clk_init_cb )( ... )
drivers/clk/clk.c:3049:37:    got void const *const data
drivers/clk/clk.c:116:22: warning: context imbalance in 'clk_enable_lock' - wrong count at exit
drivers/clk/clk.c:141:9: warning: context imbalance in 'clk_enable_unlock' - unexpected unlock
drivers/clk/clk-divider.c:380:12: warning: context imbalance in 'clk_divider_set_rate' - different lock contexts for basic block
fs/jbd2/transaction.c:190:17: warning: context imbalance in 'add_transaction_credits' - unexpected unlock
fs/jbd2/transaction.c:306:9: warning: context imbalance in 'start_this_handle' - different lock contexts for basic block
fs/jbd2/transaction.c:1102:20: warning: context imbalance in 'jbd2_journal_get_create_access' - different lock contexts for basic block
kernel/cgroup.c:822:15: warning: memcpy with byte count of 0
kernel/cgroup.c:3647:9: warning: context imbalance in 'css_task_iter_start' - wrong count at exit
kernel/cgroup.c:3694:6: warning: context imbalance in 'css_task_iter_end' - wrong count at exit
drivers/clk/clk-gate.c:71:9: warning: context imbalance in 'clk_gate_endisable' - different lock contexts for basic block
drivers/clk/clk-mux.c:69:12: warning: context imbalance in 'clk_mux_set_parent' - different lock contexts for basic block
kernel/time/jiffies.c:107:20: warning: symbol 'refined_jiffies' was not declared. Should it be static?
drivers/clk/clk-fractional-divider.c:36:9: warning: context imbalance in 'clk_fd_recalc_rate' - different lock contexts for basic block
drivers/clk/clk-fractional-divider.c:65:12: warning: context imbalance in 'clk_fd_set_rate' - different lock contexts for basic block
drivers/clk/clk-gpio-gate.c:189:13: warning: symbol 'of_gpio_gate_clk_setup' was not declared. Should it be static?
drivers/clk/clk-max-gen.c:82:16: warning: symbol 'max_gen_clk_ops' was not declared. Should it be static?
drivers/clk/clk-max-gen.c:109:5: warning: symbol 'max_gen_clk_probe' was not declared. Should it be static?
drivers/clk/clk-max-gen.c:183:5: warning: symbol 'max_gen_clk_remove' was not declared. Should it be static?
kernel/stop_machine.c:520:36: warning: incorrect type in initializer (different address spaces)
kernel/stop_machine.c:520:36:    expected struct task_struct [noderef] <asn:3>**store
kernel/stop_machine.c:520:36:    got struct task_struct *static [noderef] [toplevel] <asn:3>*<noident>
kernel/hung_task.c:24:19: warning: symbol 'sysctl_hung_task_check_count' was not declared. Should it be static?
kernel/hung_task.c:38:29: warning: symbol 'sysctl_hung_task_timeout_secs' was not declared. Should it be static?
kernel/hung_task.c:40:19: warning: symbol 'sysctl_hung_task_warnings' was not declared. Should it be static?
kernel/hung_task.c:50:28: warning: symbol 'sysctl_hung_task_panic' was not declared. Should it be static?
kernel/hung_task.c:197:5: warning: symbol 'proc_dohung_task_timeout_secs' was not declared. Should it be static?
drivers/clk/bcm/clk-kona.c:1257:16: warning: odd constant _Bool cast (ffffffffffffffea becomes 1)
include/linux/spinlock_api_smp.h:153:27: warning: context imbalance in '__jbd2_log_wait_for_space' - unexpected unlock
kernel/time/clockevents.c:614:17: warning: symbol 'clockevents_subsys' was not declared. Should it be static?
drivers/clk/bcm/clk-kona-setup.c:24:1: warning: symbol 'ccu_list' was not declared. Should it be static?
lib/vsprintf.c:695:18: warning: Variable length array is used.
lib/vsprintf.c:698:38: error: cannot size expression
drivers/clk/berlin/berlin2-pll.c:94:12: warning: symbol 'berlin2_pll_register' was not declared. Should it be static?
kernel/time/tick-sched.c:402:5: warning: symbol 'tick_nohz_active' was not declared. Should it be static?
drivers/clk/berlin/berlin2-div.c:90:9: warning: context imbalance in 'berlin2_div_is_enabled' - different lock contexts for basic block
drivers/clk/berlin/berlin2-div.c:93:12: warning: context imbalance in 'berlin2_div_enable' - different lock contexts for basic block
drivers/clk/berlin/berlin2-div.c:125:9: warning: context imbalance in 'berlin2_div_disable' - different lock contexts for basic block
drivers/clk/berlin/berlin2-div.c:129:12: warning: context imbalance in 'berlin2_div_set_parent' - different lock contexts for basic block
drivers/clk/berlin/berlin2-div.c:183:9: warning: context imbalance in 'berlin2_div_get_parent' - different lock contexts for basic block
drivers/clk/berlin/berlin2-div.c:219:9: warning: context imbalance in 'berlin2_div_recalc_rate' - different lock contexts for basic block
drivers/clk/hisilicon/clkgate-separated.c:48:12: warning: context imbalance in 'clkgate_separated_enable' - different lock contexts for basic block
drivers/clk/hisilicon/clkgate-separated.c:77:9: warning: context imbalance in 'clkgate_separated_disable' - different lock contexts for basic block
kernel/watchdog.c:220:9: warning: expression using sizeof bool
kernel/watchdog.c:327:21: warning: expression using sizeof bool
kernel/watchdog.c:332:25: warning: expression using sizeof bool
kernel/watchdog.c:359:21: warning: expression using sizeof bool
kernel/watchdog.c:370:33: warning: expression using sizeof bool
kernel/watchdog.c:382:33: warning: expression using sizeof bool
kernel/watchdog.c:412:17: warning: expression using sizeof bool
kernel/watchdog.c:414:17: warning: expression using sizeof bool
kernel/watchdog.c:576:36: warning: incorrect type in initializer (different address spaces)
kernel/watchdog.c:576:36:    expected struct task_struct [noderef] <asn:3>**store
kernel/watchdog.c:576:36:    got struct task_struct *static [noderef] [toplevel] <asn:3>*<noident>
drivers/clk/hisilicon/clk-hix5hd2.c:255:13: warning: symbol 'hix5hd2_clk_register_complex' was not declared. Should it be static?
drivers/clk/keystone/gate.c:118:12: warning: context imbalance in 'keystone_clk_enable' - different lock contexts for basic block
drivers/clk/keystone/gate.c:148:9: warning: context imbalance in 'keystone_clk_disable' - different lock contexts for basic block
kernel/elfcore.c:6:17: warning: symbol 'elf_core_extra_phdrs' was not declared. Should it be static?
kernel/elfcore.c:11:12: warning: symbol 'elf_core_write_extra_phdrs' was not declared. Should it be static?
kernel/elfcore.c:16:12: warning: symbol 'elf_core_write_extra_data' was not declared. Should it be static?
kernel/elfcore.c:21:15: warning: symbol 'elf_core_extra_data_size' was not declared. Should it be static?
net/ipv4/inet_connection_sock.c:205:9: warning: context imbalance in 'inet_csk_get_port' - different lock contexts for basic block
kernel/irq_work.c:52:13: warning: symbol 'arch_irq_work_raise' was not declared. Should it be static?
include/net/sock.h:1534:31: warning: context imbalance in 'tcp_ioctl' - unexpected unlock
net/ipv4/tcp_ipv4.c:1392:20: warning: context imbalance in 'tcp_v4_hnd_req' - different lock contexts for basic block
include/net/sock.h:518:54: warning: context imbalance in 'listening_get_next' - unexpected unlock
net/ipv4/tcp_ipv4.c:2002:9: warning: context imbalance in 'established_get_first' - wrong count at exit
net/ipv4/tcp_ipv4.c:2022:40: warning: context imbalance in 'established_get_next' - unexpected unlock
net/ipv4/tcp_ipv4.c:2152:69: warning: context imbalance in 'tcp_seq_stop' - unexpected unlock
net/ipv4/tcp_minisocks.c:833:9: warning: context imbalance in 'tcp_child_process' - unexpected unlock
drivers/clk/rockchip/clk-rk3188.c:29:32: warning: symbol 'rk3188_pll_rates' was not declared. Should it be static?
drivers/clk/rockchip/clk-rk3288.c:30:32: warning: symbol 'rk3288_pll_rates' was not declared. Should it be static?
net/ipv4/tcp_fastopen.c:201:9: warning: context imbalance in 'tcp_fastopen_create_child' - unexpected unlock
net/ipv4/tcp_offload.c:32:16: warning: symbol 'tcp4_gso_segment' was not declared. Should it be static?
net/ipv4/raw.c:984:21: warning: context imbalance in 'raw_seq_start' - wrong count at exit
include/linux/rwlock_api_smp.h:226:9: warning: context imbalance in 'raw_seq_stop' - unexpected unlock
include/net/sock.h:1534:31: warning: context imbalance in 'first_packet_length' - unexpected unlock
include/net/sock.h:1534:31: warning: context imbalance in 'udp_recvmsg' - unexpected unlock
include/net/sock.h:1534:31: warning: context imbalance in 'udp_destroy_sock' - unexpected unlock
net/ipv4/udp.c:2299:9: warning: context imbalance in 'udp_get_first' - wrong count at exit
net/ipv4/udp.c:2313:39: warning: context imbalance in 'udp_get_next' - unexpected unlock
net/ipv4/udp.c:2355:31: warning: context imbalance in 'udp_seq_stop' - unexpected unlock
drivers/clk/samsung/clk-exynos5260.c:97:26: warning: symbol 'aud_mux_clks' was not declared. Should it be static?
drivers/clk/samsung/clk-exynos5260.c:106:26: warning: symbol 'aud_div_clks' was not declared. Should it be static?
drivers/clk/samsung/clk-exynos5260.c:118:27: warning: symbol 'aud_gate_clks' was not declared. Should it be static?
drivers/clk/samsung/clk-exynos5260.c:138:40: warning: Using plain integer as NULL pointer
drivers/clk/samsung/clk-exynos5260.c:206:26: warning: symbol 'disp_mux_clks' was not declared. Should it be static?
drivers/clk/samsung/clk-exynos5260.c:275:26: warning: symbol 'disp_div_clks' was not declared. Should it be static?
drivers/clk/samsung/clk-exynos5260.c:288:27: warning: symbol 'disp_gate_clks' was not declared. Should it be static?
drivers/clk/samsung/clk-exynos5260.c:328:40: warning: Using plain integer as NULL pointer
drivers/clk/samsung/clk-exynos5260.c:366:26: warning: symbol 'egl_mux_clks' was not declared. Should it be static?
drivers/clk/samsung/clk-exynos5260.c:372:26: warning: symbol 'egl_div_clks' was not declared. Should it be static?
drivers/clk/samsung/clk-exynos5260.c:392:40: warning: Using plain integer as NULL pointer
drivers/clk/samsung/clk-exynos5260.c:436:26: warning: symbol 'fsys_mux_clks' was not declared. Should it be static?
drivers/clk/samsung/clk-exynos5260.c:459:27: warning: symbol 'fsys_gate_clks' was not declared. Should it be static?
drivers/clk/samsung/clk-exynos5260.c:494:40: warning: Using plain integer as NULL pointer
drivers/clk/samsung/clk-exynos5260.c:540:26: warning: symbol 'g2d_mux_clks' was not declared. Should it be static?
drivers/clk/samsung/clk-exynos5260.c:546:26: warning: symbol 'g2d_div_clks' was not declared. Should it be static?
drivers/clk/samsung/clk-exynos5260.c:551:27: warning: symbol 'g2d_gate_clks' was not declared. Should it be static?
drivers/clk/samsung/clk-exynos5260.c:583:40: warning: Using plain integer as NULL pointer
drivers/clk/samsung/clk-exynos5260.c:620:26: warning: symbol 'g3d_mux_clks' was not declared. Should it be static?
drivers/clk/samsung/clk-exynos5260.c:625:26: warning: symbol 'g3d_div_clks' was not declared. Should it be static?
drivers/clk/samsung/clk-exynos5260.c:630:27: warning: symbol 'g3d_gate_clks' was not declared. Should it be static?
drivers/clk/samsung/clk-exynos5260.c:644:40: warning: Using plain integer as NULL pointer
drivers/clk/samsung/clk-exynos5260.c:697:26: warning: symbol 'gscl_mux_clks' was not declared. Should it be static?
drivers/clk/samsung/clk-exynos5260.c:711:26: warning: symbol 'gscl_div_clks' was not declared. Should it be static?
drivers/clk/samsung/clk-exynos5260.c:720:27: warning: symbol 'gscl_gate_clks' was not declared. Should it be static?
drivers/clk/samsung/clk-exynos5260.c:779:40: warning: Using plain integer as NULL pointer
drivers/clk/samsung/clk-exynos5260.c:816:26: warning: symbol 'isp_mux_clks' was not declared. Should it be static?
drivers/clk/samsung/clk-exynos5260.c:823:26: warning: symbol 'isp_div_clks' was not declared. Should it be static?
drivers/clk/samsung/clk-exynos5260.c:835:27: warning: symbol 'isp_gate_clks' was not declared. Should it be static?
drivers/clk/samsung/clk-exynos5260.c:898:40: warning: Using plain integer as NULL pointer
drivers/clk/samsung/clk-exynos5260.c:937:26: warning: symbol 'kfc_mux_clks' was not declared. Should it be static?
drivers/clk/samsung/clk-exynos5260.c:943:26: warning: symbol 'kfc_div_clks' was not declared. Should it be static?
drivers/clk/samsung/clk-exynos5260.c:962:40: warning: Using plain integer as NULL pointer
drivers/clk/samsung/clk-exynos5260.c:996:26: warning: symbol 'mfc_mux_clks' was not declared. Should it be static?
drivers/clk/samsung/clk-exynos5260.c:1002:26: warning: symbol 'mfc_div_clks' was not declared. Should it be static?
drivers/clk/samsung/clk-exynos5260.c:1007:27: warning: symbol 'mfc_gate_clks' was not declared. Should it be static?
drivers/clk/samsung/clk-exynos5260.c:1018:40: warning: Using plain integer as NULL pointer
drivers/clk/samsung/clk-exynos5260.c:1081:26: warning: symbol 'mif_mux_clks' was not declared. Should it be static?
drivers/clk/samsung/clk-exynos5260.c:1098:26: warning: symbol 'mif_div_clks' was not declared. Should it be static?
drivers/clk/samsung/clk-exynos5260.c:1117:27: warning: symbol 'mif_gate_clks' was not declared. Should it be static?
drivers/clk/samsung/clk-exynos5260.c:1165:40: warning: Using plain integer as NULL pointer
drivers/clk/samsung/clk-exynos5260.c:1224:26: warning: symbol 'peri_mux_clks' was not declared. Should it be static?
drivers/clk/samsung/clk-exynos5260.c:1233:26: warning: symbol 'peri_div_clks' was not declared. Should it be static?
drivers/clk/samsung/clk-exynos5260.c:1238:27: warning: symbol 'peri_gate_clks' was not declared. Should it be static?
drivers/clk/samsung/clk-exynos5260.c:1373:40: warning: Using plain integer as NULL pointer
drivers/clk/samsung/clk-exynos5260.c:1435:33: warning: symbol 'fixed_rate_clks' was not declared. Should it be static?
drivers/clk/samsung/clk-exynos5260.c:1522:26: warning: symbol 'top_mux_clks' was not declared. Should it be static?
drivers/clk/samsung/clk-exynos5260.c:1682:26: warning: symbol 'top_div_clks' was not declared. Should it be static?
drivers/clk/samsung/clk-exynos5260.c:1803:27: warning: symbol 'top_gate_clks' was not declared. Should it be static?
drivers/clk/samsung/clk-exynos5260.c:1829:40: warning: Using plain integer as NULL pointer
drivers/clk/samsung/clk-exynos5420.c:506:26: warning: symbol 'exynos5800_mux_clks' was not declared. Should it be static?
drivers/clk/samsung/clk-exynos5420.c:555:26: warning: symbol 'exynos5800_div_clks' was not declared. Should it be static?
drivers/clk/samsung/clk-exynos5420.c:571:27: warning: symbol 'exynos5800_gate_clks' was not declared. Should it be static?
drivers/clk/samsung/clk-exynos5420.c:578:26: warning: symbol 'exynos5420_mux_clks' was not declared. Should it be static?
drivers/clk/samsung/clk-exynos5420.c:608:26: warning: symbol 'exynos5420_div_clks' was not declared. Should it be static?
net/ipv4/icmp.c:387:13: warning: context imbalance in 'icmp_reply' - different lock contexts for basic block
net/ipv4/icmp.c:544:6: warning: context imbalance in 'icmp_send' - different lock contexts for basic block
drivers/clk/sirf/clk-common.c:60:16: warning: incorrect type in argument 1 (different address spaces)
drivers/clk/sirf/clk-common.c:60:16:    expected void const volatile [noderef] <asn:2>*addr
drivers/clk/sirf/clk-common.c:60:16:    got void *
drivers/clk/sirf/clk-common.c:60:16: warning: incorrect type in argument 1 (different address spaces)
drivers/clk/sirf/clk-common.c:60:16:    expected void const volatile [noderef] <asn:2>*addr
drivers/clk/sirf/clk-common.c:60:16:    got void *
drivers/clk/sirf/clk-common.c:65:9: warning: incorrect type in argument 2 (different address spaces)
drivers/clk/sirf/clk-common.c:65:9:    expected void volatile [noderef] <asn:2>*addr
drivers/clk/sirf/clk-common.c:65:9:    got void *
drivers/clk/sirf/clk-common.c:60:16: warning: incorrect type in argument 1 (different address spaces)
drivers/clk/sirf/clk-common.c:60:16:    expected void const volatile [noderef] <asn:2>*addr
drivers/clk/sirf/clk-common.c:60:16:    got void *
drivers/clk/sirf/clk-common.c:65:9: warning: incorrect type in argument 2 (different address spaces)
drivers/clk/sirf/clk-common.c:65:9:    expected void volatile [noderef] <asn:2>*addr
drivers/clk/sirf/clk-common.c:65:9:    got void *
drivers/clk/sirf/clk-common.c:60:16: warning: incorrect type in argument 1 (different address spaces)
drivers/clk/sirf/clk-common.c:60:16:    expected void const volatile [noderef] <asn:2>*addr
drivers/clk/sirf/clk-common.c:60:16:    got void *
drivers/clk/sirf/clk-common.c:60:16: warning: incorrect type in argument 1 (different address spaces)
drivers/clk/sirf/clk-common.c:60:16:    expected void const volatile [noderef] <asn:2>*addr
drivers/clk/sirf/clk-common.c:60:16:    got void *
drivers/clk/sirf/clk-common.c:65:9: warning: incorrect type in argument 2 (different address spaces)
drivers/clk/sirf/clk-common.c:65:9:    expected void volatile [noderef] <asn:2>*addr
drivers/clk/sirf/clk-common.c:65:9:    got void *
drivers/clk/sirf/clk-common.c:65:9: warning: incorrect type in argument 2 (different address spaces)
drivers/clk/sirf/clk-common.c:65:9:    expected void volatile [noderef] <asn:2>*addr
drivers/clk/sirf/clk-common.c:65:9:    got void *
drivers/clk/sirf/clk-common.c:60:16: warning: incorrect type in argument 1 (different address spaces)
drivers/clk/sirf/clk-common.c:60:16:    expected void const volatile [noderef] <asn:2>*addr
drivers/clk/sirf/clk-common.c:60:16:    got void *
drivers/clk/sirf/clk-common.c:243:19: warning: incorrect type in argument 1 (different address spaces)
drivers/clk/sirf/clk-common.c:243:19:    expected void const volatile [noderef] <asn:2>*addr
drivers/clk/sirf/clk-common.c:243:19:    got void *
drivers/clk/sirf/clk-common.c:245:9: warning: incorrect type in argument 2 (different address spaces)
drivers/clk/sirf/clk-common.c:245:9:    expected void volatile [noderef] <asn:2>*addr
drivers/clk/sirf/clk-common.c:245:9:    got void *
drivers/clk/sirf/clk-common.c:246:18: warning: incorrect type in argument 1 (different address spaces)
drivers/clk/sirf/clk-common.c:246:18:    expected void const volatile [noderef] <asn:2>*addr
drivers/clk/sirf/clk-common.c:246:18:    got void *
drivers/clk/sirf/clk-common.c:255:19: warning: incorrect type in argument 1 (different address spaces)
drivers/clk/sirf/clk-common.c:255:19:    expected void const volatile [noderef] <asn:2>*addr
drivers/clk/sirf/clk-common.c:255:19:    got void *
drivers/clk/sirf/clk-common.c:257:9: warning: incorrect type in argument 2 (different address spaces)
drivers/clk/sirf/clk-common.c:257:9:    expected void volatile [noderef] <asn:2>*addr
drivers/clk/sirf/clk-common.c:257:9:    got void *
drivers/clk/sirf/clk-common.c:262:19: warning: incorrect type in argument 1 (different address spaces)
drivers/clk/sirf/clk-common.c:262:19:    expected void const volatile [noderef] <asn:2>*addr
drivers/clk/sirf/clk-common.c:262:19:    got void *
drivers/clk/sirf/clk-common.c:60:16: warning: incorrect type in argument 1 (different address spaces)
drivers/clk/sirf/clk-common.c:60:16:    expected void const volatile [noderef] <asn:2>*addr
drivers/clk/sirf/clk-common.c:60:16:    got void *
drivers/clk/sirf/clk-common.c:60:16: warning: incorrect type in argument 1 (different address spaces)
drivers/clk/sirf/clk-common.c:60:16:    expected void const volatile [noderef] <asn:2>*addr
drivers/clk/sirf/clk-common.c:60:16:    got void *
drivers/clk/sirf/clk-common.c:65:9: warning: incorrect type in argument 2 (different address spaces)
drivers/clk/sirf/clk-common.c:65:9:    expected void volatile [noderef] <asn:2>*addr
drivers/clk/sirf/clk-common.c:65:9:    got void *
drivers/clk/sirf/clk-common.c:60:16: warning: incorrect type in argument 1 (different address spaces)
drivers/clk/sirf/clk-common.c:60:16:    expected void const volatile [noderef] <asn:2>*addr
drivers/clk/sirf/clk-common.c:60:16:    got void *
drivers/clk/sirf/clk-common.c:60:16: warning: incorrect type in argument 1 (different address spaces)
drivers/clk/sirf/clk-common.c:60:16:    expected void const volatile [noderef] <asn:2>*addr
drivers/clk/sirf/clk-common.c:60:16:    got void *
drivers/clk/sirf/clk-common.c:60:16: warning: incorrect type in argument 1 (different address spaces)
drivers/clk/sirf/clk-common.c:60:16:    expected void const volatile [noderef] <asn:2>*addr
drivers/clk/sirf/clk-common.c:60:16:    got void *
drivers/clk/sirf/clk-common.c:65:9: warning: incorrect type in argument 2 (different address spaces)
drivers/clk/sirf/clk-common.c:65:9:    expected void volatile [noderef] <asn:2>*addr
drivers/clk/sirf/clk-common.c:65:9:    got void *
drivers/clk/sirf/clk-common.c:60:16: warning: incorrect type in argument 1 (different address spaces)
drivers/clk/sirf/clk-common.c:60:16:    expected void const volatile [noderef] <asn:2>*addr
drivers/clk/sirf/clk-common.c:60:16:    got void *
drivers/clk/sirf/clk-prima2.c:123:27: warning: incorrect type in assignment (different address spaces)
drivers/clk/sirf/clk-prima2.c:123:27:    expected void *static [toplevel] sirfsoc_rsc_vbase
drivers/clk/sirf/clk-prima2.c:123:27:    got void [noderef] <asn:2>*
drivers/clk/sirf/clk-prima2.c:128:27: warning: incorrect type in assignment (different address spaces)
drivers/clk/sirf/clk-prima2.c:128:27:    expected void *static [toplevel] sirfsoc_clk_vbase
drivers/clk/sirf/clk-prima2.c:128:27:    got void [noderef] <asn:2>*
drivers/clk/sirf/clk-common.c:60:16: warning: incorrect type in argument 1 (different address spaces)
drivers/clk/sirf/clk-common.c:60:16:    expected void const volatile [noderef] <asn:2>*addr
drivers/clk/sirf/clk-common.c:60:16:    got void *
drivers/clk/sirf/clk-common.c:60:16: warning: incorrect type in argument 1 (different address spaces)
drivers/clk/sirf/clk-common.c:60:16:    expected void const volatile [noderef] <asn:2>*addr
drivers/clk/sirf/clk-common.c:60:16:    got void *
drivers/clk/sirf/clk-common.c:65:9: warning: incorrect type in argument 2 (different address spaces)
drivers/clk/sirf/clk-common.c:65:9:    expected void volatile [noderef] <asn:2>*addr
drivers/clk/sirf/clk-common.c:65:9:    got void *
drivers/clk/sirf/clk-common.c:60:16: warning: incorrect type in argument 1 (different address spaces)
drivers/clk/sirf/clk-common.c:60:16:    expected void const volatile [noderef] <asn:2>*addr
drivers/clk/sirf/clk-common.c:60:16:    got void *
drivers/clk/sirf/clk-common.c:65:9: warning: incorrect type in argument 2 (different address spaces)
drivers/clk/sirf/clk-common.c:65:9:    expected void volatile [noderef] <asn:2>*addr
drivers/clk/sirf/clk-common.c:65:9:    got void *
drivers/clk/sirf/clk-common.c:60:16: warning: incorrect type in argument 1 (different address spaces)
drivers/clk/sirf/clk-common.c:60:16:    expected void const volatile [noderef] <asn:2>*addr
drivers/clk/sirf/clk-common.c:60:16:    got void *
drivers/clk/sirf/clk-common.c:60:16: warning: incorrect type in argument 1 (different address spaces)
drivers/clk/sirf/clk-common.c:60:16:    expected void const volatile [noderef] <asn:2>*addr
drivers/clk/sirf/clk-common.c:60:16:    got void *
drivers/clk/sirf/clk-common.c:65:9: warning: incorrect type in argument 2 (different address spaces)
drivers/clk/sirf/clk-common.c:65:9:    expected void volatile [noderef] <asn:2>*addr
drivers/clk/sirf/clk-common.c:65:9:    got void *
drivers/clk/sirf/clk-common.c:65:9: warning: incorrect type in argument 2 (different address spaces)
drivers/clk/sirf/clk-common.c:65:9:    expected void volatile [noderef] <asn:2>*addr
drivers/clk/sirf/clk-common.c:65:9:    got void *
drivers/clk/sirf/clk-common.c:60:16: warning: incorrect type in argument 1 (different address spaces)
drivers/clk/sirf/clk-common.c:60:16:    expected void const volatile [noderef] <asn:2>*addr
drivers/clk/sirf/clk-common.c:60:16:    got void *
drivers/clk/sirf/clk-common.c:243:19: warning: incorrect type in argument 1 (different address spaces)
drivers/clk/sirf/clk-common.c:243:19:    expected void const volatile [noderef] <asn:2>*addr
drivers/clk/sirf/clk-common.c:243:19:    got void *
drivers/clk/sirf/clk-common.c:245:9: warning: incorrect type in argument 2 (different address spaces)
drivers/clk/sirf/clk-common.c:245:9:    expected void volatile [noderef] <asn:2>*addr
drivers/clk/sirf/clk-common.c:245:9:    got void *
drivers/clk/sirf/clk-common.c:246:18: warning: incorrect type in argument 1 (different address spaces)
drivers/clk/sirf/clk-common.c:246:18:    expected void const volatile [noderef] <asn:2>*addr
drivers/clk/sirf/clk-common.c:246:18:    got void *
drivers/clk/sirf/clk-common.c:255:19: warning: incorrect type in argument 1 (different address spaces)
drivers/clk/sirf/clk-common.c:255:19:    expected void const volatile [noderef] <asn:2>*addr
drivers/clk/sirf/clk-common.c:255:19:    got void *
drivers/clk/sirf/clk-common.c:257:9: warning: incorrect type in argument 2 (different address spaces)
drivers/clk/sirf/clk-common.c:257:9:    expected void volatile [noderef] <asn:2>*addr
drivers/clk/sirf/clk-common.c:257:9:    got void *
drivers/clk/sirf/clk-common.c:262:19: warning: incorrect type in argument 1 (different address spaces)
drivers/clk/sirf/clk-common.c:262:19:    expected void const volatile [noderef] <asn:2>*addr
drivers/clk/sirf/clk-common.c:262:19:    got void *
drivers/clk/sirf/clk-common.c:60:16: warning: incorrect type in argument 1 (different address spaces)
drivers/clk/sirf/clk-common.c:60:16:    expected void const volatile [noderef] <asn:2>*addr
drivers/clk/sirf/clk-common.c:60:16:    got void *
drivers/clk/sirf/clk-common.c:60:16: warning: incorrect type in argument 1 (different address spaces)
drivers/clk/sirf/clk-common.c:60:16:    expected void const volatile [noderef] <asn:2>*addr
drivers/clk/sirf/clk-common.c:60:16:    got void *
drivers/clk/sirf/clk-common.c:65:9: warning: incorrect type in argument 2 (different address spaces)
drivers/clk/sirf/clk-common.c:65:9:    expected void volatile [noderef] <asn:2>*addr
drivers/clk/sirf/clk-common.c:65:9:    got void *
drivers/clk/sirf/clk-common.c:60:16: warning: incorrect type in argument 1 (different address spaces)
drivers/clk/sirf/clk-common.c:60:16:    expected void const volatile [noderef] <asn:2>*addr
drivers/clk/sirf/clk-common.c:60:16:    got void *
drivers/clk/sirf/clk-common.c:60:16: warning: incorrect type in argument 1 (different address spaces)
drivers/clk/sirf/clk-common.c:60:16:    expected void const volatile [noderef] <asn:2>*addr
drivers/clk/sirf/clk-common.c:60:16:    got void *
drivers/clk/sirf/clk-common.c:60:16: warning: incorrect type in argument 1 (different address spaces)
drivers/clk/sirf/clk-common.c:60:16:    expected void const volatile [noderef] <asn:2>*addr
drivers/clk/sirf/clk-common.c:60:16:    got void *
drivers/clk/sirf/clk-common.c:65:9: warning: incorrect type in argument 2 (different address spaces)
drivers/clk/sirf/clk-common.c:65:9:    expected void volatile [noderef] <asn:2>*addr
drivers/clk/sirf/clk-common.c:65:9:    got void *
drivers/clk/sirf/clk-common.c:60:16: warning: incorrect type in argument 1 (different address spaces)
drivers/clk/sirf/clk-common.c:60:16:    expected void const volatile [noderef] <asn:2>*addr
drivers/clk/sirf/clk-common.c:60:16:    got void *
drivers/clk/sirf/clk-atlas6.c:124:27: warning: incorrect type in assignment (different address spaces)
drivers/clk/sirf/clk-atlas6.c:124:27:    expected void *static [toplevel] sirfsoc_rsc_vbase
drivers/clk/sirf/clk-atlas6.c:124:27:    got void [noderef] <asn:2>*
drivers/clk/sirf/clk-atlas6.c:129:27: warning: incorrect type in assignment (different address spaces)
drivers/clk/sirf/clk-atlas6.c:129:27:    expected void *static [toplevel] sirfsoc_clk_vbase
drivers/clk/sirf/clk-atlas6.c:129:27:    got void [noderef] <asn:2>*
net/ipv4/igmp.c:2621:31: warning: context imbalance in 'igmp_mcf_get_next' - unexpected unlock
net/ipv4/igmp.c:2649:9: warning: context imbalance in 'igmp_mcf_get_idx' - wrong count at exit
net/ipv4/igmp.c:2666:9: warning: context imbalance in 'igmp_mcf_seq_next' - wrong count at exit
net/ipv4/igmp.c:2678:9: warning: context imbalance in 'igmp_mcf_seq_stop' - unexpected unlock
drivers/clk/socfpga/clk-gate.c:115:22: warning: cast removes address space of expression
drivers/clk/socfpga/clk-gate.c:227:40: warning: Using plain integer as NULL pointer
drivers/clk/socfpga/clk-periph.c:79:39: warning: Using plain integer as NULL pointer
drivers/clk/spear/clk-aux-synth.c:80:9: warning: context imbalance in 'clk_aux_recalc_rate' - different lock contexts for basic block
drivers/clk/spear/clk-aux-synth.c:99:12: warning: context imbalance in 'clk_aux_set_rate' - different lock contexts for basic block
drivers/clk/spear/clk-frac-synth.c:83:9: warning: context imbalance in 'clk_frac_recalc_rate' - different lock contexts for basic block
drivers/clk/spear/clk-frac-synth.c:95:12: warning: context imbalance in 'clk_frac_set_rate' - different lock contexts for basic block
drivers/clk/spear/clk-gpt-synth.c:70:9: warning: context imbalance in 'clk_gpt_recalc_rate' - different lock contexts for basic block
drivers/clk/spear/clk-gpt-synth.c:80:12: warning: context imbalance in 'clk_gpt_set_rate' - different lock contexts for basic block
net/ipv4/ping.c:1064:21: warning: context imbalance in 'ping_seq_start' - wrong count at exit
net/ipv4/ping.c:1087:6: warning: context imbalance in 'ping_seq_stop' - unexpected unlock
drivers/clk/spear/clk-vco-pll.c:139:9: warning: context imbalance in 'clk_pll_recalc_rate' - different lock contexts for basic block
drivers/clk/spear/clk-vco-pll.c:144:12: warning: context imbalance in 'clk_pll_set_rate' - different lock contexts for basic block
drivers/clk/spear/clk-vco-pll.c:209:9: warning: context imbalance in 'clk_vco_recalc_rate' - different lock contexts for basic block
drivers/clk/spear/clk-vco-pll.c:230:12: warning: context imbalance in 'clk_vco_set_rate' - different lock contexts for basic block
drivers/clk/spear/spear1310_clock.c:386:13: warning: symbol 'spear1310_clk_init' was not declared. Should it be static?
drivers/clk/spear/spear1340_clock.c:443:13: warning: symbol 'spear1340_clk_init' was not declared. Should it be static?
net/ipv6/tcpv6_offload.c:44:16: warning: symbol 'tcp6_gso_segment' was not declared. Should it be static?
drivers/clk/st/clkgen-mux.c:134:4: warning: symbol 'clkgena_divmux_get_parent' was not declared. Should it be static?
drivers/clk/st/clkgen-mux.c:171:15: warning: symbol 'clkgena_divmux_recalc_rate' was not declared. Should it be static?
drivers/clk/st/clkgen-mux.c:218:12: warning: symbol 'clk_register_genamux' was not declared. Should it be static?
drivers/clk/st/clkgen-mux.c:388:13: warning: symbol 'st_of_clkgena_divmux_setup' was not declared. Should it be static?
drivers/clk/st/clkgen-mux.c:488:13: warning: symbol 'st_of_clkgena_prediv_setup' was not declared. Should it be static?
drivers/clk/st/clkgen-mux.c:625:13: warning: symbol 'st_of_clkgen_mux_setup' was not declared. Should it be static?
drivers/clk/st/clkgen-mux.c:702:13: warning: symbol 'st_of_clkgen_vcc_setup' was not declared. Should it be static?
drivers/clk/st/clkgen-pll.c:273:15: warning: symbol 'recalc_stm_pll800c65' was not declared. Should it be static?
drivers/clk/st/clkgen-pll.c:300:15: warning: symbol 'recalc_stm_pll1600c65' was not declared. Should it be static?
drivers/clk/st/clkgen-pll.c:324:15: warning: symbol 'recalc_stm_pll3200c32' was not declared. Should it be static?
drivers/clk/st/clkgen-pll.c:346:15: warning: symbol 'recalc_stm_pll1200c32' was not declared. Should it be static?
drivers/clk/st/clkgen-pll.c:565:19: warning: incorrect type in assignment (different address spaces)
drivers/clk/st/clkgen-pll.c:565:19:    expected void [noderef] <asn:2>*reg
drivers/clk/st/clkgen-pll.c:565:19:    got void *
drivers/clk/st/clkgen-pll.c:576:18: warning: incorrect type in assignment (different address spaces)
drivers/clk/st/clkgen-pll.c:576:18:    expected void [noderef] <asn:2>*reg
drivers/clk/st/clkgen-pll.c:576:18:    got void *
drivers/clk/st/clkgen-pll.c:693:53: warning: incorrect type in argument 2 (different address spaces)
drivers/clk/st/clkgen-pll.c:693:53:    expected void *[noderef] <asn:2>reg
drivers/clk/st/clkgen-pll.c:693:53:    got void [noderef] <asn:2>*[assigned] pll_base
drivers/clk/st/clkgen-fsyn.c:495:5: warning: symbol 'clk_fs660c32_vco_get_rate' was not declared. Should it be static?
drivers/clk/st/clkgen-fsyn.c:522:5: warning: symbol 'clk_fs660c32_vco_get_params' was not declared. Should it be static?
drivers/clk/st/clkgen-fsyn.c:456:9: warning: context imbalance in 'quadfs_pll_enable' - different lock contexts for basic block
drivers/clk/st/clkgen-fsyn.c:483:9: warning: context imbalance in 'quadfs_pll_disable' - different lock contexts for basic block
drivers/clk/st/clkgen-fsyn.c:599:9: warning: context imbalance in 'quadfs_pll_fs660c32_set_rate' - different lock contexts for basic block
drivers/clk/st/clkgen-fsyn.c:738:9: warning: context imbalance in 'quadfs_fsynth_program_rate' - different lock contexts for basic block
drivers/clk/st/clkgen-fsyn.c:762:9: warning: context imbalance in 'quadfs_fsynth_enable' - different lock contexts for basic block
drivers/clk/st/clkgen-fsyn.c:779:9: warning: context imbalance in 'quadfs_fsynth_disable' - different lock contexts for basic block
net/ipv4/ipconfig.c:139:8: warning: symbol 'ic_addrservaddr' was not declared. Should it be static?
drivers/clk/st/clk-flexgen.c:119:15: warning: symbol 'flexgen_recalc_rate' was not declared. Should it be static?
drivers/clk/st/clk-flexgen.c:177:12: warning: symbol 'clk_register_flexgen' was not declared. Should it be static?
drivers/clk/st/clk-flexgen.c:263:13: warning: symbol 'st_of_flexgen_setup' was not declared. Should it be static?
drivers/clk/sunxi/clk-sunxi.c:909:29: warning: excessive elements in array initializer
drivers/clk/sunxi/clk-sunxi.c:913:30: warning: excessive elements in array initializer
drivers/clk/sunxi/clk-sunxi.c:917:30: warning: excessive elements in array initializer
drivers/clk/sunxi/clk-sunxi.c:921:30: warning: excessive elements in array initializer
drivers/clk/sunxi/clk-sunxi.c:925:31: warning: excessive elements in array initializer
drivers/clk/sunxi/clk-sunxi.c:929:30: warning: excessive elements in array initializer
fs/notify/fdinfo.c:51:87: warning: Using plain integer as NULL pointer
fs/notify/fdinfo.c:94:6: warning: symbol 'inotify_show_fdinfo' was not declared. Should it be static?
drivers/clk/sunxi/clk-factors.c:119:12: warning: context imbalance in 'clk_factors_set_rate' - different lock contexts for basic block
drivers/clocksource/clksrc-of.c:37:27: warning: incorrect type in assignment (different modifiers)
drivers/clocksource/clksrc-of.c:37:27:    expected void ( *[usertype] init_func )( ... )
drivers/clocksource/clksrc-of.c:37:27:    got void const *const data
drivers/clk/tegra/clk-divider.c:141:9: warning: context imbalance in 'clk_frac_div_set_rate' - different lock contexts for basic block
fs/ntfs/compress.c:199:58: warning: Variable length array is used.
include/linux/spinlock_api_smp.h:153:27: warning: context imbalance in 'ntfs_decompress' - unexpected unlock
fs/ntfs/compress.c:895:16: warning: context imbalance in 'ntfs_read_compressed_block' - different lock contexts for basic block
drivers/clocksource/time-armada-370-xp.c:244:20: warning: symbol 'armada_370_xp_timer_syscore_ops' was not declared. Should it be static?
drivers/clk/tegra/clk-pll.c:326:12: warning: context imbalance in 'clk_pll_enable' - different lock contexts for basic block
drivers/clk/tegra/clk-pll.c:355:9: warning: context imbalance in 'clk_pll_disable' - different lock contexts for basic block
drivers/clk/tegra/clk-pll.c:623:9: warning: context imbalance in 'clk_pll_set_rate' - different lock contexts for basic block
drivers/clk/tegra/clk-pll.c:874:12: warning: context imbalance in 'clk_pll_iddq_enable' - different lock contexts for basic block
drivers/clk/tegra/clk-pll.c:916:9: warning: context imbalance in 'clk_pll_iddq_disable' - different lock contexts for basic block
drivers/clk/tegra/clk-pll.c:1001:9: warning: context imbalance in 'clk_pllxc_set_rate' - different lock contexts for basic block
drivers/clk/tegra/clk-pll.c:1056:9: warning: context imbalance in 'clk_pllm_set_rate' - different lock contexts for basic block
drivers/clk/tegra/clk-pll.c:1072:12: warning: context imbalance in 'clk_pllc_enable' - different lock contexts for basic block
drivers/clk/tegra/clk-pll.c:1123:9: warning: context imbalance in 'clk_pllc_disable' - different lock contexts for basic block
drivers/clk/tegra/clk-pll.c:1203:9: warning: context imbalance in 'clk_pllc_set_rate' - different lock contexts for basic block
drivers/clk/tegra/clk-pll.c:1257:9: warning: context imbalance in 'clk_pllre_set_rate' - different lock contexts for basic block
drivers/clk/tegra/clk-pll.c:1389:9: warning: context imbalance in 'clk_plle_tegra114_enable' - different lock contexts for basic block
drivers/clk/tegra/clk-pll.c:1408:9: warning: context imbalance in 'clk_plle_tegra114_disable' - different lock contexts for basic block
drivers/clocksource/tegra20_timer.c:262:6: warning: symbol 'tegra_timer_suspend' was not declared. Should it be static?
drivers/clocksource/tegra20_timer.c:267:6: warning: symbol 'tegra_timer_resume' was not declared. Should it be static?
drivers/clk/tegra/clk-pll-out.c:42:12: warning: context imbalance in 'clk_pll_out_enable' - different lock contexts for basic block
drivers/clk/tegra/clk-pll-out.c:80:9: warning: context imbalance in 'clk_pll_out_disable' - different lock contexts for basic block
drivers/clk/tegra/clk-super.c:122:9: warning: context imbalance in 'clk_super_set_parent' - different lock contexts for basic block
net/netlink/af_netlink.c:2898:12: warning: context imbalance in 'netlink_walk_start' - different lock contexts for basic block
net/netlink/af_netlink.c:2912:13: warning: context imbalance in 'netlink_walk_stop' - unexpected unlock
drivers/clk/tegra/clk-tegra-periph.c:514:9: warning: Using plain integer as NULL pointer
drivers/clk/tegra/clk-tegra-periph.c:515:9: warning: Using plain integer as NULL pointer
drivers/clk/tegra/clk-tegra-periph.c:516:9: warning: Using plain integer as NULL pointer
drivers/clk/tegra/clk-tegra-periph.c:517:9: warning: Using plain integer as NULL pointer
drivers/clk/tegra/clk-tegra-periph.c:518:9: warning: Using plain integer as NULL pointer
drivers/clk/tegra/clk-tegra-periph.c:519:9: warning: Using plain integer as NULL pointer
drivers/clk/tegra/clk-tegra-periph.c:520:9: warning: Using plain integer as NULL pointer
drivers/clk/tegra/clk-tegra-periph.c:521:9: warning: Using plain integer as NULL pointer
drivers/clk/tegra/clk-tegra-periph.c:522:9: warning: Using plain integer as NULL pointer
drivers/clk/tegra/clk-tegra-periph.c:523:9: warning: Using plain integer as NULL pointer
drivers/clk/tegra/clk-tegra-periph.c:524:9: warning: Using plain integer as NULL pointer
drivers/clk/tegra/clk-tegra-periph.c:525:9: warning: Using plain integer as NULL pointer
drivers/clk/tegra/clk-tegra-periph.c:526:9: warning: Using plain integer as NULL pointer
drivers/clk/tegra/clk-tegra-periph.c:527:9: warning: Using plain integer as NULL pointer
drivers/clk/tegra/clk-tegra-periph.c:528:9: warning: Using plain integer as NULL pointer
drivers/clk/tegra/clk-tegra-periph.c:529:9: warning: Using plain integer as NULL pointer
drivers/clk/tegra/clk-tegra-periph.c:530:9: warning: Using plain integer as NULL pointer
drivers/clk/tegra/clk-tegra-periph.c:531:9: warning: Using plain integer as NULL pointer
drivers/clk/tegra/clk-tegra-periph.c:532:9: warning: Using plain integer as NULL pointer
drivers/clk/tegra/clk-tegra-periph.c:533:9: warning: Using plain integer as NULL pointer
drivers/clk/tegra/clk-tegra-periph.c:534:9: warning: Using plain integer as NULL pointer
drivers/clk/tegra/clk-tegra-periph.c:535:9: warning: Using plain integer as NULL pointer
drivers/clk/tegra/clk-tegra-periph.c:536:9: warning: Using plain integer as NULL pointer
drivers/clk/tegra/clk-tegra-periph.c:537:9: warning: Using plain integer as NULL pointer
drivers/clk/tegra/clk-tegra-periph.c:538:9: warning: Using plain integer as NULL pointer
drivers/clk/tegra/clk-tegra-periph.c:539:9: warning: Using plain integer as NULL pointer
drivers/clk/tegra/clk-tegra-periph.c:540:9: warning: Using plain integer as NULL pointer
drivers/clk/tegra/clk-tegra-periph.c:541:9: warning: Using plain integer as NULL pointer
drivers/clk/tegra/clk-tegra-periph.c:542:9: warning: Using plain integer as NULL pointer
drivers/clk/tegra/clk-tegra-periph.c:543:9: warning: Using plain integer as NULL pointer
drivers/clk/tegra/clk-tegra-periph.c:544:9: warning: Using plain integer as NULL pointer
drivers/clk/tegra/clk-tegra-periph.c:545:9: warning: Using plain integer as NULL pointer
drivers/clk/tegra/clk-tegra-periph.c:546:9: warning: Using plain integer as NULL pointer
drivers/clocksource/exynos_mct.c:212:20: warning: symbol 'mct_frc' was not declared. Should it be static?
drivers/clocksource/exynos_mct.c:567:13: warning: symbol 'mct_init' was not declared. Should it be static?
fs/proc/task_mmu.c:568:18: error: bad integer constant expression
fs/proc/task_mmu.c:569:18: error: bad integer constant expression
fs/proc/task_mmu.c:570:18: error: bad integer constant expression
fs/proc/task_mmu.c:571:18: error: bad integer constant expression
fs/proc/task_mmu.c:572:18: error: bad integer constant expression
fs/proc/task_mmu.c:573:18: error: bad integer constant expression
fs/proc/task_mmu.c:574:18: error: bad integer constant expression
fs/proc/task_mmu.c:575:18: error: bad integer constant expression
fs/proc/task_mmu.c:576:18: error: bad integer constant expression
fs/proc/task_mmu.c:577:18: error: bad integer constant expression
fs/proc/task_mmu.c:578:18: error: bad integer constant expression
fs/proc/task_mmu.c:582:18: error: bad integer constant expression
fs/proc/task_mmu.c:583:18: error: bad integer constant expression
fs/proc/task_mmu.c:584:18: error: bad integer constant expression
fs/proc/task_mmu.c:585:18: error: bad integer constant expression
fs/proc/task_mmu.c:586:18: error: bad integer constant expression
fs/proc/task_mmu.c:587:18: error: bad integer constant expression
fs/proc/task_mmu.c:588:18: error: bad integer constant expression
fs/proc/task_mmu.c:589:18: error: bad integer constant expression
fs/proc/task_mmu.c:590:18: error: bad integer constant expression
fs/proc/task_mmu.c:591:18: error: bad integer constant expression
fs/proc/task_mmu.c:592:18: error: bad integer constant expression
fs/proc/task_mmu.c:596:18: error: bad integer constant expression
fs/proc/task_mmu.c:597:18: error: bad integer constant expression
fs/proc/task_mmu.c:598:18: error: bad integer constant expression
fs/proc/task_mmu.c:599:18: error: bad integer constant expression
fs/proc/task_mmu.c:1305:23: error: incompatible types in comparison expression (different type sizes)
include/linux/bottom_half.h:32:30: warning: context imbalance in 'packet_direct_xmit' - different lock contexts for basic block
fs/ntfs/super.c:3100:1: error: directive in argument list
fs/ntfs/super.c:3102:1: error: directive in argument list
fs/ntfs/super.c:3104:1: error: directive in argument list
fs/ntfs/super.c:3105:1: error: directive in argument list
fs/ntfs/super.c:3107:1: error: directive in argument list
fs/ntfs/super.c:3108:1: error: directive in argument list
fs/ntfs/super.c:3110:1: error: directive in argument list
drivers/clk/ti/dpll.c:180:14: warning: symbol '_get_reg' was not declared. Should it be static?
drivers/cpufreq/cpufreq.c:54:1: warning: symbol 'cpufreq_governor_lock' was not declared. Should it be static?
drivers/cpufreq/cpufreq.c:205:23: warning: symbol 'cpufreq_cpu_get_raw' was not declared. Should it be static?
fs/proc/array.c:383:43: warning: implicit cast to nocast type
fs/proc/array.c:384:26: warning: implicit cast to nocast type
fs/proc/array.c:417:62: warning: incorrect type in argument 2 (different modifiers)
fs/proc/array.c:417:62:    expected unsigned long [nocast] [usertype] *ut
fs/proc/array.c:417:62:    got unsigned long *<noident>
fs/proc/array.c:417:62: warning: implicit cast to nocast type
fs/proc/array.c:417:70: warning: incorrect type in argument 3 (different modifiers)
fs/proc/array.c:417:70:    expected unsigned long [nocast] [usertype] *st
fs/proc/array.c:417:70:    got unsigned long *<noident>
fs/proc/array.c:417:70: warning: implicit cast to nocast type
fs/proc/array.c:433:46: warning: incorrect type in argument 2 (different modifiers)
fs/proc/array.c:433:46:    expected unsigned long [nocast] [usertype] *ut
fs/proc/array.c:433:46:    got unsigned long *<noident>
fs/proc/array.c:433:46: warning: implicit cast to nocast type
fs/proc/array.c:433:54: warning: incorrect type in argument 3 (different modifiers)
fs/proc/array.c:433:54:    expected unsigned long [nocast] [usertype] *st
fs/proc/array.c:433:54:    got unsigned long *<noident>
fs/proc/array.c:433:54: warning: implicit cast to nocast type
drivers/clk/ti/divider.c:246:9: warning: context imbalance in 'ti_clk_divider_set_rate' - different lock contexts for basic block
fs/proc/fd.c:99:55: warning: incorrect type in initializer (different base types)
fs/proc/fd.c:99:55:    expected unsigned int [unsigned] f_mode
fs/proc/fd.c:99:55:    got restricted fmode_t [usertype] f_mode
fs/proc/fd.c:117:54: warning: restricted fmode_t degrades to integer
fs/proc/fd.c:119:54: warning: restricted fmode_t degrades to integer
net/rfkill/core.c:1149:17: error: incompatible types in comparison expression (different type sizes)
fs/proc/proc_tty.c:175:13: warning: symbol 'proc_tty_init' was not declared. Should it be static?
drivers/clk/ti/mux.c:68:12: warning: context imbalance in 'ti_clk_mux_set_parent' - different lock contexts for basic block
drivers/cpufreq/freq_table.c:276:1: warning: symbol 'cpufreq_freq_attr_scaling_boost_freqs' was not declared. Should it be static?
drivers/clk/ti/fapll.c:329:13: warning: cast removes address space of expression
drivers/clk/ti/fapll.c:369:21: warning: cast removes address space of expression
drivers/clk/ti/fapll.c:370:32: warning: Using plain integer as NULL pointer
drivers/clk/ti/fapll.c:371:31: warning: Using plain integer as NULL pointer
drivers/clk/ti/fapll.c:376:40: warning: Using plain integer as NULL pointer
fs/proc/meminfo.c:22:28: warning: symbol 'arch_report_meminfo' was not declared. Should it be static?
net/sched/sch_generic.c:149:5: warning: context imbalance in 'sch_direct_xmit' - unexpected unlock
drivers/clk/ti/clk-dra7-atl.c:158:22: warning: symbol 'atl_clk_ops' was not declared. Should it be static?
drivers/clk/ti/clk-dra7-atl.c:170:39: warning: Using plain integer as NULL pointer
drivers/clk/versatile/clk-sp810.c:159:29: error: incompatible types for operation (<=)
drivers/clk/versatile/clk-sp810.c:159:29:    left side has type char const *<noident>
drivers/clk/versatile/clk-sp810.c:159:29:    right side has type int
drivers/clk/versatile/clk-sp810.c:159:53: error: incompatible types for operation (<=)
drivers/clk/versatile/clk-sp810.c:159:53:    left side has type char const *<noident>
drivers/clk/versatile/clk-sp810.c:159:53:    right side has type int
drivers/dma/virt-dma.c:22:14: warning: symbol 'vchan_tx_submit' was not declared. Should it be static?
fs/signalfd.c:107:25: warning: cast removes address space of expression
fs/signalfd.c:115:24: warning: cast removes address space of expression
fs/signalfd.c:141:24: warning: cast removes address space of expression
fs/signalfd.c:150:24: warning: cast removes address space of expression
drivers/dma/xilinx/xilinx_vdma.c:1073:19: warning: cast truncates bits from constant value (7fffffffe0 becomes ffffffe0)
fs/binfmt_elf.c:1422:34: warning: incorrect type in argument 2 (different modifiers)
fs/binfmt_elf.c:1422:34:    expected unsigned long [nocast] [usertype] *utime
fs/binfmt_elf.c:1422:34:    got unsigned long *<noident>
fs/binfmt_elf.c:1422:34: warning: implicit cast to nocast type
fs/binfmt_elf.c:1422:42: warning: incorrect type in argument 3 (different modifiers)
fs/binfmt_elf.c:1422:42:    expected unsigned long [nocast] [usertype] *stime
fs/binfmt_elf.c:1422:42:    got unsigned long *<noident>
fs/binfmt_elf.c:1422:42: warning: implicit cast to nocast type
fs/mbcache.c:754:53: warning: context imbalance in '__mb_cache_entry_find' - unexpected unlock
fs/mbcache.c:801:9: warning: context imbalance in 'mb_cache_entry_find_first' - different lock contexts for basic block
include/linux/bit_spinlock.h:34:9: warning: context imbalance in 'mb_cache_entry_find_next' - wrong count at exit
fs/coredump.c:47:5: warning: symbol 'core_uses_pid' was not declared. Should it be static?
fs/coredump.c:48:14: warning: symbol 'core_pipe_limit' was not declared. Should it be static?
fs/coredump.c:49:6: warning: symbol 'core_pattern' was not declared. Should it be static?
include/linux/sched.h:2613:37: warning: context imbalance in 'zap_threads' - different lock contexts for basic block
drivers/dma/edma.c:537:32: warning: symbol 'edma_prep_dma_memcpy' was not declared. Should it be static?
drivers/dma/edma.c:1070:6: warning: symbol 'edma_filter_fn' was not declared. Should it be static?
drivers/dma/ste_dma40.c:1408:28: warning: incorrect type in argument 1 (different address spaces)
drivers/dma/ste_dma40.c:1408:28:    expected void const volatile [noderef] <asn:2>*addr
drivers/dma/ste_dma40.c:1408:28:    got unsigned int *<noident>
drivers/dma/ste_dma40.c:1424:27: warning: incorrect type in argument 1 (different address spaces)
drivers/dma/ste_dma40.c:1424:27:    expected void const volatile [noderef] <asn:2>*addr
drivers/dma/ste_dma40.c:1424:27:    got unsigned int *<noident>
drivers/dma/ste_dma40.c:1670:32: warning: Variable length array is used.
drivers/dma/ste_dma40.c:3598:25: warning: incorrect type in assignment (different address spaces)
drivers/dma/ste_dma40.c:3598:25:    expected void *lcpa_base
drivers/dma/ste_dma40.c:3598:25:    got void [noderef] <asn:2>*
drivers/dma/ste_dma40.c:3614:38: warning: incorrect type in assignment (different address spaces)
drivers/dma/ste_dma40.c:3614:38:    expected void *base
drivers/dma/ste_dma40.c:3614:38:    got void [noderef] <asn:2>*
drivers/dma/ste_dma40.c:3701:48: warning: incorrect type in argument 1 (different address spaces)
drivers/dma/ste_dma40.c:3701:48:    expected void volatile [noderef] <asn:2>*addr
drivers/dma/ste_dma40.c:3701:48:    got void *base
fs/ubifs/xattr.c:657:58: warning: Using plain integer as NULL pointer
drivers/dma/ste_dma40_ll.c:13:4: warning: symbol 'd40_width_to_bits' was not declared. Should it be static?
drivers/dma/ste_dma40_ll.c:342:9: warning: incorrect type in argument 2 (different address spaces)
drivers/dma/ste_dma40_ll.c:342:9:    expected void volatile [noderef] <asn:2>*addr
drivers/dma/ste_dma40_ll.c:342:9:    got unsigned int *<noident>
drivers/dma/ste_dma40_ll.c:343:9: warning: incorrect type in argument 2 (different address spaces)
drivers/dma/ste_dma40_ll.c:343:9:    expected void volatile [noderef] <asn:2>*addr
drivers/dma/ste_dma40_ll.c:343:9:    got unsigned int *<noident>
drivers/dma/ste_dma40_ll.c:344:9: warning: incorrect type in argument 2 (different address spaces)
drivers/dma/ste_dma40_ll.c:344:9:    expected void volatile [noderef] <asn:2>*addr
drivers/dma/ste_dma40_ll.c:344:9:    got unsigned int *<noident>
drivers/dma/ste_dma40_ll.c:345:9: warning: incorrect type in argument 2 (different address spaces)
drivers/dma/ste_dma40_ll.c:345:9:    expected void volatile [noderef] <asn:2>*addr
drivers/dma/ste_dma40_ll.c:345:9:    got unsigned int *<noident>
drivers/dma/ste_dma40_ll.c:355:9: warning: incorrect type in argument 2 (different address spaces)
drivers/dma/ste_dma40_ll.c:355:9:    expected void volatile [noderef] <asn:2>*addr
drivers/dma/ste_dma40_ll.c:355:9:    got unsigned int *<noident>
drivers/dma/ste_dma40_ll.c:356:9: warning: incorrect type in argument 2 (different address spaces)
drivers/dma/ste_dma40_ll.c:356:9:    expected void volatile [noderef] <asn:2>*addr
drivers/dma/ste_dma40_ll.c:356:9:    got unsigned int *<noident>
drivers/dma/ste_dma40_ll.c:357:9: warning: incorrect type in argument 2 (different address spaces)
drivers/dma/ste_dma40_ll.c:357:9:    expected void volatile [noderef] <asn:2>*addr
drivers/dma/ste_dma40_ll.c:357:9:    got unsigned int *<noident>
drivers/dma/ste_dma40_ll.c:358:9: warning: incorrect type in argument 2 (different address spaces)
drivers/dma/ste_dma40_ll.c:358:9:    expected void volatile [noderef] <asn:2>*addr
drivers/dma/ste_dma40_ll.c:358:9:    got unsigned int *<noident>
net/unix/af_unix.c:942:13: warning: context imbalance in 'unix_state_double_lock' - wrong count at exit
include/linux/spinlock_api_smp.h:153:27: warning: context imbalance in 'unix_state_double_unlock' - unexpected unlock
net/unix/af_unix.c:1050:54: warning: context imbalance in 'unix_wait_for_peer' - unexpected unlock
net/unix/af_unix.c:1229:9: warning: context imbalance in 'unix_stream_connect' - different lock contexts for basic block
net/unix/af_unix.c:1612:9: warning: context imbalance in 'unix_dgram_sendmsg' - different lock contexts for basic block
net/sunrpc/sysctl.c:28:17: warning: symbol 'rpc_debug' was not declared. Should it be static?
net/sunrpc/sysctl.c:31:17: warning: symbol 'nfs_debug' was not declared. Should it be static?
net/sunrpc/sysctl.c:34:17: warning: symbol 'nfsd_debug' was not declared. Should it be static?
net/sunrpc/sysctl.c:37:17: warning: symbol 'nlm_debug' was not declared. Should it be static?
drivers/dma/tegra20-apb-dma.c:365:9: warning: context imbalance in 'tegra_dma_global_pause' - wrong count at exit
drivers/dma/tegra20-apb-dma.c:234:9: warning: context imbalance in 'tegra_dma_global_resume' - unexpected unlock
net/xfrm/xfrm_policy.c:110:9: warning: context imbalance in 'xfrm_policy_get_afinfo' - different lock contexts for basic block
net/xfrm/xfrm_policy.c:113:13: warning: context imbalance in 'xfrm_policy_put_afinfo' - unexpected unlock
net/xfrm/xfrm_state.c:1948:9: warning: context imbalance in 'xfrm_state_get_afinfo' - different lock contexts for basic block
net/xfrm/xfrm_state.c:1951:6: warning: context imbalance in 'xfrm_state_put_afinfo' - unexpected unlock
drivers/gpio/gpiolib.c:1314:36: warning: Variable length array is used.
drivers/gpio/gpiolib.c:1315:36: warning: Variable length array is used.
drivers/gpio/gpiolib.c:1321:17: error: cannot size expression
net/xfrm/xfrm_input.c:71:9: warning: context imbalance in 'xfrm_input_get_afinfo' - different lock contexts for basic block
net/xfrm/xfrm_input.c:74:13: warning: context imbalance in 'xfrm_input_put_afinfo' - unexpected unlock
drivers/gpio/gpio-bcm-kona.c:552:47: warning: incorrect type in argument 1 (different address spaces)
drivers/gpio/gpio-bcm-kona.c:552:47:    expected void [noderef] <asn:2>*reg_base
drivers/gpio/gpio-bcm-kona.c:552:47:    got struct bcm_kona_gpio *kona_gpio
drivers/gpio/gpio-bcm-kona.c:556:47: warning: incorrect type in argument 1 (different address spaces)
drivers/gpio/gpio-bcm-kona.c:556:47:    expected void [noderef] <asn:2>*reg_base
drivers/gpio/gpio-bcm-kona.c:556:47:    got struct bcm_kona_gpio *kona_gpio
drivers/edac/highbank_mc_edac.c:228:47: warning: cast truncates bits from constant value (10000000000000 becomes 0)
drivers/gpu/host1x/job.c:513:9: warning: Variable length array is used.
drivers/gpu/drm/drm_fb_helper.c:1627:27: warning: expression using sizeof bool
drivers/gpu/drm/drm_bufs.c:213:45: warning: incorrect type in assignment (different address spaces)
drivers/gpu/drm/drm_bufs.c:213:45:    expected void *handle
drivers/gpu/drm/drm_bufs.c:213:45:    got void [noderef] <asn:2>*
drivers/gpu/drm/drm_bufs.c:216:45: warning: incorrect type in assignment (different address spaces)
drivers/gpu/drm/drm_bufs.c:216:45:    expected void *handle
drivers/gpu/drm/drm_bufs.c:216:45:    got void [noderef] <asn:2>*
drivers/gpu/drm/drm_bufs.c:331:36: warning: incorrect type in argument 1 (different address spaces)
drivers/gpu/drm/drm_bufs.c:331:36:    expected void volatile [noderef] <asn:2>*addr
drivers/gpu/drm/drm_bufs.c:331:36:    got void *handle
drivers/gpu/drm/drm_bufs.c:348:36: warning: incorrect type in argument 1 (different address spaces)
drivers/gpu/drm/drm_bufs.c:348:36:    expected void volatile [noderef] <asn:2>*addr
drivers/gpu/drm/drm_bufs.c:348:36:    got void *handle
drivers/gpu/drm/drm_bufs.c:454:28: warning: incorrect type in argument 1 (different address spaces)
drivers/gpu/drm/drm_bufs.c:454:28:    expected void volatile [noderef] <asn:2>*addr
drivers/gpu/drm/drm_bufs.c:454:28:    got void *handle
drivers/i2c/i2c-core.c:2372:36: warning: dubious: x | !y
drivers/iio/industrialio-event.c:67:26: warning: cast to non-scalar
drivers/iio/industrialio-event.c:67:26: warning: cast from non-scalar
drivers/gpu/drm/drm_memory.c:128:29: warning: incorrect type in assignment (different address spaces)
drivers/gpu/drm/drm_memory.c:128:29:    expected void *handle
drivers/gpu/drm/drm_memory.c:128:29:    got void [noderef] <asn:2>*
drivers/gpu/drm/drm_memory.c:137:29: warning: incorrect type in assignment (different address spaces)
drivers/gpu/drm/drm_memory.c:137:29:    expected void *handle
drivers/gpu/drm/drm_memory.c:137:29:    got void [noderef] <asn:2>*
drivers/gpu/drm/drm_memory.c:149:28: warning: incorrect type in argument 1 (different address spaces)
drivers/gpu/drm/drm_memory.c:149:28:    expected void volatile [noderef] <asn:2>*addr
drivers/gpu/drm/drm_memory.c:149:28:    got void *handle
drivers/gpu/drm/drm_vm.c:259:44: warning: incorrect type in argument 1 (different address spaces)
drivers/gpu/drm/drm_vm.c:259:44:    expected void volatile [noderef] <asn:2>*addr
drivers/gpu/drm/drm_vm.c:259:44:    got void *handle
drivers/gpu/drm/drm_vm.c:405:6: warning: symbol 'drm_vm_open_locked' was not declared. Should it be static?
drivers/gpu/drm/drm_vm.c:431:6: warning: symbol 'drm_vm_close_locked' was not declared. Should it be static?
drivers/gpu/drm/drm_vm.c:497:51: error: undefined identifier '_PAGE_RW'
drivers/gpu/drm/drm_vm.c:581:51: error: undefined identifier '_PAGE_RW'
drivers/gpu/drm/drm_pci.c:146:5: warning: symbol 'drm_pci_set_unique' was not declared. Should it be static?
drivers/gpu/drm/drm_pci.c:216:5: warning: symbol 'drm_irq_by_busid' was not declared. Should it be static?
drivers/input/joydev.c:444:15: error: incompatible types in comparison expression (different type sizes)
drivers/input/joydev.c:480:15: error: incompatible types in comparison expression (different type sizes)
drivers/gpu/drm/drm_info.c:47:5: warning: symbol 'drm_name_info' was not declared. Should it be static?
drivers/gpu/drm/drm_info.c:72:5: warning: symbol 'drm_vm_info' was not declared. Should it be static?
drivers/gpu/drm/drm_info.c:116:5: warning: symbol 'drm_bufs_info' was not declared. Should it be static?
drivers/gpu/drm/drm_info.c:159:5: warning: symbol 'drm_clients_info' was not declared. Should it be static?
drivers/gpu/drm/drm_info.c:209:5: warning: symbol 'drm_gem_name_info' was not declared. Should it be static?
drivers/input/keyboard/cros_ec_keyb.c:168:31: warning: Variable length array is used.
drivers/input/keyboard/cros_ec_keyb.c:307:32: warning: Variable length array is used.
drivers/input/keyboard/cros_ec_keyb.c:308:32: warning: Variable length array is used.
drivers/input/keyboard/cros_ec_keyb.c:321:46: error: cannot size expression
drivers/input/keyboard/cros_ec_keyb.c:323:55: error: cannot size expression
drivers/irqchip/irq-armada-370-xp.c:533:20: warning: symbol 'armada_370_xp_mpic_syscore_ops' was not declared. Should it be static?
drivers/iommu/of_iommu.c:174:55: warning: incorrect type in initializer (different modifiers)
drivers/iommu/of_iommu.c:174:55:    expected int ( *const [usertype] init_fn )( ... )
drivers/iommu/of_iommu.c:174:55:    got void const *const data
drivers/gpu/drm/drm_atomic.c:265:5: warning: symbol 'drm_atomic_crtc_get_property' was not declared. Should it be static?
drivers/gpu/drm/drm_atomic.c:678:5: warning: symbol 'drm_atomic_get_property' was not declared. Should it be static?
drivers/irqchip/irq-omap-intc.c:84:6: warning: symbol 'omap_intc_save_context' was not declared. Should it be static?
drivers/irqchip/irq-omap-intc.c:105:6: warning: symbol 'omap_intc_restore_context' was not declared. Should it be static?
drivers/irqchip/irq-omap-intc.c:124:6: warning: symbol 'omap3_intc_prepare_idle' was not declared. Should it be static?
drivers/irqchip/irq-omap-intc.c:134:6: warning: symbol 'omap3_intc_resume_idle' was not declared. Should it be static?
drivers/irqchip/irq-omap-intc.c:173:5: warning: symbol 'omap_irq_pending' was not declared. Should it be static?
drivers/irqchip/irq-omap-intc.c:183:6: warning: symbol 'omap3_intc_suspend' was not declared. Should it be static?
drivers/irqchip/irq-omap-intc.c:367:13: warning: symbol 'omap3_init_irq' was not declared. Should it be static?
drivers/gpu/drm/drm_bridge.c:52:12: warning: function 'drm_bridge_attach' with external linkage has definition
drivers/gpu/drm/ati_pcigart.c:194:9: error: undefined identifier 'wbinvd'
drivers/irqchip/irq-gic.c:105:16: warning: incorrect type in initializer (different address spaces)
drivers/irqchip/irq-gic.c:105:16:    expected void const [noderef] <asn:3>*__vpp_verify
drivers/irqchip/irq-gic.c:105:16:    got void [noderef] <asn:3>*[noderef] <asn:2>*<noident>
drivers/irqchip/irq-gic.c:105:16: warning: incorrect type in initializer (different address spaces)
drivers/irqchip/irq-gic.c:105:16:    expected void const [noderef] <asn:3>*__vpp_verify
drivers/irqchip/irq-gic.c:105:16:    got void [noderef] <asn:3>*[noderef] <asn:2>*<noident>
drivers/irqchip/irq-gic.c:105:16: warning: incorrect type in initializer (different address spaces)
drivers/irqchip/irq-gic.c:105:16:    expected void const [noderef] <asn:3>*__vpp_verify
drivers/irqchip/irq-gic.c:105:16:    got void [noderef] <asn:3>*[noderef] <asn:2>*<noident>
drivers/irqchip/irq-gic.c:105:16: warning: incorrect type in initializer (different address spaces)
drivers/irqchip/irq-gic.c:105:16:    expected void const [noderef] <asn:3>*__vpp_verify
drivers/irqchip/irq-gic.c:105:16:    got void [noderef] <asn:3>*[noderef] <asn:2>*<noident>
drivers/irqchip/irq-gic.c:105:16: warning: incorrect type in initializer (different address spaces)
drivers/irqchip/irq-gic.c:105:16:    expected void const [noderef] <asn:3>*__vpp_verify
drivers/irqchip/irq-gic.c:105:16:    got void [noderef] <asn:3>*[noderef] <asn:2>*<noident>
drivers/irqchip/irq-gic.c:105:16: warning: incorrect type in return expression (different address spaces)
drivers/irqchip/irq-gic.c:105:16:    expected void [noderef] <asn:2>*
drivers/irqchip/irq-gic.c:105:16:    got void [noderef] <asn:3>*[assigned] pscr_ret__
drivers/irqchip/irq-gic.c:941:44: warning: incorrect type in assignment (different address spaces)
drivers/irqchip/irq-gic.c:941:44:    expected void [noderef] <asn:3>*[noderef] <asn:2>*percpu_base
drivers/irqchip/irq-gic.c:941:44:    got void [noderef] <asn:2>*[noderef] <asn:3>*<noident>
drivers/irqchip/irq-gic.c:942:43: warning: incorrect type in assignment (different address spaces)
drivers/irqchip/irq-gic.c:942:43:    expected void [noderef] <asn:3>*[noderef] <asn:2>*percpu_base
drivers/irqchip/irq-gic.c:942:43:    got void [noderef] <asn:2>*[noderef] <asn:3>*<noident>
drivers/irqchip/irq-gic.c:945:51: warning: incorrect type in argument 1 (different address spaces)
drivers/irqchip/irq-gic.c:945:51:    expected void [noderef] <asn:3>*__pdata
drivers/irqchip/irq-gic.c:945:51:    got void [noderef] <asn:3>*[noderef] <asn:2>*percpu_base
drivers/irqchip/irq-gic.c:946:50: warning: incorrect type in argument 1 (different address spaces)
drivers/irqchip/irq-gic.c:946:50:    expected void [noderef] <asn:3>*__pdata
drivers/irqchip/irq-gic.c:946:50:    got void [noderef] <asn:3>*[noderef] <asn:2>*percpu_base
drivers/irqchip/irq-gic.c:954:26: warning: incorrect type in initializer (different address spaces)
drivers/irqchip/irq-gic.c:954:26:    expected void const [noderef] <asn:3>*__vpp_verify
drivers/irqchip/irq-gic.c:954:26:    got void [noderef] <asn:3>*[noderef] <asn:2>*<noident>
drivers/irqchip/irq-gic.c:954:71: warning: incorrect type in assignment (different address spaces)
drivers/irqchip/irq-gic.c:954:71:    expected void [noderef] <asn:3>*<noident>
drivers/irqchip/irq-gic.c:954:71:    got void [noderef] <asn:2>*
drivers/irqchip/irq-gic.c:955:26: warning: incorrect type in initializer (different address spaces)
drivers/irqchip/irq-gic.c:955:26:    expected void const [noderef] <asn:3>*__vpp_verify
drivers/irqchip/irq-gic.c:955:26:    got void [noderef] <asn:3>*[noderef] <asn:2>*<noident>
drivers/irqchip/irq-gic.c:955:70: warning: incorrect type in assignment (different address spaces)
drivers/irqchip/irq-gic.c:955:70:    expected void [noderef] <asn:3>*<noident>
drivers/irqchip/irq-gic.c:955:70:    got void [noderef] <asn:2>*
drivers/irqchip/irq-sirfsoc.c:52:47: warning: incorrect type in initializer (different address spaces)
drivers/irqchip/irq-sirfsoc.c:52:47:    expected void [noderef] <asn:2>*base
drivers/irqchip/irq-sirfsoc.c:52:47:    got void *host_data
drivers/irqchip/irq-sirfsoc.c:67:40: warning: incorrect type in argument 4 (different address spaces)
drivers/irqchip/irq-sirfsoc.c:67:40:    expected void *host_data
drivers/irqchip/irq-sirfsoc.c:67:40:    got void [noderef] <asn:2>*base
drivers/irqchip/irq-sirfsoc.c:95:47: warning: incorrect type in initializer (different address spaces)
drivers/irqchip/irq-sirfsoc.c:95:47:    expected void [noderef] <asn:2>*base
drivers/irqchip/irq-sirfsoc.c:95:47:    got void *host_data
drivers/irqchip/irq-sirfsoc.c:107:47: warning: incorrect type in initializer (different address spaces)
drivers/irqchip/irq-sirfsoc.c:107:47:    expected void [noderef] <asn:2>*base
drivers/irqchip/irq-sirfsoc.c:107:47:    got void *host_data
/home/pwalmsley/test_build/build/toolchains/gcc-linaro-arm-linux-gnueabihf-4.7-2013.04-20130415_linux/bin/../lib/gcc/arm-linux-gnueabihf/4.7.3/include/stddef.h:414:9: warning: preprocessor token offsetof redefined
include/linux/stddef.h:17:9: this was the original definition
drivers/gpu/drm/msm/adreno/adreno_device.c:28:6: warning: symbol 'hang_debug' was not declared. Should it be static?
/home/pwalmsley/test_build/build/toolchains/gcc-linaro-arm-linux-gnueabihf-4.7-2013.04-20130415_linux/bin/../lib/gcc/arm-linux-gnueabihf/4.7.3/include/stddef.h:414:9: warning: preprocessor token offsetof redefined
include/linux/stddef.h:17:9: this was the original definition
drivers/input/mouse/sentelic.h:126:12: warning: symbol 'fsp_detect' was not declared. Should it be static?
/home/pwalmsley/test_build/build/toolchains/gcc-linaro-arm-linux-gnueabihf-4.7-2013.04-20130415_linux/bin/../lib/gcc/arm-linux-gnueabihf/4.7.3/include/stddef.h:414:9: warning: preprocessor token offsetof redefined
include/linux/stddef.h:17:9: this was the original definition
drivers/gpu/drm/msm/adreno/a3xx_gpu.c:526:16: warning: symbol 'a3xx_gpu_init' was not declared. Should it be static?
/home/pwalmsley/test_build/build/toolchains/gcc-linaro-arm-linux-gnueabihf-4.7-2013.04-20130415_linux/bin/../lib/gcc/arm-linux-gnueabihf/4.7.3/include/stddef.h:414:9: warning: preprocessor token offsetof redefined
include/linux/stddef.h:17:9: this was the original definition
drivers/gpu/drm/msm/adreno/a4xx_gpu.c:533:16: warning: symbol 'a4xx_gpu_init' was not declared. Should it be static?
drivers/irqchip/irq-bcm7120-l2.c:123:12: warning: symbol 'bcm7120_l2_intc_of_init' was not declared. Should it be static?
/home/pwalmsley/test_build/build/toolchains/gcc-linaro-arm-linux-gnueabihf-4.7-2013.04-20130415_linux/bin/../lib/gcc/arm-linux-gnueabihf/4.7.3/include/stddef.h:414:9: warning: preprocessor token offsetof redefined
include/linux/stddef.h:17:9: this was the original definition
drivers/irqchip/irq-brcmstb-l2.c:116:12: warning: symbol 'brcmstb_l2_intc_of_init' was not declared. Should it be static?
/home/pwalmsley/test_build/build/toolchains/gcc-linaro-arm-linux-gnueabihf-4.7-2013.04-20130415_linux/bin/../lib/gcc/arm-linux-gnueabihf/4.7.3/include/stddef.h:414:9: warning: preprocessor token offsetof redefined
include/linux/stddef.h:17:9: this was the original definition
/home/pwalmsley/test_build/build/toolchains/gcc-linaro-arm-linux-gnueabihf-4.7-2013.04-20130415_linux/bin/../lib/gcc/arm-linux-gnueabihf/4.7.3/include/stddef.h:414:9: warning: preprocessor token offsetof redefined
include/linux/stddef.h:17:9: this was the original definition
/home/pwalmsley/test_build/build/toolchains/gcc-linaro-arm-linux-gnueabihf-4.7-2013.04-20130415_linux/bin/../lib/gcc/arm-linux-gnueabihf/4.7.3/include/stddef.h:414:9: warning: preprocessor token offsetof redefined
include/linux/stddef.h:17:9: this was the original definition
/home/pwalmsley/test_build/build/toolchains/gcc-linaro-arm-linux-gnueabihf-4.7-2013.04-20130415_linux/bin/../lib/gcc/arm-linux-gnueabihf/4.7.3/include/stddef.h:414:9: warning: preprocessor token offsetof redefined
include/linux/stddef.h:17:9: this was the original definition
/home/pwalmsley/test_build/build/toolchains/gcc-linaro-arm-linux-gnueabihf-4.7-2013.04-20130415_linux/bin/../lib/gcc/arm-linux-gnueabihf/4.7.3/include/stddef.h:414:9: warning: preprocessor token offsetof redefined
include/linux/stddef.h:17:9: this was the original definition
/home/pwalmsley/test_build/build/toolchains/gcc-linaro-arm-linux-gnueabihf-4.7-2013.04-20130415_linux/bin/../lib/gcc/arm-linux-gnueabihf/4.7.3/include/stddef.h:414:9: warning: preprocessor token offsetof redefined
include/linux/stddef.h:17:9: this was the original definition
drivers/memory/omap-gpmc.c:659:12: warning: symbol 'gpmc_cs_get_name' was not declared. Should it be static?
/home/pwalmsley/test_build/build/toolchains/gcc-linaro-arm-linux-gnueabihf-4.7-2013.04-20130415_linux/bin/../lib/gcc/arm-linux-gnueabihf/4.7.3/include/stddef.h:414:9: warning: preprocessor token offsetof redefined
include/linux/stddef.h:17:9: this was the original definition
/home/pwalmsley/test_build/build/toolchains/gcc-linaro-arm-linux-gnueabihf-4.7-2013.04-20130415_linux/bin/../lib/gcc/arm-linux-gnueabihf/4.7.3/include/stddef.h:414:9: warning: preprocessor token offsetof redefined
include/linux/stddef.h:17:9: this was the original definition
/home/pwalmsley/test_build/build/toolchains/gcc-linaro-arm-linux-gnueabihf-4.7-2013.04-20130415_linux/bin/../lib/gcc/arm-linux-gnueabihf/4.7.3/include/stddef.h:414:9: warning: preprocessor token offsetof redefined
include/linux/stddef.h:17:9: this was the original definition
drivers/gpu/drm/msm/edp/edp_aux.c:118:9: warning: symbol 'edp_aux_transfer' was not declared. Should it be static?
/home/pwalmsley/test_build/build/toolchains/gcc-linaro-arm-linux-gnueabihf-4.7-2013.04-20130415_linux/bin/../lib/gcc/arm-linux-gnueabihf/4.7.3/include/stddef.h:414:9: warning: preprocessor token offsetof redefined
include/linux/stddef.h:17:9: this was the original definition
/home/pwalmsley/test_build/build/toolchains/gcc-linaro-arm-linux-gnueabihf-4.7-2013.04-20130415_linux/bin/../lib/gcc/arm-linux-gnueabihf/4.7.3/include/stddef.h:414:9: warning: preprocessor token offsetof redefined
include/linux/stddef.h:17:9: this was the original definition
/home/pwalmsley/test_build/build/toolchains/gcc-linaro-arm-linux-gnueabihf-4.7-2013.04-20130415_linux/bin/../lib/gcc/arm-linux-gnueabihf/4.7.3/include/stddef.h:414:9: warning: preprocessor token offsetof redefined
include/linux/stddef.h:17:9: this was the original definition
/home/pwalmsley/test_build/build/toolchains/gcc-linaro-arm-linux-gnueabihf-4.7-2013.04-20130415_linux/bin/../lib/gcc/arm-linux-gnueabihf/4.7.3/include/stddef.h:414:9: warning: preprocessor token offsetof redefined
include/linux/stddef.h:17:9: this was the original definition
/home/pwalmsley/test_build/build/toolchains/gcc-linaro-arm-linux-gnueabihf-4.7-2013.04-20130415_linux/bin/../lib/gcc/arm-linux-gnueabihf/4.7.3/include/stddef.h:414:9: warning: preprocessor token offsetof redefined
include/linux/stddef.h:17:9: this was the original definition
/home/pwalmsley/test_build/build/toolchains/gcc-linaro-arm-linux-gnueabihf-4.7-2013.04-20130415_linux/bin/../lib/gcc/arm-linux-gnueabihf/4.7.3/include/stddef.h:414:9: warning: preprocessor token offsetof redefined
include/linux/stddef.h:17:9: this was the original definition
/home/pwalmsley/test_build/build/toolchains/gcc-linaro-arm-linux-gnueabihf-4.7-2013.04-20130415_linux/bin/../lib/gcc/arm-linux-gnueabihf/4.7.3/include/stddef.h:414:9: warning: preprocessor token offsetof redefined
include/linux/stddef.h:17:9: this was the original definition
drivers/gpu/drm/msm/mdp/mdp4/mdp4_crtc.c:197:26: warning: Initializer entry defined twice
drivers/gpu/drm/msm/mdp/mdp4/mdp4_crtc.c:197:33:   also defined here
/home/pwalmsley/test_build/build/toolchains/gcc-linaro-arm-linux-gnueabihf-4.7-2013.04-20130415_linux/bin/../lib/gcc/arm-linux-gnueabihf/4.7.3/include/stddef.h:414:9: warning: preprocessor token offsetof redefined
include/linux/stddef.h:17:9: this was the original definition
/home/pwalmsley/test_build/build/toolchains/gcc-linaro-arm-linux-gnueabihf-4.7-2013.04-20130415_linux/bin/../lib/gcc/arm-linux-gnueabihf/4.7.3/include/stddef.h:414:9: warning: preprocessor token offsetof redefined
include/linux/stddef.h:17:9: this was the original definition
drivers/gpu/drm/msm/mdp/mdp4/mdp4_lcdc_encoder.c:95:22: warning: symbol 'get_connector' was not declared. Should it be static?
drivers/mfd/axp20x.c:32:25: warning: duplicate const 
/home/pwalmsley/test_build/build/toolchains/gcc-linaro-arm-linux-gnueabihf-4.7-2013.04-20130415_linux/bin/../lib/gcc/arm-linux-gnueabihf/4.7.3/include/stddef.h:414:9: warning: preprocessor token offsetof redefined
include/linux/stddef.h:17:9: this was the original definition
drivers/mfd/ab8500-debugfs.c:1388:6: warning: symbol 'ab8500_dump_all_banks_to_mem' was not declared. Should it be static?
drivers/mfd/ab8500-debugfs.c:1578:28: warning: symbol 'suspend_test_wake_cause_interrupt_is_mine' was not declared. Should it be static?
drivers/mfd/ab8500-debugfs.c:2742:20: error: incompatible types in comparison expression (different type sizes)
/home/pwalmsley/test_build/build/toolchains/gcc-linaro-arm-linux-gnueabihf-4.7-2013.04-20130415_linux/bin/../lib/gcc/arm-linux-gnueabihf/4.7.3/include/stddef.h:414:9: warning: preprocessor token offsetof redefined
include/linux/stddef.h:17:9: this was the original definition
/home/pwalmsley/test_build/build/toolchains/gcc-linaro-arm-linux-gnueabihf-4.7-2013.04-20130415_linux/bin/../lib/gcc/arm-linux-gnueabihf/4.7.3/include/stddef.h:414:9: warning: preprocessor token offsetof redefined
include/linux/stddef.h:17:9: this was the original definition
/home/pwalmsley/test_build/build/toolchains/gcc-linaro-arm-linux-gnueabihf-4.7-2013.04-20130415_linux/bin/../lib/gcc/arm-linux-gnueabihf/4.7.3/include/stddef.h:414:9: warning: preprocessor token offsetof redefined
include/linux/stddef.h:17:9: this was the original definition
drivers/gpu/drm/msm/mdp/mdp4/mdp4_plane.c:68:5: warning: symbol 'mdp4_plane_set_property' was not declared. Should it be static?
drivers/mfd/omap-usb-tll.c:328:5: warning: symbol 'omap_tll_init' was not declared. Should it be static?
drivers/mfd/omap-usb-tll.c:403:5: warning: symbol 'omap_tll_enable' was not declared. Should it be static?
drivers/mfd/omap-usb-tll.c:437:5: warning: symbol 'omap_tll_disable' was not declared. Should it be static?
/home/pwalmsley/test_build/build/toolchains/gcc-linaro-arm-linux-gnueabihf-4.7-2013.04-20130415_linux/bin/../lib/gcc/arm-linux-gnueabihf/4.7.3/include/stddef.h:414:9: warning: preprocessor token offsetof redefined
include/linux/stddef.h:17:9: this was the original definition
drivers/media/v4l2-core/v4l2-ioctl.c:232:9: error: cannot size expression
drivers/media/v4l2-core/v4l2-ioctl.c:252:9: error: cannot size expression
drivers/media/v4l2-core/v4l2-ioctl.c:257:17: error: cannot size expression
drivers/media/v4l2-core/v4l2-ioctl.c:274:17: error: cannot size expression
drivers/media/v4l2-core/v4l2-ioctl.c:297:17: error: cannot size expression
drivers/media/v4l2-core/v4l2-ioctl.c:357:9: error: cannot size expression
drivers/media/v4l2-core/v4l2-ioctl.c:428:9: error: cannot size expression
drivers/media/v4l2-core/v4l2-ioctl.c:441:9: error: cannot size expression
drivers/media/v4l2-core/v4l2-ioctl.c:441:9: error: cannot size expression
drivers/media/v4l2-core/v4l2-ioctl.c:477:9: error: cannot size expression
drivers/media/v4l2-core/v4l2-ioctl.c:496:9: error: cannot size expression
drivers/media/v4l2-core/v4l2-ioctl.c:582:9: error: cannot size expression
drivers/media/v4l2-core/v4l2-ioctl.c:597:9: error: cannot size expression
drivers/media/v4l2-core/v4l2-ioctl.c:607:9: error: cannot size expression
drivers/media/v4l2-core/v4l2-ioctl.c:811:25: error: cannot size expression
drivers/media/v4l2-core/v4l2-ioctl.c:846:9: error: cannot size expression
drivers/gpu/drm/msm/mdp/mdp5/mdp5_cfg.c:25:26: warning: symbol 'msm8x74_config' was not declared. Should it be static?
drivers/gpu/drm/msm/mdp/mdp5/mdp5_cfg.c:67:26: warning: symbol 'apq8084_config' was not declared. Should it be static?
/home/pwalmsley/test_build/build/toolchains/gcc-linaro-arm-linux-gnueabihf-4.7-2013.04-20130415_linux/bin/../lib/gcc/arm-linux-gnueabihf/4.7.3/include/stddef.h:414:9: warning: preprocessor token offsetof redefined
include/linux/stddef.h:17:9: this was the original definition
drivers/gpu/drm/msm/mdp/mdp5/mdp5_ctl.c:318:9: warning: context imbalance in 'mdp5_ctlm_init' - different lock contexts for basic block
/home/pwalmsley/test_build/build/toolchains/gcc-linaro-arm-linux-gnueabihf-4.7-2013.04-20130415_linux/bin/../lib/gcc/arm-linux-gnueabihf/4.7.3/include/stddef.h:414:9: warning: preprocessor token offsetof redefined
include/linux/stddef.h:17:9: this was the original definition
/home/pwalmsley/test_build/build/toolchains/gcc-linaro-arm-linux-gnueabihf-4.7-2013.04-20130415_linux/bin/../lib/gcc/arm-linux-gnueabihf/4.7.3/include/stddef.h:414:9: warning: preprocessor token offsetof redefined
include/linux/stddef.h:17:9: this was the original definition
drivers/mfd/vexpress-sysreg.c:87:14: warning: symbol 'vexpress_get_mci_cardin' was not declared. Should it be static?
drivers/mfd/vexpress-sysreg.c:92:5: warning: symbol 'vexpress_get_procid' was not declared. Should it be static?
drivers/mfd/vexpress-sysreg.c:101:14: warning: symbol 'vexpress_get_24mhz_clock_base' was not declared. Should it be static?
drivers/mfd/vexpress-sysreg.c:107:13: warning: symbol 'vexpress_sysreg_early_init' was not declared. Should it be static?
/home/pwalmsley/test_build/build/toolchains/gcc-linaro-arm-linux-gnueabihf-4.7-2013.04-20130415_linux/bin/../lib/gcc/arm-linux-gnueabihf/4.7.3/include/stddef.h:414:9: warning: preprocessor token offsetof redefined
include/linux/stddef.h:17:9: this was the original definition
/home/pwalmsley/test_build/build/toolchains/gcc-linaro-arm-linux-gnueabihf-4.7-2013.04-20130415_linux/bin/../lib/gcc/arm-linux-gnueabihf/4.7.3/include/stddef.h:414:9: warning: preprocessor token offsetof redefined
include/linux/stddef.h:17:9: this was the original definition
/home/pwalmsley/test_build/build/toolchains/gcc-linaro-arm-linux-gnueabihf-4.7-2013.04-20130415_linux/bin/../lib/gcc/arm-linux-gnueabihf/4.7.3/include/stddef.h:414:9: warning: preprocessor token offsetof redefined
include/linux/stddef.h:17:9: this was the original definition
drivers/gpu/drm/msm/mdp/mdp5/mdp5_plane.c:92:5: warning: symbol 'mdp5_plane_set_property' was not declared. Should it be static?
/home/pwalmsley/test_build/build/toolchains/gcc-linaro-arm-linux-gnueabihf-4.7-2013.04-20130415_linux/bin/../lib/gcc/arm-linux-gnueabihf/4.7.3/include/stddef.h:414:9: warning: preprocessor token offsetof redefined
include/linux/stddef.h:17:9: this was the original definition
drivers/media/v4l2-core/v4l2-dv-timings.c:34:9: error: unknown field name in initializer
drivers/media/v4l2-core/v4l2-dv-timings.c:35:9: error: unknown field name in initializer
drivers/media/v4l2-core/v4l2-dv-timings.c:36:9: error: unknown field name in initializer
drivers/media/v4l2-core/v4l2-dv-timings.c:37:9: error: unknown field name in initializer
drivers/media/v4l2-core/v4l2-dv-timings.c:38:9: error: unknown field name in initializer
drivers/media/v4l2-core/v4l2-dv-timings.c:39:9: error: unknown field name in initializer
drivers/media/v4l2-core/v4l2-dv-timings.c:40:9: error: unknown field name in initializer
drivers/media/v4l2-core/v4l2-dv-timings.c:41:9: error: unknown field name in initializer
drivers/media/v4l2-core/v4l2-dv-timings.c:42:9: error: unknown field name in initializer
drivers/media/v4l2-core/v4l2-dv-timings.c:43:9: error: unknown field name in initializer
drivers/media/v4l2-core/v4l2-dv-timings.c:44:9: error: unknown field name in initializer
drivers/media/v4l2-core/v4l2-dv-timings.c:45:9: error: unknown field name in initializer
drivers/media/v4l2-core/v4l2-dv-timings.c:46:9: error: unknown field name in initializer
drivers/media/v4l2-core/v4l2-dv-timings.c:47:9: error: unknown field name in initializer
drivers/media/v4l2-core/v4l2-dv-timings.c:48:9: error: unknown field name in initializer
drivers/media/v4l2-core/v4l2-dv-timings.c:49:9: error: unknown field name in initializer
drivers/media/v4l2-core/v4l2-dv-timings.c:50:9: error: unknown field name in initializer
drivers/media/v4l2-core/v4l2-dv-timings.c:51:9: error: unknown field name in initializer
drivers/media/v4l2-core/v4l2-dv-timings.c:52:9: error: unknown field name in initializer
drivers/media/v4l2-core/v4l2-dv-timings.c:53:9: error: unknown field name in initializer
drivers/media/v4l2-core/v4l2-dv-timings.c:54:9: error: unknown field name in initializer
drivers/media/v4l2-core/v4l2-dv-timings.c:55:9: error: unknown field name in initializer
drivers/media/v4l2-core/v4l2-dv-timings.c:56:9: error: unknown field name in initializer
drivers/media/v4l2-core/v4l2-dv-timings.c:57:9: error: unknown field name in initializer
drivers/media/v4l2-core/v4l2-dv-timings.c:58:9: error: unknown field name in initializer
drivers/media/v4l2-core/v4l2-dv-timings.c:59:9: error: unknown field name in initializer
drivers/media/v4l2-core/v4l2-dv-timings.c:60:9: error: unknown field name in initializer
drivers/media/v4l2-core/v4l2-dv-timings.c:61:9: error: unknown field name in initializer
drivers/media/v4l2-core/v4l2-dv-timings.c:62:9: error: unknown field name in initializer
drivers/media/v4l2-core/v4l2-dv-timings.c:63:9: error: unknown field name in initializer
drivers/media/v4l2-core/v4l2-dv-timings.c:64:9: error: unknown field name in initializer
drivers/media/v4l2-core/v4l2-dv-timings.c:65:9: error: unknown field name in initializer
drivers/media/v4l2-core/v4l2-dv-timings.c:66:9: error: unknown field name in initializer
drivers/media/v4l2-core/v4l2-dv-timings.c:67:9: error: unknown field name in initializer
drivers/media/v4l2-core/v4l2-dv-timings.c:68:9: error: unknown field name in initializer
drivers/media/v4l2-core/v4l2-dv-timings.c:69:9: error: unknown field name in initializer
drivers/media/v4l2-core/v4l2-dv-timings.c:70:9: error: unknown field name in initializer
drivers/media/v4l2-core/v4l2-dv-timings.c:71:9: error: unknown field name in initializer
drivers/media/v4l2-core/v4l2-dv-timings.c:72:9: error: unknown field name in initializer
drivers/media/v4l2-core/v4l2-dv-timings.c:73:9: error: unknown field name in initializer
drivers/media/v4l2-core/v4l2-dv-timings.c:74:9: error: unknown field name in initializer
drivers/media/v4l2-core/v4l2-dv-timings.c:75:9: error: unknown field name in initializer
drivers/media/v4l2-core/v4l2-dv-timings.c:76:9: error: unknown field name in initializer
drivers/media/v4l2-core/v4l2-dv-timings.c:77:9: error: unknown field name in initializer
drivers/media/v4l2-core/v4l2-dv-timings.c:78:9: error: unknown field name in initializer
drivers/media/v4l2-core/v4l2-dv-timings.c:79:9: error: unknown field name in initializer
drivers/media/v4l2-core/v4l2-dv-timings.c:80:9: error: unknown field name in initializer
drivers/media/v4l2-core/v4l2-dv-timings.c:81:9: error: unknown field name in initializer
drivers/media/v4l2-core/v4l2-dv-timings.c:82:9: error: unknown field name in initializer
drivers/media/v4l2-core/v4l2-dv-timings.c:83:9: error: unknown field name in initializer
drivers/media/v4l2-core/v4l2-dv-timings.c:84:9: error: unknown field name in initializer
drivers/media/v4l2-core/v4l2-dv-timings.c:85:9: error: unknown field name in initializer
drivers/media/v4l2-core/v4l2-dv-timings.c:86:9: error: unknown field name in initializer
drivers/media/v4l2-core/v4l2-dv-timings.c:87:9: error: unknown field name in initializer
drivers/media/v4l2-core/v4l2-dv-timings.c:88:9: error: unknown field name in initializer
drivers/media/v4l2-core/v4l2-dv-timings.c:89:9: error: unknown field name in initializer
drivers/media/v4l2-core/v4l2-dv-timings.c:90:9: error: unknown field name in initializer
drivers/media/v4l2-core/v4l2-dv-timings.c:91:9: error: unknown field name in initializer
drivers/media/v4l2-core/v4l2-dv-timings.c:92:9: error: unknown field name in initializer
drivers/media/v4l2-core/v4l2-dv-timings.c:93:9: error: unknown field name in initializer
drivers/media/v4l2-core/v4l2-dv-timings.c:94:9: error: unknown field name in initializer
drivers/media/v4l2-core/v4l2-dv-timings.c:95:9: error: unknown field name in initializer
drivers/media/v4l2-core/v4l2-dv-timings.c:96:9: error: unknown field name in initializer
drivers/media/v4l2-core/v4l2-dv-timings.c:97:9: error: unknown field name in initializer
drivers/media/v4l2-core/v4l2-dv-timings.c:98:9: error: unknown field name in initializer
drivers/media/v4l2-core/v4l2-dv-timings.c:99:9: error: unknown field name in initializer
drivers/media/v4l2-core/v4l2-dv-timings.c:100:9: error: unknown field name in initializer
drivers/media/v4l2-core/v4l2-dv-timings.c:101:9: error: unknown field name in initializer
drivers/media/v4l2-core/v4l2-dv-timings.c:102:9: error: unknown field name in initializer
drivers/media/v4l2-core/v4l2-dv-timings.c:103:9: error: unknown field name in initializer
drivers/media/v4l2-core/v4l2-dv-timings.c:104:9: error: unknown field name in initializer
drivers/media/v4l2-core/v4l2-dv-timings.c:105:9: error: unknown field name in initializer
drivers/media/v4l2-core/v4l2-dv-timings.c:106:9: error: unknown field name in initializer
drivers/media/v4l2-core/v4l2-dv-timings.c:107:9: error: unknown field name in initializer
drivers/media/v4l2-core/v4l2-dv-timings.c:108:9: error: unknown field name in initializer
drivers/media/v4l2-core/v4l2-dv-timings.c:109:9: error: unknown field name in initializer
drivers/media/v4l2-core/v4l2-dv-timings.c:110:9: error: unknown field name in initializer
drivers/media/v4l2-core/v4l2-dv-timings.c:111:9: error: unknown field name in initializer
drivers/media/v4l2-core/v4l2-dv-timings.c:112:9: error: unknown field name in initializer
drivers/media/v4l2-core/v4l2-dv-timings.c:113:9: error: unknown field name in initializer
drivers/media/v4l2-core/v4l2-dv-timings.c:114:9: error: unknown field name in initializer
drivers/media/v4l2-core/v4l2-dv-timings.c:115:9: error: unknown field name in initializer
drivers/media/v4l2-core/v4l2-dv-timings.c:116:9: error: unknown field name in initializer
drivers/media/v4l2-core/v4l2-dv-timings.c:117:9: error: unknown field name in initializer
drivers/media/v4l2-core/v4l2-dv-timings.c:118:9: error: unknown field name in initializer
drivers/media/v4l2-core/v4l2-dv-timings.c:119:9: error: unknown field name in initializer
drivers/media/v4l2-core/v4l2-dv-timings.c:120:9: error: unknown field name in initializer
drivers/media/v4l2-core/v4l2-dv-timings.c:121:9: error: unknown field name in initializer
drivers/media/v4l2-core/v4l2-dv-timings.c:122:9: error: unknown field name in initializer
drivers/media/v4l2-core/v4l2-dv-timings.c:123:9: error: unknown field name in initializer
drivers/media/v4l2-core/v4l2-dv-timings.c:124:9: error: unknown field name in initializer
drivers/media/v4l2-core/v4l2-dv-timings.c:125:9: error: unknown field name in initializer
drivers/media/v4l2-core/v4l2-dv-timings.c:126:9: error: unknown field name in initializer
drivers/media/v4l2-core/v4l2-dv-timings.c:127:9: error: unknown field name in initializer
drivers/media/v4l2-core/v4l2-dv-timings.c:128:9: error: unknown field name in initializer
drivers/media/v4l2-core/v4l2-dv-timings.c:129:9: error: unknown field name in initializer
drivers/media/v4l2-core/v4l2-dv-timings.c:130:9: error: unknown field name in initializer
drivers/media/v4l2-core/v4l2-dv-timings.c:131:9: error: unknown field name in initializer
drivers/media/v4l2-core/v4l2-dv-timings.c:132:9: error: unknown field name in initializer
drivers/media/v4l2-core/v4l2-dv-timings.c:133:9: error: unknown field name in initializer
drivers/media/v4l2-core/v4l2-dv-timings.c:134:9: error: unknown field name in initializer
drivers/media/v4l2-core/v4l2-dv-timings.c:135:9: error: too many errors
/home/pwalmsley/test_build/build/toolchains/gcc-linaro-arm-linux-gnueabihf-4.7-2013.04-20130415_linux/bin/../lib/gcc/arm-linux-gnueabihf/4.7.3/include/stddef.h:414:9: warning: preprocessor token offsetof redefined
include/linux/stddef.h:17:9: this was the original definition
/home/pwalmsley/test_build/build/toolchains/gcc-linaro-arm-linux-gnueabihf-4.7-2013.04-20130415_linux/bin/../lib/gcc/arm-linux-gnueabihf/4.7.3/include/stddef.h:414:9: warning: preprocessor token offsetof redefined
include/linux/stddef.h:17:9: this was the original definition
drivers/gpu/drm/msm/msm_drv.c:85:31: warning: incorrect type in return expression (different address spaces)
drivers/gpu/drm/msm/msm_drv.c:85:31:    expected void [noderef] <asn:2>*
drivers/gpu/drm/msm/msm_drv.c:85:31:    got void *
drivers/gpu/drm/msm/msm_drv.c:93:31: warning: incorrect type in return expression (different address spaces)
drivers/gpu/drm/msm/msm_drv.c:93:31:    expected void [noderef] <asn:2>*
drivers/gpu/drm/msm/msm_drv.c:93:31:    got void *
drivers/gpu/drm/msm/msm_drv.c:97:74: warning: cast removes address space of expression
drivers/gpu/drm/msm/msm_drv.c:105:56: warning: cast removes address space of expression
drivers/gpu/drm/msm/msm_drv.c:113:54: warning: cast removes address space of expression
drivers/mmc/host/omap.c:857:6: warning: symbol 'omap_mmc_notify_cover_event' was not declared. Should it be static?
/home/pwalmsley/test_build/build/toolchains/gcc-linaro-arm-linux-gnueabihf-4.7-2013.04-20130415_linux/bin/../lib/gcc/arm-linux-gnueabihf/4.7.3/include/stddef.h:414:9: warning: preprocessor token offsetof redefined
include/linux/stddef.h:17:9: this was the original definition
drivers/gpu/drm/msm/msm_fb.c:143:42: warning: Using plain integer as NULL pointer
/home/pwalmsley/test_build/build/toolchains/gcc-linaro-arm-linux-gnueabihf-4.7-2013.04-20130415_linux/bin/../lib/gcc/arm-linux-gnueabihf/4.7.3/include/stddef.h:414:9: warning: preprocessor token offsetof redefined
include/linux/stddef.h:17:9: this was the original definition
/home/pwalmsley/test_build/build/toolchains/gcc-linaro-arm-linux-gnueabihf-4.7-2013.04-20130415_linux/bin/../lib/gcc/arm-linux-gnueabihf/4.7.3/include/stddef.h:414:9: warning: preprocessor token offsetof redefined
include/linux/stddef.h:17:9: this was the original definition
/home/pwalmsley/test_build/build/toolchains/gcc-linaro-arm-linux-gnueabihf-4.7-2013.04-20130415_linux/bin/../lib/gcc/arm-linux-gnueabihf/4.7.3/include/stddef.h:414:9: warning: preprocessor token offsetof redefined
include/linux/stddef.h:17:9: this was the original definition
drivers/gpu/drm/msm/msm_gem_submit.c:71:37: warning: dereference of noderef expression
drivers/gpu/drm/msm/msm_gem_submit.c:361:37: warning: dereference of noderef expression
drivers/gpu/drm/msm/msm_gem_submit.c:411:55: warning: dereference of noderef expression
/home/pwalmsley/test_build/build/toolchains/gcc-linaro-arm-linux-gnueabihf-4.7-2013.04-20130415_linux/bin/../lib/gcc/arm-linux-gnueabihf/4.7.3/include/stddef.h:414:9: warning: preprocessor token offsetof redefined
include/linux/stddef.h:17:9: this was the original definition
drivers/of/fdt.c:801:46: warning: incorrect type in argument 2 (different modifiers)
drivers/of/fdt.c:801:46:    expected int ( *setup )( ... )
drivers/of/fdt.c:801:46:    got void const *const data
/home/pwalmsley/test_build/build/toolchains/gcc-linaro-arm-linux-gnueabihf-4.7-2013.04-20130415_linux/bin/../lib/gcc/arm-linux-gnueabihf/4.7.3/include/stddef.h:414:9: warning: preprocessor token offsetof redefined
include/linux/stddef.h:17:9: this was the original definition
/home/pwalmsley/test_build/build/toolchains/gcc-linaro-arm-linux-gnueabihf-4.7-2013.04-20130415_linux/bin/../lib/gcc/arm-linux-gnueabihf/4.7.3/include/stddef.h:414:9: warning: preprocessor token offsetof redefined
include/linux/stddef.h:17:9: this was the original definition
/home/pwalmsley/test_build/build/toolchains/gcc-linaro-arm-linux-gnueabihf-4.7-2013.04-20130415_linux/bin/../lib/gcc/arm-linux-gnueabihf/4.7.3/include/stddef.h:414:9: warning: preprocessor token offsetof redefined
include/linux/stddef.h:17:9: this was the original definition
/home/pwalmsley/test_build/build/toolchains/gcc-linaro-arm-linux-gnueabihf-4.7-2013.04-20130415_linux/bin/../lib/gcc/arm-linux-gnueabihf/4.7.3/include/stddef.h:414:9: warning: preprocessor token offsetof redefined
include/linux/stddef.h:17:9: this was the original definition
/home/pwalmsley/test_build/build/toolchains/gcc-linaro-arm-linux-gnueabihf-4.7-2013.04-20130415_linux/bin/../lib/gcc/arm-linux-gnueabihf/4.7.3/include/stddef.h:414:9: warning: preprocessor token offsetof redefined
include/linux/stddef.h:17:9: this was the original definition
drivers/gpu/drm/msm/msm_fbdev.c:176:26: warning: incorrect type in assignment (different address spaces)
drivers/gpu/drm/msm/msm_fbdev.c:176:26:    expected char [noderef] <asn:2>*screen_base
drivers/gpu/drm/msm/msm_fbdev.c:176:26:    got void *
drivers/gpu/drm/msm/msm_fbdev.c:263:6: warning: symbol 'msm_fbdev_free' was not declared. Should it be static?
/home/pwalmsley/test_build/build/toolchains/gcc-linaro-arm-linux-gnueabihf-4.7-2013.04-20130415_linux/bin/../lib/gcc/arm-linux-gnueabihf/4.7.3/include/stddef.h:414:9: warning: preprocessor token offsetof redefined
include/linux/stddef.h:17:9: this was the original definition
drivers/of/of_reserved_mem.c:30:19: warning: symbol 'early_init_dt_alloc_reserved_memory_arch' was not declared. Should it be static?
drivers/of/of_reserved_mem.c:185:50: warning: incorrect type in initializer (different modifiers)
drivers/of/of_reserved_mem.c:185:50:    expected int ( *[usertype] initfn )( ... )
drivers/of/of_reserved_mem.c:185:50:    got void const *const data
drivers/pci/pci.c:37:5: warning: symbol 'isa_dma_bridge_buggy' was not declared. Should it be static?
drivers/pci/pci.c:4478:1: warning: symbol 'bus_attr_resource_alignment' was not declared. Should it be static?
drivers/phy/phy-miphy28lp.c:369:31: warning: incorrect type in initializer (different address spaces)
drivers/phy/phy-miphy28lp.c:369:31:    expected void *base
drivers/phy/phy-miphy28lp.c:369:31:    got void [noderef] <asn:2>*base
drivers/phy/phy-miphy28lp.c:373:9: warning: incorrect type in argument 2 (different address spaces)
drivers/phy/phy-miphy28lp.c:373:9:    expected void volatile [noderef] <asn:2>*addr
drivers/phy/phy-miphy28lp.c:373:9:    got void *
drivers/phy/phy-miphy28lp.c:376:9: warning: incorrect type in argument 2 (different address spaces)
drivers/phy/phy-miphy28lp.c:376:9:    expected void volatile [noderef] <asn:2>*addr
drivers/phy/phy-miphy28lp.c:376:9:    got void *
drivers/phy/phy-miphy28lp.c:378:9: warning: incorrect type in argument 2 (different address spaces)
drivers/phy/phy-miphy28lp.c:378:9:    expected void volatile [noderef] <asn:2>*addr
drivers/phy/phy-miphy28lp.c:378:9:    got void *
drivers/phy/phy-miphy28lp.c:383:17: warning: incorrect type in argument 2 (different address spaces)
drivers/phy/phy-miphy28lp.c:383:17:    expected void volatile [noderef] <asn:2>*addr
drivers/phy/phy-miphy28lp.c:383:17:    got void *
drivers/phy/phy-miphy28lp.c:386:17: warning: incorrect type in argument 2 (different address spaces)
drivers/phy/phy-miphy28lp.c:386:17:    expected void volatile [noderef] <asn:2>*addr
drivers/phy/phy-miphy28lp.c:386:17:    got void *
drivers/phy/phy-miphy28lp.c:393:31: warning: incorrect type in initializer (different address spaces)
drivers/phy/phy-miphy28lp.c:393:31:    expected void *base
drivers/phy/phy-miphy28lp.c:393:31:    got void [noderef] <asn:2>*base
drivers/phy/phy-miphy28lp.c:397:9: warning: incorrect type in argument 2 (different address spaces)
drivers/phy/phy-miphy28lp.c:397:9:    expected void volatile [noderef] <asn:2>*addr
drivers/phy/phy-miphy28lp.c:397:9:    got void *
drivers/phy/phy-miphy28lp.c:398:9: warning: incorrect type in argument 2 (different address spaces)
drivers/phy/phy-miphy28lp.c:398:9:    expected void volatile [noderef] <asn:2>*addr
drivers/phy/phy-miphy28lp.c:398:9:    got void *
drivers/phy/phy-miphy28lp.c:401:9: warning: incorrect type in argument 2 (different address spaces)
drivers/phy/phy-miphy28lp.c:401:9:    expected void volatile [noderef] <asn:2>*addr
drivers/phy/phy-miphy28lp.c:401:9:    got void *
drivers/phy/phy-miphy28lp.c:402:9: warning: incorrect type in argument 2 (different address spaces)
drivers/phy/phy-miphy28lp.c:402:9:    expected void volatile [noderef] <asn:2>*addr
drivers/phy/phy-miphy28lp.c:402:9:    got void *
drivers/phy/phy-miphy28lp.c:403:9: warning: incorrect type in argument 2 (different address spaces)
drivers/phy/phy-miphy28lp.c:403:9:    expected void volatile [noderef] <asn:2>*addr
drivers/phy/phy-miphy28lp.c:403:9:    got void *
drivers/phy/phy-miphy28lp.c:404:9: warning: incorrect type in argument 2 (different address spaces)
drivers/phy/phy-miphy28lp.c:404:9:    expected void volatile [noderef] <asn:2>*addr
drivers/phy/phy-miphy28lp.c:404:9:    got void *
drivers/phy/phy-miphy28lp.c:405:9: warning: incorrect type in argument 2 (different address spaces)
drivers/phy/phy-miphy28lp.c:405:9:    expected void volatile [noderef] <asn:2>*addr
drivers/phy/phy-miphy28lp.c:405:9:    got void *
drivers/phy/phy-miphy28lp.c:407:9: warning: incorrect type in argument 2 (different address spaces)
drivers/phy/phy-miphy28lp.c:407:9:    expected void volatile [noderef] <asn:2>*addr
drivers/phy/phy-miphy28lp.c:407:9:    got void *
drivers/phy/phy-miphy28lp.c:410:9: warning: incorrect type in argument 2 (different address spaces)
drivers/phy/phy-miphy28lp.c:410:9:    expected void volatile [noderef] <asn:2>*addr
drivers/phy/phy-miphy28lp.c:410:9:    got void *
drivers/phy/phy-miphy28lp.c:417:9: warning: incorrect type in argument 2 (different address spaces)
drivers/phy/phy-miphy28lp.c:417:9:    expected void volatile [noderef] <asn:2>*addr
drivers/phy/phy-miphy28lp.c:417:9:    got void *
drivers/phy/phy-miphy28lp.c:420:17: warning: incorrect type in argument 2 (different address spaces)
drivers/phy/phy-miphy28lp.c:420:17:    expected void volatile [noderef] <asn:2>*addr
drivers/phy/phy-miphy28lp.c:420:17:    got void *
drivers/phy/phy-miphy28lp.c:421:17: warning: incorrect type in argument 2 (different address spaces)
drivers/phy/phy-miphy28lp.c:421:17:    expected void volatile [noderef] <asn:2>*addr
drivers/phy/phy-miphy28lp.c:421:17:    got void *
drivers/phy/phy-miphy28lp.c:422:17: warning: incorrect type in argument 2 (different address spaces)
drivers/phy/phy-miphy28lp.c:422:17:    expected void volatile [noderef] <asn:2>*addr
drivers/phy/phy-miphy28lp.c:422:17:    got void *
drivers/phy/phy-miphy28lp.c:423:17: warning: incorrect type in argument 2 (different address spaces)
drivers/phy/phy-miphy28lp.c:423:17:    expected void volatile [noderef] <asn:2>*addr
drivers/phy/phy-miphy28lp.c:423:17:    got void *
drivers/phy/phy-miphy28lp.c:424:17: warning: incorrect type in argument 2 (different address spaces)
drivers/phy/phy-miphy28lp.c:424:17:    expected void volatile [noderef] <asn:2>*addr
drivers/phy/phy-miphy28lp.c:424:17:    got void *
drivers/phy/phy-miphy28lp.c:427:17: warning: incorrect type in argument 2 (different address spaces)
drivers/phy/phy-miphy28lp.c:427:17:    expected void volatile [noderef] <asn:2>*addr
drivers/phy/phy-miphy28lp.c:427:17:    got void *
drivers/phy/phy-miphy28lp.c:369:31: warning: incorrect type in initializer (different address spaces)
drivers/phy/phy-miphy28lp.c:369:31:    expected void *base
drivers/phy/phy-miphy28lp.c:369:31:    got void [noderef] <asn:2>*base
drivers/phy/phy-miphy28lp.c:373:9: warning: incorrect type in argument 2 (different address spaces)
drivers/phy/phy-miphy28lp.c:373:9:    expected void volatile [noderef] <asn:2>*addr
drivers/phy/phy-miphy28lp.c:373:9:    got void *
drivers/phy/phy-miphy28lp.c:376:9: warning: incorrect type in argument 2 (different address spaces)
drivers/phy/phy-miphy28lp.c:376:9:    expected void volatile [noderef] <asn:2>*addr
drivers/phy/phy-miphy28lp.c:376:9:    got void *
drivers/phy/phy-miphy28lp.c:378:9: warning: incorrect type in argument 2 (different address spaces)
drivers/phy/phy-miphy28lp.c:378:9:    expected void volatile [noderef] <asn:2>*addr
drivers/phy/phy-miphy28lp.c:378:9:    got void *
drivers/phy/phy-miphy28lp.c:383:17: warning: incorrect type in argument 2 (different address spaces)
drivers/phy/phy-miphy28lp.c:383:17:    expected void volatile [noderef] <asn:2>*addr
drivers/phy/phy-miphy28lp.c:383:17:    got void *
drivers/phy/phy-miphy28lp.c:386:17: warning: incorrect type in argument 2 (different address spaces)
drivers/phy/phy-miphy28lp.c:386:17:    expected void volatile [noderef] <asn:2>*addr
drivers/phy/phy-miphy28lp.c:386:17:    got void *
drivers/phy/phy-miphy28lp.c:393:31: warning: incorrect type in initializer (different address spaces)
drivers/phy/phy-miphy28lp.c:393:31:    expected void *base
drivers/phy/phy-miphy28lp.c:393:31:    got void [noderef] <asn:2>*base
drivers/phy/phy-miphy28lp.c:397:9: warning: incorrect type in argument 2 (different address spaces)
drivers/phy/phy-miphy28lp.c:397:9:    expected void volatile [noderef] <asn:2>*addr
drivers/phy/phy-miphy28lp.c:397:9:    got void *
drivers/phy/phy-miphy28lp.c:398:9: warning: incorrect type in argument 2 (different address spaces)
drivers/phy/phy-miphy28lp.c:398:9:    expected void volatile [noderef] <asn:2>*addr
drivers/phy/phy-miphy28lp.c:398:9:    got void *
drivers/phy/phy-miphy28lp.c:401:9: warning: incorrect type in argument 2 (different address spaces)
drivers/phy/phy-miphy28lp.c:401:9:    expected void volatile [noderef] <asn:2>*addr
drivers/phy/phy-miphy28lp.c:401:9:    got void *
drivers/phy/phy-miphy28lp.c:402:9: warning: incorrect type in argument 2 (different address spaces)
drivers/phy/phy-miphy28lp.c:402:9:    expected void volatile [noderef] <asn:2>*addr
drivers/phy/phy-miphy28lp.c:402:9:    got void *
drivers/phy/phy-miphy28lp.c:403:9: warning: incorrect type in argument 2 (different address spaces)
drivers/phy/phy-miphy28lp.c:403:9:    expected void volatile [noderef] <asn:2>*addr
drivers/phy/phy-miphy28lp.c:403:9:    got void *
drivers/phy/phy-miphy28lp.c:404:9: warning: incorrect type in argument 2 (different address spaces)
drivers/phy/phy-miphy28lp.c:404:9:    expected void volatile [noderef] <asn:2>*addr
drivers/phy/phy-miphy28lp.c:404:9:    got void *
drivers/phy/phy-miphy28lp.c:405:9: warning: incorrect type in argument 2 (different address spaces)
drivers/phy/phy-miphy28lp.c:405:9:    expected void volatile [noderef] <asn:2>*addr
drivers/phy/phy-miphy28lp.c:405:9:    got void *
drivers/phy/phy-miphy28lp.c:407:9: warning: incorrect type in argument 2 (different address spaces)
drivers/phy/phy-miphy28lp.c:407:9:    expected void volatile [noderef] <asn:2>*addr
drivers/phy/phy-miphy28lp.c:407:9:    got void *
drivers/phy/phy-miphy28lp.c:410:9: warning: incorrect type in argument 2 (different address spaces)
drivers/phy/phy-miphy28lp.c:410:9:    expected void volatile [noderef] <asn:2>*addr
drivers/phy/phy-miphy28lp.c:410:9:    got void *
drivers/phy/phy-miphy28lp.c:417:9: warning: incorrect type in argument 2 (different address spaces)
drivers/phy/phy-miphy28lp.c:417:9:    expected void volatile [noderef] <asn:2>*addr
drivers/phy/phy-miphy28lp.c:417:9:    got void *
drivers/phy/phy-miphy28lp.c:420:17: warning: incorrect type in argument 2 (different address spaces)
drivers/phy/phy-miphy28lp.c:420:17:    expected void volatile [noderef] <asn:2>*addr
drivers/phy/phy-miphy28lp.c:420:17:    got void *
drivers/phy/phy-miphy28lp.c:421:17: warning: incorrect type in argument 2 (different address spaces)
drivers/phy/phy-miphy28lp.c:421:17:    expected void volatile [noderef] <asn:2>*addr
drivers/phy/phy-miphy28lp.c:421:17:    got void *
drivers/phy/phy-miphy28lp.c:422:17: warning: incorrect type in argument 2 (different address spaces)
drivers/phy/phy-miphy28lp.c:422:17:    expected void volatile [noderef] <asn:2>*addr
drivers/phy/phy-miphy28lp.c:422:17:    got void *
drivers/phy/phy-miphy28lp.c:423:17: warning: incorrect type in argument 2 (different address spaces)
drivers/phy/phy-miphy28lp.c:423:17:    expected void volatile [noderef] <asn:2>*addr
drivers/phy/phy-miphy28lp.c:423:17:    got void *
drivers/phy/phy-miphy28lp.c:424:17: warning: incorrect type in argument 2 (different address spaces)
drivers/phy/phy-miphy28lp.c:424:17:    expected void volatile [noderef] <asn:2>*addr
drivers/phy/phy-miphy28lp.c:424:17:    got void *
drivers/phy/phy-miphy28lp.c:427:17: warning: incorrect type in argument 2 (different address spaces)
drivers/phy/phy-miphy28lp.c:427:17:    expected void volatile [noderef] <asn:2>*addr
drivers/phy/phy-miphy28lp.c:427:17:    got void *
drivers/phy/phy-miphy28lp.c:369:31: warning: incorrect type in initializer (different address spaces)
drivers/phy/phy-miphy28lp.c:369:31:    expected void *base
drivers/phy/phy-miphy28lp.c:369:31:    got void [noderef] <asn:2>*base
drivers/phy/phy-miphy28lp.c:373:9: warning: incorrect type in argument 2 (different address spaces)
drivers/phy/phy-miphy28lp.c:373:9:    expected void volatile [noderef] <asn:2>*addr
drivers/phy/phy-miphy28lp.c:373:9:    got void *
drivers/phy/phy-miphy28lp.c:376:9: warning: incorrect type in argument 2 (different address spaces)
drivers/phy/phy-miphy28lp.c:376:9:    expected void volatile [noderef] <asn:2>*addr
drivers/phy/phy-miphy28lp.c:376:9:    got void *
drivers/phy/phy-miphy28lp.c:378:9: warning: incorrect type in argument 2 (different address spaces)
drivers/phy/phy-miphy28lp.c:378:9:    expected void volatile [noderef] <asn:2>*addr
drivers/phy/phy-miphy28lp.c:378:9:    got void *
drivers/phy/phy-miphy28lp.c:383:17: warning: incorrect type in argument 2 (different address spaces)
drivers/phy/phy-miphy28lp.c:383:17:    expected void volatile [noderef] <asn:2>*addr
drivers/phy/phy-miphy28lp.c:383:17:    got void *
drivers/phy/phy-miphy28lp.c:386:17: warning: incorrect type in argument 2 (different address spaces)
drivers/phy/phy-miphy28lp.c:386:17:    expected void volatile [noderef] <asn:2>*addr
drivers/phy/phy-miphy28lp.c:386:17:    got void *
drivers/phy/phy-miphy28lp.c:393:31: warning: incorrect type in initializer (different address spaces)
drivers/phy/phy-miphy28lp.c:393:31:    expected void *base
drivers/phy/phy-miphy28lp.c:393:31:    got void [noderef] <asn:2>*base
drivers/phy/phy-miphy28lp.c:397:9: warning: incorrect type in argument 2 (different address spaces)
drivers/phy/phy-miphy28lp.c:397:9:    expected void volatile [noderef] <asn:2>*addr
drivers/phy/phy-miphy28lp.c:397:9:    got void *
drivers/phy/phy-miphy28lp.c:398:9: warning: incorrect type in argument 2 (different address spaces)
drivers/phy/phy-miphy28lp.c:398:9:    expected void volatile [noderef] <asn:2>*addr
drivers/phy/phy-miphy28lp.c:398:9:    got void *
drivers/phy/phy-miphy28lp.c:401:9: warning: incorrect type in argument 2 (different address spaces)
drivers/phy/phy-miphy28lp.c:401:9:    expected void volatile [noderef] <asn:2>*addr
drivers/phy/phy-miphy28lp.c:401:9:    got void *
drivers/phy/phy-miphy28lp.c:402:9: warning: incorrect type in argument 2 (different address spaces)
drivers/phy/phy-miphy28lp.c:402:9:    expected void volatile [noderef] <asn:2>*addr
drivers/phy/phy-miphy28lp.c:402:9:    got void *
drivers/phy/phy-miphy28lp.c:403:9: warning: incorrect type in argument 2 (different address spaces)
drivers/phy/phy-miphy28lp.c:403:9:    expected void volatile [noderef] <asn:2>*addr
drivers/phy/phy-miphy28lp.c:403:9:    got void *
drivers/phy/phy-miphy28lp.c:404:9: warning: incorrect type in argument 2 (different address spaces)
drivers/phy/phy-miphy28lp.c:404:9:    expected void volatile [noderef] <asn:2>*addr
drivers/phy/phy-miphy28lp.c:404:9:    got void *
drivers/phy/phy-miphy28lp.c:405:9: warning: incorrect type in argument 2 (different address spaces)
drivers/phy/phy-miphy28lp.c:405:9:    expected void volatile [noderef] <asn:2>*addr
drivers/phy/phy-miphy28lp.c:405:9:    got void *
drivers/phy/phy-miphy28lp.c:407:9: warning: incorrect type in argument 2 (different address spaces)
drivers/phy/phy-miphy28lp.c:407:9:    expected void volatile [noderef] <asn:2>*addr
drivers/phy/phy-miphy28lp.c:407:9:    got void *
drivers/phy/phy-miphy28lp.c:410:9: warning: incorrect type in argument 2 (different address spaces)
drivers/phy/phy-miphy28lp.c:410:9:    expected void volatile [noderef] <asn:2>*addr
drivers/phy/phy-miphy28lp.c:410:9:    got void *
drivers/phy/phy-miphy28lp.c:417:9: warning: incorrect type in argument 2 (different address spaces)
drivers/phy/phy-miphy28lp.c:417:9:    expected void volatile [noderef] <asn:2>*addr
drivers/phy/phy-miphy28lp.c:417:9:    got void *
drivers/phy/phy-miphy28lp.c:420:17: warning: incorrect type in argument 2 (different address spaces)
drivers/phy/phy-miphy28lp.c:420:17:    expected void volatile [noderef] <asn:2>*addr
drivers/phy/phy-miphy28lp.c:420:17:    got void *
drivers/phy/phy-miphy28lp.c:421:17: warning: incorrect type in argument 2 (different address spaces)
drivers/phy/phy-miphy28lp.c:421:17:    expected void volatile [noderef] <asn:2>*addr
drivers/phy/phy-miphy28lp.c:421:17:    got void *
drivers/phy/phy-miphy28lp.c:422:17: warning: incorrect type in argument 2 (different address spaces)
drivers/phy/phy-miphy28lp.c:422:17:    expected void volatile [noderef] <asn:2>*addr
drivers/phy/phy-miphy28lp.c:422:17:    got void *
drivers/phy/phy-miphy28lp.c:423:17: warning: incorrect type in argument 2 (different address spaces)
drivers/phy/phy-miphy28lp.c:423:17:    expected void volatile [noderef] <asn:2>*addr
drivers/phy/phy-miphy28lp.c:423:17:    got void *
drivers/phy/phy-miphy28lp.c:424:17: warning: incorrect type in argument 2 (different address spaces)
drivers/phy/phy-miphy28lp.c:424:17:    expected void volatile [noderef] <asn:2>*addr
drivers/phy/phy-miphy28lp.c:424:17:    got void *
drivers/phy/phy-miphy28lp.c:427:17: warning: incorrect type in argument 2 (different address spaces)
drivers/phy/phy-miphy28lp.c:427:17:    expected void volatile [noderef] <asn:2>*addr
drivers/phy/phy-miphy28lp.c:427:17:    got void *
drivers/phy/phy-miphy365x.c:443:5: warning: symbol 'miphy365x_get_addr' was not declared. Should it be static?
drivers/pci/rom.c:225:36: warning: incorrect type in return expression (different address spaces)
drivers/pci/rom.c:225:36:    expected void [noderef] <asn:2>*
drivers/pci/rom.c:225:36:    got void *
drivers/pinctrl/pinconf.c:497:20: error: incompatible types in comparison expression (different type sizes)
drivers/pci/host/pci-mvebu.c:833:31: warning: incorrect type in return expression (different address spaces)
drivers/pci/host/pci-mvebu.c:833:31:    expected void [noderef] <asn:2>*
drivers/pci/host/pci-mvebu.c:833:31:    got void *
drivers/pci/msi.c:80:23: warning: symbol 'pcibios_msi_controller' was not declared. Should it be static?
drivers/pci/pcie/portdrv_core.c:22:6: warning: symbol 'pciehp_msi_disabled' was not declared. Should it be static?
drivers/net/ethernet/intel/igb/igb_ptp.c: In function igb_ptp_feature_enable_i210:
drivers/net/ethernet/intel/igb/igb_ptp.c:395:21: warning: pin may be used uninitialized in this function [-Wmaybe-uninitialized]
drivers/net/ethernet/intel/igb/igb_ptp.c:471:6: note: pin was declared here
drivers/net/ethernet/marvell/mv643xx_eth.c:1936:35: warning: incorrect type in assignment (different address spaces)
drivers/net/ethernet/marvell/mv643xx_eth.c:1936:35:    expected struct rx_desc *rx_desc_area
drivers/net/ethernet/marvell/mv643xx_eth.c:1936:35:    got void [noderef] <asn:2>*
drivers/net/ethernet/marvell/mv643xx_eth.c:1975:28: warning: incorrect type in argument 1 (different address spaces)
drivers/net/ethernet/marvell/mv643xx_eth.c:1975:28:    expected void volatile [noderef] <asn:2>*addr
drivers/net/ethernet/marvell/mv643xx_eth.c:1975:28:    got struct rx_desc *rx_desc_area
drivers/net/ethernet/marvell/mv643xx_eth.c:2006:28: warning: incorrect type in argument 1 (different address spaces)
drivers/net/ethernet/marvell/mv643xx_eth.c:2006:28:    expected void volatile [noderef] <asn:2>*addr
drivers/net/ethernet/marvell/mv643xx_eth.c:2006:28:    got struct rx_desc *rx_desc_area
drivers/net/ethernet/marvell/mv643xx_eth.c:2040:35: warning: incorrect type in assignment (different address spaces)
drivers/net/ethernet/marvell/mv643xx_eth.c:2040:35:    expected struct tx_desc *tx_desc_area
drivers/net/ethernet/marvell/mv643xx_eth.c:2040:35:    got void [noderef] <asn:2>*
drivers/net/ethernet/marvell/mv643xx_eth.c:2095:28: warning: incorrect type in argument 1 (different address spaces)
drivers/net/ethernet/marvell/mv643xx_eth.c:2095:28:    expected void volatile [noderef] <asn:2>*addr
drivers/net/ethernet/marvell/mv643xx_eth.c:2095:28:    got struct tx_desc *tx_desc_area
drivers/net/ethernet/marvell/mv643xx_eth.c:2113:28: warning: incorrect type in argument 1 (different address spaces)
drivers/net/ethernet/marvell/mv643xx_eth.c:2113:28:    expected void volatile [noderef] <asn:2>*addr
drivers/net/ethernet/marvell/mv643xx_eth.c:2113:28:    got struct tx_desc *tx_desc_area
drivers/net/ethernet/marvell/mvneta.c:530:29: warning: incorrect type in initializer (different address spaces)
drivers/net/ethernet/marvell/mvneta.c:530:29:    expected void const [noderef] <asn:3>*__vpp_verify
drivers/net/ethernet/marvell/mvneta.c:530:29:    got struct mvneta_pcpu_stats *<noident>
drivers/net/ethernet/marvell/mvneta.c:516:26: warning: symbol 'mvneta_get_stats64' was not declared. Should it be static?
drivers/net/ethernet/marvell/mvneta.c:1529:51: warning: incorrect type in initializer (different address spaces)
drivers/net/ethernet/marvell/mvneta.c:1529:51:    expected void const [noderef] <asn:3>*__vpp_verify
drivers/net/ethernet/marvell/mvneta.c:1529:51:    got struct mvneta_pcpu_stats *<noident>
drivers/net/ethernet/marvell/mvneta.c:1781:51: warning: incorrect type in initializer (different address spaces)
drivers/net/ethernet/marvell/mvneta.c:1781:51:    expected void const [noderef] <asn:3>*__vpp_verify
drivers/net/ethernet/marvell/mvneta.c:1781:51:    got struct mvneta_pcpu_stats *<noident>
drivers/net/ethernet/marvell/mvneta.c:2676:5: warning: symbol 'mvneta_ethtool_get_settings' was not declared. Should it be static?
drivers/net/ethernet/marvell/mvneta.c:2687:5: warning: symbol 'mvneta_ethtool_set_settings' was not declared. Should it be static?
drivers/net/ethernet/marvell/mvneta.c:2797:26: warning: symbol 'mvneta_eth_tool_ops' was not declared. Should it be static?
drivers/net/ethernet/marvell/mvneta.c:3010:19: warning: incorrect type in assignment (different address spaces)
drivers/net/ethernet/marvell/mvneta.c:3010:19:    expected struct mvneta_pcpu_stats *stats
drivers/net/ethernet/marvell/mvneta.c:3010:19:    got struct mvneta_pcpu_stats [noderef] <asn:3>*pcpu_stats
drivers/net/ethernet/marvell/mvneta.c:3073:23: warning: incorrect type in argument 1 (different address spaces)
drivers/net/ethernet/marvell/mvneta.c:3073:23:    expected void [noderef] <asn:3>*__pdata
drivers/net/ethernet/marvell/mvneta.c:3073:23:    got struct mvneta_pcpu_stats *stats
drivers/net/ethernet/marvell/mvneta.c:3093:23: warning: incorrect type in argument 1 (different address spaces)
drivers/net/ethernet/marvell/mvneta.c:3093:23:    expected void [noderef] <asn:3>*__pdata
drivers/net/ethernet/marvell/mvneta.c:3093:23:    got struct mvneta_pcpu_stats *stats
drivers/power/reset/vexpress-poweroff.c:77:1: warning: symbol 'dev_attr_active' was not declared. Should it be static?
drivers/pinctrl/nomadik/pinctrl-nomadik.c:616:5: warning: symbol 'nmk_gpio_get_mode' was not declared. Should it be static?
drivers/pinctrl/nomadik/pinctrl-nomadik.c:1092:6: warning: symbol 'nmk_gpio_clocks_enable' was not declared. Should it be static?
drivers/pinctrl/nomadik/pinctrl-nomadik.c:1106:6: warning: symbol 'nmk_gpio_clocks_disable' was not declared. Should it be static?
drivers/pinctrl/nomadik/pinctrl-nomadik.c:1129:6: warning: symbol 'nmk_gpio_wakeups_suspend' was not declared. Should it be static?
drivers/pinctrl/nomadik/pinctrl-nomadik.c:1150:6: warning: symbol 'nmk_gpio_wakeups_resume' was not declared. Should it be static?
drivers/pinctrl/nomadik/pinctrl-nomadik.c:1176:6: warning: symbol 'nmk_gpio_read_pull' was not declared. Should it be static?
drivers/pinctrl/nomadik/pinctrl-nomadik.c:1755:9: warning: context imbalance in 'nmk_pmx_set' - different lock contexts for basic block
drivers/ras/debugfs.c:7:5: warning: symbol 'ras_userspace_consumers' was not declared. Should it be static?
drivers/ras/debugfs.c:37:12: warning: symbol 'ras_add_daemon_trace' was not declared. Should it be static?
drivers/ras/debugfs.c:53:13: warning: symbol 'ras_debugfs_init' was not declared. Should it be static?
drivers/pinctrl/samsung/pinctrl-exynos.c:358:5: warning: symbol 'exynos_get_eint_wake_mask' was not declared. Should it be static?
drivers/reset/reset-sunxi.c:130:13: warning: symbol 'sun6i_reset_init' was not declared. Should it be static?
drivers/regulator/bcm590xx-regulator.c:410:50: warning: cast truncates bits from constant value (3ffffffff8 becomes fffffff8)
drivers/regulator/bcm590xx-regulator.c:415:50: warning: cast truncates bits from constant value (3fffffffff becomes ffffffff)
drivers/pinctrl/pinctrl-zynq.c:126:31: warning: symbol 'zynq_pins' was not declared. Should it be static?
drivers/pinctrl/pinctrl-zynq.c:372:25: warning: symbol 'zynq_pctrl_groups' was not declared. Should it be static?
drivers/pinctrl/pinctrl-zynq.c:1152:5: warning: symbol 'zynq_pinctrl_remove' was not declared. Should it be static?
drivers/net/ethernet/ti/davinci_cpdma.c:184:29: warning: incorrect type in assignment (different address spaces)
drivers/net/ethernet/ti/davinci_cpdma.c:184:29:    expected void [noderef] <asn:2>*iomap
drivers/net/ethernet/ti/davinci_cpdma.c:184:29:    got void *cpumap
drivers/net/ethernet/ti/cpsw-phy-sel.c:195:28: warning: incorrect type in assignment (different modifiers)
drivers/net/ethernet/ti/cpsw-phy-sel.c:195:28:    expected void ( *cpsw_phy_sel )( ... )
drivers/net/ethernet/ti/cpsw-phy-sel.c:195:28:    got void const *const data
drivers/rtc/rtc-sun6i.c:296:28: warning: cast truncates bits from constant value (3ffffffff80 becomes ffffff80)
drivers/net/ethernet/stmicro/stmmac/dwmac-sti.c:190:48: warning: cast truncates bits from constant value (1ffffffffc0 becomes ffffffc0)
drivers/net/ethernet/stmicro/stmmac/dwmac-sti.c:221:48: warning: cast truncates bits from constant value (ffffffffc0 becomes ffffffc0)
drivers/net/ethernet/stmicro/stmmac/dwmac-sti.c:237:49: warning: cast truncates bits from constant value (3fffffffe becomes fffffffe)
drivers/net/ethernet/stmicro/stmmac/dwmac-sti.c:239:41: warning: cast truncates bits from constant value (1ffffffffc becomes fffffffc)
drivers/net/ethernet/stmicro/stmmac/dwmac-sti.c:242:41: warning: cast truncates bits from constant value (3fffffffe0 becomes ffffffe0)
drivers/scsi/scsi_lib.c:500:6: warning: symbol 'scsi_requeue_run_queue' was not declared. Should it be static?
drivers/scsi/scsi_lib.c:2725:6: warning: symbol 'scsi_evt_thread' was not declared. Should it be static?
drivers/net/ethernet/stmicro/stmmac/dwmac-rk.c:431:29: warning: symbol 'rk3288_gmac_data' was not declared. Should it be static?
drivers/net/ethernet/ti/cpsw.c:1571:9: warning: switch with no cases
drivers/scsi/scsi_sysfs.c:201:25: warning: symbol 'dev_attr_hstate' was not declared. Should it be static?
drivers/scsi/scsi_sysfs.c:376:24: warning: symbol 'scsi_shost_attr_group' was not declared. Should it be static?
drivers/soc/tegra/pmc.c:726:6: warning: symbol 'tegra_pmc_init_tsense_reset' was not declared. Should it be static?
drivers/staging/nvec/nvec_ps2.c:172:14: warning: duplicate const 
drivers/tty/tty_io.c:119:17: warning: too long initializer-string for array of char
drivers/thermal/st/st_thermal.c:28:5: warning: symbol 'st_thermal_alloc_regfields' was not declared. Should it be static?
drivers/thermal/st/st_thermal_syscfg.c:107:37: warning: symbol 'st_415sas_cdata' was not declared. Should it be static?
drivers/thermal/st/st_thermal_syscfg.c:117:37: warning: symbol 'st_415mpe_cdata' was not declared. Should it be static?
drivers/thermal/st/st_thermal_syscfg.c:127:37: warning: symbol 'st_416sas_cdata' was not declared. Should it be static?
drivers/thermal/st/st_thermal_syscfg.c:137:37: warning: symbol 'st_127_cdata' was not declared. Should it be static?
drivers/thermal/st/st_thermal_syscfg.c:155:5: warning: symbol 'st_syscfg_probe' was not declared. Should it be static?
drivers/thermal/st/st_thermal_syscfg.c:160:5: warning: symbol 'st_syscfg_remove' was not declared. Should it be static?
drivers/thermal/st/st_thermal_memmap.c:160:37: warning: symbol 'st_416mpe_cdata' was not declared. Should it be static?
drivers/thermal/st/st_thermal_memmap.c:169:37: warning: symbol 'st_407_cdata' was not declared. Should it be static?
drivers/thermal/st/st_thermal_memmap.c:184:5: warning: symbol 'st_mmap_probe' was not declared. Should it be static?
drivers/thermal/st/st_thermal_memmap.c:189:5: warning: symbol 'st_mmap_remove' was not declared. Should it be static?
drivers/tty/sysrq.c:58:16: warning: symbol 'platform_sysrq_reset_seq' was not declared. Should it be static?
drivers/tty/sysrq.c:59:5: warning: symbol 'sysrq_reset_downtime_ms' was not declared. Should it be static?
drivers/tty/serial/serial_core.c:683:29: warning: incorrect type in assignment (different base types)
drivers/tty/serial/serial_core.c:683:29:    expected int [signed] flags
drivers/tty/serial/serial_core.c:683:29:    got restricted upf_t [usertype] flags
drivers/tty/serial/serial_core.c:757:19: warning: incorrect type in assignment (different base types)
drivers/tty/serial/serial_core.c:757:19:    expected restricted upf_t [usertype] new_flags
drivers/tty/serial/serial_core.c:757:19:    got int [signed] flags
drivers/tty/serial/8250/8250_core.c:3179:32: warning: incorrect type in assignment (different base types)
drivers/tty/serial/8250/8250_core.c:3179:32:    expected restricted upf_t [usertype] flags
drivers/tty/serial/8250/8250_core.c:3179:32:    got unsigned int const [unsigned] flags
drivers/tty/serial/8250/8250_core.c:3311:39: warning: context imbalance in 'serial8250_console_write' - unexpected unlock
include/linux/spinlock_api_smp.h:153:27: warning: context imbalance in 'pl011_console_write' - unexpected unlock
drivers/tty/serial/samsung.c:351:6: warning: symbol 's3c24xx_serial_start_tx' was not declared. Should it be static?
drivers/tty/serial/imx.c:1729:39: warning: context imbalance in 'imx_console_write' - unexpected unlock
include/linux/spinlock_api_smp.h:153:27: warning: context imbalance in 'meson_serial_console_write' - unexpected unlock
include/linux/spinlock_api_smp.h:153:27: warning: context imbalance in 'handle_rx_dm' - unexpected unlock
include/linux/spinlock_api_smp.h:153:27: warning: context imbalance in 'handle_rx' - unexpected unlock
drivers/tty/serial/of_serial.c:33:6: warning: symbol 'tegra_serial_handle_break' was not declared. Should it be static?
drivers/tty/vt/vt.c:225:5: warning: symbol 'console_blank_hook' was not declared. Should it be static?
drivers/tty/vt/vt.c:1240:12: warning: symbol 'rgb_from_256' was not declared. Should it be static?
drivers/tty/vt/vt.c:2485:19: warning: symbol 'console_driver' was not declared. Should it be static?
include/linux/spinlock_api_smp.h:153:27: warning: context imbalance in 'serial_omap_console_write' - unexpected unlock
include/linux/spinlock_api_smp.h:153:27: warning: context imbalance in 'asc_console_write' - unexpected unlock
drivers/tty/serial/xilinx_uartps.c:481:28: warning: context imbalance in 'cdns_uart_clk_notifier_cb' - different lock contexts for basic block
drivers/tty/serial/xilinx_uartps.c:1134:9: warning: context imbalance in 'cdns_uart_console_write' - different lock contexts for basic block
drivers/tty/serial/sirfsoc_uart.h:108:5: warning: symbol 'usp_ff_full' was not declared. Should it be static?
drivers/tty/serial/sirfsoc_uart.h:112:5: warning: symbol 'usp_ff_empty' was not declared. Should it be static?
drivers/tty/serial/sirfsoc_uart.h:116:5: warning: symbol 'uart_ff_full' was not declared. Should it be static?
drivers/tty/serial/sirfsoc_uart.h:120:5: warning: symbol 'uart_ff_empty' was not declared. Should it be static?
drivers/tty/serial/sirfsoc_uart.h:124:30: warning: symbol 'sirfsoc_usp' was not declared. Should it be static?
drivers/tty/serial/sirfsoc_uart.h:191:30: warning: symbol 'sirfsoc_uart' was not declared. Should it be static?
drivers/tty/vt/consolemap_deftbl.c:10:4: warning: symbol 'dfont_unicount' was not declared. Should it be static?
drivers/tty/vt/consolemap_deftbl.c:46:5: warning: symbol 'dfont_unitable' was not declared. Should it be static?
drivers/tty/vt/defkeymap.c:27:9: warning: symbol 'shift_map' was not declared. Should it be static?
drivers/tty/vt/defkeymap.c:46:9: warning: symbol 'altgr_map' was not declared. Should it be static?
drivers/tty/vt/defkeymap.c:65:9: warning: symbol 'ctrl_map' was not declared. Should it be static?
drivers/tty/vt/defkeymap.c:84:9: warning: symbol 'shift_ctrl_map' was not declared. Should it be static?
drivers/tty/vt/defkeymap.c:103:9: warning: symbol 'alt_map' was not declared. Should it be static?
drivers/tty/vt/defkeymap.c:122:9: warning: symbol 'ctrl_alt_map' was not declared. Should it be static?
drivers/tty/vt/defkeymap.c:148:14: warning: symbol 'keymap_count' was not declared. Should it be static?
drivers/tty/vt/defkeymap.c:156:6: warning: symbol 'func_buf' was not declared. Should it be static?
drivers/tty/vt/defkeymap.c:187:6: warning: symbol 'funcbufptr' was not declared. Should it be static?
drivers/tty/vt/defkeymap.c:188:5: warning: symbol 'funcbufsize' was not declared. Should it be static?
drivers/tty/vt/defkeymap.c:189:5: warning: symbol 'funcbufleft' was not declared. Should it be static?
drivers/tty/vt/defkeymap.c:191:6: warning: symbol 'func_table' was not declared. Should it be static?
drivers/tty/vt/defkeymap.c:225:18: warning: symbol 'accent_table' was not declared. Should it be static?
drivers/tty/vt/defkeymap.c:262:14: warning: symbol 'accent_table_size' was not declared. Should it be static?
drivers/video/fbdev/amba-clcd.c:761:28: warning: incorrect type in assignment (different address spaces)
drivers/video/fbdev/amba-clcd.c:761:28:    expected char [noderef] <asn:2>*screen_base
drivers/video/fbdev/amba-clcd.c:761:28:    got void *
drivers/video/fbdev/amba-clcd.c:774:64: warning: incorrect type in argument 3 (different address spaces)
drivers/video/fbdev/amba-clcd.c:774:64:    expected void *cpu_addr
drivers/video/fbdev/amba-clcd.c:774:64:    got char [noderef] <asn:2>*screen_base
drivers/video/fbdev/amba-clcd.c:780:9: warning: incorrect type in argument 3 (different address spaces)
drivers/video/fbdev/amba-clcd.c:780:9:    expected void *cpu_addr
drivers/video/fbdev/amba-clcd.c:780:9:    got char [noderef] <asn:2>*screen_base
drivers/video/fbdev/amba-clcd-versatile.c:157:28: warning: incorrect type in assignment (different address spaces)
drivers/video/fbdev/amba-clcd-versatile.c:157:28:    expected char [noderef] <asn:2>*screen_base
drivers/video/fbdev/amba-clcd-versatile.c:157:28:    got void *
drivers/video/fbdev/amba-clcd-versatile.c:173:44: warning: incorrect type in argument 3 (different address spaces)
drivers/video/fbdev/amba-clcd-versatile.c:173:44:    expected void *cpu_addr
drivers/video/fbdev/amba-clcd-versatile.c:173:44:    got char [noderef] <asn:2>*screen_base
drivers/video/fbdev/amba-clcd-versatile.c:181:37: warning: incorrect type in argument 3 (different address spaces)
drivers/video/fbdev/amba-clcd-versatile.c:181:37:    expected void *cpu_addr
drivers/video/fbdev/amba-clcd-versatile.c:181:37:    got char [noderef] <asn:2>*screen_base
drivers/video/fbdev/wm8505fb.c:346:41: warning: incorrect type in assignment (different address spaces)
drivers/video/fbdev/wm8505fb.c:346:41:    expected char [noderef] <asn:2>*screen_base
drivers/video/fbdev/wm8505fb.c:346:41:    got void *[assigned] fb_mem_virt
drivers/video/fbdev/mx3fb.c:1339:26: warning: incorrect type in assignment (different address spaces)
drivers/video/fbdev/mx3fb.c:1339:26:    expected char [noderef] <asn:2>*screen_base
drivers/video/fbdev/mx3fb.c:1339:26:    got void *
drivers/video/fbdev/mx3fb.c:1363:9: warning: cast removes address space of expression
drivers/video/fbdev/mx3fb.c:1382:34: warning: incorrect type in argument 3 (different address spaces)
drivers/video/fbdev/mx3fb.c:1382:34:    expected void *cpu_addr
drivers/video/fbdev/mx3fb.c:1382:34:    got char [noderef] <asn:2>*screen_base
drivers/video/fbdev/mx3fb.c:1097:17: warning: cast removes address space of expression
drivers/watchdog/sirfsoc_wdt.c:48:18: warning: incorrect type in assignment (different address spaces)
drivers/watchdog/sirfsoc_wdt.c:48:18:    expected void [noderef] <asn:2>*wdt_base
drivers/watchdog/sirfsoc_wdt.c:48:18:    got void *
drivers/watchdog/sirfsoc_wdt.c:64:18: warning: incorrect type in assignment (different address spaces)
drivers/watchdog/sirfsoc_wdt.c:64:18:    expected void [noderef] <asn:2>*wdt_base
drivers/watchdog/sirfsoc_wdt.c:64:18:    got void *
drivers/watchdog/sirfsoc_wdt.c:82:54: warning: incorrect type in initializer (different address spaces)
drivers/watchdog/sirfsoc_wdt.c:82:54:    expected void [noderef] <asn:2>*wdt_base
drivers/watchdog/sirfsoc_wdt.c:82:54:    got void *
drivers/watchdog/sirfsoc_wdt.c:99:54: warning: incorrect type in initializer (different address spaces)
drivers/watchdog/sirfsoc_wdt.c:99:54:    expected void [noderef] <asn:2>*wdt_base
drivers/watchdog/sirfsoc_wdt.c:99:54:    got void *
drivers/watchdog/sirfsoc_wdt.c:153:44: warning: incorrect type in argument 2 (different address spaces)
drivers/watchdog/sirfsoc_wdt.c:153:44:    expected void *data
drivers/watchdog/sirfsoc_wdt.c:153:44:    got void [noderef] <asn:2>*[assigned] base
drivers/usb/host/ohci-hub.c:265:9: warning: context imbalance in 'ohci_rh_resume' - different lock contexts for basic block
init/do_mounts.c:8:2: warning: "Sparse checking disabled for this file"
init/do_mounts_initrd.c:8:2: warning: "Sparse checking disabled for this file"
init/initramfs.c:8:2: warning: "Sparse checking disabled for this file"
init/calibrate.c:260:37: warning: symbol 'calibrate_delay_is_known' was not declared. Should it be static?
init/calibrate.c:270:28: warning: symbol 'calibration_delay_done' was not declared. Should it be static?
init/init_task.c:14:44: warning: implicit cast to nocast type
init/init_task.c:14:44: warning: implicit cast to nocast type
init/main.c:161:12: warning: symbol 'envp_init' was not declared. Should it be static?
arch/arm/boot/compressed/misc.c:19:14: warning: symbol '__machine_arch_type' was not declared. Should it be static?
arch/arm/boot/compressed/misc.c:105:15: warning: symbol 'output_data' was not declared. Should it be static?
arch/arm/boot/compressed/misc.c:107:15: warning: symbol 'free_mem_ptr' was not declared. Should it be static?
arch/arm/boot/compressed/misc.c:108:15: warning: symbol 'free_mem_end_ptr' was not declared. Should it be static?
arch/arm/boot/compressed/misc.c:125:17: warning: symbol '__div0' was not declared. Should it be static?
arch/arm/boot/compressed/misc.c:130:15: warning: symbol '__stack_chk_guard' was not declared. Should it be static?
arch/arm/boot/compressed/misc.c:132:6: warning: symbol '__stack_chk_guard_setup' was not declared. Should it be static?
arch/arm/boot/compressed/misc.c:137:6: warning: symbol '__stack_chk_fail' was not declared. Should it be static?
arch/arm/boot/compressed/misc.c:146:1: warning: symbol 'decompress_kernel' was not declared. Should it be static?
include/linux/decompress/mm.h:30:30: warning: symbol 'malloc_ptr' was not declared. Should it be static?
include/linux/decompress/mm.h:31:20: warning: symbol 'malloc_count' was not declared. Should it be static?
arch/arm/boot/compressed/decompress.c:58:5: warning: symbol 'do_decompress' was not declared. Should it be static?
arch/arm/boot/compressed/atags_to_fdt.c:108:5: warning: symbol 'atags_to_fdt' was not declared. Should it be static?
test_sparse: Mon Feb 9 03:03:08 PST 2015: succeeded on multi_v7_defconfig test_next-20150209
test_sparse: Mon Feb 9 03:03:08 PST 2015: ended on multi_v7_defconfig test_next-20150209
