test_sparse: Mon Jun 29 21:18:21 PDT 2015: started on defconfig test_next-20150625 (7ac7c2ed7bc15cbe96f31908f4fbb6f4a3402e42)
test_sparse: Mon Jun 29 21:18:21 PDT 2015: serial is 20150629211533
test_sparse: sparse version unknown (checksum d41d8cd98f00b204e9800998ecf8427e)
/bin/sh: 1: sparse: not found
make[2]: *** [scripts/mod/empty.o] Error 127
make[2]: *** Waiting for unfinished jobs....
make[1]: *** [scripts/mod] Error 2
make[1]: *** Waiting for unfinished jobs....
make: *** [scripts] Error 2
make: *** Waiting for unfinished jobs....
<stdin>:1253:2: warning: #warning syscall userfaultfd not implemented [-Wcpp]
test_sparse: Mon Jun 29 21:18:25 PDT 2015: FAILED on defconfig test_next-20150625
test_sparse: Mon Jun 29 21:18:25 PDT 2015: ended on defconfig test_next-20150625
