test_sparse: Thu Jun 4 06:53:55 PDT 2015: started on tegra_defconfig test_next-20150604 (94feb25d6fcd34b0d45c18cf0185d83d0c13c60a)
test_sparse: Thu Jun 4 06:53:55 PDT 2015: serial is 20150604064533
test_sparse: sparse version unknown (checksum d41d8cd98f00b204e9800998ecf8427e)
/bin/sh: 1: sparse: not found
make[2]: *** [scripts/mod/empty.o] Error 127
make[2]: *** Waiting for unfinished jobs....
make[1]: *** [scripts/mod] Error 2
make[1]: *** Waiting for unfinished jobs....
make: *** [scripts] Error 2
make: *** Waiting for unfinished jobs....
test_sparse: Thu Jun 4 06:54:00 PDT 2015: FAILED on tegra_defconfig test_next-20150604
test_sparse: Thu Jun 4 06:54:00 PDT 2015: ended on tegra_defconfig test_next-20150604
