test_build: Thu Nov 6 01:19:57 PST 2014: started on tegra_defconfig%tegra20,114_mergeconfig test_next-20141106 (5579b4b0f01b0e8a04201a7e05773066ef9909ac)
test_build: Thu Nov 6 01:19:57 PST 2014: serial is 20141106011533
mm/slab.c: In function ‘slab_alloc’:
mm/slab.c:3260:4: error: implicit declaration of function ‘slab_free’ [-Werror=implicit-function-declaration]
mm/slab.c: At top level:
mm/slab.c:3534:29: warning: conflicting types for ‘slab_free’ [enabled by default]
mm/slab.c:3534:29: error: static declaration of ‘slab_free’ follows non-static declaration
mm/slab.c:3260:4: note: previous implicit declaration of ‘slab_free’ was here
cc1: some warnings being treated as errors
make[1]: *** [mm/slab.o] Error 1
make: *** [mm] Error 2
make: *** Waiting for unfinished jobs....
test_build: Thu Nov 6 01:22:31 PST 2014: FAILED on tegra_defconfig%tegra20,114_mergeconfig test_next-20141106
test_build: Thu Nov 6 01:22:31 PST 2014: ended on tegra_defconfig%tegra20,114_mergeconfig test_next-20141106
test_build: Thu Nov 6 01:22:41 PST 2014: started on tegra_defconfig%tegra30,114_mergeconfig test_next-20141106 (5579b4b0f01b0e8a04201a7e05773066ef9909ac)
test_build: Thu Nov 6 01:22:41 PST 2014: serial is 20141106011533
mm/slab.c: In function ‘slab_alloc’:
mm/slab.c:3260:4: error: implicit declaration of function ‘slab_free’ [-Werror=implicit-function-declaration]
mm/slab.c: At top level:
mm/slab.c:3534:29: warning: conflicting types for ‘slab_free’ [enabled by default]
mm/slab.c:3534:29: error: static declaration of ‘slab_free’ follows non-static declaration
mm/slab.c:3260:4: note: previous implicit declaration of ‘slab_free’ was here
cc1: some warnings being treated as errors
make[1]: *** [mm/slab.o] Error 1
make[1]: *** Waiting for unfinished jobs....
make: *** [mm] Error 2
make: *** Waiting for unfinished jobs....
test_build: Thu Nov 6 01:25:16 PST 2014: FAILED on tegra_defconfig%tegra30,114_mergeconfig test_next-20141106
test_build: Thu Nov 6 01:25:16 PST 2014: ended on tegra_defconfig%tegra30,114_mergeconfig test_next-20141106
test_build: Thu Nov 6 01:18:49 PST 2014: started on tegra_defconfig%tegra30_mergeconfig test_next-20141106 (5579b4b0f01b0e8a04201a7e05773066ef9909ac)
test_build: Thu Nov 6 01:18:49 PST 2014: serial is 20141106011533
mm/slab.c: In function ‘slab_alloc’:
mm/slab.c:3260:4: error: implicit declaration of function ‘slab_free’ [-Werror=implicit-function-declaration]
mm/slab.c: At top level:
mm/slab.c:3534:29: warning: conflicting types for ‘slab_free’ [enabled by default]
mm/slab.c:3534:29: error: static declaration of ‘slab_free’ follows non-static declaration
mm/slab.c:3260:4: note: previous implicit declaration of ‘slab_free’ was here
cc1: some warnings being treated as errors
make[1]: *** [mm/slab.o] Error 1
make[1]: *** Waiting for unfinished jobs....
make: *** [mm] Error 2
make: *** Waiting for unfinished jobs....
test_build: Thu Nov 6 01:19:48 PST 2014: FAILED on tegra_defconfig%tegra30_mergeconfig test_next-20141106
test_build: Thu Nov 6 01:19:48 PST 2014: ended on tegra_defconfig%tegra30_mergeconfig test_next-20141106
test_build: Thu Nov 6 01:21:12 PST 2014: started on tegra_defconfig%tegra20,30_mergeconfig test_next-20141106 (5579b4b0f01b0e8a04201a7e05773066ef9909ac)
test_build: Thu Nov 6 01:21:12 PST 2014: serial is 20141106011533
mm/slab.c: In function ‘slab_alloc’:
mm/slab.c:3260:4: error: implicit declaration of function ‘slab_free’ [-Werror=implicit-function-declaration]
mm/slab.c: At top level:
mm/slab.c:3534:29: warning: conflicting types for ‘slab_free’ [enabled by default]
mm/slab.c:3534:29: error: static declaration of ‘slab_free’ follows non-static declaration
mm/slab.c:3260:4: note: previous implicit declaration of ‘slab_free’ was here
cc1: some warnings being treated as errors
make[1]: *** [mm/slab.o] Error 1
make[1]: *** Waiting for unfinished jobs....
make: *** [mm] Error 2
make: *** Waiting for unfinished jobs....
test_build: Thu Nov 6 01:22:51 PST 2014: FAILED on tegra_defconfig%tegra20,30_mergeconfig test_next-20141106
test_build: Thu Nov 6 01:22:51 PST 2014: ended on tegra_defconfig%tegra20,30_mergeconfig test_next-20141106
test_build: Thu Nov 6 01:22:57 PST 2014: started on tegra_defconfig%tegra124_mergeconfig test_next-20141106 (5579b4b0f01b0e8a04201a7e05773066ef9909ac)
test_build: Thu Nov 6 01:22:57 PST 2014: serial is 20141106011533
mm/slab.c: In function ‘slab_alloc’:
mm/slab.c:3260:4: error: implicit declaration of function ‘slab_free’ [-Werror=implicit-function-declaration]
mm/slab.c: At top level:
mm/slab.c:3534:29: warning: conflicting types for ‘slab_free’ [enabled by default]
mm/slab.c:3534:29: error: static declaration of ‘slab_free’ follows non-static declaration
mm/slab.c:3260:4: note: previous implicit declaration of ‘slab_free’ was here
cc1: some warnings being treated as errors
make[1]: *** [mm/slab.o] Error 1
make: *** [mm] Error 2
make: *** Waiting for unfinished jobs....
test_build: Thu Nov 6 01:25:18 PST 2014: FAILED on tegra_defconfig%tegra124_mergeconfig test_next-20141106
test_build: Thu Nov 6 01:25:18 PST 2014: ended on tegra_defconfig%tegra124_mergeconfig test_next-20141106
test_build: Thu Nov 6 01:18:57 PST 2014: started on tegra_defconfig%tegra114_mergeconfig test_next-20141106 (5579b4b0f01b0e8a04201a7e05773066ef9909ac)
test_build: Thu Nov 6 01:18:57 PST 2014: serial is 20141106011533
mm/slab.c: In function ‘slab_alloc’:
mm/slab.c:3260:4: error: implicit declaration of function ‘slab_free’ [-Werror=implicit-function-declaration]
mm/slab.c: At top level:
mm/slab.c:3534:29: warning: conflicting types for ‘slab_free’ [enabled by default]
mm/slab.c:3534:29: error: static declaration of ‘slab_free’ follows non-static declaration
mm/slab.c:3260:4: note: previous implicit declaration of ‘slab_free’ was here
cc1: some warnings being treated as errors
make[1]: *** [mm/slab.o] Error 1
make[1]: *** Waiting for unfinished jobs....
make: *** [mm] Error 2
make: *** Waiting for unfinished jobs....
test_build: Thu Nov 6 01:21:06 PST 2014: FAILED on tegra_defconfig%tegra114_mergeconfig test_next-20141106
test_build: Thu Nov 6 01:21:06 PST 2014: ended on tegra_defconfig%tegra114_mergeconfig test_next-20141106
test_build: Thu Nov 6 01:15:53 PST 2014: started on multi_v7_defconfig test_next-20141106 (5579b4b0f01b0e8a04201a7e05773066ef9909ac)
test_build: Thu Nov 6 01:15:53 PST 2014: serial is 20141106011533
WARNING: modpost: Found 1 section mismatch(es).
To see full details build your kernel with:
'make CONFIG_DEBUG_SECTION_MISMATCH=y'
   text	   data	    bss	    dec	    hex	filename
10423783	1257828	 316648	11998259	 b71433	vmlinux
test_build: Thu Nov 6 01:18:39 PST 2014: succeeded on multi_v7_defconfig test_next-20141106
test_build: Thu Nov 6 01:18:39 PST 2014: ended on multi_v7_defconfig test_next-20141106
test_build: Thu Nov 6 01:16:59 PST 2014: started on tegra_defconfig%tegra20_mergeconfig test_next-20141106 (5579b4b0f01b0e8a04201a7e05773066ef9909ac)
test_build: Thu Nov 6 01:16:59 PST 2014: serial is 20141106011533
mm/slab.c: In function ‘slab_alloc’:
mm/slab.c:3260:4: error: implicit declaration of function ‘slab_free’ [-Werror=implicit-function-declaration]
mm/slab.c: At top level:
mm/slab.c:3534:29: warning: conflicting types for ‘slab_free’ [enabled by default]
mm/slab.c:3534:29: error: static declaration of ‘slab_free’ follows non-static declaration
mm/slab.c:3260:4: note: previous implicit declaration of ‘slab_free’ was here
cc1: some warnings being treated as errors
make[1]: *** [mm/slab.o] Error 1
make: *** [mm] Error 2
make: *** Waiting for unfinished jobs....
test_build: Thu Nov 6 01:18:52 PST 2014: FAILED on tegra_defconfig%tegra20_mergeconfig test_next-20141106
test_build: Thu Nov 6 01:18:52 PST 2014: ended on tegra_defconfig%tegra20_mergeconfig test_next-20141106
test_build: Thu Nov 6 01:15:49 PST 2014: started on tegra_defconfig test_next-20141106 (5579b4b0f01b0e8a04201a7e05773066ef9909ac)
test_build: Thu Nov 6 01:15:49 PST 2014: serial is 20141106011533
mm/slab.c: In function ‘slab_alloc’:
mm/slab.c:3260:4: error: implicit declaration of function ‘slab_free’ [-Werror=implicit-function-declaration]
mm/slab.c: At top level:
mm/slab.c:3534:29: warning: conflicting types for ‘slab_free’ [enabled by default]
mm/slab.c:3534:29: error: static declaration of ‘slab_free’ follows non-static declaration
mm/slab.c:3260:4: note: previous implicit declaration of ‘slab_free’ was here
cc1: some warnings being treated as errors
make[1]: *** [mm/slab.o] Error 1
make[1]: *** Waiting for unfinished jobs....
make: *** [mm] Error 2
make: *** Waiting for unfinished jobs....
test_build: Thu Nov 6 01:16:32 PST 2014: FAILED on tegra_defconfig test_next-20141106
test_build: Thu Nov 6 01:16:32 PST 2014: ended on tegra_defconfig test_next-20141106
