test_sparse: Tue Jun 9 08:24:32 PDT 2015: started on multi_v7_defconfig test_next-20150609 (b47ecb252ff20f28fdd619d140cac2bb0c90c2be)
test_sparse: Tue Jun 9 08:24:32 PDT 2015: serial is 20150609081533
test_sparse: sparse version unknown (checksum d41d8cd98f00b204e9800998ecf8427e)
.config:605:warning: override: reassigning to symbol COMMON_CLK_QCOM
<stdin>:1253:2: warning: #warning syscall userfaultfd not implemented [-Wcpp]
init/do_mounts.c:8:2: warning: "Sparse checking disabled for this file"
init/do_mounts_initrd.c:8:2: warning: "Sparse checking disabled for this file"
init/initramfs.c:8:2: warning: "Sparse checking disabled for this file"
init/calibrate.c:260:37: warning: symbol 'calibrate_delay_is_known' was not declared. Should it be static?
init/calibrate.c:270:28: warning: symbol 'calibration_delay_done' was not declared. Should it be static?
arch/arm/vfp/vfpmodule.c:41:6: warning: symbol 'vfp_vector' was not declared. Should it be static?
arch/arm/vfp/vfpmodule.c:48:14: warning: symbol 'VFP_arch' was not declared. Should it be static?
arch/arm/vfp/vfpmodule.c:59:17: warning: symbol 'vfp_current_hw_state' was not declared. Should it be static?
arch/arm/vfp/vfpmodule.c:336:6: warning: symbol 'VFP_bounce' was not declared. Should it be static?
arch/arm/vfp/vfpmodule.c:665:6: warning: symbol 'vfp_kmode_exception' was not declared. Should it be static?
arch/arm/vfp/vfpmodule.c:690:6: warning: symbol 'kernel_neon_begin' was not declared. Should it be static?
arch/arm/vfp/vfpmodule.c:721:6: warning: symbol 'kernel_neon_end' was not declared. Should it be static?
init/main.c:162:12: warning: symbol 'envp_init' was not declared. Should it be static?
arch/arm/vdso/vgettimeofday.c:199:13: warning: symbol '__vdso_clock_gettime' was not declared. Should it be static?
arch/arm/vdso/vgettimeofday.c:246:13: warning: symbol '__vdso_gettimeofday' was not declared. Should it be static?
arch/arm/vdso/vgettimeofday.c:272:6: warning: symbol '__aeabi_unwind_cpp_pr0' was not declared. Should it be static?
arch/arm/vdso/vgettimeofday.c:276:6: warning: symbol '__aeabi_unwind_cpp_pr1' was not declared. Should it be static?
arch/arm/vdso/vgettimeofday.c:280:6: warning: symbol '__aeabi_unwind_cpp_pr2' was not declared. Should it be static?
arch/arm/kernel/irq.c:47:15: warning: symbol 'irq_err_count' was not declared. Should it be static?
arch/arm/common/mcpm_entry.c:29:20: warning: symbol 'mcpm_sync' was not declared. Should it be static?
arch/arm/kernel/process.c:170:1: warning: symbol 'thread_notify_head' was not declared. Should it be static?
arch/arm/kernel/process.c:286:15: warning: symbol 'arch_randomize_brk' was not declared. Should it be static?
arch/arm/mm/fault.c:545:1: warning: symbol 'do_DataAbort' was not declared. Should it be static?
arch/arm/mm/fault.c:578:1: warning: symbol 'do_PrefetchAbort' was not declared. Should it be static?
arch/arm/mm/init.c:502:1: error: directive in argument list
arch/arm/mm/init.c:505:1: error: directive in argument list
arch/arm/mm/init.c:509:1: error: directive in argument list
arch/arm/mm/init.c:511:1: error: directive in argument list
arch/arm/mm/init.c:512:1: error: directive in argument list
arch/arm/mm/init.c:514:1: error: directive in argument list
arch/arm/mm/init.c:522:1: error: directive in argument list
arch/arm/mm/init.c:525:1: error: directive in argument list
arch/arm/mm/init.c:529:1: error: directive in argument list
arch/arm/mm/init.c:532:1: error: directive in argument list
arch/arm/mm/init.c:533:1: error: directive in argument list
arch/arm/mm/init.c:535:1: error: directive in argument list
arch/arm/kernel/ptrace.c:931:16: warning: symbol 'syscall_trace_enter' was not declared. Should it be static?
arch/arm/kernel/ptrace.c:958:17: warning: symbol 'syscall_trace_exit' was not declared. Should it be static?
arch/arm/kernel/reboot.c:23:6: warning: symbol 'arm_pm_restart' was not declared. Should it be static?
arch/arm/kernel/reboot.c:79:6: warning: symbol 'soft_restart' was not declared. Should it be static?
arch/arm/kernel/setup.c:90:14: warning: symbol '__atags_pointer' was not declared. Should it be static?
arch/arm/kernel/setup.c:133:5: warning: symbol '__cpu_architecture' was not declared. Should it be static?
arch/arm/kernel/setup.c:1153:29: warning: symbol 'cpuinfo_op' was not declared. Should it be static?
arch/arm/mm/iomap.c:12:15: warning: symbol 'vga_base' was not declared. Should it be static?
arch/arm/kernel/signal.c:72:31: warning: incorrect type in argument 1 (different address spaces)
arch/arm/kernel/signal.c:72:31:    expected void [noderef] <asn:1>*to
arch/arm/kernel/signal.c:72:31:    got struct iwmmxt_sigframe *frame
arch/arm/kernel/signal.c:82:38: warning: incorrect type in argument 2 (different address spaces)
arch/arm/kernel/signal.c:82:38:    expected void const [noderef] <asn:1>*from
arch/arm/kernel/signal.c:82:38:    got struct iwmmxt_sigframe *frame
arch/arm/kernel/signal.c:179:48: warning: incorrect type in argument 1 (different address spaces)
arch/arm/kernel/signal.c:179:48:    expected struct iwmmxt_sigframe *frame
arch/arm/kernel/signal.c:179:48:    got struct iwmmxt_sigframe [noderef] <asn:1>*<noident>
arch/arm/kernel/signal.c:189:16: warning: symbol 'sys_sigreturn' was not declared. Should it be static?
arch/arm/kernel/signal.c:219:16: warning: symbol 'sys_rt_sigreturn' was not declared. Should it be static?
arch/arm/kernel/signal.c:290:49: warning: incorrect type in argument 1 (different address spaces)
arch/arm/kernel/signal.c:290:49:    expected struct iwmmxt_sigframe *frame
arch/arm/kernel/signal.c:290:49:    got struct iwmmxt_sigframe [noderef] <asn:1>*<noident>
arch/arm/kernel/signal.c:563:1: warning: symbol 'do_work_pending' was not declared. Should it be static?
arch/arm/kernel/signal.c:596:13: warning: symbol 'get_signal_page' was not declared. Should it be static?
arch/arm/kernel/sys_arm.c:35:17: warning: symbol 'sys_arm_fadvise64_64' was not declared. Should it be static?
arch/arm/kernel/time.c:115:13: warning: symbol 'time_init' was not declared. Should it be static?
arch/arm/mm/flush.c:373:6: warning: symbol '__flush_anon_page' was not declared. Should it be static?
arch/arm/mach-at91/pm.c:123:5: warning: symbol 'at91_suspend_entering_slow_clock' was not declared. Should it be static?
arch/arm/mach-at91/pm.c:348:29: warning: incorrect type in argument 1 (different modifiers)
arch/arm/mach-at91/pm.c:348:29:    expected void ( *at91_standby )( ... )
arch/arm/mach-at91/pm.c:348:29:    got void const *[assigned] standby
arch/arm/mach-at91/pm.c:385:30: warning: incorrect type in assignment (different address spaces)
arch/arm/mach-at91/pm.c:385:30:    expected void ( *static [toplevel] at91_suspend_sram_fn )( ... )
arch/arm/mach-at91/pm.c:385:30:    got void [noderef] <asn:2>*
arch/arm/kernel/traps.c:123:37: warning: incorrect type in argument 1 (different address spaces)
arch/arm/kernel/traps.c:123:37:    expected void const volatile [noderef] <asn:1>*<noident>
arch/arm/kernel/traps.c:123:37:    got unsigned long *<noident>
arch/arm/kernel/traps.c:156:31: warning: incorrect type in argument 1 (different address spaces)
arch/arm/kernel/traps.c:156:31:    expected void const volatile [noderef] <asn:1>*<noident>
arch/arm/kernel/traps.c:156:31:    got unsigned short [usertype] *
arch/arm/kernel/traps.c:158:31: warning: incorrect type in argument 1 (different address spaces)
arch/arm/kernel/traps.c:158:31:    expected void const volatile [noderef] <asn:1>*<noident>
arch/arm/kernel/traps.c:158:31:    got unsigned int [usertype] *
arch/arm/kernel/traps.c:425:33: warning: cast removes address space of expression
arch/arm/kernel/traps.c:406:29: warning: symbol 'do_undefinstr' was not declared. Should it be static?
arch/arm/kernel/traps.c:476:39: warning: symbol 'handle_fiq_as_nmi' was not declared. Should it be static?
arch/arm/kernel/traps.c:495:17: warning: symbol 'bad_mode' was not declared. Should it be static?
arch/arm/kernel/traps.c:562:14: warning: incorrect type in argument 1 (different base types)
arch/arm/kernel/traps.c:562:14:    expected void const volatile [noderef] <asn:1>*<noident>
arch/arm/kernel/traps.c:562:14:    got unsigned long [unsigned] start
arch/arm/kernel/traps.c:573:16: warning: symbol 'arm_syscall' was not declared. Should it be static?
arch/arm/kernel/traps.c:757:1: warning: symbol 'baddataabort' was not declared. Should it be static?
arch/arm/kernel/traps.c:801:17: warning: symbol '__div0' was not declared. Should it be static?
arch/arm/kernel/traps.c:808:6: warning: symbol 'abort' was not declared. Should it be static?
arch/arm/mach-bcm/kona_l2_cache.c:21:13: warning: symbol 'kona_l2_cache_init' was not declared. Should it be static?
arch/arm/mach-bcm/bcm_kona_smc.c:145:21: warning: incorrect type in initializer (different address spaces)
arch/arm/mach-bcm/bcm_kona_smc.c:145:21:    expected unsigned int [usertype] *args
arch/arm/mach-bcm/bcm_kona_smc.c:145:21:    got void [noderef] <asn:2>*static [toplevel] [assigned] bcm_smc_buffer
arch/arm/mach-bcm/bcm_kona_smc.c:151:9: warning: incorrect type in argument 2 (different address spaces)
arch/arm/mach-bcm/bcm_kona_smc.c:151:9:    expected void volatile [noderef] <asn:2>*addr
arch/arm/mach-bcm/bcm_kona_smc.c:151:9:    got unsigned int [usertype] *
arch/arm/mach-bcm/bcm_kona_smc.c:152:9: warning: incorrect type in argument 2 (different address spaces)
arch/arm/mach-bcm/bcm_kona_smc.c:152:9:    expected void volatile [noderef] <asn:2>*addr
arch/arm/mach-bcm/bcm_kona_smc.c:152:9:    got unsigned int [usertype] *
arch/arm/mach-bcm/bcm_kona_smc.c:153:9: warning: incorrect type in argument 2 (different address spaces)
arch/arm/mach-bcm/bcm_kona_smc.c:153:9:    expected void volatile [noderef] <asn:2>*addr
arch/arm/mach-bcm/bcm_kona_smc.c:153:9:    got unsigned int [usertype] *
arch/arm/mach-bcm/bcm_kona_smc.c:154:9: warning: incorrect type in argument 2 (different address spaces)
arch/arm/mach-bcm/bcm_kona_smc.c:154:9:    expected void volatile [noderef] <asn:2>*addr
arch/arm/mach-bcm/bcm_kona_smc.c:154:9:    got unsigned int [usertype] *[assigned] args
arch/arm/kernel/atags_proc.c:27:13: warning: symbol 'save_atags' was not declared. Should it be static?
arch/arm/mach-keystone/pm_domain.c:38:12: warning: symbol 'keystone_pm_runtime_init' was not declared. Should it be static?
arch/arm/mach-exynos/pmu.c:701:6: warning: symbol 'exynos5420_powerdown_conf' was not declared. Should it be static?
arch/arm/mach-hisi/platsmp.c:106:6: warning: symbol 'hix5hd2_set_scu_boot_addr' was not declared. Should it be static?
arch/arm/mach-hisi/platsmp.c:146:14: warning: incorrect type in assignment (different address spaces)
arch/arm/mach-hisi/platsmp.c:146:14:    expected void [noderef] <asn:2>*virt
arch/arm/mach-hisi/platsmp.c:146:14:    got void *
arch/arm/mach-hisi/platsmp.c:142:6: warning: symbol 'hip01_set_boot_addr' was not declared. Should it be static?
arch/arm/mm/mmap.c:172:15: warning: symbol 'arch_mmap_rnd' was not declared. Should it be static?
arch/arm/mach-highbank/pm.c:52:13: warning: symbol 'highbank_pm_init' was not declared. Should it be static?
arch/arm/mach-mvebu/system-controller.c:130:6: warning: symbol 'mvebu_armada375_smp_wa_init' was not declared. Should it be static?
arch/arm/mm/mmu.c:56:10: warning: symbol 'user_pmd_table' was not declared. Should it be static?
arch/arm/mm/mmu.c:133:13: warning: symbol 'init_default_cache_policy' was not declared. Should it be static?
arch/arm/mm/mmu.c:1069:13: warning: symbol 'sanity_check_meminfo' was not declared. Should it be static?
arch/arm/mm/mmu.c:1467:13: warning: symbol 'early_paging_init' was not declared. Should it be static?
arch/arm/mm/mmu.c:1490:13: warning: symbol 'paging_init' was not declared. Should it be static?
arch/arm/mach-mvebu/cpu-reset.c:25:5: warning: symbol 'mvebu_cpu_reset_deassert' was not declared. Should it be static?
arch/arm/kernel/bios32.c:22:23: warning: symbol 'pcibios_msi_controller' was not declared. Should it be static?
arch/arm/kernel/bios32.c:67:6: warning: symbol 'pcibios_report_status' was not declared. Should it be static?
arch/arm/mm/pageattr.c:68:5: warning: symbol 'set_memory_ro' was not declared. Should it be static?
arch/arm/mm/pageattr.c:75:5: warning: symbol 'set_memory_rw' was not declared. Should it be static?
arch/arm/mm/pageattr.c:82:5: warning: symbol 'set_memory_nx' was not declared. Should it be static?
arch/arm/mm/pageattr.c:89:5: warning: symbol 'set_memory_x' was not declared. Should it be static?
arch/arm/mach-imx/pm-imx5.c:346:22: warning: incorrect type in assignment (different address spaces)
arch/arm/mach-imx/pm-imx5.c:346:22:    expected struct imx5_cpu_suspend_info *suspend_info
arch/arm/mach-imx/pm-imx5.c:346:22:    got void [noderef] <asn:2>*static [addressable] [toplevel] suspend_ocram_base
arch/arm/mach-imx/pm-imx5.c:364:36: warning: incorrect type in argument 1 (different address spaces)
arch/arm/mach-imx/pm-imx5.c:364:36:    expected void *<noident>
arch/arm/mach-imx/pm-imx5.c:364:36:    got void [noderef] <asn:2>*
arch/arm/mach-exynos/platsmp.c:185:31: warning: incorrect type in return expression (different address spaces)
arch/arm/mach-exynos/platsmp.c:185:31:    expected void [noderef] <asn:2>*
arch/arm/mach-exynos/platsmp.c:185:31:    got void *
arch/arm/mach-exynos/platsmp.c:185:31: warning: incorrect type in return expression (different address spaces)
arch/arm/mach-exynos/platsmp.c:185:31:    expected void [noderef] <asn:2>*
arch/arm/mach-exynos/platsmp.c:185:31:    got void *
arch/arm/mach-mvebu/coherency.c:41:14: warning: symbol 'coherency_base' was not declared. Should it be static?
arch/arm/mach-imx/cpuidle-imx5.c:33:12: warning: symbol 'imx5_cpuidle_init' was not declared. Should it be static?
arch/arm/kernel/suspend.c:55:6: warning: symbol '__cpu_suspend_save' was not declared. Should it be static?
arch/arm/mach-mvebu/pmsu.c:146:16: warning: incorrect type in argument 1 (different address spaces)
arch/arm/mach-mvebu/pmsu.c:146:16:    expected void *<noident>
arch/arm/mach-mvebu/pmsu.c:146:16:    got void [noderef] <asn:2>*[assigned] sram_virt_base
arch/arm/mach-mvebu/pmsu.c:129:5: warning: symbol 'mvebu_setup_boot_addr_wa' was not declared. Should it be static?
arch/arm/mach-mvebu/pmsu.c:269:5: warning: symbol 'armada_370_xp_pmsu_idle_enter' was not declared. Should it be static?
arch/arm/mach-mvebu/pmsu.c:315:5: warning: symbol 'armada_38x_do_cpu_suspend' was not declared. Should it be static?
arch/arm/mach-mvebu/pmsu.c:342:6: warning: symbol 'mvebu_v7_pmsu_idle_exit' was not declared. Should it be static?
arch/arm/mach-mvebu/pmsu.c:549:5: warning: symbol 'mvebu_pmsu_dfs_request' was not declared. Should it be static?
arch/arm/mach-mvebu/pmsu.c:589:33: warning: symbol 'cpufreq_dt_pd' was not declared. Should it be static?
arch/arm/mach-mvebu/pmsu.c:640:40: warning: Using plain integer as NULL pointer
arch/arm/kernel/smp.c:514:6: warning: symbol 'arch_irq_work_raise' was not declared. Should it be static?
arch/arm/kernel/smp.c:669:5: warning: symbol 'setup_profiling_timer' was not declared. Should it be static?
arch/arm/mm/copypage-v6.c:125:21: warning: symbol 'v6_user_fns' was not declared. Should it be static?
arch/arm/mach-mvebu/pm.c:125:9: warning: incorrect type in argument 2 (different address spaces)
arch/arm/mach-mvebu/pm.c:125:9:    expected void volatile [noderef] <asn:2>*addr
arch/arm/mach-mvebu/pm.c:125:9:    got unsigned int [usertype] *
arch/arm/mach-mvebu/pm.c:126:9: warning: incorrect type in argument 2 (different address spaces)
arch/arm/mach-mvebu/pm.c:126:9:    expected void volatile [noderef] <asn:2>*addr
arch/arm/mach-mvebu/pm.c:126:9:    got unsigned int [usertype] *
arch/arm/mach-mvebu/pm.c:134:9: warning: incorrect type in argument 2 (different address spaces)
arch/arm/mach-mvebu/pm.c:134:9:    expected void volatile [noderef] <asn:2>*addr
arch/arm/mach-mvebu/pm.c:134:9:    got unsigned int [usertype] *
arch/arm/mach-mvebu/pm.c:135:9: warning: incorrect type in argument 2 (different address spaces)
arch/arm/mach-mvebu/pm.c:135:9:    expected void volatile [noderef] <asn:2>*addr
arch/arm/mach-mvebu/pm.c:135:9:    got unsigned int [usertype] *
arch/arm/mach-mvebu/pm.c:141:9: warning: incorrect type in argument 2 (different address spaces)
arch/arm/mach-mvebu/pm.c:141:9:    expected void volatile [noderef] <asn:2>*addr
arch/arm/mach-mvebu/pm.c:141:9:    got unsigned int [usertype] *
arch/arm/mach-mvebu/pm.c:142:9: warning: incorrect type in argument 2 (different address spaces)
arch/arm/mach-mvebu/pm.c:142:9:    expected void volatile [noderef] <asn:2>*addr
arch/arm/mach-mvebu/pm.c:142:9:    got unsigned int [usertype] *
arch/arm/mach-mvebu/pm.c:151:9: warning: incorrect type in argument 2 (different address spaces)
arch/arm/mach-mvebu/pm.c:151:9:    expected void volatile [noderef] <asn:2>*addr
arch/arm/mach-mvebu/pm.c:151:9:    got unsigned int [usertype] *[assigned] store_addr
arch/arm/mach-mvebu/pm.c:180:5: warning: symbol 'mvebu_pm_init' was not declared. Should it be static?
arch/arm/mach-rockchip/pm.c:221:16: warning: incorrect type in argument 1 (different address spaces)
arch/arm/mach-rockchip/pm.c:221:16:    expected void *<noident>
arch/arm/mach-rockchip/pm.c:221:16:    got void [noderef] <asn:2>*static [toplevel] [assigned] rk3288_bootram_base
arch/arm/mach-rockchip/platsmp.c:67:43: warning: Using plain integer as NULL pointer
arch/arm/mach-rockchip/platsmp.c:193:16: warning: incorrect type in argument 1 (different address spaces)
arch/arm/mach-rockchip/platsmp.c:193:16:    expected void *<noident>
arch/arm/mach-rockchip/platsmp.c:193:16:    got void [noderef] <asn:2>*static [toplevel] sram_base_addr
arch/arm/mach-imx/platsmp.c:26:5: warning: symbol 'g_diag_reg' was not declared. Should it be static?
arch/arm/mach-shmobile/timer.c:38:13: warning: symbol 'shmobile_init_delay' was not declared. Should it be static?
arch/arm/mach-shmobile/timer.c:108:13: warning: symbol 'shmobile_earlytimer_init' was not declared. Should it be static?
arch/arm/kernel/arch_timer.c:34:12: warning: symbol 'arch_timer_arch_init' was not declared. Should it be static?
arch/arm/kernel/machine_kexec.c:64:23: warning: cast removes address space of expression
arch/arm/kernel/machine_kexec.c:64:23: warning: cast removes address space of expression
arch/arm/kernel/machine_kexec.c:64:23: warning: incorrect type in initializer (different address spaces)
arch/arm/kernel/machine_kexec.c:64:23:    expected unsigned int const [noderef] <asn:1>*register __p
arch/arm/kernel/machine_kexec.c:64:23:    got unsigned int [usertype] *<noident>
arch/arm/kernel/machine_kexec.c:64:23: warning: cast removes address space of expression
arch/arm/kernel/machine_kexec.c:78:6: warning: symbol 'machine_crash_nonpanic_core' was not declared. Should it be static?
arch/arm/kernel/unwind.c:53:6: warning: symbol '__aeabi_unwind_cpp_pr0' was not declared. Should it be static?
arch/arm/kernel/unwind.c:58:6: warning: symbol '__aeabi_unwind_cpp_pr1' was not declared. Should it be static?
arch/arm/kernel/unwind.c:63:6: warning: symbol '__aeabi_unwind_cpp_pr2' was not declared. Should it be static?
arch/arm/mach-shmobile/pm-sh73a0.c:29:13: warning: symbol 'sh73a0_pm_init' was not declared. Should it be static?
arch/arm/mach-shmobile/setup-sh73a0.c:765:20: warning: symbol 'sh73a0_register_twd' was not declared. Should it be static?
arch/arm/kernel/devtree.c:69:13: warning: symbol 'arm_dt_init_cpu_maps' was not declared. Should it be static?
arch/arm/kernel/devtree.c:204:27: warning: symbol 'setup_machine_fdt' was not declared. Should it be static?
arch/arm/kernel/swp_emulate.c:123:23: warning: incorrect type in assignment (different address spaces)
arch/arm/kernel/swp_emulate.c:123:23:    expected void [noderef] <asn:1>*[assigned] [usertype] _addr
arch/arm/kernel/swp_emulate.c:123:23:    got void *<noident>
arch/arm/kernel/swp_emulate.c:210:14: warning: incorrect type in argument 1 (different base types)
arch/arm/kernel/swp_emulate.c:210:14:    expected void const volatile [noderef] <asn:1>*<noident>
arch/arm/kernel/swp_emulate.c:210:14:    got unsigned int
arch/arm/mach-imx/pm-imx6.c:473:17: warning: incorrect type in assignment (different address spaces)
arch/arm/mach-imx/pm-imx6.c:473:17:    expected struct imx6_cpu_pm_info *pm_info
arch/arm/mach-imx/pm-imx6.c:473:17:    got void [noderef] <asn:2>*static [toplevel] [assigned] suspend_ocram_base
arch/arm/mach-imx/pm-imx6.c:527:36: warning: incorrect type in argument 1 (different address spaces)
arch/arm/mach-imx/pm-imx6.c:527:36:    expected void *<noident>
arch/arm/mach-imx/pm-imx6.c:527:36:    got void [noderef] <asn:2>*
arch/arm/mach-imx/pm-imx6.c:535:18: warning: incorrect type in argument 1 (different address spaces)
arch/arm/mach-imx/pm-imx6.c:535:18:    expected void volatile [noderef] <asn:2>*addr
arch/arm/mach-imx/pm-imx6.c:535:18:    got void [noderef] <asn:2>**<noident>
arch/arm/mach-imx/pm-imx6.c:537:18: warning: incorrect type in argument 1 (different address spaces)
arch/arm/mach-imx/pm-imx6.c:537:18:    expected void volatile [noderef] <asn:2>*addr
arch/arm/mach-imx/pm-imx6.c:537:18:    got void [noderef] <asn:2>**<noident>
arch/arm/mach-imx/pm-imx6.c:539:18: warning: incorrect type in argument 1 (different address spaces)
arch/arm/mach-imx/pm-imx6.c:539:18:    expected void volatile [noderef] <asn:2>*addr
arch/arm/mach-imx/pm-imx6.c:539:18:    got void [noderef] <asn:2>**<noident>
arch/arm/mach-imx/pm-imx6.c:541:18: warning: incorrect type in argument 1 (different address spaces)
arch/arm/mach-imx/pm-imx6.c:541:18:    expected void volatile [noderef] <asn:2>*addr
arch/arm/mach-imx/pm-imx6.c:541:18:    got void [noderef] <asn:2>**<noident>
arch/arm/mach-prima2/rtciobrg.c:27:14: warning: symbol 'sirfsoc_rtciobrg_base' was not declared. Should it be static?
arch/arm/mach-prima2/rtciobrg.c:34:6: warning: symbol 'sirfsoc_rtc_iobrg_wait_sync' was not declared. Should it be static?
arch/arm/mach-prima2/rtciobrg.c:40:6: warning: symbol 'sirfsoc_rtc_iobrg_besyncing' was not declared. Should it be static?
arch/arm/mach-prima2/rtciobrg.c:52:5: warning: symbol '__sirfsoc_rtc_iobrg_readl' was not declared. Should it be static?
arch/arm/mach-prima2/rtciobrg.c:65:5: warning: symbol 'sirfsoc_rtc_iobrg_readl' was not declared. Should it be static?
arch/arm/mach-prima2/rtciobrg.c:79:6: warning: symbol 'sirfsoc_rtc_iobrg_pre_writel' was not declared. Should it be static?
arch/arm/mach-prima2/rtciobrg.c:89:6: warning: symbol 'sirfsoc_rtc_iobrg_writel' was not declared. Should it be static?
arch/arm/mach-prima2/pm.c:28:5: warning: symbol 'sirfsoc_pwrc_base' was not declared. Should it be static?
arch/arm/mach-prima2/pm.c:29:14: warning: symbol 'sirfsoc_memc_base' was not declared. Should it be static?
arch/arm/mach-prima2/pm.c:147:12: warning: symbol 'sirfsoc_pm_init' was not declared. Should it be static?
arch/arm/mach-shmobile/pm-r8a7740.c:126:13: warning: symbol 'r8a7740_pm_init' was not declared. Should it be static?
arch/arm/mach-imx/devices/devices.c:25:15: warning: symbol 'mxc_aips_bus' was not declared. Should it be static?
arch/arm/mach-imx/devices/devices.c:29:15: warning: symbol 'mxc_ahb_bus' was not declared. Should it be static?
arch/arm/mach-imx/devices/devices.c:33:12: warning: symbol 'mxc_device_init' was not declared. Should it be static?
arch/arm/mach-imx/devices/platform-gpio-mxc.c:11:24: warning: symbol 'mxc_register_gpio' was not declared. Should it be static?
arch/arm/mach-prima2/hotplug.c:35:12: warning: symbol 'sirfsoc_cpu_die' was not declared. Should it be static?
arch/arm/mach-sunxi/platsmp.c:188:23: warning: symbol 'sun8i_smp_ops' was not declared. Should it be static?
arch/arm/mach-tegra/irq.c:39:6: warning: symbol 'tegra_pending_sgi' was not declared. Should it be static?
arch/arm/mach-tegra/pm.c:124:27: warning: incorrect type in initializer (different address spaces)
arch/arm/mach-tegra/pm.c:124:27:    expected unsigned int [usertype] *cpu_in_lp2
arch/arm/mach-tegra/pm.c:124:27:    got void [noderef] <asn:2>*
arch/arm/mach-tegra/pm.c:138:35: warning: incorrect type in initializer (different address spaces)
arch/arm/mach-tegra/pm.c:138:35:    expected struct cpumask [usertype] *cpu_lp2_mask
arch/arm/mach-tegra/pm.c:138:35:    got void [noderef] <asn:2>*
arch/arm/mach-tegra/pm.c:139:27: warning: incorrect type in initializer (different address spaces)
arch/arm/mach-tegra/pm.c:139:27:    expected unsigned int [usertype] *cpu_in_lp2
arch/arm/mach-tegra/pm.c:139:27:    got void [noderef] <asn:2>*
arch/arm/mach-tegra/pm.c:155:5: warning: symbol 'tegra_cpu_do_idle' was not declared. Should it be static?
arch/arm/mach-tegra/pm.c:293:32: warning: incorrect type in argument 2 (different address spaces)
arch/arm/mach-tegra/pm.c:293:32:    expected void const *<noident>
arch/arm/mach-tegra/pm.c:293:32:    got void [noderef] <asn:2>*
arch/arm/mach-tegra/pm.c:295:16: warning: incorrect type in argument 1 (different address spaces)
arch/arm/mach-tegra/pm.c:295:16:    expected void *<noident>
arch/arm/mach-tegra/pm.c:295:16:    got void [noderef] <asn:2>*
arch/arm/mach-tegra/pm.c:298:12: warning: cast removes address space of expression
arch/arm/mach-tegra/pm.c:304:16: warning: incorrect type in argument 1 (different address spaces)
arch/arm/mach-tegra/pm.c:304:16:    expected void *<noident>
arch/arm/mach-tegra/pm.c:304:16:    got void [noderef] <asn:2>*
arch/arm/mach-tegra/pm.c:307:11: warning: cast removes address space of expression
arch/arm/mach-tegra/reset.c:71:9: error: subtraction of functions? Share your drugs
arch/arm/mach-tegra/reset.c:74:25: error: subtraction of functions? Share your drugs
arch/arm/mach-shmobile/setup-rcar-gen2.c:187:12: warning: symbol 'rcar_gen2_dma_contiguous' was not declared. Should it be static?
arch/arm/mach-shmobile/platsmp-apmu.c:173:6: warning: symbol 'shmobile_smp_apmu_cpu_shutdown' was not declared. Should it be static?
arch/arm/kernel/perf_event_v7.c:174:9: warning: Initializer entry defined twice
arch/arm/kernel/perf_event_v7.c:175:10:   also defined here
arch/arm/kernel/perf_event_v7.c:187:9: warning: Initializer entry defined twice
arch/arm/kernel/perf_event_v7.c:194:10:   also defined here
arch/arm/kernel/perf_event_v7.c:223:9: warning: Initializer entry defined twice
arch/arm/kernel/perf_event_v7.c:224:10:   also defined here
arch/arm/kernel/perf_event_v7.c:237:9: warning: Initializer entry defined twice
arch/arm/kernel/perf_event_v7.c:244:10:   also defined here
arch/arm/kernel/perf_event_v7.c:267:9: warning: Initializer entry defined twice
arch/arm/kernel/perf_event_v7.c:268:10:   also defined here
arch/arm/kernel/perf_event_v7.c:279:9: warning: Initializer entry defined twice
arch/arm/kernel/perf_event_v7.c:281:10:   also defined here
arch/arm/kernel/perf_event_v7.c:313:9: warning: Initializer entry defined twice
arch/arm/kernel/perf_event_v7.c:314:10:   also defined here
arch/arm/kernel/perf_event_v7.c:326:9: warning: Initializer entry defined twice
arch/arm/kernel/perf_event_v7.c:328:10:   also defined here
arch/arm/kernel/perf_event_v7.c:362:9: warning: Initializer entry defined twice
arch/arm/kernel/perf_event_v7.c:363:10:   also defined here
arch/arm/kernel/perf_event_v7.c:375:9: warning: Initializer entry defined twice
arch/arm/kernel/perf_event_v7.c:382:10:   also defined here
arch/arm/kernel/perf_event_v7.c:411:9: warning: Initializer entry defined twice
arch/arm/kernel/perf_event_v7.c:412:10:   also defined here
arch/arm/kernel/perf_event_v7.c:424:9: warning: Initializer entry defined twice
arch/arm/kernel/perf_event_v7.c:426:10:   also defined here
arch/arm/kernel/perf_event_v7.c:461:9: warning: Initializer entry defined twice
arch/arm/kernel/perf_event_v7.c:462:10:   also defined here
arch/arm/kernel/perf_event_v7.c:470:9: warning: Initializer entry defined twice
arch/arm/kernel/perf_event_v7.c:471:10:   also defined here
arch/arm/kernel/perf_event_v7.c:480:9: warning: Initializer entry defined twice
arch/arm/kernel/perf_event_v7.c:487:10:   also defined here
arch/arm/kernel/perf_event_v7.c:511:9: warning: Initializer entry defined twice
arch/arm/kernel/perf_event_v7.c:512:10:   also defined here
arch/arm/kernel/perf_event_v7.c:522:9: warning: Initializer entry defined twice
arch/arm/kernel/perf_event_v7.c:528:10:   also defined here
arch/arm/kernel/topology.c:45:15: warning: symbol 'arch_scale_cpu_capacity' was not declared. Should it be static?
arch/arm/kernel/topology.c:192:22: warning: symbol 'cpu_corepower_mask' was not declared. Should it be static?
arch/arm/mach-tegra/tegra.c:65:5: warning: symbol 'tegra_uart_config' was not declared. Should it be static?
arch/arm/mach-ux500/cpu-db8500.c:84:31: warning: incorrect type in argument 1 (different address spaces)
arch/arm/mach-ux500/cpu-db8500.c:84:31:    expected void const *<noident>
arch/arm/mach-ux500/cpu-db8500.c:84:31:    got void [noderef] <asn:2>*[assigned] uid
arch/arm/mach-ux500/cpu-db8500.c:86:26: warning: cast removes address space of expression
arch/arm/mach-ux500/cpu-db8500.c:86:26: warning: incorrect type in argument 1 (different address spaces)
arch/arm/mach-ux500/cpu-db8500.c:86:26:    expected void const volatile [noderef] <asn:2>*addr
arch/arm/mach-ux500/cpu-db8500.c:86:26:    got unsigned int [usertype] *
arch/arm/mach-ux500/cpu-db8500.c:87:26: warning: cast removes address space of expression
arch/arm/mach-ux500/cpu-db8500.c:87:26: warning: incorrect type in argument 1 (different address spaces)
arch/arm/mach-ux500/cpu-db8500.c:87:26:    expected void const volatile [noderef] <asn:2>*addr
arch/arm/mach-ux500/cpu-db8500.c:87:26:    got unsigned int [usertype] *
arch/arm/mach-ux500/cpu-db8500.c:87:47: warning: cast removes address space of expression
arch/arm/mach-ux500/cpu-db8500.c:87:47: warning: incorrect type in argument 1 (different address spaces)
arch/arm/mach-ux500/cpu-db8500.c:87:47:    expected void const volatile [noderef] <asn:2>*addr
arch/arm/mach-ux500/cpu-db8500.c:87:47:    got unsigned int [usertype] *
arch/arm/mach-ux500/cpu-db8500.c:88:26: warning: cast removes address space of expression
arch/arm/mach-ux500/cpu-db8500.c:88:26: warning: incorrect type in argument 1 (different address spaces)
arch/arm/mach-ux500/cpu-db8500.c:88:26:    expected void const volatile [noderef] <asn:2>*addr
arch/arm/mach-ux500/cpu-db8500.c:88:26:    got unsigned int [usertype] *
arch/arm/mach-ux500/cpu-db8500.c:88:47: warning: cast removes address space of expression
arch/arm/mach-ux500/cpu-db8500.c:88:47: warning: incorrect type in argument 1 (different address spaces)
arch/arm/mach-ux500/cpu-db8500.c:88:47:    expected void const volatile [noderef] <asn:2>*addr
arch/arm/mach-ux500/cpu-db8500.c:88:47:    got unsigned int [usertype] *
arch/arm/mach-shmobile/suspend.c:37:29: warning: symbol 'shmobile_suspend_ops' was not declared. Should it be static?
arch/arm/mach-shmobile/suspend.c:44:12: warning: symbol 'shmobile_suspend_init' was not declared. Should it be static?
arch/arm/mach-tegra/cpuidle.c:51:6: warning: symbol 'tegra_cpuidle_pcie_irqs_in_use' was not declared. Should it be static?
arch/arm/mach-omap2/omap4-restart.c:22:6: warning: symbol 'omap44xx_restart' was not declared. Should it be static?
arch/arm/mach-shmobile/cpufreq.c:13:12: warning: symbol 'shmobile_cpufreq_init' was not declared. Should it be static?
arch/arm/mach-tegra/cpuidle-tegra20.c:216:6: warning: symbol 'tegra20_cpuidle_pcie_irqs_in_use' was not declared. Should it be static?
arch/arm/mach-tegra/cpuidle-tegra20.c:223:12: warning: symbol 'tegra20_cpuidle_init' was not declared. Should it be static?
arch/arm/mach-tegra/cpuidle-tegra30.c:144:12: warning: symbol 'tegra30_cpuidle_init' was not declared. Should it be static?
arch/arm/mach-uniphier/platsmp.c:85:23: warning: symbol 'uniphier_smp_ops' was not declared. Should it be static?
arch/arm/mach-omap2/omap3-restart.c:30:6: warning: symbol 'omap3xxx_restart' was not declared. Should it be static?
arch/arm/mach-tegra/hotplug.c:24:5: warning: symbol 'tegra_cpu_kill' was not declared. Should it be static?
arch/arm/mach-tegra/hotplug.c:40:12: warning: symbol 'tegra_cpu_die' was not declared. Should it be static?
arch/arm/mach-tegra/cpuidle-tegra114.c:85:12: warning: symbol 'tegra114_cpuidle_init' was not declared. Should it be static?
arch/arm/kernel/psci_smp.c:59:12: warning: symbol 'psci_cpu_die' was not declared. Should it be static?
arch/arm/kernel/psci_smp.c:72:11: warning: symbol 'psci_cpu_kill' was not declared. Should it be static?
arch/arm/mach-vexpress/hotplug.c:88:12: warning: symbol 'vexpress_cpu_die' was not declared. Should it be static?
arch/arm/plat-omap/sram.c:60:17: warning: cast removes address space of expression
arch/arm/plat-versatile/platsmp.c:35:6: warning: symbol 'versatile_secondary_init' was not declared. Should it be static?
arch/arm/plat-versatile/platsmp.c:50:5: warning: symbol 'versatile_boot_secondary' was not declared. Should it be static?
arch/arm/plat-samsung/cpu.c:47:13: warning: symbol 's5p_init_cpu' was not declared. Should it be static?
arch/arm/plat-samsung/s5p-dev-mfc.c:63:12: warning: symbol 's5p_fdt_alloc_mfc_mem' was not declared. Should it be static?
kernel/fork.c:107:5: warning: symbol 'max_threads' was not declared. Should it be static?
kernel/fork.c:132:13: warning: symbol 'arch_release_task_struct' was not declared. Should it be static?
kernel/fork.c:150:13: warning: symbol 'arch_release_thread_info' was not declared. Should it be static?
kernel/fork.c:265:20: warning: symbol 'arch_task_cache_init' was not declared. Should it be static?
kernel/fork.c:290:13: warning: symbol 'fork_init' was not declared. Should it be static?
kernel/fork.c:313:12: warning: symbol 'arch_dup_task_struct' was not declared. Should it be static?
kernel/fork.c:1211:41: warning: implicit cast to nocast type
kernel/fork.c:1212:41: warning: implicit cast to nocast type
kernel/fork.c:1337:42: warning: implicit cast to nocast type
kernel/fork.c:1338:43: warning: implicit cast to nocast type
kernel/fork.c:1340:57: warning: implicit cast to nocast type
arch/arm/mach-spear/hotplug.c:83:12: warning: symbol 'spear13xx_cpu_die' was not declared. Should it be static?
mm/filemap.c:2115:35: warning: symbol 'generic_file_vm_ops' was not declared. Should it be static?
arch/arm/mach-shmobile/smp-emev2.c:52:23: warning: symbol 'emev2_smp_ops' was not declared. Should it be static?
kernel/panic.c:57:13: warning: symbol 'panic_smp_self_stop' was not declared. Should it be static?
kernel/panic.c:71:6: error: symbol 'panic' redeclared with different type (originally declared at include/linux/kernel.h:256) - different modifiers
fs/open.c:887:18: warning: restricted fmode_t degrades to integer
arch/arm/mach-omap2/omap-mpuss-lowpower.c:108:19: warning: symbol 'omap_pm_ops' was not declared. Should it be static?
kernel/cpu.c:285:9: warning: context imbalance in 'clear_tasks_mm_cpumask' - different lock contexts for basic block
ipc/util.c:152:29: warning: context imbalance in 'ipc_findkey' - wrong count at exit
ipc/util.c:220:5: warning: context imbalance in 'ipc_addid' - different lock contexts for basic block
include/linux/spinlock_api_smp.h:153:27: warning: context imbalance in 'ipcget_public' - unexpected unlock
ipc/util.c:579:22: warning: context imbalance in 'ipc_lock' - different lock contexts for basic block
ipc/util.c:743:29: warning: context imbalance in 'sysvipc_find_ipc' - different lock contexts for basic block
include/linux/spinlock_api_smp.h:153:27: warning: context imbalance in 'sysvipc_proc_next' - unexpected unlock
include/linux/spinlock_api_smp.h:153:27: warning: context imbalance in 'sysvipc_proc_stop' - unexpected unlock
security/keys/keyring.c:1071:5: warning: context imbalance in '__key_link_begin' - wrong count at exit
security/keys/keyring.c:1189:9: warning: context imbalance in '__key_link_end' - wrong count at exit
security/keys/keyring.c:1235:9: warning: context imbalance in 'key_link' - different lock contexts for basic block
ipc/msgutil.c:57:16: error: incompatible types in comparison expression (different type sizes)
ipc/msgutil.c:69:24: error: incompatible types in comparison expression (different type sizes)
ipc/msgutil.c:97:16: error: incompatible types in comparison expression (different type sizes)
ipc/msgutil.c:104:24: error: incompatible types in comparison expression (different type sizes)
ipc/msgutil.c:158:16: error: incompatible types in comparison expression (different type sizes)
ipc/msgutil.c:165:24: error: incompatible types in comparison expression (different type sizes)
fs/read_write.c:38:29: warning: incorrect type in return expression (different base types)
fs/read_write.c:38:29:    expected int
fs/read_write.c:38:29:    got restricted fmode_t
fs/read_write.c:38:29: warning: incorrect type in return expression (different base types)
fs/read_write.c:38:29:    expected int
fs/read_write.c:38:29:    got restricted fmode_t
fs/read_write.c:38:29: warning: incorrect type in return expression (different base types)
fs/read_write.c:38:29:    expected int
fs/read_write.c:38:29:    got restricted fmode_t
fs/read_write.c:38:29: warning: incorrect type in return expression (different base types)
fs/read_write.c:38:29:    expected int
fs/read_write.c:38:29:    got restricted fmode_t
kernel/exit.c:126:28: warning: incorrect type in argument 2 (different modifiers)
kernel/exit.c:126:28:    expected unsigned long [nocast] [usertype] *utime
kernel/exit.c:126:28:    got unsigned long *<noident>
kernel/exit.c:126:28: warning: implicit cast to nocast type
kernel/exit.c:126:36: warning: incorrect type in argument 3 (different modifiers)
kernel/exit.c:126:36:    expected unsigned long [nocast] [usertype] *stime
kernel/exit.c:126:36:    got unsigned long *<noident>
kernel/exit.c:126:36: warning: implicit cast to nocast type
kernel/exit.c:653:6: error: symbol 'do_exit' redeclared with different type (originally declared at include/linux/kernel.h:262) - different modifiers
kernel/exit.c:832:6: error: symbol 'complete_and_exit' redeclared with different type (originally declared at include/linux/kernel.h:264) - different modifiers
ipc/msg.c:148:9: warning: context imbalance in 'newque' - unexpected unlock
ipc/msg.c:213:13: warning: context imbalance in 'freeque' - unexpected unlock
ipc/msg.c:409:9: warning: context imbalance in 'msgctl_down' - different lock contexts for basic block
include/linux/rcupdate.h:865:9: warning: context imbalance in 'find_lock_task_mm' - wrong count at exit
mm/oom_kill.c:165:28: warning: context imbalance in 'oom_badness' - unexpected unlock
mm/oom_kill.c:357:9: warning: context imbalance in 'dump_tasks' - different lock contexts for basic block
include/linux/rcupdate.h:865:9: warning: context imbalance in '__oom_kill_process' - unexpected unlock
ipc/sem.c:537:9: warning: context imbalance in 'newary' - unexpected unlock
ipc/sem.c:1120:17: warning: context imbalance in 'freeary' - unexpected unlock
ipc/sem.c:1573:9: warning: context imbalance in 'semctl_down' - different lock contexts for basic block
ipc/sem.c:1678:24: warning: context imbalance in 'find_alloc_undo' - wrong count at exit
include/linux/rcupdate.h:865:9: warning: context imbalance in 'SyS_semtimedop' - unexpected unlock
kernel/softirq.c:748:36: warning: incorrect type in initializer (different address spaces)
kernel/softirq.c:748:36:    expected struct task_struct [noderef] <asn:3>**store
kernel/softirq.c:748:36:    got struct task_struct *[noderef] [toplevel] <asn:3>*<noident>
mm/page_alloc.c:5966:1: error: directive in argument list
mm/page_alloc.c:5968:1: error: directive in argument list
mm/page_alloc.c:5975:1: error: directive in argument list
mm/page_alloc.c:5977:1: error: directive in argument list
ipc/shm.c:495:31: warning: implicit cast to nocast type
ipc/shm.c:536:36: warning: implicit cast to nocast type
ipc/shm.c:547:36: warning: implicit cast to nocast type
ipc/shm.c:95:17: warning: context imbalance in 'do_shm_rmid' - unexpected unlock
ipc/shm.c:164:16: warning: context imbalance in 'shm_open' - unexpected unlock
ipc/shm.c:212:13: warning: context imbalance in 'shm_destroy' - unexpected unlock
include/linux/spinlock_api_smp.h:153:27: warning: context imbalance in 'shm_close' - unexpected unlock
ipc/shm.c:274:12: warning: context imbalance in 'shm_try_destroy_orphaned' - different lock contexts for basic block
ipc/shm.c:337:9: warning: context imbalance in 'exit_shm' - different lock contexts for basic block
./arch/arm/include/asm/thread_info.h:97:9: warning: context imbalance in 'newseg' - unexpected unlock
ipc/shm.c:829:9: warning: context imbalance in 'shmctl_down' - different lock contexts for basic block
include/linux/spinlock_api_smp.h:153:27: warning: context imbalance in 'do_shmat' - unexpected unlock
kernel/ptrace.c:749:9: warning: context imbalance in 'ptrace_resume' - different lock contexts for basic block
kernel/ptrace.c:1010:9: warning: context imbalance in 'ptrace_request' - different lock contexts for basic block
kernel/user.c:77:19: warning: symbol 'uidhash_table' was not declared. Should it be static?
kernel/signal.c:1662:28: warning: incorrect type in argument 2 (different modifiers)
kernel/signal.c:1662:28:    expected unsigned long [nocast] [usertype] *utime
kernel/signal.c:1662:28:    got unsigned long *<noident>
kernel/signal.c:1662:28: warning: implicit cast to nocast type
kernel/signal.c:1662:36: warning: incorrect type in argument 3 (different modifiers)
kernel/signal.c:1662:36:    expected unsigned long [nocast] [usertype] *stime
kernel/signal.c:1662:36:    got unsigned long *<noident>
kernel/signal.c:1662:36: warning: implicit cast to nocast type
kernel/signal.c:1747:28: warning: incorrect type in argument 2 (different modifiers)
kernel/signal.c:1747:28:    expected unsigned long [nocast] [usertype] *utime
kernel/signal.c:1747:28:    got unsigned long *<noident>
kernel/signal.c:1747:28: warning: implicit cast to nocast type
kernel/signal.c:1747:36: warning: incorrect type in argument 3 (different modifiers)
kernel/signal.c:1747:36:    expected unsigned long [nocast] [usertype] *stime
kernel/signal.c:1747:36:    got unsigned long *<noident>
kernel/signal.c:1747:36: warning: implicit cast to nocast type
kernel/signal.c:1255:23: warning: context imbalance in '__lock_task_sighand' - different lock contexts for basic block
kernel/signal.c:1992:13: warning: context imbalance in 'do_signal_stop' - different lock contexts for basic block
kernel/signal.c:2241:25: warning: context imbalance in 'get_signal' - unexpected unlock
kernel/sys.c:886:49: warning: incorrect type in argument 2 (different modifiers)
kernel/sys.c:886:49:    expected unsigned long [nocast] [usertype] *ut
kernel/sys.c:886:49:    got unsigned long *<noident>
kernel/sys.c:886:49: warning: implicit cast to nocast type
kernel/sys.c:886:59: warning: incorrect type in argument 3 (different modifiers)
kernel/sys.c:886:59:    expected unsigned long [nocast] [usertype] *st
kernel/sys.c:886:59:    got unsigned long *<noident>
kernel/sys.c:886:59: warning: implicit cast to nocast type
kernel/sys.c:1550:25: warning: implicit cast to nocast type
kernel/sys.c:1553:49: warning: incorrect type in argument 2 (different modifiers)
kernel/sys.c:1553:49:    expected unsigned long [nocast] [usertype] *ut
kernel/sys.c:1553:49:    got unsigned long *<noident>
kernel/sys.c:1553:49: warning: implicit cast to nocast type
kernel/sys.c:1553:57: warning: incorrect type in argument 3 (different modifiers)
kernel/sys.c:1553:57:    expected unsigned long [nocast] [usertype] *st
kernel/sys.c:1553:57:    got unsigned long *<noident>
kernel/sys.c:1553:57: warning: implicit cast to nocast type
kernel/sys.c:1579:51: warning: incorrect type in argument 2 (different modifiers)
kernel/sys.c:1579:51:    expected unsigned long [nocast] [usertype] *ut
kernel/sys.c:1579:51:    got unsigned long *<noident>
kernel/sys.c:1579:51: warning: implicit cast to nocast type
kernel/sys.c:1579:61: warning: incorrect type in argument 3 (different modifiers)
kernel/sys.c:1579:61:    expected unsigned long [nocast] [usertype] *st
kernel/sys.c:1579:61:    got unsigned long *<noident>
kernel/sys.c:1579:61: warning: implicit cast to nocast type
crypto/cipher.c:70:24: warning: Variable length array is used.
fs/exec.c:415:31: warning: incorrect type in return expression (different address spaces)
fs/exec.c:415:31:    expected char const [noderef] <asn:1>*
fs/exec.c:415:31:    got void *
kernel/workqueue.c:4156:61: warning: expression using sizeof bool
kernel/pid.c:48:5: warning: symbol 'pid_max' was not declared. Should it be static?
kernel/pid.c:52:5: warning: symbol 'pid_max_min' was not declared. Should it be static?
kernel/pid.c:53:5: warning: symbol 'pid_max_max' was not declared. Should it be static?
mm/swap.c:433:55: warning: context imbalance in 'pagevec_lru_move_fn' - unexpected unlock
mm/swap.c:964:55: warning: context imbalance in 'release_pages' - unexpected unlock
include/linux/rcupdate.h:865:9: warning: context imbalance in 'terminate_walk' - unexpected unlock
include/linux/rcupdate.h:865:9: warning: context imbalance in 'unlazy_walk' - unexpected unlock
include/linux/rcupdate.h:865:9: warning: context imbalance in 'unlazy_link' - unexpected unlock
fs/namei.c:1989:19: warning: context imbalance in 'path_init' - different lock contexts for basic block
kernel/extable.c:40:26: warning: symbol 'main_extable_sort_needed' was not declared. Should it be static?
mm/vmscan.c:3889:48: warning: context imbalance in 'check_move_unevictable_pages' - unexpected unlock
fs/dcache.c:348:9: warning: context imbalance in 'dentry_iput' - different lock contexts for basic block
fs/dcache.c:542:28: warning: context imbalance in '__dentry_kill' - unexpected unlock
fs/dcache.c:569:22: warning: context imbalance in 'dentry_kill' - wrong count at exit
fs/dcache.c:793:9: warning: context imbalance in 'dput' - unexpected unlock
fs/dcache.c:920:18: warning: context imbalance in 'd_prune_aliases' - different lock contexts for basic block
fs/dcache.c:963:44: warning: context imbalance in 'shrink_dentry_list' - unexpected unlock
fs/dcache.c:1100:24: warning: context imbalance in 'dentry_lru_isolate_shrink' - different lock contexts for basic block
fs/dcache.c:1260:22: warning: context imbalance in 'd_walk' - different lock contexts for basic block
fs/dcache.c:1783:31: warning: context imbalance in 'd_instantiate' - different lock contexts for basic block
fs/dcache.c:1850:9: warning: context imbalance in 'd_instantiate_unique' - different lock contexts for basic block
fs/dcache.c:2550:9: warning: context imbalance in 'dentry_lock_for_move' - wrong count at exit
fs/dcache.c:2562:28: warning: context imbalance in 'dentry_unlock_for_move' - unexpected unlock
fs/dcache.c:2741:20: warning: context imbalance in '__d_unalias' - unexpected unlock
fs/dcache.c:2812:25: warning: context imbalance in 'd_splice_alias' - different lock contexts for basic block
fs/dcache.c:2975:9: warning: context imbalance in 'prepend_path' - wrong count at exit
include/linux/err.h:23:20: warning: context imbalance in '__dentry_path' - different lock contexts for basic block
mm/mm_init.c:146:5: warning: symbol 'vm_committed_as_batch' was not declared. Should it be static?
fs/inode.c:712:17: warning: context imbalance in 'inode_lru_isolate' - unexpected unlock
fs/inode.c:768:9: warning: context imbalance in 'find_inode' - different lock contexts for basic block
fs/inode.c:795:9: warning: context imbalance in 'find_inode_fast' - different lock contexts for basic block
fs/inode.c:1325:5: warning: context imbalance in 'insert_inode_locked' - wrong count at exit
fs/inode.c:1367:5: warning: context imbalance in 'insert_inode_locked4' - wrong count at exit
fs/inode.c:1459:20: warning: context imbalance in 'iput_final' - unexpected unlock
fs/inode.c:1473:6: warning: context imbalance in 'iput' - wrong count at exit
fs/inode.c:1786:13: warning: context imbalance in '__wait_on_freeing_inode' - unexpected unlock
block/blk-core.c:1070:24: warning: context imbalance in '__get_request' - unexpected unlock
block/blk-core.c:1208:23: warning: context imbalance in 'blk_old_get_request' - different lock contexts for basic block
block/blk-core.c:1608:13: warning: context imbalance in 'blk_queue_bio' - different lock contexts for basic block
block/blk-core.c:3140:17: warning: context imbalance in 'blk_flush_plug_list' - unexpected unlock
mm/percpu.c:1943:12: warning: symbol 'pcpu_embed_first_chunk' was not declared. Should it be static?
fs/file.c:27:5: warning: symbol 'sysctl_nr_open_min' was not declared. Should it be static?
fs/file.c:30:5: warning: symbol 'sysctl_nr_open_max' was not declared. Should it be static?
fs/file.c:430:21: warning: symbol 'init_files' was not declared. Should it be static?
crypto/shash.c:82:40: warning: Variable length array is used.
crypto/shash.c:118:40: warning: Variable length array is used.
block/blk-flush.c:266:9: warning: context imbalance in 'flush_end_io' - different lock contexts for basic block
fs/namespace.c:1630:22: warning: symbol 'to_mnt_ns' was not declared. Should it be static?
mm/compaction.c:1495:37: warning: incorrect type in initializer (different base types)
mm/compaction.c:1495:37:    expected int [signed] may_enter_fs
mm/compaction.c:1495:37:    got restricted gfp_t
mm/compaction.c:1496:39: warning: incorrect type in initializer (different base types)
mm/compaction.c:1496:39:    expected int [signed] may_perform_io
mm/compaction.c:1496:39:    got restricted gfp_t
mm/compaction.c:316:13: warning: context imbalance in 'compact_trylock_irqsave' - wrong count at exit
include/linux/spinlock.h:372:9: warning: context imbalance in 'compact_unlock_should_abort' - unexpected unlock
mm/compaction.c:508:39: warning: context imbalance in 'isolate_freepages_block' - unexpected unlock
mm/compaction.c:810:39: warning: context imbalance in 'isolate_migratepages_block' - unexpected unlock
kernel/smpboot.c:170:36: warning: incorrect type in initializer (different address spaces)
kernel/smpboot.c:170:36:    expected void const [noderef] <asn:3>*__vpp_verify
kernel/smpboot.c:170:36:    got struct task_struct [noderef] <asn:3>**<noident>
kernel/smpboot.c:170:35: warning: incorrect type in initializer (different address spaces)
kernel/smpboot.c:170:35:    expected struct task_struct *tsk
kernel/smpboot.c:170:35:    got struct task_struct [noderef] <asn:3>*<noident>
kernel/smpboot.c:189:10: warning: incorrect type in initializer (different address spaces)
kernel/smpboot.c:189:10:    expected void const [noderef] <asn:3>*__vpp_verify
kernel/smpboot.c:189:10:    got struct task_struct [noderef] <asn:3>**<noident>
kernel/smpboot.c:189:38: warning: incorrect type in assignment (different address spaces)
kernel/smpboot.c:189:38:    expected struct task_struct [noderef] <asn:3>*<noident>
kernel/smpboot.c:189:38:    got struct task_struct *[assigned] tsk
kernel/smpboot.c:222:36: warning: incorrect type in initializer (different address spaces)
kernel/smpboot.c:222:36:    expected void const [noderef] <asn:3>*__vpp_verify
kernel/smpboot.c:222:36:    got struct task_struct [noderef] <asn:3>**<noident>
kernel/smpboot.c:222:35: warning: incorrect type in initializer (different address spaces)
kernel/smpboot.c:222:35:    expected struct task_struct *tsk
kernel/smpboot.c:222:35:    got struct task_struct [noderef] <asn:3>*<noident>
kernel/smpboot.c:242:36: warning: incorrect type in initializer (different address spaces)
kernel/smpboot.c:242:36:    expected void const [noderef] <asn:3>*__vpp_verify
kernel/smpboot.c:242:36:    got struct task_struct [noderef] <asn:3>**<noident>
kernel/smpboot.c:242:35: warning: incorrect type in initializer (different address spaces)
kernel/smpboot.c:242:35:    expected struct task_struct *tsk
kernel/smpboot.c:242:35:    got struct task_struct [noderef] <asn:3>*<noident>
kernel/smpboot.c:265:52: warning: incorrect type in initializer (different address spaces)
kernel/smpboot.c:265:52:    expected void const [noderef] <asn:3>*__vpp_verify
kernel/smpboot.c:265:52:    got struct task_struct [noderef] <asn:3>**<noident>
kernel/smpboot.c:265:51: warning: incorrect type in initializer (different address spaces)
kernel/smpboot.c:265:51:    expected struct task_struct *tsk
kernel/smpboot.c:265:51:    got struct task_struct [noderef] <asn:3>*<noident>
kernel/smpboot.c:273:44: warning: incorrect type in initializer (different address spaces)
kernel/smpboot.c:273:44:    expected void const [noderef] <asn:3>*__vpp_verify
kernel/smpboot.c:273:44:    got struct task_struct [noderef] <asn:3>**<noident>
kernel/smpboot.c:273:43: warning: incorrect type in initializer (different address spaces)
kernel/smpboot.c:273:43:    expected struct task_struct *tsk
kernel/smpboot.c:273:43:    got struct task_struct [noderef] <asn:3>*<noident>
kernel/smpboot.c:278:26: warning: incorrect type in initializer (different address spaces)
kernel/smpboot.c:278:26:    expected void const [noderef] <asn:3>*__vpp_verify
kernel/smpboot.c:278:26:    got struct task_struct [noderef] <asn:3>**<noident>
kernel/bpf/core.c:434:43: error: arithmetics on pointers to functions
kernel/events/core.c:324:26: warning: function 'perf_pmu_name' with external linkage has definition
kernel/events/core.c:198:6: warning: symbol 'update_perf_cpu_limits' was not declared. Should it be static?
kernel/events/core.c:718:1: warning: symbol 'perf_cgroup_switch' was not declared. Should it be static?
kernel/events/core.c:820:22: warning: incorrect type in initializer (different address spaces)
kernel/events/core.c:820:22:    expected void const [noderef] <asn:3>*__vpp_verify
kernel/events/core.c:820:22:    got int *<noident>
kernel/events/core.c:827:22: warning: incorrect type in initializer (different address spaces)
kernel/events/core.c:827:22:    expected void const [noderef] <asn:3>*__vpp_verify
kernel/events/core.c:827:22:    got int *<noident>
kernel/events/core.c:342:16: warning: incorrect type in initializer (different address spaces)
kernel/events/core.c:342:16:    expected void const [noderef] <asn:3>*__vpp_verify
kernel/events/core.c:342:16:    got struct perf_cpu_context *<noident>
kernel/events/core.c:342:16: warning: incorrect type in initializer (different address spaces)
kernel/events/core.c:342:16:    expected void const [noderef] <asn:3>*__vpp_verify
kernel/events/core.c:342:16:    got struct perf_cpu_context *<noident>
kernel/events/core.c:342:16: warning: incorrect type in initializer (different address spaces)
kernel/events/core.c:342:16:    expected void const [noderef] <asn:3>*__vpp_verify
kernel/events/core.c:342:16:    got struct perf_cpu_context *<noident>
kernel/events/core.c:342:16: warning: incorrect type in initializer (different address spaces)
kernel/events/core.c:342:16:    expected void const [noderef] <asn:3>*__vpp_verify
kernel/events/core.c:342:16:    got struct perf_cpu_context *<noident>
kernel/events/core.c:342:16: warning: incorrect type in initializer (different address spaces)
kernel/events/core.c:342:16:    expected void const [noderef] <asn:3>*__vpp_verify
kernel/events/core.c:342:16:    got struct perf_cpu_context *<noident>
kernel/events/core.c:342:16: warning: incorrect type in initializer (different address spaces)
kernel/events/core.c:342:16:    expected void const [noderef] <asn:3>*__vpp_verify
kernel/events/core.c:342:16:    got struct perf_cpu_context *<noident>
kernel/events/core.c:342:16: warning: incorrect type in initializer (different address spaces)
kernel/events/core.c:342:16:    expected void const [noderef] <asn:3>*__vpp_verify
kernel/events/core.c:342:16:    got struct perf_cpu_context *<noident>
kernel/events/core.c:2603:34: warning: incorrect type in initializer (different address spaces)
kernel/events/core.c:2603:34:    expected void const [noderef] <asn:3>*__vpp_verify
kernel/events/core.c:2603:34:    got struct perf_cpu_context *<noident>
kernel/events/core.c:342:16: warning: incorrect type in initializer (different address spaces)
kernel/events/core.c:342:16:    expected void const [noderef] <asn:3>*__vpp_verify
kernel/events/core.c:342:16:    got struct perf_cpu_context *<noident>
kernel/events/core.c:342:16: warning: incorrect type in initializer (different address spaces)
kernel/events/core.c:342:16:    expected void const [noderef] <asn:3>*__vpp_verify
kernel/events/core.c:342:16:    got struct perf_cpu_context *<noident>
kernel/events/core.c:3336:26: warning: incorrect type in initializer (different address spaces)
kernel/events/core.c:3336:26:    expected void const [noderef] <asn:3>*__vpp_verify
kernel/events/core.c:3336:26:    got struct perf_cpu_context *<noident>
kernel/events/core.c:4207:13: warning: symbol 'arch_perf_update_userpage' was not declared. Should it be static?
kernel/events/internal.h:163:46: warning: incorrect type in argument 2 (different address spaces)
kernel/events/internal.h:163:46:    expected void const [noderef] <asn:1>*from
kernel/events/internal.h:163:46:    got void const *src
kernel/events/core.c:5458:26: warning: incorrect type in initializer (different address spaces)
kernel/events/core.c:5458:26:    expected void const [noderef] <asn:3>*__vpp_verify
kernel/events/core.c:5458:26:    got struct perf_cpu_context *<noident>
kernel/events/core.c:7124:35: warning: incorrect type in return expression (different address spaces)
kernel/events/core.c:7124:35:    expected struct perf_cpu_context [noderef] <asn:3>*
kernel/events/core.c:7124:35:    got struct perf_cpu_context *[noderef] pmu_cpu_context
kernel/events/core.c:7137:26: warning: incorrect type in initializer (different address spaces)
kernel/events/core.c:7137:26:    expected void const [noderef] <asn:3>*__vpp_verify
kernel/events/core.c:7137:26:    got struct perf_cpu_context *<noident>
kernel/events/core.c:7159:24: warning: incorrect type in argument 1 (different address spaces)
kernel/events/core.c:7159:24:    expected void [noderef] <asn:3>*__pdata
kernel/events/core.c:7159:24:    got struct perf_cpu_context *[noderef] pmu_cpu_context
kernel/events/core.c:7212:26: warning: incorrect type in initializer (different address spaces)
kernel/events/core.c:7212:26:    expected void const [noderef] <asn:3>*__vpp_verify
kernel/events/core.c:7212:26:    got struct perf_cpu_context *<noident>
kernel/events/core.c:7281:32: warning: incorrect type in assignment (different address spaces)
kernel/events/core.c:7281:32:    expected int *[noderef] pmu_disable_count
kernel/events/core.c:7281:32:    got int [noderef] <asn:3>*<noident>
kernel/events/core.c:7306:30: warning: incorrect type in assignment (different address spaces)
kernel/events/core.c:7306:30:    expected struct perf_cpu_context *[noderef] pmu_cpu_context
kernel/events/core.c:7306:30:    got struct perf_cpu_context [noderef] <asn:3>*
kernel/events/core.c:7311:30: warning: incorrect type in assignment (different address spaces)
kernel/events/core.c:7311:30:    expected struct perf_cpu_context *[noderef] pmu_cpu_context
kernel/events/core.c:7311:30:    got struct perf_cpu_context [noderef] <asn:3>*<noident>
kernel/events/core.c:7318:26: warning: incorrect type in initializer (different address spaces)
kernel/events/core.c:7318:26:    expected void const [noderef] <asn:3>*__vpp_verify
kernel/events/core.c:7318:26:    got struct perf_cpu_context *<noident>
kernel/events/core.c:7372:24: warning: incorrect type in argument 1 (different address spaces)
kernel/events/core.c:7372:24:    expected void [noderef] <asn:3>*__pdata
kernel/events/core.c:7372:24:    got int *[noderef] pmu_disable_count
kernel/events/core.c:7390:24: warning: incorrect type in argument 1 (different address spaces)
kernel/events/core.c:7390:24:    expected void [noderef] <asn:3>*__pdata
kernel/events/core.c:7390:24:    got int *[noderef] pmu_disable_count
kernel/events/core.c:7429:12: warning: symbol 'perf_init_event' was not declared. Should it be static?
kernel/events/core.c:8291:20: warning: incorrect type in initializer (different address spaces)
kernel/events/core.c:8291:20:    expected void const [noderef] <asn:3>*__vpp_verify
kernel/events/core.c:8291:20:    got struct perf_cpu_context *<noident>
kernel/events/core.c:8292:20: warning: incorrect type in initializer (different address spaces)
kernel/events/core.c:8292:20:    expected void const [noderef] <asn:3>*__vpp_verify
kernel/events/core.c:8292:20:    got struct perf_cpu_context *<noident>
kernel/events/core.c:8903:24: warning: incorrect type in initializer (different address spaces)
kernel/events/core.c:8903:24:    expected void const [noderef] <asn:3>*__vpp_verify
kernel/events/core.c:8903:24:    got struct perf_cpu_context *<noident>
kernel/events/core.c:349:9: warning: context imbalance in 'perf_ctx_lock' - wrong count at exit
kernel/events/core.c:357:17: warning: context imbalance in 'perf_ctx_unlock' - unexpected unlock
include/linux/rcupdate.h:865:9: warning: context imbalance in 'perf_lock_task_context' - wrong count at exit
kernel/events/core.c:1103:17: warning: context imbalance in 'perf_pin_task_context' - unexpected unlock
kernel/events/core.c:2062:25: warning: context imbalance in '__perf_install_in_context' - unexpected unlock
kernel/events/core.c:3367:17: warning: context imbalance in 'find_get_context' - unexpected unlock
kernel/events/core.c:5471:17: warning: dereference of noderef expression
fs/libfs.c:846:16: error: incompatible types in comparison expression (different type sizes)
kernel/events/core.c:7124:32: warning: dereference of noderef expression
kernel/events/core.c:7153:21: warning: dereference of noderef expression
kernel/events/core.c:7153:43: warning: dereference of noderef expression
kernel/events/core.c:7159:21: warning: dereference of noderef expression
kernel/events/core.c:7282:14: warning: dereference of noderef expression
kernel/events/core.c:7307:13: warning: dereference of noderef expression
kernel/events/core.c:7312:14: warning: dereference of noderef expression
kernel/events/core.c:7372:21: warning: dereference of noderef expression
kernel/events/core.c:7390:21: warning: dereference of noderef expression
include/linux/spinlock_api_smp.h:153:27: warning: context imbalance in 'shadow_lru_isolate' - unexpected unlock
kernel/irq/irqdesc.c:538:17: warning: context imbalance in '__irq_get_desc_lock' - wrong count at exit
kernel/irq/irqdesc.c:562:6: warning: context imbalance in '__irq_put_desc_unlock' - unexpected unlock
fs/fs-writeback.c:1944:9: warning: context imbalance in 'block_dump___mark_inode_dirty' - different lock contexts for basic block
mm/gup.c:555:53: warning: implicit cast to nocast type
mm/highmem.c:101:16: warning: Initializer entry defined twice
mm/highmem.c:101:16:   also defined here
./arch/arm/include/asm/spinlock.h:80:9: warning: context imbalance in '_raw_spin_lock' - wrong count at exit
./arch/arm/include/asm/spinlock.h:80:9: warning: context imbalance in '_raw_spin_lock_irqsave' - wrong count at exit
./arch/arm/include/asm/spinlock.h:80:9: warning: context imbalance in '_raw_spin_lock_irq' - wrong count at exit
./arch/arm/include/asm/spinlock.h:80:9: warning: context imbalance in '_raw_spin_lock_bh' - wrong count at exit
kernel/locking/spinlock.c:189:17: warning: context imbalance in '_raw_spin_unlock_irqrestore' - unexpected unlock
kernel/locking/spinlock.c:205:17: warning: context imbalance in '_raw_spin_unlock_bh' - unexpected unlock
kernel/locking/spinlock.c:221:17: warning: context imbalance in '_raw_read_lock' - wrong count at exit
kernel/locking/spinlock.c:229:26: warning: context imbalance in '_raw_read_lock_irqsave' - wrong count at exit
kernel/locking/spinlock.c:237:17: warning: context imbalance in '_raw_read_lock_irq' - wrong count at exit
kernel/locking/spinlock.c:245:17: warning: context imbalance in '_raw_read_lock_bh' - wrong count at exit
include/linux/rwlock_api_smp.h:234:9: warning: context imbalance in '_raw_read_unlock_irqrestore' - unexpected unlock
include/linux/rwlock_api_smp.h:250:9: warning: context imbalance in '_raw_read_unlock_bh' - unexpected unlock
kernel/locking/spinlock.c:293:17: warning: context imbalance in '_raw_write_lock' - wrong count at exit
kernel/locking/spinlock.c:301:26: warning: context imbalance in '_raw_write_lock_irqsave' - wrong count at exit
kernel/locking/spinlock.c:309:17: warning: context imbalance in '_raw_write_lock_irq' - wrong count at exit
kernel/locking/spinlock.c:317:17: warning: context imbalance in '_raw_write_lock_bh' - wrong count at exit
kernel/locking/spinlock.c:333:17: warning: context imbalance in '_raw_write_unlock_irqrestore' - unexpected unlock
kernel/locking/spinlock.c:349:17: warning: context imbalance in '_raw_write_unlock_bh' - unexpected unlock
kernel/irq/spurious.c:47:17: warning: context imbalance in 'irq_wait_for_poll' - unexpected unlock
mm/memory.c:119:15: warning: symbol 'zero_pfn' was not declared. Should it be static?
mm/memory.c:904:17: warning: context imbalance in 'copy_pte_range' - different lock contexts for basic block
mm/memory.c:1428:32: warning: context imbalance in '__get_locked_pte' - different lock contexts for basic block
mm/memory.c:1631:17: warning: context imbalance in 'remap_pte_range' - different lock contexts for basic block
mm/memory.c:1829:17: warning: context imbalance in 'apply_to_pte_range' - unexpected unlock
mm/memory.c:2195:17: warning: context imbalance in 'wp_pfn_shared' - unexpected unlock
mm/memory.c:2285:12: warning: context imbalance in 'do_wp_page' - different lock contexts for basic block
mm/memory.c:3491:12: warning: context imbalance in '__follow_pte' - different lock contexts for basic block
kernel/events/ring_buffer.c:105:5: warning: context imbalance in 'perf_output_begin' - different lock contexts for basic block
kernel/events/ring_buffer.c:218:6: warning: context imbalance in 'perf_output_end' - unexpected unlock
kernel/events/hw_breakpoint.c:83:12: warning: symbol 'hw_breakpoint_weight' was not declared. Should it be static?
kernel/events/hw_breakpoint.c:231:13: warning: symbol 'arch_unregister_hw_breakpoint' was not declared. Should it be static?
kernel/power/main.c:49:5: warning: symbol 'pm_async_enabled' was not declared. Should it be static?
kernel/power/main.c:619:25: warning: symbol 'pm_wq' was not declared. Should it be static?
fs/fs_struct.c:161:18: warning: symbol 'init_fs' was not declared. Should it be static?
mm/mlock.c:585:37: warning: implicit cast to nocast type
mm/mlock.c:674:37: warning: implicit cast to nocast type
include/linux/mm.h:1324:21: warning: context imbalance in '__munlock_pagevec_fill' - different lock contexts for basic block
kernel/printk/printk.c:245:1: warning: symbol 'log_wait' was not declared. Should it be static?
kernel/printk/printk.c:1850:5: warning: symbol 'vprintk_default' was not declared. Should it be static?
kernel/printk/printk.c:955:15: warning: memcpy with byte count of 131072
drivers/ata/libata-scsi.c:1932:9: warning: context imbalance in 'ata_scsi_rbuf_get' - wrong count at exit
drivers/ata/libata-scsi.c:1953:31: warning: context imbalance in 'ata_scsi_rbuf_fill' - unexpected unlock
drivers/ata/libata-scsi.c:1951:48: warning: context imbalance in 'atapi_qc_complete' - unexpected unlock
mm/mmap.c:1345:47: warning: implicit cast to nocast type
mm/mmap.c:1347:45: warning: implicit cast to nocast type
mm/mmap.c:1356:45: warning: implicit cast to nocast type
mm/mmap.c:1377:47: warning: implicit cast to nocast type
mm/mmap.c:1397:37: warning: implicit cast to nocast type
mm/mmap.c:1401:37: warning: implicit cast to nocast type
mm/mmap.c:1445:33: warning: implicit cast to nocast type
mm/mmap.c:1580:29: warning: implicit cast to nocast type
mm/mmap.c:845:9: warning: context imbalance in 'vma_adjust' - different lock contexts for basic block
fs/fs_pin.c:49:17: warning: context imbalance in 'pin_kill' - unexpected unlock
include/linux/rcupdate.h:270:9: warning: context imbalance in 'mnt_pin_kill' - different lock contexts for basic block
include/linux/rcupdate.h:270:9: warning: context imbalance in 'group_pin_kill' - different lock contexts for basic block
fs/nsfs.c:32:32: warning: symbol 'ns_dentry_operations' was not declared. Should it be static?
fs/buffer.c:1090:20: warning: symbol '__getblk_slow' was not declared. Should it be static?
fs/buffer.c:2983:6: warning: symbol 'guard_bio_eod' was not declared. Should it be static?
kernel/sched/core.c:914:6: warning: symbol 'sched_set_stop_task' was not declared. Should it be static?
kernel/sched/core.c:1150:5: warning: symbol 'migrate_swap' was not declared. Should it be static?
kernel/sched/core.c:2970:35: warning: symbol 'preempt_schedule_irq' was not declared. Should it be static?
kernel/sched/core.c:5863:28: warning: incorrect type in initializer (different address spaces)
kernel/sched/core.c:5863:28:    expected void const [noderef] <asn:3>*__vpp_verify
kernel/sched/core.c:5863:28:    got struct sched_domain **<noident>
kernel/sched/core.c:5898:28: warning: incorrect type in initializer (different address spaces)
kernel/sched/core.c:5898:28:    expected void const [noderef] <asn:3>*__vpp_verify
kernel/sched/core.c:5898:28:    got struct sched_domain **<noident>
kernel/sched/core.c:5918:28: warning: incorrect type in initializer (different address spaces)
kernel/sched/core.c:5918:28:    expected void const [noderef] <asn:3>*__vpp_verify
kernel/sched/core.c:5918:28:    got struct sched_group_capacity **<noident>
kernel/sched/core.c:5957:36: warning: incorrect type in initializer (different address spaces)
kernel/sched/core.c:5957:36:    expected void const [noderef] <asn:3>*__vpp_verify
kernel/sched/core.c:5957:36:    got struct sched_domain **<noident>
kernel/sched/core.c:5964:24: warning: incorrect type in initializer (different address spaces)
kernel/sched/core.c:5964:24:    expected void const [noderef] <asn:3>*__vpp_verify
kernel/sched/core.c:5964:24:    got struct sched_group **<noident>
kernel/sched/core.c:5965:31: warning: incorrect type in initializer (different address spaces)
kernel/sched/core.c:5965:31:    expected void const [noderef] <asn:3>*__vpp_verify
kernel/sched/core.c:5965:31:    got struct sched_group_capacity **<noident>
kernel/sched/core.c:6656:39: warning: incorrect type in initializer (different address spaces)
kernel/sched/core.c:6656:39:    expected void const [noderef] <asn:3>*__vpp_verify
kernel/sched/core.c:6656:39:    got struct sched_domain **<noident>
kernel/sched/core.c:6659:40: warning: incorrect type in initializer (different address spaces)
kernel/sched/core.c:6659:40:    expected void const [noderef] <asn:3>*__vpp_verify
kernel/sched/core.c:6659:40:    got struct sched_domain **<noident>
kernel/sched/core.c:6663:40: warning: incorrect type in initializer (different address spaces)
kernel/sched/core.c:6663:40:    expected void const [noderef] <asn:3>*__vpp_verify
kernel/sched/core.c:6663:40:    got struct sched_group **<noident>
kernel/sched/core.c:6665:40: warning: incorrect type in initializer (different address spaces)
kernel/sched/core.c:6665:40:    expected void const [noderef] <asn:3>*__vpp_verify
kernel/sched/core.c:6665:40:    got struct sched_group_capacity **<noident>
kernel/sched/core.c:6667:32: warning: incorrect type in argument 1 (different address spaces)
kernel/sched/core.c:6667:32:    expected void [noderef] <asn:3>*__pdata
kernel/sched/core.c:6667:32:    got struct sched_domain **[noderef] sd
kernel/sched/core.c:6669:32: warning: incorrect type in argument 1 (different address spaces)
kernel/sched/core.c:6669:32:    expected void [noderef] <asn:3>*__pdata
kernel/sched/core.c:6669:32:    got struct sched_group **[noderef] sg
kernel/sched/core.c:6671:32: warning: incorrect type in argument 1 (different address spaces)
kernel/sched/core.c:6671:32:    expected void [noderef] <asn:3>*__pdata
kernel/sched/core.c:6671:32:    got struct sched_group_capacity **[noderef] sgc
kernel/sched/core.c:6599:25: warning: incorrect type in assignment (different address spaces)
kernel/sched/core.c:6599:25:    expected struct sched_domain **[noderef] sd
kernel/sched/core.c:6599:25:    got struct sched_domain *[noderef] <asn:3>*<noident>
kernel/sched/core.c:6603:25: warning: incorrect type in assignment (different address spaces)
kernel/sched/core.c:6603:25:    expected struct sched_group **[noderef] sg
kernel/sched/core.c:6603:25:    got struct sched_group *[noderef] <asn:3>*<noident>
kernel/sched/core.c:6607:26: warning: incorrect type in assignment (different address spaces)
kernel/sched/core.c:6607:26:    expected struct sched_group_capacity **[noderef] sgc
kernel/sched/core.c:6607:26:    got struct sched_group_capacity *[noderef] <asn:3>*<noident>
kernel/sched/core.c:6621:26: warning: incorrect type in initializer (different address spaces)
kernel/sched/core.c:6621:26:    expected void const [noderef] <asn:3>*__vpp_verify
kernel/sched/core.c:6621:26:    got struct sched_domain **<noident>
kernel/sched/core.c:6630:26: warning: incorrect type in initializer (different address spaces)
kernel/sched/core.c:6630:26:    expected void const [noderef] <asn:3>*__vpp_verify
kernel/sched/core.c:6630:26:    got struct sched_group **<noident>
kernel/sched/core.c:6637:26: warning: incorrect type in initializer (different address spaces)
kernel/sched/core.c:6637:26:    expected void const [noderef] <asn:3>*__vpp_verify
kernel/sched/core.c:6637:26:    got struct sched_group_capacity **<noident>
kernel/sched/core.c:6105:30: warning: incorrect type in argument 1 (different address spaces)
kernel/sched/core.c:6105:30:    expected void [noderef] <asn:3>*__pdata
kernel/sched/core.c:6105:30:    got struct sched_domain **[noderef] sd
kernel/sched/core.c:6120:15: warning: incorrect type in assignment (different address spaces)
kernel/sched/core.c:6120:15:    expected struct sched_domain **[noderef] sd
kernel/sched/core.c:6120:15:    got struct sched_domain *[noderef] <asn:3>*<noident>
kernel/sched/core.c:6138:9: warning: incorrect type in initializer (different address spaces)
kernel/sched/core.c:6138:9:    expected void const [noderef] <asn:3>*__vpp_verify
kernel/sched/core.c:6138:9:    got struct sched_domain **<noident>
kernel/sched/core.c:6139:10: warning: incorrect type in initializer (different address spaces)
kernel/sched/core.c:6139:10:    expected void const [noderef] <asn:3>*__vpp_verify
kernel/sched/core.c:6139:10:    got struct sched_domain **<noident>
kernel/sched/core.c:6141:13: warning: incorrect type in initializer (different address spaces)
kernel/sched/core.c:6141:13:    expected void const [noderef] <asn:3>*__vpp_verify
kernel/sched/core.c:6141:13:    got struct sched_group **<noident>
kernel/sched/core.c:6141:13: warning: incorrect type in initializer (different address spaces)
kernel/sched/core.c:6141:13:    expected void const [noderef] <asn:3>*__vpp_verify
kernel/sched/core.c:6141:13:    got struct sched_group **<noident>
kernel/sched/core.c:6141:13: warning: incorrect type in initializer (different address spaces)
kernel/sched/core.c:6141:13:    expected void const [noderef] <asn:3>*__vpp_verify
kernel/sched/core.c:6141:13:    got struct sched_group **<noident>
kernel/sched/core.c:6141:13: warning: incorrect type in initializer (different address spaces)
kernel/sched/core.c:6141:13:    expected void const [noderef] <asn:3>*__vpp_verify
kernel/sched/core.c:6141:13:    got struct sched_group **<noident>
kernel/sched/core.c:6142:18: warning: incorrect type in initializer (different address spaces)
kernel/sched/core.c:6142:18:    expected void const [noderef] <asn:3>*__vpp_verify
kernel/sched/core.c:6142:18:    got struct sched_group **<noident>
kernel/sched/core.c:6144:13: warning: incorrect type in initializer (different address spaces)
kernel/sched/core.c:6144:13:    expected void const [noderef] <asn:3>*__vpp_verify
kernel/sched/core.c:6144:13:    got struct sched_group_capacity **<noident>
kernel/sched/core.c:6144:13: warning: incorrect type in initializer (different address spaces)
kernel/sched/core.c:6144:13:    expected void const [noderef] <asn:3>*__vpp_verify
kernel/sched/core.c:6144:13:    got struct sched_group_capacity **<noident>
kernel/sched/core.c:6144:13: warning: incorrect type in initializer (different address spaces)
kernel/sched/core.c:6144:13:    expected void const [noderef] <asn:3>*__vpp_verify
kernel/sched/core.c:6144:13:    got struct sched_group_capacity **<noident>
kernel/sched/core.c:6144:13: warning: incorrect type in initializer (different address spaces)
kernel/sched/core.c:6144:13:    expected void const [noderef] <asn:3>*__vpp_verify
kernel/sched/core.c:6144:13:    got struct sched_group_capacity **<noident>
kernel/sched/core.c:6145:18: warning: incorrect type in initializer (different address spaces)
kernel/sched/core.c:6145:18:    expected void const [noderef] <asn:3>*__vpp_verify
kernel/sched/core.c:6145:18:    got struct sched_group_capacity **<noident>
kernel/sched/core.c:6178:36: warning: incorrect type in initializer (different address spaces)
kernel/sched/core.c:6178:36:    expected void const [noderef] <asn:3>*__vpp_verify
kernel/sched/core.c:6178:36:    got struct sched_domain **<noident>
kernel/sched/core.c:6676:21: warning: symbol 'build_sched_domain' was not declared. Should it be static?
kernel/sched/core.c:6734:34: warning: incorrect type in initializer (different address spaces)
kernel/sched/core.c:6734:34:    expected void const [noderef] <asn:3>*__vpp_verify
kernel/sched/core.c:6734:34:    got struct sched_domain **<noident>
kernel/sched/core.c:6744:28: warning: incorrect type in initializer (different address spaces)
kernel/sched/core.c:6744:28:    expected void const [noderef] <asn:3>*__vpp_verify
kernel/sched/core.c:6744:28:    got struct sched_domain **<noident>
kernel/sched/core.c:6761:28: warning: incorrect type in initializer (different address spaces)
kernel/sched/core.c:6761:28:    expected void const [noderef] <asn:3>*__vpp_verify
kernel/sched/core.c:6761:28:    got struct sched_domain **<noident>
kernel/sched/core.c:6770:23: warning: incorrect type in initializer (different address spaces)
kernel/sched/core.c:6770:23:    expected void const [noderef] <asn:3>*__vpp_verify
kernel/sched/core.c:6770:23:    got struct sched_domain **<noident>
kernel/sched/core.c:4224:1: warning: context imbalance in 'sys_sched_yield' - unexpected unlock
kernel/sched/core.c:6105:29: warning: dereference of noderef expression
kernel/sched/core.c:6121:14: warning: dereference of noderef expression
kernel/sched/core.c:6600:22: warning: dereference of noderef expression
kernel/sched/core.c:6604:22: warning: dereference of noderef expression
kernel/sched/core.c:6608:22: warning: dereference of noderef expression
kernel/sched/core.c:6655:29: warning: dereference of noderef expression
kernel/sched/core.c:6662:29: warning: dereference of noderef expression
kernel/sched/core.c:6664:29: warning: dereference of noderef expression
kernel/sched/core.c:6667:29: warning: dereference of noderef expression
kernel/sched/core.c:6668:17: warning: dereference of noderef expression
kernel/sched/core.c:6669:29: warning: dereference of noderef expression
kernel/sched/core.c:6670:17: warning: dereference of noderef expression
kernel/sched/core.c:6671:29: warning: dereference of noderef expression
kernel/sched/core.c:6672:17: warning: dereference of noderef expression
mm/mprotect.c:41:14: warning: context imbalance in 'lock_pte_protection' - different lock contexts for basic block
mm/mprotect.c:131:9: warning: context imbalance in 'change_pte_range' - unexpected unlock
kernel/rcu/tree.c:228:15: warning: symbol 'rcu_rnp_online_cpus' was not declared. Should it be static?
kernel/rcu/tree.c:251:14: warning: expression using sizeof bool
kernel/rcu/tree.c:255:17: warning: expression using sizeof bool
kernel/rcu/tree.c:261:14: warning: expression using sizeof bool
kernel/rcu/tree.c:265:17: warning: expression using sizeof bool
kernel/rcu/tree.c:280:1: warning: symbol 'rcu_qs_ctr' was not declared. Should it be static?
kernel/rcu/tree.c:1059:25: warning: expression using sizeof bool
kernel/rcu/tree.c:1727:14: warning: expression using sizeof bool
kernel/rcu/tree.c:1742:41: warning: expression using sizeof bool
kernel/rcu/tree.c:1754:17: warning: expression using sizeof bool
kernel/rcu/tree.c:1769:15: warning: expression using sizeof bool
kernel/rcu/tree.c:3501:13: warning: expression using sizeof bool
kernel/rcu/tree.c:3933:21: warning: incorrect type in argument 1 (different modifiers)
kernel/rcu/tree.c:3933:21:    expected int ( *threadfn )( ... )
kernel/rcu/tree.c:3933:21:    got int ( static [toplevel] [noreturn] *<noident> )( ... )
kernel/rcu/tree.c:1557:9: warning: context imbalance in 'rcu_start_future_gp' - different lock contexts for basic block
block/genhd.c:1405:10: error: bad integer constant expression
block/genhd.c:1406:10: error: bad integer constant expression
block/genhd.c:1410:10: error: bad integer constant expression
block/genhd.c:1411:10: error: bad integer constant expression
kernel/rcu/tree.c:2776:9: warning: context imbalance in 'force_qs_rnp' - different lock contexts for basic block
kernel/rcu/tree.c:2841:25: warning: context imbalance in 'force_quiescent_state' - unexpected unlock
mm/mremap.c:153:9: warning: context imbalance in 'move_ptes' - different lock contexts for basic block
kernel/time/hrtimer.c:67:1: warning: symbol 'hrtimer_bases' was not declared. Should it be static?
kernel/time/hrtimer.c:126:27: warning: context imbalance in 'lock_hrtimer_base' - wrong count at exit
kernel/time/hrtimer.c:773:9: warning: context imbalance in 'hrtimer_start_range_ns' - unexpected unlock
kernel/time/hrtimer.c:773:9: warning: context imbalance in 'hrtimer_try_to_cancel' - unexpected unlock
kernel/time/hrtimer.c:1043:9: warning: context imbalance in 'hrtimer_get_remaining' - unexpected unlock
mm/rmap.c:660:23: warning: Using plain integer as NULL pointer
mm/rmap.c:1369:6: warning: symbol 'is_vma_temporary_stack' was not declared. Should it be static?
mm/rmap.c:651:7: warning: context imbalance in '__page_check_address' - wrong count at exit
kernel/time/itimer.c:126:59: warning: implicit cast to nocast type
kernel/time/itimer.c:167:55: warning: incorrect type in argument 3 (different modifiers)
kernel/time/itimer.c:167:55:    expected unsigned long [nocast] [usertype] *newval
kernel/time/itimer.c:167:55:    got unsigned long *<noident>
kernel/time/itimer.c:167:55: warning: implicit cast to nocast type
kernel/time/itimer.c:167:62: warning: incorrect type in argument 4 (different modifiers)
kernel/time/itimer.c:167:62:    expected unsigned long [nocast] [usertype] *oldval
kernel/time/itimer.c:167:62:    got unsigned long *<noident>
kernel/time/itimer.c:167:62: warning: implicit cast to nocast type
kernel/time/itimer.c:226:56: warning: implicit cast to nocast type
./arch/arm/include/asm/futex.h:51:19: warning: incorrect type in argument 1 (different address spaces)
./arch/arm/include/asm/futex.h:51:19:    expected void const *ptr
./arch/arm/include/asm/futex.h:51:19:    got unsigned int [noderef] [usertype] <asn:1>*uaddr
fs/direct-io.c:1110:36: warning: Using plain integer as NULL pointer
./arch/arm/include/asm/futex.h:137:17: warning: incorrect type in argument 1 (different address spaces)
./arch/arm/include/asm/futex.h:137:17:    expected void const *ptr
./arch/arm/include/asm/futex.h:137:17:    got unsigned int [noderef] [usertype] <asn:1>*uaddr
./arch/arm/include/asm/futex.h:140:17: warning: incorrect type in argument 1 (different address spaces)
./arch/arm/include/asm/futex.h:140:17:    expected void const *ptr
./arch/arm/include/asm/futex.h:140:17:    got unsigned int [noderef] [usertype] <asn:1>*uaddr
./arch/arm/include/asm/futex.h:143:17: warning: incorrect type in argument 1 (different address spaces)
./arch/arm/include/asm/futex.h:143:17:    expected void const *ptr
./arch/arm/include/asm/futex.h:143:17:    got unsigned int [noderef] [usertype] <asn:1>*uaddr
./arch/arm/include/asm/futex.h:146:17: warning: incorrect type in argument 1 (different address spaces)
./arch/arm/include/asm/futex.h:146:17:    expected void const *ptr
./arch/arm/include/asm/futex.h:146:17:    got unsigned int [noderef] [usertype] <asn:1>*uaddr
./arch/arm/include/asm/futex.h:149:17: warning: incorrect type in argument 1 (different address spaces)
./arch/arm/include/asm/futex.h:149:17:    expected void const *ptr
./arch/arm/include/asm/futex.h:149:17:    got unsigned int [noderef] [usertype] <asn:1>*uaddr
fs/direct-io.c:160:58: warning: cast truncates bits from constant value (7fffffffffffffff becomes ffffffff)
kernel/futex.c:1287:33: warning: context imbalance in 'futex_wake_op' - different lock contexts for basic block
kernel/futex.c:1566:41: warning: context imbalance in 'futex_requeue' - different lock contexts for basic block
kernel/futex.c:2054:13: warning: context imbalance in 'futex_wait_queue_me' - unexpected unlock
kernel/futex.c:2157:9: warning: context imbalance in 'futex_wait_setup' - different lock contexts for basic block
kernel/futex.c:2601:29: warning: context imbalance in 'futex_wait_requeue_pi' - unexpected unlock
mm/vmalloc.c:585:6: warning: symbol 'set_iounmap_nonlazy' was not declared. Should it be static?
kernel/time/posix-timers.c:402:9: warning: context imbalance in 'do_schedule_next_timer' - different lock contexts for basic block
kernel/time/posix-timers.c:693:24: warning: context imbalance in '__lock_timer' - different lock contexts for basic block
arch/arm/mach-omap2/omap_hwmod_43xx_data.c:483:32: warning: symbol 'am43xx_dss_dispc_dev_attr' was not declared. Should it be static?
kernel/sched/clock.c:77:19: warning: symbol 'sched_clock_running' was not declared. Should it be static?
kernel/sched/stats.h:219:22: warning: implicit cast from nocast type
kernel/sched/stats.h:219:22: warning: implicit cast from nocast type
kernel/sched/stats.h:240:22: warning: implicit cast from nocast type
kernel/sched/cputime.c:305:42: warning: incorrect type in argument 2 (different modifiers)
kernel/sched/cputime.c:305:42:    expected unsigned long [nocast] [usertype] *utime
kernel/sched/cputime.c:305:42:    got unsigned long *<noident>
kernel/sched/cputime.c:305:42: warning: implicit cast to nocast type
kernel/sched/cputime.c:305:50: warning: incorrect type in argument 3 (different modifiers)
kernel/sched/cputime.c:305:50:    expected unsigned long [nocast] [usertype] *stime
kernel/sched/cputime.c:305:50:    got unsigned long *<noident>
kernel/sched/cputime.c:305:50: warning: implicit cast to nocast type
kernel/sched/cputime.c:570:29: warning: implicit cast from nocast type
kernel/sched/cputime.c:571:17: warning: implicit cast from nocast type
kernel/sched/cputime.c:619:26: warning: incorrect type in argument 1 (different modifiers)
kernel/sched/cputime.c:619:26:    expected unsigned long [nocast] [usertype] *counter
kernel/sched/cputime.c:619:26:    got unsigned long *<noident>
kernel/sched/cputime.c:619:26: warning: implicit cast to nocast type
kernel/sched/cputime.c:620:26: warning: incorrect type in argument 1 (different modifiers)
kernel/sched/cputime.c:620:26:    expected unsigned long [nocast] [usertype] *counter
kernel/sched/cputime.c:620:26:    got unsigned long *<noident>
kernel/sched/cputime.c:620:26: warning: implicit cast to nocast type
kernel/sched/cputime.c:633:26: warning: incorrect type in argument 2 (different modifiers)
kernel/sched/cputime.c:633:26:    expected unsigned long [nocast] [usertype] *utime
kernel/sched/cputime.c:633:26:    got unsigned long *<noident>
kernel/sched/cputime.c:633:26: warning: implicit cast to nocast type
kernel/sched/cputime.c:633:42: warning: incorrect type in argument 3 (different modifiers)
kernel/sched/cputime.c:633:42:    expected unsigned long [nocast] [usertype] *stime
kernel/sched/cputime.c:633:42:    got unsigned long *<noident>
kernel/sched/cputime.c:633:42: warning: implicit cast to nocast type
kernel/sched/cputime.c:313:33: warning: context imbalance in 'thread_group_cputime' - different lock contexts for basic block
arch/arm/mach-omap2/omap_hwmod_81xx_data.c:491:26: warning: symbol 'dm81xx_alwon_l3_slow__gpmc' was not declared. Should it be static?
arch/arm/mach-omap2/omap_hwmod_81xx_data.c:732:19: warning: symbol 'dm816x_emac0_mdio_hwmod' was not declared. Should it be static?
arch/arm/mach-omap2/omap_hwmod_81xx_data.c:750:26: warning: symbol 'dm816x_emac0__mdio' was not declared. Should it be static?
arch/arm/mach-omap2/omap_hwmod_81xx_data.c:905:19: warning: symbol 'dm816x_tpcc_hwmod' was not declared. Should it be static?
arch/arm/mach-omap2/omap_hwmod_81xx_data.c:918:26: warning: symbol 'dm816x_alwon_l3_fast__tpcc' was not declared. Should it be static?
arch/arm/mach-omap2/omap_hwmod_81xx_data.c:938:19: warning: symbol 'dm816x_tptc0_hwmod' was not declared. Should it be static?
arch/arm/mach-omap2/omap_hwmod_81xx_data.c:951:26: warning: symbol 'dm816x_alwon_l3_fast__tptc0' was not declared. Should it be static?
arch/arm/mach-omap2/omap_hwmod_81xx_data.c:959:26: warning: symbol 'dm816x_tptc0__alwon_l3_fast' was not declared. Should it be static?
arch/arm/mach-omap2/omap_hwmod_81xx_data.c:980:19: warning: symbol 'dm816x_tptc1_hwmod' was not declared. Should it be static?
arch/arm/mach-omap2/omap_hwmod_81xx_data.c:993:26: warning: symbol 'dm816x_alwon_l3_fast__tptc1' was not declared. Should it be static?
arch/arm/mach-omap2/omap_hwmod_81xx_data.c:1001:26: warning: symbol 'dm816x_tptc1__alwon_l3_fast' was not declared. Should it be static?
arch/arm/mach-omap2/omap_hwmod_81xx_data.c:1022:19: warning: symbol 'dm816x_tptc2_hwmod' was not declared. Should it be static?
arch/arm/mach-omap2/omap_hwmod_81xx_data.c:1035:26: warning: symbol 'dm816x_alwon_l3_fast__tptc2' was not declared. Should it be static?
arch/arm/mach-omap2/omap_hwmod_81xx_data.c:1043:26: warning: symbol 'dm816x_tptc2__alwon_l3_fast' was not declared. Should it be static?
arch/arm/mach-omap2/omap_hwmod_81xx_data.c:1064:19: warning: symbol 'dm816x_tptc3_hwmod' was not declared. Should it be static?
arch/arm/mach-omap2/omap_hwmod_81xx_data.c:1077:26: warning: symbol 'dm816x_alwon_l3_fast__tptc3' was not declared. Should it be static?
arch/arm/mach-omap2/omap_hwmod_81xx_data.c:1085:26: warning: symbol 'dm816x_tptc3__alwon_l3_fast' was not declared. Should it be static?
drivers/ata/libata-sff.c:1302:9: warning: context imbalance in 'ata_sff_hsm_move' - different lock contexts for basic block
kernel/time/posix-cpu-timers.c:27:53: warning: incorrect type in argument 3 (different modifiers)
kernel/time/posix-cpu-timers.c:27:53:    expected unsigned long [nocast] [usertype] *newval
kernel/time/posix-cpu-timers.c:27:53:    got unsigned long *<noident>
kernel/time/posix-cpu-timers.c:27:53: warning: implicit cast to nocast type
kernel/time/posix-cpu-timers.c:130:26: warning: incorrect type in argument 2 (different modifiers)
kernel/time/posix-cpu-timers.c:130:26:    expected unsigned long [nocast] [usertype] *utime
kernel/time/posix-cpu-timers.c:130:26:    got unsigned long *<noident>
kernel/time/posix-cpu-timers.c:130:26: warning: implicit cast to nocast type
kernel/time/posix-cpu-timers.c:130:34: warning: incorrect type in argument 3 (different modifiers)
kernel/time/posix-cpu-timers.c:130:34:    expected unsigned long [nocast] [usertype] *stime
kernel/time/posix-cpu-timers.c:130:34:    got unsigned long *<noident>
kernel/time/posix-cpu-timers.c:130:34: warning: implicit cast to nocast type
kernel/time/posix-cpu-timers.c:138:26: warning: incorrect type in argument 2 (different modifiers)
kernel/time/posix-cpu-timers.c:138:26:    expected unsigned long [nocast] [usertype] *utime
kernel/time/posix-cpu-timers.c:138:26:    got unsigned long *<noident>
kernel/time/posix-cpu-timers.c:138:26: warning: implicit cast to nocast type
kernel/time/posix-cpu-timers.c:216:56: warning: implicit cast from nocast type
kernel/time/posix-cpu-timers.c:217:56: warning: implicit cast from nocast type
kernel/time/posix-cpu-timers.c:225:37: warning: implicit cast to nocast type
kernel/time/posix-cpu-timers.c:226:37: warning: implicit cast to nocast type
kernel/time/posix-cpu-timers.c:130:26: warning: incorrect type in argument 2 (different modifiers)
kernel/time/posix-cpu-timers.c:130:26:    expected unsigned long [nocast] [usertype] *utime
kernel/time/posix-cpu-timers.c:130:26:    got unsigned long *<noident>
kernel/time/posix-cpu-timers.c:130:26: warning: implicit cast to nocast type
kernel/time/posix-cpu-timers.c:130:34: warning: incorrect type in argument 3 (different modifiers)
kernel/time/posix-cpu-timers.c:130:34:    expected unsigned long [nocast] [usertype] *stime
kernel/time/posix-cpu-timers.c:130:34:    got unsigned long *<noident>
kernel/time/posix-cpu-timers.c:130:34: warning: implicit cast to nocast type
kernel/time/posix-cpu-timers.c:138:26: warning: incorrect type in argument 2 (different modifiers)
kernel/time/posix-cpu-timers.c:138:26:    expected unsigned long [nocast] [usertype] *utime
kernel/time/posix-cpu-timers.c:138:26:    got unsigned long *<noident>
kernel/time/posix-cpu-timers.c:138:26: warning: implicit cast to nocast type
kernel/time/posix-cpu-timers.c:926:27: warning: implicit cast from nocast type
kernel/time/posix-cpu-timers.c:935:39: warning: implicit cast to nocast type
kernel/time/posix-cpu-timers.c:940:62: warning: implicit cast to nocast type
kernel/time/posix-cpu-timers.c:944:44: warning: implicit cast from nocast type
kernel/time/posix-cpu-timers.c:945:30: warning: implicit cast from nocast type
kernel/time/posix-cpu-timers.c:1008:38: warning: implicit cast from nocast type
kernel/time/posix-cpu-timers.c:1009:40: warning: implicit cast from nocast type
kernel/time/posix-cpu-timers.c:1122:28: warning: incorrect type in argument 2 (different modifiers)
kernel/time/posix-cpu-timers.c:1122:28:    expected unsigned long [nocast] [usertype] *utime
kernel/time/posix-cpu-timers.c:1122:28:    got unsigned long *<noident>
kernel/time/posix-cpu-timers.c:1122:28: warning: implicit cast to nocast type
kernel/time/posix-cpu-timers.c:1122:36: warning: incorrect type in argument 3 (different modifiers)
kernel/time/posix-cpu-timers.c:1122:36:    expected unsigned long [nocast] [usertype] *stime
kernel/time/posix-cpu-timers.c:1122:36:    got unsigned long *<noident>
kernel/time/posix-cpu-timers.c:1122:36: warning: implicit cast to nocast type
kernel/time/posix-cpu-timers.c:225:37: warning: implicit cast to nocast type
kernel/time/posix-cpu-timers.c:226:37: warning: implicit cast to nocast type
kernel/time/posix-cpu-timers.c:1237:29: warning: implicit cast from nocast type
kernel/time/posix-cpu-timers.c:1241:44: warning: implicit cast to nocast type
kernel/time/posix-cpu-timers.c:1247:28: warning: implicit cast to nocast type
kernel/sched/fair.c:51:14: warning: symbol 'normalized_sysctl_sched_latency' was not declared. Should it be static?
kernel/sched/fair.c:70:14: warning: symbol 'normalized_sysctl_sched_min_granularity' was not declared. Should it be static?
kernel/sched/fair.c:92:14: warning: symbol 'normalized_sysctl_sched_wakeup_granularity' was not declared. Should it be static?
kernel/sched/fair.c:4135:35: error: marked inline, but without a definition
arch/arm/mach-omap2/pdata-quirks.c:34:23: warning: symbol 'omap_auxdata_lookup' was not declared. Should it be static?
arch/arm/mach-omap2/pdata-quirks.c:131:24: warning: symbol 'wilink_pdata' was not declared. Should it be static?
kernel/time/jiffies.c:108:20: warning: symbol 'refined_jiffies' was not declared. Should it be static?
drivers/ata/ahci.c:100:9: warning: Initializer entry defined twice
drivers/ata/ahci.c:100:9:   also defined here
kernel/sched/rt.c:253:6: warning: symbol 'free_rt_sched_group' was not declared. Should it be static?
kernel/sched/rt.c:255:5: warning: symbol 'alloc_rt_sched_group' was not declared. Should it be static?
kernel/sched/rt.c:617:6: warning: symbol 'sched_rt_bandwidth_account' was not declared. Should it be static?
include/linux/spinlock_api_smp.h:153:27: warning: context imbalance in 'find_lock_lowest_rq' - unexpected unlock
kernel/sched/rt.c:1775:9: warning: context imbalance in 'push_rt_task' - unexpected unlock
include/linux/spinlock_api_smp.h:153:27: warning: context imbalance in 'pull_rt_task' - unexpected unlock
fs/autofs4/waitq.c:73:39: warning: incorrect type in argument 2 (different address spaces)
fs/autofs4/waitq.c:73:39:    expected char const [noderef] <asn:1>*<noident>
fs/autofs4/waitq.c:73:39:    got char const *data
drivers/ata/ahci_platform.c:35:9: warning: Initializer entry defined twice
drivers/ata/ahci_platform.c:35:9:   also defined here
kernel/sched/deadline.c:60:6: warning: symbol 'init_dl_bw' was not declared. Should it be static?
kernel/sched/deadline.c:1086:20: warning: symbol 'pick_next_task_dl' was not declared. Should it be static?
include/linux/spinlock_api_smp.h:153:27: warning: context imbalance in 'dl_task_offline_migration' - unexpected unlock
include/linux/spinlock_api_smp.h:153:27: warning: context imbalance in 'find_lock_later_rq' - unexpected unlock
kernel/sched/deadline.c:1446:9: warning: context imbalance in 'push_dl_task' - unexpected unlock
include/linux/spinlock_api_smp.h:153:27: warning: context imbalance in 'pull_dl_task' - unexpected unlock
drivers/ata/sata_highbank.c:456:9: warning: Initializer entry defined twice
drivers/ata/sata_highbank.c:456:9:   also defined here
kernel/time/clockevents.c:694:17: warning: symbol 'clockevents_subsys' was not declared. Should it be static?
mm/memblock.c:1333:6: warning: symbol 'memblock_virt_alloc_try_nid_nopanic' was not declared. Should it be static?
mm/memblock.c:1363:6: warning: symbol 'memblock_virt_alloc_try_nid' was not declared. Should it be static?
mm/memblock.c:1392:13: warning: symbol '__memblock_free_early' was not declared. Should it be static?
mm/memblock.c:1410:13: warning: symbol '__memblock_free_late' was not declared. Should it be static?
drivers/ata/ahci_sunxi.c:175:9: warning: Initializer entry defined twice
drivers/ata/ahci_sunxi.c:175:9:   also defined here
drivers/ata/ahci_st.c:145:9: warning: Initializer entry defined twice
drivers/ata/ahci_st.c:145:9:   also defined here
block/cfq-iosched.c:469:2: warning: cpd_to_cfqgd defined but not used [-Wunused-function]
fs/debugfs/file.c:461:20: error: incompatible types in comparison expression (different type sizes)
drivers/ata/ahci_tegra.c:295:9: warning: Initializer entry defined twice
drivers/ata/ahci_tegra.c:295:9:   also defined here
drivers/ata/sata_mv.c:989:26: warning: cast removes address space of expression
drivers/ata/sata_mv.c:989:26: warning: cast removes address space of expression
drivers/ata/sata_mv.c:989:26: warning: cast removes address space of expression
drivers/ata/sata_mv.c:989:26: warning: cast removes address space of expression
drivers/ata/sata_mv.c:682:9: warning: Initializer entry defined twice
drivers/ata/sata_mv.c:683:10:   also defined here
mm/swapfile.c:601:20: warning: context imbalance in 'scan_swap_map' - unexpected unlock
mm/swapfile.c:725:32: warning: context imbalance in 'swap_info_get' - different lock contexts for basic block
mm/swapfile.c:838:17: warning: context imbalance in 'swap_free' - unexpected unlock
mm/swapfile.c:852:17: warning: context imbalance in 'swapcache_free' - unexpected unlock
mm/swapfile.c:871:35: warning: context imbalance in 'page_swapcount' - unexpected unlock
mm/swapfile.c:961:28: warning: context imbalance in 'free_swap_and_cache' - unexpected unlock
mm/swapfile.c:2827:20: warning: context imbalance in 'add_swap_count_continuation' - unexpected unlock
kernel/sched/idle.c:234:33: warning: expression using sizeof bool
kernel/time/tick-sched.c:402:5: warning: symbol 'tick_nohz_active' was not declared. Should it be static?
kernel/sched/debug.c:244:6: warning: symbol 'print_rt_rq' was not declared. Should it be static?
kernel/sched/debug.c:266:6: warning: symbol 'print_dl_rq' was not declared. Should it be static?
mm/slub.c:1068:40: warning: context imbalance in 'free_debug_processing' - different lock contexts for basic block
include/linux/spinlock_api_smp.h:153:27: warning: context imbalance in 'deactivate_slab' - unexpected unlock
include/linux/spinlock_api_smp.h:153:27: warning: context imbalance in 'unfreeze_partials' - unexpected unlock
mm/slub.c:2598:47: warning: context imbalance in '__slab_free' - unexpected unlock
kernel/smp.c:561:13: warning: symbol 'smp_announce' was not declared. Should it be static?
net/socket.c:1842:13: warning: incorrect type in assignment (different address spaces)
net/socket.c:1842:13:    expected void *msg_control
net/socket.c:1842:13:    got void [noderef] <asn:1>*<noident>
mm/migrate.c:115:24: warning: Using plain integer as NULL pointer
kernel/module.c:359:6: error: symbol '__module_put_and_exit' redeclared with different type (originally declared at include/linux/module.h:567) - different modifiers
fs/jbd2/transaction.c:190:17: warning: context imbalance in 'add_transaction_credits' - unexpected unlock
fs/jbd2/transaction.c:300:9: warning: context imbalance in 'start_this_handle' - different lock contexts for basic block
fs/jbd2/transaction.c:1145:20: warning: context imbalance in 'jbd2_journal_get_create_access' - different lock contexts for basic block
arch/arm/lib/delay.c:108:15: warning: symbol 'calibrate_delay_is_known' was not declared. Should it be static?
arch/arm/lib/delay.c:114:6: warning: symbol 'calibration_delay_done' was not declared. Should it be static?
kernel/kexec.c:64:13: warning: symbol 'kexec_purgatory' was not declared. Should it be static?
kernel/kexec.c:65:15: warning: symbol 'kexec_purgatory_size' was not declared. Should it be static?
lib/lockref.c:96:5: warning: context imbalance in 'lockref_get_or_lock' - wrong count at exit
lib/lockref.c:140:5: warning: context imbalance in 'lockref_put_or_lock' - wrong count at exit
kernel/cgroup.c:844:15: warning: memcpy with byte count of 0
kernel/cgroup.c:3635:9: warning: context imbalance in 'css_task_iter_start' - wrong count at exit
kernel/cgroup.c:3682:6: warning: context imbalance in 'css_task_iter_end' - wrong count at exit
lib/bcd.c:4:10: error: symbol '_bcd2bin' redeclared with different type (originally declared at include/linux/bcd.h:19) - different modifiers
lib/bcd.c:10:15: error: symbol '_bin2bcd' redeclared with different type (originally declared at include/linux/bcd.h:20) - different modifiers
lib/div64.c:26:32: warning: symbol '__div64_32' was not declared. Should it be static?
kernel/cgroup.c: In function cgroup_subtree_control_write:
kernel/cgroup.c:2714:6: warning: ssid may be used uninitialized in this function [-Wuninitialized]
include/linux/spinlock_api_smp.h:153:27: warning: context imbalance in '__jbd2_log_wait_for_space' - unexpected unlock
kernel/stop_machine.c:520:36: warning: incorrect type in initializer (different address spaces)
kernel/stop_machine.c:520:36:    expected struct task_struct [noderef] <asn:3>**store
kernel/stop_machine.c:520:36:    got struct task_struct *static [noderef] [toplevel] <asn:3>*<noident>
lib/gcd.c:6:15: error: symbol 'gcd' redeclared with different type (originally declared at include/linux/gcd.h:6) - different modifiers
lib/lcm.c:7:15: error: symbol 'lcm' redeclared with different type (originally declared at include/linux/lcm.h:6) - different modifiers
lib/lcm.c:16:15: error: symbol 'lcm_not_zero' redeclared with different type (originally declared at include/linux/lcm.h:7) - different modifiers
net/core/sock.c:1578:9: warning: context imbalance in 'sk_clone_lock' - different lock contexts for basic block
net/core/sock.c:2409:6: warning: context imbalance in 'lock_sock_fast' - different lock contexts for basic block
net/core/sock.c:2840:13: warning: context imbalance in 'proto_seq_start' - wrong count at exit
net/core/sock.c:2852:13: warning: context imbalance in 'proto_seq_stop' - wrong count at exit
kernel/hung_task.c:24:19: warning: symbol 'sysctl_hung_task_check_count' was not declared. Should it be static?
kernel/hung_task.c:38:29: warning: symbol 'sysctl_hung_task_timeout_secs' was not declared. Should it be static?
kernel/hung_task.c:40:19: warning: symbol 'sysctl_hung_task_warnings' was not declared. Should it be static?
kernel/hung_task.c:50:28: warning: symbol 'sysctl_hung_task_panic' was not declared. Should it be static?
kernel/hung_task.c:197:5: warning: symbol 'proc_dohung_task_timeout_secs' was not declared. Should it be static?
kernel/watchdog.c:240:9: warning: expression using sizeof bool
kernel/watchdog.c:348:21: warning: expression using sizeof bool
kernel/watchdog.c:353:25: warning: expression using sizeof bool
kernel/watchdog.c:380:21: warning: expression using sizeof bool
kernel/watchdog.c:391:33: warning: expression using sizeof bool
kernel/watchdog.c:403:33: warning: expression using sizeof bool
kernel/watchdog.c:433:17: warning: expression using sizeof bool
kernel/watchdog.c:435:17: warning: expression using sizeof bool
kernel/watchdog.c:654:6: warning: symbol 'watchdog_nmi_enable_all' was not declared. Should it be static?
kernel/watchdog.c:655:6: warning: symbol 'watchdog_nmi_disable_all' was not declared. Should it be static?
kernel/watchdog.c:659:36: warning: incorrect type in initializer (different address spaces)
kernel/watchdog.c:659:36:    expected struct task_struct [noderef] <asn:3>**store
kernel/watchdog.c:659:36:    got struct task_struct *static [noderef] [toplevel] <asn:3>*<noident>
drivers/base/devtmpfs.c:357:25: warning: incorrect type in argument 1 (different address spaces)
drivers/base/devtmpfs.c:357:25:    expected char [noderef] <asn:1>*dev_name
drivers/base/devtmpfs.c:357:25:    got char static *<noident>
drivers/base/devtmpfs.c:357:38: warning: incorrect type in argument 2 (different address spaces)
drivers/base/devtmpfs.c:357:38:    expected char [noderef] <asn:1>*dir_name
drivers/base/devtmpfs.c:357:38:    got char *<noident>
drivers/base/devtmpfs.c:357:53: warning: incorrect type in argument 3 (different address spaces)
drivers/base/devtmpfs.c:357:53:    expected char [noderef] <asn:1>*type
drivers/base/devtmpfs.c:357:53:    got char static *<noident>
drivers/base/devtmpfs.c:383:26: warning: incorrect type in argument 1 (different address spaces)
drivers/base/devtmpfs.c:383:26:    expected char [noderef] <asn:1>*dev_name
drivers/base/devtmpfs.c:383:26:    got char static *<noident>
drivers/base/devtmpfs.c:383:38: warning: incorrect type in argument 2 (different address spaces)
drivers/base/devtmpfs.c:383:38:    expected char [noderef] <asn:1>*dir_name
drivers/base/devtmpfs.c:383:38:    got char static *<noident>
drivers/base/devtmpfs.c:383:43: warning: incorrect type in argument 3 (different address spaces)
drivers/base/devtmpfs.c:383:43:    expected char [noderef] <asn:1>*type
drivers/base/devtmpfs.c:383:43:    got char static *<noident>
drivers/base/devtmpfs.c:383:66: warning: incorrect type in argument 5 (different address spaces)
drivers/base/devtmpfs.c:383:66:    expected void [noderef] <asn:1>*data
drivers/base/devtmpfs.c:383:66:    got char *<noident>
drivers/base/devtmpfs.c:386:19: warning: incorrect type in argument 1 (different address spaces)
drivers/base/devtmpfs.c:386:19:    expected char const [noderef] <asn:1>*filename
drivers/base/devtmpfs.c:386:19:    got char static *<noident>
drivers/base/devtmpfs.c:387:20: warning: incorrect type in argument 1 (different address spaces)
drivers/base/devtmpfs.c:387:20:    expected char const [noderef] <asn:1>*filename
drivers/base/devtmpfs.c:387:20:    got char static *<noident>
kernel/elfcore.c:6:17: warning: symbol 'elf_core_extra_phdrs' was not declared. Should it be static?
kernel/elfcore.c:11:12: warning: symbol 'elf_core_write_extra_phdrs' was not declared. Should it be static?
kernel/elfcore.c:16:12: warning: symbol 'elf_core_write_extra_data' was not declared. Should it be static?
kernel/elfcore.c:21:15: warning: symbol 'elf_core_extra_data_size' was not declared. Should it be static?
kernel/irq_work.c:52:13: warning: symbol 'arch_irq_work_raise' was not declared. Should it be static?
include/net/sock.h:1514:31: warning: context imbalance in 'skb_free_datagram_locked' - unexpected unlock
net/core/scm.c:235:26: warning: cast removes address space of expression
net/core/scm.c:235:26: warning: incorrect type in argument 1 (different address spaces)
net/core/scm.c:235:26:    expected void [noderef] <asn:1>*to
net/core/scm.c:235:26:    got void *<noident>
net/core/scm.c:271:48: warning: cast removes address space of expression
lib/kstrtox.c:338:1: error: incompatible types in comparison expression (different type sizes)
lib/kstrtox.c:339:1: error: incompatible types in comparison expression (different type sizes)
lib/kstrtox.c:340:1: error: incompatible types in comparison expression (different type sizes)
lib/kstrtox.c:341:1: error: incompatible types in comparison expression (different type sizes)
lib/kstrtox.c:342:1: error: incompatible types in comparison expression (different type sizes)
lib/kstrtox.c:343:1: error: incompatible types in comparison expression (different type sizes)
lib/kstrtox.c:344:1: error: incompatible types in comparison expression (different type sizes)
lib/kstrtox.c:345:1: error: incompatible types in comparison expression (different type sizes)
lib/kstrtox.c:346:1: error: incompatible types in comparison expression (different type sizes)
lib/kstrtox.c:347:1: error: incompatible types in comparison expression (different type sizes)
net/core/gen_stats.c:61:1: warning: context imbalance in 'gnet_stats_start_copy_compat' - wrong count at exit
net/core/gen_stats.c:35:9: warning: context imbalance in 'gnet_stats_copy_basic' - unexpected unlock
net/core/gen_stats.c:35:9: warning: context imbalance in 'gnet_stats_copy_rate_est' - unexpected unlock
net/core/gen_stats.c:35:9: warning: context imbalance in 'gnet_stats_copy_queue' - unexpected unlock
net/core/gen_stats.c:35:9: warning: context imbalance in 'gnet_stats_copy_app' - unexpected unlock
net/core/gen_stats.c:35:9: warning: context imbalance in 'gnet_stats_finish_copy' - unexpected unlock
fs/notify/fdinfo.c:51:87: warning: Using plain integer as NULL pointer
fs/notify/fdinfo.c:94:6: warning: symbol 'inotify_show_fdinfo' was not declared. Should it be static?
fs/nfs/super.c:2818:14: warning: symbol 'nfs_idmap_cache_timeout' was not declared. Should it be static?
lib/xz/xz_dec_stream.c:734:23: warning: function 'xz_dec_run' with external linkage has definition
lib/xz/xz_dec_stream.c:770:25: warning: function 'xz_dec_init' with external linkage has definition
lib/xz/xz_dec_stream.c:800:16: warning: function 'xz_dec_reset' with external linkage has definition
lib/xz/xz_dec_stream.c:812:16: warning: function 'xz_dec_end' with external linkage has definition
net/core/sysctl_net_core.c:158:23: error: incompatible types in comparison expression (different type sizes)
lib/xz/xz_dec_lzma2.c:931:23: warning: function 'xz_dec_lzma2_run' with external linkage has definition
lib/xz/xz_dec_lzma2.c:1108:31: warning: function 'xz_dec_lzma2_create' with external linkage has definition
lib/xz/xz_dec_lzma2.c:1132:23: warning: function 'xz_dec_lzma2_reset' with external linkage has definition
lib/xz/xz_dec_lzma2.c:1169:16: warning: function 'xz_dec_lzma2_end' with external linkage has definition
include/trace/events/net.h:170:1: error: directive in argument list
include/trace/events/net.h:172:1: error: directive in argument list
include/trace/events/net.h:174:1: error: directive in argument list
lib/xz/xz_dec_bcj.c:417:23: warning: function 'xz_dec_bcj_run' with external linkage has definition
lib/xz/xz_dec_bcj.c:527:29: warning: function 'xz_dec_bcj_create' with external linkage has definition
lib/xz/xz_dec_bcj.c:536:23: warning: function 'xz_dec_bcj_reset' with external linkage has definition
lib/xz/xz_dec_bcj.c:91:21: warning: Initializer entry defined twice
lib/xz/xz_dec_bcj.c:91:27:   also defined here
fs/ntfs/compress.c:199:58: warning: Variable length array is used.
include/linux/spinlock_api_smp.h:153:27: warning: context imbalance in 'ntfs_decompress' - unexpected unlock
fs/ntfs/compress.c:895:16: warning: context imbalance in 'ntfs_read_compressed_block' - different lock contexts for basic block
lib/swiotlb.c:243:1: warning: symbol 'swiotlb_late_init_with_default_size' was not declared. Should it be static?
lib/iommu-helper.c:9:5: warning: symbol 'iommu_is_span_boundary' was not declared. Should it be static?
lib/iommu-helper.c:19:15: warning: symbol 'iommu_area_alloc' was not declared. Should it be static?
fs/proc/task_mmu.c:568:18: error: bad integer constant expression
fs/proc/task_mmu.c:569:18: error: bad integer constant expression
fs/proc/task_mmu.c:570:18: error: bad integer constant expression
fs/proc/task_mmu.c:571:18: error: bad integer constant expression
fs/proc/task_mmu.c:572:18: error: bad integer constant expression
fs/proc/task_mmu.c:573:18: error: bad integer constant expression
fs/proc/task_mmu.c:574:18: error: bad integer constant expression
fs/proc/task_mmu.c:575:18: error: bad integer constant expression
fs/proc/task_mmu.c:576:18: error: bad integer constant expression
fs/proc/task_mmu.c:577:18: error: bad integer constant expression
fs/proc/task_mmu.c:578:18: error: bad integer constant expression
fs/proc/task_mmu.c:582:18: error: bad integer constant expression
fs/proc/task_mmu.c:583:18: error: bad integer constant expression
fs/proc/task_mmu.c:584:18: error: bad integer constant expression
fs/proc/task_mmu.c:585:18: error: bad integer constant expression
fs/proc/task_mmu.c:586:18: error: bad integer constant expression
fs/proc/task_mmu.c:587:18: error: bad integer constant expression
fs/proc/task_mmu.c:588:18: error: bad integer constant expression
fs/proc/task_mmu.c:589:18: error: bad integer constant expression
fs/proc/task_mmu.c:590:18: error: bad integer constant expression
fs/proc/task_mmu.c:591:18: error: bad integer constant expression
fs/proc/task_mmu.c:592:18: error: bad integer constant expression
fs/proc/task_mmu.c:596:18: error: bad integer constant expression
fs/proc/task_mmu.c:597:18: error: bad integer constant expression
fs/proc/task_mmu.c:598:18: error: bad integer constant expression
fs/proc/task_mmu.c:599:18: error: bad integer constant expression
fs/proc/task_mmu.c:600:18: error: bad integer constant expression
fs/proc/task_mmu.c:601:18: error: bad integer constant expression
fs/proc/task_mmu.c:1305:23: error: incompatible types in comparison expression (different type sizes)
drivers/base/dma-coherent.c:45:28: warning: incorrect type in assignment (different address spaces)
drivers/base/dma-coherent.c:45:28:    expected void *virt_base
drivers/base/dma-coherent.c:45:28:    got void [noderef] <asn:2>*[assigned] mem_base
drivers/base/dma-coherent.c:70:20: warning: incorrect type in argument 1 (different address spaces)
drivers/base/dma-coherent.c:70:20:    expected void volatile [noderef] <asn:2>*addr
drivers/base/dma-coherent.c:70:20:    got void *virt_base
drivers/base/firmware_class.c:272:9: warning: context imbalance in 'fw_free_buf' - wrong count at exit
lib/dec_and_lock.c:20:5: warning: context imbalance in '_atomic_dec_and_lock' - different lock contexts for basic block
fs/ntfs/super.c:3100:1: error: directive in argument list
fs/ntfs/super.c:3102:1: error: directive in argument list
fs/ntfs/super.c:3104:1: error: directive in argument list
fs/ntfs/super.c:3105:1: error: directive in argument list
fs/ntfs/super.c:3107:1: error: directive in argument list
fs/ntfs/super.c:3108:1: error: directive in argument list
fs/ntfs/super.c:3110:1: error: directive in argument list
lib/decompress_unxz.c:251:17: warning: symbol 'unxz' was not declared. Should it be static?
net/core/rtnetlink.c:2096:41: warning: Variable length array is used.
net/core/rtnetlink.c:2097:49: warning: Variable length array is used.
fs/proc/array.c:409:43: warning: implicit cast to nocast type
fs/proc/array.c:410:26: warning: implicit cast to nocast type
fs/proc/array.c:443:62: warning: incorrect type in argument 2 (different modifiers)
fs/proc/array.c:443:62:    expected unsigned long [nocast] [usertype] *ut
fs/proc/array.c:443:62:    got unsigned long *<noident>
fs/proc/array.c:443:62: warning: implicit cast to nocast type
fs/proc/array.c:443:70: warning: incorrect type in argument 3 (different modifiers)
fs/proc/array.c:443:70:    expected unsigned long [nocast] [usertype] *st
fs/proc/array.c:443:70:    got unsigned long *<noident>
fs/proc/array.c:443:70: warning: implicit cast to nocast type
fs/proc/array.c:459:46: warning: incorrect type in argument 2 (different modifiers)
fs/proc/array.c:459:46:    expected unsigned long [nocast] [usertype] *ut
fs/proc/array.c:459:46:    got unsigned long *<noident>
fs/proc/array.c:459:46: warning: implicit cast to nocast type
fs/proc/array.c:459:54: warning: incorrect type in argument 3 (different modifiers)
fs/proc/array.c:459:54:    expected unsigned long [nocast] [usertype] *st
fs/proc/array.c:459:54:    got unsigned long *<noident>
fs/proc/array.c:459:54: warning: implicit cast to nocast type
fs/proc/fd.c:106:55: warning: incorrect type in initializer (different base types)
fs/proc/fd.c:106:55:    expected unsigned int [unsigned] f_mode
fs/proc/fd.c:106:55:    got restricted fmode_t [usertype] f_mode
fs/proc/fd.c:124:54: warning: restricted fmode_t degrades to integer
fs/proc/fd.c:126:54: warning: restricted fmode_t degrades to integer
fs/proc/proc_tty.c:175:13: warning: symbol 'proc_tty_init' was not declared. Should it be static?
net/core/filter.c:301:33: error: subtraction of functions? Share your drugs
net/core/filter.c:304:33: error: subtraction of functions? Share your drugs
net/core/filter.c:307:33: error: subtraction of functions? Share your drugs
net/core/filter.c:310:33: error: subtraction of functions? Share your drugs
net/core/filter.c:313:33: error: subtraction of functions? Share your drugs
net/core/filter.c:737:30: error: cannot size expression
fs/proc/meminfo.c:22:28: warning: symbol 'arch_report_meminfo' was not declared. Should it be static?
net/core/dev_ioctl.c:149:32: error: incompatible types in comparison expression (different type sizes)
net/core/dev_ioctl.c:270:24: error: incompatible types in comparison expression (different type sizes)
drivers/bus/arm-cci.c:792:6: warning: symbol 'pmu_event_set_period' was not declared. Should it be static?
drivers/bus/arm-cci.c:1050:28: warning: Variable length array is used.
drivers/bus/arm-cci.c:1818:25: warning: symbol 'cci_enable_port_for_self' was not declared. Should it be static?
net/core/net-sysfs.c:1467:19: warning: symbol 'of_find_net_device_by_node' was not declared. Should it be static?
drivers/bus/mvebu-mbus.c:739:17: warning: incorrect type in argument 2 (different address spaces)
drivers/bus/mvebu-mbus.c:739:17:    expected void volatile [noderef] <asn:2>*addr
drivers/bus/mvebu-mbus.c:739:17:    got unsigned int [usertype] *
drivers/bus/mvebu-mbus.c:741:17: warning: incorrect type in argument 2 (different address spaces)
drivers/bus/mvebu-mbus.c:741:17:    expected void volatile [noderef] <asn:2>*addr
drivers/bus/mvebu-mbus.c:741:17:    got unsigned int [usertype] *
drivers/bus/mvebu-mbus.c:742:17: warning: incorrect type in argument 2 (different address spaces)
drivers/bus/mvebu-mbus.c:742:17:    expected void volatile [noderef] <asn:2>*addr
drivers/bus/mvebu-mbus.c:742:17:    got unsigned int [usertype] *
drivers/bus/mvebu-mbus.c:744:17: warning: incorrect type in argument 2 (different address spaces)
drivers/bus/mvebu-mbus.c:744:17:    expected void volatile [noderef] <asn:2>*addr
drivers/bus/mvebu-mbus.c:744:17:    got unsigned int [usertype] *
drivers/bus/mvebu-mbus.c:790:17: warning: incorrect type in argument 2 (different address spaces)
drivers/bus/mvebu-mbus.c:790:17:    expected void volatile [noderef] <asn:2>*addr
drivers/bus/mvebu-mbus.c:790:17:    got unsigned int [usertype] *
drivers/bus/mvebu-mbus.c:792:17: warning: incorrect type in argument 2 (different address spaces)
drivers/bus/mvebu-mbus.c:792:17:    expected void volatile [noderef] <asn:2>*addr
drivers/bus/mvebu-mbus.c:792:17:    got unsigned int [usertype] *
drivers/bus/mvebu-mbus.c:1040:20: warning: symbol 'mvebu_mbus_syscore_ops' was not declared. Should it be static?
fs/signalfd.c:107:25: warning: cast removes address space of expression
fs/signalfd.c:115:24: warning: cast removes address space of expression
fs/signalfd.c:141:24: warning: cast removes address space of expression
fs/signalfd.c:150:24: warning: cast removes address space of expression
lib/vsprintf.c:697:18: warning: Variable length array is used.
lib/vsprintf.c:700:38: error: cannot size expression
drivers/char/mem.c:223:12: warning: symbol 'phys_mem_access_prot_allowed' was not declared. Should it be static?
drivers/char/random.c:1432:25: error: incompatible types in comparison expression (different type sizes)
fs/binfmt_elf.c:1418:34: warning: incorrect type in argument 2 (different modifiers)
fs/binfmt_elf.c:1418:34:    expected unsigned long [nocast] [usertype] *utime
fs/binfmt_elf.c:1418:34:    got unsigned long *<noident>
fs/binfmt_elf.c:1418:34: warning: implicit cast to nocast type
fs/binfmt_elf.c:1418:42: warning: incorrect type in argument 3 (different modifiers)
fs/binfmt_elf.c:1418:42:    expected unsigned long [nocast] [usertype] *stime
fs/binfmt_elf.c:1418:42:    got unsigned long *<noident>
fs/binfmt_elf.c:1418:42: warning: implicit cast to nocast type
fs/mbcache.c:754:53: warning: context imbalance in '__mb_cache_entry_find' - unexpected unlock
fs/mbcache.c:801:9: warning: context imbalance in 'mb_cache_entry_find_first' - different lock contexts for basic block
include/linux/bit_spinlock.h:34:9: warning: context imbalance in 'mb_cache_entry_find_next' - wrong count at exit
fs/coredump.c:47:5: warning: symbol 'core_uses_pid' was not declared. Should it be static?
fs/coredump.c:48:14: warning: symbol 'core_pipe_limit' was not declared. Should it be static?
fs/coredump.c:49:6: warning: symbol 'core_pattern' was not declared. Should it be static?
include/linux/sched.h:2704:37: warning: context imbalance in 'zap_threads' - different lock contexts for basic block
drivers/clk/clk.c:3115:37: warning: incorrect type in assignment (different modifiers)
drivers/clk/clk.c:3115:37:    expected void ( *[usertype] clk_init_cb )( ... )
drivers/clk/clk.c:3115:37:    got void const *const data
drivers/clk/clk.c:113:22: warning: context imbalance in 'clk_enable_lock' - wrong count at exit
drivers/clk/clk.c:138:9: warning: context imbalance in 'clk_enable_unlock' - unexpected unlock
drivers/clk/clk-divider.c:379:12: warning: context imbalance in 'clk_divider_set_rate' - different lock contexts for basic block
drivers/clk/clk-gate.c:71:9: warning: context imbalance in 'clk_gate_endisable' - different lock contexts for basic block
drivers/clk/clk-mux.c:69:12: warning: context imbalance in 'clk_mux_set_parent' - different lock contexts for basic block
drivers/clk/clk-fractional-divider.c:36:9: warning: context imbalance in 'clk_fd_recalc_rate' - different lock contexts for basic block
drivers/clk/clk-fractional-divider.c:68:12: warning: context imbalance in 'clk_fd_set_rate' - different lock contexts for basic block
net/ipv4/inet_connection_sock.c:215:9: warning: context imbalance in 'inet_csk_get_port' - different lock contexts for basic block
include/net/sock.h:1514:31: warning: context imbalance in 'tcp_ioctl' - unexpected unlock
drivers/clk/at91/pmc.c:30:6: warning: symbol 'at91rm9200_idle' was not declared. Should it be static?
drivers/clk/at91/pmc.c:39:6: warning: symbol 'at91sam9_idle' was not declared. Should it be static?
drivers/clk/at91/pmc.c:400:27: warning: incorrect type in assignment (different modifiers)
drivers/clk/at91/pmc.c:400:27:    expected void ( *clk_setup )( ... )
drivers/clk/at91/pmc.c:400:27:    got void const *const data
drivers/clk/at91/sckc.c:52:27: warning: incorrect type in assignment (different modifiers)
drivers/clk/at91/sckc.c:52:27:    expected void ( *clk_setup )( ... )
drivers/clk/at91/sckc.c:52:27:    got void const *const data
net/ipv4/tcp_ipv4.c:1341:20: warning: context imbalance in 'tcp_v4_hnd_req' - different lock contexts for basic block
include/net/sock.h:521:54: warning: context imbalance in 'listening_get_next' - unexpected unlock
net/ipv4/tcp_ipv4.c:1952:9: warning: context imbalance in 'established_get_first' - wrong count at exit
net/ipv4/tcp_ipv4.c:1972:40: warning: context imbalance in 'established_get_next' - unexpected unlock
net/ipv4/tcp_ipv4.c:2102:69: warning: context imbalance in 'tcp_seq_stop' - unexpected unlock
net/ipv4/tcp_minisocks.c:830:9: warning: context imbalance in 'tcp_child_process' - unexpected unlock
drivers/clk/berlin/berlin2-div.c:90:9: warning: context imbalance in 'berlin2_div_is_enabled' - different lock contexts for basic block
drivers/clk/berlin/berlin2-div.c:93:12: warning: context imbalance in 'berlin2_div_enable' - different lock contexts for basic block
drivers/clk/berlin/berlin2-div.c:125:9: warning: context imbalance in 'berlin2_div_disable' - different lock contexts for basic block
drivers/clk/berlin/berlin2-div.c:129:12: warning: context imbalance in 'berlin2_div_set_parent' - different lock contexts for basic block
drivers/clk/berlin/berlin2-div.c:183:9: warning: context imbalance in 'berlin2_div_get_parent' - different lock contexts for basic block
drivers/clk/berlin/berlin2-div.c:219:9: warning: context imbalance in 'berlin2_div_recalc_rate' - different lock contexts for basic block
drivers/clk/hisilicon/clkgate-separated.c:48:12: warning: context imbalance in 'clkgate_separated_enable' - different lock contexts for basic block
drivers/clk/hisilicon/clkgate-separated.c:77:9: warning: context imbalance in 'clkgate_separated_disable' - different lock contexts for basic block
drivers/clk/hisilicon/clkdivider-hi6220.c:102:12: warning: symbol 'hi6220_register_clkdiv' was not declared. Should it be static?
drivers/clk/hisilicon/clkdivider-hi6220.c:69:12: warning: context imbalance in 'hi6220_clkdiv_set_rate' - different lock contexts for basic block
net/ipv4/tcp_fastopen.c:218:9: warning: context imbalance in 'tcp_fastopen_create_child' - unexpected unlock
net/ipv4/raw.c:982:21: warning: context imbalance in 'raw_seq_start' - wrong count at exit
include/linux/rwlock_api_smp.h:226:9: warning: context imbalance in 'raw_seq_stop' - unexpected unlock
drivers/clk/keystone/gate.c:118:12: warning: context imbalance in 'keystone_clk_enable' - different lock contexts for basic block
drivers/clk/keystone/gate.c:148:9: warning: context imbalance in 'keystone_clk_disable' - different lock contexts for basic block
include/net/sock.h:1514:31: warning: context imbalance in 'first_packet_length' - unexpected unlock
include/net/sock.h:1514:31: warning: context imbalance in 'udp_recvmsg' - unexpected unlock
include/net/sock.h:1514:31: warning: context imbalance in 'udp_destroy_sock' - unexpected unlock
net/ipv4/udp.c:2303:9: warning: context imbalance in 'udp_get_first' - wrong count at exit
net/ipv4/udp.c:2317:39: warning: context imbalance in 'udp_get_next' - unexpected unlock
net/ipv4/udp.c:2359:31: warning: context imbalance in 'udp_seq_stop' - unexpected unlock
net/ipv4/icmp.c:387:13: warning: context imbalance in 'icmp_reply' - different lock contexts for basic block
net/ipv4/icmp.c:707:9: warning: context imbalance in 'icmp_send' - different lock contexts for basic block
net/ipv4/igmp.c:2775:31: warning: context imbalance in 'igmp_mcf_get_next' - unexpected unlock
net/ipv4/igmp.c:2803:9: warning: context imbalance in 'igmp_mcf_get_idx' - wrong count at exit
net/ipv4/igmp.c:2820:9: warning: context imbalance in 'igmp_mcf_seq_next' - wrong count at exit
net/ipv4/igmp.c:2832:9: warning: context imbalance in 'igmp_mcf_seq_stop' - unexpected unlock
drivers/clk/imx/clk-imx6sl.c:162:6: warning: symbol 'imx6sl_set_wait_clk' was not declared. Should it be static?
net/ipv4/ping.c:1072:21: warning: context imbalance in 'ping_seq_start' - wrong count at exit
net/ipv4/ping.c:1095:6: warning: context imbalance in 'ping_seq_stop' - unexpected unlock
net/ipv4/ipconfig.c:139:8: warning: symbol 'ic_addrservaddr' was not declared. Should it be static?
fs/ubifs/xattr.c:657:58: warning: Using plain integer as NULL pointer
drivers/clk/shmobile/clk-r8a7778.c:26:3: warning: symbol 'r8a7778_rates' was not declared. Should it be static?
drivers/clk/shmobile/clk-r8a7778.c:40:3: warning: symbol 'r8a7778_divs' was not declared. Should it be static?
drivers/clk/shmobile/clk-r8a7778.c:137:52: warning: dubious: x | !y
drivers/clk/shmobile/clk-r8a7778.c:139:50: warning: dubious: x | !y
drivers/clk/socfpga/clk-gate.c:111:22: warning: cast removes address space of expression
drivers/clocksource/clksrc-of.c:37:27: warning: incorrect type in assignment (different modifiers)
drivers/clocksource/clksrc-of.c:37:27:    expected void ( *[usertype] init_func )( ... )
drivers/clocksource/clksrc-of.c:37:27:    got void const *const data
drivers/clk/spear/clk-aux-synth.c:80:9: warning: context imbalance in 'clk_aux_recalc_rate' - different lock contexts for basic block
drivers/clk/spear/clk-aux-synth.c:99:12: warning: context imbalance in 'clk_aux_set_rate' - different lock contexts for basic block
drivers/clk/spear/clk-frac-synth.c:83:9: warning: context imbalance in 'clk_frac_recalc_rate' - different lock contexts for basic block
drivers/clk/spear/clk-frac-synth.c:95:12: warning: context imbalance in 'clk_frac_set_rate' - different lock contexts for basic block
drivers/clk/spear/clk-gpt-synth.c:70:9: warning: context imbalance in 'clk_gpt_recalc_rate' - different lock contexts for basic block
drivers/clk/spear/clk-gpt-synth.c:80:12: warning: context imbalance in 'clk_gpt_set_rate' - different lock contexts for basic block
drivers/clk/spear/clk-vco-pll.c:139:9: warning: context imbalance in 'clk_pll_recalc_rate' - different lock contexts for basic block
drivers/clk/spear/clk-vco-pll.c:144:12: warning: context imbalance in 'clk_pll_set_rate' - different lock contexts for basic block
drivers/clk/spear/clk-vco-pll.c:209:9: warning: context imbalance in 'clk_vco_recalc_rate' - different lock contexts for basic block
drivers/clk/spear/clk-vco-pll.c:230:12: warning: context imbalance in 'clk_vco_set_rate' - different lock contexts for basic block
drivers/clocksource/sh_tmu.c:117:41: warning: cast truncates bits from constant value (ffffffff becomes ff)
drivers/clocksource/sh_tmu.c:119:41: warning: cast truncates bits from constant value (ffffffff becomes ff)
drivers/clocksource/sh_tmu.c:126:27: warning: cast truncates bits from constant value (ffffffff becomes ffff)
drivers/clocksource/sh_tmu.c:117:41: warning: cast truncates bits from constant value (ffffffff becomes ff)
drivers/clocksource/sh_tmu.c:119:41: warning: cast truncates bits from constant value (ffffffff becomes ff)
drivers/clocksource/sh_tmu.c:126:27: warning: cast truncates bits from constant value (ffffffff becomes ffff)
drivers/clocksource/sh_tmu.c:117:41: warning: cast truncates bits from constant value (ffffffff becomes ff)
drivers/clocksource/sh_tmu.c:119:41: warning: cast truncates bits from constant value (ffffffff becomes ff)
drivers/clocksource/sh_tmu.c:126:27: warning: cast truncates bits from constant value (ffffffff becomes ffff)
drivers/clk/spear/spear1310_clock.c:386:13: warning: symbol 'spear1310_clk_init' was not declared. Should it be static?
drivers/clocksource/timer-digicolor.c:66:24: warning: symbol 'dc_timer' was not declared. Should it be static?
drivers/clk/spear/spear1340_clock.c:443:13: warning: symbol 'spear1340_clk_init' was not declared. Should it be static?
drivers/clk/st/clkgen-fsyn.c:456:9: warning: context imbalance in 'quadfs_pll_enable' - different lock contexts for basic block
drivers/clk/st/clkgen-fsyn.c:483:9: warning: context imbalance in 'quadfs_pll_disable' - different lock contexts for basic block
drivers/clk/st/clkgen-fsyn.c:599:9: warning: context imbalance in 'quadfs_pll_fs660c32_set_rate' - different lock contexts for basic block
drivers/clk/st/clkgen-fsyn.c:738:9: warning: context imbalance in 'quadfs_fsynth_program_rate' - different lock contexts for basic block
drivers/clk/st/clkgen-fsyn.c:762:9: warning: context imbalance in 'quadfs_fsynth_enable' - different lock contexts for basic block
drivers/clk/st/clkgen-fsyn.c:779:9: warning: context imbalance in 'quadfs_fsynth_disable' - different lock contexts for basic block
drivers/clk/sunxi/clk-sunxi.c:908:29: warning: excessive elements in array initializer
drivers/clk/sunxi/clk-sunxi.c:912:30: warning: excessive elements in array initializer
drivers/clk/sunxi/clk-sunxi.c:916:30: warning: excessive elements in array initializer
drivers/clk/sunxi/clk-sunxi.c:920:30: warning: excessive elements in array initializer
drivers/clk/sunxi/clk-sunxi.c:924:31: warning: excessive elements in array initializer
drivers/clk/sunxi/clk-sunxi.c:928:30: warning: excessive elements in array initializer
drivers/clk/sunxi/clk-factors.c:119:12: warning: context imbalance in 'clk_factors_set_rate' - different lock contexts for basic block
drivers/clocksource/time-armada-370-xp.c:244:20: warning: symbol 'armada_370_xp_timer_syscore_ops' was not declared. Should it be static?
drivers/clk/tegra/clk-divider.c:141:9: warning: context imbalance in 'clk_frac_div_set_rate' - different lock contexts for basic block
drivers/clk/tegra/clk-pll.c:326:12: warning: context imbalance in 'clk_pll_enable' - different lock contexts for basic block
drivers/clk/tegra/clk-pll.c:355:9: warning: context imbalance in 'clk_pll_disable' - different lock contexts for basic block
drivers/clk/tegra/clk-pll.c:623:9: warning: context imbalance in 'clk_pll_set_rate' - different lock contexts for basic block
drivers/clk/tegra/clk-pll.c:874:12: warning: context imbalance in 'clk_pll_iddq_enable' - different lock contexts for basic block
drivers/clk/tegra/clk-pll.c:916:9: warning: context imbalance in 'clk_pll_iddq_disable' - different lock contexts for basic block
drivers/clk/tegra/clk-pll.c:1001:9: warning: context imbalance in 'clk_pllxc_set_rate' - different lock contexts for basic block
drivers/clk/tegra/clk-pll.c:1056:9: warning: context imbalance in 'clk_pllm_set_rate' - different lock contexts for basic block
drivers/clk/tegra/clk-pll.c:1072:12: warning: context imbalance in 'clk_pllc_enable' - different lock contexts for basic block
drivers/clk/tegra/clk-pll.c:1123:9: warning: context imbalance in 'clk_pllc_disable' - different lock contexts for basic block
drivers/clk/tegra/clk-pll.c:1203:9: warning: context imbalance in 'clk_pllc_set_rate' - different lock contexts for basic block
drivers/clk/tegra/clk-pll.c:1258:9: warning: context imbalance in 'clk_pllre_set_rate' - different lock contexts for basic block
drivers/clk/tegra/clk-pll.c:1390:9: warning: context imbalance in 'clk_plle_tegra114_enable' - different lock contexts for basic block
drivers/clk/tegra/clk-pll.c:1409:9: warning: context imbalance in 'clk_plle_tegra114_disable' - different lock contexts for basic block
drivers/clk/tegra/clk-pll-out.c:42:12: warning: context imbalance in 'clk_pll_out_enable' - different lock contexts for basic block
drivers/clk/tegra/clk-pll-out.c:80:9: warning: context imbalance in 'clk_pll_out_disable' - different lock contexts for basic block
drivers/clocksource/tegra20_timer.c:261:6: warning: symbol 'tegra_timer_suspend' was not declared. Should it be static?
drivers/clocksource/tegra20_timer.c:266:6: warning: symbol 'tegra_timer_resume' was not declared. Should it be static?
drivers/clk/ti/divider.c:246:9: warning: context imbalance in 'ti_clk_divider_set_rate' - different lock contexts for basic block
drivers/clk/tegra/clk-super.c:122:9: warning: context imbalance in 'clk_super_set_parent' - different lock contexts for basic block
net/netlink/af_netlink.c:2952:12: warning: context imbalance in 'netlink_walk_start' - different lock contexts for basic block
net/netlink/af_netlink.c:2966:13: warning: context imbalance in 'netlink_walk_stop' - unexpected unlock
drivers/clk/ti/mux.c:68:12: warning: context imbalance in 'ti_clk_mux_set_parent' - different lock contexts for basic block
drivers/clk/ti/fapll.c:583:13: warning: cast removes address space of expression
drivers/clk/ti/fapll.c:623:21: warning: cast removes address space of expression
drivers/clk/tegra/clk-tegra124.c:1451:6: warning: symbol 'tegra124_clock_assert_dfll_dvco_reset' was not declared. Should it be static?
drivers/clk/tegra/clk-tegra124.c:1467:6: warning: symbol 'tegra124_clock_deassert_dfll_dvco_reset' was not declared. Should it be static?
drivers/clk/tegra/clk-tegra124.c:1477:5: warning: symbol 'tegra124_reset_assert' was not declared. Should it be static?
drivers/clk/tegra/clk-tegra124.c:1487:5: warning: symbol 'tegra124_reset_deassert' was not declared. Should it be static?
drivers/cpufreq/freq_table.c:276:1: warning: symbol 'cpufreq_freq_attr_scaling_boost_freqs' was not declared. Should it be static?
drivers/cpufreq/cpufreq.c:105:1: warning: symbol 'cpufreq_governor_lock' was not declared. Should it be static?
drivers/cpufreq/cpufreq.c:239:23: warning: symbol 'cpufreq_cpu_get_raw' was not declared. Should it be static?
include/linux/bottom_half.h:31:30: warning: context imbalance in 'packet_direct_xmit' - different lock contexts for basic block
drivers/cpuidle/dt_idle_states.c:40:27: warning: incorrect type in assignment (different modifiers)
drivers/cpuidle/dt_idle_states.c:40:27:    expected int ( *enter )( ... )
drivers/cpuidle/dt_idle_states.c:40:27:    got void const *const data
net/rfkill/core.c:1155:17: error: incompatible types in comparison expression (different type sizes)
net/sched/sch_generic.c:149:5: warning: context imbalance in 'sch_direct_xmit' - unexpected unlock
drivers/dma/virt-dma.c:22:14: warning: symbol 'vchan_tx_submit' was not declared. Should it be static?
drivers/edac/edac_mc_sysfs.c:843:1: warning: symbol 'dev_attr_sdram_scrub_rate' was not declared. Should it be static?
drivers/gpio/gpiolib.c:1330:36: warning: Variable length array is used.
drivers/gpio/gpiolib.c:1331:36: warning: Variable length array is used.
drivers/gpio/gpiolib.c:1337:17: error: cannot size expression
net/unix/af_unix.c:943:13: warning: context imbalance in 'unix_state_double_lock' - wrong count at exit
include/linux/spinlock_api_smp.h:153:27: warning: context imbalance in 'unix_state_double_unlock' - unexpected unlock
net/unix/af_unix.c:1051:54: warning: context imbalance in 'unix_wait_for_peer' - unexpected unlock
net/unix/af_unix.c:1230:9: warning: context imbalance in 'unix_stream_connect' - different lock contexts for basic block
net/unix/af_unix.c:1613:9: warning: context imbalance in 'unix_dgram_sendmsg' - different lock contexts for basic block
drivers/edac/highbank_mc_edac.c:235:47: warning: cast truncates bits from constant value (10000000000000 becomes 0)
drivers/dma/xilinx/xilinx_vdma.c:1073:19: warning: cast truncates bits from constant value (7fffffffe0 becomes ffffffe0)
drivers/gpio/gpio-bcm-kona.c:558:47: warning: incorrect type in argument 1 (different address spaces)
drivers/gpio/gpio-bcm-kona.c:558:47:    expected void [noderef] <asn:2>*reg_base
drivers/gpio/gpio-bcm-kona.c:558:47:    got struct bcm_kona_gpio *kona_gpio
drivers/gpio/gpio-bcm-kona.c:562:47: warning: incorrect type in argument 1 (different address spaces)
drivers/gpio/gpio-bcm-kona.c:562:47:    expected void [noderef] <asn:2>*reg_base
drivers/gpio/gpio-bcm-kona.c:562:47:    got struct bcm_kona_gpio *kona_gpio
net/xfrm/xfrm_policy.c:110:9: warning: context imbalance in 'xfrm_policy_get_afinfo' - different lock contexts for basic block
net/xfrm/xfrm_policy.c:113:13: warning: context imbalance in 'xfrm_policy_put_afinfo' - unexpected unlock
drivers/gpio/gpio-omap.c:484:12: warning: context imbalance in 'omap_gpio_irq_type' - different lock contexts for basic block
net/xfrm/xfrm_state.c:1948:9: warning: context imbalance in 'xfrm_state_get_afinfo' - different lock contexts for basic block
net/xfrm/xfrm_state.c:1951:6: warning: context imbalance in 'xfrm_state_put_afinfo' - unexpected unlock
net/xfrm/xfrm_input.c:73:9: warning: context imbalance in 'xfrm_input_get_afinfo' - different lock contexts for basic block
net/xfrm/xfrm_input.c:76:13: warning: context imbalance in 'xfrm_input_put_afinfo' - unexpected unlock
drivers/gpu/drm/drm_fb_helper.c:1649:27: warning: expression using sizeof bool
drivers/gpu/drm/drm_fb_cma_helper.c:313:26: warning: incorrect type in assignment (different address spaces)
drivers/gpu/drm/drm_fb_cma_helper.c:313:26:    expected char [noderef] <asn:2>*screen_base
drivers/gpu/drm/drm_fb_cma_helper.c:313:26:    got void *
drivers/dma/ste_dma40.c:1408:28: warning: incorrect type in argument 1 (different address spaces)
drivers/dma/ste_dma40.c:1408:28:    expected void const volatile [noderef] <asn:2>*addr
drivers/dma/ste_dma40.c:1408:28:    got unsigned int *<noident>
drivers/dma/ste_dma40.c:1424:27: warning: incorrect type in argument 1 (different address spaces)
drivers/dma/ste_dma40.c:1424:27:    expected void const volatile [noderef] <asn:2>*addr
drivers/dma/ste_dma40.c:1424:27:    got unsigned int *<noident>
drivers/dma/ste_dma40.c:1670:32: warning: Variable length array is used.
drivers/dma/ste_dma40.c:3600:25: warning: incorrect type in assignment (different address spaces)
drivers/dma/ste_dma40.c:3600:25:    expected void *lcpa_base
drivers/dma/ste_dma40.c:3600:25:    got void [noderef] <asn:2>*
drivers/dma/ste_dma40.c:3616:38: warning: incorrect type in assignment (different address spaces)
drivers/dma/ste_dma40.c:3616:38:    expected void *base
drivers/dma/ste_dma40.c:3616:38:    got void [noderef] <asn:2>*
drivers/dma/ste_dma40.c:3703:48: warning: incorrect type in argument 1 (different address spaces)
drivers/dma/ste_dma40.c:3703:48:    expected void volatile [noderef] <asn:2>*addr
drivers/dma/ste_dma40.c:3703:48:    got void *base
drivers/dma/ste_dma40_ll.c:13:4: warning: symbol 'd40_width_to_bits' was not declared. Should it be static?
drivers/dma/ste_dma40_ll.c:342:9: warning: incorrect type in argument 2 (different address spaces)
drivers/dma/ste_dma40_ll.c:342:9:    expected void volatile [noderef] <asn:2>*addr
drivers/dma/ste_dma40_ll.c:342:9:    got unsigned int *<noident>
drivers/dma/ste_dma40_ll.c:343:9: warning: incorrect type in argument 2 (different address spaces)
drivers/dma/ste_dma40_ll.c:343:9:    expected void volatile [noderef] <asn:2>*addr
drivers/dma/ste_dma40_ll.c:343:9:    got unsigned int *<noident>
drivers/dma/ste_dma40_ll.c:344:9: warning: incorrect type in argument 2 (different address spaces)
drivers/dma/ste_dma40_ll.c:344:9:    expected void volatile [noderef] <asn:2>*addr
drivers/dma/ste_dma40_ll.c:344:9:    got unsigned int *<noident>
drivers/dma/ste_dma40_ll.c:345:9: warning: incorrect type in argument 2 (different address spaces)
drivers/dma/ste_dma40_ll.c:345:9:    expected void volatile [noderef] <asn:2>*addr
drivers/dma/ste_dma40_ll.c:345:9:    got unsigned int *<noident>
drivers/dma/ste_dma40_ll.c:355:9: warning: incorrect type in argument 2 (different address spaces)
drivers/dma/ste_dma40_ll.c:355:9:    expected void volatile [noderef] <asn:2>*addr
drivers/dma/ste_dma40_ll.c:355:9:    got unsigned int *<noident>
drivers/dma/ste_dma40_ll.c:356:9: warning: incorrect type in argument 2 (different address spaces)
drivers/dma/ste_dma40_ll.c:356:9:    expected void volatile [noderef] <asn:2>*addr
drivers/dma/ste_dma40_ll.c:356:9:    got unsigned int *<noident>
drivers/dma/ste_dma40_ll.c:357:9: warning: incorrect type in argument 2 (different address spaces)
drivers/dma/ste_dma40_ll.c:357:9:    expected void volatile [noderef] <asn:2>*addr
drivers/dma/ste_dma40_ll.c:357:9:    got unsigned int *<noident>
drivers/dma/ste_dma40_ll.c:358:9: warning: incorrect type in argument 2 (different address spaces)
drivers/dma/ste_dma40_ll.c:358:9:    expected void volatile [noderef] <asn:2>*addr
drivers/dma/ste_dma40_ll.c:358:9:    got unsigned int *<noident>
drivers/gpu/drm/drm_bufs.c:213:45: warning: incorrect type in assignment (different address spaces)
drivers/gpu/drm/drm_bufs.c:213:45:    expected void *handle
drivers/gpu/drm/drm_bufs.c:213:45:    got void [noderef] <asn:2>*
drivers/gpu/drm/drm_bufs.c:216:45: warning: incorrect type in assignment (different address spaces)
drivers/gpu/drm/drm_bufs.c:216:45:    expected void *handle
drivers/gpu/drm/drm_bufs.c:216:45:    got void [noderef] <asn:2>*
drivers/gpu/drm/drm_bufs.c:331:36: warning: incorrect type in argument 1 (different address spaces)
drivers/gpu/drm/drm_bufs.c:331:36:    expected void volatile [noderef] <asn:2>*addr
drivers/gpu/drm/drm_bufs.c:331:36:    got void *handle
drivers/gpu/drm/drm_bufs.c:348:36: warning: incorrect type in argument 1 (different address spaces)
drivers/gpu/drm/drm_bufs.c:348:36:    expected void volatile [noderef] <asn:2>*addr
drivers/gpu/drm/drm_bufs.c:348:36:    got void *handle
drivers/gpu/drm/drm_bufs.c:454:28: warning: incorrect type in argument 1 (different address spaces)
drivers/gpu/drm/drm_bufs.c:454:28:    expected void volatile [noderef] <asn:2>*addr
drivers/gpu/drm/drm_bufs.c:454:28:    got void *handle
drivers/dma/tegra20-apb-dma.c:365:9: warning: context imbalance in 'tegra_dma_global_pause' - wrong count at exit
drivers/dma/tegra20-apb-dma.c:234:9: warning: context imbalance in 'tegra_dma_global_resume' - unexpected unlock
drivers/i2c/i2c-core.c:2436:36: warning: dubious: x | !y
drivers/iio/industrialio-event.c:67:26: warning: cast to non-scalar
drivers/iio/industrialio-event.c:67:26: warning: cast from non-scalar
net/sunrpc/sysctl.c:28:17: warning: symbol 'rpc_debug' was not declared. Should it be static?
net/sunrpc/sysctl.c:31:17: warning: symbol 'nfs_debug' was not declared. Should it be static?
net/sunrpc/sysctl.c:34:17: warning: symbol 'nfsd_debug' was not declared. Should it be static?
net/sunrpc/sysctl.c:37:17: warning: symbol 'nlm_debug' was not declared. Should it be static?
drivers/dma/ti-dma-crossbar.c:184:5: warning: symbol 'omap_dmaxbar_init' was not declared. Should it be static?
drivers/gpu/drm/drm_memory.c:128:29: warning: incorrect type in assignment (different address spaces)
drivers/gpu/drm/drm_memory.c:128:29:    expected void *handle
drivers/gpu/drm/drm_memory.c:128:29:    got void [noderef] <asn:2>*
drivers/gpu/drm/drm_memory.c:137:29: warning: incorrect type in assignment (different address spaces)
drivers/gpu/drm/drm_memory.c:137:29:    expected void *handle
drivers/gpu/drm/drm_memory.c:137:29:    got void [noderef] <asn:2>*
drivers/gpu/drm/drm_memory.c:149:28: warning: incorrect type in argument 1 (different address spaces)
drivers/gpu/drm/drm_memory.c:149:28:    expected void volatile [noderef] <asn:2>*addr
drivers/gpu/drm/drm_memory.c:149:28:    got void *handle
drivers/gpu/drm/drm_vm.c:260:44: warning: incorrect type in argument 1 (different address spaces)
drivers/gpu/drm/drm_vm.c:260:44:    expected void volatile [noderef] <asn:2>*addr
drivers/gpu/drm/drm_vm.c:260:44:    got void *handle
drivers/gpu/drm/drm_vm.c:498:51: error: undefined identifier '_PAGE_RW'
drivers/gpu/drm/drm_vm.c:582:51: error: undefined identifier '_PAGE_RW'
drivers/input/joydev.c:444:15: error: incompatible types in comparison expression (different type sizes)
drivers/input/joydev.c:480:15: error: incompatible types in comparison expression (different type sizes)
drivers/irqchip/irq-armada-370-xp.c:576:20: warning: symbol 'armada_370_xp_mpic_syscore_ops' was not declared. Should it be static?
drivers/irqchip/irq-tegra.c:94:31: warning: incorrect type in initializer (different address spaces)
drivers/irqchip/irq-tegra.c:94:31:    expected void [noderef] <asn:2>*base
drivers/irqchip/irq-tegra.c:94:31:    got void *chip_data
drivers/irqchip/irq-tegra.c:94:31: warning: incorrect type in initializer (different address spaces)
drivers/irqchip/irq-tegra.c:94:31:    expected void [noderef] <asn:2>*base
drivers/irqchip/irq-tegra.c:94:31:    got void *chip_data
drivers/irqchip/irq-tegra.c:94:31: warning: incorrect type in initializer (different address spaces)
drivers/irqchip/irq-tegra.c:94:31:    expected void [noderef] <asn:2>*base
drivers/irqchip/irq-tegra.c:94:31:    got void *chip_data
drivers/irqchip/irq-tegra.c:94:31: warning: incorrect type in initializer (different address spaces)
drivers/irqchip/irq-tegra.c:94:31:    expected void [noderef] <asn:2>*base
drivers/irqchip/irq-tegra.c:94:31:    got void *chip_data
drivers/irqchip/irq-tegra.c:267:57: warning: incorrect type in argument 5 (different address spaces)
drivers/irqchip/irq-tegra.c:267:57:    expected void *chip_data
drivers/irqchip/irq-tegra.c:267:57:    got void [noderef] <asn:2>*<noident>
drivers/irqchip/irq-omap-intc.c:84:6: warning: symbol 'omap_intc_save_context' was not declared. Should it be static?
drivers/irqchip/irq-omap-intc.c:105:6: warning: symbol 'omap_intc_restore_context' was not declared. Should it be static?
drivers/irqchip/irq-omap-intc.c:124:6: warning: symbol 'omap3_intc_prepare_idle' was not declared. Should it be static?
drivers/irqchip/irq-omap-intc.c:134:6: warning: symbol 'omap3_intc_resume_idle' was not declared. Should it be static?
drivers/irqchip/irq-omap-intc.c:173:5: warning: symbol 'omap_irq_pending' was not declared. Should it be static?
drivers/irqchip/irq-omap-intc.c:183:6: warning: symbol 'omap3_intc_suspend' was not declared. Should it be static?
drivers/irqchip/irq-omap-intc.c:367:13: warning: symbol 'omap3_init_irq' was not declared. Should it be static?
drivers/input/keyboard/cros_ec_keyb.c:171:31: warning: Variable length array is used.
drivers/input/keyboard/cros_ec_keyb.c:310:32: warning: Variable length array is used.
drivers/input/keyboard/cros_ec_keyb.c:311:32: warning: Variable length array is used.
drivers/input/keyboard/cros_ec_keyb.c:324:46: error: cannot size expression
drivers/input/keyboard/cros_ec_keyb.c:326:55: error: cannot size expression
drivers/iommu/of_iommu.c:180:55: warning: incorrect type in initializer (different modifiers)
drivers/iommu/of_iommu.c:180:55:    expected int ( *const [usertype] init_fn )( ... )
drivers/iommu/of_iommu.c:180:55:    got void const *const data
drivers/irqchip/irq-gic.c:94:16: warning: incorrect type in initializer (different address spaces)
drivers/irqchip/irq-gic.c:94:16:    expected void const [noderef] <asn:3>*__vpp_verify
drivers/irqchip/irq-gic.c:94:16:    got void [noderef] <asn:3>*[noderef] <asn:2>*<noident>
drivers/irqchip/irq-gic.c:94:16: warning: incorrect type in initializer (different address spaces)
drivers/irqchip/irq-gic.c:94:16:    expected void const [noderef] <asn:3>*__vpp_verify
drivers/irqchip/irq-gic.c:94:16:    got void [noderef] <asn:3>*[noderef] <asn:2>*<noident>
drivers/irqchip/irq-gic.c:94:16: warning: incorrect type in initializer (different address spaces)
drivers/irqchip/irq-gic.c:94:16:    expected void const [noderef] <asn:3>*__vpp_verify
drivers/irqchip/irq-gic.c:94:16:    got void [noderef] <asn:3>*[noderef] <asn:2>*<noident>
drivers/irqchip/irq-gic.c:94:16: warning: incorrect type in initializer (different address spaces)
drivers/irqchip/irq-gic.c:94:16:    expected void const [noderef] <asn:3>*__vpp_verify
drivers/irqchip/irq-gic.c:94:16:    got void [noderef] <asn:3>*[noderef] <asn:2>*<noident>
drivers/irqchip/irq-gic.c:94:16: warning: incorrect type in initializer (different address spaces)
drivers/irqchip/irq-gic.c:94:16:    expected void const [noderef] <asn:3>*__vpp_verify
drivers/irqchip/irq-gic.c:94:16:    got void [noderef] <asn:3>*[noderef] <asn:2>*<noident>
drivers/irqchip/irq-gic.c:94:16: warning: incorrect type in return expression (different address spaces)
drivers/irqchip/irq-gic.c:94:16:    expected void [noderef] <asn:2>*
drivers/irqchip/irq-gic.c:94:16:    got void [noderef] <asn:3>*[assigned] pscr_ret__
drivers/irqchip/irq-gic.c:903:44: warning: incorrect type in assignment (different address spaces)
drivers/irqchip/irq-gic.c:903:44:    expected void [noderef] <asn:3>*[noderef] <asn:2>*percpu_base
drivers/irqchip/irq-gic.c:903:44:    got void [noderef] <asn:2>*[noderef] <asn:3>*<noident>
drivers/irqchip/irq-gic.c:904:43: warning: incorrect type in assignment (different address spaces)
drivers/irqchip/irq-gic.c:904:43:    expected void [noderef] <asn:3>*[noderef] <asn:2>*percpu_base
drivers/irqchip/irq-gic.c:904:43:    got void [noderef] <asn:2>*[noderef] <asn:3>*<noident>
drivers/irqchip/irq-gic.c:907:51: warning: incorrect type in argument 1 (different address spaces)
drivers/irqchip/irq-gic.c:907:51:    expected void [noderef] <asn:3>*__pdata
drivers/irqchip/irq-gic.c:907:51:    got void [noderef] <asn:3>*[noderef] <asn:2>*percpu_base
drivers/irqchip/irq-gic.c:908:50: warning: incorrect type in argument 1 (different address spaces)
drivers/irqchip/irq-gic.c:908:50:    expected void [noderef] <asn:3>*__pdata
drivers/irqchip/irq-gic.c:908:50:    got void [noderef] <asn:3>*[noderef] <asn:2>*percpu_base
drivers/irqchip/irq-gic.c:916:26: warning: incorrect type in initializer (different address spaces)
drivers/irqchip/irq-gic.c:916:26:    expected void const [noderef] <asn:3>*__vpp_verify
drivers/irqchip/irq-gic.c:916:26:    got void [noderef] <asn:3>*[noderef] <asn:2>*<noident>
drivers/irqchip/irq-gic.c:916:71: warning: incorrect type in assignment (different address spaces)
drivers/irqchip/irq-gic.c:916:71:    expected void [noderef] <asn:3>*<noident>
drivers/irqchip/irq-gic.c:916:71:    got void [noderef] <asn:2>*
drivers/irqchip/irq-gic.c:917:26: warning: incorrect type in initializer (different address spaces)
drivers/irqchip/irq-gic.c:917:26:    expected void const [noderef] <asn:3>*__vpp_verify
drivers/irqchip/irq-gic.c:917:26:    got void [noderef] <asn:3>*[noderef] <asn:2>*<noident>
drivers/irqchip/irq-gic.c:917:70: warning: incorrect type in assignment (different address spaces)
drivers/irqchip/irq-gic.c:917:70:    expected void [noderef] <asn:3>*<noident>
drivers/irqchip/irq-gic.c:917:70:    got void [noderef] <asn:2>*
drivers/irqchip/irq-atmel-aic-common.c:208:60: warning: incorrect type in initializer (different modifiers)
drivers/irqchip/irq-atmel-aic-common.c:208:60:    expected void ( *fixup )( ... )
drivers/irqchip/irq-atmel-aic-common.c:208:60:    got void const *const data
drivers/irqchip/irq-atmel-aic-common.c:77:18: warning: cast truncates bits from constant value (7fffffffe0 becomes ffffffe0)
drivers/irqchip/irq-atmel-aic-common.c:89:17: warning: cast truncates bits from constant value (7ffffffff becomes ffffffff)
drivers/irqchip/irq-sirfsoc.c:52:47: warning: incorrect type in initializer (different address spaces)
drivers/irqchip/irq-sirfsoc.c:52:47:    expected void [noderef] <asn:2>*base
drivers/irqchip/irq-sirfsoc.c:52:47:    got void *host_data
drivers/irqchip/irq-sirfsoc.c:67:40: warning: incorrect type in argument 4 (different address spaces)
drivers/irqchip/irq-sirfsoc.c:67:40:    expected void *host_data
drivers/irqchip/irq-sirfsoc.c:67:40:    got void [noderef] <asn:2>*base
drivers/irqchip/irq-sirfsoc.c:95:47: warning: incorrect type in initializer (different address spaces)
drivers/irqchip/irq-sirfsoc.c:95:47:    expected void [noderef] <asn:2>*base
drivers/irqchip/irq-sirfsoc.c:95:47:    got void *host_data
drivers/irqchip/irq-sirfsoc.c:107:47: warning: incorrect type in initializer (different address spaces)
drivers/irqchip/irq-sirfsoc.c:107:47:    expected void [noderef] <asn:2>*base
drivers/irqchip/irq-sirfsoc.c:107:47:    got void *host_data
drivers/input/mouse/synaptics.c:889:77: warning: dubious: !x | y
drivers/input/mouse/focaltech.c:393:6: warning: symbol 'focaltech_set_resolution' was not declared. Should it be static?
drivers/irqchip/irq-bcm7120-l2.c:205:12: warning: symbol 'bcm7120_l2_intc_probe' was not declared. Should it be static?
drivers/irqchip/irq-bcm7120-l2.c:312:12: warning: symbol 'bcm7120_l2_intc_probe_7120' was not declared. Should it be static?
drivers/irqchip/irq-bcm7120-l2.c:319:12: warning: symbol 'bcm7120_l2_intc_probe_3380' was not declared. Should it be static?
drivers/irqchip/irq-brcmstb-l2.c:116:12: warning: symbol 'brcmstb_l2_intc_of_init' was not declared. Should it be static?
drivers/memory/omap-gpmc.c:350:14: warning: symbol 'gpmc_clk_ticks_to_ns' was not declared. Should it be static?
drivers/gpu/drm/drm_modes.c:1494:1: warning: no newline at end of file
drivers/gpu/drm/drm_atomic.c:435:5: warning: symbol 'drm_atomic_crtc_get_property' was not declared. Should it be static?
drivers/gpu/drm/drm_atomic.c:874:5: warning: symbol 'drm_atomic_get_property' was not declared. Should it be static?
drivers/mfd/ab8500-debugfs.c:1389:6: warning: symbol 'ab8500_dump_all_banks_to_mem' was not declared. Should it be static?
drivers/mfd/ab8500-debugfs.c:1581:28: warning: symbol 'suspend_test_wake_cause_interrupt_is_mine' was not declared. Should it be static?
drivers/mfd/ab8500-debugfs.c:2788:20: error: incompatible types in comparison expression (different type sizes)
drivers/gpu/drm/ati_pcigart.c:194:9: error: undefined identifier 'wbinvd'
/home/pwalmsley/test_build/build/toolchains/gcc-linaro-arm-linux-gnueabihf-4.7-2013.04-20130415_linux/bin/../lib/gcc/arm-linux-gnueabihf/4.7.3/include/stddef.h:414:9: warning: preprocessor token offsetof redefined
include/linux/stddef.h:17:9: this was the original definition
drivers/gpu/drm/msm/adreno/adreno_device.c:28:6: warning: symbol 'hang_debug' was not declared. Should it be static?
/home/pwalmsley/test_build/build/toolchains/gcc-linaro-arm-linux-gnueabihf-4.7-2013.04-20130415_linux/bin/../lib/gcc/arm-linux-gnueabihf/4.7.3/include/stddef.h:414:9: warning: preprocessor token offsetof redefined
include/linux/stddef.h:17:9: this was the original definition
/home/pwalmsley/test_build/build/toolchains/gcc-linaro-arm-linux-gnueabihf-4.7-2013.04-20130415_linux/bin/../lib/gcc/arm-linux-gnueabihf/4.7.3/include/stddef.h:414:9: warning: preprocessor token offsetof redefined
include/linux/stddef.h:17:9: this was the original definition
drivers/gpu/drm/msm/adreno/a3xx_gpu.c:535:16: warning: symbol 'a3xx_gpu_init' was not declared. Should it be static?
drivers/mfd/omap-usb-tll.c:328:5: warning: symbol 'omap_tll_init' was not declared. Should it be static?
drivers/mfd/omap-usb-tll.c:403:5: warning: symbol 'omap_tll_enable' was not declared. Should it be static?
drivers/mfd/omap-usb-tll.c:437:5: warning: symbol 'omap_tll_disable' was not declared. Should it be static?
/home/pwalmsley/test_build/build/toolchains/gcc-linaro-arm-linux-gnueabihf-4.7-2013.04-20130415_linux/bin/../lib/gcc/arm-linux-gnueabihf/4.7.3/include/stddef.h:414:9: warning: preprocessor token offsetof redefined
include/linux/stddef.h:17:9: this was the original definition
drivers/gpu/drm/msm/adreno/a4xx_gpu.c:534:16: warning: symbol 'a4xx_gpu_init' was not declared. Should it be static?
drivers/mmc/host/omap.c:857:6: warning: symbol 'omap_mmc_notify_cover_event' was not declared. Should it be static?
/home/pwalmsley/test_build/build/toolchains/gcc-linaro-arm-linux-gnueabihf-4.7-2013.04-20130415_linux/bin/../lib/gcc/arm-linux-gnueabihf/4.7.3/include/stddef.h:414:9: warning: preprocessor token offsetof redefined
include/linux/stddef.h:17:9: this was the original definition
/home/pwalmsley/test_build/build/toolchains/gcc-linaro-arm-linux-gnueabihf-4.7-2013.04-20130415_linux/bin/../lib/gcc/arm-linux-gnueabihf/4.7.3/include/stddef.h:414:9: warning: preprocessor token offsetof redefined
include/linux/stddef.h:17:9: this was the original definition
/home/pwalmsley/test_build/build/toolchains/gcc-linaro-arm-linux-gnueabihf-4.7-2013.04-20130415_linux/bin/../lib/gcc/arm-linux-gnueabihf/4.7.3/include/stddef.h:414:9: warning: preprocessor token offsetof redefined
include/linux/stddef.h:17:9: this was the original definition
/home/pwalmsley/test_build/build/toolchains/gcc-linaro-arm-linux-gnueabihf-4.7-2013.04-20130415_linux/bin/../lib/gcc/arm-linux-gnueabihf/4.7.3/include/stddef.h:414:9: warning: preprocessor token offsetof redefined
include/linux/stddef.h:17:9: this was the original definition
/home/pwalmsley/test_build/build/toolchains/gcc-linaro-arm-linux-gnueabihf-4.7-2013.04-20130415_linux/bin/../lib/gcc/arm-linux-gnueabihf/4.7.3/include/stddef.h:414:9: warning: preprocessor token offsetof redefined
include/linux/stddef.h:17:9: this was the original definition
/home/pwalmsley/test_build/build/toolchains/gcc-linaro-arm-linux-gnueabihf-4.7-2013.04-20130415_linux/bin/../lib/gcc/arm-linux-gnueabihf/4.7.3/include/stddef.h:414:9: warning: preprocessor token offsetof redefined
include/linux/stddef.h:17:9: this was the original definition
/home/pwalmsley/test_build/build/toolchains/gcc-linaro-arm-linux-gnueabihf-4.7-2013.04-20130415_linux/bin/../lib/gcc/arm-linux-gnueabihf/4.7.3/include/stddef.h:414:9: warning: preprocessor token offsetof redefined
include/linux/stddef.h:17:9: this was the original definition
drivers/mmc/host/tmio_mmc.h:204:9: warning: cast truncates bits from constant value (340001d becomes 1d)
/home/pwalmsley/test_build/build/toolchains/gcc-linaro-arm-linux-gnueabihf-4.7-2013.04-20130415_linux/bin/../lib/gcc/arm-linux-gnueabihf/4.7.3/include/stddef.h:414:9: warning: preprocessor token offsetof redefined
include/linux/stddef.h:17:9: this was the original definition
drivers/mtd/nand/brcmnand/brcmnand.c:1295:41: warning: dubious: x | !y
drivers/mtd/nand/brcmnand/brcmnand.c:580:24: warning: cast truncates bits from constant value (7fffffffff becomes ffffffff)
drivers/mtd/nand/brcmnand/brcmnand.c:582:24: warning: cast truncates bits from constant value (3fffffffff becomes ffffffff)
/home/pwalmsley/test_build/build/toolchains/gcc-linaro-arm-linux-gnueabihf-4.7-2013.04-20130415_linux/bin/../lib/gcc/arm-linux-gnueabihf/4.7.3/include/stddef.h:414:9: warning: preprocessor token offsetof redefined
include/linux/stddef.h:17:9: this was the original definition
/home/pwalmsley/test_build/build/toolchains/gcc-linaro-arm-linux-gnueabihf-4.7-2013.04-20130415_linux/bin/../lib/gcc/arm-linux-gnueabihf/4.7.3/include/stddef.h:414:9: warning: preprocessor token offsetof redefined
include/linux/stddef.h:17:9: this was the original definition
/home/pwalmsley/test_build/build/toolchains/gcc-linaro-arm-linux-gnueabihf-4.7-2013.04-20130415_linux/bin/../lib/gcc/arm-linux-gnueabihf/4.7.3/include/stddef.h:414:9: warning: preprocessor token offsetof redefined
include/linux/stddef.h:17:9: this was the original definition
/home/pwalmsley/test_build/build/toolchains/gcc-linaro-arm-linux-gnueabihf-4.7-2013.04-20130415_linux/bin/../lib/gcc/arm-linux-gnueabihf/4.7.3/include/stddef.h:414:9: warning: preprocessor token offsetof redefined
include/linux/stddef.h:17:9: this was the original definition
/home/pwalmsley/test_build/build/toolchains/gcc-linaro-arm-linux-gnueabihf-4.7-2013.04-20130415_linux/bin/../lib/gcc/arm-linux-gnueabihf/4.7.3/include/stddef.h:414:9: warning: preprocessor token offsetof redefined
include/linux/stddef.h:17:9: this was the original definition
/home/pwalmsley/test_build/build/toolchains/gcc-linaro-arm-linux-gnueabihf-4.7-2013.04-20130415_linux/bin/../lib/gcc/arm-linux-gnueabihf/4.7.3/include/stddef.h:414:9: warning: preprocessor token offsetof redefined
include/linux/stddef.h:17:9: this was the original definition
/home/pwalmsley/test_build/build/toolchains/gcc-linaro-arm-linux-gnueabihf-4.7-2013.04-20130415_linux/bin/../lib/gcc/arm-linux-gnueabihf/4.7.3/include/stddef.h:414:9: warning: preprocessor token offsetof redefined
include/linux/stddef.h:17:9: this was the original definition
/home/pwalmsley/test_build/build/toolchains/gcc-linaro-arm-linux-gnueabihf-4.7-2013.04-20130415_linux/bin/../lib/gcc/arm-linux-gnueabihf/4.7.3/include/stddef.h:414:9: warning: preprocessor token offsetof redefined
include/linux/stddef.h:17:9: this was the original definition
/home/pwalmsley/test_build/build/toolchains/gcc-linaro-arm-linux-gnueabihf-4.7-2013.04-20130415_linux/bin/../lib/gcc/arm-linux-gnueabihf/4.7.3/include/stddef.h:414:9: warning: preprocessor token offsetof redefined
include/linux/stddef.h:17:9: this was the original definition
drivers/gpu/drm/msm/mdp/mdp4/mdp4_crtc.c:204:26: warning: Initializer entry defined twice
drivers/gpu/drm/msm/mdp/mdp4/mdp4_crtc.c:204:33:   also defined here
/home/pwalmsley/test_build/build/toolchains/gcc-linaro-arm-linux-gnueabihf-4.7-2013.04-20130415_linux/bin/../lib/gcc/arm-linux-gnueabihf/4.7.3/include/stddef.h:414:9: warning: preprocessor token offsetof redefined
include/linux/stddef.h:17:9: this was the original definition
/home/pwalmsley/test_build/build/toolchains/gcc-linaro-arm-linux-gnueabihf-4.7-2013.04-20130415_linux/bin/../lib/gcc/arm-linux-gnueabihf/4.7.3/include/stddef.h:414:9: warning: preprocessor token offsetof redefined
include/linux/stddef.h:17:9: this was the original definition
drivers/of/fdt.c:832:46: warning: incorrect type in argument 2 (different modifiers)
drivers/of/fdt.c:832:46:    expected int ( *setup )( ... )
drivers/of/fdt.c:832:46:    got void const *const data
drivers/gpu/drm/msm/mdp/mdp4/mdp4_lcdc_encoder.c:95:22: warning: symbol 'get_connector' was not declared. Should it be static?
/home/pwalmsley/test_build/build/toolchains/gcc-linaro-arm-linux-gnueabihf-4.7-2013.04-20130415_linux/bin/../lib/gcc/arm-linux-gnueabihf/4.7.3/include/stddef.h:414:9: warning: preprocessor token offsetof redefined
include/linux/stddef.h:17:9: this was the original definition
/home/pwalmsley/test_build/build/toolchains/gcc-linaro-arm-linux-gnueabihf-4.7-2013.04-20130415_linux/bin/../lib/gcc/arm-linux-gnueabihf/4.7.3/include/stddef.h:414:9: warning: preprocessor token offsetof redefined
include/linux/stddef.h:17:9: this was the original definition
/home/pwalmsley/test_build/build/toolchains/gcc-linaro-arm-linux-gnueabihf-4.7-2013.04-20130415_linux/bin/../lib/gcc/arm-linux-gnueabihf/4.7.3/include/stddef.h:414:9: warning: preprocessor token offsetof redefined
include/linux/stddef.h:17:9: this was the original definition
/home/pwalmsley/test_build/build/toolchains/gcc-linaro-arm-linux-gnueabihf-4.7-2013.04-20130415_linux/bin/../lib/gcc/arm-linux-gnueabihf/4.7.3/include/stddef.h:414:9: warning: preprocessor token offsetof redefined
include/linux/stddef.h:17:9: this was the original definition
drivers/gpu/drm/msm/mdp/mdp4/mdp4_plane.c:83:5: warning: symbol 'mdp4_plane_set_property' was not declared. Should it be static?
/home/pwalmsley/test_build/build/toolchains/gcc-linaro-arm-linux-gnueabihf-4.7-2013.04-20130415_linux/bin/../lib/gcc/arm-linux-gnueabihf/4.7.3/include/stddef.h:414:9: warning: preprocessor token offsetof redefined
include/linux/stddef.h:17:9: this was the original definition
drivers/gpu/drm/msm/mdp/mdp5/mdp5_cfg.c:25:26: warning: symbol 'msm8x74_config' was not declared. Should it be static?
drivers/gpu/drm/msm/mdp/mdp5/mdp5_cfg.c:86:26: warning: symbol 'apq8084_config' was not declared. Should it be static?
drivers/gpu/drm/msm/mdp/mdp5/mdp5_cfg.c:155:26: warning: symbol 'msm8x16_config' was not declared. Should it be static?
/home/pwalmsley/test_build/build/toolchains/gcc-linaro-arm-linux-gnueabihf-4.7-2013.04-20130415_linux/bin/../lib/gcc/arm-linux-gnueabihf/4.7.3/include/stddef.h:414:9: warning: preprocessor token offsetof redefined
include/linux/stddef.h:17:9: this was the original definition
drivers/gpu/drm/msm/mdp/mdp5/mdp5_ctl.c:568:9: warning: context imbalance in 'mdp5_ctlm_init' - different lock contexts for basic block
/home/pwalmsley/test_build/build/toolchains/gcc-linaro-arm-linux-gnueabihf-4.7-2013.04-20130415_linux/bin/../lib/gcc/arm-linux-gnueabihf/4.7.3/include/stddef.h:414:9: warning: preprocessor token offsetof redefined
include/linux/stddef.h:17:9: this was the original definition
drivers/pci/pci.c:37:5: warning: symbol 'isa_dma_bridge_buggy' was not declared. Should it be static?
drivers/pci/pci.c:4461:1: warning: symbol 'bus_attr_resource_alignment' was not declared. Should it be static?
/home/pwalmsley/test_build/build/toolchains/gcc-linaro-arm-linux-gnueabihf-4.7-2013.04-20130415_linux/bin/../lib/gcc/arm-linux-gnueabihf/4.7.3/include/stddef.h:414:9: warning: preprocessor token offsetof redefined
include/linux/stddef.h:17:9: this was the original definition
/home/pwalmsley/test_build/build/toolchains/gcc-linaro-arm-linux-gnueabihf-4.7-2013.04-20130415_linux/bin/../lib/gcc/arm-linux-gnueabihf/4.7.3/include/stddef.h:414:9: warning: preprocessor token offsetof redefined
include/linux/stddef.h:17:9: this was the original definition
/home/pwalmsley/test_build/build/toolchains/gcc-linaro-arm-linux-gnueabihf-4.7-2013.04-20130415_linux/bin/../lib/gcc/arm-linux-gnueabihf/4.7.3/include/stddef.h:414:9: warning: preprocessor token offsetof redefined
include/linux/stddef.h:17:9: this was the original definition
drivers/pci/rom.c:225:36: warning: incorrect type in return expression (different address spaces)
drivers/pci/rom.c:225:36:    expected void [noderef] <asn:2>*
drivers/pci/rom.c:225:36:    got void *
drivers/of/of_reserved_mem.c:30:19: warning: symbol 'early_init_dt_alloc_reserved_memory_arch' was not declared. Should it be static?
drivers/of/of_reserved_mem.c:185:50: warning: incorrect type in initializer (different modifiers)
drivers/of/of_reserved_mem.c:185:50:    expected int ( *[usertype] initfn )( ... )
drivers/of/of_reserved_mem.c:185:50:    got void const *const data
/home/pwalmsley/test_build/build/toolchains/gcc-linaro-arm-linux-gnueabihf-4.7-2013.04-20130415_linux/bin/../lib/gcc/arm-linux-gnueabihf/4.7.3/include/stddef.h:414:9: warning: preprocessor token offsetof redefined
include/linux/stddef.h:17:9: this was the original definition
drivers/gpu/drm/msm/mdp/mdp5/mdp5_plane.c:92:5: warning: symbol 'mdp5_plane_set_property' was not declared. Should it be static?
drivers/net/ethernet/marvell/mv643xx_eth.c:1936:35: warning: incorrect type in assignment (different address spaces)
drivers/net/ethernet/marvell/mv643xx_eth.c:1936:35:    expected struct rx_desc *rx_desc_area
drivers/net/ethernet/marvell/mv643xx_eth.c:1936:35:    got void [noderef] <asn:2>*
drivers/net/ethernet/marvell/mv643xx_eth.c:1975:28: warning: incorrect type in argument 1 (different address spaces)
drivers/net/ethernet/marvell/mv643xx_eth.c:1975:28:    expected void volatile [noderef] <asn:2>*addr
drivers/net/ethernet/marvell/mv643xx_eth.c:1975:28:    got struct rx_desc *rx_desc_area
drivers/net/ethernet/marvell/mv643xx_eth.c:2006:28: warning: incorrect type in argument 1 (different address spaces)
drivers/net/ethernet/marvell/mv643xx_eth.c:2006:28:    expected void volatile [noderef] <asn:2>*addr
drivers/net/ethernet/marvell/mv643xx_eth.c:2006:28:    got struct rx_desc *rx_desc_area
drivers/net/ethernet/marvell/mv643xx_eth.c:2040:35: warning: incorrect type in assignment (different address spaces)
drivers/net/ethernet/marvell/mv643xx_eth.c:2040:35:    expected struct tx_desc *tx_desc_area
drivers/net/ethernet/marvell/mv643xx_eth.c:2040:35:    got void [noderef] <asn:2>*
drivers/net/ethernet/marvell/mv643xx_eth.c:2095:28: warning: incorrect type in argument 1 (different address spaces)
drivers/net/ethernet/marvell/mv643xx_eth.c:2095:28:    expected void volatile [noderef] <asn:2>*addr
drivers/net/ethernet/marvell/mv643xx_eth.c:2095:28:    got struct tx_desc *tx_desc_area
drivers/net/ethernet/marvell/mv643xx_eth.c:2113:28: warning: incorrect type in argument 1 (different address spaces)
drivers/net/ethernet/marvell/mv643xx_eth.c:2113:28:    expected void volatile [noderef] <asn:2>*addr
drivers/net/ethernet/marvell/mv643xx_eth.c:2113:28:    got struct tx_desc *tx_desc_area
/home/pwalmsley/test_build/build/toolchains/gcc-linaro-arm-linux-gnueabihf-4.7-2013.04-20130415_linux/bin/../lib/gcc/arm-linux-gnueabihf/4.7.3/include/stddef.h:414:9: warning: preprocessor token offsetof redefined
include/linux/stddef.h:17:9: this was the original definition
drivers/pci/host/pci-mvebu.c:818:31: warning: incorrect type in return expression (different address spaces)
drivers/pci/host/pci-mvebu.c:818:31:    expected void [noderef] <asn:2>*
drivers/pci/host/pci-mvebu.c:818:31:    got void *
/home/pwalmsley/test_build/build/toolchains/gcc-linaro-arm-linux-gnueabihf-4.7-2013.04-20130415_linux/bin/../lib/gcc/arm-linux-gnueabihf/4.7.3/include/stddef.h:414:9: warning: preprocessor token offsetof redefined
include/linux/stddef.h:17:9: this was the original definition
/home/pwalmsley/test_build/build/toolchains/gcc-linaro-arm-linux-gnueabihf-4.7-2013.04-20130415_linux/bin/../lib/gcc/arm-linux-gnueabihf/4.7.3/include/stddef.h:414:9: warning: preprocessor token offsetof redefined
include/linux/stddef.h:17:9: this was the original definition
drivers/gpu/drm/msm/msm_drv.c:87:31: warning: incorrect type in return expression (different address spaces)
drivers/gpu/drm/msm/msm_drv.c:87:31:    expected void [noderef] <asn:2>*
drivers/gpu/drm/msm/msm_drv.c:87:31:    got void *
drivers/gpu/drm/msm/msm_drv.c:95:31: warning: incorrect type in return expression (different address spaces)
drivers/gpu/drm/msm/msm_drv.c:95:31:    expected void [noderef] <asn:2>*
drivers/gpu/drm/msm/msm_drv.c:95:31:    got void *
/home/pwalmsley/test_build/build/toolchains/gcc-linaro-arm-linux-gnueabihf-4.7-2013.04-20130415_linux/bin/../lib/gcc/arm-linux-gnueabihf/4.7.3/include/stddef.h:414:9: warning: preprocessor token offsetof redefined
include/linux/stddef.h:17:9: this was the original definition
drivers/gpu/drm/msm/msm_fb.c:143:42: warning: Using plain integer as NULL pointer
drivers/net/ethernet/marvell/mvneta.c:313:32: error: dubious one-bit signed bitfield
drivers/pci/host/pcie-rcar.c:962:20: warning: incorrect type in assignment (different modifiers)
drivers/pci/host/pcie-rcar.c:962:20:    expected int ( *hw_init_fn )( ... )
drivers/pci/host/pcie-rcar.c:962:20:    got void const *const data
/home/pwalmsley/test_build/build/toolchains/gcc-linaro-arm-linux-gnueabihf-4.7-2013.04-20130415_linux/bin/../lib/gcc/arm-linux-gnueabihf/4.7.3/include/stddef.h:414:9: warning: preprocessor token offsetof redefined
include/linux/stddef.h:17:9: this was the original definition
/home/pwalmsley/test_build/build/toolchains/gcc-linaro-arm-linux-gnueabihf-4.7-2013.04-20130415_linux/bin/../lib/gcc/arm-linux-gnueabihf/4.7.3/include/stddef.h:414:9: warning: preprocessor token offsetof redefined
include/linux/stddef.h:17:9: this was the original definition
drivers/pci/pcie/portdrv_core.c:22:6: warning: symbol 'pciehp_msi_disabled' was not declared. Should it be static?
/home/pwalmsley/test_build/build/toolchains/gcc-linaro-arm-linux-gnueabihf-4.7-2013.04-20130415_linux/bin/../lib/gcc/arm-linux-gnueabihf/4.7.3/include/stddef.h:414:9: warning: preprocessor token offsetof redefined
include/linux/stddef.h:17:9: this was the original definition
drivers/gpu/drm/msm/msm_gem_submit.c:71:37: warning: dereference of noderef expression
drivers/gpu/drm/msm/msm_gem_submit.c:360:37: warning: dereference of noderef expression
drivers/gpu/drm/msm/msm_gem_submit.c:410:55: warning: dereference of noderef expression
/home/pwalmsley/test_build/build/toolchains/gcc-linaro-arm-linux-gnueabihf-4.7-2013.04-20130415_linux/bin/../lib/gcc/arm-linux-gnueabihf/4.7.3/include/stddef.h:414:9: warning: preprocessor token offsetof redefined
include/linux/stddef.h:17:9: this was the original definition
/home/pwalmsley/test_build/build/toolchains/gcc-linaro-arm-linux-gnueabihf-4.7-2013.04-20130415_linux/bin/../lib/gcc/arm-linux-gnueabihf/4.7.3/include/stddef.h:414:9: warning: preprocessor token offsetof redefined
include/linux/stddef.h:17:9: this was the original definition
/home/pwalmsley/test_build/build/toolchains/gcc-linaro-arm-linux-gnueabihf-4.7-2013.04-20130415_linux/bin/../lib/gcc/arm-linux-gnueabihf/4.7.3/include/stddef.h:414:9: warning: preprocessor token offsetof redefined
include/linux/stddef.h:17:9: this was the original definition
/home/pwalmsley/test_build/build/toolchains/gcc-linaro-arm-linux-gnueabihf-4.7-2013.04-20130415_linux/bin/../lib/gcc/arm-linux-gnueabihf/4.7.3/include/stddef.h:414:9: warning: preprocessor token offsetof redefined
include/linux/stddef.h:17:9: this was the original definition
/home/pwalmsley/test_build/build/toolchains/gcc-linaro-arm-linux-gnueabihf-4.7-2013.04-20130415_linux/bin/../lib/gcc/arm-linux-gnueabihf/4.7.3/include/stddef.h:414:9: warning: preprocessor token offsetof redefined
include/linux/stddef.h:17:9: this was the original definition
drivers/pci/msi.c:80:23: warning: symbol 'pcibios_msi_controller' was not declared. Should it be static?
/home/pwalmsley/test_build/build/toolchains/gcc-linaro-arm-linux-gnueabihf-4.7-2013.04-20130415_linux/bin/../lib/gcc/arm-linux-gnueabihf/4.7.3/include/stddef.h:414:9: warning: preprocessor token offsetof redefined
include/linux/stddef.h:17:9: this was the original definition
drivers/gpu/drm/msm/msm_fbdev.c:177:26: warning: incorrect type in assignment (different address spaces)
drivers/gpu/drm/msm/msm_fbdev.c:177:26:    expected char [noderef] <asn:2>*screen_base
drivers/gpu/drm/msm/msm_fbdev.c:177:26:    got void *
drivers/gpu/drm/msm/msm_fbdev.c:264:6: warning: symbol 'msm_fbdev_free' was not declared. Should it be static?
/home/pwalmsley/test_build/build/toolchains/gcc-linaro-arm-linux-gnueabihf-4.7-2013.04-20130415_linux/bin/../lib/gcc/arm-linux-gnueabihf/4.7.3/include/stddef.h:414:9: warning: preprocessor token offsetof redefined
include/linux/stddef.h:17:9: this was the original definition
/home/pwalmsley/test_build/build/toolchains/gcc-linaro-arm-linux-gnueabihf-4.7-2013.04-20130415_linux/bin/../lib/gcc/arm-linux-gnueabihf/4.7.3/include/stddef.h:414:9: warning: preprocessor token offsetof redefined
include/linux/stddef.h:17:9: this was the original definition
/home/pwalmsley/test_build/build/toolchains/gcc-linaro-arm-linux-gnueabihf-4.7-2013.04-20130415_linux/bin/../lib/gcc/arm-linux-gnueabihf/4.7.3/include/stddef.h:414:9: warning: preprocessor token offsetof redefined
include/linux/stddef.h:17:9: this was the original definition
/home/pwalmsley/test_build/build/toolchains/gcc-linaro-arm-linux-gnueabihf-4.7-2013.04-20130415_linux/bin/../lib/gcc/arm-linux-gnueabihf/4.7.3/include/stddef.h:414:9: warning: preprocessor token offsetof redefined
include/linux/stddef.h:17:9: this was the original definition
/home/pwalmsley/test_build/build/toolchains/gcc-linaro-arm-linux-gnueabihf-4.7-2013.04-20130415_linux/bin/../lib/gcc/arm-linux-gnueabihf/4.7.3/include/stddef.h:414:9: warning: preprocessor token offsetof redefined
include/linux/stddef.h:17:9: this was the original definition
/home/pwalmsley/test_build/build/toolchains/gcc-linaro-arm-linux-gnueabihf-4.7-2013.04-20130415_linux/bin/../lib/gcc/arm-linux-gnueabihf/4.7.3/include/stddef.h:414:9: warning: preprocessor token offsetof redefined
include/linux/stddef.h:17:9: this was the original definition
/home/pwalmsley/test_build/build/toolchains/gcc-linaro-arm-linux-gnueabihf-4.7-2013.04-20130415_linux/bin/../lib/gcc/arm-linux-gnueabihf/4.7.3/include/stddef.h:414:9: warning: preprocessor token offsetof redefined
include/linux/stddef.h:17:9: this was the original definition
/home/pwalmsley/test_build/build/toolchains/gcc-linaro-arm-linux-gnueabihf-4.7-2013.04-20130415_linux/bin/../lib/gcc/arm-linux-gnueabihf/4.7.3/include/stddef.h:414:9: warning: preprocessor token offsetof redefined
include/linux/stddef.h:17:9: this was the original definition
drivers/pinctrl/pinconf.c:497:20: error: incompatible types in comparison expression (different type sizes)
drivers/power/reset/at91-reset.c:194:39: warning: incorrect type in assignment (different modifiers)
drivers/power/reset/at91-reset.c:194:39:    expected int ( *static [toplevel] [usertype] notifier_call )( ... )
drivers/power/reset/at91-reset.c:194:39:    got void const *const data
drivers/pinctrl/pinctrl-at91.c:1537:6: warning: symbol 'at91_pinctrl_gpio_suspend' was not declared. Should it be static?
drivers/pinctrl/pinctrl-at91.c:1561:6: warning: symbol 'at91_pinctrl_gpio_resume' was not declared. Should it be static?
drivers/net/ethernet/renesas/sh_eth.c:609:37: warning: incorrect type in argument 1 (different address spaces)
drivers/net/ethernet/renesas/sh_eth.c:609:37:    expected void const volatile [noderef] <asn:2>*addr
drivers/net/ethernet/renesas/sh_eth.c:609:37:    got void *<noident>
drivers/net/ethernet/renesas/sh_eth.c:610:37: warning: incorrect type in argument 1 (different address spaces)
drivers/net/ethernet/renesas/sh_eth.c:610:37:    expected void const volatile [noderef] <asn:2>*addr
drivers/net/ethernet/renesas/sh_eth.c:610:37:    got void *<noident>
drivers/net/ethernet/renesas/sh_eth.c:614:33: warning: incorrect type in argument 2 (different address spaces)
drivers/net/ethernet/renesas/sh_eth.c:614:33:    expected void volatile [noderef] <asn:2>*addr
drivers/net/ethernet/renesas/sh_eth.c:614:33:    got void *<noident>
drivers/net/ethernet/renesas/sh_eth.c:619:37: warning: incorrect type in argument 2 (different address spaces)
drivers/net/ethernet/renesas/sh_eth.c:619:37:    expected void volatile [noderef] <asn:2>*addr
drivers/net/ethernet/renesas/sh_eth.c:619:37:    got void *<noident>
drivers/net/ethernet/renesas/sh_eth.c:620:37: warning: incorrect type in argument 2 (different address spaces)
drivers/net/ethernet/renesas/sh_eth.c:620:37:    expected void volatile [noderef] <asn:2>*addr
drivers/net/ethernet/renesas/sh_eth.c:620:37:    got void *<noident>
drivers/net/ethernet/renesas/sh_eth.c:1020:28: warning: incorrect type in argument 1 (different address spaces)
drivers/net/ethernet/renesas/sh_eth.c:1020:28:    expected void const volatile [noderef] <asn:2>*addr
drivers/net/ethernet/renesas/sh_eth.c:1020:28:    got void *addr
drivers/net/ethernet/renesas/sh_eth.c:1020:41: warning: incorrect type in argument 2 (different address spaces)
drivers/net/ethernet/renesas/sh_eth.c:1020:41:    expected void volatile [noderef] <asn:2>*addr
drivers/net/ethernet/renesas/sh_eth.c:1020:41:    got void *addr
drivers/net/ethernet/renesas/sh_eth.c:1026:29: warning: incorrect type in argument 1 (different address spaces)
drivers/net/ethernet/renesas/sh_eth.c:1026:29:    expected void const volatile [noderef] <asn:2>*addr
drivers/net/ethernet/renesas/sh_eth.c:1026:29:    got void *addr
drivers/net/ethernet/renesas/sh_eth.c:1026:44: warning: incorrect type in argument 2 (different address spaces)
drivers/net/ethernet/renesas/sh_eth.c:1026:44:    expected void volatile [noderef] <asn:2>*addr
drivers/net/ethernet/renesas/sh_eth.c:1026:44:    got void *addr
drivers/net/ethernet/renesas/sh_eth.c:1032:26: warning: incorrect type in argument 1 (different address spaces)
drivers/net/ethernet/renesas/sh_eth.c:1032:26:    expected void const volatile [noderef] <asn:2>*addr
drivers/net/ethernet/renesas/sh_eth.c:1032:26:    got void *addr
drivers/net/ethernet/renesas/sh_eth.h:577:30: warning: incorrect type in return expression (different address spaces)
drivers/net/ethernet/renesas/sh_eth.h:577:30:    expected void *
drivers/net/ethernet/renesas/sh_eth.h:577:30:    got void [noderef] <asn:2>*
drivers/net/ethernet/renesas/sh_eth.c:2543:24: warning: incorrect type in argument 1 (different address spaces)
drivers/net/ethernet/renesas/sh_eth.c:2543:24:    expected void const volatile [noderef] <asn:2>*addr
drivers/net/ethernet/renesas/sh_eth.c:2543:24:    got void *[assigned] reg_offset
drivers/net/ethernet/renesas/sh_eth.c:2544:62: warning: incorrect type in argument 2 (different address spaces)
drivers/net/ethernet/renesas/sh_eth.c:2544:62:    expected void volatile [noderef] <asn:2>*addr
drivers/net/ethernet/renesas/sh_eth.c:2544:62:    got void *[assigned] reg_offset
drivers/net/ethernet/renesas/sh_eth.c:2558:24: warning: incorrect type in argument 1 (different address spaces)
drivers/net/ethernet/renesas/sh_eth.c:2558:24:    expected void const volatile [noderef] <asn:2>*addr
drivers/net/ethernet/renesas/sh_eth.c:2558:24:    got void *[assigned] reg_offset
drivers/net/ethernet/renesas/sh_eth.c:2559:37: warning: incorrect type in argument 2 (different address spaces)
drivers/net/ethernet/renesas/sh_eth.c:2559:37:    expected void volatile [noderef] <asn:2>*addr
drivers/net/ethernet/renesas/sh_eth.c:2559:37:    got void *[assigned] reg_offset
drivers/net/ethernet/renesas/sh_eth.c:2588:24: warning: incorrect type in argument 2 (different address spaces)
drivers/net/ethernet/renesas/sh_eth.c:2588:24:    expected void volatile [noderef] <asn:2>*addr
drivers/net/ethernet/renesas/sh_eth.c:2588:24:    got void *reg
drivers/net/ethernet/renesas/sh_eth.c:2593:28: warning: incorrect type in argument 2 (different address spaces)
drivers/net/ethernet/renesas/sh_eth.c:2593:28:    expected void volatile [noderef] <asn:2>*addr
drivers/net/ethernet/renesas/sh_eth.c:2593:28:    got void *
drivers/net/ethernet/renesas/sh_eth.c:2604:24: warning: incorrect type in argument 1 (different address spaces)
drivers/net/ethernet/renesas/sh_eth.c:2604:24:    expected void const volatile [noderef] <asn:2>*addr
drivers/net/ethernet/renesas/sh_eth.c:2604:24:    got void *reg
drivers/net/ethernet/renesas/sh_eth.c:2609:28: warning: incorrect type in argument 1 (different address spaces)
drivers/net/ethernet/renesas/sh_eth.c:2609:28:    expected void const volatile [noderef] <asn:2>*addr
drivers/net/ethernet/renesas/sh_eth.c:2609:28:    got void *
drivers/net/ethernet/renesas/sh_eth.h:577:30: warning: incorrect type in return expression (different address spaces)
drivers/net/ethernet/renesas/sh_eth.h:577:30:    expected void *
drivers/net/ethernet/renesas/sh_eth.h:577:30:    got void [noderef] <asn:2>*
drivers/net/ethernet/renesas/sh_eth.h:577:30: warning: incorrect type in return expression (different address spaces)
drivers/net/ethernet/renesas/sh_eth.h:577:30:    expected void *
drivers/net/ethernet/renesas/sh_eth.h:577:30:    got void [noderef] <asn:2>*
drivers/net/ethernet/renesas/sh_eth.h:577:30: warning: incorrect type in return expression (different address spaces)
drivers/net/ethernet/renesas/sh_eth.h:577:30:    expected void *
drivers/net/ethernet/renesas/sh_eth.h:577:30:    got void [noderef] <asn:2>*
drivers/net/ethernet/renesas/sh_eth.h:577:30: warning: incorrect type in return expression (different address spaces)
drivers/net/ethernet/renesas/sh_eth.h:577:30:    expected void *
drivers/net/ethernet/renesas/sh_eth.h:577:30:    got void [noderef] <asn:2>*
drivers/net/ethernet/renesas/sh_eth.c:2919:23: warning: incorrect type in assignment (different address spaces)
drivers/net/ethernet/renesas/sh_eth.c:2919:23:    expected void *addr
drivers/net/ethernet/renesas/sh_eth.c:2919:23:    got void [noderef] <asn:2>*
drivers/net/ethernet/renesas/sh_eth.c:59:9: warning: Initializer entry defined twice
drivers/net/ethernet/renesas/sh_eth.c:61:10:   also defined here
drivers/net/ethernet/renesas/sh_eth.c:156:9: warning: Initializer entry defined twice
drivers/net/ethernet/renesas/sh_eth.c:158:10:   also defined here
drivers/power/reset/vexpress-poweroff.c:77:1: warning: symbol 'dev_attr_active' was not declared. Should it be static?
drivers/gpu/host1x/job.c:513:9: warning: Variable length array is used.
drivers/pinctrl/nomadik/pinctrl-nomadik.c:617:5: warning: symbol 'nmk_gpio_get_mode' was not declared. Should it be static?
drivers/pinctrl/nomadik/pinctrl-nomadik.c:1069:6: warning: symbol 'nmk_gpio_clocks_enable' was not declared. Should it be static?
drivers/pinctrl/nomadik/pinctrl-nomadik.c:1083:6: warning: symbol 'nmk_gpio_clocks_disable' was not declared. Should it be static?
drivers/pinctrl/nomadik/pinctrl-nomadik.c:1106:6: warning: symbol 'nmk_gpio_wakeups_suspend' was not declared. Should it be static?
drivers/pinctrl/nomadik/pinctrl-nomadik.c:1127:6: warning: symbol 'nmk_gpio_wakeups_resume' was not declared. Should it be static?
drivers/pinctrl/nomadik/pinctrl-nomadik.c:1153:6: warning: symbol 'nmk_gpio_read_pull' was not declared. Should it be static?
drivers/pinctrl/nomadik/pinctrl-nomadik.c:1754:9: warning: context imbalance in 'nmk_pmx_set' - different lock contexts for basic block
drivers/ras/debugfs.c:7:5: warning: symbol 'ras_userspace_consumers' was not declared. Should it be static?
drivers/ras/debugfs.c:37:12: warning: symbol 'ras_add_daemon_trace' was not declared. Should it be static?
drivers/ras/debugfs.c:53:13: warning: symbol 'ras_debugfs_init' was not declared. Should it be static?
drivers/pinctrl/samsung/pinctrl-exynos.c:358:5: warning: symbol 'exynos_get_eint_wake_mask' was not declared. Should it be static?
drivers/pinctrl/sh-pfc/pfc-emev2.c:1695:30: warning: symbol 'emev2_pinmux_info' was not declared. Should it be static?
drivers/net/ethernet/ti/davinci_cpdma.c:184:29: warning: incorrect type in assignment (different address spaces)
drivers/net/ethernet/ti/davinci_cpdma.c:184:29:    expected void [noderef] <asn:2>*iomap
drivers/net/ethernet/ti/davinci_cpdma.c:184:29:    got void *cpumap
drivers/net/ethernet/ti/cpsw-phy-sel.c:195:28: warning: incorrect type in assignment (different modifiers)
drivers/net/ethernet/ti/cpsw-phy-sel.c:195:28:    expected void ( *cpsw_phy_sel )( ... )
drivers/net/ethernet/ti/cpsw-phy-sel.c:195:28:    got void const *const data
drivers/net/ethernet/ti/cpsw.c:1570:9: warning: switch with no cases
drivers/pinctrl/sh-pfc/pfc-r8a7778.c:2908:30: warning: symbol 'r8a7778_pinmux_info' was not declared. Should it be static?
drivers/pinctrl/sh-pfc/pfc-r8a7779.c:3855:30: warning: symbol 'r8a7779_pinmux_info' was not declared. Should it be static?
drivers/net/ethernet/stmicro/stmmac/dwmac-sti.c:191:48: warning: cast truncates bits from constant value (1ffffffffc0 becomes ffffffc0)
drivers/net/ethernet/stmicro/stmmac/dwmac-sti.c:222:48: warning: cast truncates bits from constant value (ffffffffc0 becomes ffffffc0)
drivers/net/ethernet/stmicro/stmmac/dwmac-sti.c:238:49: warning: cast truncates bits from constant value (3fffffffe becomes fffffffe)
drivers/net/ethernet/stmicro/stmmac/dwmac-sti.c:240:41: warning: cast truncates bits from constant value (1ffffffffc becomes fffffffc)
drivers/net/ethernet/stmicro/stmmac/dwmac-sti.c:243:41: warning: cast truncates bits from constant value (3fffffffe0 becomes ffffffe0)
drivers/pinctrl/sirf/pinctrl-atlas7.c:519:26: warning: symbol 'atlas7_ioc_pad_confs' was not declared. Should it be static?
drivers/pinctrl/sirf/pinctrl-atlas7.c:877:25: warning: symbol 'altas7_pin_groups' was not declared. Should it be static?
drivers/pinctrl/sirf/pinctrl-atlas7.c:3472:28: warning: symbol 'atlas7_ioc_data' was not declared. Should it be static?
drivers/pinctrl/sirf/pinctrl-atlas7.c:3693:29: warning: symbol 'atlas7_ds_map' was not declared. Should it be static?
drivers/reset/reset-sunxi.c:130:13: warning: symbol 'sun6i_reset_init' was not declared. Should it be static?
drivers/soc/qcom/spm.c:239:39: warning: incorrect type in assignment (different modifiers)
drivers/soc/qcom/spm.c:239:39:    expected int ( *<noident> )( ... )
drivers/soc/qcom/spm.c:239:39:    got void const *const data
drivers/regulator/bcm590xx-regulator.c:410:50: warning: cast truncates bits from constant value (3ffffffff8 becomes fffffff8)
drivers/regulator/bcm590xx-regulator.c:415:50: warning: cast truncates bits from constant value (3fffffffff becomes ffffffff)
drivers/scsi/scsi_lib.c:500:6: warning: symbol 'scsi_requeue_run_queue' was not declared. Should it be static?
drivers/scsi/scsi_lib.c:2727:6: warning: symbol 'scsi_evt_thread' was not declared. Should it be static?
drivers/soc/tegra/pmc.c:732:6: warning: symbol 'tegra_pmc_init_tsense_reset' was not declared. Should it be static?
drivers/scsi/scsi_sysfs.c:201:25: warning: symbol 'dev_attr_hstate' was not declared. Should it be static?
drivers/scsi/scsi_sysfs.c:376:24: warning: symbol 'scsi_shost_attr_group' was not declared. Should it be static?
drivers/staging/nvec/nvec_ps2.c:172:14: warning: duplicate const 
drivers/tty/tty_io.c:119:17: warning: too long initializer-string for array of char
drivers/tty/n_tty.c:172:33: warning: incorrect type in argument 2 (different address spaces)
drivers/tty/n_tty.c:172:33:    expected unsigned char *data
drivers/tty/n_tty.c:172:33:    got void [noderef] <asn:1>*to
drivers/tty/n_tty.c:172:33: warning: incorrect type in argument 2 (different address spaces)
drivers/tty/n_tty.c:172:33:    expected unsigned char *data
drivers/tty/n_tty.c:172:33:    got void [noderef] <asn:1>*to
drivers/tty/n_tty.c:172:33: warning: incorrect type in argument 2 (different address spaces)
drivers/tty/n_tty.c:172:33:    expected unsigned char *data
drivers/tty/n_tty.c:172:33:    got void [noderef] <asn:1>*to
drivers/rtc/rtc-sun6i.c:296:28: warning: cast truncates bits from constant value (3ffffffff80 becomes ffffff80)
drivers/tty/serial/serial_core.c:683:29: warning: incorrect type in assignment (different base types)
drivers/tty/serial/serial_core.c:683:29:    expected int [signed] flags
drivers/tty/serial/serial_core.c:683:29:    got restricted upf_t [usertype] flags
drivers/tty/serial/serial_core.c:757:19: warning: incorrect type in assignment (different base types)
drivers/tty/serial/serial_core.c:757:19:    expected restricted upf_t [usertype] new_flags
drivers/tty/serial/serial_core.c:757:19:    got int [signed] flags
drivers/watchdog/sirfsoc_wdt.c:48:18: warning: incorrect type in assignment (different address spaces)
drivers/watchdog/sirfsoc_wdt.c:48:18:    expected void [noderef] <asn:2>*wdt_base
drivers/watchdog/sirfsoc_wdt.c:48:18:    got void *
drivers/watchdog/sirfsoc_wdt.c:64:18: warning: incorrect type in assignment (different address spaces)
drivers/watchdog/sirfsoc_wdt.c:64:18:    expected void [noderef] <asn:2>*wdt_base
drivers/watchdog/sirfsoc_wdt.c:64:18:    got void *
drivers/watchdog/sirfsoc_wdt.c:82:54: warning: incorrect type in initializer (different address spaces)
drivers/watchdog/sirfsoc_wdt.c:82:54:    expected void [noderef] <asn:2>*wdt_base
drivers/watchdog/sirfsoc_wdt.c:82:54:    got void *
drivers/watchdog/sirfsoc_wdt.c:99:54: warning: incorrect type in initializer (different address spaces)
drivers/watchdog/sirfsoc_wdt.c:99:54:    expected void [noderef] <asn:2>*wdt_base
drivers/watchdog/sirfsoc_wdt.c:99:54:    got void *
drivers/watchdog/sirfsoc_wdt.c:153:44: warning: incorrect type in argument 2 (different address spaces)
drivers/watchdog/sirfsoc_wdt.c:153:44:    expected void *data
drivers/watchdog/sirfsoc_wdt.c:153:44:    got void [noderef] <asn:2>*[assigned] base
drivers/tty/vt/vt.c:229:5: warning: symbol 'console_blank_hook' was not declared. Should it be static?
drivers/tty/vt/vt.c:2497:19: warning: symbol 'console_driver' was not declared. Should it be static?
drivers/tty/vt/consolemap_deftbl.c:10:4: warning: symbol 'dfont_unicount' was not declared. Should it be static?
drivers/tty/vt/consolemap_deftbl.c:46:5: warning: symbol 'dfont_unitable' was not declared. Should it be static?
drivers/tty/vt/defkeymap.c:27:9: warning: symbol 'shift_map' was not declared. Should it be static?
drivers/tty/vt/defkeymap.c:46:9: warning: symbol 'altgr_map' was not declared. Should it be static?
drivers/tty/vt/defkeymap.c:65:9: warning: symbol 'ctrl_map' was not declared. Should it be static?
drivers/tty/vt/defkeymap.c:84:9: warning: symbol 'shift_ctrl_map' was not declared. Should it be static?
drivers/tty/vt/defkeymap.c:103:9: warning: symbol 'alt_map' was not declared. Should it be static?
drivers/tty/vt/defkeymap.c:122:9: warning: symbol 'ctrl_alt_map' was not declared. Should it be static?
drivers/tty/vt/defkeymap.c:148:14: warning: symbol 'keymap_count' was not declared. Should it be static?
drivers/tty/vt/defkeymap.c:156:6: warning: symbol 'func_buf' was not declared. Should it be static?
drivers/tty/vt/defkeymap.c:187:6: warning: symbol 'funcbufptr' was not declared. Should it be static?
drivers/tty/vt/defkeymap.c:188:5: warning: symbol 'funcbufsize' was not declared. Should it be static?
drivers/tty/vt/defkeymap.c:189:5: warning: symbol 'funcbufleft' was not declared. Should it be static?
drivers/tty/vt/defkeymap.c:191:6: warning: symbol 'func_table' was not declared. Should it be static?
drivers/tty/vt/defkeymap.c:225:18: warning: symbol 'accent_table' was not declared. Should it be static?
drivers/tty/vt/defkeymap.c:262:14: warning: symbol 'accent_table_size' was not declared. Should it be static?
drivers/tty/serial/8250/8250_core.c:3411:39: warning: context imbalance in 'serial8250_console_write' - unexpected unlock
drivers/usb/dwc3/gadget.c:1678:37: warning: dubious: x | !y
include/linux/spinlock_api_smp.h:153:27: warning: context imbalance in 'pl011_console_write' - unexpected unlock
include/linux/spinlock_api_smp.h:153:27: warning: context imbalance in 'serial_console_write' - unexpected unlock
drivers/tty/serial/imx.c:1670:39: warning: context imbalance in 'imx_console_write' - unexpected unlock
include/linux/spinlock_api_smp.h:153:27: warning: context imbalance in 'meson_serial_console_write' - unexpected unlock
drivers/tty/serial/atmel_serial.c:2322:24: warning: symbol 'atmel_default_console_device' was not declared. Should it be static?
include/linux/spinlock_api_smp.h:153:27: warning: context imbalance in 'handle_rx_dm' - unexpected unlock
include/linux/spinlock_api_smp.h:153:27: warning: context imbalance in 'handle_rx' - unexpected unlock
drivers/video/fbdev/amba-clcd.c:764:28: warning: incorrect type in assignment (different address spaces)
drivers/video/fbdev/amba-clcd.c:764:28:    expected char [noderef] <asn:2>*screen_base
drivers/video/fbdev/amba-clcd.c:764:28:    got void *
drivers/video/fbdev/amba-clcd.c:777:64: warning: incorrect type in argument 3 (different address spaces)
drivers/video/fbdev/amba-clcd.c:777:64:    expected void *cpu_addr
drivers/video/fbdev/amba-clcd.c:777:64:    got char [noderef] <asn:2>*screen_base
drivers/video/fbdev/amba-clcd.c:783:9: warning: incorrect type in argument 3 (different address spaces)
drivers/video/fbdev/amba-clcd.c:783:9:    expected void *cpu_addr
drivers/video/fbdev/amba-clcd.c:783:9:    got char [noderef] <asn:2>*screen_base
drivers/tty/serial/of_serial.c:33:6: warning: symbol 'tegra_serial_handle_break' was not declared. Should it be static?
include/linux/spinlock_api_smp.h:153:27: warning: context imbalance in 'serial_omap_console_write' - unexpected unlock
drivers/video/fbdev/amba-clcd-versatile.c:157:28: warning: incorrect type in assignment (different address spaces)
drivers/video/fbdev/amba-clcd-versatile.c:157:28:    expected char [noderef] <asn:2>*screen_base
drivers/video/fbdev/amba-clcd-versatile.c:157:28:    got void *
drivers/video/fbdev/amba-clcd-versatile.c:173:44: warning: incorrect type in argument 3 (different address spaces)
drivers/video/fbdev/amba-clcd-versatile.c:173:44:    expected void *cpu_addr
drivers/video/fbdev/amba-clcd-versatile.c:173:44:    got char [noderef] <asn:2>*screen_base
drivers/video/fbdev/amba-clcd-versatile.c:181:37: warning: incorrect type in argument 3 (different address spaces)
drivers/video/fbdev/amba-clcd-versatile.c:181:37:    expected void *cpu_addr
drivers/video/fbdev/amba-clcd-versatile.c:181:37:    got char [noderef] <asn:2>*screen_base
drivers/usb/host/ohci-hub.c:265:9: warning: context imbalance in 'ohci_rh_resume' - different lock contexts for basic block
drivers/video/fbdev/wm8505fb.c:346:41: warning: incorrect type in assignment (different address spaces)
drivers/video/fbdev/wm8505fb.c:346:41:    expected char [noderef] <asn:2>*screen_base
drivers/video/fbdev/wm8505fb.c:346:41:    got void *[assigned] fb_mem_virt
drivers/video/fbdev/sh_mobile_lcdcfb.c:1713:27: warning: incorrect type in assignment (different address spaces)
drivers/video/fbdev/sh_mobile_lcdcfb.c:1713:27:    expected char [noderef] <asn:2>*screen_base
drivers/video/fbdev/sh_mobile_lcdcfb.c:1713:27:    got void *fb_mem
drivers/video/fbdev/sh_mobile_lcdcfb.c:2214:27: warning: incorrect type in assignment (different address spaces)
drivers/video/fbdev/sh_mobile_lcdcfb.c:2214:27:    expected char [noderef] <asn:2>*screen_base
drivers/video/fbdev/sh_mobile_lcdcfb.c:2214:27:    got void *fb_mem
drivers/video/fbdev/mx3fb.c:1339:26: warning: incorrect type in assignment (different address spaces)
drivers/video/fbdev/mx3fb.c:1339:26:    expected char [noderef] <asn:2>*screen_base
drivers/video/fbdev/mx3fb.c:1339:26:    got void *
drivers/video/fbdev/mx3fb.c:1363:9: warning: cast removes address space of expression
drivers/video/fbdev/mx3fb.c:1382:34: warning: incorrect type in argument 3 (different address spaces)
drivers/video/fbdev/mx3fb.c:1382:34:    expected void *cpu_addr
drivers/video/fbdev/mx3fb.c:1382:34:    got char [noderef] <asn:2>*screen_base
drivers/video/fbdev/mx3fb.c:1097:17: warning: cast removes address space of expression
include/linux/spinlock_api_smp.h:153:27: warning: context imbalance in 'asc_console_write' - unexpected unlock
drivers/tty/serial/xilinx_uartps.c:479:28: warning: context imbalance in 'cdns_uart_clk_notifier_cb' - different lock contexts for basic block
drivers/tty/serial/xilinx_uartps.c:1137:9: warning: context imbalance in 'cdns_uart_console_write' - different lock contexts for basic block
drivers/tty/serial/sirfsoc_uart.h:109:5: warning: symbol 'uart_usp_ff_full_mask' was not declared. Should it be static?
drivers/tty/serial/sirfsoc_uart.h:117:5: warning: symbol 'uart_usp_ff_empty_mask' was not declared. Should it be static?
drivers/tty/serial/sirfsoc_uart.h:124:30: warning: symbol 'sirfsoc_usp' was not declared. Should it be static?
drivers/tty/serial/sirfsoc_uart.h:190:30: warning: symbol 'sirfsoc_uart' was not declared. Should it be static?
drivers/tty/serial/digicolor-usart.c:416:26: warning: context imbalance in 'digicolor_uart_console_write' - different lock contexts for basic block
init/do_mounts.c:8:2: warning: "Sparse checking disabled for this file"
init/do_mounts_initrd.c:8:2: warning: "Sparse checking disabled for this file"
init/initramfs.c:8:2: warning: "Sparse checking disabled for this file"
init/calibrate.c:260:37: warning: symbol 'calibrate_delay_is_known' was not declared. Should it be static?
init/calibrate.c:270:28: warning: symbol 'calibration_delay_done' was not declared. Should it be static?
init/main.c:162:12: warning: symbol 'envp_init' was not declared. Should it be static?
arch/arm/boot/compressed/misc.c:19:14: warning: symbol '__machine_arch_type' was not declared. Should it be static?
arch/arm/boot/compressed/misc.c:105:15: warning: symbol 'output_data' was not declared. Should it be static?
arch/arm/boot/compressed/misc.c:107:15: warning: symbol 'free_mem_ptr' was not declared. Should it be static?
arch/arm/boot/compressed/misc.c:108:15: warning: symbol 'free_mem_end_ptr' was not declared. Should it be static?
arch/arm/boot/compressed/misc.c:125:17: warning: symbol '__div0' was not declared. Should it be static?
arch/arm/boot/compressed/misc.c:130:15: warning: symbol '__stack_chk_guard' was not declared. Should it be static?
arch/arm/boot/compressed/misc.c:132:6: warning: symbol '__stack_chk_guard_setup' was not declared. Should it be static?
arch/arm/boot/compressed/misc.c:137:6: warning: symbol '__stack_chk_fail' was not declared. Should it be static?
arch/arm/boot/compressed/misc.c:146:1: warning: symbol 'decompress_kernel' was not declared. Should it be static?
include/linux/decompress/mm.h:30:30: warning: symbol 'malloc_ptr' was not declared. Should it be static?
include/linux/decompress/mm.h:31:20: warning: symbol 'malloc_count' was not declared. Should it be static?
arch/arm/boot/compressed/decompress.c:58:5: warning: symbol 'do_decompress' was not declared. Should it be static?
arch/arm/boot/compressed/atags_to_fdt.c:108:5: warning: symbol 'atags_to_fdt' was not declared. Should it be static?
test_sparse: Tue Jun 9 08:28:09 PDT 2015: succeeded on multi_v7_defconfig test_next-20150609
test_sparse: Tue Jun 9 08:28:09 PDT 2015: ended on multi_v7_defconfig test_next-20150609
