test_sparse: Wed Dec 9 00:04:22 PST 2015: started on defconfig test_next-20151209 (cd1bfb776710ceffca2ca09df029f136318c5a10)
test_sparse: Wed Dec 9 00:04:22 PST 2015: serial is 20151209000033
test_sparse: sparse version unknown (checksum d41d8cd98f00b204e9800998ecf8427e)
In file included from include/linux/completion.h:11:0,
                 from include/linux/rcupdate.h:43,
                 from include/linux/tracepoint.h:19,
                 from include/linux/mmdebug.h:6,
                 from ./arch/arm64/include/asm/cmpxchg.h:22,
                 from ./arch/arm64/include/asm/atomic.h:41,
                 from include/linux/atomic.h:4,
                 from include/linux/spinlock.h:406,
                 from include/linux/seqlock.h:35,
                 from include/linux/time.h:5,
                 from include/uapi/linux/timex.h:56,
                 from include/linux/timex.h:56,
                 from include/linux/sched.h:19,
                 from arch/arm64/kernel/asm-offsets.c:21:
include/linux/wait.h: In function ‘wait_on_atomic_t’:
include/linux/wait.h:1217:2: error: implicit declaration of function ‘atomic_read’ [-Werror=implicit-function-declaration]
  if (atomic_read(val) == 0)
  ^
In file included from include/linux/ktime.h:25:0,
                 from include/linux/rcupdate.h:47,
                 from include/linux/tracepoint.h:19,
                 from include/linux/mmdebug.h:6,
                 from ./arch/arm64/include/asm/cmpxchg.h:22,
                 from ./arch/arm64/include/asm/atomic.h:41,
                 from include/linux/atomic.h:4,
                 from include/linux/spinlock.h:406,
                 from include/linux/seqlock.h:35,
                 from include/linux/time.h:5,
                 from include/uapi/linux/timex.h:56,
                 from include/linux/timex.h:56,
                 from include/linux/sched.h:19,
                 from arch/arm64/kernel/asm-offsets.c:21:
include/linux/jiffies.h: At top level:
include/linux/jiffies.h:257:10: warning: "NSEC_PER_SEC" is not defined [-Wundef]
 #if !((((NSEC_PER_SEC << 2) / TICK_NSEC) << (SEC_JIFFIE_SC - 2)) & 0x80000000)
          ^
include/linux/jiffies.h:61:21: warning: "NSEC_PER_SEC" is not defined [-Wundef]
 #define TICK_NSEC ((NSEC_PER_SEC+HZ/2)/HZ)
                     ^
include/linux/jiffies.h:257:31: note: in expansion of macro ‘TICK_NSEC’
 #if !((((NSEC_PER_SEC << 2) / TICK_NSEC) << (SEC_JIFFIE_SC - 2)) & 0x80000000)
                               ^
include/linux/jiffies.h:61:39: error: division by zero in #if
 #define TICK_NSEC ((NSEC_PER_SEC+HZ/2)/HZ)
                                       ^
include/linux/jiffies.h:257:31: note: in expansion of macro ‘TICK_NSEC’
 #if !((((NSEC_PER_SEC << 2) / TICK_NSEC) << (SEC_JIFFIE_SC - 2)) & 0x80000000)
                               ^
include/linux/jiffies.h: In function ‘jiffies_to_nsecs’:
include/linux/jiffies.h:289:36: error: ‘NSEC_PER_USEC’ undeclared (first use in this function)
  return (u64)jiffies_to_usecs(j) * NSEC_PER_USEC;
                                    ^
include/linux/jiffies.h:289:36: note: each undeclared identifier is reported only once for each function it appears in
include/linux/jiffies.h: At top level:
include/linux/jiffies.h:293:11: warning: "MSEC_PER_SEC" is not defined [-Wundef]
 #if HZ <= MSEC_PER_SEC && !(MSEC_PER_SEC % HZ)
           ^
include/linux/jiffies.h:303:12: warning: "MSEC_PER_SEC" is not defined [-Wundef]
 #elif HZ > MSEC_PER_SEC && !(HZ % MSEC_PER_SEC)
            ^
include/linux/jiffies.h:303:35: warning: "MSEC_PER_SEC" is not defined [-Wundef]
 #elif HZ > MSEC_PER_SEC && !(HZ % MSEC_PER_SEC)
                                   ^
include/linux/jiffies.h:303:33: error: division by zero in #if
 #elif HZ > MSEC_PER_SEC && !(HZ % MSEC_PER_SEC)
                                 ^
include/linux/jiffies.h: In function ‘_msecs_to_jiffies’:
include/linux/jiffies.h:323:11: error: ‘MSEC_PER_SEC’ undeclared (first use in this function)
  if (HZ > MSEC_PER_SEC && m > jiffies_to_msecs(MAX_JIFFY_OFFSET))
           ^
include/linux/jiffies.h: At top level:
include/linux/jiffies.h:366:7: warning: "USEC_PER_SEC" is not defined [-Wundef]
 #if !(USEC_PER_SEC % HZ)
       ^
include/linux/jiffies.h: In function ‘_usecs_to_jiffies’:
include/linux/jiffies.h:369:15: error: ‘USEC_PER_SEC’ undeclared (first use in this function)
  return (u + (USEC_PER_SEC / HZ) - 1) / (USEC_PER_SEC / HZ);
               ^
include/linux/jiffies.h: At top level:
include/linux/jiffies.h:412:57: warning: ‘struct timespec64’ declared inside parameter list
 extern unsigned long timespec64_to_jiffies(const struct timespec64 *value);
                                                         ^
include/linux/jiffies.h:412:57: warning: its scope is only this definition or declaration, which is probably not what you want
include/linux/jiffies.h:414:14: warning: ‘struct timespec64’ declared inside parameter list
       struct timespec64 *value);
              ^
include/linux/jiffies.h: In function ‘timespec_to_jiffies’:
include/linux/jiffies.h:417:9: error: variable ‘ts’ has initializer but incomplete type
  struct timespec64 ts = timespec_to_timespec64(*value);
         ^
include/linux/jiffies.h:417:9: error: implicit declaration of function ‘timespec_to_timespec64’ [-Werror=implicit-function-declaration]
include/linux/jiffies.h:417:48: error: dereferencing pointer to incomplete type
  struct timespec64 ts = timespec_to_timespec64(*value);
                                                ^
include/linux/jiffies.h:417:20: error: storage size of ‘ts’ isn’t known
  struct timespec64 ts = timespec_to_timespec64(*value);
                    ^
include/linux/jiffies.h:417:20: warning: unused variable ‘ts’ [-Wunused-variable]
include/linux/jiffies.h: In function ‘jiffies_to_timespec’:
include/linux/jiffies.h:425:20: error: storage size of ‘ts’ isn’t known
  struct timespec64 ts;
                    ^
include/linux/jiffies.h:428:2: error: dereferencing pointer to incomplete type
  *value = timespec64_to_timespec(ts);
  ^
include/linux/jiffies.h:428:2: error: implicit declaration of function ‘timespec64_to_timespec’ [-Werror=implicit-function-declaration]
include/linux/jiffies.h:425:20: warning: unused variable ‘ts’ [-Wunused-variable]
  struct timespec64 ts;
                    ^
include/linux/jiffies.h: At top level:
include/linux/jiffies.h:431:54: warning: ‘struct timeval’ declared inside parameter list
 extern unsigned long timeval_to_jiffies(const struct timeval *value);
                                                      ^
include/linux/jiffies.h:433:18: warning: ‘struct timeval’ declared inside parameter list
           struct timeval *value);
                  ^
In file included from include/uapi/linux/stddef.h:1:0,
                 from include/linux/stddef.h:4,
                 from ./include/uapi/linux/posix_types.h:4,
                 from include/uapi/linux/types.h:13,
                 from include/linux/types.h:5,
                 from include/uapi/linux/capability.h:16,
                 from include/linux/capability.h:15,
                 from include/linux/sched.h:15,
                 from arch/arm64/kernel/asm-offsets.c:21:
include/linux/ktime.h: In function ‘ktime_set’:
include/linux/ktime.h:52:23: error: ‘KTIME_SEC_MAX’ undeclared (first use in this function)
  if (unlikely(secs >= KTIME_SEC_MAX))
                       ^
include/linux/compiler.h:166:42: note: in definition of macro ‘unlikely’
 # define unlikely(x) __builtin_expect(!!(x), 0)
                                          ^
In file included from include/linux/rcupdate.h:47:0,
                 from include/linux/tracepoint.h:19,
                 from include/linux/mmdebug.h:6,
                 from ./arch/arm64/include/asm/cmpxchg.h:22,
                 from ./arch/arm64/include/asm/atomic.h:41,
                 from include/linux/atomic.h:4,
                 from include/linux/spinlock.h:406,
                 from include/linux/seqlock.h:35,
                 from include/linux/time.h:5,
                 from include/uapi/linux/timex.h:56,
                 from include/linux/timex.h:56,
                 from include/linux/sched.h:19,
                 from arch/arm64/kernel/asm-offsets.c:21:
include/linux/ktime.h:53:29: error: ‘KTIME_MAX’ undeclared (first use in this function)
   return (ktime_t){ .tv64 = KTIME_MAX };
                             ^
include/linux/ktime.h:55:36: error: ‘NSEC_PER_SEC’ undeclared (first use in this function)
  return (ktime_t) { .tv64 = secs * NSEC_PER_SEC + (s64)nsecs };
                                    ^
include/linux/ktime.h: At top level:
include/linux/ktime.h:81:57: error: parameter 1 (‘ts’) has incomplete type
 static inline ktime_t timespec_to_ktime(struct timespec ts)
                                                         ^
include/linux/ktime.h:81:23: error: function declaration isn’t a prototype [-Werror=strict-prototypes]
 static inline ktime_t timespec_to_ktime(struct timespec ts)
                       ^
include/linux/ktime.h:87:50: warning: ‘struct timespec64’ declared inside parameter list
 static inline ktime_t timespec64_to_ktime(struct timespec64 ts)
                                                  ^
include/linux/ktime.h:87:61: error: parameter 1 (‘ts’) has incomplete type
 static inline ktime_t timespec64_to_ktime(struct timespec64 ts)
                                                             ^
include/linux/ktime.h:87:23: error: function declaration isn’t a prototype [-Werror=strict-prototypes]
 static inline ktime_t timespec64_to_ktime(struct timespec64 ts)
                       ^
include/linux/ktime.h:93:47: warning: ‘struct timeval’ declared inside parameter list
 static inline ktime_t timeval_to_ktime(struct timeval tv)
                                               ^
include/linux/ktime.h:93:55: error: parameter 1 (‘tv’) has incomplete type
 static inline ktime_t timeval_to_ktime(struct timeval tv)
                                                       ^
include/linux/ktime.h:93:23: error: function declaration isn’t a prototype [-Werror=strict-prototypes]
 static inline ktime_t timeval_to_ktime(struct timeval tv)
                       ^
include/linux/ktime.h: In function ‘timeval_to_ktime’:
include/linux/ktime.h:95:43: error: ‘NSEC_PER_USEC’ undeclared (first use in this function)
  return ktime_set(tv.tv_sec, tv.tv_usec * NSEC_PER_USEC);
                                           ^
include/linux/ktime.h: In function ‘ktime_to_us’:
include/linux/ktime.h:201:25: error: ‘NSEC_PER_USEC’ undeclared (first use in this function)
  return ktime_divns(kt, NSEC_PER_USEC);
                         ^
include/linux/ktime.h: In function ‘ktime_to_ms’:
include/linux/ktime.h:206:25: error: ‘NSEC_PER_MSEC’ undeclared (first use in this function)
  return ktime_divns(kt, NSEC_PER_MSEC);
                         ^
include/linux/ktime.h: In function ‘ktime_add_us’:
include/linux/ktime.h:221:33: error: ‘NSEC_PER_USEC’ undeclared (first use in this function)
  return ktime_add_ns(kt, usec * NSEC_PER_USEC);
                                 ^
include/linux/ktime.h:71:38: note: in definition of macro ‘ktime_add_ns’
   ({ (ktime_t){ .tv64 = (kt).tv64 + (nsval) }; })
                                      ^
include/linux/ktime.h: In function ‘ktime_add_ms’:
include/linux/ktime.h:226:33: error: ‘NSEC_PER_MSEC’ undeclared (first use in this function)
  return ktime_add_ns(kt, msec * NSEC_PER_MSEC);
                                 ^
include/linux/ktime.h:71:38: note: in definition of macro ‘ktime_add_ns’
   ({ (ktime_t){ .tv64 = (kt).tv64 + (nsval) }; })
                                      ^
include/linux/ktime.h: In function ‘ktime_sub_us’:
include/linux/ktime.h:231:33: error: ‘NSEC_PER_USEC’ undeclared (first use in this function)
  return ktime_sub_ns(kt, usec * NSEC_PER_USEC);
                                 ^
include/linux/ktime.h:78:38: note: in definition of macro ‘ktime_sub_ns’
   ({ (ktime_t){ .tv64 = (kt).tv64 - (nsval) }; })
                                      ^
include/linux/ktime.h: In function ‘ktime_to_timespec_cond’:
include/linux/ktime.h:248:3: error: dereferencing pointer to incomplete type
   *ts = ktime_to_timespec(kt);
   ^
include/linux/ktime.h:248:3: error: implicit declaration of function ‘ns_to_timespec’ [-Werror=implicit-function-declaration]
include/linux/ktime.h: At top level:
include/linux/ktime.h:264:21: warning: ‘struct timespec64’ declared inside parameter list
              struct timespec64 *ts)
                     ^
include/linux/ktime.h: In function ‘ktime_to_timespec64_cond’:
include/linux/ktime.h:267:3: error: dereferencing pointer to incomplete type
   *ts = ktime_to_timespec64(kt);
   ^
include/linux/ktime.h:267:3: error: implicit declaration of function ‘ns_to_timespec64’ [-Werror=implicit-function-declaration]
In file included from include/linux/ktime.h:297:0,
                 from include/linux/rcupdate.h:47,
                 from include/linux/tracepoint.h:19,
                 from include/linux/mmdebug.h:6,
                 from ./arch/arm64/include/asm/cmpxchg.h:22,
                 from ./arch/arm64/include/asm/atomic.h:41,
                 from include/linux/atomic.h:4,
                 from include/linux/spinlock.h:406,
                 from include/linux/seqlock.h:35,
                 from include/linux/time.h:5,
                 from include/uapi/linux/timex.h:56,
                 from include/linux/timex.h:56,
                 from include/linux/sched.h:19,
                 from arch/arm64/kernel/asm-offsets.c:21:
include/linux/timekeeping.h: At top level:
include/linux/timekeeping.h:12:36: warning: ‘struct timeval’ declared inside parameter list
 extern void do_gettimeofday(struct timeval *tv);
                                    ^
include/linux/timekeeping.h:13:43: warning: ‘struct timespec64’ declared inside parameter list
 extern int do_settimeofday64(const struct timespec64 *ts);
                                           ^
include/linux/timekeeping.h:15:24: warning: ‘struct timezone’ declared inside parameter list
           const struct timezone *tz);
                        ^
include/linux/timekeeping.h:25:31: error: return type is an incomplete type
 static inline struct timespec current_kernel_time(void)
                               ^
include/linux/timekeeping.h: In function ‘current_kernel_time’:
include/linux/timekeeping.h:27:9: error: variable ‘now’ has initializer but incomplete type
  struct timespec64 now = current_kernel_time64();
         ^
include/linux/timekeeping.h:27:9: error: invalid use of undefined type ‘struct timespec64’
include/linux/timekeeping.h:27:20: error: storage size of ‘now’ isn’t known
  struct timespec64 now = current_kernel_time64();
                    ^
include/linux/timekeeping.h:29:2: warning: ‘return’ with a value, in function returning void
  return timespec64_to_timespec(now);
  ^
include/linux/timekeeping.h:27:20: warning: unused variable ‘now’ [-Wunused-variable]
  struct timespec64 now = current_kernel_time64();
                    ^
include/linux/timekeeping.h: At top level:
include/linux/timekeeping.h:38:8: error: unknown type name ‘time64_t’
 extern time64_t ktime_get_seconds(void);
        ^
include/linux/timekeeping.h:39:8: error: unknown type name ‘time64_t’
 extern time64_t ktime_get_real_seconds(void);
        ^
include/linux/timekeeping.h: In function ‘do_settimeofday’:
include/linux/timekeeping.h:51:27: warning: passing argument 1 of ‘do_settimeofday64’ from incompatible pointer type
  return do_settimeofday64(ts);
                           ^
include/linux/timekeeping.h:13:12: note: expected ‘const struct timespec64 *’ but argument is of type ‘const struct timespec *’
 extern int do_settimeofday64(const struct timespec64 *ts);
            ^
include/linux/timekeeping.h: In function ‘__getnstimeofday’:
include/linux/timekeeping.h:56:28: warning: passing argument 1 of ‘__getnstimeofday64’ from incompatible pointer type
  return __getnstimeofday64(ts);
                            ^
include/linux/timekeeping.h:41:12: note: expected ‘struct timespec64 *’ but argument is of type ‘struct timespec *’
 extern int __getnstimeofday64(struct timespec64 *tv);
            ^
include/linux/timekeeping.h: In function ‘getnstimeofday’:
include/linux/timekeeping.h:61:19: warning: passing argument 1 of ‘getnstimeofday64’ from incompatible pointer type
  getnstimeofday64(ts);
                   ^
include/linux/timekeeping.h:42:13: note: expected ‘struct timespec64 *’ but argument is of type ‘struct timespec *’
 extern void getnstimeofday64(struct timespec64 *tv);
             ^
include/linux/timekeeping.h: In function ‘ktime_get_ts’:
include/linux/timekeeping.h:66:17: warning: passing argument 1 of ‘ktime_get_ts64’ from incompatible pointer type
  ktime_get_ts64(ts);
                 ^
include/linux/timekeeping.h:37:13: note: expected ‘struct timespec64 *’ but argument is of type ‘struct timespec *’
 extern void ktime_get_ts64(struct timespec64 *ts);
             ^
include/linux/timekeeping.h: In function ‘ktime_get_real_ts’:
include/linux/timekeeping.h:71:19: warning: passing argument 1 of ‘getnstimeofday64’ from incompatible pointer type
  getnstimeofday64(ts);
                   ^
include/linux/timekeeping.h:42:13: note: expected ‘struct timespec64 *’ but argument is of type ‘struct timespec *’
 extern void getnstimeofday64(struct timespec64 *tv);
             ^
include/linux/timekeeping.h: In function ‘getrawmonotonic’:
include/linux/timekeeping.h:76:20: warning: passing argument 1 of ‘getrawmonotonic64’ from incompatible pointer type
  getrawmonotonic64(ts);
                    ^
include/linux/timekeeping.h:36:13: note: expected ‘struct timespec64 *’ but argument is of type ‘struct timespec *’
 extern void getrawmonotonic64(struct timespec64 *ts);
             ^
include/linux/timekeeping.h: At top level:
include/linux/timekeeping.h:79:31: error: return type is an incomplete type
 static inline struct timespec get_monotonic_coarse(void)
                               ^
include/linux/timekeeping.h: In function ‘get_monotonic_coarse’:
include/linux/timekeeping.h:81:2: error: invalid use of undefined type ‘struct timespec64’
  return get_monotonic_coarse64();
  ^
include/linux/timekeeping.h:81:2: warning: ‘return’ with a value, in function returning void
include/linux/timekeeping.h: In function ‘getboottime’:
include/linux/timekeeping.h:86:23: warning: passing argument 1 of ‘getboottime64’ from incompatible pointer type
  return getboottime64(ts);
                       ^
include/linux/timekeeping.h:43:13: note: expected ‘struct timespec64 *’ but argument is of type ‘struct timespec *’
 extern void getboottime64(struct timespec64 *ts);
             ^
include/linux/timekeeping.h: In function ‘get_monotonic_boottime’:
include/linux/timekeeping.h:242:2: error: dereferencing pointer to incomplete type
  *ts = ktime_to_timespec(ktime_get_boottime());
  ^
include/linux/timekeeping.h: In function ‘get_monotonic_boottime64’:
include/linux/timekeeping.h:247:2: error: dereferencing pointer to incomplete type
  *ts = ktime_to_timespec64(ktime_get_boottime());
  ^
include/linux/timekeeping.h: In function ‘timekeeping_clocktai’:
include/linux/timekeeping.h:252:2: error: dereferencing pointer to incomplete type
  *ts = ktime_to_timespec(ktime_get_clocktai());
  ^
In file included from include/linux/time.h:7:0,
                 from include/uapi/linux/timex.h:56,
                 from include/linux/timex.h:56,
                 from include/linux/sched.h:19,
                 from arch/arm64/kernel/asm-offsets.c:21:
include/linux/time64.h: At top level:
include/linux/time64.h:45:31: error: conflicting types for ‘timespec64_to_timespec’
 static inline struct timespec timespec64_to_timespec(const struct timespec64 ts64)
                               ^
In file included from include/linux/ktime.h:25:0,
                 from include/linux/rcupdate.h:47,
                 from include/linux/tracepoint.h:19,
                 from include/linux/mmdebug.h:6,
                 from ./arch/arm64/include/asm/cmpxchg.h:22,
                 from ./arch/arm64/include/asm/atomic.h:41,
                 from include/linux/atomic.h:4,
                 from include/linux/spinlock.h:406,
                 from include/linux/seqlock.h:35,
                 from include/linux/time.h:5,
                 from include/uapi/linux/timex.h:56,
                 from include/linux/timex.h:56,
                 from include/linux/sched.h:19,
                 from arch/arm64/kernel/asm-offsets.c:21:
include/linux/jiffies.h:428:11: note: previous implicit declaration of ‘timespec64_to_timespec’ was here
  *value = timespec64_to_timespec(ts);
           ^
In file included from include/linux/time.h:7:0,
                 from include/uapi/linux/timex.h:56,
                 from include/linux/timex.h:56,
                 from include/linux/sched.h:19,
                 from arch/arm64/kernel/asm-offsets.c:21:
include/linux/time64.h:50:33: error: conflicting types for ‘timespec_to_timespec64’
 static inline struct timespec64 timespec_to_timespec64(const struct timespec ts)
                                 ^
In file included from include/linux/ktime.h:25:0,
                 from include/linux/rcupdate.h:47,
                 from include/linux/tracepoint.h:19,
                 from include/linux/mmdebug.h:6,
                 from ./arch/arm64/include/asm/cmpxchg.h:22,
                 from ./arch/arm64/include/asm/atomic.h:41,
                 from include/linux/atomic.h:4,
                 from include/linux/spinlock.h:406,
                 from include/linux/seqlock.h:35,
                 from include/linux/time.h:5,
                 from include/uapi/linux/timex.h:56,
                 from include/linux/timex.h:56,
                 from include/linux/sched.h:19,
                 from arch/arm64/kernel/asm-offsets.c:21:
include/linux/jiffies.h:417:25: note: previous implicit declaration of ‘timespec_to_timespec64’ was here
  struct timespec64 ts = timespec_to_timespec64(*value);
                         ^
In file included from include/uapi/linux/timex.h:56:0,
                 from include/linux/timex.h:56,
                 from include/linux/sched.h:19,
                 from arch/arm64/kernel/asm-offsets.c:21:
include/linux/time.h:215:24: error: conflicting types for ‘ns_to_timespec’
 extern struct timespec ns_to_timespec(const s64 nsec);
                        ^
In file included from include/linux/rcupdate.h:47:0,
                 from include/linux/tracepoint.h:19,
                 from include/linux/mmdebug.h:6,
                 from ./arch/arm64/include/asm/cmpxchg.h:22,
                 from ./arch/arm64/include/asm/atomic.h:41,
                 from include/linux/atomic.h:4,
                 from include/linux/spinlock.h:406,
                 from include/linux/seqlock.h:35,
                 from include/linux/time.h:5,
                 from include/uapi/linux/timex.h:56,
                 from include/linux/timex.h:56,
                 from include/linux/sched.h:19,
                 from arch/arm64/kernel/asm-offsets.c:21:
include/linux/ktime.h:99:32: note: previous implicit declaration of ‘ns_to_timespec’ was here
 #define ktime_to_timespec(kt)  ns_to_timespec((kt).tv64)
                                ^
include/linux/ktime.h:248:9: note: in expansion of macro ‘ktime_to_timespec’
   *ts = ktime_to_timespec(kt);
         ^
cc1: some warnings being treated as errors
make[1]: *** [arch/arm64/kernel/asm-offsets.s] Error 1
make: *** [prepare0] Error 2
make: *** Waiting for unfinished jobs....
test_sparse: Wed Dec 9 00:04:26 PST 2015: FAILED on defconfig test_next-20151209
test_sparse: Wed Dec 9 00:04:26 PST 2015: ended on defconfig test_next-20151209
