test_sparse: Tue Jun 30 23:18:05 PDT 2015: started on multi_v7_defconfig test_next-20150701 (2e0a48c9d54c4e9cdb9282b520c759f93443cba9)
test_sparse: Tue Jun 30 23:18:05 PDT 2015: serial is 20150630231534
test_sparse: sparse version unknown (checksum d41d8cd98f00b204e9800998ecf8427e)
/bin/sh: 1: sparse: not found
make[2]: *** [scripts/mod/empty.o] Error 127
make[2]: *** Waiting for unfinished jobs....
make[1]: *** [scripts/mod] Error 2
make[1]: *** Waiting for unfinished jobs....
<stdin>:1253:2: warning: #warning syscall userfaultfd not implemented [-Wcpp]
make: *** [scripts] Error 2
test_sparse: Tue Jun 30 23:18:11 PDT 2015: FAILED on multi_v7_defconfig test_next-20150701
test_sparse: Tue Jun 30 23:18:11 PDT 2015: ended on multi_v7_defconfig test_next-20150701
