test_sparse: Wed Oct 16 13:33:48 PDT 2013: started on tegra_defconfig test_next-20131007 (test_next-20131007)
test_sparse: Wed Oct 16 13:33:48 PDT 2013: serial is 20131016132543
test_sparse: sparse version unknown (checksum d41d8cd98f00b204e9800998ecf8427e)
/bin/sh: 1: sparse: not found
make[2]: *** [scripts/mod/empty.o] Error 127
make[2]: *** Waiting for unfinished jobs....
make[1]: *** [scripts/mod] Error 2
make[1]: *** Waiting for unfinished jobs....
make: *** [scripts] Error 2
make: *** Waiting for unfinished jobs....
test_sparse: Wed Oct 16 13:33:52 PDT 2013: FAILED on tegra_defconfig test_next-20131007
test_sparse: Wed Oct 16 13:33:52 PDT 2013: ended on tegra_defconfig test_next-20131007
