test_build: Thu Feb 25 23:17:16 PST 2016: started on defconfig test_next-20160226 (4639ea604f53d9804b19ec75d13648c8be3698da)
test_build: Thu Feb 25 23:17:16 PST 2016: serial is 20160225231534
drivers/built-in.o: In function `uefi_init':
/home/pwalmsley/prod_build/build/temp/test_next-20160226/20160225231534/linux/drivers/firmware/efi/arm-init.c:64: undefined reference to `early_memremap_ro'
/home/pwalmsley/prod_build/build/temp/test_next-20160226/20160225231534/linux/drivers/firmware/efi/arm-init.c:89: undefined reference to `early_memremap_ro'
/home/pwalmsley/prod_build/build/temp/test_next-20160226/20160225231534/linux/drivers/firmware/efi/arm-init.c:103: undefined reference to `early_memremap_ro'
drivers/built-in.o: In function `efi_init':
/home/pwalmsley/prod_build/build/temp/test_next-20160226/20160225231534/linux/drivers/firmware/efi/arm-init.c:188: undefined reference to `early_memremap_ro'
make: *** [vmlinux] Error 1
test_build: Thu Feb 25 23:20:22 PST 2016: FAILED on defconfig test_next-20160226
test_build: Thu Feb 25 23:20:22 PST 2016: ended on defconfig test_next-20160226
