test_build: Mon Mar 23 02:34:01 PDT 2015: started on tegra_defconfig%tegra20,114_mergeconfig test_next-20150323 (899e56ad58f544e115070a7b4bd7b2dafc646936)
test_build: Mon Mar 23 02:34:01 PDT 2015: serial is 20150323023034
sound/soc/soc-dapm.c: In function ‘snd_soc_dapm_new_pcm’:
sound/soc/soc-dapm.c:3390:5: warning: passing argument 1 of ‘snprintf’ discards ‘const’ qualifier from pointer target type [enabled by default]
In file included from include/linux/list.h:8:0,
                 from include/linux/module.h:9,
                 from sound/soc/soc-dapm.c:26:
include/linux/kernel.h:392:5: note: expected ‘char *’ but argument is of type ‘const char *’
/home/pwalmsley/test_build/build/toolchains/gcc-linaro-arm-linux-gnueabihf-4.7-2013.04-20130415_linux/bin/arm-linux-gnueabihf-ld:./arch/arm/kernel/vmlinux.lds:534: syntax error
make: *** [vmlinux] Error 1
test_build: Mon Mar 23 02:35:41 PDT 2015: FAILED on tegra_defconfig%tegra20,114_mergeconfig test_next-20150323
test_build: Mon Mar 23 02:35:41 PDT 2015: ended on tegra_defconfig%tegra20,114_mergeconfig test_next-20150323
test_build: Mon Mar 23 02:36:49 PDT 2015: started on tegra_defconfig%tegra30,114_mergeconfig test_next-20150323 (899e56ad58f544e115070a7b4bd7b2dafc646936)
test_build: Mon Mar 23 02:36:49 PDT 2015: serial is 20150323023034
sound/soc/soc-dapm.c: In function ‘snd_soc_dapm_new_pcm’:
sound/soc/soc-dapm.c:3390:5: warning: passing argument 1 of ‘snprintf’ discards ‘const’ qualifier from pointer target type [enabled by default]
In file included from include/linux/list.h:8:0,
                 from include/linux/module.h:9,
                 from sound/soc/soc-dapm.c:26:
include/linux/kernel.h:392:5: note: expected ‘char *’ but argument is of type ‘const char *’
/home/pwalmsley/test_build/build/toolchains/gcc-linaro-arm-linux-gnueabihf-4.7-2013.04-20130415_linux/bin/arm-linux-gnueabihf-ld:./arch/arm/kernel/vmlinux.lds:534: syntax error
make: *** [vmlinux] Error 1
test_build: Mon Mar 23 02:39:32 PDT 2015: FAILED on tegra_defconfig%tegra30,114_mergeconfig test_next-20150323
test_build: Mon Mar 23 02:39:32 PDT 2015: ended on tegra_defconfig%tegra30,114_mergeconfig test_next-20150323
test_build: Mon Mar 23 02:33:58 PDT 2015: started on tegra_defconfig%tegra30_mergeconfig test_next-20150323 (899e56ad58f544e115070a7b4bd7b2dafc646936)
test_build: Mon Mar 23 02:33:58 PDT 2015: serial is 20150323023034
sound/soc/soc-dapm.c: In function ‘snd_soc_dapm_new_pcm’:
sound/soc/soc-dapm.c:3390:5: warning: passing argument 1 of ‘snprintf’ discards ‘const’ qualifier from pointer target type [enabled by default]
In file included from include/linux/list.h:8:0,
                 from include/linux/module.h:9,
                 from sound/soc/soc-dapm.c:26:
include/linux/kernel.h:392:5: note: expected ‘char *’ but argument is of type ‘const char *’
/home/pwalmsley/test_build/build/toolchains/gcc-linaro-arm-linux-gnueabihf-4.7-2013.04-20130415_linux/bin/arm-linux-gnueabihf-ld:./arch/arm/kernel/vmlinux.lds:534: syntax error
make: *** [vmlinux] Error 1
test_build: Mon Mar 23 02:37:11 PDT 2015: FAILED on tegra_defconfig%tegra30_mergeconfig test_next-20150323
test_build: Mon Mar 23 02:37:11 PDT 2015: ended on tegra_defconfig%tegra30_mergeconfig test_next-20150323
test_build: Mon Mar 23 02:35:46 PDT 2015: started on tegra_defconfig%tegra20,30_mergeconfig test_next-20150323 (899e56ad58f544e115070a7b4bd7b2dafc646936)
test_build: Mon Mar 23 02:35:46 PDT 2015: serial is 20150323023034
sound/soc/soc-dapm.c: In function ‘snd_soc_dapm_new_pcm’:
sound/soc/soc-dapm.c:3390:5: warning: passing argument 1 of ‘snprintf’ discards ‘const’ qualifier from pointer target type [enabled by default]
In file included from include/linux/list.h:8:0,
                 from include/linux/module.h:9,
                 from sound/soc/soc-dapm.c:26:
include/linux/kernel.h:392:5: note: expected ‘char *’ but argument is of type ‘const char *’
/home/pwalmsley/test_build/build/toolchains/gcc-linaro-arm-linux-gnueabihf-4.7-2013.04-20130415_linux/bin/arm-linux-gnueabihf-ld:./arch/arm/kernel/vmlinux.lds:534: syntax error
make: *** [vmlinux] Error 1
test_build: Mon Mar 23 02:37:25 PDT 2015: FAILED on tegra_defconfig%tegra20,30_mergeconfig test_next-20150323
test_build: Mon Mar 23 02:37:25 PDT 2015: ended on tegra_defconfig%tegra20,30_mergeconfig test_next-20150323
test_build: Mon Mar 23 02:37:18 PDT 2015: started on tegra_defconfig%tegra124_mergeconfig test_next-20150323 (899e56ad58f544e115070a7b4bd7b2dafc646936)
test_build: Mon Mar 23 02:37:18 PDT 2015: serial is 20150323023034
sound/soc/soc-dapm.c: In function ‘snd_soc_dapm_new_pcm’:
sound/soc/soc-dapm.c:3390:5: warning: passing argument 1 of ‘snprintf’ discards ‘const’ qualifier from pointer target type [enabled by default]
In file included from include/linux/list.h:8:0,
                 from include/linux/module.h:9,
                 from sound/soc/soc-dapm.c:26:
include/linux/kernel.h:392:5: note: expected ‘char *’ but argument is of type ‘const char *’
/home/pwalmsley/test_build/build/toolchains/gcc-linaro-arm-linux-gnueabihf-4.7-2013.04-20130415_linux/bin/arm-linux-gnueabihf-ld:./arch/arm/kernel/vmlinux.lds:534: syntax error
make: *** [vmlinux] Error 1
test_build: Mon Mar 23 02:40:36 PDT 2015: FAILED on tegra_defconfig%tegra124_mergeconfig test_next-20150323
test_build: Mon Mar 23 02:40:36 PDT 2015: ended on tegra_defconfig%tegra124_mergeconfig test_next-20150323
test_build: Mon Mar 23 02:33:58 PDT 2015: started on tegra_defconfig%tegra114_mergeconfig test_next-20150323 (899e56ad58f544e115070a7b4bd7b2dafc646936)
test_build: Mon Mar 23 02:33:58 PDT 2015: serial is 20150323023034
sound/soc/soc-dapm.c: In function ‘snd_soc_dapm_new_pcm’:
sound/soc/soc-dapm.c:3390:5: warning: passing argument 1 of ‘snprintf’ discards ‘const’ qualifier from pointer target type [enabled by default]
In file included from include/linux/list.h:8:0,
                 from include/linux/module.h:9,
                 from sound/soc/soc-dapm.c:26:
include/linux/kernel.h:392:5: note: expected ‘char *’ but argument is of type ‘const char *’
/home/pwalmsley/test_build/build/toolchains/gcc-linaro-arm-linux-gnueabihf-4.7-2013.04-20130415_linux/bin/arm-linux-gnueabihf-ld:./arch/arm/kernel/vmlinux.lds:534: syntax error
make: *** [vmlinux] Error 1
test_build: Mon Mar 23 02:36:40 PDT 2015: FAILED on tegra_defconfig%tegra114_mergeconfig test_next-20150323
test_build: Mon Mar 23 02:36:40 PDT 2015: ended on tegra_defconfig%tegra114_mergeconfig test_next-20150323
test_build: Mon Mar 23 02:31:02 PDT 2015: started on multi_v7_defconfig test_next-20150323 (899e56ad58f544e115070a7b4bd7b2dafc646936)
test_build: Mon Mar 23 02:31:02 PDT 2015: serial is 20150323023034
sound/soc/soc-dapm.c: In function ‘snd_soc_dapm_new_pcm’:
sound/soc/soc-dapm.c:3390:5: warning: passing argument 1 of ‘snprintf’ discards ‘const’ qualifier from pointer target type [enabled by default]
In file included from include/linux/list.h:8:0,
                 from include/linux/module.h:9,
                 from sound/soc/soc-dapm.c:26:
include/linux/kernel.h:392:5: note: expected ‘char *’ but argument is of type ‘const char *’
In file included from drivers/dma/xilinx/xilinx_vdma.c:26:0:
include/linux/dmapool.h:18:4: warning: ‘struct device’ declared inside parameter list [enabled by default]
include/linux/dmapool.h:18:4: warning: its scope is only this definition or declaration, which is probably not what you want [enabled by default]
include/linux/dmapool.h:31:7: warning: ‘struct device’ declared inside parameter list [enabled by default]
drivers/dma/xilinx/xilinx_vdma.c: In function ‘xilinx_vdma_alloc_chan_resources’:
drivers/dma/xilinx/xilinx_vdma.c:504:24: warning: passing argument 2 of ‘dma_pool_create’ from incompatible pointer type [enabled by default]
In file included from drivers/dma/xilinx/xilinx_vdma.c:26:0:
include/linux/dmapool.h:17:18: note: expected ‘struct device *’ but argument is of type ‘struct device *’
/home/pwalmsley/test_build/build/toolchains/gcc-linaro-arm-linux-gnueabihf-4.7-2013.04-20130415_linux/bin/arm-linux-gnueabihf-ld:./arch/arm/kernel/vmlinux.lds:534: syntax error
make: *** [vmlinux] Error 1
test_build: Mon Mar 23 02:32:49 PDT 2015: FAILED on multi_v7_defconfig test_next-20150323
test_build: Mon Mar 23 02:32:49 PDT 2015: ended on multi_v7_defconfig test_next-20150323
test_build: Mon Mar 23 02:31:05 PDT 2015: started on tegra_defconfig%tegra20_mergeconfig test_next-20150323 (899e56ad58f544e115070a7b4bd7b2dafc646936)
test_build: Mon Mar 23 02:31:05 PDT 2015: serial is 20150323023034
sound/soc/soc-dapm.c: In function ‘snd_soc_dapm_new_pcm’:
sound/soc/soc-dapm.c:3390:5: warning: passing argument 1 of ‘snprintf’ discards ‘const’ qualifier from pointer target type [enabled by default]
In file included from include/linux/list.h:8:0,
                 from include/linux/module.h:9,
                 from sound/soc/soc-dapm.c:26:
include/linux/kernel.h:392:5: note: expected ‘char *’ but argument is of type ‘const char *’
/home/pwalmsley/test_build/build/toolchains/gcc-linaro-arm-linux-gnueabihf-4.7-2013.04-20130415_linux/bin/arm-linux-gnueabihf-ld:./arch/arm/kernel/vmlinux.lds:534: syntax error
make: *** [vmlinux] Error 1
test_build: Mon Mar 23 02:33:50 PDT 2015: FAILED on tegra_defconfig%tegra20_mergeconfig test_next-20150323
test_build: Mon Mar 23 02:33:50 PDT 2015: ended on tegra_defconfig%tegra20_mergeconfig test_next-20150323
test_build: Mon Mar 23 02:31:02 PDT 2015: started on tegra_defconfig test_next-20150323 (899e56ad58f544e115070a7b4bd7b2dafc646936)
test_build: Mon Mar 23 02:31:02 PDT 2015: serial is 20150323023034
sound/soc/soc-dapm.c: In function ‘snd_soc_dapm_new_pcm’:
sound/soc/soc-dapm.c:3390:5: warning: passing argument 1 of ‘snprintf’ discards ‘const’ qualifier from pointer target type [enabled by default]
In file included from include/linux/list.h:8:0,
                 from include/linux/module.h:9,
                 from sound/soc/soc-dapm.c:26:
include/linux/kernel.h:392:5: note: expected ‘char *’ but argument is of type ‘const char *’
/home/pwalmsley/test_build/build/toolchains/gcc-linaro-arm-linux-gnueabihf-4.7-2013.04-20130415_linux/bin/arm-linux-gnueabihf-ld:./arch/arm/kernel/vmlinux.lds:534: syntax error
make: *** [vmlinux] Error 1
test_build: Mon Mar 23 02:33:34 PDT 2015: FAILED on tegra_defconfig test_next-20150323
test_build: Mon Mar 23 02:33:34 PDT 2015: ended on tegra_defconfig test_next-20150323
