test_sparse: Mon Jun 29 21:47:50 PDT 2015: started on tegra_defconfig test_next-20150629 (e3984319760987beee59b1d017416671ebb89b4c)
test_sparse: Mon Jun 29 21:47:50 PDT 2015: serial is 20150629214534
test_sparse: sparse version unknown (checksum d41d8cd98f00b204e9800998ecf8427e)
/bin/sh: 1: sparse: not found
make[2]: *** [scripts/mod/empty.o] Error 127
make[1]: *** [scripts/mod] Error 2
make[1]: *** Waiting for unfinished jobs....
make: *** [scripts] Error 2
make: *** Waiting for unfinished jobs....
test_sparse: Mon Jun 29 21:47:55 PDT 2015: FAILED on tegra_defconfig test_next-20150629
test_sparse: Mon Jun 29 21:47:55 PDT 2015: ended on tegra_defconfig test_next-20150629
