test_build: Tue Mar 31 06:19:16 PDT 2015: started on tegra_defconfig%tegra20,30_mergeconfig test_next-20150331 (b448f49ac6731dc0dcda6848b696c49785a6b65f)
test_build: Tue Mar 31 06:19:16 PDT 2015: serial is 20150331061533
mm/migrate.c: In function ‘migrate_pages’:
mm/migrate.c:1148:1: internal compiler error: in push_minipool_fix, at config/arm/arm.c:13498
Please submit a full bug report,
with preprocessed source if appropriate.
See <https://bugs.launchpad.net/gcc-linaro> for instructions.
make[1]: *** [mm/migrate.o] Error 1
make: *** [mm] Error 2
make: *** Waiting for unfinished jobs....
test_build: Tue Mar 31 06:22:15 PDT 2015: FAILED on tegra_defconfig%tegra20,30_mergeconfig test_next-20150331
test_build: Tue Mar 31 06:22:15 PDT 2015: ended on tegra_defconfig%tegra20,30_mergeconfig test_next-20150331
