test_sparse: Mon May 25 05:57:37 PDT 2015: started on tegra_defconfig test_next-20150525 (c20184734e3d6c34a3c2fe87a63afe50b89a2fd1)
test_sparse: Mon May 25 05:57:37 PDT 2015: serial is 20150525054533
test_sparse: sparse version unknown (checksum d41d8cd98f00b204e9800998ecf8427e)
/bin/sh: 1: sparse: not found
make[2]: *** [scripts/mod/empty.o] Error 127
make[1]: *** [scripts/mod] Error 2
make[1]: *** Waiting for unfinished jobs....
<stdin>:1253:2: warning: #warning syscall userfaultfd not implemented [-Wcpp]
make: *** [scripts] Error 2
test_sparse: Mon May 25 05:57:44 PDT 2015: FAILED on tegra_defconfig test_next-20150525
test_sparse: Mon May 25 05:57:44 PDT 2015: ended on tegra_defconfig test_next-20150525
