test_sparse: Wed Jul 22 03:18:06 PDT 2015: started on defconfig test_next-20150716 (6593e2dcdedd0493e1b1fcb419609d2101c4d0be)
test_sparse: Wed Jul 22 03:18:06 PDT 2015: serial is 20150722031533
test_sparse: sparse version unknown (checksum d41d8cd98f00b204e9800998ecf8427e)
/bin/sh: 1: sparse: not found
make[2]: *** [scripts/mod/empty.o] Error 127
make[1]: *** [scripts/mod] Error 2
make[1]: *** Waiting for unfinished jobs....
make: *** [scripts] Error 2
make: *** Waiting for unfinished jobs....
<stdin>:1253:2: warning: #warning syscall userfaultfd not implemented [-Wcpp]
test_sparse: Wed Jul 22 03:18:13 PDT 2015: FAILED on defconfig test_next-20150716
test_sparse: Wed Jul 22 03:18:13 PDT 2015: ended on defconfig test_next-20150716
