test_sparse: Tue May 26 01:53:20 PDT 2015: started on tegra_defconfig test_next-20150526 (70c79951b36bb1bba5b64241170f94b9130491e2)
test_sparse: Tue May 26 01:53:20 PDT 2015: serial is 20150526014533
test_sparse: sparse version unknown (checksum d41d8cd98f00b204e9800998ecf8427e)
/bin/sh: 1: sparse: not found
make[2]: *** [scripts/mod/empty.o] Error 127
make[1]: *** [scripts/mod] Error 2
make[1]: *** Waiting for unfinished jobs....
make: *** [scripts] Error 2
make: *** Waiting for unfinished jobs....
test_sparse: Tue May 26 01:53:26 PDT 2015: FAILED on tegra_defconfig test_next-20150526
test_sparse: Tue May 26 01:53:26 PDT 2015: ended on tegra_defconfig test_next-20150526
