test_sparse: Wed Sep 2 01:48:00 PDT 2015: started on tegra_defconfig test_next-20150902 (0e658695ffd1b8e0396ae3e4ee8bcea8ae597242)
test_sparse: Wed Sep 2 01:48:00 PDT 2015: serial is 20150902014533
test_sparse: sparse version unknown (checksum d41d8cd98f00b204e9800998ecf8427e)
<stdin>:1298:2: warning: #warning syscall userfaultfd not implemented [-Wcpp]
<stdin>:1301:2: warning: #warning syscall mlock2 not implemented [-Wcpp]
<stdin>:1304:2: warning: #warning syscall membarrier not implemented [-Wcpp]
init/do_mounts.c:8:2: warning: "Sparse checking disabled for this file"
init/do_mounts_initrd.c:8:2: warning: "Sparse checking disabled for this file"
init/initramfs.c:8:2: warning: "Sparse checking disabled for this file"
init/calibrate.c:260:37: warning: symbol 'calibrate_delay_is_known' was not declared. Should it be static?
init/calibrate.c:270:28: warning: symbol 'calibration_delay_done' was not declared. Should it be static?
arch/arm/vfp/vfpmodule.c:41:6: warning: symbol 'vfp_vector' was not declared. Should it be static?
arch/arm/vfp/vfpmodule.c:48:14: warning: symbol 'VFP_arch' was not declared. Should it be static?
arch/arm/vfp/vfpmodule.c:59:17: warning: symbol 'vfp_current_hw_state' was not declared. Should it be static?
arch/arm/vfp/vfpmodule.c:336:6: warning: symbol 'VFP_bounce' was not declared. Should it be static?
arch/arm/vfp/vfpmodule.c:665:6: warning: symbol 'vfp_kmode_exception' was not declared. Should it be static?
init/init_task.c:18:32: warning: Initializer entry defined twice
init/init_task.c:18:32:   also defined here
init/main.c:162:12: warning: symbol 'envp_init' was not declared. Should it be static?
arch/arm/vdso/vgettimeofday.c:199:13: warning: symbol '__vdso_clock_gettime' was not declared. Should it be static?
arch/arm/vdso/vgettimeofday.c:246:13: warning: symbol '__vdso_gettimeofday' was not declared. Should it be static?
arch/arm/vdso/vgettimeofday.c:272:6: warning: symbol '__aeabi_unwind_cpp_pr0' was not declared. Should it be static?
arch/arm/vdso/vgettimeofday.c:276:6: warning: symbol '__aeabi_unwind_cpp_pr1' was not declared. Should it be static?
arch/arm/vdso/vgettimeofday.c:280:6: warning: symbol '__aeabi_unwind_cpp_pr2' was not declared. Should it be static?
arch/arm/kernel/irq.c:48:15: warning: symbol 'irq_err_count' was not declared. Should it be static?
arch/arm/mm/fault.c:545:1: warning: symbol 'do_DataAbort' was not declared. Should it be static?
arch/arm/mm/fault.c:578:1: warning: symbol 'do_PrefetchAbort' was not declared. Should it be static?
arch/arm/mm/init.c:502:1: error: directive in argument list
arch/arm/mm/init.c:505:1: error: directive in argument list
arch/arm/mm/init.c:509:1: error: directive in argument list
arch/arm/mm/init.c:511:1: error: directive in argument list
arch/arm/mm/init.c:512:1: error: directive in argument list
arch/arm/mm/init.c:514:1: error: directive in argument list
arch/arm/mm/init.c:522:1: error: directive in argument list
arch/arm/mm/init.c:525:1: error: directive in argument list
arch/arm/mm/init.c:529:1: error: directive in argument list
arch/arm/mm/init.c:532:1: error: directive in argument list
arch/arm/mm/init.c:533:1: error: directive in argument list
arch/arm/mm/init.c:535:1: error: directive in argument list
arch/arm/kernel/process.c:186:1: warning: symbol 'thread_notify_head' was not declared. Should it be static?
arch/arm/kernel/process.c:310:15: warning: symbol 'arch_randomize_brk' was not declared. Should it be static?
arch/arm/mm/iomap.c:12:15: warning: symbol 'vga_base' was not declared. Should it be static?
arch/arm/kernel/ptrace.c:931:16: warning: symbol 'syscall_trace_enter' was not declared. Should it be static?
arch/arm/kernel/ptrace.c:958:17: warning: symbol 'syscall_trace_exit' was not declared. Should it be static?
arch/arm/mach-tegra/irq.c:39:6: warning: symbol 'tegra_pending_sgi' was not declared. Should it be static?
arch/arm/kernel/reboot.c:23:6: warning: symbol 'arm_pm_restart' was not declared. Should it be static?
arch/arm/kernel/reboot.c:79:6: warning: symbol 'soft_restart' was not declared. Should it be static?
kernel/fork.c:107:5: warning: symbol 'max_threads' was not declared. Should it be static?
kernel/fork.c:132:13: warning: symbol 'arch_release_task_struct' was not declared. Should it be static?
kernel/fork.c:150:13: warning: symbol 'arch_release_thread_info' was not declared. Should it be static?
kernel/fork.c:265:20: warning: symbol 'arch_task_cache_init' was not declared. Should it be static?
kernel/fork.c:295:13: warning: symbol 'fork_init' was not declared. Should it be static?
kernel/fork.c:318:12: warning: symbol 'arch_dup_task_struct' was not declared. Should it be static?
include/linux/sched.h:552:37: warning: implicit cast to nocast type
kernel/fork.c:1222:41: warning: implicit cast to nocast type
kernel/fork.c:1223:41: warning: implicit cast to nocast type
kernel/fork.c:1348:42: warning: implicit cast to nocast type
kernel/fork.c:1349:43: warning: implicit cast to nocast type
include/linux/sched.h:552:37: warning: implicit cast to nocast type
arch/arm/mm/flush.c:388:6: warning: symbol '__flush_anon_page' was not declared. Should it be static?
arch/arm/mach-tegra/reset.c:71:9: error: subtraction of functions? Share your drugs
arch/arm/mach-tegra/reset.c:74:25: error: subtraction of functions? Share your drugs
arch/arm/mach-tegra/pm.c:124:27: warning: incorrect type in initializer (different address spaces)
arch/arm/mach-tegra/pm.c:124:27:    expected unsigned int [usertype] *cpu_in_lp2
arch/arm/mach-tegra/pm.c:124:27:    got void [noderef] <asn:2>*
arch/arm/mach-tegra/pm.c:138:35: warning: incorrect type in initializer (different address spaces)
arch/arm/mach-tegra/pm.c:138:35:    expected struct cpumask [usertype] *cpu_lp2_mask
arch/arm/mach-tegra/pm.c:138:35:    got void [noderef] <asn:2>*
arch/arm/mach-tegra/pm.c:139:27: warning: incorrect type in initializer (different address spaces)
arch/arm/mach-tegra/pm.c:139:27:    expected unsigned int [usertype] *cpu_in_lp2
arch/arm/mach-tegra/pm.c:139:27:    got void [noderef] <asn:2>*
arch/arm/mach-tegra/pm.c:155:5: warning: symbol 'tegra_cpu_do_idle' was not declared. Should it be static?
arch/arm/mach-tegra/pm.c:293:32: warning: incorrect type in argument 2 (different address spaces)
arch/arm/mach-tegra/pm.c:293:32:    expected void const *<noident>
arch/arm/mach-tegra/pm.c:293:32:    got void [noderef] <asn:2>*
arch/arm/mach-tegra/pm.c:295:16: warning: incorrect type in argument 1 (different address spaces)
arch/arm/mach-tegra/pm.c:295:16:    expected void *<noident>
arch/arm/mach-tegra/pm.c:295:16:    got void [noderef] <asn:2>*
arch/arm/mach-tegra/pm.c:298:12: warning: cast removes address space of expression
arch/arm/mach-tegra/pm.c:304:16: warning: incorrect type in argument 1 (different address spaces)
arch/arm/mach-tegra/pm.c:304:16:    expected void *<noident>
arch/arm/mach-tegra/pm.c:304:16:    got void [noderef] <asn:2>*
arch/arm/mach-tegra/pm.c:307:11: warning: cast removes address space of expression
arch/arm/mach-tegra/cpuidle.c:51:6: warning: symbol 'tegra_cpuidle_pcie_irqs_in_use' was not declared. Should it be static?
arch/arm/mach-tegra/tegra.c:65:5: warning: symbol 'tegra_uart_config' was not declared. Should it be static?
kernel/cpu.c:287:9: warning: context imbalance in 'clear_tasks_mm_cpumask' - different lock contexts for basic block
kernel/panic.c:57:13: warning: symbol 'panic_smp_self_stop' was not declared. Should it be static?
kernel/panic.c:71:6: error: symbol 'panic' redeclared with different type (originally declared at include/linux/kernel.h:257) - different modifiers
arch/arm/mach-tegra/cpuidle-tegra20.c:216:6: warning: symbol 'tegra20_cpuidle_pcie_irqs_in_use' was not declared. Should it be static?
arch/arm/mach-tegra/cpuidle-tegra20.c:223:12: warning: symbol 'tegra20_cpuidle_init' was not declared. Should it be static?
arch/arm/kernel/setup.c:93:14: warning: symbol '__atags_pointer' was not declared. Should it be static?
arch/arm/kernel/setup.c:136:5: warning: symbol '__cpu_architecture' was not declared. Should it be static?
arch/arm/kernel/setup.c:1160:29: warning: symbol 'cpuinfo_op' was not declared. Should it be static?
arch/arm/mach-tegra/cpuidle-tegra30.c:144:12: warning: symbol 'tegra30_cpuidle_init' was not declared. Should it be static?
arch/arm/mm/mmap.c:172:15: warning: symbol 'arch_mmap_rnd' was not declared. Should it be static?
arch/arm/kernel/signal.c:189:16: warning: symbol 'sys_sigreturn' was not declared. Should it be static?
arch/arm/kernel/signal.c:219:16: warning: symbol 'sys_rt_sigreturn' was not declared. Should it be static?
arch/arm/kernel/signal.c:563:1: warning: symbol 'do_work_pending' was not declared. Should it be static?
arch/arm/kernel/signal.c:602:13: warning: symbol 'get_signal_page' was not declared. Should it be static?
arch/arm/mach-tegra/hotplug.c:24:5: warning: symbol 'tegra_cpu_kill' was not declared. Should it be static?
arch/arm/mach-tegra/hotplug.c:40:12: warning: symbol 'tegra_cpu_die' was not declared. Should it be static?
kernel/exit.c:126:28: warning: incorrect type in argument 2 (different modifiers)
kernel/exit.c:126:28:    expected unsigned long [nocast] [usertype] *utime
kernel/exit.c:126:28:    got unsigned long *<noident>
kernel/exit.c:126:28: warning: implicit cast to nocast type
kernel/exit.c:126:36: warning: incorrect type in argument 3 (different modifiers)
kernel/exit.c:126:36:    expected unsigned long [nocast] [usertype] *stime
kernel/exit.c:126:36:    got unsigned long *<noident>
kernel/exit.c:126:36: warning: implicit cast to nocast type
kernel/exit.c:653:6: error: symbol 'do_exit' redeclared with different type (originally declared at include/linux/kernel.h:263) - different modifiers
kernel/exit.c:832:6: error: symbol 'complete_and_exit' redeclared with different type (originally declared at include/linux/kernel.h:265) - different modifiers
kernel/softirq.c:748:36: warning: incorrect type in initializer (different address spaces)
kernel/softirq.c:748:36:    expected struct task_struct [noderef] <asn:3>**store
kernel/softirq.c:748:36:    got struct task_struct *[noderef] [toplevel] <asn:3>*<noident>
arch/arm/mach-tegra/cpuidle-tegra114.c:91:12: warning: symbol 'tegra114_cpuidle_init' was not declared. Should it be static?
arch/arm/kernel/sys_arm.c:35:17: warning: symbol 'sys_arm_fadvise64_64' was not declared. Should it be static?
arch/arm/mm/mmu.c:56:10: warning: symbol 'user_pmd_table' was not declared. Should it be static?
arch/arm/mm/mmu.c:133:13: warning: symbol 'init_default_cache_policy' was not declared. Should it be static?
arch/arm/mm/mmu.c:1110:13: warning: symbol 'sanity_check_meminfo' was not declared. Should it be static?
arch/arm/mm/mmu.c:1517:13: warning: symbol 'early_paging_init' was not declared. Should it be static?
arch/arm/mm/mmu.c:1569:13: warning: symbol 'paging_init' was not declared. Should it be static?
arch/arm/mm/pageattr.c:68:5: warning: symbol 'set_memory_ro' was not declared. Should it be static?
arch/arm/mm/pageattr.c:75:5: warning: symbol 'set_memory_rw' was not declared. Should it be static?
arch/arm/mm/pageattr.c:82:5: warning: symbol 'set_memory_nx' was not declared. Should it be static?
arch/arm/mm/pageattr.c:89:5: warning: symbol 'set_memory_x' was not declared. Should it be static?
arch/arm/kernel/time.c:115:13: warning: symbol 'time_init' was not declared. Should it be static?
arch/arm/kernel/traps.c:123:37: warning: incorrect type in argument 1 (different address spaces)
arch/arm/kernel/traps.c:123:37:    expected void const volatile [noderef] <asn:1>*<noident>
arch/arm/kernel/traps.c:123:37:    got unsigned long *<noident>
arch/arm/kernel/traps.c:156:31: warning: incorrect type in argument 1 (different address spaces)
arch/arm/kernel/traps.c:156:31:    expected void const volatile [noderef] <asn:1>*<noident>
arch/arm/kernel/traps.c:156:31:    got unsigned short [usertype] *
arch/arm/kernel/traps.c:158:31: warning: incorrect type in argument 1 (different address spaces)
arch/arm/kernel/traps.c:158:31:    expected void const volatile [noderef] <asn:1>*<noident>
arch/arm/kernel/traps.c:158:31:    got unsigned int [usertype] *
arch/arm/kernel/traps.c:425:33: warning: cast removes address space of expression
arch/arm/kernel/traps.c:406:29: warning: symbol 'do_undefinstr' was not declared. Should it be static?
arch/arm/kernel/traps.c:476:39: warning: symbol 'handle_fiq_as_nmi' was not declared. Should it be static?
arch/arm/kernel/traps.c:495:17: warning: symbol 'bad_mode' was not declared. Should it be static?
arch/arm/kernel/traps.c:562:14: warning: incorrect type in argument 1 (different base types)
arch/arm/kernel/traps.c:562:14:    expected void const volatile [noderef] <asn:1>*<noident>
arch/arm/kernel/traps.c:562:14:    got unsigned long [unsigned] start
arch/arm/kernel/traps.c:573:16: warning: symbol 'arm_syscall' was not declared. Should it be static?
arch/arm/kernel/traps.c:757:1: warning: symbol 'baddataabort' was not declared. Should it be static?
arch/arm/kernel/traps.c:801:17: warning: symbol '__div0' was not declared. Should it be static?
arch/arm/kernel/traps.c:808:6: warning: symbol 'abort' was not declared. Should it be static?
mm/filemap.c:2115:35: warning: symbol 'generic_file_vm_ops' was not declared. Should it be static?
arch/arm/kernel/atags_proc.c:27:13: warning: symbol 'save_atags' was not declared. Should it be static?
arch/arm/kernel/bios32.c:58:6: warning: symbol 'pcibios_report_status' was not declared. Should it be static?
arch/arm/mm/copypage-v6.c:125:21: warning: symbol 'v6_user_fns' was not declared. Should it be static?
arch/arm/kernel/suspend.c:55:6: warning: symbol '__cpu_suspend_save' was not declared. Should it be static?
arch/arm/kernel/smp.c:531:6: warning: symbol 'arch_irq_work_raise' was not declared. Should it be static?
arch/arm/kernel/smp.c:692:5: warning: symbol 'setup_profiling_timer' was not declared. Should it be static?
arch/arm/kernel/arch_timer.c:34:12: warning: symbol 'arch_timer_arch_init' was not declared. Should it be static?
arch/arm/kernel/machine_kexec.c:64:23: warning: cast removes address space of expression
arch/arm/kernel/machine_kexec.c:64:23: warning: cast removes address space of expression
arch/arm/kernel/machine_kexec.c:64:23: warning: incorrect type in initializer (different address spaces)
arch/arm/kernel/machine_kexec.c:64:23:    expected unsigned int const [noderef] <asn:1>*register __p
arch/arm/kernel/machine_kexec.c:64:23:    got unsigned int [usertype] *<noident>
arch/arm/kernel/machine_kexec.c:64:23: warning: cast removes address space of expression
arch/arm/kernel/machine_kexec.c:78:6: warning: symbol 'machine_crash_nonpanic_core' was not declared. Should it be static?
arch/arm/kernel/unwind.c:53:6: warning: symbol '__aeabi_unwind_cpp_pr0' was not declared. Should it be static?
arch/arm/kernel/unwind.c:58:6: warning: symbol '__aeabi_unwind_cpp_pr1' was not declared. Should it be static?
arch/arm/kernel/unwind.c:63:6: warning: symbol '__aeabi_unwind_cpp_pr2' was not declared. Should it be static?
arch/arm/kernel/devtree.c:69:13: warning: symbol 'arm_dt_init_cpu_maps' was not declared. Should it be static?
arch/arm/kernel/devtree.c:204:27: warning: symbol 'setup_machine_fdt' was not declared. Should it be static?
arch/arm/kernel/swp_emulate.c:123:23: warning: incorrect type in assignment (different address spaces)
arch/arm/kernel/swp_emulate.c:123:23:    expected void [noderef] <asn:1>*[assigned] [usertype] _addr
arch/arm/kernel/swp_emulate.c:123:23:    got void *<noident>
arch/arm/kernel/swp_emulate.c:213:14: warning: incorrect type in argument 1 (different base types)
arch/arm/kernel/swp_emulate.c:213:14:    expected void const volatile [noderef] <asn:1>*<noident>
arch/arm/kernel/swp_emulate.c:213:14:    got unsigned int
arch/arm/kernel/topology.c:45:15: warning: symbol 'arch_scale_cpu_capacity' was not declared. Should it be static?
arch/arm/kernel/topology.c:192:22: warning: symbol 'cpu_corepower_mask' was not declared. Should it be static?
arch/arm/kernel/perf_event_v7.c:174:9: warning: Initializer entry defined twice
arch/arm/kernel/perf_event_v7.c:175:10:   also defined here
arch/arm/kernel/perf_event_v7.c:187:9: warning: Initializer entry defined twice
arch/arm/kernel/perf_event_v7.c:194:10:   also defined here
arch/arm/kernel/perf_event_v7.c:223:9: warning: Initializer entry defined twice
arch/arm/kernel/perf_event_v7.c:224:10:   also defined here
arch/arm/kernel/perf_event_v7.c:237:9: warning: Initializer entry defined twice
arch/arm/kernel/perf_event_v7.c:244:10:   also defined here
arch/arm/kernel/perf_event_v7.c:267:9: warning: Initializer entry defined twice
arch/arm/kernel/perf_event_v7.c:268:10:   also defined here
arch/arm/kernel/perf_event_v7.c:279:9: warning: Initializer entry defined twice
arch/arm/kernel/perf_event_v7.c:281:10:   also defined here
arch/arm/kernel/perf_event_v7.c:313:9: warning: Initializer entry defined twice
arch/arm/kernel/perf_event_v7.c:314:10:   also defined here
arch/arm/kernel/perf_event_v7.c:326:9: warning: Initializer entry defined twice
arch/arm/kernel/perf_event_v7.c:328:10:   also defined here
arch/arm/kernel/perf_event_v7.c:362:9: warning: Initializer entry defined twice
arch/arm/kernel/perf_event_v7.c:363:10:   also defined here
arch/arm/kernel/perf_event_v7.c:375:9: warning: Initializer entry defined twice
arch/arm/kernel/perf_event_v7.c:382:10:   also defined here
arch/arm/kernel/perf_event_v7.c:411:9: warning: Initializer entry defined twice
arch/arm/kernel/perf_event_v7.c:412:10:   also defined here
arch/arm/kernel/perf_event_v7.c:424:9: warning: Initializer entry defined twice
arch/arm/kernel/perf_event_v7.c:426:10:   also defined here
arch/arm/kernel/perf_event_v7.c:461:9: warning: Initializer entry defined twice
arch/arm/kernel/perf_event_v7.c:462:10:   also defined here
arch/arm/kernel/perf_event_v7.c:470:9: warning: Initializer entry defined twice
arch/arm/kernel/perf_event_v7.c:471:10:   also defined here
arch/arm/kernel/perf_event_v7.c:480:9: warning: Initializer entry defined twice
arch/arm/kernel/perf_event_v7.c:487:10:   also defined here
arch/arm/kernel/perf_event_v7.c:511:9: warning: Initializer entry defined twice
arch/arm/kernel/perf_event_v7.c:512:10:   also defined here
arch/arm/kernel/perf_event_v7.c:522:9: warning: Initializer entry defined twice
arch/arm/kernel/perf_event_v7.c:528:10:   also defined here
kernel/ptrace.c:762:9: warning: context imbalance in 'ptrace_resume' - different lock contexts for basic block
kernel/ptrace.c:1023:9: warning: context imbalance in 'ptrace_request' - different lock contexts for basic block
kernel/user.c:77:19: warning: symbol 'uidhash_table' was not declared. Should it be static?
kernel/signal.c:1662:28: warning: incorrect type in argument 2 (different modifiers)
kernel/signal.c:1662:28:    expected unsigned long [nocast] [usertype] *utime
kernel/signal.c:1662:28:    got unsigned long *<noident>
kernel/signal.c:1662:28: warning: implicit cast to nocast type
kernel/signal.c:1662:36: warning: incorrect type in argument 3 (different modifiers)
kernel/signal.c:1662:36:    expected unsigned long [nocast] [usertype] *stime
kernel/signal.c:1662:36:    got unsigned long *<noident>
kernel/signal.c:1662:36: warning: implicit cast to nocast type
kernel/signal.c:1747:28: warning: incorrect type in argument 2 (different modifiers)
kernel/signal.c:1747:28:    expected unsigned long [nocast] [usertype] *utime
kernel/signal.c:1747:28:    got unsigned long *<noident>
kernel/signal.c:1747:28: warning: implicit cast to nocast type
kernel/signal.c:1747:36: warning: incorrect type in argument 3 (different modifiers)
kernel/signal.c:1747:36:    expected unsigned long [nocast] [usertype] *stime
kernel/signal.c:1747:36:    got unsigned long *<noident>
kernel/signal.c:1747:36: warning: implicit cast to nocast type
kernel/signal.c:1255:23: warning: context imbalance in '__lock_task_sighand' - different lock contexts for basic block
kernel/signal.c:1992:13: warning: context imbalance in 'do_signal_stop' - different lock contexts for basic block
kernel/signal.c:2241:25: warning: context imbalance in 'get_signal' - unexpected unlock
kernel/sys.c:886:49: warning: incorrect type in argument 2 (different modifiers)
kernel/sys.c:886:49:    expected unsigned long [nocast] [usertype] *ut
kernel/sys.c:886:49:    got unsigned long *<noident>
kernel/sys.c:886:49: warning: implicit cast to nocast type
kernel/sys.c:886:59: warning: incorrect type in argument 3 (different modifiers)
kernel/sys.c:886:59:    expected unsigned long [nocast] [usertype] *st
kernel/sys.c:886:59:    got unsigned long *<noident>
kernel/sys.c:886:59: warning: implicit cast to nocast type
kernel/sys.c:1550:25: warning: implicit cast to nocast type
kernel/sys.c:1553:49: warning: incorrect type in argument 2 (different modifiers)
kernel/sys.c:1553:49:    expected unsigned long [nocast] [usertype] *ut
kernel/sys.c:1553:49:    got unsigned long *<noident>
kernel/sys.c:1553:49: warning: implicit cast to nocast type
kernel/sys.c:1553:57: warning: incorrect type in argument 3 (different modifiers)
kernel/sys.c:1553:57:    expected unsigned long [nocast] [usertype] *st
kernel/sys.c:1553:57:    got unsigned long *<noident>
kernel/sys.c:1553:57: warning: implicit cast to nocast type
kernel/sys.c:1579:51: warning: incorrect type in argument 2 (different modifiers)
kernel/sys.c:1579:51:    expected unsigned long [nocast] [usertype] *ut
kernel/sys.c:1579:51:    got unsigned long *<noident>
kernel/sys.c:1579:51: warning: implicit cast to nocast type
kernel/sys.c:1579:61: warning: incorrect type in argument 3 (different modifiers)
kernel/sys.c:1579:61:    expected unsigned long [nocast] [usertype] *st
kernel/sys.c:1579:61:    got unsigned long *<noident>
kernel/sys.c:1579:61: warning: implicit cast to nocast type
fs/open.c:898:18: warning: restricted fmode_t degrades to integer
kernel/workqueue.c:4154:61: warning: expression using sizeof bool
kernel/pid.c:48:5: warning: symbol 'pid_max' was not declared. Should it be static?
kernel/pid.c:52:5: warning: symbol 'pid_max_min' was not declared. Should it be static?
kernel/pid.c:53:5: warning: symbol 'pid_max_max' was not declared. Should it be static?
ipc/util.c:152:29: warning: context imbalance in 'ipc_findkey' - wrong count at exit
ipc/util.c:220:5: warning: context imbalance in 'ipc_addid' - different lock contexts for basic block
ipc/util.c:372:27: warning: context imbalance in 'ipcget_public' - unexpected unlock
ipc/util.c:579:22: warning: context imbalance in 'ipc_lock' - different lock contexts for basic block
ipc/util.c:746:29: warning: context imbalance in 'sysvipc_find_ipc' - different lock contexts for basic block
ipc/util.c:784:27: warning: context imbalance in 'sysvipc_proc_next' - unexpected unlock
ipc/util.c:828:27: warning: context imbalance in 'sysvipc_proc_stop' - unexpected unlock
kernel/extable.c:39:26: warning: symbol 'main_extable_sort_needed' was not declared. Should it be static?
include/linux/rcupdate.h:912:9: warning: context imbalance in 'find_lock_task_mm' - wrong count at exit
mm/oom_kill.c:165:28: warning: context imbalance in 'oom_badness' - unexpected unlock
mm/oom_kill.c:351:9: warning: context imbalance in 'dump_tasks' - different lock contexts for basic block
include/linux/rcupdate.h:912:9: warning: context imbalance in 'oom_kill_process' - unexpected unlock
security/commoncap.c:984:41: warning: dubious: !x | y
ipc/msgutil.c:57:16: error: incompatible types in comparison expression (different type sizes)
ipc/msgutil.c:69:24: error: incompatible types in comparison expression (different type sizes)
ipc/msgutil.c:97:16: error: incompatible types in comparison expression (different type sizes)
ipc/msgutil.c:104:24: error: incompatible types in comparison expression (different type sizes)
ipc/msgutil.c:158:16: error: incompatible types in comparison expression (different type sizes)
ipc/msgutil.c:165:24: error: incompatible types in comparison expression (different type sizes)
fs/read_write.c:38:29: warning: incorrect type in return expression (different base types)
fs/read_write.c:38:29:    expected int
fs/read_write.c:38:29:    got restricted fmode_t
fs/read_write.c:38:29: warning: incorrect type in return expression (different base types)
fs/read_write.c:38:29:    expected int
fs/read_write.c:38:29:    got restricted fmode_t
fs/read_write.c:38:29: warning: incorrect type in return expression (different base types)
fs/read_write.c:38:29:    expected int
fs/read_write.c:38:29:    got restricted fmode_t
fs/read_write.c:38:29: warning: incorrect type in return expression (different base types)
fs/read_write.c:38:29:    expected int
fs/read_write.c:38:29:    got restricted fmode_t
mm/page_alloc.c:6016:1: error: directive in argument list
mm/page_alloc.c:6018:1: error: directive in argument list
mm/page_alloc.c:6025:1: error: directive in argument list
mm/page_alloc.c:6027:1: error: directive in argument list
kernel/smpboot.c:171:36: warning: incorrect type in initializer (different address spaces)
kernel/smpboot.c:171:36:    expected void const [noderef] <asn:3>*__vpp_verify
kernel/smpboot.c:171:36:    got struct task_struct [noderef] <asn:3>**<noident>
kernel/smpboot.c:171:35: warning: incorrect type in initializer (different address spaces)
kernel/smpboot.c:171:35:    expected struct task_struct *tsk
kernel/smpboot.c:171:35:    got struct task_struct [noderef] <asn:3>*<noident>
kernel/smpboot.c:190:10: warning: incorrect type in initializer (different address spaces)
kernel/smpboot.c:190:10:    expected void const [noderef] <asn:3>*__vpp_verify
kernel/smpboot.c:190:10:    got struct task_struct [noderef] <asn:3>**<noident>
kernel/smpboot.c:190:38: warning: incorrect type in assignment (different address spaces)
kernel/smpboot.c:190:38:    expected struct task_struct [noderef] <asn:3>*<noident>
kernel/smpboot.c:190:38:    got struct task_struct *[assigned] tsk
kernel/smpboot.c:223:36: warning: incorrect type in initializer (different address spaces)
kernel/smpboot.c:223:36:    expected void const [noderef] <asn:3>*__vpp_verify
kernel/smpboot.c:223:36:    got struct task_struct [noderef] <asn:3>**<noident>
kernel/smpboot.c:223:35: warning: incorrect type in initializer (different address spaces)
kernel/smpboot.c:223:35:    expected struct task_struct *tsk
kernel/smpboot.c:223:35:    got struct task_struct [noderef] <asn:3>*<noident>
kernel/smpboot.c:243:36: warning: incorrect type in initializer (different address spaces)
kernel/smpboot.c:243:36:    expected void const [noderef] <asn:3>*__vpp_verify
kernel/smpboot.c:243:36:    got struct task_struct [noderef] <asn:3>**<noident>
kernel/smpboot.c:243:35: warning: incorrect type in initializer (different address spaces)
kernel/smpboot.c:243:35:    expected struct task_struct *tsk
kernel/smpboot.c:243:35:    got struct task_struct [noderef] <asn:3>*<noident>
kernel/smpboot.c:265:44: warning: incorrect type in initializer (different address spaces)
kernel/smpboot.c:265:44:    expected void const [noderef] <asn:3>*__vpp_verify
kernel/smpboot.c:265:44:    got struct task_struct [noderef] <asn:3>**<noident>
kernel/smpboot.c:265:43: warning: incorrect type in initializer (different address spaces)
kernel/smpboot.c:265:43:    expected struct task_struct *tsk
kernel/smpboot.c:265:43:    got struct task_struct [noderef] <asn:3>*<noident>
kernel/smpboot.c:270:26: warning: incorrect type in initializer (different address spaces)
kernel/smpboot.c:270:26:    expected void const [noderef] <asn:3>*__vpp_verify
kernel/smpboot.c:270:26:    got struct task_struct [noderef] <asn:3>**<noident>
ipc/msg.c:148:9: warning: context imbalance in 'newque' - unexpected unlock
ipc/msg.c:213:13: warning: context imbalance in 'freeque' - unexpected unlock
ipc/msg.c:409:9: warning: context imbalance in 'msgctl_down' - different lock contexts for basic block
ipc/sem.c:547:9: warning: context imbalance in 'newary' - unexpected unlock
ipc/sem.c:1130:17: warning: context imbalance in 'freeary' - unexpected unlock
ipc/sem.c:1583:9: warning: context imbalance in 'semctl_down' - different lock contexts for basic block
ipc/sem.c:1688:24: warning: context imbalance in 'find_alloc_undo' - wrong count at exit
include/linux/rcupdate.h:912:9: warning: context imbalance in 'SyS_semtimedop' - unexpected unlock
kernel/bpf/core.c:435:43: error: arithmetics on pointers to functions
kernel/irq/irqdesc.c:533:17: warning: context imbalance in '__irq_get_desc_lock' - wrong count at exit
kernel/irq/irqdesc.c:557:6: warning: context imbalance in '__irq_put_desc_unlock' - unexpected unlock
kernel/events/ring_buffer.c:105:5: warning: context imbalance in 'perf_output_begin' - different lock contexts for basic block
kernel/events/ring_buffer.c:218:6: warning: context imbalance in 'perf_output_end' - unexpected unlock
kernel/events/core.c:325:26: warning: function 'perf_pmu_name' with external linkage has definition
kernel/events/core.c:199:6: warning: symbol 'update_perf_cpu_limits' was not declared. Should it be static?
kernel/events/core.c:719:1: warning: symbol 'perf_cgroup_switch' was not declared. Should it be static?
kernel/events/core.c:821:22: warning: incorrect type in initializer (different address spaces)
kernel/events/core.c:821:22:    expected void const [noderef] <asn:3>*__vpp_verify
kernel/events/core.c:821:22:    got int *<noident>
kernel/events/core.c:828:22: warning: incorrect type in initializer (different address spaces)
kernel/events/core.c:828:22:    expected void const [noderef] <asn:3>*__vpp_verify
kernel/events/core.c:828:22:    got int *<noident>
kernel/events/core.c:343:16: warning: incorrect type in initializer (different address spaces)
kernel/events/core.c:343:16:    expected void const [noderef] <asn:3>*__vpp_verify
kernel/events/core.c:343:16:    got struct perf_cpu_context *<noident>
kernel/events/core.c:343:16: warning: incorrect type in initializer (different address spaces)
kernel/events/core.c:343:16:    expected void const [noderef] <asn:3>*__vpp_verify
kernel/events/core.c:343:16:    got struct perf_cpu_context *<noident>
kernel/events/core.c:343:16: warning: incorrect type in initializer (different address spaces)
kernel/events/core.c:343:16:    expected void const [noderef] <asn:3>*__vpp_verify
kernel/events/core.c:343:16:    got struct perf_cpu_context *<noident>
kernel/events/core.c:343:16: warning: incorrect type in initializer (different address spaces)
kernel/events/core.c:343:16:    expected void const [noderef] <asn:3>*__vpp_verify
kernel/events/core.c:343:16:    got struct perf_cpu_context *<noident>
kernel/events/core.c:343:16: warning: incorrect type in initializer (different address spaces)
kernel/events/core.c:343:16:    expected void const [noderef] <asn:3>*__vpp_verify
kernel/events/core.c:343:16:    got struct perf_cpu_context *<noident>
kernel/events/core.c:343:16: warning: incorrect type in initializer (different address spaces)
kernel/events/core.c:343:16:    expected void const [noderef] <asn:3>*__vpp_verify
kernel/events/core.c:343:16:    got struct perf_cpu_context *<noident>
kernel/events/core.c:343:16: warning: incorrect type in initializer (different address spaces)
kernel/events/core.c:343:16:    expected void const [noderef] <asn:3>*__vpp_verify
kernel/events/core.c:343:16:    got struct perf_cpu_context *<noident>
kernel/events/core.c:2604:34: warning: incorrect type in initializer (different address spaces)
kernel/events/core.c:2604:34:    expected void const [noderef] <asn:3>*__vpp_verify
kernel/events/core.c:2604:34:    got struct perf_cpu_context *<noident>
kernel/events/core.c:343:16: warning: incorrect type in initializer (different address spaces)
kernel/events/core.c:343:16:    expected void const [noderef] <asn:3>*__vpp_verify
kernel/events/core.c:343:16:    got struct perf_cpu_context *<noident>
kernel/events/core.c:343:16: warning: incorrect type in initializer (different address spaces)
kernel/events/core.c:343:16:    expected void const [noderef] <asn:3>*__vpp_verify
kernel/events/core.c:343:16:    got struct perf_cpu_context *<noident>
kernel/events/core.c:3399:26: warning: incorrect type in initializer (different address spaces)
kernel/events/core.c:3399:26:    expected void const [noderef] <asn:3>*__vpp_verify
kernel/events/core.c:3399:26:    got struct perf_cpu_context *<noident>
kernel/events/core.c:4309:13: warning: symbol 'arch_perf_update_userpage' was not declared. Should it be static?
kernel/events/internal.h:173:46: warning: incorrect type in argument 2 (different address spaces)
kernel/events/internal.h:173:46:    expected void const [noderef] <asn:1>*from
kernel/events/internal.h:173:46:    got void const *src
kernel/events/core.c:5560:26: warning: incorrect type in initializer (different address spaces)
kernel/events/core.c:5560:26:    expected void const [noderef] <asn:3>*__vpp_verify
kernel/events/core.c:5560:26:    got struct perf_cpu_context *<noident>
kernel/events/core.c:7309:35: warning: incorrect type in return expression (different address spaces)
kernel/events/core.c:7309:35:    expected struct perf_cpu_context [noderef] <asn:3>*
kernel/events/core.c:7309:35:    got struct perf_cpu_context *[noderef] pmu_cpu_context
kernel/events/core.c:7322:26: warning: incorrect type in initializer (different address spaces)
kernel/events/core.c:7322:26:    expected void const [noderef] <asn:3>*__vpp_verify
kernel/events/core.c:7322:26:    got struct perf_cpu_context *<noident>
kernel/events/core.c:7344:24: warning: incorrect type in argument 1 (different address spaces)
kernel/events/core.c:7344:24:    expected void [noderef] <asn:3>*__pdata
kernel/events/core.c:7344:24:    got struct perf_cpu_context *[noderef] pmu_cpu_context
kernel/events/core.c:7397:26: warning: incorrect type in initializer (different address spaces)
kernel/events/core.c:7397:26:    expected void const [noderef] <asn:3>*__vpp_verify
kernel/events/core.c:7397:26:    got struct perf_cpu_context *<noident>
kernel/events/core.c:7466:32: warning: incorrect type in assignment (different address spaces)
kernel/events/core.c:7466:32:    expected int *[noderef] pmu_disable_count
kernel/events/core.c:7466:32:    got int [noderef] <asn:3>*<noident>
kernel/events/core.c:7491:30: warning: incorrect type in assignment (different address spaces)
kernel/events/core.c:7491:30:    expected struct perf_cpu_context *[noderef] pmu_cpu_context
kernel/events/core.c:7491:30:    got struct perf_cpu_context [noderef] <asn:3>*
kernel/events/core.c:7496:30: warning: incorrect type in assignment (different address spaces)
kernel/events/core.c:7496:30:    expected struct perf_cpu_context *[noderef] pmu_cpu_context
kernel/events/core.c:7496:30:    got struct perf_cpu_context [noderef] <asn:3>*<noident>
kernel/events/core.c:7503:26: warning: incorrect type in initializer (different address spaces)
kernel/events/core.c:7503:26:    expected void const [noderef] <asn:3>*__vpp_verify
kernel/events/core.c:7503:26:    got struct perf_cpu_context *<noident>
kernel/events/core.c:7557:24: warning: incorrect type in argument 1 (different address spaces)
kernel/events/core.c:7557:24:    expected void [noderef] <asn:3>*__pdata
kernel/events/core.c:7557:24:    got int *[noderef] pmu_disable_count
kernel/events/core.c:7575:24: warning: incorrect type in argument 1 (different address spaces)
kernel/events/core.c:7575:24:    expected void [noderef] <asn:3>*__pdata
kernel/events/core.c:7575:24:    got int *[noderef] pmu_disable_count
kernel/events/core.c:7614:12: warning: symbol 'perf_init_event' was not declared. Should it be static?
kernel/events/core.c:8480:20: warning: incorrect type in initializer (different address spaces)
kernel/events/core.c:8480:20:    expected void const [noderef] <asn:3>*__vpp_verify
kernel/events/core.c:8480:20:    got struct perf_cpu_context *<noident>
kernel/events/core.c:8481:20: warning: incorrect type in initializer (different address spaces)
kernel/events/core.c:8481:20:    expected void const [noderef] <asn:3>*__vpp_verify
kernel/events/core.c:8481:20:    got struct perf_cpu_context *<noident>
kernel/events/core.c:9117:24: warning: incorrect type in initializer (different address spaces)
kernel/events/core.c:9117:24:    expected void const [noderef] <asn:3>*__vpp_verify
kernel/events/core.c:9117:24:    got struct perf_cpu_context *<noident>
kernel/events/core.c:350:9: warning: context imbalance in 'perf_ctx_lock' - wrong count at exit
kernel/events/core.c:358:17: warning: context imbalance in 'perf_ctx_unlock' - unexpected unlock
kernel/events/core.c:1088:9: warning: context imbalance in 'perf_lock_task_context' - wrong count at exit
kernel/events/core.c:1104:17: warning: context imbalance in 'perf_pin_task_context' - unexpected unlock
kernel/events/core.c:2063:25: warning: context imbalance in '__perf_install_in_context' - unexpected unlock
kernel/events/core.c:3430:17: warning: context imbalance in 'find_get_context' - unexpected unlock
kernel/events/core.c:5573:17: warning: dereference of noderef expression
kernel/events/core.c:7309:32: warning: dereference of noderef expression
kernel/events/core.c:7338:21: warning: dereference of noderef expression
kernel/events/core.c:7338:43: warning: dereference of noderef expression
kernel/events/core.c:7344:21: warning: dereference of noderef expression
kernel/events/core.c:7467:14: warning: dereference of noderef expression
kernel/events/core.c:7492:13: warning: dereference of noderef expression
kernel/events/core.c:7497:14: warning: dereference of noderef expression
kernel/events/core.c:7557:21: warning: dereference of noderef expression
kernel/events/core.c:7575:21: warning: dereference of noderef expression
fs/super.c:1202:9: warning: dubious: x & !y
ipc/shm.c:95:17: warning: context imbalance in 'do_shm_rmid' - unexpected unlock
ipc/shm.c:162:9: warning: context imbalance in 'shm_open' - unexpected unlock
ipc/shm.c:212:13: warning: context imbalance in 'shm_destroy' - unexpected unlock
ipc/shm.c:269:17: warning: context imbalance in 'shm_close' - unexpected unlock
ipc/shm.c:274:12: warning: context imbalance in 'shm_try_destroy_orphaned' - different lock contexts for basic block
ipc/shm.c:337:9: warning: context imbalance in 'exit_shm' - different lock contexts for basic block
./arch/arm/include/asm/thread_info.h:94:9: warning: context imbalance in 'newseg' - unexpected unlock
ipc/shm.c:829:9: warning: context imbalance in 'shmctl_down' - different lock contexts for basic block
ipc/shm.c:1199:17: warning: context imbalance in 'do_shmat' - unexpected unlock
kernel/irq/spurious.c:47:17: warning: context imbalance in 'irq_wait_for_poll' - unexpected unlock
crypto/cipher.c:70:24: warning: Variable length array is used.
kernel/irq/chip.c:722:1: warning: symbol '__irq_do_set_handler' was not declared. Should it be static?
kernel/events/hw_breakpoint.c:83:12: warning: symbol 'hw_breakpoint_weight' was not declared. Should it be static?
kernel/events/hw_breakpoint.c:231:13: warning: symbol 'arch_unregister_hw_breakpoint' was not declared. Should it be static?
fs/exec.c:421:31: warning: incorrect type in return expression (different address spaces)
fs/exec.c:421:31:    expected char const [noderef] <asn:1>*
fs/exec.c:421:31:    got void *
include/linux/rcupdate.h:912:9: warning: context imbalance in 'terminate_walk' - unexpected unlock
include/linux/rcupdate.h:912:9: warning: context imbalance in 'unlazy_walk' - unexpected unlock
include/linux/rcupdate.h:912:9: warning: context imbalance in 'unlazy_link' - unexpected unlock
fs/namei.c:1990:19: warning: context imbalance in 'path_init' - different lock contexts for basic block
./arch/arm/include/asm/spinlock.h:80:9: warning: context imbalance in '_raw_spin_lock' - wrong count at exit
./arch/arm/include/asm/spinlock.h:80:9: warning: context imbalance in '_raw_spin_lock_irqsave' - wrong count at exit
./arch/arm/include/asm/spinlock.h:80:9: warning: context imbalance in '_raw_spin_lock_irq' - wrong count at exit
./arch/arm/include/asm/spinlock.h:80:9: warning: context imbalance in '_raw_spin_lock_bh' - wrong count at exit
kernel/locking/spinlock.c:181:17: warning: context imbalance in '_raw_spin_unlock' - unexpected unlock
kernel/locking/spinlock.c:189:17: warning: context imbalance in '_raw_spin_unlock_irqrestore' - unexpected unlock
kernel/locking/spinlock.c:197:17: warning: context imbalance in '_raw_spin_unlock_irq' - unexpected unlock
kernel/locking/spinlock.c:205:17: warning: context imbalance in '_raw_spin_unlock_bh' - unexpected unlock
kernel/locking/spinlock.c:221:17: warning: context imbalance in '_raw_read_lock' - wrong count at exit
kernel/locking/spinlock.c:229:26: warning: context imbalance in '_raw_read_lock_irqsave' - wrong count at exit
kernel/locking/spinlock.c:237:17: warning: context imbalance in '_raw_read_lock_irq' - wrong count at exit
kernel/locking/spinlock.c:245:17: warning: context imbalance in '_raw_read_lock_bh' - wrong count at exit
include/linux/rwlock_api_smp.h:226:9: warning: context imbalance in '_raw_read_unlock' - unexpected unlock
include/linux/rwlock_api_smp.h:234:9: warning: context imbalance in '_raw_read_unlock_irqrestore' - unexpected unlock
include/linux/rwlock_api_smp.h:242:9: warning: context imbalance in '_raw_read_unlock_irq' - unexpected unlock
include/linux/rwlock_api_smp.h:250:9: warning: context imbalance in '_raw_read_unlock_bh' - unexpected unlock
kernel/locking/spinlock.c:293:17: warning: context imbalance in '_raw_write_lock' - wrong count at exit
kernel/locking/spinlock.c:301:26: warning: context imbalance in '_raw_write_lock_irqsave' - wrong count at exit
kernel/locking/spinlock.c:309:17: warning: context imbalance in '_raw_write_lock_irq' - wrong count at exit
kernel/locking/spinlock.c:317:17: warning: context imbalance in '_raw_write_lock_bh' - wrong count at exit
kernel/locking/spinlock.c:325:17: warning: context imbalance in '_raw_write_unlock' - unexpected unlock
kernel/locking/spinlock.c:333:17: warning: context imbalance in '_raw_write_unlock_irqrestore' - unexpected unlock
kernel/locking/spinlock.c:341:17: warning: context imbalance in '_raw_write_unlock_irq' - unexpected unlock
kernel/locking/spinlock.c:349:17: warning: context imbalance in '_raw_write_unlock_bh' - unexpected unlock
block/blk-core.c:1073:24: warning: context imbalance in '__get_request' - unexpected unlock
block/blk-core.c:1211:23: warning: context imbalance in 'blk_old_get_request' - different lock contexts for basic block
block/blk-core.c:1611:13: warning: context imbalance in 'blk_queue_bio' - different lock contexts for basic block
block/blk-core.c:3212:17: warning: context imbalance in 'blk_flush_plug_list' - unexpected unlock
crypto/skcipher.c:94:5: warning: symbol 'crypto_init_skcipher_ops_blkcipher' was not declared. Should it be static?
crypto/skcipher.c:185:5: warning: symbol 'crypto_init_skcipher_ops_ablkcipher' was not declared. Should it be static?
fs/dcache.c:348:9: warning: context imbalance in 'dentry_iput' - different lock contexts for basic block
fs/dcache.c:542:28: warning: context imbalance in '__dentry_kill' - unexpected unlock
fs/dcache.c:569:22: warning: context imbalance in 'dentry_kill' - wrong count at exit
fs/dcache.c:796:9: warning: context imbalance in 'dput' - unexpected unlock
fs/dcache.c:923:18: warning: context imbalance in 'd_prune_aliases' - different lock contexts for basic block
fs/dcache.c:966:44: warning: context imbalance in 'shrink_dentry_list' - unexpected unlock
fs/dcache.c:1103:24: warning: context imbalance in 'dentry_lru_isolate_shrink' - different lock contexts for basic block
fs/dcache.c:1263:22: warning: context imbalance in 'd_walk' - different lock contexts for basic block
fs/dcache.c:1789:31: warning: context imbalance in 'd_instantiate' - different lock contexts for basic block
fs/dcache.c:1856:9: warning: context imbalance in 'd_instantiate_unique' - different lock contexts for basic block
fs/dcache.c:2556:9: warning: context imbalance in 'dentry_lock_for_move' - wrong count at exit
fs/dcache.c:2568:28: warning: context imbalance in 'dentry_unlock_for_move' - unexpected unlock
fs/dcache.c:2976:9: warning: context imbalance in 'prepend_path' - wrong count at exit
include/linux/err.h:23:20: warning: context imbalance in '__dentry_path' - different lock contexts for basic block
fs/inode.c:724:17: warning: context imbalance in 'inode_lru_isolate' - unexpected unlock
fs/inode.c:780:9: warning: context imbalance in 'find_inode' - different lock contexts for basic block
fs/inode.c:807:9: warning: context imbalance in 'find_inode_fast' - different lock contexts for basic block
fs/inode.c:1341:5: warning: context imbalance in 'insert_inode_locked' - wrong count at exit
fs/inode.c:1383:5: warning: context imbalance in 'insert_inode_locked4' - wrong count at exit
fs/inode.c:1475:20: warning: context imbalance in 'iput_final' - unexpected unlock
fs/inode.c:1489:6: warning: context imbalance in 'iput' - wrong count at exit
fs/inode.c:1825:13: warning: context imbalance in '__wait_on_freeing_inode' - unexpected unlock
kernel/printk/printk.c:245:1: warning: symbol 'log_wait' was not declared. Should it be static?
kernel/printk/printk.c:1850:5: warning: symbol 'vprintk_default' was not declared. Should it be static?
kernel/printk/printk.c:955:15: warning: memcpy with byte count of 131072
kernel/power/main.c:49:5: warning: symbol 'pm_async_enabled' was not declared. Should it be static?
kernel/power/main.c:619:25: warning: symbol 'pm_wq' was not declared. Should it be static?
mm/swap.c:434:55: warning: context imbalance in 'pagevec_lru_move_fn' - unexpected unlock
mm/swap.c:967:55: warning: context imbalance in 'release_pages' - unexpected unlock
crypto/shash.c:82:40: warning: Variable length array is used.
crypto/shash.c:118:40: warning: Variable length array is used.
block/blk-flush.c:272:9: warning: context imbalance in 'flush_end_io' - different lock contexts for basic block
crypto/akcipher.c:99:5: warning: symbol 'crypto_register_akcipher' was not declared. Should it be static?
crypto/akcipher.c:110:6: warning: symbol 'crypto_unregister_akcipher' was not declared. Should it be static?
crypto/hmac.c:55:9: warning: Variable length array is used.
fs/file.c:27:5: warning: symbol 'sysctl_nr_open_min' was not declared. Should it be static?
fs/file.c:30:5: warning: symbol 'sysctl_nr_open_max' was not declared. Should it be static?
fs/file.c:449:21: warning: symbol 'init_files' was not declared. Should it be static?
crypto/cbc.c:149:20: warning: Variable length array is used.
kernel/rcu/tree_plugin.h:486:13: warning: expression using sizeof bool
kernel/rcu/tree_plugin.h:487:14: warning: expression using sizeof bool
kernel/rcu/tree.c:225:15: warning: symbol 'rcu_rnp_online_cpus' was not declared. Should it be static?
kernel/rcu/tree.c:248:14: warning: expression using sizeof bool
kernel/rcu/tree.c:252:17: warning: expression using sizeof bool
kernel/rcu/tree.c:258:14: warning: expression using sizeof bool
kernel/rcu/tree.c:262:17: warning: expression using sizeof bool
kernel/rcu/tree.c:277:1: warning: symbol 'rcu_qs_ctr' was not declared. Should it be static?
kernel/rcu/tree.c:1056:25: warning: expression using sizeof bool
kernel/rcu/tree.c:1724:14: warning: expression using sizeof bool
kernel/rcu/tree.c:1739:41: warning: expression using sizeof bool
kernel/rcu/tree.c:1751:17: warning: expression using sizeof bool
kernel/rcu/tree.c:1766:15: warning: expression using sizeof bool
kernel/rcu/tree.c:3639:13: warning: expression using sizeof bool
kernel/rcu/tree.c:4038:21: warning: incorrect type in argument 1 (different modifiers)
kernel/rcu/tree.c:4038:21:    expected int ( *threadfn )( ... )
kernel/rcu/tree.c:4038:21:    got int ( static [toplevel] [noreturn] *<noident> )( ... )
kernel/rcu/tree_plugin.h:128:14: warning: expression using sizeof bool
kernel/rcu/tree_plugin.h:132:17: warning: expression using sizeof bool
kernel/rcu/tree.c:1554:9: warning: context imbalance in 'rcu_start_future_gp' - different lock contexts for basic block
kernel/rcu/tree.c:2789:9: warning: context imbalance in 'force_qs_rnp' - different lock contexts for basic block
kernel/rcu/tree.c:2854:25: warning: context imbalance in 'force_quiescent_state' - unexpected unlock
kernel/rcu/tree_plugin.h:659:1: warning: context imbalance in 'sync_rcu_preempt_exp_init2' - wrong count at exit
kernel/sched/core.c:911:6: warning: symbol 'sched_set_stop_task' was not declared. Should it be static?
kernel/sched/core.c:1367:5: warning: symbol 'migrate_swap' was not declared. Should it be static?
kernel/sched/core.c:3257:35: warning: symbol 'preempt_schedule_irq' was not declared. Should it be static?
kernel/sched/core.c:6007:28: warning: incorrect type in initializer (different address spaces)
kernel/sched/core.c:6007:28:    expected void const [noderef] <asn:3>*__vpp_verify
kernel/sched/core.c:6007:28:    got struct sched_domain **<noident>
kernel/sched/core.c:6042:28: warning: incorrect type in initializer (different address spaces)
kernel/sched/core.c:6042:28:    expected void const [noderef] <asn:3>*__vpp_verify
kernel/sched/core.c:6042:28:    got struct sched_domain **<noident>
kernel/sched/core.c:6062:28: warning: incorrect type in initializer (different address spaces)
kernel/sched/core.c:6062:28:    expected void const [noderef] <asn:3>*__vpp_verify
kernel/sched/core.c:6062:28:    got struct sched_group_capacity **<noident>
kernel/sched/core.c:6101:36: warning: incorrect type in initializer (different address spaces)
kernel/sched/core.c:6101:36:    expected void const [noderef] <asn:3>*__vpp_verify
kernel/sched/core.c:6101:36:    got struct sched_domain **<noident>
kernel/sched/core.c:6108:24: warning: incorrect type in initializer (different address spaces)
kernel/sched/core.c:6108:24:    expected void const [noderef] <asn:3>*__vpp_verify
kernel/sched/core.c:6108:24:    got struct sched_group **<noident>
kernel/sched/core.c:6109:31: warning: incorrect type in initializer (different address spaces)
kernel/sched/core.c:6109:31:    expected void const [noderef] <asn:3>*__vpp_verify
kernel/sched/core.c:6109:31:    got struct sched_group_capacity **<noident>
kernel/sched/core.c:6802:39: warning: incorrect type in initializer (different address spaces)
kernel/sched/core.c:6802:39:    expected void const [noderef] <asn:3>*__vpp_verify
kernel/sched/core.c:6802:39:    got struct sched_domain **<noident>
kernel/sched/core.c:6805:40: warning: incorrect type in initializer (different address spaces)
kernel/sched/core.c:6805:40:    expected void const [noderef] <asn:3>*__vpp_verify
kernel/sched/core.c:6805:40:    got struct sched_domain **<noident>
kernel/sched/core.c:6809:40: warning: incorrect type in initializer (different address spaces)
kernel/sched/core.c:6809:40:    expected void const [noderef] <asn:3>*__vpp_verify
kernel/sched/core.c:6809:40:    got struct sched_group **<noident>
kernel/sched/core.c:6811:40: warning: incorrect type in initializer (different address spaces)
kernel/sched/core.c:6811:40:    expected void const [noderef] <asn:3>*__vpp_verify
kernel/sched/core.c:6811:40:    got struct sched_group_capacity **<noident>
kernel/sched/core.c:6813:32: warning: incorrect type in argument 1 (different address spaces)
kernel/sched/core.c:6813:32:    expected void [noderef] <asn:3>*__pdata
kernel/sched/core.c:6813:32:    got struct sched_domain **[noderef] sd
kernel/sched/core.c:6815:32: warning: incorrect type in argument 1 (different address spaces)
kernel/sched/core.c:6815:32:    expected void [noderef] <asn:3>*__pdata
kernel/sched/core.c:6815:32:    got struct sched_group **[noderef] sg
kernel/sched/core.c:6817:32: warning: incorrect type in argument 1 (different address spaces)
kernel/sched/core.c:6817:32:    expected void [noderef] <asn:3>*__pdata
kernel/sched/core.c:6817:32:    got struct sched_group_capacity **[noderef] sgc
kernel/sched/core.c:6745:25: warning: incorrect type in assignment (different address spaces)
kernel/sched/core.c:6745:25:    expected struct sched_domain **[noderef] sd
kernel/sched/core.c:6745:25:    got struct sched_domain *[noderef] <asn:3>*<noident>
kernel/sched/core.c:6749:25: warning: incorrect type in assignment (different address spaces)
kernel/sched/core.c:6749:25:    expected struct sched_group **[noderef] sg
kernel/sched/core.c:6749:25:    got struct sched_group *[noderef] <asn:3>*<noident>
kernel/sched/core.c:6753:26: warning: incorrect type in assignment (different address spaces)
kernel/sched/core.c:6753:26:    expected struct sched_group_capacity **[noderef] sgc
kernel/sched/core.c:6753:26:    got struct sched_group_capacity *[noderef] <asn:3>*<noident>
kernel/sched/core.c:6767:26: warning: incorrect type in initializer (different address spaces)
kernel/sched/core.c:6767:26:    expected void const [noderef] <asn:3>*__vpp_verify
kernel/sched/core.c:6767:26:    got struct sched_domain **<noident>
kernel/sched/core.c:6776:26: warning: incorrect type in initializer (different address spaces)
kernel/sched/core.c:6776:26:    expected void const [noderef] <asn:3>*__vpp_verify
kernel/sched/core.c:6776:26:    got struct sched_group **<noident>
kernel/sched/core.c:6783:26: warning: incorrect type in initializer (different address spaces)
kernel/sched/core.c:6783:26:    expected void const [noderef] <asn:3>*__vpp_verify
kernel/sched/core.c:6783:26:    got struct sched_group_capacity **<noident>
kernel/sched/core.c:6249:30: warning: incorrect type in argument 1 (different address spaces)
kernel/sched/core.c:6249:30:    expected void [noderef] <asn:3>*__pdata
kernel/sched/core.c:6249:30:    got struct sched_domain **[noderef] sd
kernel/sched/core.c:6264:15: warning: incorrect type in assignment (different address spaces)
kernel/sched/core.c:6264:15:    expected struct sched_domain **[noderef] sd
kernel/sched/core.c:6264:15:    got struct sched_domain *[noderef] <asn:3>*<noident>
kernel/sched/core.c:6282:9: warning: incorrect type in initializer (different address spaces)
kernel/sched/core.c:6282:9:    expected void const [noderef] <asn:3>*__vpp_verify
kernel/sched/core.c:6282:9:    got struct sched_domain **<noident>
kernel/sched/core.c:6283:10: warning: incorrect type in initializer (different address spaces)
kernel/sched/core.c:6283:10:    expected void const [noderef] <asn:3>*__vpp_verify
kernel/sched/core.c:6283:10:    got struct sched_domain **<noident>
kernel/sched/core.c:6285:13: warning: incorrect type in initializer (different address spaces)
kernel/sched/core.c:6285:13:    expected void const [noderef] <asn:3>*__vpp_verify
kernel/sched/core.c:6285:13:    got struct sched_group **<noident>
kernel/sched/core.c:6285:13: warning: incorrect type in initializer (different address spaces)
kernel/sched/core.c:6285:13:    expected void const [noderef] <asn:3>*__vpp_verify
kernel/sched/core.c:6285:13:    got struct sched_group **<noident>
kernel/sched/core.c:6285:13: warning: incorrect type in initializer (different address spaces)
kernel/sched/core.c:6285:13:    expected void const [noderef] <asn:3>*__vpp_verify
kernel/sched/core.c:6285:13:    got struct sched_group **<noident>
kernel/sched/core.c:6285:13: warning: incorrect type in initializer (different address spaces)
kernel/sched/core.c:6285:13:    expected void const [noderef] <asn:3>*__vpp_verify
kernel/sched/core.c:6285:13:    got struct sched_group **<noident>
kernel/sched/core.c:6286:18: warning: incorrect type in initializer (different address spaces)
kernel/sched/core.c:6286:18:    expected void const [noderef] <asn:3>*__vpp_verify
kernel/sched/core.c:6286:18:    got struct sched_group **<noident>
kernel/sched/core.c:6288:13: warning: incorrect type in initializer (different address spaces)
kernel/sched/core.c:6288:13:    expected void const [noderef] <asn:3>*__vpp_verify
kernel/sched/core.c:6288:13:    got struct sched_group_capacity **<noident>
kernel/sched/core.c:6288:13: warning: incorrect type in initializer (different address spaces)
kernel/sched/core.c:6288:13:    expected void const [noderef] <asn:3>*__vpp_verify
kernel/sched/core.c:6288:13:    got struct sched_group_capacity **<noident>
kernel/sched/core.c:6288:13: warning: incorrect type in initializer (different address spaces)
kernel/sched/core.c:6288:13:    expected void const [noderef] <asn:3>*__vpp_verify
kernel/sched/core.c:6288:13:    got struct sched_group_capacity **<noident>
kernel/sched/core.c:6288:13: warning: incorrect type in initializer (different address spaces)
kernel/sched/core.c:6288:13:    expected void const [noderef] <asn:3>*__vpp_verify
kernel/sched/core.c:6288:13:    got struct sched_group_capacity **<noident>
kernel/sched/core.c:6289:18: warning: incorrect type in initializer (different address spaces)
kernel/sched/core.c:6289:18:    expected void const [noderef] <asn:3>*__vpp_verify
kernel/sched/core.c:6289:18:    got struct sched_group_capacity **<noident>
kernel/sched/core.c:6322:36: warning: incorrect type in initializer (different address spaces)
kernel/sched/core.c:6322:36:    expected void const [noderef] <asn:3>*__vpp_verify
kernel/sched/core.c:6322:36:    got struct sched_domain **<noident>
kernel/sched/core.c:6822:21: warning: symbol 'build_sched_domain' was not declared. Should it be static?
kernel/sched/core.c:6880:34: warning: incorrect type in initializer (different address spaces)
kernel/sched/core.c:6880:34:    expected void const [noderef] <asn:3>*__vpp_verify
kernel/sched/core.c:6880:34:    got struct sched_domain **<noident>
kernel/sched/core.c:6890:28: warning: incorrect type in initializer (different address spaces)
kernel/sched/core.c:6890:28:    expected void const [noderef] <asn:3>*__vpp_verify
kernel/sched/core.c:6890:28:    got struct sched_domain **<noident>
kernel/sched/core.c:6907:28: warning: incorrect type in initializer (different address spaces)
kernel/sched/core.c:6907:28:    expected void const [noderef] <asn:3>*__vpp_verify
kernel/sched/core.c:6907:28:    got struct sched_domain **<noident>
kernel/sched/core.c:6916:23: warning: incorrect type in initializer (different address spaces)
kernel/sched/core.c:6916:23:    expected void const [noderef] <asn:3>*__vpp_verify
kernel/sched/core.c:6916:23:    got struct sched_domain **<noident>
kernel/sched/core.c:4524:1: warning: context imbalance in 'sys_sched_yield' - unexpected unlock
kernel/sched/core.c:4571:28: warning: context imbalance in '__cond_resched_lock' - unexpected unlock
kernel/sched/core.c:6249:29: warning: dereference of noderef expression
kernel/sched/core.c:6265:14: warning: dereference of noderef expression
kernel/sched/core.c:6746:22: warning: dereference of noderef expression
kernel/sched/core.c:6750:22: warning: dereference of noderef expression
kernel/sched/core.c:6754:22: warning: dereference of noderef expression
kernel/sched/core.c:6801:29: warning: dereference of noderef expression
kernel/sched/core.c:6808:29: warning: dereference of noderef expression
kernel/sched/core.c:6810:29: warning: dereference of noderef expression
kernel/sched/core.c:6813:29: warning: dereference of noderef expression
kernel/sched/core.c:6814:17: warning: dereference of noderef expression
kernel/sched/core.c:6815:29: warning: dereference of noderef expression
kernel/sched/core.c:6816:17: warning: dereference of noderef expression
kernel/sched/core.c:6817:29: warning: dereference of noderef expression
kernel/sched/core.c:6818:17: warning: dereference of noderef expression
crypto/ctr.c:61:22: warning: Variable length array is used.
crypto/ctr.c:110:22: warning: Variable length array is used.
mm/vmscan.c:3911:48: warning: context imbalance in 'check_move_unevictable_pages' - unexpected unlock
fs/namespace.c:1654:22: warning: symbol 'to_mnt_ns' was not declared. Should it be static?
kernel/sched/clock.c:77:19: warning: symbol 'sched_clock_running' was not declared. Should it be static?
block/blk-merge.c: In function blk_queue_split:
block/blk-merge.c:91:9: warning: bvprv.bv_page may be used uninitialized in this function [-Wmaybe-uninitialized]
block/blk-merge.c:70:21: note: bvprv.bv_page was declared here
In file included from block/blk-merge.c:7:0:
include/linux/blkdev.h:1368:21: warning: bvprv.bv_len may be used uninitialized in this function [-Wmaybe-uninitialized]
block/blk-merge.c:70:21: note: bvprv.bv_len was declared here
In file included from block/blk-merge.c:7:0:
include/linux/blkdev.h:1368:21: warning: bvprv.bv_offset may be used uninitialized in this function [-Wmaybe-uninitialized]
block/blk-merge.c:70:21: note: bvprv.bv_offset was declared here
kernel/time/timer.c:109:13: warning: expression using sizeof bool
block/genhd.c:1408:10: error: bad integer constant expression
block/genhd.c:1409:10: error: bad integer constant expression
block/genhd.c:1413:10: error: bad integer constant expression
block/genhd.c:1414:10: error: bad integer constant expression
fs/fs-writeback.c:1905:9: warning: context imbalance in 'block_dump___mark_inode_dirty' - different lock contexts for basic block
kernel/sched/stats.h:219:22: warning: implicit cast from nocast type
kernel/sched/stats.h:219:22: warning: implicit cast from nocast type
kernel/sched/stats.h:240:22: warning: implicit cast from nocast type
kernel/sched/cputime.c:305:42: warning: incorrect type in argument 2 (different modifiers)
kernel/sched/cputime.c:305:42:    expected unsigned long [nocast] [usertype] *utime
kernel/sched/cputime.c:305:42:    got unsigned long *<noident>
kernel/sched/cputime.c:305:42: warning: implicit cast to nocast type
kernel/sched/cputime.c:305:50: warning: incorrect type in argument 3 (different modifiers)
kernel/sched/cputime.c:305:50:    expected unsigned long [nocast] [usertype] *stime
kernel/sched/cputime.c:305:50:    got unsigned long *<noident>
kernel/sched/cputime.c:305:50: warning: implicit cast to nocast type
kernel/sched/cputime.c:652:26: warning: incorrect type in argument 2 (different modifiers)
kernel/sched/cputime.c:652:26:    expected unsigned long [nocast] [usertype] *utime
kernel/sched/cputime.c:652:26:    got unsigned long *<noident>
kernel/sched/cputime.c:652:26: warning: implicit cast to nocast type
kernel/sched/cputime.c:652:42: warning: incorrect type in argument 3 (different modifiers)
kernel/sched/cputime.c:652:42:    expected unsigned long [nocast] [usertype] *stime
kernel/sched/cputime.c:652:42:    got unsigned long *<noident>
kernel/sched/cputime.c:652:42: warning: implicit cast to nocast type
kernel/sched/cputime.c:313:33: warning: context imbalance in 'thread_group_cputime' - different lock contexts for basic block
crypto/jitterentropy.c:584:5: warning: symbol 'jent_read_entropy' was not declared. Should it be static?
crypto/jitterentropy.c:614:18: warning: symbol 'jent_entropy_collector_alloc' was not declared. Should it be static?
crypto/jitterentropy.c:654:6: warning: symbol 'jent_entropy_collector_free' was not declared. Should it be static?
crypto/jitterentropy.c:662:5: warning: symbol 'jent_entropy_init' was not declared. Should it be static?
crypto/jitterentropy-kcapi.c:60:7: warning: symbol 'jent_rol64' was not declared. Should it be static?
crypto/jitterentropy-kcapi.c:65:6: warning: symbol 'jent_zalloc' was not declared. Should it be static?
crypto/jitterentropy-kcapi.c:70:6: warning: symbol 'jent_zfree' was not declared. Should it be static?
crypto/jitterentropy-kcapi.c:75:5: warning: symbol 'jent_fips_enabled' was not declared. Should it be static?
crypto/jitterentropy-kcapi.c:80:6: warning: symbol 'jent_panic' was not declared. Should it be static?
crypto/jitterentropy-kcapi.c:85:6: warning: symbol 'jent_memcpy' was not declared. Should it be static?
crypto/jitterentropy-kcapi.c:90:6: warning: symbol 'jent_get_nstime' was not declared. Should it be static?
drivers/ata/libata-scsi.c:1915:9: warning: context imbalance in 'ata_scsi_rbuf_get' - wrong count at exit
drivers/ata/libata-scsi.c:1936:31: warning: context imbalance in 'ata_scsi_rbuf_fill' - unexpected unlock
kernel/time/hrtimer.c:139:27: warning: context imbalance in 'lock_hrtimer_base' - wrong count at exit
drivers/ata/libata-scsi.c:1934:48: warning: context imbalance in 'atapi_qc_complete' - unexpected unlock
kernel/time/hrtimer.c:813:9: warning: context imbalance in 'hrtimer_start_range_ns' - unexpected unlock
kernel/time/hrtimer.c:813:9: warning: context imbalance in 'hrtimer_try_to_cancel' - unexpected unlock
kernel/time/hrtimer.c:1078:9: warning: context imbalance in 'hrtimer_get_remaining' - unexpected unlock
kernel/sched/fair.c:51:14: warning: symbol 'normalized_sysctl_sched_latency' was not declared. Should it be static?
kernel/sched/fair.c:70:14: warning: symbol 'normalized_sysctl_sched_min_granularity' was not declared. Should it be static?
kernel/sched/fair.c:92:14: warning: symbol 'normalized_sysctl_sched_wakeup_granularity' was not declared. Should it be static?
kernel/sched/fair.c:3981:35: error: marked inline, but without a definition
mm/mm_init.c:146:5: warning: symbol 'vm_committed_as_batch' was not declared. Should it be static?
kernel/sched/rt.c:626:6: warning: symbol 'sched_rt_bandwidth_account' was not declared. Should it be static?
kernel/sched/sched.h:1561:17: warning: context imbalance in 'find_lock_lowest_rq' - unexpected unlock
kernel/sched/rt.c:1792:9: warning: context imbalance in 'push_rt_task' - unexpected unlock
kernel/sched/sched.h:1561:17: warning: context imbalance in 'pull_rt_task' - unexpected unlock
kernel/sched/deadline.c:60:6: warning: symbol 'init_dl_bw' was not declared. Should it be static?
kernel/sched/deadline.c:1147:20: warning: symbol 'pick_next_task_dl' was not declared. Should it be static?
kernel/sched/deadline.c:281:30: warning: context imbalance in 'dl_task_offline_migration' - unexpected unlock
kernel/sched/sched.h:1561:17: warning: context imbalance in 'find_lock_later_rq' - unexpected unlock
kernel/sched/deadline.c:1549:9: warning: context imbalance in 'push_dl_task' - unexpected unlock
kernel/sched/sched.h:1561:17: warning: context imbalance in 'pull_dl_task' - unexpected unlock
kernel/time/itimer.c:126:59: warning: implicit cast to nocast type
kernel/time/itimer.c:167:55: warning: incorrect type in argument 3 (different modifiers)
kernel/time/itimer.c:167:55:    expected unsigned long [nocast] [usertype] *newval
kernel/time/itimer.c:167:55:    got unsigned long *<noident>
kernel/time/itimer.c:167:55: warning: implicit cast to nocast type
kernel/time/itimer.c:167:62: warning: incorrect type in argument 4 (different modifiers)
kernel/time/itimer.c:167:62:    expected unsigned long [nocast] [usertype] *oldval
kernel/time/itimer.c:167:62:    got unsigned long *<noident>
kernel/time/itimer.c:167:62: warning: implicit cast to nocast type
kernel/time/itimer.c:226:56: warning: implicit cast to nocast type
kernel/time/posix-timers.c:402:9: warning: context imbalance in 'do_schedule_next_timer' - different lock contexts for basic block
kernel/time/posix-timers.c:693:24: warning: context imbalance in '__lock_timer' - different lock contexts for basic block
mm/percpu.c:1942:12: warning: symbol 'pcpu_embed_first_chunk' was not declared. Should it be static?
fs/fs_struct.c:161:18: warning: symbol 'init_fs' was not declared. Should it be static?
mm/compaction.c:1538:37: warning: incorrect type in initializer (different base types)
mm/compaction.c:1538:37:    expected int [signed] may_enter_fs
mm/compaction.c:1538:37:    got restricted gfp_t
mm/compaction.c:1539:39: warning: incorrect type in initializer (different base types)
mm/compaction.c:1539:39:    expected int [signed] may_perform_io
mm/compaction.c:1539:39:    got restricted gfp_t
mm/compaction.c:322:13: warning: context imbalance in 'compact_trylock_irqsave' - wrong count at exit
include/linux/spinlock.h:362:9: warning: context imbalance in 'compact_unlock_should_abort' - unexpected unlock
mm/compaction.c:539:39: warning: context imbalance in 'isolate_freepages_block' - unexpected unlock
mm/compaction.c:844:39: warning: context imbalance in 'isolate_migratepages_block' - unexpected unlock
kernel/time/posix-cpu-timers.c:27:53: warning: incorrect type in argument 3 (different modifiers)
kernel/time/posix-cpu-timers.c:27:53:    expected unsigned long [nocast] [usertype] *newval
kernel/time/posix-cpu-timers.c:27:53:    got unsigned long *<noident>
kernel/time/posix-cpu-timers.c:27:53: warning: implicit cast to nocast type
kernel/time/posix-cpu-timers.c:130:26: warning: incorrect type in argument 2 (different modifiers)
kernel/time/posix-cpu-timers.c:130:26:    expected unsigned long [nocast] [usertype] *utime
kernel/time/posix-cpu-timers.c:130:26:    got unsigned long *<noident>
kernel/time/posix-cpu-timers.c:130:26: warning: implicit cast to nocast type
kernel/time/posix-cpu-timers.c:130:34: warning: incorrect type in argument 3 (different modifiers)
kernel/time/posix-cpu-timers.c:130:34:    expected unsigned long [nocast] [usertype] *stime
kernel/time/posix-cpu-timers.c:130:34:    got unsigned long *<noident>
kernel/time/posix-cpu-timers.c:130:34: warning: implicit cast to nocast type
kernel/time/posix-cpu-timers.c:138:26: warning: incorrect type in argument 2 (different modifiers)
kernel/time/posix-cpu-timers.c:138:26:    expected unsigned long [nocast] [usertype] *utime
kernel/time/posix-cpu-timers.c:138:26:    got unsigned long *<noident>
kernel/time/posix-cpu-timers.c:138:26: warning: implicit cast to nocast type
kernel/time/posix-cpu-timers.c:216:56: warning: implicit cast from nocast type
kernel/time/posix-cpu-timers.c:217:56: warning: implicit cast from nocast type
kernel/time/posix-cpu-timers.c:225:37: warning: implicit cast to nocast type
kernel/time/posix-cpu-timers.c:226:37: warning: implicit cast to nocast type
kernel/time/posix-cpu-timers.c:130:26: warning: incorrect type in argument 2 (different modifiers)
kernel/time/posix-cpu-timers.c:130:26:    expected unsigned long [nocast] [usertype] *utime
kernel/time/posix-cpu-timers.c:130:26:    got unsigned long *<noident>
kernel/time/posix-cpu-timers.c:130:26: warning: implicit cast to nocast type
kernel/time/posix-cpu-timers.c:130:34: warning: incorrect type in argument 3 (different modifiers)
kernel/time/posix-cpu-timers.c:130:34:    expected unsigned long [nocast] [usertype] *stime
kernel/time/posix-cpu-timers.c:130:34:    got unsigned long *<noident>
kernel/time/posix-cpu-timers.c:130:34: warning: implicit cast to nocast type
kernel/time/posix-cpu-timers.c:138:26: warning: incorrect type in argument 2 (different modifiers)
kernel/time/posix-cpu-timers.c:138:26:    expected unsigned long [nocast] [usertype] *utime
kernel/time/posix-cpu-timers.c:138:26:    got unsigned long *<noident>
kernel/time/posix-cpu-timers.c:138:26: warning: implicit cast to nocast type
kernel/time/posix-cpu-timers.c:926:27: warning: implicit cast from nocast type
kernel/time/posix-cpu-timers.c:935:39: warning: implicit cast to nocast type
kernel/time/posix-cpu-timers.c:940:62: warning: implicit cast to nocast type
kernel/time/posix-cpu-timers.c:944:44: warning: implicit cast from nocast type
kernel/time/posix-cpu-timers.c:945:30: warning: implicit cast from nocast type
kernel/time/posix-cpu-timers.c:1008:38: warning: implicit cast from nocast type
kernel/time/posix-cpu-timers.c:1009:40: warning: implicit cast from nocast type
kernel/time/posix-cpu-timers.c:1122:28: warning: incorrect type in argument 2 (different modifiers)
kernel/time/posix-cpu-timers.c:1122:28:    expected unsigned long [nocast] [usertype] *utime
kernel/time/posix-cpu-timers.c:1122:28:    got unsigned long *<noident>
kernel/time/posix-cpu-timers.c:1122:28: warning: implicit cast to nocast type
kernel/time/posix-cpu-timers.c:1122:36: warning: incorrect type in argument 3 (different modifiers)
kernel/time/posix-cpu-timers.c:1122:36:    expected unsigned long [nocast] [usertype] *stime
kernel/time/posix-cpu-timers.c:1122:36:    got unsigned long *<noident>
kernel/time/posix-cpu-timers.c:1122:36: warning: implicit cast to nocast type
kernel/time/posix-cpu-timers.c:225:37: warning: implicit cast to nocast type
kernel/time/posix-cpu-timers.c:226:37: warning: implicit cast to nocast type
kernel/time/posix-cpu-timers.c:1237:29: warning: implicit cast from nocast type
kernel/time/posix-cpu-timers.c:1241:44: warning: implicit cast to nocast type
kernel/time/posix-cpu-timers.c:1247:28: warning: implicit cast to nocast type
fs/fs_pin.c:46:17: warning: context imbalance in 'pin_kill' - unexpected unlock
include/linux/rcupdate.h:856:9: warning: context imbalance in 'mnt_pin_kill' - different lock contexts for basic block
include/linux/rcupdate.h:856:9: warning: context imbalance in 'group_pin_kill' - different lock contexts for basic block
net/socket.c:1842:13: warning: incorrect type in assignment (different address spaces)
net/socket.c:1842:13:    expected void *msg_control
net/socket.c:1842:13:    got void [noderef] <asn:1>*<noident>
kernel/sched/idle.c:230:33: warning: expression using sizeof bool
fs/nsfs.c:33:32: warning: symbol 'ns_dentry_operations' was not declared. Should it be static?
fs/buffer.c:1090:20: warning: symbol '__getblk_slow' was not declared. Should it be static?
fs/buffer.c:2983:6: warning: symbol 'guard_bio_eod' was not declared. Should it be static?
kernel/sched/debug.c:237:6: warning: symbol 'print_rt_rq' was not declared. Should it be static?
kernel/sched/debug.c:259:6: warning: symbol 'print_dl_rq' was not declared. Should it be static?
mm/workingset.c:363:20: warning: context imbalance in 'shadow_lru_isolate' - unexpected unlock
drivers/ata/libata-sff.c:1302:9: warning: context imbalance in 'ata_sff_hsm_move' - different lock contexts for basic block
mm/debug.c:177:1: error: directive in argument list
mm/debug.c:179:1: error: directive in argument list
mm/debug.c:188:1: error: directive in argument list
mm/debug.c:190:1: error: directive in argument list
mm/debug.c:191:1: error: directive in argument list
mm/debug.c:193:1: error: directive in argument list
mm/debug.c:195:1: error: directive in argument list
mm/debug.c:197:1: error: directive in argument list
mm/debug.c:198:1: error: directive in argument list
mm/debug.c:200:1: error: directive in argument list
mm/debug.c:201:1: error: directive in argument list
mm/debug.c:203:1: error: directive in argument list
mm/debug.c:207:1: error: directive in argument list
mm/debug.c:209:1: error: directive in argument list
mm/debug.c:222:1: error: directive in argument list
mm/debug.c:224:1: error: directive in argument list
mm/debug.c:225:1: error: directive in argument list
mm/debug.c:227:1: error: directive in argument list
mm/debug.c:229:1: error: directive in argument list
mm/debug.c:231:1: error: directive in argument list
mm/debug.c:232:1: error: directive in argument list
mm/debug.c:234:1: error: directive in argument list
mm/debug.c:235:1: error: directive in argument list
mm/debug.c:237:1: error: directive in argument list
fs/direct-io.c:1112:36: warning: Using plain integer as NULL pointer
fs/direct-io.c:160:58: warning: cast truncates bits from constant value (7fffffffffffffff becomes ffffffff)
sound/core/pcm_native.c:276:37: warning: Variable length array is used.
sound/core/pcm_native.c:87:9: warning: context imbalance in 'snd_pcm_stream_lock' - different lock contexts for basic block
sound/core/pcm_native.c:109:28: warning: context imbalance in 'snd_pcm_stream_unlock' - unexpected unlock
sound/core/pcm_native.c:912:52: warning: context imbalance in 'snd_pcm_action_group' - unexpected unlock
mm/highmem.c:101:16: warning: Initializer entry defined twice
mm/highmem.c:101:16:   also defined here
kernel/time/jiffies.c:108:20: warning: symbol 'refined_jiffies' was not declared. Should it be static?
arch/arm/lib/delay.c:108:15: warning: symbol 'calibrate_delay_is_known' was not declared. Should it be static?
arch/arm/lib/delay.c:114:6: warning: symbol 'calibration_delay_done' was not declared. Should it be static?
drivers/ata/ahci.c:102:9: warning: Initializer entry defined twice
drivers/ata/ahci.c:102:9:   also defined here
net/bluetooth/hci_core.c:95:27: error: incompatible types in comparison expression (different type sizes)
mm/memory.c:119:15: warning: symbol 'zero_pfn' was not declared. Should it be static?
mm/memory.c:904:17: warning: context imbalance in 'copy_pte_range' - different lock contexts for basic block
mm/memory.c:1428:32: warning: context imbalance in '__get_locked_pte' - different lock contexts for basic block
mm/memory.c:1631:17: warning: context imbalance in 'remap_pte_range' - different lock contexts for basic block
mm/memory.c:1829:17: warning: context imbalance in 'apply_to_pte_range' - unexpected unlock
mm/memory.c:2195:17: warning: context imbalance in 'wp_pfn_shared' - unexpected unlock
mm/memory.c:2285:12: warning: context imbalance in 'do_wp_page' - different lock contexts for basic block
mm/memory.c:3513:12: warning: context imbalance in '__follow_pte' - different lock contexts for basic block
./arch/arm/include/asm/futex.h:57:19: warning: incorrect type in argument 1 (different address spaces)
./arch/arm/include/asm/futex.h:57:19:    expected void const *ptr
./arch/arm/include/asm/futex.h:57:19:    got unsigned int [noderef] [usertype] <asn:1>*uaddr
./arch/arm/include/asm/futex.h:152:17: warning: incorrect type in argument 1 (different address spaces)
./arch/arm/include/asm/futex.h:152:17:    expected void const *ptr
./arch/arm/include/asm/futex.h:152:17:    got unsigned int [noderef] [usertype] <asn:1>*uaddr
./arch/arm/include/asm/futex.h:155:17: warning: incorrect type in argument 1 (different address spaces)
./arch/arm/include/asm/futex.h:155:17:    expected void const *ptr
./arch/arm/include/asm/futex.h:155:17:    got unsigned int [noderef] [usertype] <asn:1>*uaddr
./arch/arm/include/asm/futex.h:158:17: warning: incorrect type in argument 1 (different address spaces)
./arch/arm/include/asm/futex.h:158:17:    expected void const *ptr
./arch/arm/include/asm/futex.h:158:17:    got unsigned int [noderef] [usertype] <asn:1>*uaddr
./arch/arm/include/asm/futex.h:161:17: warning: incorrect type in argument 1 (different address spaces)
./arch/arm/include/asm/futex.h:161:17:    expected void const *ptr
./arch/arm/include/asm/futex.h:161:17:    got unsigned int [noderef] [usertype] <asn:1>*uaddr
./arch/arm/include/asm/futex.h:164:17: warning: incorrect type in argument 1 (different address spaces)
./arch/arm/include/asm/futex.h:164:17:    expected void const *ptr
./arch/arm/include/asm/futex.h:164:17:    got unsigned int [noderef] [usertype] <asn:1>*uaddr
kernel/futex.c:1253:9: warning: context imbalance in 'wake_futex_pi' - unexpected unlock
kernel/futex.c:1382:33: warning: context imbalance in 'futex_wake_op' - different lock contexts for basic block
kernel/futex.c:1664:41: warning: context imbalance in 'futex_requeue' - different lock contexts for basic block
kernel/futex.c:2152:13: warning: context imbalance in 'futex_wait_queue_me' - unexpected unlock
kernel/futex.c:2255:9: warning: context imbalance in 'futex_wait_setup' - different lock contexts for basic block
kernel/futex.c:2556:22: warning: context imbalance in 'futex_unlock_pi' - different lock contexts for basic block
kernel/futex.c:2717:29: warning: context imbalance in 'futex_wait_requeue_pi' - unexpected unlock
fs/debugfs/file.c:462:20: error: incompatible types in comparison expression (different type sizes)
kernel/time/clockevents.c:688:17: warning: symbol 'clockevents_subsys' was not declared. Should it be static?
lib/lockref.c:88:5: warning: context imbalance in 'lockref_get_or_lock' - wrong count at exit
lib/lockref.c:132:5: warning: context imbalance in 'lockref_put_or_lock' - wrong count at exit
lib/bcd.c:4:10: error: symbol '_bcd2bin' redeclared with different type (originally declared at include/linux/bcd.h:19) - different modifiers
lib/bcd.c:10:15: error: symbol '_bin2bcd' redeclared with different type (originally declared at include/linux/bcd.h:20) - different modifiers
lib/div64.c:26:32: warning: symbol '__div64_32' was not declared. Should it be static?
kernel/smp.c:561:13: warning: symbol 'smp_announce' was not declared. Should it be static?
drivers/ata/ahci_tegra.c:295:9: warning: Initializer entry defined twice
drivers/ata/ahci_tegra.c:295:9:   also defined here
include/linux/mm.h:1388:21: warning: context imbalance in '__munlock_pagevec_fill' - different lock contexts for basic block
lib/gcd.c:6:15: error: symbol 'gcd' redeclared with different type (originally declared at include/linux/gcd.h:6) - different modifiers
lib/lcm.c:7:15: error: symbol 'lcm' redeclared with different type (originally declared at include/linux/lcm.h:6) - different modifiers
lib/lcm.c:16:15: error: symbol 'lcm_not_zero' redeclared with different type (originally declared at include/linux/lcm.h:7) - different modifiers
mm/mmap.c:847:9: warning: context imbalance in 'vma_adjust' - different lock contexts for basic block
mm/mremap.c:154:9: warning: context imbalance in 'move_ptes' - different lock contexts for basic block
mm/mprotect.c:41:14: warning: context imbalance in 'lock_pte_protection' - different lock contexts for basic block
mm/mprotect.c:131:9: warning: context imbalance in 'change_pte_range' - unexpected unlock
mm/rmap.c:764:23: warning: Using plain integer as NULL pointer
mm/rmap.c:1495:6: warning: symbol 'is_vma_temporary_stack' was not declared. Should it be static?
mm/rmap.c:755:7: warning: context imbalance in '__page_check_address' - wrong count at exit
mm/vmalloc.c:585:6: warning: symbol 'set_iounmap_nonlazy' was not declared. Should it be static?
net/bluetooth/mgmt.c: In function read_local_oob_ext_data_complete:
net/bluetooth/mgmt.c:6643:8: warning: r192 may be used uninitialized in this function [-Wmaybe-uninitialized]
net/bluetooth/mgmt.c:6654:13: note: r192 was declared here
net/bluetooth/mgmt.c:6643:8: warning: h192 may be used uninitialized in this function [-Wmaybe-uninitialized]
net/bluetooth/mgmt.c:6654:6: note: h192 was declared here
kernel/module.c:359:6: error: symbol '__module_put_and_exit' redeclared with different type (originally declared at include/linux/module.h:570) - different modifiers
kernel/cgroup.c:3678:9: warning: context imbalance in 'css_task_iter_start' - wrong count at exit
kernel/cgroup.c:3725:6: warning: context imbalance in 'css_task_iter_end' - wrong count at exit
lib/kstrtox.c:84:1: error: incompatible types in comparison expression (different type sizes)
lib/kstrtox.c:85:1: error: incompatible types in comparison expression (different type sizes)
lib/kstrtox.c:86:1: error: incompatible types in comparison expression (different type sizes)
lib/kstrtox.c:87:1: error: incompatible types in comparison expression (different type sizes)
lib/kstrtox.c:88:1: error: incompatible types in comparison expression (different type sizes)
lib/kstrtox.c:89:1: error: incompatible types in comparison expression (different type sizes)
lib/kstrtox.c:90:1: error: incompatible types in comparison expression (different type sizes)
lib/kstrtox.c:91:1: error: incompatible types in comparison expression (different type sizes)
lib/kstrtox.c:92:1: error: incompatible types in comparison expression (different type sizes)
lib/kstrtox.c:93:1: error: incompatible types in comparison expression (different type sizes)
mm/memblock.c:1337:6: warning: symbol 'memblock_virt_alloc_try_nid_nopanic' was not declared. Should it be static?
mm/memblock.c:1367:6: warning: symbol 'memblock_virt_alloc_try_nid' was not declared. Should it be static?
mm/memblock.c:1396:13: warning: symbol '__memblock_free_early' was not declared. Should it be static?
mm/memblock.c:1414:13: warning: symbol '__memblock_free_late' was not declared. Should it be static?
net/bluetooth/smp.c:3227:27: error: incompatible types in comparison expression (different type sizes)
net/bluetooth/smp.c:3286:27: error: incompatible types in comparison expression (different type sizes)
net/bluetooth/smp.c:3330:27: error: incompatible types in comparison expression (different type sizes)
mm/swapfile.c:601:20: warning: context imbalance in 'scan_swap_map' - unexpected unlock
mm/swapfile.c:725:32: warning: context imbalance in 'swap_info_get' - different lock contexts for basic block
mm/swapfile.c:838:17: warning: context imbalance in 'swap_free' - unexpected unlock
mm/swapfile.c:852:17: warning: context imbalance in 'swapcache_free' - unexpected unlock
mm/swapfile.c:871:35: warning: context imbalance in 'page_swapcount' - unexpected unlock
mm/swapfile.c:915:20: warning: context imbalance in 'swp_swapcount' - unexpected unlock
mm/swapfile.c:1003:28: warning: context imbalance in 'free_swap_and_cache' - unexpected unlock
mm/swapfile.c:2858:20: warning: context imbalance in 'add_swap_count_continuation' - unexpected unlock
mm/migrate.c:116:24: warning: Using plain integer as NULL pointer
lib/xz/xz_dec_stream.c:734:23: warning: function 'xz_dec_run' with external linkage has definition
lib/xz/xz_dec_stream.c:770:25: warning: function 'xz_dec_init' with external linkage has definition
lib/xz/xz_dec_stream.c:800:16: warning: function 'xz_dec_reset' with external linkage has definition
lib/xz/xz_dec_stream.c:812:16: warning: function 'xz_dec_end' with external linkage has definition
kernel/stop_machine.c:488:36: warning: incorrect type in initializer (different address spaces)
kernel/stop_machine.c:488:36:    expected struct task_struct [noderef] <asn:3>**store
kernel/stop_machine.c:488:36:    got struct task_struct *static [noderef] [toplevel] <asn:3>*<noident>
lib/xz/xz_dec_lzma2.c:931:23: warning: function 'xz_dec_lzma2_run' with external linkage has definition
lib/xz/xz_dec_lzma2.c:1108:31: warning: function 'xz_dec_lzma2_create' with external linkage has definition
lib/xz/xz_dec_lzma2.c:1132:23: warning: function 'xz_dec_lzma2_reset' with external linkage has definition
lib/xz/xz_dec_lzma2.c:1169:16: warning: function 'xz_dec_lzma2_end' with external linkage has definition
kernel/hung_task.c:24:19: warning: symbol 'sysctl_hung_task_check_count' was not declared. Should it be static?
kernel/hung_task.c:38:29: warning: symbol 'sysctl_hung_task_timeout_secs' was not declared. Should it be static?
kernel/hung_task.c:40:19: warning: symbol 'sysctl_hung_task_warnings' was not declared. Should it be static?
kernel/hung_task.c:50:28: warning: symbol 'sysctl_hung_task_panic' was not declared. Should it be static?
kernel/hung_task.c:197:5: warning: symbol 'proc_dohung_task_timeout_secs' was not declared. Should it be static?
lib/xz/xz_dec_bcj.c:417:23: warning: function 'xz_dec_bcj_run' with external linkage has definition
lib/xz/xz_dec_bcj.c:527:29: warning: function 'xz_dec_bcj_create' with external linkage has definition
lib/xz/xz_dec_bcj.c:536:23: warning: function 'xz_dec_bcj_reset' with external linkage has definition
lib/xz/xz_dec_bcj.c:91:21: warning: Initializer entry defined twice
lib/xz/xz_dec_bcj.c:91:27:   also defined here
sound/pci/hda/hda_codec.c:1790:57: warning: incorrect type in argument 4 (different address spaces)
sound/pci/hda/hda_codec.c:1790:57:    expected unsigned int [noderef] <asn:1>*tlv
sound/pci/hda/hda_codec.c:1790:57:    got int *<noident>
kernel/elfcore.c:6:17: warning: symbol 'elf_core_extra_phdrs' was not declared. Should it be static?
kernel/elfcore.c:11:12: warning: symbol 'elf_core_write_extra_phdrs' was not declared. Should it be static?
kernel/elfcore.c:16:12: warning: symbol 'elf_core_write_extra_data' was not declared. Should it be static?
kernel/elfcore.c:21:15: warning: symbol 'elf_core_extra_data_size' was not declared. Should it be static?
lib/swiotlb.c:243:1: warning: symbol 'swiotlb_late_init_with_default_size' was not declared. Should it be static?
kernel/irq_work.c:52:13: warning: symbol 'arch_irq_work_raise' was not declared. Should it be static?
lib/iommu-helper.c:9:5: warning: symbol 'iommu_is_span_boundary' was not declared. Should it be static?
lib/iommu-helper.c:19:15: warning: symbol 'iommu_area_alloc' was not declared. Should it be static?
drivers/base/devtmpfs.c:357:25: warning: incorrect type in argument 1 (different address spaces)
drivers/base/devtmpfs.c:357:25:    expected char [noderef] <asn:1>*dev_name
drivers/base/devtmpfs.c:357:25:    got char static *<noident>
drivers/base/devtmpfs.c:357:38: warning: incorrect type in argument 2 (different address spaces)
drivers/base/devtmpfs.c:357:38:    expected char [noderef] <asn:1>*dir_name
drivers/base/devtmpfs.c:357:38:    got char *<noident>
drivers/base/devtmpfs.c:357:53: warning: incorrect type in argument 3 (different address spaces)
drivers/base/devtmpfs.c:357:53:    expected char [noderef] <asn:1>*type
drivers/base/devtmpfs.c:357:53:    got char static *<noident>
drivers/base/devtmpfs.c:383:26: warning: incorrect type in argument 1 (different address spaces)
drivers/base/devtmpfs.c:383:26:    expected char [noderef] <asn:1>*dev_name
drivers/base/devtmpfs.c:383:26:    got char static *<noident>
drivers/base/devtmpfs.c:383:38: warning: incorrect type in argument 2 (different address spaces)
drivers/base/devtmpfs.c:383:38:    expected char [noderef] <asn:1>*dir_name
drivers/base/devtmpfs.c:383:38:    got char static *<noident>
drivers/base/devtmpfs.c:383:43: warning: incorrect type in argument 3 (different address spaces)
drivers/base/devtmpfs.c:383:43:    expected char [noderef] <asn:1>*type
drivers/base/devtmpfs.c:383:43:    got char static *<noident>
drivers/base/devtmpfs.c:383:66: warning: incorrect type in argument 5 (different address spaces)
drivers/base/devtmpfs.c:383:66:    expected void [noderef] <asn:1>*data
drivers/base/devtmpfs.c:383:66:    got char *<noident>
drivers/base/devtmpfs.c:386:19: warning: incorrect type in argument 1 (different address spaces)
drivers/base/devtmpfs.c:386:19:    expected char const [noderef] <asn:1>*filename
drivers/base/devtmpfs.c:386:19:    got char static *<noident>
drivers/base/devtmpfs.c:387:20: warning: incorrect type in argument 1 (different address spaces)
drivers/base/devtmpfs.c:387:20:    expected char const [noderef] <asn:1>*filename
drivers/base/devtmpfs.c:387:20:    got char static *<noident>
kernel/memremap.c:71:30: warning: incorrect type in assignment (different address spaces)
kernel/memremap.c:71:30:    expected void *[assigned] addr
kernel/memremap.c:71:30:    got void [noderef] <asn:2>*
kernel/memremap.c:88:22: warning: incorrect type in assignment (different address spaces)
kernel/memremap.c:88:22:    expected void *[assigned] addr
kernel/memremap.c:88:22:    got void [noderef] <asn:2>*
kernel/config_data.h:1594:10: warning: trying to concatenate 50929-character string (8191 bytes max)
lib/dec_and_lock.c:20:5: warning: context imbalance in '_atomic_dec_and_lock' - different lock contexts for basic block
lib/decompress_inflate.c:37:17: warning: symbol '__gunzip' was not declared. Should it be static?
lib/decompress_unxz.c:251:17: warning: symbol 'unxz' was not declared. Should it be static?
drivers/base/dma-coherent.c:45:28: warning: incorrect type in assignment (different address spaces)
drivers/base/dma-coherent.c:45:28:    expected void *virt_base
drivers/base/dma-coherent.c:45:28:    got void [noderef] <asn:2>*[assigned] mem_base
drivers/base/dma-coherent.c:70:20: warning: incorrect type in argument 1 (different address spaces)
drivers/base/dma-coherent.c:70:20:    expected void volatile [noderef] <asn:2>*iomem_cookie
drivers/base/dma-coherent.c:70:20:    got void *virt_base
net/bluetooth/hci_debugfs.c:768:27: error: incompatible types in comparison expression (different type sizes)
net/bluetooth/hci_debugfs.c:1074:1: error: incompatible types in comparison expression (different type sizes)
net/bluetooth/hci_debugfs.c:1076:1: error: incompatible types in comparison expression (different type sizes)
drivers/base/firmware_class.c:272:9: warning: context imbalance in 'fw_free_buf' - wrong count at exit
sound/pci/hda/hda_proc.c:530:18: error: bad integer constant expression
sound/pci/hda/hda_proc.c:531:18: error: bad integer constant expression
sound/pci/hda/hda_proc.c:532:18: error: bad integer constant expression
sound/pci/hda/hda_proc.c:533:18: error: bad integer constant expression
sound/pci/hda/hda_proc.c:534:18: error: bad integer constant expression
sound/pci/hda/hda_proc.c:535:18: error: bad integer constant expression
sound/pci/hda/hda_proc.c:536:18: error: bad integer constant expression
sound/pci/hda/hda_proc.c:537:18: error: bad integer constant expression
net/core/sock.c:1585:9: warning: context imbalance in 'sk_clone_lock' - different lock contexts for basic block
net/core/sock.c:2416:6: warning: context imbalance in 'lock_sock_fast' - different lock contexts for basic block
net/core/sock.c:2847:13: warning: context imbalance in 'proto_seq_start' - wrong count at exit
net/core/sock.c:2859:13: warning: context imbalance in 'proto_seq_stop' - wrong count at exit
lib/vsprintf.c:698:18: warning: Variable length array is used.
lib/vsprintf.c:701:38: error: cannot size expression
include/net/sock.h:1480:31: warning: context imbalance in 'skb_free_datagram_locked' - unexpected unlock
net/core/scm.c:235:26: warning: cast removes address space of expression
net/core/scm.c:235:26: warning: incorrect type in argument 1 (different address spaces)
net/core/scm.c:235:26:    expected void [noderef] <asn:1>*to
net/core/scm.c:235:26:    got void *<noident>
net/core/scm.c:271:48: warning: cast removes address space of expression
net/core/gen_stats.c:61:1: warning: context imbalance in 'gnet_stats_start_copy_compat' - wrong count at exit
net/core/gen_stats.c:35:9: warning: context imbalance in 'gnet_stats_copy_basic' - unexpected unlock
net/core/gen_stats.c:35:9: warning: context imbalance in 'gnet_stats_copy_rate_est' - unexpected unlock
net/core/gen_stats.c:35:9: warning: context imbalance in 'gnet_stats_copy_queue' - unexpected unlock
net/core/gen_stats.c:35:9: warning: context imbalance in 'gnet_stats_copy_app' - unexpected unlock
net/core/gen_stats.c:35:9: warning: context imbalance in 'gnet_stats_finish_copy' - unexpected unlock
drivers/bus/arm-cci.c:792:6: warning: symbol 'pmu_event_set_period' was not declared. Should it be static?
drivers/bus/arm-cci.c:1050:28: warning: Variable length array is used.
include/trace/events/net.h:170:1: error: directive in argument list
include/trace/events/net.h:172:1: error: directive in argument list
include/trace/events/net.h:174:1: error: directive in argument list
net/core/sysctl_net_core.c:158:23: error: incompatible types in comparison expression (different type sizes)
fs/jbd2/transaction.c:190:17: warning: context imbalance in 'add_transaction_credits' - unexpected unlock
fs/jbd2/transaction.c:318:9: warning: context imbalance in 'start_this_handle' - different lock contexts for basic block
fs/jbd2/transaction.c:1163:20: warning: context imbalance in 'jbd2_journal_get_create_access' - different lock contexts for basic block
drivers/char/mem.c:223:12: warning: symbol 'phys_mem_access_prot_allowed' was not declared. Should it be static?
net/core/rtnetlink.c:2177:41: warning: Variable length array is used.
net/core/rtnetlink.c:2178:49: warning: Variable length array is used.
net/core/filter.c:303:33: error: subtraction of functions? Share your drugs
net/core/filter.c:306:33: error: subtraction of functions? Share your drugs
net/core/filter.c:309:33: error: subtraction of functions? Share your drugs
net/core/filter.c:312:33: error: subtraction of functions? Share your drugs
net/core/filter.c:315:33: error: subtraction of functions? Share your drugs
net/core/filter.c:739:30: error: cannot size expression
drivers/char/random.c:1498:25: error: incompatible types in comparison expression (different type sizes)
net/core/dev_ioctl.c:149:32: error: incompatible types in comparison expression (different type sizes)
net/core/dev_ioctl.c:270:24: error: incompatible types in comparison expression (different type sizes)
drivers/clk/clk.c:3186:37: warning: incorrect type in assignment (different modifiers)
drivers/clk/clk.c:3186:37:    expected void ( *[usertype] clk_init_cb )( ... )
drivers/clk/clk.c:3186:37:    got void const *const data
sound/pci/hda/hda_tegra.c:119:9: warning: incorrect type in argument 2 (different address spaces)
sound/pci/hda/hda_tegra.c:119:9:    expected void volatile [noderef] <asn:2>*addr
sound/pci/hda/hda_tegra.c:119:9:    got unsigned int [usertype] *addr
sound/pci/hda/hda_tegra.c:124:16: warning: incorrect type in argument 1 (different address spaces)
sound/pci/hda/hda_tegra.c:124:16:    expected void const volatile [noderef] <asn:2>*addr
sound/pci/hda/hda_tegra.c:124:16:    got unsigned int [usertype] *addr
sound/pci/hda/hda_tegra.c:133:13: warning: incorrect type in argument 1 (different address spaces)
sound/pci/hda/hda_tegra.c:133:13:    expected void const volatile [noderef] <asn:2>*addr
sound/pci/hda/hda_tegra.c:133:13:    got void *dword_addr
sound/pci/hda/hda_tegra.c:136:9: warning: incorrect type in argument 2 (different address spaces)
sound/pci/hda/hda_tegra.c:136:9:    expected void volatile [noderef] <asn:2>*addr
sound/pci/hda/hda_tegra.c:136:9:    got void *dword_addr
sound/pci/hda/hda_tegra.c:145:13: warning: incorrect type in argument 1 (different address spaces)
sound/pci/hda/hda_tegra.c:145:13:    expected void const volatile [noderef] <asn:2>*addr
sound/pci/hda/hda_tegra.c:145:13:    got void *dword_addr
sound/pci/hda/hda_tegra.c:155:13: warning: incorrect type in argument 1 (different address spaces)
sound/pci/hda/hda_tegra.c:155:13:    expected void const volatile [noderef] <asn:2>*addr
sound/pci/hda/hda_tegra.c:155:13:    got void *dword_addr
sound/pci/hda/hda_tegra.c:158:9: warning: incorrect type in argument 2 (different address spaces)
sound/pci/hda/hda_tegra.c:158:9:    expected void volatile [noderef] <asn:2>*addr
sound/pci/hda/hda_tegra.c:158:9:    got void *dword_addr
sound/pci/hda/hda_tegra.c:167:13: warning: incorrect type in argument 1 (different address spaces)
sound/pci/hda/hda_tegra.c:167:13:    expected void const volatile [noderef] <asn:2>*addr
sound/pci/hda/hda_tegra.c:167:13:    got void *dword_addr
sound/pci/hda/hda_tegra.c:172:23: warning: incorrect type in initializer (incompatible argument 2 (different address spaces))
sound/pci/hda/hda_tegra.c:172:23:    expected void ( *reg_writel )( ... )
sound/pci/hda/hda_tegra.c:172:23:    got void ( static [toplevel] *<noident> )( ... )
sound/pci/hda/hda_tegra.c:173:22: warning: incorrect type in initializer (incompatible argument 1 (different address spaces))
sound/pci/hda/hda_tegra.c:173:22:    expected unsigned int ( *reg_readl )( ... )
sound/pci/hda/hda_tegra.c:173:22:    got unsigned int ( static [toplevel] *<noident> )( ... )
sound/pci/hda/hda_tegra.c:174:23: warning: incorrect type in initializer (incompatible argument 2 (different address spaces))
sound/pci/hda/hda_tegra.c:174:23:    expected void ( *reg_writew )( ... )
sound/pci/hda/hda_tegra.c:174:23:    got void ( static [toplevel] *<noident> )( ... )
sound/pci/hda/hda_tegra.c:175:22: warning: incorrect type in initializer (incompatible argument 1 (different address spaces))
sound/pci/hda/hda_tegra.c:175:22:    expected unsigned short ( *reg_readw )( ... )
sound/pci/hda/hda_tegra.c:175:22:    got unsigned short ( static [toplevel] *<noident> )( ... )
sound/pci/hda/hda_tegra.c:176:23: warning: incorrect type in initializer (incompatible argument 2 (different address spaces))
sound/pci/hda/hda_tegra.c:176:23:    expected void ( *reg_writeb )( ... )
sound/pci/hda/hda_tegra.c:176:23:    got void ( static [toplevel] *<noident> )( ... )
sound/pci/hda/hda_tegra.c:177:22: warning: incorrect type in initializer (incompatible argument 1 (different address spaces))
sound/pci/hda/hda_tegra.c:177:22:    expected unsigned char ( *reg_readb )( ... )
sound/pci/hda/hda_tegra.c:177:22:    got unsigned char ( static [toplevel] *<noident> )( ... )
net/core/net-sysfs.c:1484:19: warning: symbol 'of_find_net_device_by_node' was not declared. Should it be static?
fs/jbd2/checkpoint.c:146:36: warning: context imbalance in '__jbd2_log_wait_for_space' - unexpected unlock
drivers/clocksource/clksrc-of.c:37:27: warning: incorrect type in assignment (different modifiers)
drivers/clocksource/clksrc-of.c:37:27:    expected void ( *[usertype] init_func )( ... )
drivers/clocksource/clksrc-of.c:37:27:    got void const *const data
drivers/clocksource/tegra20_timer.c:264:6: warning: symbol 'tegra_timer_suspend' was not declared. Should it be static?
drivers/clocksource/tegra20_timer.c:269:6: warning: symbol 'tegra_timer_resume' was not declared. Should it be static?
sound/soc/soc-core.c:257:20: error: incompatible types in comparison expression (different type sizes)
drivers/cpufreq/cpufreq.c:105:1: warning: symbol 'cpufreq_governor_lock' was not declared. Should it be static?
drivers/cpufreq/cpufreq.c:242:23: warning: symbol 'cpufreq_cpu_get_raw' was not declared. Should it be static?
net/ipv6/anycast.c:459:25: warning: context imbalance in 'ac6_get_next' - unexpected unlock
net/ipv6/anycast.c:481:9: warning: context imbalance in 'ac6_get_idx' - wrong count at exit
include/linux/rcupdate.h:912:9: warning: context imbalance in 'ac6_seq_stop' - unexpected unlock
drivers/clk/tegra/clk-divider.c:140:9: warning: context imbalance in 'clk_frac_div_set_rate' - different lock contexts for basic block
drivers/gpio/gpiolib.c:1343:36: warning: Variable length array is used.
drivers/gpio/gpiolib.c:1344:36: warning: Variable length array is used.
drivers/gpio/gpiolib.c:1350:17: error: cannot size expression
drivers/clk/tegra/clk-pll.c:326:12: warning: context imbalance in 'clk_pll_enable' - different lock contexts for basic block
drivers/clk/tegra/clk-pll.c:355:9: warning: context imbalance in 'clk_pll_disable' - different lock contexts for basic block
drivers/clk/tegra/clk-pll.c:623:9: warning: context imbalance in 'clk_pll_set_rate' - different lock contexts for basic block
drivers/clk/tegra/clk-pll.c:874:12: warning: context imbalance in 'clk_pll_iddq_enable' - different lock contexts for basic block
drivers/clk/tegra/clk-pll.c:916:9: warning: context imbalance in 'clk_pll_iddq_disable' - different lock contexts for basic block
drivers/clk/tegra/clk-pll.c:1001:9: warning: context imbalance in 'clk_pllxc_set_rate' - different lock contexts for basic block
drivers/clk/tegra/clk-pll.c:1056:9: warning: context imbalance in 'clk_pllm_set_rate' - different lock contexts for basic block
drivers/clk/tegra/clk-pll.c:1072:12: warning: context imbalance in 'clk_pllc_enable' - different lock contexts for basic block
drivers/clk/tegra/clk-pll.c:1123:9: warning: context imbalance in 'clk_pllc_disable' - different lock contexts for basic block
drivers/clk/tegra/clk-pll.c:1203:9: warning: context imbalance in 'clk_pllc_set_rate' - different lock contexts for basic block
drivers/clk/tegra/clk-pll.c:1258:9: warning: context imbalance in 'clk_pllre_set_rate' - different lock contexts for basic block
drivers/clk/tegra/clk-pll.c:1390:9: warning: context imbalance in 'clk_plle_tegra114_enable' - different lock contexts for basic block
drivers/clk/tegra/clk-pll.c:1409:9: warning: context imbalance in 'clk_plle_tegra114_disable' - different lock contexts for basic block
net/ipv6/ipv6_sockglue.c:1018:33: warning: incorrect type in assignment (different address spaces)
net/ipv6/ipv6_sockglue.c:1018:33:    expected void *msg_control
net/ipv6/ipv6_sockglue.c:1018:33:    got char [noderef] <asn:1>*optval
drivers/clk/tegra/clk-pll-out.c:41:12: warning: context imbalance in 'clk_pll_out_enable' - different lock contexts for basic block
drivers/clk/tegra/clk-pll-out.c:79:9: warning: context imbalance in 'clk_pll_out_disable' - different lock contexts for basic block
drivers/clk/tegra/clk-super.c:121:9: warning: context imbalance in 'clk_super_set_parent' - different lock contexts for basic block
include/net/sock.h:1480:31: warning: context imbalance in 'udpv6_recvmsg' - unexpected unlock
net/ipv6/icmp.c:390:13: warning: context imbalance in 'icmp6_send' - different lock contexts for basic block
net/ipv6/icmp.c:546:13: warning: context imbalance in 'icmpv6_echo_reply' - different lock contexts for basic block
net/ipv6/mcast.c:249:25: warning: context imbalance in 'ip6_mc_find_dev_rcu' - different lock contexts for basic block
net/ipv6/mcast.c:436:9: warning: context imbalance in 'ip6_mc_source' - unexpected unlock
net/ipv6/mcast.c:525:9: warning: context imbalance in 'ip6_mc_msfilter' - unexpected unlock
net/ipv6/mcast.c:572:21: warning: context imbalance in 'ip6_mc_msfget' - unexpected unlock
net/ipv6/mcast.c:2616:25: warning: context imbalance in 'igmp6_mc_get_next' - unexpected unlock
net/ipv6/mcast.c:2638:9: warning: context imbalance in 'igmp6_mc_get_idx' - wrong count at exit
net/ipv6/mcast.c:2665:9: warning: context imbalance in 'igmp6_mc_seq_stop' - unexpected unlock
net/ipv6/mcast.c:2751:31: warning: context imbalance in 'igmp6_mcf_get_next' - unexpected unlock
net/ipv6/mcast.c:2783:9: warning: context imbalance in 'igmp6_mcf_get_idx' - wrong count at exit
net/ipv6/mcast.c:2800:9: warning: context imbalance in 'igmp6_mcf_seq_next' - wrong count at exit
net/ipv6/mcast.c:2813:17: warning: context imbalance in 'igmp6_mcf_seq_stop' - unexpected unlock
net/ipv6/tcp_ipv6.c:934:20: warning: context imbalance in 'tcp_v6_hnd_req' - different lock contexts for basic block
drivers/gpu/drm/drm_fb_helper.c:1856:27: warning: expression using sizeof bool
drivers/i2c/i2c-core.c:2558:36: warning: dubious: x | !y
drivers/gpu/drm/drm_bufs.c:213:45: warning: incorrect type in assignment (different address spaces)
drivers/gpu/drm/drm_bufs.c:213:45:    expected void *handle
drivers/gpu/drm/drm_bufs.c:213:45:    got void [noderef] <asn:2>*
drivers/gpu/drm/drm_bufs.c:216:45: warning: incorrect type in assignment (different address spaces)
drivers/gpu/drm/drm_bufs.c:216:45:    expected void *handle
drivers/gpu/drm/drm_bufs.c:216:45:    got void [noderef] <asn:2>*
drivers/gpu/drm/drm_bufs.c:331:36: warning: incorrect type in argument 1 (different address spaces)
drivers/gpu/drm/drm_bufs.c:331:36:    expected void volatile [noderef] <asn:2>*iomem_cookie
drivers/gpu/drm/drm_bufs.c:331:36:    got void *handle
drivers/gpu/drm/drm_bufs.c:348:36: warning: incorrect type in argument 1 (different address spaces)
drivers/gpu/drm/drm_bufs.c:348:36:    expected void volatile [noderef] <asn:2>*iomem_cookie
drivers/gpu/drm/drm_bufs.c:348:36:    got void *handle
drivers/gpu/drm/drm_bufs.c:454:28: warning: incorrect type in argument 1 (different address spaces)
drivers/gpu/drm/drm_bufs.c:454:28:    expected void volatile [noderef] <asn:2>*iomem_cookie
drivers/gpu/drm/drm_bufs.c:454:28:    got void *handle
net/ipv6/xfrm6_state.c:64:19: warning: Variable length array is used.
net/ipv6/xfrm6_state.c:66:9: error: cannot size expression
drivers/iio/industrialio-event.c:68:26: warning: cast to non-scalar
drivers/iio/industrialio-event.c:68:26: warning: cast from non-scalar
fs/nfs_common/grace.c:66:1: warning: symbol '__state_in_grace' was not declared. Should it be static?
net/ipv4/inet_connection_sock.c:215:9: warning: context imbalance in 'inet_csk_get_port' - different lock contexts for basic block
drivers/irqchip/irq-tegra.c:93:31: warning: incorrect type in initializer (different address spaces)
drivers/irqchip/irq-tegra.c:93:31:    expected void [noderef] <asn:2>*base
drivers/irqchip/irq-tegra.c:93:31:    got void *chip_data
drivers/irqchip/irq-tegra.c:93:31: warning: incorrect type in initializer (different address spaces)
drivers/irqchip/irq-tegra.c:93:31:    expected void [noderef] <asn:2>*base
drivers/irqchip/irq-tegra.c:93:31:    got void *chip_data
drivers/irqchip/irq-tegra.c:93:31: warning: incorrect type in initializer (different address spaces)
drivers/irqchip/irq-tegra.c:93:31:    expected void [noderef] <asn:2>*base
drivers/irqchip/irq-tegra.c:93:31:    got void *chip_data
drivers/irqchip/irq-tegra.c:93:31: warning: incorrect type in initializer (different address spaces)
drivers/irqchip/irq-tegra.c:93:31:    expected void [noderef] <asn:2>*base
drivers/irqchip/irq-tegra.c:93:31:    got void *chip_data
drivers/irqchip/irq-tegra.c:266:57: warning: incorrect type in argument 5 (different address spaces)
drivers/irqchip/irq-tegra.c:266:57:    expected void *chip_data
drivers/irqchip/irq-tegra.c:266:57:    got void [noderef] <asn:2>*<noident>
include/net/sock.h:1480:31: warning: context imbalance in 'tcp_ioctl' - unexpected unlock
drivers/input/joydev.c:444:15: error: incompatible types in comparison expression (different type sizes)
drivers/input/joydev.c:480:15: error: incompatible types in comparison expression (different type sizes)
drivers/iommu/of_iommu.c:182:55: warning: incorrect type in initializer (different modifiers)
drivers/iommu/of_iommu.c:182:55:    expected int ( *const [usertype] init_fn )( ... )
drivers/iommu/of_iommu.c:182:55:    got void const *const data
drivers/gpu/drm/drm_memory.c:128:29: warning: incorrect type in assignment (different address spaces)
drivers/gpu/drm/drm_memory.c:128:29:    expected void *handle
drivers/gpu/drm/drm_memory.c:128:29:    got void [noderef] <asn:2>*
drivers/gpu/drm/drm_memory.c:137:29: warning: incorrect type in assignment (different address spaces)
drivers/gpu/drm/drm_memory.c:137:29:    expected void *handle
drivers/gpu/drm/drm_memory.c:137:29:    got void [noderef] <asn:2>*
drivers/gpu/drm/drm_memory.c:149:28: warning: incorrect type in argument 1 (different address spaces)
drivers/gpu/drm/drm_memory.c:149:28:    expected void volatile [noderef] <asn:2>*iomem_cookie
drivers/gpu/drm/drm_memory.c:149:28:    got void *handle
drivers/input/keyboard/cros_ec_keyb.c:180:31: warning: Variable length array is used.
drivers/input/keyboard/cros_ec_keyb.c:319:32: warning: Variable length array is used.
drivers/input/keyboard/cros_ec_keyb.c:320:32: warning: Variable length array is used.
drivers/input/keyboard/cros_ec_keyb.c:333:46: error: cannot size expression
drivers/input/keyboard/cros_ec_keyb.c:335:55: error: cannot size expression
drivers/gpu/drm/drm_vm.c:260:44: warning: incorrect type in argument 1 (different address spaces)
drivers/gpu/drm/drm_vm.c:260:44:    expected void volatile [noderef] <asn:2>*iomem_cookie
drivers/gpu/drm/drm_vm.c:260:44:    got void *handle
drivers/gpu/drm/drm_vm.c:498:51: error: undefined identifier '_PAGE_RW'
drivers/gpu/drm/drm_vm.c:582:51: error: undefined identifier '_PAGE_RW'
drivers/input/mouse/synaptics.c:893:77: warning: dubious: !x | y
drivers/input/mouse/focaltech.c:393:6: warning: symbol 'focaltech_set_resolution' was not declared. Should it be static?
drivers/gpu/drm/drm_modes.c:1494:1: warning: no newline at end of file
drivers/gpu/drm/drm_atomic.c:441:5: warning: symbol 'drm_atomic_crtc_get_property' was not declared. Should it be static?
drivers/gpu/drm/drm_atomic.c:905:5: warning: symbol 'drm_atomic_get_property' was not declared. Should it be static?
net/ipv4/tcp_ipv4.c:1341:20: warning: context imbalance in 'tcp_v4_hnd_req' - different lock contexts for basic block
include/net/sock.h:521:54: warning: context imbalance in 'listening_get_next' - unexpected unlock
net/ipv4/tcp_ipv4.c:1951:9: warning: context imbalance in 'established_get_first' - wrong count at exit
net/ipv4/tcp_ipv4.c:1971:40: warning: context imbalance in 'established_get_next' - unexpected unlock
net/ipv4/tcp_ipv4.c:2101:69: warning: context imbalance in 'tcp_seq_stop' - unexpected unlock
net/ipv4/tcp_minisocks.c:828:9: warning: context imbalance in 'tcp_child_process' - unexpected unlock
drivers/media/v4l2-core/v4l2-ioctl.c:232:9: error: cannot size expression
drivers/media/v4l2-core/v4l2-ioctl.c:252:9: error: cannot size expression
drivers/media/v4l2-core/v4l2-ioctl.c:257:17: error: cannot size expression
drivers/media/v4l2-core/v4l2-ioctl.c:275:17: error: cannot size expression
drivers/media/v4l2-core/v4l2-ioctl.c:298:17: error: cannot size expression
drivers/media/v4l2-core/v4l2-ioctl.c:358:9: error: cannot size expression
drivers/media/v4l2-core/v4l2-ioctl.c:429:9: error: cannot size expression
drivers/media/v4l2-core/v4l2-ioctl.c:442:9: error: cannot size expression
drivers/media/v4l2-core/v4l2-ioctl.c:442:9: error: cannot size expression
drivers/media/v4l2-core/v4l2-ioctl.c:478:9: error: cannot size expression
drivers/media/v4l2-core/v4l2-ioctl.c:497:9: error: cannot size expression
drivers/media/v4l2-core/v4l2-ioctl.c:583:9: error: cannot size expression
drivers/media/v4l2-core/v4l2-ioctl.c:598:9: error: cannot size expression
drivers/media/v4l2-core/v4l2-ioctl.c:608:9: error: cannot size expression
drivers/media/v4l2-core/v4l2-ioctl.c:812:25: error: cannot size expression
drivers/media/v4l2-core/v4l2-ioctl.c:847:9: error: cannot size expression
drivers/gpu/drm/ati_pcigart.c:194:9: error: undefined identifier 'wbinvd'
net/ipv4/tcp_fastopen.c:216:9: warning: context imbalance in 'tcp_fastopen_create_child' - unexpected unlock
fs/notify/fdinfo.c:51:87: warning: Using plain integer as NULL pointer
fs/notify/fdinfo.c:95:6: warning: symbol 'inotify_show_fdinfo' was not declared. Should it be static?
net/ipv4/raw.c:982:21: warning: context imbalance in 'raw_seq_start' - wrong count at exit
net/ipv4/raw.c:999:6: warning: context imbalance in 'raw_seq_stop' - unexpected unlock
drivers/media/v4l2-core/v4l2-of.c:51:33: error: cannot size expression
net/mac80211/aes_ccm.c:27:56: warning: Variable length array is used.
net/mac80211/aes_ccm.c:32:9: error: cannot size expression
net/mac80211/aes_ccm.c:59:9: error: cannot size expression
fs/proc/task_mmu.c:583:18: error: bad integer constant expression
fs/proc/task_mmu.c:584:18: error: bad integer constant expression
fs/proc/task_mmu.c:585:18: error: bad integer constant expression
fs/proc/task_mmu.c:586:18: error: bad integer constant expression
fs/proc/task_mmu.c:587:18: error: bad integer constant expression
fs/proc/task_mmu.c:588:18: error: bad integer constant expression
fs/proc/task_mmu.c:589:18: error: bad integer constant expression
fs/proc/task_mmu.c:590:18: error: bad integer constant expression
fs/proc/task_mmu.c:591:18: error: bad integer constant expression
fs/proc/task_mmu.c:592:18: error: bad integer constant expression
fs/proc/task_mmu.c:593:18: error: bad integer constant expression
fs/proc/task_mmu.c:597:18: error: bad integer constant expression
fs/proc/task_mmu.c:598:18: error: bad integer constant expression
fs/proc/task_mmu.c:599:18: error: bad integer constant expression
fs/proc/task_mmu.c:600:18: error: bad integer constant expression
fs/proc/task_mmu.c:601:18: error: bad integer constant expression
fs/proc/task_mmu.c:602:18: error: bad integer constant expression
fs/proc/task_mmu.c:603:18: error: bad integer constant expression
fs/proc/task_mmu.c:604:18: error: bad integer constant expression
fs/proc/task_mmu.c:605:18: error: bad integer constant expression
fs/proc/task_mmu.c:606:18: error: bad integer constant expression
fs/proc/task_mmu.c:607:18: error: bad integer constant expression
fs/proc/task_mmu.c:608:18: error: bad integer constant expression
fs/proc/task_mmu.c:612:18: error: bad integer constant expression
fs/proc/task_mmu.c:613:18: error: bad integer constant expression
fs/proc/task_mmu.c:614:18: error: bad integer constant expression
fs/proc/task_mmu.c:615:18: error: bad integer constant expression
fs/proc/task_mmu.c:616:18: error: bad integer constant expression
fs/proc/task_mmu.c:617:18: error: bad integer constant expression
fs/proc/task_mmu.c:1312:23: error: incompatible types in comparison expression (different type sizes)
net/mac80211/aes_gcm.c:23:56: warning: Variable length array is used.
net/mac80211/aes_gcm.c:28:9: error: cannot size expression
net/mac80211/aes_gcm.c:54:9: error: cannot size expression
net/mac80211/aes_gmac.c:28:56: warning: Variable length array is used.
net/mac80211/aes_gmac.c:37:9: error: cannot size expression
include/net/sock.h:1480:31: warning: context imbalance in 'first_packet_length' - unexpected unlock
include/net/sock.h:1480:31: warning: context imbalance in 'udp_recvmsg' - unexpected unlock
include/net/sock.h:1480:31: warning: context imbalance in 'udp_destroy_sock' - unexpected unlock
net/ipv4/udp.c:2330:9: warning: context imbalance in 'udp_get_first' - wrong count at exit
net/ipv4/udp.c:2344:39: warning: context imbalance in 'udp_get_next' - unexpected unlock
net/ipv4/udp.c:2386:31: warning: context imbalance in 'udp_seq_stop' - unexpected unlock
drivers/media/v4l2-core/v4l2-dv-timings.c:35:9: error: unknown field name in initializer
drivers/media/v4l2-core/v4l2-dv-timings.c:36:9: error: unknown field name in initializer
drivers/media/v4l2-core/v4l2-dv-timings.c:37:9: error: unknown field name in initializer
drivers/media/v4l2-core/v4l2-dv-timings.c:38:9: error: unknown field name in initializer
drivers/media/v4l2-core/v4l2-dv-timings.c:39:9: error: unknown field name in initializer
drivers/media/v4l2-core/v4l2-dv-timings.c:40:9: error: unknown field name in initializer
drivers/media/v4l2-core/v4l2-dv-timings.c:41:9: error: unknown field name in initializer
drivers/media/v4l2-core/v4l2-dv-timings.c:42:9: error: unknown field name in initializer
drivers/media/v4l2-core/v4l2-dv-timings.c:43:9: error: unknown field name in initializer
drivers/media/v4l2-core/v4l2-dv-timings.c:44:9: error: unknown field name in initializer
drivers/media/v4l2-core/v4l2-dv-timings.c:45:9: error: unknown field name in initializer
drivers/media/v4l2-core/v4l2-dv-timings.c:46:9: error: unknown field name in initializer
drivers/media/v4l2-core/v4l2-dv-timings.c:47:9: error: unknown field name in initializer
drivers/media/v4l2-core/v4l2-dv-timings.c:48:9: error: unknown field name in initializer
drivers/media/v4l2-core/v4l2-dv-timings.c:49:9: error: unknown field name in initializer
drivers/media/v4l2-core/v4l2-dv-timings.c:50:9: error: unknown field name in initializer
drivers/media/v4l2-core/v4l2-dv-timings.c:51:9: error: unknown field name in initializer
drivers/media/v4l2-core/v4l2-dv-timings.c:52:9: error: unknown field name in initializer
drivers/media/v4l2-core/v4l2-dv-timings.c:53:9: error: unknown field name in initializer
drivers/media/v4l2-core/v4l2-dv-timings.c:54:9: error: unknown field name in initializer
drivers/media/v4l2-core/v4l2-dv-timings.c:55:9: error: unknown field name in initializer
drivers/media/v4l2-core/v4l2-dv-timings.c:56:9: error: unknown field name in initializer
drivers/media/v4l2-core/v4l2-dv-timings.c:57:9: error: unknown field name in initializer
drivers/media/v4l2-core/v4l2-dv-timings.c:58:9: error: unknown field name in initializer
drivers/media/v4l2-core/v4l2-dv-timings.c:59:9: error: unknown field name in initializer
drivers/media/v4l2-core/v4l2-dv-timings.c:60:9: error: unknown field name in initializer
drivers/media/v4l2-core/v4l2-dv-timings.c:61:9: error: unknown field name in initializer
drivers/media/v4l2-core/v4l2-dv-timings.c:62:9: error: unknown field name in initializer
drivers/media/v4l2-core/v4l2-dv-timings.c:63:9: error: unknown field name in initializer
drivers/media/v4l2-core/v4l2-dv-timings.c:64:9: error: unknown field name in initializer
drivers/media/v4l2-core/v4l2-dv-timings.c:65:9: error: unknown field name in initializer
drivers/media/v4l2-core/v4l2-dv-timings.c:66:9: error: unknown field name in initializer
drivers/media/v4l2-core/v4l2-dv-timings.c:67:9: error: unknown field name in initializer
drivers/media/v4l2-core/v4l2-dv-timings.c:68:9: error: unknown field name in initializer
drivers/media/v4l2-core/v4l2-dv-timings.c:69:9: error: unknown field name in initializer
drivers/media/v4l2-core/v4l2-dv-timings.c:70:9: error: unknown field name in initializer
drivers/media/v4l2-core/v4l2-dv-timings.c:71:9: error: unknown field name in initializer
drivers/media/v4l2-core/v4l2-dv-timings.c:72:9: error: unknown field name in initializer
drivers/media/v4l2-core/v4l2-dv-timings.c:73:9: error: unknown field name in initializer
drivers/media/v4l2-core/v4l2-dv-timings.c:74:9: error: unknown field name in initializer
drivers/media/v4l2-core/v4l2-dv-timings.c:75:9: error: unknown field name in initializer
drivers/media/v4l2-core/v4l2-dv-timings.c:76:9: error: unknown field name in initializer
drivers/media/v4l2-core/v4l2-dv-timings.c:77:9: error: unknown field name in initializer
drivers/media/v4l2-core/v4l2-dv-timings.c:78:9: error: unknown field name in initializer
drivers/media/v4l2-core/v4l2-dv-timings.c:79:9: error: unknown field name in initializer
drivers/media/v4l2-core/v4l2-dv-timings.c:80:9: error: unknown field name in initializer
drivers/media/v4l2-core/v4l2-dv-timings.c:81:9: error: unknown field name in initializer
drivers/media/v4l2-core/v4l2-dv-timings.c:82:9: error: unknown field name in initializer
drivers/media/v4l2-core/v4l2-dv-timings.c:83:9: error: unknown field name in initializer
drivers/media/v4l2-core/v4l2-dv-timings.c:84:9: error: unknown field name in initializer
drivers/media/v4l2-core/v4l2-dv-timings.c:85:9: error: unknown field name in initializer
drivers/media/v4l2-core/v4l2-dv-timings.c:86:9: error: unknown field name in initializer
drivers/media/v4l2-core/v4l2-dv-timings.c:87:9: error: unknown field name in initializer
drivers/media/v4l2-core/v4l2-dv-timings.c:88:9: error: unknown field name in initializer
drivers/media/v4l2-core/v4l2-dv-timings.c:89:9: error: unknown field name in initializer
drivers/media/v4l2-core/v4l2-dv-timings.c:90:9: error: unknown field name in initializer
drivers/media/v4l2-core/v4l2-dv-timings.c:91:9: error: unknown field name in initializer
drivers/media/v4l2-core/v4l2-dv-timings.c:92:9: error: unknown field name in initializer
drivers/media/v4l2-core/v4l2-dv-timings.c:93:9: error: unknown field name in initializer
drivers/media/v4l2-core/v4l2-dv-timings.c:94:9: error: unknown field name in initializer
drivers/media/v4l2-core/v4l2-dv-timings.c:95:9: error: unknown field name in initializer
drivers/media/v4l2-core/v4l2-dv-timings.c:96:9: error: unknown field name in initializer
drivers/media/v4l2-core/v4l2-dv-timings.c:97:9: error: unknown field name in initializer
drivers/media/v4l2-core/v4l2-dv-timings.c:98:9: error: unknown field name in initializer
drivers/media/v4l2-core/v4l2-dv-timings.c:99:9: error: unknown field name in initializer
drivers/media/v4l2-core/v4l2-dv-timings.c:100:9: error: unknown field name in initializer
drivers/media/v4l2-core/v4l2-dv-timings.c:101:9: error: unknown field name in initializer
drivers/media/v4l2-core/v4l2-dv-timings.c:102:9: error: unknown field name in initializer
drivers/media/v4l2-core/v4l2-dv-timings.c:103:9: error: unknown field name in initializer
drivers/media/v4l2-core/v4l2-dv-timings.c:104:9: error: unknown field name in initializer
drivers/media/v4l2-core/v4l2-dv-timings.c:105:9: error: unknown field name in initializer
drivers/media/v4l2-core/v4l2-dv-timings.c:106:9: error: unknown field name in initializer
drivers/media/v4l2-core/v4l2-dv-timings.c:107:9: error: unknown field name in initializer
drivers/media/v4l2-core/v4l2-dv-timings.c:108:9: error: unknown field name in initializer
drivers/media/v4l2-core/v4l2-dv-timings.c:109:9: error: unknown field name in initializer
drivers/media/v4l2-core/v4l2-dv-timings.c:110:9: error: unknown field name in initializer
drivers/media/v4l2-core/v4l2-dv-timings.c:111:9: error: unknown field name in initializer
drivers/media/v4l2-core/v4l2-dv-timings.c:112:9: error: unknown field name in initializer
drivers/media/v4l2-core/v4l2-dv-timings.c:113:9: error: unknown field name in initializer
drivers/media/v4l2-core/v4l2-dv-timings.c:114:9: error: unknown field name in initializer
drivers/media/v4l2-core/v4l2-dv-timings.c:115:9: error: unknown field name in initializer
drivers/media/v4l2-core/v4l2-dv-timings.c:116:9: error: unknown field name in initializer
drivers/media/v4l2-core/v4l2-dv-timings.c:117:9: error: unknown field name in initializer
drivers/media/v4l2-core/v4l2-dv-timings.c:118:9: error: unknown field name in initializer
drivers/media/v4l2-core/v4l2-dv-timings.c:119:9: error: unknown field name in initializer
drivers/media/v4l2-core/v4l2-dv-timings.c:120:9: error: unknown field name in initializer
drivers/media/v4l2-core/v4l2-dv-timings.c:121:9: error: unknown field name in initializer
drivers/media/v4l2-core/v4l2-dv-timings.c:122:9: error: unknown field name in initializer
drivers/media/v4l2-core/v4l2-dv-timings.c:123:9: error: unknown field name in initializer
drivers/media/v4l2-core/v4l2-dv-timings.c:124:9: error: unknown field name in initializer
drivers/media/v4l2-core/v4l2-dv-timings.c:125:9: error: unknown field name in initializer
drivers/media/v4l2-core/v4l2-dv-timings.c:126:9: error: unknown field name in initializer
drivers/media/v4l2-core/v4l2-dv-timings.c:127:9: error: unknown field name in initializer
drivers/media/v4l2-core/v4l2-dv-timings.c:128:9: error: unknown field name in initializer
drivers/media/v4l2-core/v4l2-dv-timings.c:129:9: error: unknown field name in initializer
drivers/media/v4l2-core/v4l2-dv-timings.c:130:9: error: unknown field name in initializer
drivers/media/v4l2-core/v4l2-dv-timings.c:131:9: error: unknown field name in initializer
drivers/media/v4l2-core/v4l2-dv-timings.c:132:9: error: unknown field name in initializer
drivers/media/v4l2-core/v4l2-dv-timings.c:133:9: error: unknown field name in initializer
drivers/media/v4l2-core/v4l2-dv-timings.c:134:9: error: unknown field name in initializer
drivers/media/v4l2-core/v4l2-dv-timings.c:135:9: error: unknown field name in initializer
drivers/media/v4l2-core/v4l2-dv-timings.c:136:9: error: too many errors
fs/proc/base.c:1962:25: warning: cast to restricted fmode_t
fs/proc/base.c:2021:42: warning: cast from restricted fmode_t
fs/proc/base.c:2120:48: warning: cast from restricted fmode_t
fs/proc/base.c:2148:13: warning: context imbalance in 'timers_start' - wrong count at exit
fs/proc/base.c:2174:36: warning: context imbalance in 'timers_stop' - unexpected unlock
fs/proc/array.c:412:43: warning: implicit cast to nocast type
fs/proc/array.c:413:26: warning: implicit cast to nocast type
fs/proc/array.c:446:62: warning: incorrect type in argument 2 (different modifiers)
fs/proc/array.c:446:62:    expected unsigned long [nocast] [usertype] *ut
fs/proc/array.c:446:62:    got unsigned long *<noident>
fs/proc/array.c:446:62: warning: implicit cast to nocast type
fs/proc/array.c:446:70: warning: incorrect type in argument 3 (different modifiers)
fs/proc/array.c:446:70:    expected unsigned long [nocast] [usertype] *st
fs/proc/array.c:446:70:    got unsigned long *<noident>
fs/proc/array.c:446:70: warning: implicit cast to nocast type
fs/proc/array.c:462:46: warning: incorrect type in argument 2 (different modifiers)
fs/proc/array.c:462:46:    expected unsigned long [nocast] [usertype] *ut
fs/proc/array.c:462:46:    got unsigned long *<noident>
fs/proc/array.c:462:46: warning: implicit cast to nocast type
fs/proc/array.c:462:54: warning: incorrect type in argument 3 (different modifiers)
fs/proc/array.c:462:54:    expected unsigned long [nocast] [usertype] *st
fs/proc/array.c:462:54:    got unsigned long *<noident>
fs/proc/array.c:462:54: warning: implicit cast to nocast type
fs/proc/proc_tty.c:175:13: warning: symbol 'proc_tty_init' was not declared. Should it be static?
fs/proc/fd.c:106:55: warning: incorrect type in initializer (different base types)
fs/proc/fd.c:106:55:    expected unsigned int [unsigned] f_mode
fs/proc/fd.c:106:55:    got restricted fmode_t [usertype] f_mode
fs/proc/fd.c:124:54: warning: restricted fmode_t degrades to integer
fs/proc/fd.c:126:54: warning: restricted fmode_t degrades to integer
fs/proc/meminfo.c:22:28: warning: symbol 'arch_report_meminfo' was not declared. Should it be static?
net/netlink/af_netlink.c:3019:12: warning: context imbalance in 'netlink_walk_start' - different lock contexts for basic block
net/netlink/af_netlink.c:3033:13: warning: context imbalance in 'netlink_walk_stop' - unexpected unlock
net/ipv4/icmp.c:389:13: warning: context imbalance in 'icmp_reply' - different lock contexts for basic block
net/ipv4/icmp.c:714:9: warning: context imbalance in 'icmp_send' - different lock contexts for basic block
fs/signalfd.c:107:25: warning: cast removes address space of expression
fs/signalfd.c:115:24: warning: cast removes address space of expression
fs/signalfd.c:142:24: warning: cast removes address space of expression
fs/signalfd.c:151:24: warning: cast removes address space of expression
drivers/gpu/host1x/job.c:513:9: warning: Variable length array is used.
fs/mbcache.c:754:53: warning: context imbalance in '__mb_cache_entry_find' - unexpected unlock
fs/mbcache.c:801:9: warning: context imbalance in 'mb_cache_entry_find_first' - different lock contexts for basic block
include/linux/bit_spinlock.h:34:9: warning: context imbalance in 'mb_cache_entry_find_next' - wrong count at exit
fs/coredump.c:47:5: warning: symbol 'core_uses_pid' was not declared. Should it be static?
fs/coredump.c:48:14: warning: symbol 'core_pipe_limit' was not declared. Should it be static?
fs/coredump.c:49:6: warning: symbol 'core_pattern' was not declared. Should it be static?
include/linux/sched.h:2727:37: warning: context imbalance in 'zap_threads' - different lock contexts for basic block
net/ipv4/igmp.c:2802:31: warning: context imbalance in 'igmp_mcf_get_next' - unexpected unlock
net/ipv4/igmp.c:2830:9: warning: context imbalance in 'igmp_mcf_get_idx' - wrong count at exit
net/ipv4/igmp.c:2847:9: warning: context imbalance in 'igmp_mcf_seq_next' - wrong count at exit
net/ipv4/igmp.c:2859:9: warning: context imbalance in 'igmp_mcf_seq_stop' - unexpected unlock
include/linux/bottom_half.h:31:30: warning: context imbalance in 'packet_direct_xmit' - different lock contexts for basic block
drivers/pci/pci.c:37:5: warning: symbol 'isa_dma_bridge_buggy' was not declared. Should it be static?
drivers/pci/pci.c:4475:1: warning: symbol 'bus_attr_resource_alignment' was not declared. Should it be static?
net/ipv4/ping.c:1073:21: warning: context imbalance in 'ping_seq_start' - wrong count at exit
net/ipv4/ping.c:1096:6: warning: context imbalance in 'ping_seq_stop' - unexpected unlock
drivers/of/fdt.c:832:46: warning: incorrect type in argument 2 (different modifiers)
drivers/of/fdt.c:832:46:    expected int ( *setup )( ... )
drivers/of/fdt.c:832:46:    got void const *const data
drivers/pci/rom.c:225:36: warning: incorrect type in return expression (different address spaces)
drivers/pci/rom.c:225:36:    expected void [noderef] <asn:2>*
drivers/pci/rom.c:225:36:    got void *
drivers/pinctrl/pinconf.c:489:20: error: incompatible types in comparison expression (different type sizes)
net/rfkill/core.c:1155:17: error: incompatible types in comparison expression (different type sizes)
drivers/of/of_reserved_mem.c:30:19: warning: symbol 'early_init_dt_alloc_reserved_memory_arch' was not declared. Should it be static?
drivers/of/of_reserved_mem.c:185:50: warning: incorrect type in initializer (different modifiers)
drivers/of/of_reserved_mem.c:185:50:    expected int ( *[usertype] initfn )( ... )
drivers/of/of_reserved_mem.c:185:50:    got void const *const data
net/sched/sch_generic.c:149:5: warning: context imbalance in 'sch_direct_xmit' - unexpected unlock
net/ipv4/ipconfig.c:139:8: warning: symbol 'ic_addrservaddr' was not declared. Should it be static?
drivers/pci/pcie/portdrv_core.c:22:6: warning: symbol 'pciehp_msi_disabled' was not declared. Should it be static?
drivers/ras/debugfs.c:7:5: warning: symbol 'ras_userspace_consumers' was not declared. Should it be static?
drivers/ras/debugfs.c:37:12: warning: symbol 'ras_add_daemon_trace' was not declared. Should it be static?
drivers/ras/debugfs.c:53:13: warning: symbol 'ras_debugfs_init' was not declared. Should it be static?
net/unix/af_unix.c:953:13: warning: context imbalance in 'unix_state_double_lock' - wrong count at exit
net/unix/af_unix.c:971:17: warning: context imbalance in 'unix_state_double_unlock' - unexpected unlock
net/unix/af_unix.c:1061:54: warning: context imbalance in 'unix_wait_for_peer' - unexpected unlock
net/unix/af_unix.c:1240:9: warning: context imbalance in 'unix_stream_connect' - different lock contexts for basic block
net/unix/af_unix.c:1623:9: warning: context imbalance in 'unix_dgram_sendmsg' - different lock contexts for basic block
net/xfrm/xfrm_policy.c:110:9: warning: context imbalance in 'xfrm_policy_get_afinfo' - different lock contexts for basic block
net/xfrm/xfrm_policy.c:113:13: warning: context imbalance in 'xfrm_policy_put_afinfo' - unexpected unlock
net/wireless/reg.c:1043:33: warning: symbol '__freq_reg_info' was not declared. Should it be static?
net/xfrm/xfrm_state.c:1948:9: warning: context imbalance in 'xfrm_state_get_afinfo' - different lock contexts for basic block
net/xfrm/xfrm_state.c:1951:6: warning: context imbalance in 'xfrm_state_put_afinfo' - unexpected unlock
net/sunrpc/sysctl.c:28:17: warning: symbol 'rpc_debug' was not declared. Should it be static?
net/sunrpc/sysctl.c:31:17: warning: symbol 'nfs_debug' was not declared. Should it be static?
net/sunrpc/sysctl.c:34:17: warning: symbol 'nfsd_debug' was not declared. Should it be static?
net/sunrpc/sysctl.c:37:17: warning: symbol 'nlm_debug' was not declared. Should it be static?
drivers/scsi/scsi_lib.c:501:6: warning: symbol 'scsi_requeue_run_queue' was not declared. Should it be static?
drivers/scsi/scsi_lib.c:2735:6: warning: symbol 'scsi_evt_thread' was not declared. Should it be static?
drivers/soc/tegra/pmc.c:730:6: warning: symbol 'tegra_pmc_init_tsense_reset' was not declared. Should it be static?
drivers/scsi/scsi_sysfs.c:201:25: warning: symbol 'dev_attr_hstate' was not declared. Should it be static?
drivers/scsi/scsi_sysfs.c:376:24: warning: symbol 'scsi_shost_attr_group' was not declared. Should it be static?
net/xfrm/xfrm_input.c:73:9: warning: context imbalance in 'xfrm_input_get_afinfo' - different lock contexts for basic block
net/xfrm/xfrm_input.c:76:13: warning: context imbalance in 'xfrm_input_put_afinfo' - unexpected unlock
drivers/tty/tty_io.c:124:17: warning: too long initializer-string for array of char
drivers/tty/n_tty.c:172:33: warning: incorrect type in argument 2 (different address spaces)
drivers/tty/n_tty.c:172:33:    expected unsigned char *data
drivers/tty/n_tty.c:172:33:    got void [noderef] <asn:1>*to
drivers/tty/n_tty.c:172:33: warning: incorrect type in argument 2 (different address spaces)
drivers/tty/n_tty.c:172:33:    expected unsigned char *data
drivers/tty/n_tty.c:172:33:    got void [noderef] <asn:1>*to
drivers/tty/n_tty.c:172:33: warning: incorrect type in argument 2 (different address spaces)
drivers/tty/n_tty.c:172:33:    expected unsigned char *data
drivers/tty/n_tty.c:172:33:    got void [noderef] <asn:1>*to
drivers/tty/serial/serial_core.c:694:29: warning: incorrect type in assignment (different base types)
drivers/tty/serial/serial_core.c:694:29:    expected int [signed] flags
drivers/tty/serial/serial_core.c:694:29:    got restricted upf_t [usertype] flags
drivers/tty/serial/serial_core.c:768:19: warning: incorrect type in assignment (different base types)
drivers/tty/serial/serial_core.c:768:19:    expected restricted upf_t [usertype] new_flags
drivers/tty/serial/serial_core.c:768:19:    got int [signed] flags
drivers/tty/serial/8250/8250_port.c:2875:39: warning: context imbalance in 'serial8250_console_write' - unexpected unlock
drivers/tty/vt/vt.c:229:5: warning: symbol 'console_blank_hook' was not declared. Should it be static?
drivers/tty/vt/vt.c:2499:19: warning: symbol 'console_driver' was not declared. Should it be static?
drivers/tty/serial/of_serial.c:33:6: warning: symbol 'tegra_serial_handle_break' was not declared. Should it be static?
drivers/tty/vt/consolemap_deftbl.c:10:4: warning: symbol 'dfont_unicount' was not declared. Should it be static?
drivers/tty/vt/consolemap_deftbl.c:46:5: warning: symbol 'dfont_unitable' was not declared. Should it be static?
drivers/tty/vt/defkeymap.c:27:9: warning: symbol 'shift_map' was not declared. Should it be static?
drivers/tty/vt/defkeymap.c:46:9: warning: symbol 'altgr_map' was not declared. Should it be static?
drivers/tty/vt/defkeymap.c:65:9: warning: symbol 'ctrl_map' was not declared. Should it be static?
drivers/tty/vt/defkeymap.c:84:9: warning: symbol 'shift_ctrl_map' was not declared. Should it be static?
drivers/tty/vt/defkeymap.c:103:9: warning: symbol 'alt_map' was not declared. Should it be static?
drivers/tty/vt/defkeymap.c:122:9: warning: symbol 'ctrl_alt_map' was not declared. Should it be static?
drivers/tty/vt/defkeymap.c:148:14: warning: symbol 'keymap_count' was not declared. Should it be static?
drivers/tty/vt/defkeymap.c:156:6: warning: symbol 'func_buf' was not declared. Should it be static?
drivers/tty/vt/defkeymap.c:187:6: warning: symbol 'funcbufptr' was not declared. Should it be static?
drivers/tty/vt/defkeymap.c:188:5: warning: symbol 'funcbufsize' was not declared. Should it be static?
drivers/tty/vt/defkeymap.c:189:5: warning: symbol 'funcbufleft' was not declared. Should it be static?
drivers/tty/vt/defkeymap.c:191:6: warning: symbol 'func_table' was not declared. Should it be static?
drivers/tty/vt/defkeymap.c:225:18: warning: symbol 'accent_table' was not declared. Should it be static?
drivers/tty/vt/defkeymap.c:262:14: warning: symbol 'accent_table_size' was not declared. Should it be static?
init/do_mounts.c:8:2: warning: "Sparse checking disabled for this file"
init/do_mounts_initrd.c:8:2: warning: "Sparse checking disabled for this file"
init/initramfs.c:8:2: warning: "Sparse checking disabled for this file"
init/calibrate.c:260:37: warning: symbol 'calibrate_delay_is_known' was not declared. Should it be static?
init/calibrate.c:270:28: warning: symbol 'calibration_delay_done' was not declared. Should it be static?
init/main.c:162:12: warning: symbol 'envp_init' was not declared. Should it be static?
arch/arm/boot/compressed/misc.c:19:14: warning: symbol '__machine_arch_type' was not declared. Should it be static?
arch/arm/boot/compressed/misc.c:105:15: warning: symbol 'output_data' was not declared. Should it be static?
arch/arm/boot/compressed/misc.c:107:15: warning: symbol 'free_mem_ptr' was not declared. Should it be static?
arch/arm/boot/compressed/misc.c:108:15: warning: symbol 'free_mem_end_ptr' was not declared. Should it be static?
arch/arm/boot/compressed/misc.c:125:17: warning: symbol '__div0' was not declared. Should it be static?
arch/arm/boot/compressed/misc.c:130:15: warning: symbol '__stack_chk_guard' was not declared. Should it be static?
arch/arm/boot/compressed/misc.c:132:6: warning: symbol '__stack_chk_guard_setup' was not declared. Should it be static?
arch/arm/boot/compressed/misc.c:137:6: warning: symbol '__stack_chk_fail' was not declared. Should it be static?
arch/arm/boot/compressed/misc.c:146:1: warning: symbol 'decompress_kernel' was not declared. Should it be static?
include/linux/decompress/mm.h:30:30: warning: symbol 'malloc_ptr' was not declared. Should it be static?
include/linux/decompress/mm.h:31:20: warning: symbol 'malloc_count' was not declared. Should it be static?
arch/arm/boot/compressed/decompress.c:58:5: warning: symbol 'do_decompress' was not declared. Should it be static?
test_sparse: Wed Sep 2 01:49:59 PDT 2015: succeeded on tegra_defconfig test_next-20150902
test_sparse: Wed Sep 2 01:49:59 PDT 2015: ended on tegra_defconfig test_next-20150902
