test_sparse: Thu Jul 30 23:17:53 PDT 2015: started on tegra_defconfig test_next-20150731 (37bd1ea52d362219b1882814cb75bb365736890f)
test_sparse: Thu Jul 30 23:17:53 PDT 2015: serial is 20150730231533
test_sparse: sparse version unknown (checksum d41d8cd98f00b204e9800998ecf8427e)
/bin/sh: 1: sparse: not found
make[2]: *** [scripts/mod/empty.o] Error 127
make[2]: *** Waiting for unfinished jobs....
make[1]: *** [scripts/mod] Error 2
make[1]: *** Waiting for unfinished jobs....
make: *** [scripts] Error 2
make: *** Waiting for unfinished jobs....
<stdin>:1298:2: warning: #warning syscall userfaultfd not implemented [-Wcpp]
<stdin>:1301:2: warning: #warning syscall mlock2 not implemented [-Wcpp]
test_sparse: Thu Jul 30 23:18:01 PDT 2015: FAILED on tegra_defconfig test_next-20150731
test_sparse: Thu Jul 30 23:18:01 PDT 2015: ended on tegra_defconfig test_next-20150731
