test_build: Tue Oct 4 22:47:48 PDT 2016: started on multi_v7_defconfig test_next-20161005 (0a766d8ea7f8e2a003cc80b0952cedf69bb42b3b)
test_build: Tue Oct 4 22:47:48 PDT 2016: serial is 20161004224534
<stdin>:1316:2: warning: #warning syscall pkey_mprotect not implemented [-Wcpp]
<stdin>:1319:2: warning: #warning syscall pkey_alloc not implemented [-Wcpp]
<stdin>:1322:2: warning: #warning syscall pkey_free not implemented [-Wcpp]
drivers/firmware/efi/libstub/lib-sort.stub.o: absolute symbol references not allowed in the EFI stub
make[4]: *** [drivers/firmware/efi/libstub/lib-sort.stub.o] Error 1
make[3]: *** [drivers/firmware/efi/libstub] Error 2
make[2]: *** [drivers/firmware/efi] Error 2
make[1]: *** [drivers/firmware] Error 2
make[1]: *** Waiting for unfinished jobs....
make: *** [drivers] Error 2
make: *** Waiting for unfinished jobs....
test_build: Tue Oct 4 22:49:23 PDT 2016: FAILED on multi_v7_defconfig test_next-20161005
test_build: Tue Oct 4 22:49:23 PDT 2016: ended on multi_v7_defconfig test_next-20161005
test_build: Tue Oct 4 22:47:27 PDT 2016: started on tegra_defconfig test_next-20161005 (0a766d8ea7f8e2a003cc80b0952cedf69bb42b3b)
test_build: Tue Oct 4 22:47:27 PDT 2016: serial is 20161004224534
<stdin>:1316:2: warning: #warning syscall pkey_mprotect not implemented [-Wcpp]
<stdin>:1319:2: warning: #warning syscall pkey_alloc not implemented [-Wcpp]
<stdin>:1322:2: warning: #warning syscall pkey_free not implemented [-Wcpp]
drivers/usb/host/xhci-tegra.c: In function ‘tegra_xusb_mbox_thread’:
drivers/usb/host/xhci-tegra.c:555:6: warning: ‘err’ may be used uninitialized in this function [-Wuninitialized]
drivers/usb/host/xhci-tegra.c:485:6: note: ‘err’ was declared here
   text	   data	    bss	    dec	    hex	filename
8257990	2708924	 379536	11346450	 ad2212	vmlinux
test_build: Tue Oct 4 22:50:12 PDT 2016: succeeded on tegra_defconfig test_next-20161005
test_build: Tue Oct 4 22:50:12 PDT 2016: ended on tegra_defconfig test_next-20161005
