test_sparse: Mon Jun 29 20:45:49 PDT 2015: started on tegra_defconfig test_next-20150623 (af84726a453b7e9ed818fd24086db2bff72760c6)
test_sparse: Mon Jun 29 20:45:49 PDT 2015: serial is 20150629204329
test_sparse: sparse version unknown (checksum d41d8cd98f00b204e9800998ecf8427e)
/bin/sh: 1: sparse: not found
make[2]: *** [scripts/mod/empty.o] Error 127
make[2]: *** Waiting for unfinished jobs....
make[1]: *** [scripts/mod] Error 2
make[1]: *** Waiting for unfinished jobs....
make: *** [scripts] Error 2
make: *** Waiting for unfinished jobs....
test_sparse: Mon Jun 29 20:45:54 PDT 2015: FAILED on tegra_defconfig test_next-20150623
test_sparse: Mon Jun 29 20:45:54 PDT 2015: ended on tegra_defconfig test_next-20150623
