test_build: Fri Mar 4 00:46:20 PST 2016: started on tegra_defconfig test_next-20160304 (d10bf08fe16c324a992e5d6318e62844d7c4312f)
test_build: Fri Mar 4 00:46:20 PST 2016: serial is 20160304004534
<stdin>:1310:2: warning: #warning syscall madvisev not implemented [-Wcpp]
net/bluetooth/mgmt.c: In function ‘read_local_oob_ext_data_complete’:
net/bluetooth/mgmt.c:5493:8: warning: ‘r192’ may be used uninitialized in this function [-Wmaybe-uninitialized]
net/bluetooth/mgmt.c:5504:13: note: ‘r192’ was declared here
net/bluetooth/mgmt.c:5493:8: warning: ‘h192’ may be used uninitialized in this function [-Wmaybe-uninitialized]
net/bluetooth/mgmt.c:5504:6: note: ‘h192’ was declared here
In file included from drivers/media/v4l2-core/v4l2-ioctl.c:30:0:
include/media/v4l2-mc.h:233:1: error: expected identifier or ‘(’ before ‘{’ token
include/media/v4l2-mc.h:239:1: error: expected identifier or ‘(’ before ‘{’ token
make[3]: *** [drivers/media/v4l2-core/v4l2-ioctl.o] Error 1
make[3]: *** Waiting for unfinished jobs....
In file included from drivers/media/v4l2-core/v4l2-fh.c:32:0:
include/media/v4l2-mc.h:233:1: error: expected identifier or ‘(’ before ‘{’ token
include/media/v4l2-mc.h:239:1: error: expected identifier or ‘(’ before ‘{’ token
make[3]: *** [drivers/media/v4l2-core/v4l2-fh.o] Error 1
make[2]: *** [drivers/media/v4l2-core] Error 2
make[1]: *** [drivers/media] Error 2
make[1]: *** Waiting for unfinished jobs....
make: *** [drivers] Error 2
make: *** Waiting for unfinished jobs....
test_build: Fri Mar 4 00:48:13 PST 2016: FAILED on tegra_defconfig test_next-20160304
test_build: Fri Mar 4 00:48:13 PST 2016: ended on tegra_defconfig test_next-20160304
