test_sparse: Wed Jun 17 12:39:34 PDT 2015: started on tegra_defconfig test_next-20150617 (ca3cfaa9e7db530b14e4a2d98a9310130152fdb8)
test_sparse: Wed Jun 17 12:39:34 PDT 2015: serial is 20150617123134
test_sparse: sparse version unknown (checksum d41d8cd98f00b204e9800998ecf8427e)
/bin/sh: 1: sparse: not found
make[2]: *** [scripts/mod/empty.o] Error 127
make[2]: *** Waiting for unfinished jobs....
make[1]: *** [scripts/mod] Error 2
make[1]: *** Waiting for unfinished jobs....
make: *** [scripts] Error 2
make: *** Waiting for unfinished jobs....
test_sparse: Wed Jun 17 12:39:39 PDT 2015: FAILED on tegra_defconfig test_next-20150617
test_sparse: Wed Jun 17 12:39:39 PDT 2015: ended on tegra_defconfig test_next-20150617
