test_sparse: Tue Feb 10 02:58:40 PST 2015: started on tegra_defconfig test_next-20150210 (f61b8d6d777dfb241ebe87478c5c82126ac8d687)
test_sparse: Tue Feb 10 02:58:40 PST 2015: serial is 20150210024536
test_sparse: sparse version unknown (checksum d41d8cd98f00b204e9800998ecf8427e)
init/do_mounts.c:8:2: warning: "Sparse checking disabled for this file"
init/do_mounts_initrd.c:8:2: warning: "Sparse checking disabled for this file"
init/initramfs.c:8:2: warning: "Sparse checking disabled for this file"
init/calibrate.c:260:37: warning: symbol 'calibrate_delay_is_known' was not declared. Should it be static?
init/calibrate.c:270:28: warning: symbol 'calibration_delay_done' was not declared. Should it be static?
arch/arm/vfp/vfpmodule.c:41:6: warning: symbol 'vfp_vector' was not declared. Should it be static?
arch/arm/vfp/vfpmodule.c:48:14: warning: symbol 'VFP_arch' was not declared. Should it be static?
arch/arm/vfp/vfpmodule.c:59:17: warning: symbol 'vfp_current_hw_state' was not declared. Should it be static?
arch/arm/vfp/vfpmodule.c:336:6: warning: symbol 'VFP_bounce' was not declared. Should it be static?
arch/arm/vfp/vfpmodule.c:652:6: warning: symbol 'vfp_kmode_exception' was not declared. Should it be static?
init/main.c:161:12: warning: symbol 'envp_init' was not declared. Should it be static?
init/init_task.c:14:44: warning: implicit cast to nocast type
init/init_task.c:14:44: warning: implicit cast to nocast type
arch/arm/kernel/irq.c:47:15: warning: symbol 'irq_err_count' was not declared. Should it be static?
arch/arm/kernel/process.c:311:1: warning: symbol 'thread_notify_head' was not declared. Should it be static?
arch/arm/kernel/ptrace.c:931:16: warning: symbol 'syscall_trace_enter' was not declared. Should it be static?
arch/arm/kernel/ptrace.c:958:17: warning: symbol 'syscall_trace_exit' was not declared. Should it be static?
arch/arm/kernel/setup.c:91:14: warning: symbol '__atags_pointer' was not declared. Should it be static?
arch/arm/kernel/setup.c:131:5: warning: symbol '__cpu_architecture' was not declared. Should it be static?
arch/arm/kernel/setup.c:1118:29: warning: symbol 'cpuinfo_op' was not declared. Should it be static?
arch/arm/kernel/signal.c:189:16: warning: symbol 'sys_sigreturn' was not declared. Should it be static?
arch/arm/kernel/signal.c:219:16: warning: symbol 'sys_rt_sigreturn' was not declared. Should it be static?
arch/arm/kernel/signal.c:574:1: warning: symbol 'do_work_pending' was not declared. Should it be static?
arch/arm/kernel/signal.c:607:13: warning: symbol 'get_signal_page' was not declared. Should it be static?
arch/arm/mm/fault.c:545:1: warning: symbol 'do_DataAbort' was not declared. Should it be static?
arch/arm/mm/fault.c:577:1: warning: symbol 'do_PrefetchAbort' was not declared. Should it be static?
arch/arm/kernel/time.c:115:13: warning: symbol 'time_init' was not declared. Should it be static?
arch/arm/kernel/sys_arm.c:35:17: warning: symbol 'sys_arm_fadvise64_64' was not declared. Should it be static?
arch/arm/mm/init.c:547:1: error: directive in argument list
arch/arm/mm/init.c:550:1: error: directive in argument list
arch/arm/mm/init.c:554:1: error: directive in argument list
arch/arm/mm/init.c:556:1: error: directive in argument list
arch/arm/mm/init.c:557:1: error: directive in argument list
arch/arm/mm/init.c:559:1: error: directive in argument list
arch/arm/mm/init.c:567:1: error: directive in argument list
arch/arm/mm/init.c:570:1: error: directive in argument list
arch/arm/mm/init.c:574:1: error: directive in argument list
arch/arm/mm/init.c:577:1: error: directive in argument list
arch/arm/mm/init.c:578:1: error: directive in argument list
arch/arm/mm/init.c:580:1: error: directive in argument list
arch/arm/kernel/traps.c:123:37: warning: incorrect type in argument 1 (different address spaces)
arch/arm/kernel/traps.c:123:37:    expected void const volatile [noderef] <asn:1>*<noident>
arch/arm/kernel/traps.c:123:37:    got unsigned long *<noident>
arch/arm/kernel/traps.c:156:31: warning: incorrect type in argument 1 (different address spaces)
arch/arm/kernel/traps.c:156:31:    expected void const volatile [noderef] <asn:1>*<noident>
arch/arm/kernel/traps.c:156:31:    got unsigned short [usertype] *
arch/arm/kernel/traps.c:158:31: warning: incorrect type in argument 1 (different address spaces)
arch/arm/kernel/traps.c:158:31:    expected void const volatile [noderef] <asn:1>*<noident>
arch/arm/kernel/traps.c:158:31:    got unsigned int [usertype] *
arch/arm/kernel/traps.c:425:33: warning: cast removes address space of expression
arch/arm/kernel/traps.c:406:29: warning: symbol 'do_undefinstr' was not declared. Should it be static?
arch/arm/kernel/traps.c:476:39: warning: symbol 'handle_fiq_as_nmi' was not declared. Should it be static?
arch/arm/kernel/traps.c:495:17: warning: symbol 'bad_mode' was not declared. Should it be static?
arch/arm/kernel/traps.c:564:14: warning: incorrect type in argument 1 (different base types)
arch/arm/kernel/traps.c:564:14:    expected void const volatile [noderef] <asn:1>*<noident>
arch/arm/kernel/traps.c:564:14:    got unsigned long [unsigned] start
arch/arm/kernel/traps.c:575:16: warning: symbol 'arm_syscall' was not declared. Should it be static?
arch/arm/kernel/traps.c:754:6: warning: symbol '__bad_xchg' was not declared. Should it be static?
arch/arm/kernel/traps.c:767:1: warning: symbol 'baddataabort' was not declared. Should it be static?
arch/arm/kernel/traps.c:811:17: warning: symbol '__div0' was not declared. Should it be static?
arch/arm/kernel/traps.c:818:6: warning: symbol 'abort' was not declared. Should it be static?
arch/arm/kernel/atags_proc.c:27:13: warning: symbol 'save_atags' was not declared. Should it be static?
kernel/fork.c:96:5: warning: symbol 'max_threads' was not declared. Should it be static?
kernel/fork.c:121:13: warning: symbol 'arch_release_task_struct' was not declared. Should it be static?
kernel/fork.c:139:13: warning: symbol 'arch_release_thread_info' was not declared. Should it be static?
kernel/fork.c:254:20: warning: symbol 'arch_task_cache_init' was not declared. Should it be static?
kernel/fork.c:256:13: warning: symbol 'fork_init' was not declared. Should it be static?
kernel/fork.c:290:12: warning: symbol 'arch_dup_task_struct' was not declared. Should it be static?
kernel/fork.c:1168:41: warning: implicit cast to nocast type
kernel/fork.c:1169:41: warning: implicit cast to nocast type
kernel/fork.c:1296:42: warning: implicit cast to nocast type
kernel/fork.c:1297:43: warning: implicit cast to nocast type
kernel/fork.c:1299:57: warning: implicit cast to nocast type
mm/filemap.c:2087:35: warning: symbol 'generic_file_vm_ops' was not declared. Should it be static?
arch/arm/mm/iomap.c:12:15: warning: symbol 'vga_base' was not declared. Should it be static?
arch/arm/kernel/cpuidle.c:15:5: warning: symbol 'arm_cpuidle_simple_enter' was not declared. Should it be static?
arch/arm/mach-tegra/irq.c:73:6: warning: symbol 'tegra_pending_sgi' was not declared. Should it be static?
arch/arm/mach-tegra/irq.c:213:5: warning: symbol 'tegra_legacy_irq_syscore_init' was not declared. Should it be static?
arch/arm/kernel/bios32.c:22:23: warning: symbol 'pcibios_msi_controller' was not declared. Should it be static?
arch/arm/kernel/bios32.c:67:6: warning: symbol 'pcibios_report_status' was not declared. Should it be static?
include/linux/rcupdate.h:947:9: warning: context imbalance in 'find_lock_task_mm' - wrong count at exit
mm/oom_kill.c:164:28: warning: context imbalance in 'oom_badness' - unexpected unlock
mm/oom_kill.c:356:9: warning: context imbalance in 'dump_tasks' - different lock contexts for basic block
include/linux/rcupdate.h:947:9: warning: context imbalance in 'oom_kill_process' - unexpected unlock
arch/arm/kernel/suspend.c:55:6: warning: symbol '__cpu_suspend_save' was not declared. Should it be static?
arch/arm/mach-tegra/pm.c:124:27: warning: incorrect type in initializer (different address spaces)
arch/arm/mach-tegra/pm.c:124:27:    expected unsigned int [usertype] *cpu_in_lp2
arch/arm/mach-tegra/pm.c:124:27:    got void [noderef] <asn:2>*
arch/arm/mach-tegra/pm.c:138:35: warning: incorrect type in initializer (different address spaces)
arch/arm/mach-tegra/pm.c:138:35:    expected struct cpumask [usertype] *cpu_lp2_mask
arch/arm/mach-tegra/pm.c:138:35:    got void [noderef] <asn:2>*
arch/arm/mach-tegra/pm.c:139:27: warning: incorrect type in initializer (different address spaces)
arch/arm/mach-tegra/pm.c:139:27:    expected unsigned int [usertype] *cpu_in_lp2
arch/arm/mach-tegra/pm.c:139:27:    got void [noderef] <asn:2>*
arch/arm/mach-tegra/pm.c:155:5: warning: symbol 'tegra_cpu_do_idle' was not declared. Should it be static?
arch/arm/mach-tegra/pm.c:293:32: warning: incorrect type in argument 2 (different address spaces)
arch/arm/mach-tegra/pm.c:293:32:    expected void const *<noident>
arch/arm/mach-tegra/pm.c:293:32:    got void [noderef] <asn:2>*
arch/arm/mach-tegra/pm.c:295:16: warning: incorrect type in argument 1 (different address spaces)
arch/arm/mach-tegra/pm.c:295:16:    expected void *<noident>
arch/arm/mach-tegra/pm.c:295:16:    got void [noderef] <asn:2>*
arch/arm/mach-tegra/pm.c:298:12: warning: cast removes address space of expression
arch/arm/mach-tegra/pm.c:304:16: warning: incorrect type in argument 1 (different address spaces)
arch/arm/mach-tegra/pm.c:304:16:    expected void *<noident>
arch/arm/mach-tegra/pm.c:304:16:    got void [noderef] <asn:2>*
arch/arm/mach-tegra/pm.c:307:11: warning: cast removes address space of expression
arch/arm/mm/flush.c:373:6: warning: symbol '__flush_anon_page' was not declared. Should it be static?
arch/arm/mach-tegra/reset.c:71:9: error: subtraction of functions? Share your drugs
arch/arm/mach-tegra/reset.c:74:25: error: subtraction of functions? Share your drugs
arch/arm/mach-tegra/tegra.c:65:5: warning: symbol 'tegra_uart_config' was not declared. Should it be static?
arch/arm/mach-tegra/cpuidle.c:51:6: warning: symbol 'tegra_cpuidle_pcie_irqs_in_use' was not declared. Should it be static?
arch/arm/kernel/smp.c:509:6: warning: symbol 'arch_irq_work_raise' was not declared. Should it be static?
arch/arm/kernel/smp.c:664:5: warning: symbol 'setup_profiling_timer' was not declared. Should it be static?
kernel/panic.c:57:13: warning: symbol 'panic_smp_self_stop' was not declared. Should it be static?
kernel/panic.c:71:6: error: symbol 'panic' redeclared with different type (originally declared at include/linux/kernel.h:243) - different modifiers
mm/page_alloc.c:5522:1: error: directive in argument list
mm/page_alloc.c:5524:1: error: directive in argument list
mm/page_alloc.c:5531:1: error: directive in argument list
mm/page_alloc.c:5533:1: error: directive in argument list
arch/arm/mach-tegra/cpuidle-tegra20.c:218:6: warning: symbol 'tegra20_cpuidle_pcie_irqs_in_use' was not declared. Should it be static?
arch/arm/mach-tegra/cpuidle-tegra20.c:225:12: warning: symbol 'tegra20_cpuidle_init' was not declared. Should it be static?
arch/arm/mm/mmu.c:56:10: warning: symbol 'user_pmd_table' was not declared. Should it be static?
arch/arm/mm/mmu.c:133:13: warning: symbol 'init_default_cache_policy' was not declared. Should it be static?
arch/arm/mm/mmu.c:1069:13: warning: symbol 'sanity_check_meminfo' was not declared. Should it be static?
arch/arm/mm/mmu.c:1502:13: warning: symbol 'early_paging_init' was not declared. Should it be static?
arch/arm/mm/mmu.c:1515:13: warning: symbol 'paging_init' was not declared. Should it be static?
kernel/cpu.c:284:9: warning: context imbalance in 'clear_tasks_mm_cpumask' - different lock contexts for basic block
arch/arm/mach-tegra/cpuidle-tegra30.c:145:12: warning: symbol 'tegra30_cpuidle_init' was not declared. Should it be static?
arch/arm/mm/pageattr.c:65:5: warning: symbol 'set_memory_ro' was not declared. Should it be static?
arch/arm/mm/pageattr.c:72:5: warning: symbol 'set_memory_rw' was not declared. Should it be static?
arch/arm/mm/pageattr.c:79:5: warning: symbol 'set_memory_nx' was not declared. Should it be static?
arch/arm/mm/pageattr.c:86:5: warning: symbol 'set_memory_x' was not declared. Should it be static?
kernel/exit.c:126:28: warning: incorrect type in argument 2 (different modifiers)
kernel/exit.c:126:28:    expected unsigned long [nocast] [usertype] *utime
kernel/exit.c:126:28:    got unsigned long *<noident>
kernel/exit.c:126:28: warning: implicit cast to nocast type
kernel/exit.c:126:36: warning: incorrect type in argument 3 (different modifiers)
kernel/exit.c:126:36:    expected unsigned long [nocast] [usertype] *stime
kernel/exit.c:126:36:    got unsigned long *<noident>
kernel/exit.c:126:36: warning: implicit cast to nocast type
kernel/exit.c:653:6: error: symbol 'do_exit' redeclared with different type (originally declared at include/linux/kernel.h:249) - different modifiers
kernel/exit.c:834:6: error: symbol 'complete_and_exit' redeclared with different type (originally declared at include/linux/kernel.h:251) - different modifiers
arch/arm/mach-tegra/hotplug.c:24:5: warning: symbol 'tegra_cpu_kill' was not declared. Should it be static?
arch/arm/mach-tegra/hotplug.c:40:12: warning: symbol 'tegra_cpu_die' was not declared. Should it be static?
arch/arm/kernel/arch_timer.c:34:12: warning: symbol 'arch_timer_arch_init' was not declared. Should it be static?
arch/arm/mm/copypage-v6.c:125:21: warning: symbol 'v6_user_fns' was not declared. Should it be static?
arch/arm/kernel/machine_kexec.c:63:23: warning: cast removes address space of expression
arch/arm/kernel/machine_kexec.c:63:23: warning: cast removes address space of expression
arch/arm/kernel/machine_kexec.c:63:23: warning: incorrect type in initializer (different address spaces)
arch/arm/kernel/machine_kexec.c:63:23:    expected unsigned int const [noderef] <asn:1>*register __p
arch/arm/kernel/machine_kexec.c:63:23:    got unsigned int [usertype] *<noident>
arch/arm/kernel/machine_kexec.c:63:23: warning: cast removes address space of expression
arch/arm/kernel/machine_kexec.c:77:6: warning: symbol 'machine_crash_nonpanic_core' was not declared. Should it be static?
arch/arm/mach-tegra/cpuidle-tegra114.c:85:12: warning: symbol 'tegra114_cpuidle_init' was not declared. Should it be static?
fs/open.c:883:18: warning: restricted fmode_t degrades to integer
fs/read_write.c:42:29: warning: incorrect type in return expression (different base types)
fs/read_write.c:42:29:    expected int
fs/read_write.c:42:29:    got restricted fmode_t
fs/read_write.c:42:29: warning: incorrect type in return expression (different base types)
fs/read_write.c:42:29:    expected int
fs/read_write.c:42:29:    got restricted fmode_t
fs/read_write.c:42:29: warning: incorrect type in return expression (different base types)
fs/read_write.c:42:29:    expected int
fs/read_write.c:42:29:    got restricted fmode_t
fs/read_write.c:42:29: warning: incorrect type in return expression (different base types)
fs/read_write.c:42:29:    expected int
fs/read_write.c:42:29:    got restricted fmode_t
arch/arm/kernel/unwind.c:53:6: warning: symbol '__aeabi_unwind_cpp_pr0' was not declared. Should it be static?
arch/arm/kernel/unwind.c:58:6: warning: symbol '__aeabi_unwind_cpp_pr1' was not declared. Should it be static?
arch/arm/kernel/unwind.c:63:6: warning: symbol '__aeabi_unwind_cpp_pr2' was not declared. Should it be static?
ipc/util.c:152:29: warning: context imbalance in 'ipc_findkey' - wrong count at exit
ipc/util.c:220:5: warning: context imbalance in 'ipc_addid' - different lock contexts for basic block
ipc/util.c:372:27: warning: context imbalance in 'ipcget_public' - unexpected unlock
ipc/util.c:582:22: warning: context imbalance in 'ipc_lock' - different lock contexts for basic block
ipc/util.c:746:29: warning: context imbalance in 'sysvipc_find_ipc' - different lock contexts for basic block
ipc/util.c:784:27: warning: context imbalance in 'sysvipc_proc_next' - unexpected unlock
ipc/util.c:828:27: warning: context imbalance in 'sysvipc_proc_stop' - unexpected unlock
mm/swap.c:425:55: warning: context imbalance in 'pagevec_lru_move_fn' - unexpected unlock
mm/swap.c:913:55: warning: context imbalance in 'release_pages' - unexpected unlock
arch/arm/kernel/devtree.c:69:13: warning: symbol 'arm_dt_init_cpu_maps' was not declared. Should it be static?
arch/arm/kernel/devtree.c:204:27: warning: symbol 'setup_machine_fdt' was not declared. Should it be static?
kernel/softirq.c:748:36: warning: incorrect type in initializer (different address spaces)
kernel/softirq.c:748:36:    expected struct task_struct [noderef] <asn:3>**store
kernel/softirq.c:748:36:    got struct task_struct *[noderef] [toplevel] <asn:3>*<noident>
ipc/msgutil.c:57:16: error: incompatible types in comparison expression (different type sizes)
ipc/msgutil.c:69:24: error: incompatible types in comparison expression (different type sizes)
ipc/msgutil.c:97:16: error: incompatible types in comparison expression (different type sizes)
ipc/msgutil.c:104:24: error: incompatible types in comparison expression (different type sizes)
ipc/msgutil.c:158:16: error: incompatible types in comparison expression (different type sizes)
ipc/msgutil.c:165:24: error: incompatible types in comparison expression (different type sizes)
arch/arm/kernel/swp_emulate.c:123:23: warning: incorrect type in assignment (different address spaces)
arch/arm/kernel/swp_emulate.c:123:23:    expected void [noderef] <asn:1>*[assigned] [usertype] _addr
arch/arm/kernel/swp_emulate.c:123:23:    got void *<noident>
arch/arm/kernel/swp_emulate.c:210:14: warning: incorrect type in argument 1 (different base types)
arch/arm/kernel/swp_emulate.c:210:14:    expected void const volatile [noderef] <asn:1>*<noident>
arch/arm/kernel/swp_emulate.c:210:14:    got unsigned int
ipc/msg.c:147:9: warning: context imbalance in 'newque' - unexpected unlock
ipc/msg.c:212:13: warning: context imbalance in 'freeque' - unexpected unlock
ipc/msg.c:408:9: warning: context imbalance in 'msgctl_down' - different lock contexts for basic block
mm/vmscan.c:3850:48: warning: context imbalance in 'check_move_unevictable_pages' - unexpected unlock
ipc/sem.c:537:9: warning: context imbalance in 'newary' - unexpected unlock
ipc/sem.c:1120:17: warning: context imbalance in 'freeary' - unexpected unlock
ipc/sem.c:1573:9: warning: context imbalance in 'semctl_down' - different lock contexts for basic block
ipc/sem.c:1678:24: warning: context imbalance in 'find_alloc_undo' - wrong count at exit
include/linux/rcupdate.h:947:9: warning: context imbalance in 'SyS_semtimedop' - unexpected unlock
ipc/shm.c:494:31: warning: implicit cast to nocast type
ipc/shm.c:535:36: warning: implicit cast to nocast type
ipc/shm.c:546:36: warning: implicit cast to nocast type
ipc/shm.c:95:17: warning: context imbalance in 'do_shm_rmid' - unexpected unlock
ipc/shm.c:195:9: warning: context imbalance in 'shm_open' - unexpected unlock
ipc/shm.c:210:13: warning: context imbalance in 'shm_destroy' - unexpected unlock
ipc/shm.c:268:17: warning: context imbalance in 'shm_close' - unexpected unlock
ipc/shm.c:273:12: warning: context imbalance in 'shm_try_destroy_orphaned' - different lock contexts for basic block
ipc/shm.c:336:9: warning: context imbalance in 'exit_shm' - different lock contexts for basic block
./arch/arm/include/asm/thread_info.h:100:9: warning: context imbalance in 'newseg' - unexpected unlock
ipc/shm.c:828:9: warning: context imbalance in 'shmctl_down' - different lock contexts for basic block
ipc/shm.c:1199:17: warning: context imbalance in 'do_shmat' - unexpected unlock
fs/exec.c:415:31: warning: incorrect type in return expression (different address spaces)
fs/exec.c:415:31:    expected char const [noderef] <asn:1>*
fs/exec.c:415:31:    got void *
arch/arm/kernel/perf_event_v7.c:151:9: warning: Initializer entry defined twice
arch/arm/kernel/perf_event_v7.c:152:10:   also defined here
arch/arm/kernel/perf_event_v7.c:164:9: warning: Initializer entry defined twice
arch/arm/kernel/perf_event_v7.c:171:10:   also defined here
arch/arm/kernel/perf_event_v7.c:200:9: warning: Initializer entry defined twice
arch/arm/kernel/perf_event_v7.c:201:10:   also defined here
arch/arm/kernel/perf_event_v7.c:214:9: warning: Initializer entry defined twice
arch/arm/kernel/perf_event_v7.c:221:10:   also defined here
arch/arm/kernel/perf_event_v7.c:244:9: warning: Initializer entry defined twice
arch/arm/kernel/perf_event_v7.c:245:10:   also defined here
arch/arm/kernel/perf_event_v7.c:256:9: warning: Initializer entry defined twice
arch/arm/kernel/perf_event_v7.c:258:10:   also defined here
arch/arm/kernel/perf_event_v7.c:290:9: warning: Initializer entry defined twice
arch/arm/kernel/perf_event_v7.c:291:10:   also defined here
arch/arm/kernel/perf_event_v7.c:303:9: warning: Initializer entry defined twice
arch/arm/kernel/perf_event_v7.c:305:10:   also defined here
arch/arm/kernel/perf_event_v7.c:339:9: warning: Initializer entry defined twice
arch/arm/kernel/perf_event_v7.c:340:10:   also defined here
arch/arm/kernel/perf_event_v7.c:352:9: warning: Initializer entry defined twice
arch/arm/kernel/perf_event_v7.c:359:10:   also defined here
arch/arm/kernel/perf_event_v7.c:388:9: warning: Initializer entry defined twice
arch/arm/kernel/perf_event_v7.c:389:10:   also defined here
arch/arm/kernel/perf_event_v7.c:401:9: warning: Initializer entry defined twice
arch/arm/kernel/perf_event_v7.c:403:10:   also defined here
arch/arm/kernel/perf_event_v7.c:438:9: warning: Initializer entry defined twice
arch/arm/kernel/perf_event_v7.c:439:10:   also defined here
arch/arm/kernel/perf_event_v7.c:447:9: warning: Initializer entry defined twice
arch/arm/kernel/perf_event_v7.c:448:10:   also defined here
arch/arm/kernel/perf_event_v7.c:457:9: warning: Initializer entry defined twice
arch/arm/kernel/perf_event_v7.c:464:10:   also defined here
arch/arm/kernel/topology.c:45:15: warning: symbol 'arch_scale_cpu_capacity' was not declared. Should it be static?
arch/arm/kernel/topology.c:192:22: warning: symbol 'cpu_corepower_mask' was not declared. Should it be static?
mm/mm_init.c:153:5: warning: symbol 'vm_committed_as_batch' was not declared. Should it be static?
crypto/cipher.c:70:24: warning: Variable length array is used.
include/linux/rcupdate.h:947:9: warning: context imbalance in 'unlazy_walk' - unexpected unlock
include/linux/rcupdate.h:947:9: warning: context imbalance in 'complete_walk' - unexpected unlock
include/linux/rcupdate.h:947:9: warning: context imbalance in 'follow_dotdot_rcu' - unexpected unlock
include/linux/rcupdate.h:947:9: warning: context imbalance in 'terminate_walk' - unexpected unlock
fs/namei.c:1854:12: warning: context imbalance in 'path_init' - different lock contexts for basic block
mm/percpu.c:1943:12: warning: symbol 'pcpu_embed_first_chunk' was not declared. Should it be static?
mm/compaction.c:1470:37: warning: incorrect type in initializer (different base types)
mm/compaction.c:1470:37:    expected int [signed] may_enter_fs
mm/compaction.c:1470:37:    got restricted gfp_t
mm/compaction.c:1471:39: warning: incorrect type in initializer (different base types)
mm/compaction.c:1471:39:    expected int [signed] may_perform_io
mm/compaction.c:1471:39:    got restricted gfp_t
mm/compaction.c:316:13: warning: context imbalance in 'compact_trylock_irqsave' - wrong count at exit
include/linux/spinlock.h:372:9: warning: context imbalance in 'compact_unlock_should_abort' - unexpected unlock
mm/compaction.c:530:39: warning: context imbalance in 'isolate_freepages_block' - unexpected unlock
mm/compaction.c:828:39: warning: context imbalance in 'isolate_migratepages_block' - unexpected unlock
kernel/ptrace.c:991:9: warning: context imbalance in 'ptrace_request' - different lock contexts for basic block
mm/workingset.c:363:20: warning: context imbalance in 'shadow_lru_isolate' - unexpected unlock
kernel/user.c:77:19: warning: symbol 'uidhash_table' was not declared. Should it be static?
mm/debug.c:172:1: error: directive in argument list
mm/debug.c:174:1: error: directive in argument list
mm/debug.c:183:1: error: directive in argument list
mm/debug.c:185:1: error: directive in argument list
mm/debug.c:186:1: error: directive in argument list
mm/debug.c:188:1: error: directive in argument list
mm/debug.c:190:1: error: directive in argument list
mm/debug.c:192:1: error: directive in argument list
mm/debug.c:193:1: error: directive in argument list
mm/debug.c:195:1: error: directive in argument list
mm/debug.c:196:1: error: directive in argument list
mm/debug.c:198:1: error: directive in argument list
mm/debug.c:202:1: error: directive in argument list
mm/debug.c:204:1: error: directive in argument list
mm/debug.c:217:1: error: directive in argument list
mm/debug.c:219:1: error: directive in argument list
mm/debug.c:220:1: error: directive in argument list
mm/debug.c:222:1: error: directive in argument list
mm/debug.c:224:1: error: directive in argument list
mm/debug.c:226:1: error: directive in argument list
mm/debug.c:227:1: error: directive in argument list
mm/debug.c:229:1: error: directive in argument list
mm/debug.c:230:1: error: directive in argument list
mm/debug.c:232:1: error: directive in argument list
kernel/signal.c:1667:28: warning: incorrect type in argument 2 (different modifiers)
kernel/signal.c:1667:28:    expected unsigned long [nocast] [usertype] *utime
kernel/signal.c:1667:28:    got unsigned long *<noident>
kernel/signal.c:1667:28: warning: implicit cast to nocast type
kernel/signal.c:1667:36: warning: incorrect type in argument 3 (different modifiers)
kernel/signal.c:1667:36:    expected unsigned long [nocast] [usertype] *stime
kernel/signal.c:1667:36:    got unsigned long *<noident>
kernel/signal.c:1667:36: warning: implicit cast to nocast type
kernel/signal.c:1752:28: warning: incorrect type in argument 2 (different modifiers)
kernel/signal.c:1752:28:    expected unsigned long [nocast] [usertype] *utime
kernel/signal.c:1752:28:    got unsigned long *<noident>
kernel/signal.c:1752:28: warning: implicit cast to nocast type
kernel/signal.c:1752:36: warning: incorrect type in argument 3 (different modifiers)
kernel/signal.c:1752:36:    expected unsigned long [nocast] [usertype] *stime
kernel/signal.c:1752:36:    got unsigned long *<noident>
kernel/signal.c:1752:36: warning: implicit cast to nocast type
kernel/signal.c:1260:23: warning: context imbalance in '__lock_task_sighand' - different lock contexts for basic block
kernel/signal.c:1997:13: warning: context imbalance in 'do_signal_stop' - different lock contexts for basic block
kernel/signal.c:2246:25: warning: context imbalance in 'get_signal' - unexpected unlock
mm/gup.c:555:53: warning: implicit cast to nocast type
block/blk-core.c:476:6: warning: symbol 'blk_set_queue_dying' was not declared. Should it be static?
block/blk-core.c:1037:24: warning: context imbalance in '__get_request' - unexpected unlock
block/blk-core.c:1175:23: warning: context imbalance in 'blk_old_get_request' - different lock contexts for basic block
block/blk-core.c:1566:6: warning: context imbalance in 'blk_queue_bio' - different lock contexts for basic block
block/blk-core.c:3175:17: warning: context imbalance in 'blk_flush_plug_list' - unexpected unlock
mm/highmem.c:101:16: warning: Initializer entry defined twice
mm/highmem.c:101:16:   also defined here
mm/memory.c:118:15: warning: symbol 'zero_pfn' was not declared. Should it be static?
mm/memory.c:904:17: warning: context imbalance in 'copy_pte_range' - different lock contexts for basic block
mm/memory.c:1428:32: warning: context imbalance in '__get_locked_pte' - different lock contexts for basic block
mm/memory.c:1631:17: warning: context imbalance in 'remap_pte_range' - different lock contexts for basic block
mm/memory.c:1829:17: warning: context imbalance in 'apply_to_pte_range' - unexpected unlock
mm/memory.c:3370:12: warning: context imbalance in '__follow_pte' - different lock contexts for basic block
block/blk-flush.c:266:9: warning: context imbalance in 'flush_end_io' - different lock contexts for basic block
kernel/sys.c:878:49: warning: incorrect type in argument 2 (different modifiers)
kernel/sys.c:878:49:    expected unsigned long [nocast] [usertype] *ut
kernel/sys.c:878:49:    got unsigned long *<noident>
kernel/sys.c:878:49: warning: implicit cast to nocast type
kernel/sys.c:878:59: warning: incorrect type in argument 3 (different modifiers)
kernel/sys.c:878:59:    expected unsigned long [nocast] [usertype] *st
kernel/sys.c:878:59:    got unsigned long *<noident>
kernel/sys.c:878:59: warning: implicit cast to nocast type
kernel/sys.c:1541:25: warning: implicit cast to nocast type
kernel/sys.c:1544:49: warning: incorrect type in argument 2 (different modifiers)
kernel/sys.c:1544:49:    expected unsigned long [nocast] [usertype] *ut
kernel/sys.c:1544:49:    got unsigned long *<noident>
kernel/sys.c:1544:49: warning: implicit cast to nocast type
kernel/sys.c:1544:57: warning: incorrect type in argument 3 (different modifiers)
kernel/sys.c:1544:57:    expected unsigned long [nocast] [usertype] *st
kernel/sys.c:1544:57:    got unsigned long *<noident>
kernel/sys.c:1544:57: warning: implicit cast to nocast type
kernel/sys.c:1570:51: warning: incorrect type in argument 2 (different modifiers)
kernel/sys.c:1570:51:    expected unsigned long [nocast] [usertype] *ut
kernel/sys.c:1570:51:    got unsigned long *<noident>
kernel/sys.c:1570:51: warning: implicit cast to nocast type
kernel/sys.c:1570:61: warning: incorrect type in argument 3 (different modifiers)
kernel/sys.c:1570:61:    expected unsigned long [nocast] [usertype] *st
kernel/sys.c:1570:61:    got unsigned long *<noident>
kernel/sys.c:1570:61: warning: implicit cast to nocast type
fs/dcache.c:313:9: warning: context imbalance in 'dentry_iput' - different lock contexts for basic block
fs/dcache.c:508:28: warning: context imbalance in '__dentry_kill' - unexpected unlock
fs/dcache.c:535:22: warning: context imbalance in 'dentry_kill' - wrong count at exit
fs/dcache.c:759:9: warning: context imbalance in 'dput' - unexpected unlock
fs/dcache.c:886:18: warning: context imbalance in 'd_prune_aliases' - different lock contexts for basic block
fs/dcache.c:929:44: warning: context imbalance in 'shrink_dentry_list' - unexpected unlock
fs/dcache.c:1066:24: warning: context imbalance in 'dentry_lru_isolate_shrink' - different lock contexts for basic block
fs/dcache.c:1226:22: warning: context imbalance in 'd_walk' - different lock contexts for basic block
fs/dcache.c:1726:31: warning: context imbalance in 'd_instantiate' - different lock contexts for basic block
fs/dcache.c:1793:9: warning: context imbalance in 'd_instantiate_unique' - different lock contexts for basic block
fs/dcache.c:2494:9: warning: context imbalance in 'dentry_lock_for_move' - wrong count at exit
fs/dcache.c:2506:28: warning: context imbalance in 'dentry_unlock_for_move' - unexpected unlock
fs/dcache.c:2685:20: warning: context imbalance in '__d_unalias' - unexpected unlock
fs/dcache.c:2756:25: warning: context imbalance in 'd_splice_alias' - different lock contexts for basic block
fs/dcache.c:2919:9: warning: context imbalance in 'prepend_path' - wrong count at exit
include/linux/err.h:23:20: warning: context imbalance in '__dentry_path' - different lock contexts for basic block
mm/mlock.c:640:37: warning: implicit cast to nocast type
mm/mlock.c:788:37: warning: implicit cast to nocast type
include/linux/mm.h:1439:21: warning: context imbalance in '__munlock_pagevec_fill' - different lock contexts for basic block
mm/mmap.c:1334:47: warning: implicit cast to nocast type
mm/mmap.c:1336:45: warning: implicit cast to nocast type
mm/mmap.c:1345:45: warning: implicit cast to nocast type
mm/mmap.c:1366:47: warning: implicit cast to nocast type
mm/mmap.c:1386:37: warning: implicit cast to nocast type
mm/mmap.c:1390:37: warning: implicit cast to nocast type
mm/mmap.c:1434:33: warning: implicit cast to nocast type
mm/mmap.c:1570:29: warning: implicit cast to nocast type
mm/mmap.c:846:9: warning: context imbalance in 'vma_adjust' - different lock contexts for basic block
mm/mprotect.c:39:14: warning: context imbalance in 'lock_pte_protection' - different lock contexts for basic block
mm/mprotect.c:126:9: warning: context imbalance in 'change_pte_range' - unexpected unlock
mm/mremap.c:153:9: warning: context imbalance in 'move_ptes' - different lock contexts for basic block
mm/rmap.c:651:23: warning: Using plain integer as NULL pointer
mm/rmap.c:1355:6: warning: symbol 'is_vma_temporary_stack' was not declared. Should it be static?
mm/rmap.c:642:7: warning: context imbalance in '__page_check_address' - wrong count at exit
fs/inode.c:710:17: warning: context imbalance in 'inode_lru_isolate' - unexpected unlock
fs/inode.c:766:9: warning: context imbalance in 'find_inode' - different lock contexts for basic block
fs/inode.c:793:9: warning: context imbalance in 'find_inode_fast' - different lock contexts for basic block
fs/inode.c:1323:5: warning: context imbalance in 'insert_inode_locked' - wrong count at exit
fs/inode.c:1365:5: warning: context imbalance in 'insert_inode_locked4' - wrong count at exit
fs/inode.c:1457:20: warning: context imbalance in 'iput_final' - unexpected unlock
fs/inode.c:1471:6: warning: context imbalance in 'iput' - wrong count at exit
fs/inode.c:1772:13: warning: context imbalance in '__wait_on_freeing_inode' - unexpected unlock
kernel/workqueue.c:4380:61: warning: expression using sizeof bool
mm/vmalloc.c:580:6: warning: symbol 'set_iounmap_nonlazy' was not declared. Should it be static?
crypto/shash.c:82:40: warning: Variable length array is used.
crypto/shash.c:118:40: warning: Variable length array is used.
fs/file.c:27:5: warning: symbol 'sysctl_nr_open_min' was not declared. Should it be static?
fs/file.c:30:5: warning: symbol 'sysctl_nr_open_max' was not declared. Should it be static?
fs/file.c:430:21: warning: symbol 'init_files' was not declared. Should it be static?
mm/memblock.c:1216:6: warning: symbol 'memblock_virt_alloc_try_nid_nopanic' was not declared. Should it be static?
mm/memblock.c:1246:6: warning: symbol 'memblock_virt_alloc_try_nid' was not declared. Should it be static?
mm/memblock.c:1275:13: warning: symbol '__memblock_free_early' was not declared. Should it be static?
mm/memblock.c:1293:13: warning: symbol '__memblock_free_late' was not declared. Should it be static?
kernel/pid.c:48:5: warning: symbol 'pid_max' was not declared. Should it be static?
kernel/pid.c:52:5: warning: symbol 'pid_max_min' was not declared. Should it be static?
kernel/pid.c:53:5: warning: symbol 'pid_max_max' was not declared. Should it be static?
mm/swapfile.c:601:20: warning: context imbalance in 'scan_swap_map' - unexpected unlock
mm/swapfile.c:725:32: warning: context imbalance in 'swap_info_get' - different lock contexts for basic block
mm/swapfile.c:838:17: warning: context imbalance in 'swap_free' - unexpected unlock
mm/swapfile.c:852:17: warning: context imbalance in 'swapcache_free' - unexpected unlock
mm/swapfile.c:871:35: warning: context imbalance in 'page_swapcount' - unexpected unlock
mm/swapfile.c:961:28: warning: context imbalance in 'free_swap_and_cache' - unexpected unlock
mm/swapfile.c:2827:20: warning: context imbalance in 'add_swap_count_continuation' - unexpected unlock
block/genhd.c:1405:10: error: bad integer constant expression
block/genhd.c:1406:10: error: bad integer constant expression
block/genhd.c:1410:10: error: bad integer constant expression
block/genhd.c:1411:10: error: bad integer constant expression
kernel/extable.c:40:26: warning: symbol 'main_extable_sort_needed' was not declared. Should it be static?
fs/namespace.c:1572:22: warning: symbol 'to_mnt_ns' was not declared. Should it be static?
mm/migrate.c:115:24: warning: Using plain integer as NULL pointer
crypto/hmac.c:55:9: warning: Variable length array is used.
crypto/cbc.c:149:20: warning: Variable length array is used.
drivers/ata/libata-scsi.c:1895:9: warning: context imbalance in 'ata_scsi_rbuf_get' - wrong count at exit
drivers/ata/libata-scsi.c:1916:31: warning: context imbalance in 'ata_scsi_rbuf_fill' - unexpected unlock
drivers/ata/libata-scsi.c:1914:48: warning: context imbalance in 'atapi_qc_complete' - unexpected unlock
crypto/ctr.c:61:22: warning: Variable length array is used.
crypto/ctr.c:110:22: warning: Variable length array is used.
fs/libfs.c:846:16: error: incompatible types in comparison expression (different type sizes)
fs/fs-writeback.c:1136:9: warning: context imbalance in 'block_dump___mark_inode_dirty' - different lock contexts for basic block
kernel/smpboot.c:169:36: warning: incorrect type in initializer (different address spaces)
kernel/smpboot.c:169:36:    expected void const [noderef] <asn:3>*__vpp_verify
kernel/smpboot.c:169:36:    got struct task_struct [noderef] <asn:3>**<noident>
kernel/smpboot.c:169:35: warning: incorrect type in initializer (different address spaces)
kernel/smpboot.c:169:35:    expected struct task_struct *tsk
kernel/smpboot.c:169:35:    got struct task_struct [noderef] <asn:3>*<noident>
kernel/smpboot.c:188:10: warning: incorrect type in initializer (different address spaces)
kernel/smpboot.c:188:10:    expected void const [noderef] <asn:3>*__vpp_verify
kernel/smpboot.c:188:10:    got struct task_struct [noderef] <asn:3>**<noident>
kernel/smpboot.c:188:38: warning: incorrect type in assignment (different address spaces)
kernel/smpboot.c:188:38:    expected struct task_struct [noderef] <asn:3>*<noident>
kernel/smpboot.c:188:38:    got struct task_struct *[assigned] tsk
kernel/smpboot.c:221:36: warning: incorrect type in initializer (different address spaces)
kernel/smpboot.c:221:36:    expected void const [noderef] <asn:3>*__vpp_verify
kernel/smpboot.c:221:36:    got struct task_struct [noderef] <asn:3>**<noident>
kernel/smpboot.c:221:35: warning: incorrect type in initializer (different address spaces)
kernel/smpboot.c:221:35:    expected struct task_struct *tsk
kernel/smpboot.c:221:35:    got struct task_struct [noderef] <asn:3>*<noident>
kernel/smpboot.c:240:36: warning: incorrect type in initializer (different address spaces)
kernel/smpboot.c:240:36:    expected void const [noderef] <asn:3>*__vpp_verify
kernel/smpboot.c:240:36:    got struct task_struct [noderef] <asn:3>**<noident>
kernel/smpboot.c:240:35: warning: incorrect type in initializer (different address spaces)
kernel/smpboot.c:240:35:    expected struct task_struct *tsk
kernel/smpboot.c:240:35:    got struct task_struct [noderef] <asn:3>*<noident>
kernel/smpboot.c:262:44: warning: incorrect type in initializer (different address spaces)
kernel/smpboot.c:262:44:    expected void const [noderef] <asn:3>*__vpp_verify
kernel/smpboot.c:262:44:    got struct task_struct [noderef] <asn:3>**<noident>
kernel/smpboot.c:262:43: warning: incorrect type in initializer (different address spaces)
kernel/smpboot.c:262:43:    expected struct task_struct *tsk
kernel/smpboot.c:262:43:    got struct task_struct [noderef] <asn:3>*<noident>
kernel/smpboot.c:267:26: warning: incorrect type in initializer (different address spaces)
kernel/smpboot.c:267:26:    expected void const [noderef] <asn:3>*__vpp_verify
kernel/smpboot.c:267:26:    got struct task_struct [noderef] <asn:3>**<noident>
kernel/bpf/core.c:430:43: error: arithmetics on pointers to functions
net/socket.c:1913:13: warning: incorrect type in assignment (different address spaces)
net/socket.c:1913:13:    expected void *msg_control
net/socket.c:1913:13:    got void [noderef] <asn:1>*<noident>
drivers/ata/libata-sff.c:1302:9: warning: context imbalance in 'ata_sff_hsm_move' - different lock contexts for basic block
kernel/events/core.c:320:26: warning: function 'perf_pmu_name' with external linkage has definition
kernel/events/core.c:194:6: warning: symbol 'update_perf_cpu_limits' was not declared. Should it be static?
kernel/events/core.c:735:1: warning: symbol 'perf_cgroup_switch' was not declared. Should it be static?
kernel/events/core.c:807:26: warning: incorrect type in initializer (different address spaces)
kernel/events/core.c:807:26:    expected void const [noderef] <asn:3>*__vpp_verify
kernel/events/core.c:807:26:    got struct perf_cpu_context *<noident>
kernel/events/core.c:793:6: warning: symbol 'perf_cpu_hrtimer_cancel' was not declared. Should it be static?
kernel/events/core.c:863:22: warning: incorrect type in initializer (different address spaces)
kernel/events/core.c:863:22:    expected void const [noderef] <asn:3>*__vpp_verify
kernel/events/core.c:863:22:    got int *<noident>
kernel/events/core.c:870:22: warning: incorrect type in initializer (different address spaces)
kernel/events/core.c:870:22:    expected void const [noderef] <asn:3>*__vpp_verify
kernel/events/core.c:870:22:    got int *<noident>
kernel/events/core.c:333:16: warning: incorrect type in initializer (different address spaces)
kernel/events/core.c:333:16:    expected void const [noderef] <asn:3>*__vpp_verify
kernel/events/core.c:333:16:    got struct perf_cpu_context *<noident>
kernel/events/core.c:333:16: warning: incorrect type in initializer (different address spaces)
kernel/events/core.c:333:16:    expected void const [noderef] <asn:3>*__vpp_verify
kernel/events/core.c:333:16:    got struct perf_cpu_context *<noident>
kernel/events/core.c:333:16: warning: incorrect type in initializer (different address spaces)
kernel/events/core.c:333:16:    expected void const [noderef] <asn:3>*__vpp_verify
kernel/events/core.c:333:16:    got struct perf_cpu_context *<noident>
kernel/events/core.c:333:16: warning: incorrect type in initializer (different address spaces)
kernel/events/core.c:333:16:    expected void const [noderef] <asn:3>*__vpp_verify
kernel/events/core.c:333:16:    got struct perf_cpu_context *<noident>
kernel/events/core.c:333:16: warning: incorrect type in initializer (different address spaces)
kernel/events/core.c:333:16:    expected void const [noderef] <asn:3>*__vpp_verify
kernel/events/core.c:333:16:    got struct perf_cpu_context *<noident>
kernel/events/core.c:333:16: warning: incorrect type in initializer (different address spaces)
kernel/events/core.c:333:16:    expected void const [noderef] <asn:3>*__vpp_verify
kernel/events/core.c:333:16:    got struct perf_cpu_context *<noident>
kernel/events/core.c:333:16: warning: incorrect type in initializer (different address spaces)
kernel/events/core.c:333:16:    expected void const [noderef] <asn:3>*__vpp_verify
kernel/events/core.c:333:16:    got struct perf_cpu_context *<noident>
kernel/events/core.c:333:16: warning: incorrect type in initializer (different address spaces)
kernel/events/core.c:333:16:    expected void const [noderef] <asn:3>*__vpp_verify
kernel/events/core.c:333:16:    got struct perf_cpu_context *<noident>
kernel/events/core.c:2789:26: warning: incorrect type in initializer (different address spaces)
kernel/events/core.c:2789:26:    expected void const [noderef] <asn:3>*__vpp_verify
kernel/events/core.c:2789:26:    got struct perf_cpu_context *<noident>
kernel/events/core.c:333:16: warning: incorrect type in initializer (different address spaces)
kernel/events/core.c:333:16:    expected void const [noderef] <asn:3>*__vpp_verify
kernel/events/core.c:333:16:    got struct perf_cpu_context *<noident>
kernel/events/core.c:3344:26: warning: incorrect type in initializer (different address spaces)
kernel/events/core.c:3344:26:    expected void const [noderef] <asn:3>*__vpp_verify
kernel/events/core.c:3344:26:    got struct perf_cpu_context *<noident>
kernel/events/core.c:4104:13: warning: symbol 'arch_perf_update_userpage' was not declared. Should it be static?
kernel/events/internal.h:139:46: warning: incorrect type in argument 2 (different address spaces)
kernel/events/internal.h:139:46:    expected void const [noderef] <asn:1>*from
kernel/events/internal.h:139:46:    got void const *src
kernel/events/core.c:5260:26: warning: incorrect type in initializer (different address spaces)
kernel/events/core.c:5260:26:    expected void const [noderef] <asn:3>*__vpp_verify
kernel/events/core.c:5260:26:    got struct perf_cpu_context *<noident>
kernel/events/core.c:6760:35: warning: incorrect type in return expression (different address spaces)
kernel/events/core.c:6760:35:    expected struct perf_cpu_context [noderef] <asn:3>*
kernel/events/core.c:6760:35:    got struct perf_cpu_context *[noderef] pmu_cpu_context
kernel/events/core.c:6773:26: warning: incorrect type in initializer (different address spaces)
kernel/events/core.c:6773:26:    expected void const [noderef] <asn:3>*__vpp_verify
kernel/events/core.c:6773:26:    got struct perf_cpu_context *<noident>
kernel/events/core.c:6795:24: warning: incorrect type in argument 1 (different address spaces)
kernel/events/core.c:6795:24:    expected void [noderef] <asn:3>*__pdata
kernel/events/core.c:6795:24:    got struct perf_cpu_context *[noderef] pmu_cpu_context
kernel/events/core.c:6844:26: warning: incorrect type in initializer (different address spaces)
kernel/events/core.c:6844:26:    expected void const [noderef] <asn:3>*__vpp_verify
kernel/events/core.c:6844:26:    got struct perf_cpu_context *<noident>
kernel/events/core.c:6911:32: warning: incorrect type in assignment (different address spaces)
kernel/events/core.c:6911:32:    expected int *[noderef] pmu_disable_count
kernel/events/core.c:6911:32:    got int [noderef] <asn:3>*<noident>
kernel/events/core.c:6936:30: warning: incorrect type in assignment (different address spaces)
kernel/events/core.c:6936:30:    expected struct perf_cpu_context *[noderef] pmu_cpu_context
kernel/events/core.c:6936:30:    got struct perf_cpu_context [noderef] <asn:3>*
kernel/events/core.c:6941:30: warning: incorrect type in assignment (different address spaces)
kernel/events/core.c:6941:30:    expected struct perf_cpu_context *[noderef] pmu_cpu_context
kernel/events/core.c:6941:30:    got struct perf_cpu_context [noderef] <asn:3>*<noident>
kernel/events/core.c:6948:26: warning: incorrect type in initializer (different address spaces)
kernel/events/core.c:6948:26:    expected void const [noderef] <asn:3>*__vpp_verify
kernel/events/core.c:6948:26:    got struct perf_cpu_context *<noident>
kernel/events/core.c:7001:24: warning: incorrect type in argument 1 (different address spaces)
kernel/events/core.c:7001:24:    expected void [noderef] <asn:3>*__pdata
kernel/events/core.c:7001:24:    got int *[noderef] pmu_disable_count
kernel/events/core.c:7019:24: warning: incorrect type in argument 1 (different address spaces)
kernel/events/core.c:7019:24:    expected void [noderef] <asn:3>*__pdata
kernel/events/core.c:7019:24:    got int *[noderef] pmu_disable_count
kernel/events/core.c:7042:12: warning: symbol 'perf_init_event' was not declared. Should it be static?
kernel/events/core.c:7813:20: warning: incorrect type in initializer (different address spaces)
kernel/events/core.c:7813:20:    expected void const [noderef] <asn:3>*__vpp_verify
kernel/events/core.c:7813:20:    got struct perf_cpu_context *<noident>
kernel/events/core.c:7814:20: warning: incorrect type in initializer (different address spaces)
kernel/events/core.c:7814:20:    expected void const [noderef] <asn:3>*__vpp_verify
kernel/events/core.c:7814:20:    got struct perf_cpu_context *<noident>
kernel/events/core.c:8425:24: warning: incorrect type in initializer (different address spaces)
kernel/events/core.c:8425:24:    expected void const [noderef] <asn:3>*__vpp_verify
kernel/events/core.c:8425:24:    got struct perf_cpu_context *<noident>
kernel/events/core.c:340:9: warning: context imbalance in 'perf_ctx_lock' - wrong count at exit
kernel/events/core.c:348:17: warning: context imbalance in 'perf_ctx_unlock' - unexpected unlock
kernel/events/core.c:1101:9: warning: context imbalance in 'perf_lock_task_context' - wrong count at exit
kernel/events/core.c:1117:17: warning: context imbalance in 'perf_pin_task_context' - unexpected unlock
kernel/events/core.c:2073:25: warning: context imbalance in '__perf_install_in_context' - unexpected unlock
kernel/events/core.c:3360:17: warning: context imbalance in 'find_get_context' - unexpected unlock
kernel/events/core.c:5273:17: warning: dereference of noderef expression
kernel/events/core.c:6760:32: warning: dereference of noderef expression
kernel/events/core.c:6789:21: warning: dereference of noderef expression
kernel/events/core.c:6789:43: warning: dereference of noderef expression
kernel/events/core.c:6795:21: warning: dereference of noderef expression
kernel/events/core.c:6912:14: warning: dereference of noderef expression
kernel/events/core.c:6937:13: warning: dereference of noderef expression
kernel/events/core.c:6942:14: warning: dereference of noderef expression
kernel/events/core.c:7001:21: warning: dereference of noderef expression
kernel/events/core.c:7019:21: warning: dereference of noderef expression
drivers/ata/ahci.c:97:9: warning: Initializer entry defined twice
drivers/ata/ahci.c:97:9:   also defined here
net/bluetooth/hci_core.c:95:27: error: incompatible types in comparison expression (different type sizes)
fs/fs_struct.c:161:18: warning: symbol 'init_fs' was not declared. Should it be static?
sound/core/pcm_native.c:276:37: warning: Variable length array is used.
sound/core/pcm_native.c:87:9: warning: context imbalance in 'snd_pcm_stream_lock' - different lock contexts for basic block
sound/core/pcm_native.c:109:28: warning: context imbalance in 'snd_pcm_stream_unlock' - unexpected unlock
sound/core/pcm_native.c:879:52: warning: context imbalance in 'snd_pcm_action_group' - unexpected unlock
arch/arm/lib/delay.c:102:15: warning: symbol 'calibrate_delay_is_known' was not declared. Should it be static?
arch/arm/lib/delay.c:108:6: warning: symbol 'calibration_delay_done' was not declared. Should it be static?
drivers/ata/ahci_tegra.c:295:9: warning: Initializer entry defined twice
drivers/ata/ahci_tegra.c:295:9:   also defined here
fs/fs_pin.c:46:17: warning: context imbalance in 'pin_kill' - unexpected unlock
include/linux/rcupdate.h:891:9: warning: context imbalance in 'mnt_pin_kill' - different lock contexts for basic block
include/linux/rcupdate.h:891:9: warning: context imbalance in 'group_pin_kill' - different lock contexts for basic block
fs/nsfs.c:32:32: warning: symbol 'ns_dentry_operations' was not declared. Should it be static?
kernel/events/ring_buffer.c:105:5: warning: context imbalance in 'perf_output_begin' - different lock contexts for basic block
kernel/events/ring_buffer.c:218:6: warning: context imbalance in 'perf_output_end' - unexpected unlock
fs/buffer.c:1073:20: warning: symbol '__getblk_slow' was not declared. Should it be static?
fs/buffer.c:2964:6: warning: symbol 'guard_bio_eod' was not declared. Should it be static?
lib/lockref.c:96:5: warning: context imbalance in 'lockref_get_or_lock' - wrong count at exit
lib/lockref.c:140:5: warning: context imbalance in 'lockref_put_or_lock' - wrong count at exit
lib/bcd.c:4:10: error: symbol '_bcd2bin' redeclared with different type (originally declared at include/linux/bcd.h:19) - different modifiers
lib/bcd.c:10:15: error: symbol '_bin2bcd' redeclared with different type (originally declared at include/linux/bcd.h:20) - different modifiers
lib/div64.c:26:32: warning: symbol '__div64_32' was not declared. Should it be static?
kernel/events/hw_breakpoint.c:83:12: warning: symbol 'hw_breakpoint_weight' was not declared. Should it be static?
kernel/events/hw_breakpoint.c:231:13: warning: symbol 'arch_unregister_hw_breakpoint' was not declared. Should it be static?
kernel/irq/irqdesc.c:538:17: warning: context imbalance in '__irq_get_desc_lock' - wrong count at exit
kernel/irq/irqdesc.c:562:6: warning: context imbalance in '__irq_put_desc_unlock' - unexpected unlock
fs/direct-io.c:1109:36: warning: Using plain integer as NULL pointer
fs/direct-io.c:161:58: warning: cast truncates bits from constant value (7fffffffffffffff becomes ffffffff)
kernel/irq/spurious.c:47:17: warning: context imbalance in 'irq_wait_for_poll' - unexpected unlock
lib/gcd.c:6:15: error: symbol 'gcd' redeclared with different type (originally declared at include/linux/gcd.h:6) - different modifiers
lib/lcm.c:7:15: error: symbol 'lcm' redeclared with different type (originally declared at include/linux/lcm.h:6) - different modifiers
net/core/sock.c:1572:9: warning: context imbalance in 'sk_clone_lock' - different lock contexts for basic block
net/core/sock.c:2409:6: warning: context imbalance in 'lock_sock_fast' - different lock contexts for basic block
net/core/sock.c:2828:13: warning: context imbalance in 'proto_seq_start' - wrong count at exit
net/core/sock.c:2840:13: warning: context imbalance in 'proto_seq_stop' - wrong count at exit
lib/rhashtable.c:276:9: warning: context imbalance in 'lock_buckets' - wrong count at exit
lib/rhashtable.c:287:23: warning: context imbalance in 'unlock_buckets' - unexpected unlock
lib/rhashtable.c:934:5: warning: context imbalance in 'rhashtable_walk_start' - wrong count at exit
lib/rhashtable.c:1016:6: warning: context imbalance in 'rhashtable_walk_stop' - unexpected unlock
sound/soc/soc-core.c:95:25: warning: Variable length array is used.
sound/soc/soc-core.c:96:29: warning: Variable length array is used.
sound/soc/soc-core.c:265:20: error: incompatible types in comparison expression (different type sizes)
fs/debugfs/file.c:473:20: error: incompatible types in comparison expression (different type sizes)
lib/kstrtox.c:338:1: error: incompatible types in comparison expression (different type sizes)
lib/kstrtox.c:339:1: error: incompatible types in comparison expression (different type sizes)
lib/kstrtox.c:340:1: error: incompatible types in comparison expression (different type sizes)
lib/kstrtox.c:341:1: error: incompatible types in comparison expression (different type sizes)
lib/kstrtox.c:342:1: error: incompatible types in comparison expression (different type sizes)
lib/kstrtox.c:343:1: error: incompatible types in comparison expression (different type sizes)
lib/kstrtox.c:344:1: error: incompatible types in comparison expression (different type sizes)
lib/kstrtox.c:345:1: error: incompatible types in comparison expression (different type sizes)
lib/kstrtox.c:346:1: error: incompatible types in comparison expression (different type sizes)
lib/kstrtox.c:347:1: error: incompatible types in comparison expression (different type sizes)
net/bluetooth/smp.c:3022:27: error: incompatible types in comparison expression (different type sizes)
include/net/sock.h:1512:31: warning: context imbalance in 'skb_free_datagram_locked' - unexpected unlock
./arch/arm/include/asm/spinlock.h:80:9: warning: context imbalance in '_raw_spin_lock' - wrong count at exit
./arch/arm/include/asm/spinlock.h:80:9: warning: context imbalance in '_raw_spin_lock_irqsave' - wrong count at exit
./arch/arm/include/asm/spinlock.h:80:9: warning: context imbalance in '_raw_spin_lock_irq' - wrong count at exit
./arch/arm/include/asm/spinlock.h:80:9: warning: context imbalance in '_raw_spin_lock_bh' - wrong count at exit
kernel/locking/spinlock.c:181:17: warning: context imbalance in '_raw_spin_unlock' - unexpected unlock
kernel/locking/spinlock.c:189:17: warning: context imbalance in '_raw_spin_unlock_irqrestore' - unexpected unlock
kernel/locking/spinlock.c:197:17: warning: context imbalance in '_raw_spin_unlock_irq' - unexpected unlock
kernel/locking/spinlock.c:205:17: warning: context imbalance in '_raw_spin_unlock_bh' - unexpected unlock
kernel/locking/spinlock.c:221:17: warning: context imbalance in '_raw_read_lock' - wrong count at exit
kernel/locking/spinlock.c:229:26: warning: context imbalance in '_raw_read_lock_irqsave' - wrong count at exit
kernel/locking/spinlock.c:237:17: warning: context imbalance in '_raw_read_lock_irq' - wrong count at exit
kernel/locking/spinlock.c:245:17: warning: context imbalance in '_raw_read_lock_bh' - wrong count at exit
include/linux/rwlock_api_smp.h:226:9: warning: context imbalance in '_raw_read_unlock' - unexpected unlock
include/linux/rwlock_api_smp.h:234:9: warning: context imbalance in '_raw_read_unlock_irqrestore' - unexpected unlock
include/linux/rwlock_api_smp.h:242:9: warning: context imbalance in '_raw_read_unlock_irq' - unexpected unlock
include/linux/rwlock_api_smp.h:250:9: warning: context imbalance in '_raw_read_unlock_bh' - unexpected unlock
kernel/locking/spinlock.c:293:17: warning: context imbalance in '_raw_write_lock' - wrong count at exit
kernel/locking/spinlock.c:301:26: warning: context imbalance in '_raw_write_lock_irqsave' - wrong count at exit
kernel/locking/spinlock.c:309:17: warning: context imbalance in '_raw_write_lock_irq' - wrong count at exit
kernel/locking/spinlock.c:317:17: warning: context imbalance in '_raw_write_lock_bh' - wrong count at exit
kernel/locking/spinlock.c:325:17: warning: context imbalance in '_raw_write_unlock' - unexpected unlock
kernel/locking/spinlock.c:333:17: warning: context imbalance in '_raw_write_unlock_irqrestore' - unexpected unlock
kernel/locking/spinlock.c:341:17: warning: context imbalance in '_raw_write_unlock_irq' - unexpected unlock
kernel/locking/spinlock.c:349:17: warning: context imbalance in '_raw_write_unlock_bh' - unexpected unlock
drivers/base/devtmpfs.c:357:25: warning: incorrect type in argument 1 (different address spaces)
drivers/base/devtmpfs.c:357:25:    expected char [noderef] <asn:1>*dev_name
drivers/base/devtmpfs.c:357:25:    got char static *<noident>
drivers/base/devtmpfs.c:357:38: warning: incorrect type in argument 2 (different address spaces)
drivers/base/devtmpfs.c:357:38:    expected char [noderef] <asn:1>*dir_name
drivers/base/devtmpfs.c:357:38:    got char *<noident>
drivers/base/devtmpfs.c:357:53: warning: incorrect type in argument 3 (different address spaces)
drivers/base/devtmpfs.c:357:53:    expected char [noderef] <asn:1>*type
drivers/base/devtmpfs.c:357:53:    got char static *<noident>
drivers/base/devtmpfs.c:383:26: warning: incorrect type in argument 1 (different address spaces)
drivers/base/devtmpfs.c:383:26:    expected char [noderef] <asn:1>*dev_name
drivers/base/devtmpfs.c:383:26:    got char static *<noident>
drivers/base/devtmpfs.c:383:38: warning: incorrect type in argument 2 (different address spaces)
drivers/base/devtmpfs.c:383:38:    expected char [noderef] <asn:1>*dir_name
drivers/base/devtmpfs.c:383:38:    got char static *<noident>
drivers/base/devtmpfs.c:383:43: warning: incorrect type in argument 3 (different address spaces)
drivers/base/devtmpfs.c:383:43:    expected char [noderef] <asn:1>*type
drivers/base/devtmpfs.c:383:43:    got char static *<noident>
drivers/base/devtmpfs.c:383:66: warning: incorrect type in argument 5 (different address spaces)
drivers/base/devtmpfs.c:383:66:    expected void [noderef] <asn:1>*data
drivers/base/devtmpfs.c:383:66:    got char *<noident>
drivers/base/devtmpfs.c:386:19: warning: incorrect type in argument 1 (different address spaces)
drivers/base/devtmpfs.c:386:19:    expected char const [noderef] <asn:1>*filename
drivers/base/devtmpfs.c:386:19:    got char static *<noident>
drivers/base/devtmpfs.c:387:20: warning: incorrect type in argument 1 (different address spaces)
drivers/base/devtmpfs.c:387:20:    expected char const [noderef] <asn:1>*filename
drivers/base/devtmpfs.c:387:20:    got char static *<noident>
net/core/scm.c:235:26: warning: cast removes address space of expression
net/core/scm.c:235:26: warning: incorrect type in argument 1 (different address spaces)
net/core/scm.c:235:26:    expected void [noderef] <asn:1>*to
net/core/scm.c:235:26:    got void *<noident>
net/core/scm.c:271:48: warning: cast removes address space of expression
lib/xz/xz_dec_stream.c:734:23: warning: function 'xz_dec_run' with external linkage has definition
lib/xz/xz_dec_stream.c:770:25: warning: function 'xz_dec_init' with external linkage has definition
lib/xz/xz_dec_stream.c:800:16: warning: function 'xz_dec_reset' with external linkage has definition
lib/xz/xz_dec_stream.c:812:16: warning: function 'xz_dec_end' with external linkage has definition
net/core/gen_stats.c:58:1: warning: context imbalance in 'gnet_stats_start_copy_compat' - wrong count at exit
net/core/gen_stats.c:35:23: warning: context imbalance in 'gnet_stats_copy_basic' - unexpected unlock
net/core/gen_stats.c:35:23: warning: context imbalance in 'gnet_stats_copy_rate_est' - unexpected unlock
net/core/gen_stats.c:35:23: warning: context imbalance in 'gnet_stats_copy_queue' - unexpected unlock
net/core/gen_stats.c:35:23: warning: context imbalance in 'gnet_stats_copy_app' - unexpected unlock
net/core/gen_stats.c:35:23: warning: context imbalance in 'gnet_stats_finish_copy' - unexpected unlock
lib/xz/xz_dec_lzma2.c:931:23: warning: function 'xz_dec_lzma2_run' with external linkage has definition
lib/xz/xz_dec_lzma2.c:1108:31: warning: function 'xz_dec_lzma2_create' with external linkage has definition
lib/xz/xz_dec_lzma2.c:1132:23: warning: function 'xz_dec_lzma2_reset' with external linkage has definition
lib/xz/xz_dec_lzma2.c:1169:16: warning: function 'xz_dec_lzma2_end' with external linkage has definition
kernel/power/main.c:49:5: warning: symbol 'pm_async_enabled' was not declared. Should it be static?
kernel/power/main.c:619:25: warning: symbol 'pm_wq' was not declared. Should it be static?
lib/xz/xz_dec_bcj.c:417:23: warning: function 'xz_dec_bcj_run' with external linkage has definition
lib/xz/xz_dec_bcj.c:527:29: warning: function 'xz_dec_bcj_create' with external linkage has definition
lib/xz/xz_dec_bcj.c:536:23: warning: function 'xz_dec_bcj_reset' with external linkage has definition
lib/xz/xz_dec_bcj.c:91:21: warning: Initializer entry defined twice
lib/xz/xz_dec_bcj.c:91:27:   also defined here
kernel/printk/printk.c:233:1: warning: symbol 'log_wait' was not declared. Should it be static?
kernel/printk/printk.c:1808:5: warning: symbol 'vprintk_default' was not declared. Should it be static?
kernel/printk/printk.c:918:15: warning: memcpy with byte count of 131072
net/bluetooth/hci_debugfs.c:694:27: error: incompatible types in comparison expression (different type sizes)
net/core/sysctl_net_core.c:157:23: error: incompatible types in comparison expression (different type sizes)
include/trace/events/net.h:170:1: error: directive in argument list
include/trace/events/net.h:172:1: error: directive in argument list
include/trace/events/net.h:174:1: error: directive in argument list
lib/swiotlb.c:243:1: warning: symbol 'swiotlb_late_init_with_default_size' was not declared. Should it be static?
lib/swiotlb.c:540:13: warning: symbol 'map_single' was not declared. Should it be static?
kernel/rcu/tree_plugin.h:530:13: warning: expression using sizeof bool
kernel/rcu/tree_plugin.h:531:14: warning: expression using sizeof bool
kernel/rcu/tree.c:189:15: warning: symbol 'rcu_rnp_online_cpus' was not declared. Should it be static?
kernel/rcu/tree.c:214:14: warning: expression using sizeof bool
kernel/rcu/tree.c:218:17: warning: expression using sizeof bool
kernel/rcu/tree.c:224:14: warning: expression using sizeof bool
kernel/rcu/tree.c:228:17: warning: expression using sizeof bool
kernel/rcu/tree.c:243:1: warning: symbol 'rcu_qs_ctr' was not declared. Should it be static?
kernel/rcu/tree.c:3832:21: warning: incorrect type in argument 1 (different modifiers)
kernel/rcu/tree.c:3832:21:    expected int ( *threadfn )( ... )
kernel/rcu/tree.c:3832:21:    got int ( static [toplevel] [noreturn] *<noident> )( ... )
kernel/rcu/tree_plugin.h:119:14: warning: expression using sizeof bool
kernel/rcu/tree_plugin.h:123:17: warning: expression using sizeof bool
kernel/rcu/tree.c:1509:9: warning: context imbalance in 'rcu_start_future_gp' - different lock contexts for basic block
kernel/rcu/tree.c:2687:9: warning: context imbalance in 'force_qs_rnp' - different lock contexts for basic block
kernel/rcu/tree.c:2737:25: warning: context imbalance in 'force_quiescent_state' - unexpected unlock
kernel/rcu/tree_plugin.h:670:9: warning: context imbalance in 'sync_rcu_preempt_exp_init' - wrong count at exit
lib/iommu-helper.c:9:5: warning: symbol 'iommu_is_span_boundary' was not declared. Should it be static?
lib/iommu-helper.c:19:15: warning: symbol 'iommu_area_alloc' was not declared. Should it be static?
kernel/sched/core.c:929:6: warning: symbol 'sched_set_stop_task' was not declared. Should it be static?
kernel/sched/core.c:1165:5: warning: symbol 'migrate_swap' was not declared. Should it be static?
kernel/sched/core.c:2985:35: warning: symbol 'preempt_schedule_irq' was not declared. Should it be static?
kernel/sched/core.c:5927:28: warning: incorrect type in initializer (different address spaces)
kernel/sched/core.c:5927:28:    expected void const [noderef] <asn:3>*__vpp_verify
kernel/sched/core.c:5927:28:    got struct sched_domain **<noident>
kernel/sched/core.c:5962:28: warning: incorrect type in initializer (different address spaces)
kernel/sched/core.c:5962:28:    expected void const [noderef] <asn:3>*__vpp_verify
kernel/sched/core.c:5962:28:    got struct sched_domain **<noident>
kernel/sched/core.c:5982:28: warning: incorrect type in initializer (different address spaces)
kernel/sched/core.c:5982:28:    expected void const [noderef] <asn:3>*__vpp_verify
kernel/sched/core.c:5982:28:    got struct sched_group_capacity **<noident>
kernel/sched/core.c:6022:36: warning: incorrect type in initializer (different address spaces)
kernel/sched/core.c:6022:36:    expected void const [noderef] <asn:3>*__vpp_verify
kernel/sched/core.c:6022:36:    got struct sched_domain **<noident>
kernel/sched/core.c:6029:24: warning: incorrect type in initializer (different address spaces)
kernel/sched/core.c:6029:24:    expected void const [noderef] <asn:3>*__vpp_verify
kernel/sched/core.c:6029:24:    got struct sched_group **<noident>
kernel/sched/core.c:6030:31: warning: incorrect type in initializer (different address spaces)
kernel/sched/core.c:6030:31:    expected void const [noderef] <asn:3>*__vpp_verify
kernel/sched/core.c:6030:31:    got struct sched_group_capacity **<noident>
kernel/sched/core.c:6720:39: warning: incorrect type in initializer (different address spaces)
kernel/sched/core.c:6720:39:    expected void const [noderef] <asn:3>*__vpp_verify
kernel/sched/core.c:6720:39:    got struct sched_domain **<noident>
kernel/sched/core.c:6723:40: warning: incorrect type in initializer (different address spaces)
kernel/sched/core.c:6723:40:    expected void const [noderef] <asn:3>*__vpp_verify
kernel/sched/core.c:6723:40:    got struct sched_domain **<noident>
kernel/sched/core.c:6727:40: warning: incorrect type in initializer (different address spaces)
kernel/sched/core.c:6727:40:    expected void const [noderef] <asn:3>*__vpp_verify
kernel/sched/core.c:6727:40:    got struct sched_group **<noident>
kernel/sched/core.c:6729:40: warning: incorrect type in initializer (different address spaces)
kernel/sched/core.c:6729:40:    expected void const [noderef] <asn:3>*__vpp_verify
kernel/sched/core.c:6729:40:    got struct sched_group_capacity **<noident>
kernel/sched/core.c:6731:32: warning: incorrect type in argument 1 (different address spaces)
kernel/sched/core.c:6731:32:    expected void [noderef] <asn:3>*__pdata
kernel/sched/core.c:6731:32:    got struct sched_domain **[noderef] sd
kernel/sched/core.c:6733:32: warning: incorrect type in argument 1 (different address spaces)
kernel/sched/core.c:6733:32:    expected void [noderef] <asn:3>*__pdata
kernel/sched/core.c:6733:32:    got struct sched_group **[noderef] sg
kernel/sched/core.c:6735:32: warning: incorrect type in argument 1 (different address spaces)
kernel/sched/core.c:6735:32:    expected void [noderef] <asn:3>*__pdata
kernel/sched/core.c:6735:32:    got struct sched_group_capacity **[noderef] sgc
kernel/sched/core.c:6663:25: warning: incorrect type in assignment (different address spaces)
kernel/sched/core.c:6663:25:    expected struct sched_domain **[noderef] sd
kernel/sched/core.c:6663:25:    got struct sched_domain *[noderef] <asn:3>*<noident>
kernel/sched/core.c:6667:25: warning: incorrect type in assignment (different address spaces)
kernel/sched/core.c:6667:25:    expected struct sched_group **[noderef] sg
kernel/sched/core.c:6667:25:    got struct sched_group *[noderef] <asn:3>*<noident>
kernel/sched/core.c:6671:26: warning: incorrect type in assignment (different address spaces)
kernel/sched/core.c:6671:26:    expected struct sched_group_capacity **[noderef] sgc
kernel/sched/core.c:6671:26:    got struct sched_group_capacity *[noderef] <asn:3>*<noident>
kernel/sched/core.c:6685:26: warning: incorrect type in initializer (different address spaces)
kernel/sched/core.c:6685:26:    expected void const [noderef] <asn:3>*__vpp_verify
kernel/sched/core.c:6685:26:    got struct sched_domain **<noident>
kernel/sched/core.c:6694:26: warning: incorrect type in initializer (different address spaces)
kernel/sched/core.c:6694:26:    expected void const [noderef] <asn:3>*__vpp_verify
kernel/sched/core.c:6694:26:    got struct sched_group **<noident>
kernel/sched/core.c:6701:26: warning: incorrect type in initializer (different address spaces)
kernel/sched/core.c:6701:26:    expected void const [noderef] <asn:3>*__vpp_verify
kernel/sched/core.c:6701:26:    got struct sched_group_capacity **<noident>
kernel/sched/core.c:6170:30: warning: incorrect type in argument 1 (different address spaces)
kernel/sched/core.c:6170:30:    expected void [noderef] <asn:3>*__pdata
kernel/sched/core.c:6170:30:    got struct sched_domain **[noderef] sd
kernel/sched/core.c:6185:15: warning: incorrect type in assignment (different address spaces)
kernel/sched/core.c:6185:15:    expected struct sched_domain **[noderef] sd
kernel/sched/core.c:6185:15:    got struct sched_domain *[noderef] <asn:3>*<noident>
kernel/sched/core.c:6203:9: warning: incorrect type in initializer (different address spaces)
kernel/sched/core.c:6203:9:    expected void const [noderef] <asn:3>*__vpp_verify
kernel/sched/core.c:6203:9:    got struct sched_domain **<noident>
kernel/sched/core.c:6204:10: warning: incorrect type in initializer (different address spaces)
kernel/sched/core.c:6204:10:    expected void const [noderef] <asn:3>*__vpp_verify
kernel/sched/core.c:6204:10:    got struct sched_domain **<noident>
kernel/sched/core.c:6206:13: warning: incorrect type in initializer (different address spaces)
kernel/sched/core.c:6206:13:    expected void const [noderef] <asn:3>*__vpp_verify
kernel/sched/core.c:6206:13:    got struct sched_group **<noident>
kernel/sched/core.c:6206:13: warning: incorrect type in initializer (different address spaces)
kernel/sched/core.c:6206:13:    expected void const [noderef] <asn:3>*__vpp_verify
kernel/sched/core.c:6206:13:    got struct sched_group **<noident>
kernel/sched/core.c:6206:13: warning: incorrect type in initializer (different address spaces)
kernel/sched/core.c:6206:13:    expected void const [noderef] <asn:3>*__vpp_verify
kernel/sched/core.c:6206:13:    got struct sched_group **<noident>
kernel/sched/core.c:6206:13: warning: incorrect type in initializer (different address spaces)
kernel/sched/core.c:6206:13:    expected void const [noderef] <asn:3>*__vpp_verify
kernel/sched/core.c:6206:13:    got struct sched_group **<noident>
kernel/sched/core.c:6207:18: warning: incorrect type in initializer (different address spaces)
kernel/sched/core.c:6207:18:    expected void const [noderef] <asn:3>*__vpp_verify
kernel/sched/core.c:6207:18:    got struct sched_group **<noident>
kernel/sched/core.c:6209:13: warning: incorrect type in initializer (different address spaces)
kernel/sched/core.c:6209:13:    expected void const [noderef] <asn:3>*__vpp_verify
kernel/sched/core.c:6209:13:    got struct sched_group_capacity **<noident>
kernel/sched/core.c:6209:13: warning: incorrect type in initializer (different address spaces)
kernel/sched/core.c:6209:13:    expected void const [noderef] <asn:3>*__vpp_verify
kernel/sched/core.c:6209:13:    got struct sched_group_capacity **<noident>
kernel/sched/core.c:6209:13: warning: incorrect type in initializer (different address spaces)
kernel/sched/core.c:6209:13:    expected void const [noderef] <asn:3>*__vpp_verify
kernel/sched/core.c:6209:13:    got struct sched_group_capacity **<noident>
kernel/sched/core.c:6209:13: warning: incorrect type in initializer (different address spaces)
kernel/sched/core.c:6209:13:    expected void const [noderef] <asn:3>*__vpp_verify
kernel/sched/core.c:6209:13:    got struct sched_group_capacity **<noident>
kernel/sched/core.c:6210:18: warning: incorrect type in initializer (different address spaces)
kernel/sched/core.c:6210:18:    expected void const [noderef] <asn:3>*__vpp_verify
kernel/sched/core.c:6210:18:    got struct sched_group_capacity **<noident>
kernel/sched/core.c:6243:36: warning: incorrect type in initializer (different address spaces)
kernel/sched/core.c:6243:36:    expected void const [noderef] <asn:3>*__vpp_verify
kernel/sched/core.c:6243:36:    got struct sched_domain **<noident>
kernel/sched/core.c:6740:21: warning: symbol 'build_sched_domain' was not declared. Should it be static?
kernel/sched/core.c:6798:34: warning: incorrect type in initializer (different address spaces)
kernel/sched/core.c:6798:34:    expected void const [noderef] <asn:3>*__vpp_verify
kernel/sched/core.c:6798:34:    got struct sched_domain **<noident>
kernel/sched/core.c:6808:28: warning: incorrect type in initializer (different address spaces)
kernel/sched/core.c:6808:28:    expected void const [noderef] <asn:3>*__vpp_verify
kernel/sched/core.c:6808:28:    got struct sched_domain **<noident>
kernel/sched/core.c:6825:28: warning: incorrect type in initializer (different address spaces)
kernel/sched/core.c:6825:28:    expected void const [noderef] <asn:3>*__vpp_verify
kernel/sched/core.c:6825:28:    got struct sched_domain **<noident>
kernel/sched/core.c:6834:23: warning: incorrect type in initializer (different address spaces)
kernel/sched/core.c:6834:23:    expected void const [noderef] <asn:3>*__vpp_verify
kernel/sched/core.c:6834:23:    got struct sched_domain **<noident>
kernel/sched/core.c:4241:1: warning: context imbalance in 'sys_sched_yield' - unexpected unlock
kernel/sched/core.c:4288:28: warning: context imbalance in '__cond_resched_lock' - unexpected unlock
kernel/sched/core.c:6170:29: warning: dereference of noderef expression
kernel/sched/core.c:6186:14: warning: dereference of noderef expression
kernel/sched/core.c:6664:22: warning: dereference of noderef expression
kernel/sched/core.c:6668:22: warning: dereference of noderef expression
kernel/sched/core.c:6672:22: warning: dereference of noderef expression
kernel/sched/core.c:6719:29: warning: dereference of noderef expression
kernel/sched/core.c:6726:29: warning: dereference of noderef expression
kernel/sched/core.c:6728:29: warning: dereference of noderef expression
kernel/sched/core.c:6731:29: warning: dereference of noderef expression
kernel/sched/core.c:6732:17: warning: dereference of noderef expression
kernel/sched/core.c:6733:29: warning: dereference of noderef expression
kernel/sched/core.c:6734:17: warning: dereference of noderef expression
kernel/sched/core.c:6735:29: warning: dereference of noderef expression
kernel/sched/core.c:6736:17: warning: dereference of noderef expression
net/ipv4/inet_connection_sock.c:205:9: warning: context imbalance in 'inet_csk_get_port' - different lock contexts for basic block
lib/dec_and_lock.c:20:5: warning: context imbalance in '_atomic_dec_and_lock' - different lock contexts for basic block
include/net/sock.h:1512:31: warning: context imbalance in 'tcp_ioctl' - unexpected unlock
drivers/base/dma-coherent.c:45:28: warning: incorrect type in assignment (different address spaces)
drivers/base/dma-coherent.c:45:28:    expected void *virt_base
drivers/base/dma-coherent.c:45:28:    got void [noderef] <asn:2>*[assigned] mem_base
drivers/base/dma-coherent.c:70:20: warning: incorrect type in argument 1 (different address spaces)
drivers/base/dma-coherent.c:70:20:    expected void volatile [noderef] <asn:2>*addr
drivers/base/dma-coherent.c:70:20:    got void *virt_base
drivers/base/firmware_class.c:267:9: warning: context imbalance in 'fw_free_buf' - wrong count at exit
kernel/sched/clock.c:77:19: warning: symbol 'sched_clock_running' was not declared. Should it be static?
lib/decompress_unxz.c:251:17: warning: symbol 'unxz' was not declared. Should it be static?
kernel/sched/cputime.c:305:42: warning: incorrect type in argument 2 (different modifiers)
kernel/sched/cputime.c:305:42:    expected unsigned long [nocast] [usertype] *utime
kernel/sched/cputime.c:305:42:    got unsigned long *<noident>
kernel/sched/cputime.c:305:42: warning: implicit cast to nocast type
kernel/sched/cputime.c:305:50: warning: incorrect type in argument 3 (different modifiers)
kernel/sched/cputime.c:305:50:    expected unsigned long [nocast] [usertype] *stime
kernel/sched/cputime.c:305:50:    got unsigned long *<noident>
kernel/sched/cputime.c:305:50: warning: implicit cast to nocast type
kernel/sched/cputime.c:570:29: warning: implicit cast to nocast type
kernel/sched/cputime.c:571:17: warning: implicit cast from nocast type
kernel/sched/cputime.c:619:26: warning: incorrect type in argument 1 (different modifiers)
kernel/sched/cputime.c:619:26:    expected unsigned long [nocast] [usertype] *counter
kernel/sched/cputime.c:619:26:    got unsigned long *<noident>
kernel/sched/cputime.c:619:26: warning: implicit cast to nocast type
kernel/sched/cputime.c:620:26: warning: incorrect type in argument 1 (different modifiers)
kernel/sched/cputime.c:620:26:    expected unsigned long [nocast] [usertype] *counter
kernel/sched/cputime.c:620:26:    got unsigned long *<noident>
kernel/sched/cputime.c:620:26: warning: implicit cast to nocast type
kernel/sched/cputime.c:633:26: warning: incorrect type in argument 2 (different modifiers)
kernel/sched/cputime.c:633:26:    expected unsigned long [nocast] [usertype] *utime
kernel/sched/cputime.c:633:26:    got unsigned long *<noident>
kernel/sched/cputime.c:633:26: warning: implicit cast to nocast type
kernel/sched/cputime.c:633:42: warning: incorrect type in argument 3 (different modifiers)
kernel/sched/cputime.c:633:42:    expected unsigned long [nocast] [usertype] *stime
kernel/sched/cputime.c:633:42:    got unsigned long *<noident>
kernel/sched/cputime.c:633:42: warning: implicit cast to nocast type
kernel/sched/cputime.c:313:33: warning: context imbalance in 'thread_group_cputime' - different lock contexts for basic block
drivers/block/loop.c:237:38: warning: incorrect type in argument 2 (different address spaces)
drivers/block/loop.c:237:38:    expected char const [noderef] <asn:1>*<noident>
drivers/block/loop.c:237:38:    got unsigned char [usertype] *buf
kernel/sched/fair.c:51:14: warning: symbol 'normalized_sysctl_sched_latency' was not declared. Should it be static?
kernel/sched/fair.c:70:14: warning: symbol 'normalized_sysctl_sched_min_granularity' was not declared. Should it be static?
kernel/sched/fair.c:92:14: warning: symbol 'normalized_sysctl_sched_wakeup_granularity' was not declared. Should it be static?
kernel/sched/fair.c:4058:35: error: marked inline, but without a definition
net/ipv6/anycast.c:461:25: warning: context imbalance in 'ac6_get_next' - unexpected unlock
net/ipv6/anycast.c:483:9: warning: context imbalance in 'ac6_get_idx' - wrong count at exit
include/linux/rcupdate.h:947:9: warning: context imbalance in 'ac6_seq_stop' - unexpected unlock
net/core/rtnetlink.c:2015:41: warning: Variable length array is used.
net/core/rtnetlink.c:2016:49: warning: Variable length array is used.
drivers/char/mem.c:223:12: warning: symbol 'phys_mem_access_prot_allowed' was not declared. Should it be static?
kernel/sched/rt.c:601:6: warning: symbol 'sched_rt_bandwidth_account' was not declared. Should it be static?
kernel/sched/sched.h:1445:17: warning: context imbalance in 'find_lock_lowest_rq' - unexpected unlock
kernel/sched/rt.c:1759:9: warning: context imbalance in 'push_rt_task' - unexpected unlock
kernel/sched/sched.h:1445:17: warning: context imbalance in 'pull_rt_task' - unexpected unlock
drivers/char/random.c:1420:25: error: incompatible types in comparison expression (different type sizes)
kernel/sched/deadline.c:60:6: warning: symbol 'init_dl_bw' was not declared. Should it be static?
kernel/sched/deadline.c:1016:20: warning: symbol 'pick_next_task_dl' was not declared. Should it be static?
kernel/sched/sched.h:1445:17: warning: context imbalance in 'find_lock_later_rq' - unexpected unlock
kernel/sched/deadline.c:1376:9: warning: context imbalance in 'push_dl_task' - unexpected unlock
kernel/sched/sched.h:1445:17: warning: context imbalance in 'pull_dl_task' - unexpected unlock
drivers/clk/clk.c:2644:5: warning: symbol '__clk_get' was not declared. Should it be static?
drivers/clk/clk.c:2657:6: warning: symbol '__clk_put' was not declared. Should it be static?
drivers/clk/clk.c:3049:37: warning: incorrect type in assignment (different modifiers)
drivers/clk/clk.c:3049:37:    expected void ( *[usertype] clk_init_cb )( ... )
drivers/clk/clk.c:3049:37:    got void const *const data
drivers/clk/clk.c:116:22: warning: context imbalance in 'clk_enable_lock' - wrong count at exit
drivers/clk/clk.c:141:9: warning: context imbalance in 'clk_enable_unlock' - unexpected unlock
net/ipv4/tcp_ipv4.c:1392:20: warning: context imbalance in 'tcp_v4_hnd_req' - different lock contexts for basic block
include/net/sock.h:518:54: warning: context imbalance in 'listening_get_next' - unexpected unlock
net/ipv4/tcp_ipv4.c:2002:9: warning: context imbalance in 'established_get_first' - wrong count at exit
net/ipv4/tcp_ipv4.c:2022:40: warning: context imbalance in 'established_get_next' - unexpected unlock
net/ipv4/tcp_ipv4.c:2152:69: warning: context imbalance in 'tcp_seq_stop' - unexpected unlock
net/core/filter.c:253:33: error: subtraction of functions? Share your drugs
net/core/filter.c:256:33: error: subtraction of functions? Share your drugs
net/core/filter.c:259:33: error: subtraction of functions? Share your drugs
net/core/filter.c:262:33: error: subtraction of functions? Share your drugs
net/core/filter.c:265:33: error: subtraction of functions? Share your drugs
net/core/filter.c:688:30: error: cannot size expression
kernel/sched/idle.c:215:33: warning: expression using sizeof bool
drivers/clk/clk-divider.c:380:12: warning: context imbalance in 'clk_divider_set_rate' - different lock contexts for basic block
drivers/clk/clk-gate.c:71:9: warning: context imbalance in 'clk_gate_endisable' - different lock contexts for basic block
drivers/clk/clk-mux.c:69:12: warning: context imbalance in 'clk_mux_set_parent' - different lock contexts for basic block
net/ipv4/tcp_minisocks.c:833:9: warning: context imbalance in 'tcp_child_process' - unexpected unlock
net/core/dev_ioctl.c:149:32: error: incompatible types in comparison expression (different type sizes)
net/core/dev_ioctl.c:270:24: error: incompatible types in comparison expression (different type sizes)
lib/vsprintf.c:695:18: warning: Variable length array is used.
lib/vsprintf.c:698:38: error: cannot size expression
kernel/sched/debug.c:242:6: warning: symbol 'print_rt_rq' was not declared. Should it be static?
kernel/sched/debug.c:264:6: warning: symbol 'print_dl_rq' was not declared. Should it be static?
drivers/clk/clk-fractional-divider.c:36:9: warning: context imbalance in 'clk_fd_recalc_rate' - different lock contexts for basic block
drivers/clk/clk-fractional-divider.c:65:12: warning: context imbalance in 'clk_fd_set_rate' - different lock contexts for basic block
drivers/clk/clk-gpio-gate.c:189:13: warning: symbol 'of_gpio_gate_clk_setup' was not declared. Should it be static?
net/ipv6/route.c:538:17: warning: context imbalance in 'rt6_probe' - different lock contexts for basic block
drivers/clk/tegra/clk-divider.c:141:9: warning: context imbalance in 'clk_frac_div_set_rate' - different lock contexts for basic block
drivers/clk/tegra/clk-pll.c:326:12: warning: context imbalance in 'clk_pll_enable' - different lock contexts for basic block
drivers/clk/tegra/clk-pll.c:355:9: warning: context imbalance in 'clk_pll_disable' - different lock contexts for basic block
drivers/clk/tegra/clk-pll.c:623:9: warning: context imbalance in 'clk_pll_set_rate' - different lock contexts for basic block
drivers/clk/tegra/clk-pll.c:874:12: warning: context imbalance in 'clk_pll_iddq_enable' - different lock contexts for basic block
drivers/clk/tegra/clk-pll.c:916:9: warning: context imbalance in 'clk_pll_iddq_disable' - different lock contexts for basic block
drivers/clk/tegra/clk-pll.c:1001:9: warning: context imbalance in 'clk_pllxc_set_rate' - different lock contexts for basic block
drivers/clk/tegra/clk-pll.c:1056:9: warning: context imbalance in 'clk_pllm_set_rate' - different lock contexts for basic block
drivers/clk/tegra/clk-pll.c:1072:12: warning: context imbalance in 'clk_pllc_enable' - different lock contexts for basic block
drivers/clk/tegra/clk-pll.c:1123:9: warning: context imbalance in 'clk_pllc_disable' - different lock contexts for basic block
drivers/clk/tegra/clk-pll.c:1203:9: warning: context imbalance in 'clk_pllc_set_rate' - different lock contexts for basic block
drivers/clk/tegra/clk-pll.c:1257:9: warning: context imbalance in 'clk_pllre_set_rate' - different lock contexts for basic block
drivers/clk/tegra/clk-pll.c:1389:9: warning: context imbalance in 'clk_plle_tegra114_enable' - different lock contexts for basic block
drivers/clk/tegra/clk-pll.c:1408:9: warning: context imbalance in 'clk_plle_tegra114_disable' - different lock contexts for basic block
drivers/clk/tegra/clk-pll-out.c:42:12: warning: context imbalance in 'clk_pll_out_enable' - different lock contexts for basic block
drivers/clk/tegra/clk-pll-out.c:80:9: warning: context imbalance in 'clk_pll_out_disable' - different lock contexts for basic block
drivers/clk/tegra/clk-super.c:122:9: warning: context imbalance in 'clk_super_set_parent' - different lock contexts for basic block
kernel/time/hrtimer.c:67:1: warning: symbol 'hrtimer_bases' was not declared. Should it be static?
kernel/time/hrtimer.c:152:27: warning: context imbalance in 'lock_hrtimer_base' - wrong count at exit
kernel/time/hrtimer.c:994:25: warning: context imbalance in '__hrtimer_start_range_ns' - unexpected unlock
kernel/time/hrtimer.c:793:9: warning: context imbalance in 'hrtimer_try_to_cancel' - unexpected unlock
kernel/time/hrtimer.c:1099:9: warning: context imbalance in 'hrtimer_get_remaining' - unexpected unlock
kernel/time/itimer.c:126:59: warning: implicit cast to nocast type
kernel/time/itimer.c:167:55: warning: incorrect type in argument 3 (different modifiers)
kernel/time/itimer.c:167:55:    expected unsigned long [nocast] [usertype] *newval
kernel/time/itimer.c:167:55:    got unsigned long *<noident>
kernel/time/itimer.c:167:55: warning: implicit cast to nocast type
kernel/time/itimer.c:167:62: warning: incorrect type in argument 4 (different modifiers)
kernel/time/itimer.c:167:62:    expected unsigned long [nocast] [usertype] *oldval
kernel/time/itimer.c:167:62:    got unsigned long *<noident>
kernel/time/itimer.c:167:62: warning: implicit cast to nocast type
kernel/time/itimer.c:226:56: warning: implicit cast to nocast type
net/ipv4/tcp_fastopen.c:201:9: warning: context imbalance in 'tcp_fastopen_create_child' - unexpected unlock
drivers/clk/tegra/clk-tegra-periph.c:514:9: warning: Using plain integer as NULL pointer
drivers/clk/tegra/clk-tegra-periph.c:515:9: warning: Using plain integer as NULL pointer
drivers/clk/tegra/clk-tegra-periph.c:516:9: warning: Using plain integer as NULL pointer
drivers/clk/tegra/clk-tegra-periph.c:517:9: warning: Using plain integer as NULL pointer
drivers/clk/tegra/clk-tegra-periph.c:518:9: warning: Using plain integer as NULL pointer
drivers/clk/tegra/clk-tegra-periph.c:519:9: warning: Using plain integer as NULL pointer
drivers/clk/tegra/clk-tegra-periph.c:520:9: warning: Using plain integer as NULL pointer
drivers/clk/tegra/clk-tegra-periph.c:521:9: warning: Using plain integer as NULL pointer
drivers/clk/tegra/clk-tegra-periph.c:522:9: warning: Using plain integer as NULL pointer
drivers/clk/tegra/clk-tegra-periph.c:523:9: warning: Using plain integer as NULL pointer
drivers/clk/tegra/clk-tegra-periph.c:524:9: warning: Using plain integer as NULL pointer
drivers/clk/tegra/clk-tegra-periph.c:525:9: warning: Using plain integer as NULL pointer
drivers/clk/tegra/clk-tegra-periph.c:526:9: warning: Using plain integer as NULL pointer
drivers/clk/tegra/clk-tegra-periph.c:527:9: warning: Using plain integer as NULL pointer
drivers/clk/tegra/clk-tegra-periph.c:528:9: warning: Using plain integer as NULL pointer
drivers/clk/tegra/clk-tegra-periph.c:529:9: warning: Using plain integer as NULL pointer
drivers/clk/tegra/clk-tegra-periph.c:530:9: warning: Using plain integer as NULL pointer
drivers/clk/tegra/clk-tegra-periph.c:531:9: warning: Using plain integer as NULL pointer
drivers/clk/tegra/clk-tegra-periph.c:532:9: warning: Using plain integer as NULL pointer
drivers/clk/tegra/clk-tegra-periph.c:533:9: warning: Using plain integer as NULL pointer
drivers/clk/tegra/clk-tegra-periph.c:534:9: warning: Using plain integer as NULL pointer
drivers/clk/tegra/clk-tegra-periph.c:535:9: warning: Using plain integer as NULL pointer
drivers/clk/tegra/clk-tegra-periph.c:536:9: warning: Using plain integer as NULL pointer
drivers/clk/tegra/clk-tegra-periph.c:537:9: warning: Using plain integer as NULL pointer
drivers/clk/tegra/clk-tegra-periph.c:538:9: warning: Using plain integer as NULL pointer
drivers/clk/tegra/clk-tegra-periph.c:539:9: warning: Using plain integer as NULL pointer
drivers/clk/tegra/clk-tegra-periph.c:540:9: warning: Using plain integer as NULL pointer
drivers/clk/tegra/clk-tegra-periph.c:541:9: warning: Using plain integer as NULL pointer
drivers/clk/tegra/clk-tegra-periph.c:542:9: warning: Using plain integer as NULL pointer
drivers/clk/tegra/clk-tegra-periph.c:543:9: warning: Using plain integer as NULL pointer
drivers/clk/tegra/clk-tegra-periph.c:544:9: warning: Using plain integer as NULL pointer
drivers/clk/tegra/clk-tegra-periph.c:545:9: warning: Using plain integer as NULL pointer
drivers/clk/tegra/clk-tegra-periph.c:546:9: warning: Using plain integer as NULL pointer
kernel/time/posix-timers.c:395:9: warning: context imbalance in 'do_schedule_next_timer' - different lock contexts for basic block
kernel/time/posix-timers.c:686:24: warning: context imbalance in '__lock_timer' - different lock contexts for basic block
kernel/time/posix-cpu-timers.c:27:53: warning: incorrect type in argument 3 (different modifiers)
kernel/time/posix-cpu-timers.c:27:53:    expected unsigned long [nocast] [usertype] *newval
kernel/time/posix-cpu-timers.c:27:53:    got unsigned long *<noident>
kernel/time/posix-cpu-timers.c:27:53: warning: implicit cast to nocast type
kernel/time/posix-cpu-timers.c:130:26: warning: incorrect type in argument 2 (different modifiers)
kernel/time/posix-cpu-timers.c:130:26:    expected unsigned long [nocast] [usertype] *utime
kernel/time/posix-cpu-timers.c:130:26:    got unsigned long *<noident>
kernel/time/posix-cpu-timers.c:130:26: warning: implicit cast to nocast type
kernel/time/posix-cpu-timers.c:130:34: warning: incorrect type in argument 3 (different modifiers)
kernel/time/posix-cpu-timers.c:130:34:    expected unsigned long [nocast] [usertype] *stime
kernel/time/posix-cpu-timers.c:130:34:    got unsigned long *<noident>
kernel/time/posix-cpu-timers.c:130:34: warning: implicit cast to nocast type
kernel/time/posix-cpu-timers.c:138:26: warning: incorrect type in argument 2 (different modifiers)
kernel/time/posix-cpu-timers.c:138:26:    expected unsigned long [nocast] [usertype] *utime
kernel/time/posix-cpu-timers.c:138:26:    got unsigned long *<noident>
kernel/time/posix-cpu-timers.c:138:26: warning: implicit cast to nocast type
kernel/time/posix-cpu-timers.c:130:26: warning: incorrect type in argument 2 (different modifiers)
kernel/time/posix-cpu-timers.c:130:26:    expected unsigned long [nocast] [usertype] *utime
kernel/time/posix-cpu-timers.c:130:26:    got unsigned long *<noident>
kernel/time/posix-cpu-timers.c:130:26: warning: implicit cast to nocast type
kernel/time/posix-cpu-timers.c:130:34: warning: incorrect type in argument 3 (different modifiers)
kernel/time/posix-cpu-timers.c:130:34:    expected unsigned long [nocast] [usertype] *stime
kernel/time/posix-cpu-timers.c:130:34:    got unsigned long *<noident>
kernel/time/posix-cpu-timers.c:130:34: warning: implicit cast to nocast type
kernel/time/posix-cpu-timers.c:138:26: warning: incorrect type in argument 2 (different modifiers)
kernel/time/posix-cpu-timers.c:138:26:    expected unsigned long [nocast] [usertype] *utime
kernel/time/posix-cpu-timers.c:138:26:    got unsigned long *<noident>
kernel/time/posix-cpu-timers.c:138:26: warning: implicit cast to nocast type
kernel/time/posix-cpu-timers.c:904:27: warning: implicit cast from nocast type
kernel/time/posix-cpu-timers.c:913:39: warning: implicit cast to nocast type
kernel/time/posix-cpu-timers.c:918:62: warning: implicit cast to nocast type
kernel/time/posix-cpu-timers.c:922:44: warning: implicit cast from nocast type
kernel/time/posix-cpu-timers.c:923:30: warning: implicit cast from nocast type
kernel/time/posix-cpu-timers.c:986:38: warning: implicit cast from nocast type
kernel/time/posix-cpu-timers.c:987:40: warning: implicit cast from nocast type
kernel/time/posix-cpu-timers.c:1100:28: warning: incorrect type in argument 2 (different modifiers)
kernel/time/posix-cpu-timers.c:1100:28:    expected unsigned long [nocast] [usertype] *utime
kernel/time/posix-cpu-timers.c:1100:28:    got unsigned long *<noident>
kernel/time/posix-cpu-timers.c:1100:28: warning: implicit cast to nocast type
kernel/time/posix-cpu-timers.c:1100:36: warning: incorrect type in argument 3 (different modifiers)
kernel/time/posix-cpu-timers.c:1100:36:    expected unsigned long [nocast] [usertype] *stime
kernel/time/posix-cpu-timers.c:1100:36:    got unsigned long *<noident>
kernel/time/posix-cpu-timers.c:1100:36: warning: implicit cast to nocast type
kernel/time/posix-cpu-timers.c:1216:29: warning: implicit cast from nocast type
kernel/time/posix-cpu-timers.c:1220:44: warning: implicit cast to nocast type
kernel/time/posix-cpu-timers.c:1226:28: warning: implicit cast to nocast type
net/ipv4/tcp_offload.c:32:16: warning: symbol 'tcp4_gso_segment' was not declared. Should it be static?
net/ipv6/ipv6_sockglue.c:992:33: warning: incorrect type in assignment (different address spaces)
net/ipv6/ipv6_sockglue.c:992:33:    expected void *msg_control
net/ipv6/ipv6_sockglue.c:992:33:    got char [noderef] <asn:1>*optval
net/ipv4/raw.c:984:21: warning: context imbalance in 'raw_seq_start' - wrong count at exit
net/ipv4/raw.c:1001:6: warning: context imbalance in 'raw_seq_stop' - unexpected unlock
kernel/time/jiffies.c:107:20: warning: symbol 'refined_jiffies' was not declared. Should it be static?
drivers/clocksource/clksrc-of.c:37:27: warning: incorrect type in assignment (different modifiers)
drivers/clocksource/clksrc-of.c:37:27:    expected void ( *[usertype] init_func )( ... )
drivers/clocksource/clksrc-of.c:37:27:    got void const *const data
drivers/clocksource/tegra20_timer.c:262:6: warning: symbol 'tegra_timer_suspend' was not declared. Should it be static?
drivers/clocksource/tegra20_timer.c:267:6: warning: symbol 'tegra_timer_resume' was not declared. Should it be static?
include/net/sock.h:1512:31: warning: context imbalance in 'udpv6_recvmsg' - unexpected unlock
include/net/sock.h:1512:31: warning: context imbalance in 'first_packet_length' - unexpected unlock
include/net/sock.h:1512:31: warning: context imbalance in 'udp_recvmsg' - unexpected unlock
include/net/sock.h:1512:31: warning: context imbalance in 'udp_destroy_sock' - unexpected unlock
net/ipv4/udp.c:2299:9: warning: context imbalance in 'udp_get_first' - wrong count at exit
net/ipv4/udp.c:2313:39: warning: context imbalance in 'udp_get_next' - unexpected unlock
net/ipv4/udp.c:2355:31: warning: context imbalance in 'udp_seq_stop' - unexpected unlock
drivers/cpufreq/cpufreq.c:54:1: warning: symbol 'cpufreq_governor_lock' was not declared. Should it be static?
drivers/cpufreq/cpufreq.c:205:23: warning: symbol 'cpufreq_cpu_get_raw' was not declared. Should it be static?
kernel/time/clockevents.c:614:17: warning: symbol 'clockevents_subsys' was not declared. Should it be static?
drivers/cpufreq/freq_table.c:276:1: warning: symbol 'cpufreq_freq_attr_scaling_boost_freqs' was not declared. Should it be static?
net/ipv6/icmp.c:391:13: warning: context imbalance in 'icmp6_send' - different lock contexts for basic block
net/ipv6/icmp.c:547:13: warning: context imbalance in 'icmpv6_echo_reply' - wrong count at exit
kernel/time/tick-sched.c:402:5: warning: symbol 'tick_nohz_active' was not declared. Should it be static?
net/ipv6/mcast.c:251:25: warning: context imbalance in 'ip6_mc_find_dev_rcu' - different lock contexts for basic block
net/ipv6/mcast.c:438:9: warning: context imbalance in 'ip6_mc_source' - unexpected unlock
net/ipv6/mcast.c:527:9: warning: context imbalance in 'ip6_mc_msfilter' - unexpected unlock
net/ipv6/mcast.c:574:21: warning: context imbalance in 'ip6_mc_msfget' - unexpected unlock
net/ipv6/mcast.c:2617:25: warning: context imbalance in 'igmp6_mc_get_next' - unexpected unlock
net/ipv6/mcast.c:2639:9: warning: context imbalance in 'igmp6_mc_get_idx' - wrong count at exit
net/ipv6/mcast.c:2666:9: warning: context imbalance in 'igmp6_mc_seq_stop' - unexpected unlock
net/ipv6/mcast.c:2752:31: warning: context imbalance in 'igmp6_mcf_get_next' - unexpected unlock
net/ipv6/mcast.c:2784:9: warning: context imbalance in 'igmp6_mcf_get_idx' - wrong count at exit
net/ipv6/mcast.c:2801:9: warning: context imbalance in 'igmp6_mcf_seq_next' - wrong count at exit
net/ipv6/mcast.c:2814:17: warning: context imbalance in 'igmp6_mcf_seq_stop' - unexpected unlock
net/ipv4/icmp.c:387:13: warning: context imbalance in 'icmp_reply' - different lock contexts for basic block
net/ipv4/icmp.c:544:6: warning: context imbalance in 'icmp_send' - different lock contexts for basic block
drivers/dma/tegra20-apb-dma.c:365:9: warning: context imbalance in 'tegra_dma_global_pause' - wrong count at exit
drivers/dma/tegra20-apb-dma.c:234:9: warning: context imbalance in 'tegra_dma_global_resume' - unexpected unlock
net/ipv4/igmp.c:2621:31: warning: context imbalance in 'igmp_mcf_get_next' - unexpected unlock
net/ipv4/igmp.c:2649:9: warning: context imbalance in 'igmp_mcf_get_idx' - wrong count at exit
net/ipv4/igmp.c:2666:9: warning: context imbalance in 'igmp_mcf_seq_next' - wrong count at exit
net/ipv4/igmp.c:2678:9: warning: context imbalance in 'igmp_mcf_seq_stop' - unexpected unlock
./arch/arm/include/asm/futex.h:51:19: warning: incorrect type in argument 1 (different address spaces)
./arch/arm/include/asm/futex.h:51:19:    expected void const *ptr
./arch/arm/include/asm/futex.h:51:19:    got unsigned int [noderef] [usertype] <asn:1>*uaddr
./arch/arm/include/asm/futex.h:131:17: warning: incorrect type in argument 1 (different address spaces)
./arch/arm/include/asm/futex.h:131:17:    expected void const *ptr
./arch/arm/include/asm/futex.h:131:17:    got unsigned int [noderef] [usertype] <asn:1>*uaddr
./arch/arm/include/asm/futex.h:134:17: warning: incorrect type in argument 1 (different address spaces)
./arch/arm/include/asm/futex.h:134:17:    expected void const *ptr
./arch/arm/include/asm/futex.h:134:17:    got unsigned int [noderef] [usertype] <asn:1>*uaddr
./arch/arm/include/asm/futex.h:137:17: warning: incorrect type in argument 1 (different address spaces)
./arch/arm/include/asm/futex.h:137:17:    expected void const *ptr
./arch/arm/include/asm/futex.h:137:17:    got unsigned int [noderef] [usertype] <asn:1>*uaddr
./arch/arm/include/asm/futex.h:140:17: warning: incorrect type in argument 1 (different address spaces)
./arch/arm/include/asm/futex.h:140:17:    expected void const *ptr
./arch/arm/include/asm/futex.h:140:17:    got unsigned int [noderef] [usertype] <asn:1>*uaddr
./arch/arm/include/asm/futex.h:143:17: warning: incorrect type in argument 1 (different address spaces)
./arch/arm/include/asm/futex.h:143:17:    expected void const *ptr
./arch/arm/include/asm/futex.h:143:17:    got unsigned int [noderef] [usertype] <asn:1>*uaddr
kernel/futex.c:1289:33: warning: context imbalance in 'futex_wake_op' - different lock contexts for basic block
kernel/futex.c:1566:41: warning: context imbalance in 'futex_requeue' - different lock contexts for basic block
kernel/futex.c:2053:13: warning: context imbalance in 'futex_wait_queue_me' - unexpected unlock
kernel/futex.c:2159:9: warning: context imbalance in 'futex_wait_setup' - different lock contexts for basic block
kernel/futex.c:2603:29: warning: context imbalance in 'futex_wait_requeue_pi' - unexpected unlock
drivers/gpio/gpiolib.c:1314:36: warning: Variable length array is used.
drivers/gpio/gpiolib.c:1315:36: warning: Variable length array is used.
drivers/gpio/gpiolib.c:1321:17: error: cannot size expression
net/ipv6/tcp_ipv6.c:998:20: warning: context imbalance in 'tcp_v6_hnd_req' - different lock contexts for basic block
kernel/smp.c:543:13: warning: symbol 'smp_announce' was not declared. Should it be static?
fs/jbd/commit.c:108:28: warning: context imbalance in 'inverted_lock' - unexpected unlock
fs/jbd/commit.c:205:9: warning: context imbalance in 'journal_submit_data_buffers' - different lock contexts for basic block
fs/jbd/commit.c:456:9: warning: context imbalance in 'journal_commit_transaction' - different lock contexts for basic block
net/ipv4/ping.c:1064:21: warning: context imbalance in 'ping_seq_start' - wrong count at exit
net/ipv4/ping.c:1087:6: warning: context imbalance in 'ping_seq_stop' - unexpected unlock
kernel/module.c:211:6: error: symbol '__module_put_and_exit' redeclared with different type (originally declared at include/linux/module.h:442) - different modifiers
include/linux/bit_spinlock.h:65:9: warning: context imbalance in '__try_to_free_cp_buf' - unexpected unlock
fs/jbd/checkpoint.c:155:36: warning: context imbalance in '__log_wait_for_space' - unexpected unlock
include/linux/bit_spinlock.h:65:9: warning: context imbalance in '__wait_cp_io' - unexpected unlock
fs/jbd/checkpoint.c:294:23: warning: context imbalance in '__process_buffer' - unexpected unlock
fs/jbd/checkpoint.c:439:20: warning: context imbalance in 'log_do_checkpoint' - unexpected unlock
fs/jbd/checkpoint.c:557:12: warning: context imbalance in 'journal_clean_one_cp_list' - different lock contexts for basic block
kernel/kexec.c:64:13: warning: symbol 'kexec_purgatory' was not declared. Should it be static?
kernel/kexec.c:65:15: warning: symbol 'kexec_purgatory_size' was not declared. Should it be static?
net/ipv4/ipconfig.c:139:8: warning: symbol 'ic_addrservaddr' was not declared. Should it be static?
fs/jbd2/transaction.c:190:17: warning: context imbalance in 'add_transaction_credits' - unexpected unlock
fs/jbd2/transaction.c:306:9: warning: context imbalance in 'start_this_handle' - different lock contexts for basic block
fs/jbd2/transaction.c:1102:20: warning: context imbalance in 'jbd2_journal_get_create_access' - different lock contexts for basic block
kernel/cgroup.c:3647:9: warning: context imbalance in 'css_task_iter_start' - wrong count at exit
kernel/cgroup.c:3694:6: warning: context imbalance in 'css_task_iter_end' - wrong count at exit
net/ipv6/xfrm6_state.c:64:19: warning: Variable length array is used.
net/ipv6/xfrm6_state.c:66:9: error: cannot size expression
drivers/gpu/drm/drm_fb_helper.c:1627:27: warning: expression using sizeof bool
fs/jbd2/checkpoint.c:146:36: warning: context imbalance in '__jbd2_log_wait_for_space' - unexpected unlock
kernel/stop_machine.c:520:36: warning: incorrect type in initializer (different address spaces)
kernel/stop_machine.c:520:36:    expected struct task_struct [noderef] <asn:3>**store
kernel/stop_machine.c:520:36:    got struct task_struct *static [noderef] [toplevel] <asn:3>*<noident>
kernel/hung_task.c:24:19: warning: symbol 'sysctl_hung_task_check_count' was not declared. Should it be static?
kernel/hung_task.c:38:29: warning: symbol 'sysctl_hung_task_timeout_secs' was not declared. Should it be static?
kernel/hung_task.c:40:19: warning: symbol 'sysctl_hung_task_warnings' was not declared. Should it be static?
kernel/hung_task.c:50:28: warning: symbol 'sysctl_hung_task_panic' was not declared. Should it be static?
kernel/hung_task.c:197:5: warning: symbol 'proc_dohung_task_timeout_secs' was not declared. Should it be static?
drivers/gpu/drm/drm_bufs.c:213:45: warning: incorrect type in assignment (different address spaces)
drivers/gpu/drm/drm_bufs.c:213:45:    expected void *handle
drivers/gpu/drm/drm_bufs.c:213:45:    got void [noderef] <asn:2>*
drivers/gpu/drm/drm_bufs.c:216:45: warning: incorrect type in assignment (different address spaces)
drivers/gpu/drm/drm_bufs.c:216:45:    expected void *handle
drivers/gpu/drm/drm_bufs.c:216:45:    got void [noderef] <asn:2>*
drivers/gpu/drm/drm_bufs.c:331:36: warning: incorrect type in argument 1 (different address spaces)
drivers/gpu/drm/drm_bufs.c:331:36:    expected void volatile [noderef] <asn:2>*addr
drivers/gpu/drm/drm_bufs.c:331:36:    got void *handle
drivers/gpu/drm/drm_bufs.c:348:36: warning: incorrect type in argument 1 (different address spaces)
drivers/gpu/drm/drm_bufs.c:348:36:    expected void volatile [noderef] <asn:2>*addr
drivers/gpu/drm/drm_bufs.c:348:36:    got void *handle
drivers/gpu/drm/drm_bufs.c:454:28: warning: incorrect type in argument 1 (different address spaces)
drivers/gpu/drm/drm_bufs.c:454:28:    expected void volatile [noderef] <asn:2>*addr
drivers/gpu/drm/drm_bufs.c:454:28:    got void *handle
kernel/irq_work.c:52:13: warning: symbol 'arch_irq_work_raise' was not declared. Should it be static?
kernel/elfcore.c:6:17: warning: symbol 'elf_core_extra_phdrs' was not declared. Should it be static?
kernel/elfcore.c:11:12: warning: symbol 'elf_core_write_extra_phdrs' was not declared. Should it be static?
kernel/elfcore.c:16:12: warning: symbol 'elf_core_write_extra_data' was not declared. Should it be static?
kernel/elfcore.c:21:15: warning: symbol 'elf_core_extra_data_size' was not declared. Should it be static?
drivers/i2c/i2c-core.c:2372:36: warning: dubious: x | !y
kernel/config_data.h:1512:10: warning: trying to concatenate 48329-character string (8191 bytes max)
drivers/iio/industrialio-event.c:67:26: warning: cast to non-scalar
drivers/iio/industrialio-event.c:67:26: warning: cast from non-scalar
drivers/gpu/drm/drm_memory.c:128:29: warning: incorrect type in assignment (different address spaces)
drivers/gpu/drm/drm_memory.c:128:29:    expected void *handle
drivers/gpu/drm/drm_memory.c:128:29:    got void [noderef] <asn:2>*
drivers/gpu/drm/drm_memory.c:137:29: warning: incorrect type in assignment (different address spaces)
drivers/gpu/drm/drm_memory.c:137:29:    expected void *handle
drivers/gpu/drm/drm_memory.c:137:29:    got void [noderef] <asn:2>*
drivers/gpu/drm/drm_memory.c:149:28: warning: incorrect type in argument 1 (different address spaces)
drivers/gpu/drm/drm_memory.c:149:28:    expected void volatile [noderef] <asn:2>*addr
drivers/gpu/drm/drm_memory.c:149:28:    got void *handle
drivers/gpu/drm/drm_vm.c:259:44: warning: incorrect type in argument 1 (different address spaces)
drivers/gpu/drm/drm_vm.c:259:44:    expected void volatile [noderef] <asn:2>*addr
drivers/gpu/drm/drm_vm.c:259:44:    got void *handle
drivers/gpu/drm/drm_vm.c:405:6: warning: symbol 'drm_vm_open_locked' was not declared. Should it be static?
drivers/gpu/drm/drm_vm.c:431:6: warning: symbol 'drm_vm_close_locked' was not declared. Should it be static?
drivers/gpu/drm/drm_vm.c:497:51: error: undefined identifier '_PAGE_RW'
drivers/gpu/drm/drm_vm.c:581:51: error: undefined identifier '_PAGE_RW'
drivers/gpu/drm/drm_pci.c:146:5: warning: symbol 'drm_pci_set_unique' was not declared. Should it be static?
drivers/gpu/drm/drm_pci.c:216:5: warning: symbol 'drm_irq_by_busid' was not declared. Should it be static?
net/ipv6/tcpv6_offload.c:44:16: warning: symbol 'tcp6_gso_segment' was not declared. Should it be static?
drivers/gpu/drm/drm_info.c:47:5: warning: symbol 'drm_name_info' was not declared. Should it be static?
drivers/gpu/drm/drm_info.c:72:5: warning: symbol 'drm_vm_info' was not declared. Should it be static?
drivers/gpu/drm/drm_info.c:116:5: warning: symbol 'drm_bufs_info' was not declared. Should it be static?
drivers/gpu/drm/drm_info.c:159:5: warning: symbol 'drm_clients_info' was not declared. Should it be static?
drivers/gpu/drm/drm_info.c:209:5: warning: symbol 'drm_gem_name_info' was not declared. Should it be static?
drivers/input/joydev.c:444:15: error: incompatible types in comparison expression (different type sizes)
drivers/input/joydev.c:480:15: error: incompatible types in comparison expression (different type sizes)
net/netlink/af_netlink.c:2898:12: warning: context imbalance in 'netlink_walk_start' - different lock contexts for basic block
net/netlink/af_netlink.c:2912:13: warning: context imbalance in 'netlink_walk_stop' - unexpected unlock
include/linux/bottom_half.h:32:30: warning: context imbalance in 'packet_direct_xmit' - different lock contexts for basic block
drivers/input/keyboard/cros_ec_keyb.c:168:31: warning: Variable length array is used.
drivers/input/keyboard/cros_ec_keyb.c:307:32: warning: Variable length array is used.
drivers/input/keyboard/cros_ec_keyb.c:308:32: warning: Variable length array is used.
drivers/input/keyboard/cros_ec_keyb.c:321:46: error: cannot size expression
drivers/input/keyboard/cros_ec_keyb.c:323:55: error: cannot size expression
drivers/input/mouse/sentelic.h:126:12: warning: symbol 'fsp_detect' was not declared. Should it be static?
drivers/gpu/drm/drm_atomic.c:265:5: warning: symbol 'drm_atomic_crtc_get_property' was not declared. Should it be static?
drivers/gpu/drm/drm_atomic.c:678:5: warning: symbol 'drm_atomic_get_property' was not declared. Should it be static?
net/rfkill/core.c:1149:17: error: incompatible types in comparison expression (different type sizes)
net/sched/sch_generic.c:149:5: warning: context imbalance in 'sch_direct_xmit' - unexpected unlock
drivers/gpu/drm/drm_bridge.c:52:12: warning: function 'drm_bridge_attach' with external linkage has definition
drivers/gpu/drm/ati_pcigart.c:194:9: error: undefined identifier 'wbinvd'
net/unix/af_unix.c:942:13: warning: context imbalance in 'unix_state_double_lock' - wrong count at exit
net/unix/af_unix.c:960:17: warning: context imbalance in 'unix_state_double_unlock' - unexpected unlock
net/unix/af_unix.c:1050:54: warning: context imbalance in 'unix_wait_for_peer' - unexpected unlock
net/unix/af_unix.c:1229:9: warning: context imbalance in 'unix_stream_connect' - different lock contexts for basic block
net/unix/af_unix.c:1612:9: warning: context imbalance in 'unix_dgram_sendmsg' - different lock contexts for basic block
net/mac80211/aes_ccm.c:28:56: warning: Variable length array is used.
net/mac80211/aes_ccm.c:33:9: error: cannot size expression
net/mac80211/aes_ccm.c:61:9: error: cannot size expression
net/mac80211/aes_gcm.c:24:56: warning: Variable length array is used.
net/mac80211/aes_gcm.c:29:9: error: cannot size expression
net/mac80211/aes_gcm.c:56:9: error: cannot size expression
net/mac80211/aes_gmac.c:28:56: warning: Variable length array is used.
net/mac80211/aes_gmac.c:37:9: error: cannot size expression
drivers/iommu/of_iommu.c:174:55: warning: incorrect type in initializer (different modifiers)
drivers/iommu/of_iommu.c:174:55:    expected int ( *const [usertype] init_fn )( ... )
drivers/iommu/of_iommu.c:174:55:    got void const *const data
drivers/gpu/host1x/job.c:513:9: warning: Variable length array is used.
net/sunrpc/sysctl.c:28:17: warning: symbol 'rpc_debug' was not declared. Should it be static?
net/sunrpc/sysctl.c:31:17: warning: symbol 'nfs_debug' was not declared. Should it be static?
net/sunrpc/sysctl.c:34:17: warning: symbol 'nfsd_debug' was not declared. Should it be static?
net/sunrpc/sysctl.c:37:17: warning: symbol 'nlm_debug' was not declared. Should it be static?
net/xfrm/xfrm_policy.c:110:9: warning: context imbalance in 'xfrm_policy_get_afinfo' - different lock contexts for basic block
net/xfrm/xfrm_policy.c:113:13: warning: context imbalance in 'xfrm_policy_put_afinfo' - unexpected unlock
net/xfrm/xfrm_state.c:1948:9: warning: context imbalance in 'xfrm_state_get_afinfo' - different lock contexts for basic block
net/xfrm/xfrm_state.c:1951:6: warning: context imbalance in 'xfrm_state_put_afinfo' - unexpected unlock
drivers/media/v4l2-core/v4l2-ioctl.c:232:9: error: cannot size expression
drivers/media/v4l2-core/v4l2-ioctl.c:252:9: error: cannot size expression
drivers/media/v4l2-core/v4l2-ioctl.c:257:17: error: cannot size expression
drivers/media/v4l2-core/v4l2-ioctl.c:274:17: error: cannot size expression
drivers/media/v4l2-core/v4l2-ioctl.c:297:17: error: cannot size expression
drivers/media/v4l2-core/v4l2-ioctl.c:357:9: error: cannot size expression
drivers/media/v4l2-core/v4l2-ioctl.c:428:9: error: cannot size expression
drivers/media/v4l2-core/v4l2-ioctl.c:441:9: error: cannot size expression
drivers/media/v4l2-core/v4l2-ioctl.c:441:9: error: cannot size expression
drivers/media/v4l2-core/v4l2-ioctl.c:477:9: error: cannot size expression
drivers/media/v4l2-core/v4l2-ioctl.c:496:9: error: cannot size expression
drivers/media/v4l2-core/v4l2-ioctl.c:582:9: error: cannot size expression
drivers/media/v4l2-core/v4l2-ioctl.c:597:9: error: cannot size expression
drivers/media/v4l2-core/v4l2-ioctl.c:607:9: error: cannot size expression
drivers/media/v4l2-core/v4l2-ioctl.c:811:25: error: cannot size expression
drivers/media/v4l2-core/v4l2-ioctl.c:846:9: error: cannot size expression
net/xfrm/xfrm_input.c:71:9: warning: context imbalance in 'xfrm_input_get_afinfo' - different lock contexts for basic block
net/xfrm/xfrm_input.c:74:13: warning: context imbalance in 'xfrm_input_put_afinfo' - unexpected unlock
fs/proc/task_mmu.c:568:18: error: bad integer constant expression
fs/proc/task_mmu.c:569:18: error: bad integer constant expression
fs/proc/task_mmu.c:570:18: error: bad integer constant expression
fs/proc/task_mmu.c:571:18: error: bad integer constant expression
fs/proc/task_mmu.c:572:18: error: bad integer constant expression
fs/proc/task_mmu.c:573:18: error: bad integer constant expression
fs/proc/task_mmu.c:574:18: error: bad integer constant expression
fs/proc/task_mmu.c:575:18: error: bad integer constant expression
fs/proc/task_mmu.c:576:18: error: bad integer constant expression
fs/proc/task_mmu.c:577:18: error: bad integer constant expression
fs/proc/task_mmu.c:578:18: error: bad integer constant expression
fs/proc/task_mmu.c:582:18: error: bad integer constant expression
fs/proc/task_mmu.c:583:18: error: bad integer constant expression
fs/proc/task_mmu.c:584:18: error: bad integer constant expression
fs/proc/task_mmu.c:585:18: error: bad integer constant expression
fs/proc/task_mmu.c:586:18: error: bad integer constant expression
fs/proc/task_mmu.c:587:18: error: bad integer constant expression
fs/proc/task_mmu.c:588:18: error: bad integer constant expression
fs/proc/task_mmu.c:589:18: error: bad integer constant expression
fs/proc/task_mmu.c:590:18: error: bad integer constant expression
fs/proc/task_mmu.c:591:18: error: bad integer constant expression
fs/proc/task_mmu.c:592:18: error: bad integer constant expression
fs/proc/task_mmu.c:596:18: error: bad integer constant expression
fs/proc/task_mmu.c:597:18: error: bad integer constant expression
fs/proc/task_mmu.c:598:18: error: bad integer constant expression
fs/proc/task_mmu.c:599:18: error: bad integer constant expression
fs/proc/task_mmu.c:1305:23: error: incompatible types in comparison expression (different type sizes)
drivers/media/v4l2-core/v4l2-dv-timings.c:34:9: error: unknown field name in initializer
drivers/media/v4l2-core/v4l2-dv-timings.c:35:9: error: unknown field name in initializer
drivers/media/v4l2-core/v4l2-dv-timings.c:36:9: error: unknown field name in initializer
drivers/media/v4l2-core/v4l2-dv-timings.c:37:9: error: unknown field name in initializer
drivers/media/v4l2-core/v4l2-dv-timings.c:38:9: error: unknown field name in initializer
drivers/media/v4l2-core/v4l2-dv-timings.c:39:9: error: unknown field name in initializer
drivers/media/v4l2-core/v4l2-dv-timings.c:40:9: error: unknown field name in initializer
drivers/media/v4l2-core/v4l2-dv-timings.c:41:9: error: unknown field name in initializer
drivers/media/v4l2-core/v4l2-dv-timings.c:42:9: error: unknown field name in initializer
drivers/media/v4l2-core/v4l2-dv-timings.c:43:9: error: unknown field name in initializer
drivers/media/v4l2-core/v4l2-dv-timings.c:44:9: error: unknown field name in initializer
drivers/media/v4l2-core/v4l2-dv-timings.c:45:9: error: unknown field name in initializer
drivers/media/v4l2-core/v4l2-dv-timings.c:46:9: error: unknown field name in initializer
drivers/media/v4l2-core/v4l2-dv-timings.c:47:9: error: unknown field name in initializer
drivers/media/v4l2-core/v4l2-dv-timings.c:48:9: error: unknown field name in initializer
drivers/media/v4l2-core/v4l2-dv-timings.c:49:9: error: unknown field name in initializer
drivers/media/v4l2-core/v4l2-dv-timings.c:50:9: error: unknown field name in initializer
drivers/media/v4l2-core/v4l2-dv-timings.c:51:9: error: unknown field name in initializer
drivers/media/v4l2-core/v4l2-dv-timings.c:52:9: error: unknown field name in initializer
drivers/media/v4l2-core/v4l2-dv-timings.c:53:9: error: unknown field name in initializer
drivers/media/v4l2-core/v4l2-dv-timings.c:54:9: error: unknown field name in initializer
drivers/media/v4l2-core/v4l2-dv-timings.c:55:9: error: unknown field name in initializer
drivers/media/v4l2-core/v4l2-dv-timings.c:56:9: error: unknown field name in initializer
drivers/media/v4l2-core/v4l2-dv-timings.c:57:9: error: unknown field name in initializer
drivers/media/v4l2-core/v4l2-dv-timings.c:58:9: error: unknown field name in initializer
drivers/media/v4l2-core/v4l2-dv-timings.c:59:9: error: unknown field name in initializer
drivers/media/v4l2-core/v4l2-dv-timings.c:60:9: error: unknown field name in initializer
drivers/media/v4l2-core/v4l2-dv-timings.c:61:9: error: unknown field name in initializer
drivers/media/v4l2-core/v4l2-dv-timings.c:62:9: error: unknown field name in initializer
drivers/media/v4l2-core/v4l2-dv-timings.c:63:9: error: unknown field name in initializer
drivers/media/v4l2-core/v4l2-dv-timings.c:64:9: error: unknown field name in initializer
drivers/media/v4l2-core/v4l2-dv-timings.c:65:9: error: unknown field name in initializer
drivers/media/v4l2-core/v4l2-dv-timings.c:66:9: error: unknown field name in initializer
drivers/media/v4l2-core/v4l2-dv-timings.c:67:9: error: unknown field name in initializer
drivers/media/v4l2-core/v4l2-dv-timings.c:68:9: error: unknown field name in initializer
drivers/media/v4l2-core/v4l2-dv-timings.c:69:9: error: unknown field name in initializer
drivers/media/v4l2-core/v4l2-dv-timings.c:70:9: error: unknown field name in initializer
drivers/media/v4l2-core/v4l2-dv-timings.c:71:9: error: unknown field name in initializer
drivers/media/v4l2-core/v4l2-dv-timings.c:72:9: error: unknown field name in initializer
drivers/media/v4l2-core/v4l2-dv-timings.c:73:9: error: unknown field name in initializer
drivers/media/v4l2-core/v4l2-dv-timings.c:74:9: error: unknown field name in initializer
drivers/media/v4l2-core/v4l2-dv-timings.c:75:9: error: unknown field name in initializer
drivers/media/v4l2-core/v4l2-dv-timings.c:76:9: error: unknown field name in initializer
drivers/media/v4l2-core/v4l2-dv-timings.c:77:9: error: unknown field name in initializer
drivers/media/v4l2-core/v4l2-dv-timings.c:78:9: error: unknown field name in initializer
drivers/media/v4l2-core/v4l2-dv-timings.c:79:9: error: unknown field name in initializer
drivers/media/v4l2-core/v4l2-dv-timings.c:80:9: error: unknown field name in initializer
drivers/media/v4l2-core/v4l2-dv-timings.c:81:9: error: unknown field name in initializer
drivers/media/v4l2-core/v4l2-dv-timings.c:82:9: error: unknown field name in initializer
drivers/media/v4l2-core/v4l2-dv-timings.c:83:9: error: unknown field name in initializer
drivers/media/v4l2-core/v4l2-dv-timings.c:84:9: error: unknown field name in initializer
drivers/media/v4l2-core/v4l2-dv-timings.c:85:9: error: unknown field name in initializer
drivers/media/v4l2-core/v4l2-dv-timings.c:86:9: error: unknown field name in initializer
drivers/media/v4l2-core/v4l2-dv-timings.c:87:9: error: unknown field name in initializer
drivers/media/v4l2-core/v4l2-dv-timings.c:88:9: error: unknown field name in initializer
drivers/media/v4l2-core/v4l2-dv-timings.c:89:9: error: unknown field name in initializer
drivers/media/v4l2-core/v4l2-dv-timings.c:90:9: error: unknown field name in initializer
drivers/media/v4l2-core/v4l2-dv-timings.c:91:9: error: unknown field name in initializer
drivers/media/v4l2-core/v4l2-dv-timings.c:92:9: error: unknown field name in initializer
drivers/media/v4l2-core/v4l2-dv-timings.c:93:9: error: unknown field name in initializer
drivers/media/v4l2-core/v4l2-dv-timings.c:94:9: error: unknown field name in initializer
drivers/media/v4l2-core/v4l2-dv-timings.c:95:9: error: unknown field name in initializer
drivers/media/v4l2-core/v4l2-dv-timings.c:96:9: error: unknown field name in initializer
drivers/media/v4l2-core/v4l2-dv-timings.c:97:9: error: unknown field name in initializer
drivers/media/v4l2-core/v4l2-dv-timings.c:98:9: error: unknown field name in initializer
drivers/media/v4l2-core/v4l2-dv-timings.c:99:9: error: unknown field name in initializer
drivers/media/v4l2-core/v4l2-dv-timings.c:100:9: error: unknown field name in initializer
drivers/media/v4l2-core/v4l2-dv-timings.c:101:9: error: unknown field name in initializer
drivers/media/v4l2-core/v4l2-dv-timings.c:102:9: error: unknown field name in initializer
drivers/media/v4l2-core/v4l2-dv-timings.c:103:9: error: unknown field name in initializer
drivers/media/v4l2-core/v4l2-dv-timings.c:104:9: error: unknown field name in initializer
drivers/media/v4l2-core/v4l2-dv-timings.c:105:9: error: unknown field name in initializer
drivers/media/v4l2-core/v4l2-dv-timings.c:106:9: error: unknown field name in initializer
drivers/media/v4l2-core/v4l2-dv-timings.c:107:9: error: unknown field name in initializer
drivers/media/v4l2-core/v4l2-dv-timings.c:108:9: error: unknown field name in initializer
drivers/media/v4l2-core/v4l2-dv-timings.c:109:9: error: unknown field name in initializer
drivers/media/v4l2-core/v4l2-dv-timings.c:110:9: error: unknown field name in initializer
drivers/media/v4l2-core/v4l2-dv-timings.c:111:9: error: unknown field name in initializer
drivers/media/v4l2-core/v4l2-dv-timings.c:112:9: error: unknown field name in initializer
drivers/media/v4l2-core/v4l2-dv-timings.c:113:9: error: unknown field name in initializer
drivers/media/v4l2-core/v4l2-dv-timings.c:114:9: error: unknown field name in initializer
drivers/media/v4l2-core/v4l2-dv-timings.c:115:9: error: unknown field name in initializer
drivers/media/v4l2-core/v4l2-dv-timings.c:116:9: error: unknown field name in initializer
drivers/media/v4l2-core/v4l2-dv-timings.c:117:9: error: unknown field name in initializer
drivers/media/v4l2-core/v4l2-dv-timings.c:118:9: error: unknown field name in initializer
drivers/media/v4l2-core/v4l2-dv-timings.c:119:9: error: unknown field name in initializer
drivers/media/v4l2-core/v4l2-dv-timings.c:120:9: error: unknown field name in initializer
drivers/media/v4l2-core/v4l2-dv-timings.c:121:9: error: unknown field name in initializer
drivers/media/v4l2-core/v4l2-dv-timings.c:122:9: error: unknown field name in initializer
drivers/media/v4l2-core/v4l2-dv-timings.c:123:9: error: unknown field name in initializer
drivers/media/v4l2-core/v4l2-dv-timings.c:124:9: error: unknown field name in initializer
drivers/media/v4l2-core/v4l2-dv-timings.c:125:9: error: unknown field name in initializer
drivers/media/v4l2-core/v4l2-dv-timings.c:126:9: error: unknown field name in initializer
drivers/media/v4l2-core/v4l2-dv-timings.c:127:9: error: unknown field name in initializer
drivers/media/v4l2-core/v4l2-dv-timings.c:128:9: error: unknown field name in initializer
drivers/media/v4l2-core/v4l2-dv-timings.c:129:9: error: unknown field name in initializer
drivers/media/v4l2-core/v4l2-dv-timings.c:130:9: error: unknown field name in initializer
drivers/media/v4l2-core/v4l2-dv-timings.c:131:9: error: unknown field name in initializer
drivers/media/v4l2-core/v4l2-dv-timings.c:132:9: error: unknown field name in initializer
drivers/media/v4l2-core/v4l2-dv-timings.c:133:9: error: unknown field name in initializer
drivers/media/v4l2-core/v4l2-dv-timings.c:134:9: error: unknown field name in initializer
drivers/media/v4l2-core/v4l2-dv-timings.c:135:9: error: too many errors
fs/notify/fdinfo.c:51:87: warning: Using plain integer as NULL pointer
fs/notify/fdinfo.c:94:6: warning: symbol 'inotify_show_fdinfo' was not declared. Should it be static?
fs/proc/array.c:383:43: warning: implicit cast to nocast type
fs/proc/array.c:384:26: warning: implicit cast to nocast type
fs/proc/array.c:417:62: warning: incorrect type in argument 2 (different modifiers)
fs/proc/array.c:417:62:    expected unsigned long [nocast] [usertype] *ut
fs/proc/array.c:417:62:    got unsigned long *<noident>
fs/proc/array.c:417:62: warning: implicit cast to nocast type
fs/proc/array.c:417:70: warning: incorrect type in argument 3 (different modifiers)
fs/proc/array.c:417:70:    expected unsigned long [nocast] [usertype] *st
fs/proc/array.c:417:70:    got unsigned long *<noident>
fs/proc/array.c:417:70: warning: implicit cast to nocast type
fs/proc/array.c:433:46: warning: incorrect type in argument 2 (different modifiers)
fs/proc/array.c:433:46:    expected unsigned long [nocast] [usertype] *ut
fs/proc/array.c:433:46:    got unsigned long *<noident>
fs/proc/array.c:433:46: warning: implicit cast to nocast type
fs/proc/array.c:433:54: warning: incorrect type in argument 3 (different modifiers)
fs/proc/array.c:433:54:    expected unsigned long [nocast] [usertype] *st
fs/proc/array.c:433:54:    got unsigned long *<noident>
fs/proc/array.c:433:54: warning: implicit cast to nocast type
fs/proc/fd.c:99:55: warning: incorrect type in initializer (different base types)
fs/proc/fd.c:99:55:    expected unsigned int [unsigned] f_mode
fs/proc/fd.c:99:55:    got restricted fmode_t [usertype] f_mode
fs/proc/fd.c:117:54: warning: restricted fmode_t degrades to integer
fs/proc/fd.c:119:54: warning: restricted fmode_t degrades to integer
fs/proc/proc_tty.c:175:13: warning: symbol 'proc_tty_init' was not declared. Should it be static?
fs/proc/meminfo.c:22:28: warning: symbol 'arch_report_meminfo' was not declared. Should it be static?
drivers/of/fdt.c:801:46: warning: incorrect type in argument 2 (different modifiers)
drivers/of/fdt.c:801:46:    expected int ( *setup )( ... )
drivers/of/fdt.c:801:46:    got void const *const data
drivers/of/of_reserved_mem.c:30:19: warning: symbol 'early_init_dt_alloc_reserved_memory_arch' was not declared. Should it be static?
drivers/of/of_reserved_mem.c:185:50: warning: incorrect type in initializer (different modifiers)
drivers/of/of_reserved_mem.c:185:50:    expected int ( *[usertype] initfn )( ... )
drivers/of/of_reserved_mem.c:185:50:    got void const *const data
drivers/net/ethernet/intel/igb/igb_ptp.c: In function igb_ptp_feature_enable_i210:
drivers/net/ethernet/intel/igb/igb_ptp.c:395:21: warning: pin may be used uninitialized in this function [-Wmaybe-uninitialized]
drivers/net/ethernet/intel/igb/igb_ptp.c:471:6: note: pin was declared here
drivers/pinctrl/pinconf.c:497:20: error: incompatible types in comparison expression (different type sizes)
drivers/pci/pci.c:37:5: warning: symbol 'isa_dma_bridge_buggy' was not declared. Should it be static?
drivers/pci/pci.c:4478:1: warning: symbol 'bus_attr_resource_alignment' was not declared. Should it be static?
fs/signalfd.c:107:25: warning: cast removes address space of expression
fs/signalfd.c:115:24: warning: cast removes address space of expression
fs/signalfd.c:141:24: warning: cast removes address space of expression
fs/signalfd.c:150:24: warning: cast removes address space of expression
drivers/ras/debugfs.c:7:5: warning: symbol 'ras_userspace_consumers' was not declared. Should it be static?
drivers/ras/debugfs.c:37:12: warning: symbol 'ras_add_daemon_trace' was not declared. Should it be static?
drivers/ras/debugfs.c:53:13: warning: symbol 'ras_debugfs_init' was not declared. Should it be static?
drivers/pci/rom.c:225:36: warning: incorrect type in return expression (different address spaces)
drivers/pci/rom.c:225:36:    expected void [noderef] <asn:2>*
drivers/pci/rom.c:225:36:    got void *
drivers/pci/msi.c:80:23: warning: symbol 'pcibios_msi_controller' was not declared. Should it be static?
drivers/pci/pcie/portdrv_core.c:22:6: warning: symbol 'pciehp_msi_disabled' was not declared. Should it be static?
fs/mbcache.c:754:53: warning: context imbalance in '__mb_cache_entry_find' - unexpected unlock
fs/mbcache.c:801:9: warning: context imbalance in 'mb_cache_entry_find_first' - different lock contexts for basic block
include/linux/bit_spinlock.h:34:9: warning: context imbalance in 'mb_cache_entry_find_next' - wrong count at exit
drivers/scsi/scsi_lib.c:500:6: warning: symbol 'scsi_requeue_run_queue' was not declared. Should it be static?
drivers/scsi/scsi_lib.c:2725:6: warning: symbol 'scsi_evt_thread' was not declared. Should it be static?
drivers/scsi/scsi_sysfs.c:201:25: warning: symbol 'dev_attr_hstate' was not declared. Should it be static?
drivers/scsi/scsi_sysfs.c:376:24: warning: symbol 'scsi_shost_attr_group' was not declared. Should it be static?
fs/coredump.c:47:5: warning: symbol 'core_uses_pid' was not declared. Should it be static?
fs/coredump.c:48:14: warning: symbol 'core_pipe_limit' was not declared. Should it be static?
fs/coredump.c:49:6: warning: symbol 'core_pattern' was not declared. Should it be static?
include/linux/sched.h:2613:37: warning: context imbalance in 'zap_threads' - different lock contexts for basic block
drivers/soc/tegra/pmc.c:726:6: warning: symbol 'tegra_pmc_init_tsense_reset' was not declared. Should it be static?
drivers/staging/nvec/nvec_ps2.c:172:14: warning: duplicate const 
drivers/tty/tty_io.c:119:17: warning: too long initializer-string for array of char
drivers/tty/sysrq.c:58:16: warning: symbol 'platform_sysrq_reset_seq' was not declared. Should it be static?
drivers/tty/sysrq.c:59:5: warning: symbol 'sysrq_reset_downtime_ms' was not declared. Should it be static?
drivers/tty/serial/serial_core.c:683:29: warning: incorrect type in assignment (different base types)
drivers/tty/serial/serial_core.c:683:29:    expected int [signed] flags
drivers/tty/serial/serial_core.c:683:29:    got restricted upf_t [usertype] flags
drivers/tty/serial/serial_core.c:757:19: warning: incorrect type in assignment (different base types)
drivers/tty/serial/serial_core.c:757:19:    expected restricted upf_t [usertype] new_flags
drivers/tty/serial/serial_core.c:757:19:    got int [signed] flags
drivers/tty/serial/8250/8250_core.c:3179:32: warning: incorrect type in assignment (different base types)
drivers/tty/serial/8250/8250_core.c:3179:32:    expected restricted upf_t [usertype] flags
drivers/tty/serial/8250/8250_core.c:3179:32:    got unsigned int const [unsigned] flags
drivers/tty/serial/8250/8250_core.c:3311:39: warning: context imbalance in 'serial8250_console_write' - unexpected unlock
drivers/tty/serial/of_serial.c:33:6: warning: symbol 'tegra_serial_handle_break' was not declared. Should it be static?
drivers/tty/vt/consolemap_deftbl.c:10:4: warning: symbol 'dfont_unicount' was not declared. Should it be static?
drivers/tty/vt/consolemap_deftbl.c:46:5: warning: symbol 'dfont_unitable' was not declared. Should it be static?
drivers/tty/vt/vt.c:225:5: warning: symbol 'console_blank_hook' was not declared. Should it be static?
drivers/tty/vt/vt.c:1240:12: warning: symbol 'rgb_from_256' was not declared. Should it be static?
drivers/tty/vt/vt.c:2485:19: warning: symbol 'console_driver' was not declared. Should it be static?
drivers/tty/vt/defkeymap.c:27:9: warning: symbol 'shift_map' was not declared. Should it be static?
drivers/tty/vt/defkeymap.c:46:9: warning: symbol 'altgr_map' was not declared. Should it be static?
drivers/tty/vt/defkeymap.c:65:9: warning: symbol 'ctrl_map' was not declared. Should it be static?
drivers/tty/vt/defkeymap.c:84:9: warning: symbol 'shift_ctrl_map' was not declared. Should it be static?
drivers/tty/vt/defkeymap.c:103:9: warning: symbol 'alt_map' was not declared. Should it be static?
drivers/tty/vt/defkeymap.c:122:9: warning: symbol 'ctrl_alt_map' was not declared. Should it be static?
drivers/tty/vt/defkeymap.c:148:14: warning: symbol 'keymap_count' was not declared. Should it be static?
drivers/tty/vt/defkeymap.c:156:6: warning: symbol 'func_buf' was not declared. Should it be static?
drivers/tty/vt/defkeymap.c:187:6: warning: symbol 'funcbufptr' was not declared. Should it be static?
drivers/tty/vt/defkeymap.c:188:5: warning: symbol 'funcbufsize' was not declared. Should it be static?
drivers/tty/vt/defkeymap.c:189:5: warning: symbol 'funcbufleft' was not declared. Should it be static?
drivers/tty/vt/defkeymap.c:191:6: warning: symbol 'func_table' was not declared. Should it be static?
drivers/tty/vt/defkeymap.c:225:18: warning: symbol 'accent_table' was not declared. Should it be static?
drivers/tty/vt/defkeymap.c:262:14: warning: symbol 'accent_table_size' was not declared. Should it be static?
init/do_mounts.c:8:2: warning: "Sparse checking disabled for this file"
init/do_mounts_initrd.c:8:2: warning: "Sparse checking disabled for this file"
init/initramfs.c:8:2: warning: "Sparse checking disabled for this file"
init/calibrate.c:260:37: warning: symbol 'calibrate_delay_is_known' was not declared. Should it be static?
init/calibrate.c:270:28: warning: symbol 'calibration_delay_done' was not declared. Should it be static?
init/init_task.c:14:44: warning: implicit cast to nocast type
init/init_task.c:14:44: warning: implicit cast to nocast type
init/main.c:161:12: warning: symbol 'envp_init' was not declared. Should it be static?
arch/arm/boot/compressed/misc.c:19:14: warning: symbol '__machine_arch_type' was not declared. Should it be static?
arch/arm/boot/compressed/misc.c:105:15: warning: symbol 'output_data' was not declared. Should it be static?
arch/arm/boot/compressed/misc.c:107:15: warning: symbol 'free_mem_ptr' was not declared. Should it be static?
arch/arm/boot/compressed/misc.c:108:15: warning: symbol 'free_mem_end_ptr' was not declared. Should it be static?
arch/arm/boot/compressed/misc.c:125:17: warning: symbol '__div0' was not declared. Should it be static?
arch/arm/boot/compressed/misc.c:130:15: warning: symbol '__stack_chk_guard' was not declared. Should it be static?
arch/arm/boot/compressed/misc.c:132:6: warning: symbol '__stack_chk_guard_setup' was not declared. Should it be static?
arch/arm/boot/compressed/misc.c:137:6: warning: symbol '__stack_chk_fail' was not declared. Should it be static?
arch/arm/boot/compressed/misc.c:146:1: warning: symbol 'decompress_kernel' was not declared. Should it be static?
include/linux/decompress/mm.h:30:30: warning: symbol 'malloc_ptr' was not declared. Should it be static?
include/linux/decompress/mm.h:31:20: warning: symbol 'malloc_count' was not declared. Should it be static?
arch/arm/boot/compressed/decompress.c:58:5: warning: symbol 'do_decompress' was not declared. Should it be static?
test_sparse: Tue Feb 10 03:01:54 PST 2015: succeeded on tegra_defconfig test_next-20150210
test_sparse: Tue Feb 10 03:01:54 PST 2015: ended on tegra_defconfig test_next-20150210
