test_sparse: Mon Jun 29 20:30:54 PDT 2015: started on defconfig test_next-20150622 (c9d047c4ac9b380fb97ad9bd8b066782557dc65b)
test_sparse: Mon Jun 29 20:30:54 PDT 2015: serial is 20150629202804
test_sparse: sparse version unknown (checksum d41d8cd98f00b204e9800998ecf8427e)
<stdin>:1253:2: warning: #warning syscall userfaultfd not implemented [-Wcpp]
init/do_mounts.c:8:2: warning: "Sparse checking disabled for this file"
init/initramfs.c:8:2: warning: "Sparse checking disabled for this file"
init/do_mounts_initrd.c:8:2: warning: "Sparse checking disabled for this file"
init/calibrate.c:260:37: warning: symbol 'calibrate_delay_is_known' was not declared. Should it be static?
init/calibrate.c:270:28: warning: symbol 'calibration_delay_done' was not declared. Should it be static?
init/main.c:162:12: warning: symbol 'envp_init' was not declared. Should it be static?
arch/arm64/net/bpf_jit_comp.c:32:5: warning: symbol 'bpf_jit_enable' was not declared. Should it be static?
arch/arm64/mm/fault.c:453:29: warning: symbol 'do_mem_abort' was not declared. Should it be static?
arch/arm64/mm/fault.c:475:29: warning: symbol 'do_sp_pc_abort' was not declared. Should it be static?
arch/arm64/mm/fault.c:518:28: warning: symbol 'do_debug_exception' was not declared. Should it be static?
arch/arm64/kernel/irq.c:32:15: warning: symbol 'irq_err_count' was not declared. Should it be static?
arch/arm64/kernel/irq.c:43:6: warning: symbol 'handle_arch_irq' was not declared. Should it be static?
arch/arm64/kernel/irq.c:53:13: warning: symbol 'init_IRQ' was not declared. Should it be static?
arch/arm64/mm/init.c:302:1: error: directive in argument list
arch/arm64/mm/init.c:305:1: error: directive in argument list
arch/arm64/mm/init.c:314:1: error: directive in argument list
arch/arm64/mm/init.c:319:1: error: directive in argument list
arch/arm64/kernel/fpsimd.c:95:6: warning: symbol 'do_fpsimd_acc' was not declared. Should it be static?
arch/arm64/kernel/fpsimd.c:104:6: warning: symbol 'do_fpsimd_exc' was not declared. Should it be static?
arch/arm64/kernel/fpsimd.c:228:6: warning: symbol 'kernel_neon_begin_partial' was not declared. Should it be static?
arch/arm64/kernel/fpsimd.c:252:6: warning: symbol 'kernel_neon_end' was not declared. Should it be static?
arch/arm64/kvm/../../../virt/kvm/kvm_main.c:916:23: warning: memset with byte count of 0
arch/arm64/mm/mmap.c:50:15: warning: symbol 'arch_mmap_rnd' was not declared. Should it be static?
arch/arm64/kernel/process.c:67:6: warning: symbol 'arm_pm_restart' was not declared. Should it be static?
arch/arm64/kernel/process.c:164:6: warning: symbol '__show_regs' was not declared. Should it be static?
arch/arm64/kernel/process.c:234:5: warning: symbol 'arch_dup_task_struct' was not declared. Should it be static?
arch/arm64/kernel/process.c:311:20: warning: symbol '__switch_to' was not declared. Should it be static?
arch/arm64/kernel/process.c:356:15: warning: symbol 'arch_align_stack' was not declared. Should it be static?
arch/arm64/kernel/process.c:369:15: warning: symbol 'arch_randomize_brk' was not declared. Should it be static?
arch/arm64/mm/mmu.c:113:6: warning: symbol 'split_pud' was not declared. Should it be static?
arch/arm64/mm/mmu.c:396:13: warning: symbol 'fixup_executable' was not declared. Should it be static?
arch/arm64/mm/mmu.c:553:6: warning: symbol 'vmemmap_free' was not declared. Should it be static?
arch/arm64/mm/pageattr.c:70:5: warning: symbol 'set_memory_ro' was not declared. Should it be static?
arch/arm64/mm/pageattr.c:77:5: warning: symbol 'set_memory_rw' was not declared. Should it be static?
arch/arm64/mm/pageattr.c:84:5: warning: symbol 'set_memory_nx' was not declared. Should it be static?
arch/arm64/mm/pageattr.c:92:5: warning: symbol 'set_memory_x' was not declared. Should it be static?
kernel/fork.c:107:5: warning: symbol 'max_threads' was not declared. Should it be static?
kernel/fork.c:132:13: warning: symbol 'arch_release_task_struct' was not declared. Should it be static?
kernel/fork.c:150:13: warning: symbol 'arch_release_thread_info' was not declared. Should it be static?
kernel/fork.c:265:20: warning: symbol 'arch_task_cache_init' was not declared. Should it be static?
kernel/fork.c:290:13: warning: symbol 'fork_init' was not declared. Should it be static?
kernel/fork.c:313:12: warning: symbol 'arch_dup_task_struct' was not declared. Should it be static?
kernel/fork.c:1211:41: warning: implicit cast to nocast type
kernel/fork.c:1212:41: warning: implicit cast to nocast type
kernel/fork.c:1337:42: warning: implicit cast to nocast type
kernel/fork.c:1338:43: warning: implicit cast to nocast type
kernel/fork.c:1340:57: warning: implicit cast to nocast type
arch/arm64/kernel/ptrace.c:796:23: warning: cast removes address space of expression
arch/arm64/kernel/ptrace.c:796:23: warning: cast removes address space of expression
arch/arm64/kernel/ptrace.c:796:23: warning: incorrect type in initializer (different address spaces)
arch/arm64/kernel/ptrace.c:796:23:    expected unsigned int [noderef] <asn:1>*__p
arch/arm64/kernel/ptrace.c:796:23:    got unsigned int [usertype] *<noident>
arch/arm64/kernel/ptrace.c:820:23: warning: cast removes address space of expression
arch/arm64/kernel/ptrace.c:820:23: warning: cast removes address space of expression
arch/arm64/kernel/ptrace.c:820:23: warning: incorrect type in initializer (different address spaces)
arch/arm64/kernel/ptrace.c:820:23:    expected unsigned int [noderef] <asn:1>*__p
arch/arm64/kernel/ptrace.c:820:23:    got unsigned int [usertype] *<noident>
arch/arm64/kernel/ptrace.c:895:38: warning: incorrect type in argument 6 (different address spaces)
arch/arm64/kernel/ptrace.c:895:38:    expected void const [noderef] <asn:1>*data
arch/arm64/kernel/ptrace.c:895:38:    got unsigned int *<noident>
arch/arm64/kernel/ptrace.c:1151:16: warning: symbol 'syscall_trace_enter' was not declared. Should it be static?
arch/arm64/kernel/ptrace.c:1169:17: warning: symbol 'syscall_trace_exit' was not declared. Should it be static?
arch/arm64/kernel/signal.c:100:21: warning: incorrect type in initializer (different address spaces)
arch/arm64/kernel/signal.c:100:21:    expected void *aux
arch/arm64/kernel/signal.c:100:21:    got unsigned char [noderef] <asn:1>*<noident>
arch/arm64/kernel/signal.c:123:47: warning: incorrect type in argument 1 (different address spaces)
arch/arm64/kernel/signal.c:123:47:    expected struct fpsimd_context [noderef] <asn:1>*ctx
arch/arm64/kernel/signal.c:123:47:    got struct fpsimd_context *fpsimd_ctx
arch/arm64/kernel/signal.c:129:17: warning: symbol 'sys_rt_sigreturn' was not declared. Should it be static?
arch/arm64/kernel/signal.c:169:21: warning: incorrect type in initializer (different address spaces)
arch/arm64/kernel/signal.c:169:21:    expected void *aux
arch/arm64/kernel/signal.c:169:21:    got unsigned char [noderef] <asn:1>*<noident>
arch/arm64/kernel/signal.c:190:48: warning: incorrect type in argument 1 (different address spaces)
arch/arm64/kernel/signal.c:190:48:    expected struct fpsimd_context [noderef] <asn:1>*ctx
arch/arm64/kernel/signal.c:190:48:    got struct fpsimd_context *fpsimd_ctx
arch/arm64/kernel/signal.c:198:17: warning: incorrect type in argument 1 (different address spaces)
arch/arm64/kernel/signal.c:198:17:    expected void const volatile [noderef] <asn:1>*<noident>
arch/arm64/kernel/signal.c:198:17:    got unsigned int *<noident>
arch/arm64/kernel/signal.c:199:17: warning: incorrect type in argument 1 (different address spaces)
arch/arm64/kernel/signal.c:199:17:    expected void const volatile [noderef] <asn:1>*<noident>
arch/arm64/kernel/signal.c:199:17:    got unsigned int *<noident>
arch/arm64/kernel/signal.c:200:17: warning: incorrect type in argument 1 (different address spaces)
arch/arm64/kernel/signal.c:200:17:    expected void const volatile [noderef] <asn:1>*<noident>
arch/arm64/kernel/signal.c:200:17:    got unsigned long long *<noident>
arch/arm64/kernel/signal.c:206:9: warning: incorrect type in argument 1 (different address spaces)
arch/arm64/kernel/signal.c:206:9:    expected void const volatile [noderef] <asn:1>*<noident>
arch/arm64/kernel/signal.c:206:9:    got unsigned int *<noident>
arch/arm64/kernel/signal.c:207:9: warning: incorrect type in argument 1 (different address spaces)
arch/arm64/kernel/signal.c:207:9:    expected void const volatile [noderef] <asn:1>*<noident>
arch/arm64/kernel/signal.c:207:9:    got unsigned int *<noident>
arch/arm64/kernel/signal.c:245:26: warning: incorrect type in assignment (different address spaces)
arch/arm64/kernel/signal.c:245:26:    expected void ( [noderef] [usertype] <asn:1>*[assigned] [usertype] sigtramp )( ... )
arch/arm64/kernel/signal.c:245:26:    got void *<noident>
arch/arm64/kernel/setup.c:115:42: warning: constant 0xff00ffffff is so big it is long
arch/arm64/kernel/signal.c:402:17: warning: symbol 'do_notify_resume' was not declared. Should it be static?
arch/arm64/kernel/setup.c:85:13: warning: symbol '__fdt_pointer' was not declared. Should it be static?
arch/arm64/kernel/setup.c:111:25: warning: symbol 'boot_args' was not declared. Should it be static?
arch/arm64/kernel/setup.c:563:29: warning: symbol 'cpuinfo_op' was not declared. Should it be static?
arch/arm64/kernel/sys.c:29:17: warning: symbol 'sys_mmap' was not declared. Should it be static?
arch/arm64/kernel/sys.c:52:6: warning: symbol 'sys_call_table' was not declared. Should it be static?
arch/arm64/kernel/sys.c:53:10: warning: Initializer entry defined twice
include/uapi/asm-generic/unistd.h:33:1:   also defined here
mm/filemap.c:2115:35: warning: symbol 'generic_file_vm_ops' was not declared. Should it be static?
arch/arm64/kernel/time.c:67:13: warning: symbol 'time_init' was not declared. Should it be static?
arch/arm64/kernel/traps.c:81:37: warning: incorrect type in argument 1 (different address spaces)
arch/arm64/kernel/traps.c:81:37:    expected void const volatile [noderef] <asn:1>*<noident>
arch/arm64/kernel/traps.c:81:37:    got unsigned int *<noident>
arch/arm64/kernel/traps.c:119:23: warning: incorrect type in argument 1 (different address spaces)
arch/arm64/kernel/traps.c:119:23:    expected void const volatile [noderef] <asn:1>*<noident>
arch/arm64/kernel/traps.c:119:23:    got unsigned int [usertype] *
arch/arm64/kernel/traps.c:326:29: warning: symbol 'do_undefinstr' was not declared. Should it be static?
arch/arm64/kernel/traps.c:354:17: warning: symbol 'do_ni_syscall' was not declared. Should it be static?
arch/arm64/kernel/traps.c:424:17: warning: symbol 'bad_mode' was not declared. Should it be static?
arch/arm64/kernel/traps.c:377:10: warning: Initializer entry defined twice
arch/arm64/kernel/traps.c:378:10:   also defined here
include/linux/rcupdate.h:892:9: warning: context imbalance in 'find_lock_task_mm' - wrong count at exit
mm/oom_kill.c:165:28: warning: context imbalance in 'oom_badness' - unexpected unlock
mm/oom_kill.c:357:9: warning: context imbalance in 'dump_tasks' - different lock contexts for basic block
include/linux/rcupdate.h:892:9: warning: context imbalance in 'oom_kill_process' - unexpected unlock
arch/arm64/kernel/vdso.c:50:18: warning: symbol 'vdso_data' was not declared. Should it be static?
arch/arm64/kernel/psci.c:293:22: warning: constant 0xff00ffffff is so big it is long
arch/arm64/kernel/psci.c:582:29: warning: symbol 'cpu_psci_ops' was not declared. Should it be static?
kernel/panic.c:57:13: warning: symbol 'panic_smp_self_stop' was not declared. Should it be static?
kernel/panic.c:71:6: error: symbol 'panic' redeclared with different type (originally declared at include/linux/kernel.h:256) - different modifiers
./arch/arm64/include/asm/kvm_emulate.h:212:48: warning: constant 0xff00ffffff is so big it is long
arch/arm64/kvm/../../../arch/arm/kvm/arm.c:1102:18: warning: constant 0xff00ffffff is so big it is long
mm/page_alloc.c:5966:1: error: directive in argument list
mm/page_alloc.c:5968:1: error: directive in argument list
mm/page_alloc.c:5975:1: error: directive in argument list
mm/page_alloc.c:5977:1: error: directive in argument list
./arch/arm64/include/asm/kvm_emulate.h:212:48: warning: constant 0xff00ffffff is so big it is long
kernel/cpu.c:388:17: warning: Variable length array is used.
kernel/cpu.c:285:9: warning: context imbalance in 'clear_tasks_mm_cpumask' - different lock contexts for basic block
arch/arm64/kernel/cpuinfo.c:157:17: warning: constant 0xffffffffffff0ff0 is so big it is unsigned long
arch/arm64/kernel/cpuinfo.c:164:17: warning: constant 0xffffffffffff0fff is so big it is unsigned long
./arch/arm64/include/asm/kvm_emulate.h:212:48: warning: constant 0xff00ffffff is so big it is long
arch/arm64/kernel/cpu_errata.c:57:17: error: unknown field name in initializer
arch/arm64/kernel/cpu_errata.c:57:17: error: unknown field name in initializer
arch/arm64/kernel/cpu_errata.c:57:17: error: unknown field name in initializer
arch/arm64/kernel/cpu_errata.c:65:17: error: unknown field name in initializer
arch/arm64/kernel/cpu_errata.c:65:17: error: unknown field name in initializer
arch/arm64/kernel/cpu_errata.c:65:17: error: unknown field name in initializer
arch/arm64/kernel/cpu_errata.c:73:17: error: unknown field name in initializer
arch/arm64/kernel/cpu_errata.c:73:17: error: unknown field name in initializer
arch/arm64/kernel/cpu_errata.c:73:17: error: unknown field name in initializer
arch/arm64/kernel/cpu_errata.c:82:17: error: unknown field name in initializer
arch/arm64/kernel/cpu_errata.c:82:17: error: unknown field name in initializer
arch/arm64/kernel/cpu_errata.c:82:17: error: unknown field name in initializer
arch/arm64/kernel/cpufeature.c:39:18: error: unknown field name in initializer
arch/arm64/kernel/cpufeature.c:40:18: error: unknown field name in initializer
kernel/exit.c:126:28: warning: incorrect type in argument 2 (different modifiers)
kernel/exit.c:126:28:    expected unsigned long [nocast] [usertype] *utime
kernel/exit.c:126:28:    got unsigned long *<noident>
kernel/exit.c:126:28: warning: implicit cast to nocast type
kernel/exit.c:126:36: warning: incorrect type in argument 3 (different modifiers)
kernel/exit.c:126:36:    expected unsigned long [nocast] [usertype] *stime
kernel/exit.c:126:36:    got unsigned long *<noident>
kernel/exit.c:126:36: warning: implicit cast to nocast type
kernel/exit.c:653:6: error: symbol 'do_exit' redeclared with different type (originally declared at include/linux/kernel.h:262) - different modifiers
kernel/exit.c:832:6: error: symbol 'complete_and_exit' redeclared with different type (originally declared at include/linux/kernel.h:264) - different modifiers
fs/open.c:887:18: warning: restricted fmode_t degrades to integer
fs/read_write.c:38:29: warning: incorrect type in return expression (different base types)
fs/read_write.c:38:29:    expected int
fs/read_write.c:38:29:    got restricted fmode_t
fs/read_write.c:38:29: warning: incorrect type in return expression (different base types)
fs/read_write.c:38:29:    expected int
fs/read_write.c:38:29:    got restricted fmode_t
fs/read_write.c:38:29: warning: incorrect type in return expression (different base types)
fs/read_write.c:38:29:    expected int
fs/read_write.c:38:29:    got restricted fmode_t
fs/read_write.c:38:29: warning: incorrect type in return expression (different base types)
fs/read_write.c:38:29:    expected int
fs/read_write.c:38:29:    got restricted fmode_t
./arch/arm64/include/asm/kvm_emulate.h:212:48: warning: constant 0xff00ffffff is so big it is long
arch/arm64/kvm/../../../arch/arm/kvm/psci.c:39:24: warning: constant 0xff00ffffff is so big it is long
arch/arm64/kvm/../../../arch/arm/kvm/psci.c:78:46: warning: constant 0xff00ffffff is so big it is long
arch/arm64/kernel/sys32.c:49:6: warning: symbol 'compat_sys_call_table' was not declared. Should it be static?
arch/arm64/kernel/sys32.c:50:10: warning: Initializer entry defined twice
./arch/arm64/include/asm/unistd32.h:25:1:   also defined here
./arch/arm64/include/asm/kvm_emulate.h:212:48: warning: constant 0xff00ffffff is so big it is long
arch/arm64/kernel/signal32.c:344:16: warning: symbol 'compat_sys_sigreturn' was not declared. Should it be static?
arch/arm64/kernel/signal32.c:378:16: warning: symbol 'compat_sys_rt_sigreturn' was not declared. Should it be static?
arch/arm64/kernel/sys_compat.c:59:14: warning: incorrect type in argument 1 (different base types)
arch/arm64/kernel/sys_compat.c:59:14:    expected void const volatile [noderef] <asn:1>*<noident>
arch/arm64/kernel/sys_compat.c:59:14:    got unsigned long [unsigned] start
arch/arm64/kernel/sys_compat.c:67:6: warning: symbol 'compat_arm_syscall' was not declared. Should it be static?
./arch/arm64/include/asm/kvm_emulate.h:212:48: warning: constant 0xff00ffffff is so big it is long
mm/swap.c:433:55: warning: context imbalance in 'pagevec_lru_move_fn' - unexpected unlock
mm/swap.c:964:55: warning: context imbalance in 'release_pages' - unexpected unlock
kernel/softirq.c:748:36: warning: incorrect type in initializer (different address spaces)
kernel/softirq.c:748:36:    expected struct task_struct [noderef] <asn:3>**store
kernel/softirq.c:748:36:    got struct task_struct *[noderef] [toplevel] <asn:3>*<noident>
./arch/arm64/include/asm/kvm_emulate.h:212:48: warning: constant 0xff00ffffff is so big it is long
./arch/arm64/include/asm/kvm_emulate.h:212:48: warning: constant 0xff00ffffff is so big it is long
fs/exec.c:407:21: warning: incorrect type in initializer (different modifiers)
fs/exec.c:407:21:    expected unsigned int [noderef] <asn:1>*__p
fs/exec.c:407:21:    got unsigned int const [noderef] [usertype] <asn:1>*
fs/exec.c:408:39: warning: incorrect type in return expression (different address spaces)
fs/exec.c:408:39:    expected char const [noderef] <asn:1>*
fs/exec.c:408:39:    got void *
fs/exec.c:414:13: warning: incorrect type in initializer (different modifiers)
fs/exec.c:414:13:    expected char const [noderef] <asn:1>*[noderef] <asn:1>*__p
fs/exec.c:414:13:    got char const [noderef] <asn:1>*const [noderef] <asn:1>*
fs/exec.c:414:13: warning: Using plain integer as NULL pointer
fs/exec.c:415:31: warning: incorrect type in return expression (different address spaces)
fs/exec.c:415:31:    expected char const [noderef] <asn:1>*
fs/exec.c:415:31:    got void *
arch/arm64/kernel/smp.c:344:21: warning: constant 0xff00ffffff is so big it is long
arch/arm64/kernel/smp.c:459:13: warning: symbol 'of_parse_and_init_cpus' was not declared. Should it be static?
arch/arm64/kernel/smp.c:657:6: warning: symbol 'arch_irq_work_raise' was not declared. Should it be static?
arch/arm64/kernel/smp_spin_table.c:32:24: warning: symbol 'secondary_holding_pen_release' was not declared. Should it be static?
arch/arm64/kernel/smp_spin_table.c:128:29: warning: symbol 'smp_spin_table_ops' was not declared. Should it be static?
./arch/arm64/include/asm/kvm_emulate.h:212:48: warning: constant 0xff00ffffff is so big it is long
mm/vmscan.c:3889:48: warning: context imbalance in 'check_move_unevictable_pages' - unexpected unlock
./arch/arm64/include/asm/kvm_emulate.h:212:48: warning: constant 0xff00ffffff is so big it is long
arch/arm64/kvm/reset.c:47:10: error: unknown field name in initializer
include/linux/rcupdate.h:892:9: warning: context imbalance in 'terminate_walk' - unexpected unlock
include/linux/rcupdate.h:892:9: warning: context imbalance in 'unlazy_walk' - unexpected unlock
include/linux/rcupdate.h:892:9: warning: context imbalance in 'unlazy_link' - unexpected unlock
fs/namei.c:1963:19: warning: context imbalance in 'path_init' - different lock contexts for basic block
arch/arm64/kernel/perf_event.c:57:1: warning: symbol 'armpmu_get_max_events' was not declared. Should it be static?
./arch/arm64/include/asm/kvm_emulate.h:212:48: warning: constant 0xff00ffffff is so big it is long
arch/arm64/kvm/sys_regs.c:1519:48: warning: constant 0x4242424242424242 is so big it is long
arch/arm64/kernel/suspend.c:22:14: warning: symbol '__cpu_suspend_save' was not declared. Should it be static?
arch/arm64/kernel/suspend.c:44:6: warning: symbol 'hw_breakpoint_restore' was not declared. Should it be static?
arch/arm64/kernel/suspend.c:45:13: warning: symbol 'cpu_suspend_set_dbg_restorer' was not declared. Should it be static?
arch/arm64/kernel/suspend.c:120:22: warning: symbol 'sleep_save_sp' was not declared. Should it be static?
kernel/ptrace.c:749:9: warning: context imbalance in 'ptrace_resume' - different lock contexts for basic block
kernel/ptrace.c:1010:9: warning: context imbalance in 'ptrace_request' - different lock contexts for basic block
kernel/user.c:77:19: warning: symbol 'uidhash_table' was not declared. Should it be static?
arch/arm64/kernel/efi-stub.c:16:21: warning: symbol 'handle_kernel_image' was not declared. Should it be static?
kernel/signal.c:1662:28: warning: incorrect type in argument 2 (different modifiers)
kernel/signal.c:1662:28:    expected unsigned long [nocast] [usertype] *utime
kernel/signal.c:1662:28:    got unsigned long *<noident>
kernel/signal.c:1662:28: warning: implicit cast to nocast type
kernel/signal.c:1662:36: warning: incorrect type in argument 3 (different modifiers)
kernel/signal.c:1662:36:    expected unsigned long [nocast] [usertype] *stime
kernel/signal.c:1662:36:    got unsigned long *<noident>
kernel/signal.c:1662:36: warning: implicit cast to nocast type
kernel/signal.c:1747:28: warning: incorrect type in argument 2 (different modifiers)
kernel/signal.c:1747:28:    expected unsigned long [nocast] [usertype] *utime
kernel/signal.c:1747:28:    got unsigned long *<noident>
kernel/signal.c:1747:28: warning: implicit cast to nocast type
kernel/signal.c:1747:36: warning: incorrect type in argument 3 (different modifiers)
kernel/signal.c:1747:36:    expected unsigned long [nocast] [usertype] *stime
kernel/signal.c:1747:36:    got unsigned long *<noident>
kernel/signal.c:1747:36: warning: implicit cast to nocast type
kernel/signal.c:3389:23: warning: incorrect type in initializer (different modifiers)
kernel/signal.c:3389:23:    expected unsigned int [noderef] <asn:1>*__p
kernel/signal.c:3389:23:    got unsigned int const [noderef] <asn:1>*<noident>
kernel/signal.c:3392:24: warning: incorrect type in initializer (different modifiers)
kernel/signal.c:3392:24:    expected unsigned int [noderef] <asn:1>*__p
kernel/signal.c:3392:24:    got unsigned int const [noderef] <asn:1>*<noident>
kernel/signal.c:3396:24: warning: incorrect type in initializer (different modifiers)
kernel/signal.c:3396:24:    expected unsigned int [noderef] <asn:1>*__p
kernel/signal.c:3396:24:    got unsigned int const [noderef] <asn:1>*<noident>
kernel/signal.c:1255:23: warning: context imbalance in '__lock_task_sighand' - different lock contexts for basic block
kernel/signal.c:1992:13: warning: context imbalance in 'do_signal_stop' - different lock contexts for basic block
kernel/signal.c:2241:25: warning: context imbalance in 'get_signal' - unexpected unlock
./arch/arm64/include/asm/kvm_emulate.h:212:48: warning: constant 0xff00ffffff is so big it is long
kernel/sys.c:886:49: warning: incorrect type in argument 2 (different modifiers)
kernel/sys.c:886:49:    expected unsigned long [nocast] [usertype] *ut
kernel/sys.c:886:49:    got unsigned long *<noident>
kernel/sys.c:886:49: warning: implicit cast to nocast type
kernel/sys.c:886:59: warning: incorrect type in argument 3 (different modifiers)
kernel/sys.c:886:59:    expected unsigned long [nocast] [usertype] *st
kernel/sys.c:886:59:    got unsigned long *<noident>
kernel/sys.c:886:59: warning: implicit cast to nocast type
kernel/sys.c:1550:25: warning: implicit cast to nocast type
kernel/sys.c:1553:49: warning: incorrect type in argument 2 (different modifiers)
kernel/sys.c:1553:49:    expected unsigned long [nocast] [usertype] *ut
kernel/sys.c:1553:49:    got unsigned long *<noident>
kernel/sys.c:1553:49: warning: implicit cast to nocast type
kernel/sys.c:1553:57: warning: incorrect type in argument 3 (different modifiers)
kernel/sys.c:1553:57:    expected unsigned long [nocast] [usertype] *st
kernel/sys.c:1553:57:    got unsigned long *<noident>
kernel/sys.c:1553:57: warning: implicit cast to nocast type
kernel/sys.c:1579:51: warning: incorrect type in argument 2 (different modifiers)
kernel/sys.c:1579:51:    expected unsigned long [nocast] [usertype] *ut
kernel/sys.c:1579:51:    got unsigned long *<noident>
kernel/sys.c:1579:51: warning: implicit cast to nocast type
kernel/sys.c:1579:61: warning: incorrect type in argument 3 (different modifiers)
kernel/sys.c:1579:61:    expected unsigned long [nocast] [usertype] *st
kernel/sys.c:1579:61:    got unsigned long *<noident>
kernel/sys.c:1579:61: warning: implicit cast to nocast type
./arch/arm64/include/asm/kvm_emulate.h:212:48: warning: constant 0xff00ffffff is so big it is long
arch/arm64/kvm/../../../virt/kvm/arm/vgic.c:861:26: warning: symbol 'vgic_io_ops' was not declared. Should it be static?
kernel/workqueue.c:4156:61: warning: expression using sizeof bool
./arch/arm64/include/asm/kvm_emulate.h:212:48: warning: constant 0xff00ffffff is so big it is long
arch/arm64/kvm/../../../virt/kvm/arm/vgic-v2.c:211:42: warning: incorrect type in argument 1 (different address spaces)
arch/arm64/kvm/../../../virt/kvm/arm/vgic-v2.c:211:42:    expected void *from
arch/arm64/kvm/../../../virt/kvm/arm/vgic-v2.c:211:42:    got void [noderef] <asn:2>*vctrl_base
arch/arm64/kvm/../../../virt/kvm/arm/vgic-v2.c:212:55: warning: incorrect type in argument 2 (different address spaces)
arch/arm64/kvm/../../../virt/kvm/arm/vgic-v2.c:212:55:    expected void *to
arch/arm64/kvm/../../../virt/kvm/arm/vgic-v2.c:212:55:    got void [noderef] <asn:2>*
kernel/pid.c:48:5: warning: symbol 'pid_max' was not declared. Should it be static?
kernel/pid.c:52:5: warning: symbol 'pid_max_min' was not declared. Should it be static?
kernel/pid.c:53:5: warning: symbol 'pid_max_max' was not declared. Should it be static?
./arch/arm64/include/asm/kvm_emulate.h:212:48: warning: constant 0xff00ffffff is so big it is long
kernel/extable.c:40:26: warning: symbol 'main_extable_sort_needed' was not declared. Should it be static?
fs/dcache.c:348:9: warning: context imbalance in 'dentry_iput' - different lock contexts for basic block
fs/dcache.c:542:28: warning: context imbalance in '__dentry_kill' - unexpected unlock
fs/dcache.c:569:22: warning: context imbalance in 'dentry_kill' - wrong count at exit
fs/dcache.c:793:9: warning: context imbalance in 'dput' - unexpected unlock
fs/dcache.c:920:18: warning: context imbalance in 'd_prune_aliases' - different lock contexts for basic block
fs/dcache.c:963:44: warning: context imbalance in 'shrink_dentry_list' - unexpected unlock
fs/dcache.c:1100:24: warning: context imbalance in 'dentry_lru_isolate_shrink' - different lock contexts for basic block
fs/dcache.c:1260:22: warning: context imbalance in 'd_walk' - different lock contexts for basic block
fs/dcache.c:1783:9: warning: context imbalance in 'd_instantiate' - different lock contexts for basic block
fs/dcache.c:1850:9: warning: context imbalance in 'd_instantiate_unique' - different lock contexts for basic block
fs/dcache.c:2550:9: warning: context imbalance in 'dentry_lock_for_move' - wrong count at exit
fs/dcache.c:2562:28: warning: context imbalance in 'dentry_unlock_for_move' - unexpected unlock
fs/dcache.c:2741:20: warning: context imbalance in '__d_unalias' - unexpected unlock
fs/dcache.c:2812:25: warning: context imbalance in 'd_splice_alias' - different lock contexts for basic block
fs/dcache.c:2975:9: warning: context imbalance in 'prepend_path' - wrong count at exit
include/linux/err.h:23:20: warning: context imbalance in '__dentry_path' - different lock contexts for basic block
./arch/arm64/include/asm/kvm_emulate.h:212:48: warning: constant 0xff00ffffff is so big it is long
fs/inode.c:712:17: warning: context imbalance in 'inode_lru_isolate' - unexpected unlock
fs/inode.c:768:9: warning: context imbalance in 'find_inode' - different lock contexts for basic block
fs/inode.c:795:9: warning: context imbalance in 'find_inode_fast' - different lock contexts for basic block
fs/inode.c:1325:5: warning: context imbalance in 'insert_inode_locked' - wrong count at exit
fs/inode.c:1367:5: warning: context imbalance in 'insert_inode_locked4' - wrong count at exit
fs/inode.c:1459:20: warning: context imbalance in 'iput_final' - unexpected unlock
fs/inode.c:1473:6: warning: context imbalance in 'iput' - wrong count at exit
fs/inode.c:1786:13: warning: context imbalance in '__wait_on_freeing_inode' - unexpected unlock
./arch/arm64/include/asm/kvm_emulate.h:212:48: warning: constant 0xff00ffffff is so big it is long
arch/arm64/kvm/../../../virt/kvm/arm/vgic-v3-emul.c:320:45: warning: constant 0xff00ffffff is so big it is long
fs/file.c:27:5: warning: symbol 'sysctl_nr_open_min' was not declared. Should it be static?
fs/file.c:30:5: warning: symbol 'sysctl_nr_open_max' was not declared. Should it be static?
fs/file.c:449:21: warning: symbol 'init_files' was not declared. Should it be static?
fs/namespace.c:1630:22: warning: symbol 'to_mnt_ns' was not declared. Should it be static?
ipc/util.c:152:29: warning: context imbalance in 'ipc_findkey' - wrong count at exit
ipc/util.c:220:5: warning: context imbalance in 'ipc_addid' - different lock contexts for basic block
ipc/util.c:372:27: warning: context imbalance in 'ipcget_public' - unexpected unlock
ipc/util.c:579:22: warning: context imbalance in 'ipc_lock' - different lock contexts for basic block
ipc/util.c:746:29: warning: context imbalance in 'sysvipc_find_ipc' - different lock contexts for basic block
ipc/util.c:784:27: warning: context imbalance in 'sysvipc_proc_next' - unexpected unlock
ipc/util.c:828:27: warning: context imbalance in 'sysvipc_proc_stop' - unexpected unlock
kernel/smpboot.c:170:36: warning: incorrect type in initializer (different address spaces)
kernel/smpboot.c:170:36:    expected void const [noderef] <asn:3>*__vpp_verify
kernel/smpboot.c:170:36:    got struct task_struct [noderef] <asn:3>**<noident>
kernel/smpboot.c:170:35: warning: incorrect type in initializer (different address spaces)
kernel/smpboot.c:170:35:    expected struct task_struct *tsk
kernel/smpboot.c:170:35:    got struct task_struct [noderef] <asn:3>*<noident>
kernel/smpboot.c:189:10: warning: incorrect type in initializer (different address spaces)
kernel/smpboot.c:189:10:    expected void const [noderef] <asn:3>*__vpp_verify
kernel/smpboot.c:189:10:    got struct task_struct [noderef] <asn:3>**<noident>
kernel/smpboot.c:189:38: warning: incorrect type in assignment (different address spaces)
kernel/smpboot.c:189:38:    expected struct task_struct [noderef] <asn:3>*<noident>
kernel/smpboot.c:189:38:    got struct task_struct *[assigned] tsk
kernel/smpboot.c:222:36: warning: incorrect type in initializer (different address spaces)
kernel/smpboot.c:222:36:    expected void const [noderef] <asn:3>*__vpp_verify
kernel/smpboot.c:222:36:    got struct task_struct [noderef] <asn:3>**<noident>
kernel/smpboot.c:222:35: warning: incorrect type in initializer (different address spaces)
kernel/smpboot.c:222:35:    expected struct task_struct *tsk
kernel/smpboot.c:222:35:    got struct task_struct [noderef] <asn:3>*<noident>
kernel/smpboot.c:242:36: warning: incorrect type in initializer (different address spaces)
kernel/smpboot.c:242:36:    expected void const [noderef] <asn:3>*__vpp_verify
kernel/smpboot.c:242:36:    got struct task_struct [noderef] <asn:3>**<noident>
kernel/smpboot.c:242:35: warning: incorrect type in initializer (different address spaces)
kernel/smpboot.c:242:35:    expected struct task_struct *tsk
kernel/smpboot.c:242:35:    got struct task_struct [noderef] <asn:3>*<noident>
kernel/smpboot.c:265:52: warning: incorrect type in initializer (different address spaces)
kernel/smpboot.c:265:52:    expected void const [noderef] <asn:3>*__vpp_verify
kernel/smpboot.c:265:52:    got struct task_struct [noderef] <asn:3>**<noident>
kernel/smpboot.c:265:51: warning: incorrect type in initializer (different address spaces)
kernel/smpboot.c:265:51:    expected struct task_struct *tsk
kernel/smpboot.c:265:51:    got struct task_struct [noderef] <asn:3>*<noident>
kernel/smpboot.c:273:44: warning: incorrect type in initializer (different address spaces)
kernel/smpboot.c:273:44:    expected void const [noderef] <asn:3>*__vpp_verify
kernel/smpboot.c:273:44:    got struct task_struct [noderef] <asn:3>**<noident>
kernel/smpboot.c:273:43: warning: incorrect type in initializer (different address spaces)
kernel/smpboot.c:273:43:    expected struct task_struct *tsk
kernel/smpboot.c:273:43:    got struct task_struct [noderef] <asn:3>*<noident>
kernel/smpboot.c:278:26: warning: incorrect type in initializer (different address spaces)
kernel/smpboot.c:278:26:    expected void const [noderef] <asn:3>*__vpp_verify
kernel/smpboot.c:278:26:    got struct task_struct [noderef] <asn:3>**<noident>
mm/mm_init.c:146:5: warning: symbol 'vm_committed_as_batch' was not declared. Should it be static?
kernel/bpf/core.c:434:43: error: arithmetics on pointers to functions
ipc/msg.c:148:9: warning: context imbalance in 'newque' - unexpected unlock
ipc/msg.c:213:13: warning: context imbalance in 'freeque' - unexpected unlock
ipc/msg.c:409:9: warning: context imbalance in 'msgctl_down' - different lock contexts for basic block
mm/percpu.c:1943:12: warning: symbol 'pcpu_embed_first_chunk' was not declared. Should it be static?
kernel/events/core.c:324:26: warning: function 'perf_pmu_name' with external linkage has definition
kernel/events/core.c:198:6: warning: symbol 'update_perf_cpu_limits' was not declared. Should it be static?
kernel/events/core.c:718:1: warning: symbol 'perf_cgroup_switch' was not declared. Should it be static?
kernel/events/core.c:820:22: warning: incorrect type in initializer (different address spaces)
kernel/events/core.c:820:22:    expected void const [noderef] <asn:3>*__vpp_verify
kernel/events/core.c:820:22:    got int *<noident>
kernel/events/core.c:827:22: warning: incorrect type in initializer (different address spaces)
kernel/events/core.c:827:22:    expected void const [noderef] <asn:3>*__vpp_verify
kernel/events/core.c:827:22:    got int *<noident>
kernel/events/core.c:342:16: warning: incorrect type in initializer (different address spaces)
kernel/events/core.c:342:16:    expected void const [noderef] <asn:3>*__vpp_verify
kernel/events/core.c:342:16:    got struct perf_cpu_context *<noident>
kernel/events/core.c:342:16: warning: incorrect type in initializer (different address spaces)
kernel/events/core.c:342:16:    expected void const [noderef] <asn:3>*__vpp_verify
kernel/events/core.c:342:16:    got struct perf_cpu_context *<noident>
kernel/events/core.c:342:16: warning: incorrect type in initializer (different address spaces)
kernel/events/core.c:342:16:    expected void const [noderef] <asn:3>*__vpp_verify
kernel/events/core.c:342:16:    got struct perf_cpu_context *<noident>
kernel/events/core.c:342:16: warning: incorrect type in initializer (different address spaces)
kernel/events/core.c:342:16:    expected void const [noderef] <asn:3>*__vpp_verify
kernel/events/core.c:342:16:    got struct perf_cpu_context *<noident>
kernel/events/core.c:342:16: warning: incorrect type in initializer (different address spaces)
kernel/events/core.c:342:16:    expected void const [noderef] <asn:3>*__vpp_verify
kernel/events/core.c:342:16:    got struct perf_cpu_context *<noident>
kernel/events/core.c:342:16: warning: incorrect type in initializer (different address spaces)
kernel/events/core.c:342:16:    expected void const [noderef] <asn:3>*__vpp_verify
kernel/events/core.c:342:16:    got struct perf_cpu_context *<noident>
kernel/events/core.c:342:16: warning: incorrect type in initializer (different address spaces)
kernel/events/core.c:342:16:    expected void const [noderef] <asn:3>*__vpp_verify
kernel/events/core.c:342:16:    got struct perf_cpu_context *<noident>
kernel/events/core.c:2603:34: warning: incorrect type in initializer (different address spaces)
kernel/events/core.c:2603:34:    expected void const [noderef] <asn:3>*__vpp_verify
kernel/events/core.c:2603:34:    got struct perf_cpu_context *<noident>
kernel/events/core.c:342:16: warning: incorrect type in initializer (different address spaces)
kernel/events/core.c:342:16:    expected void const [noderef] <asn:3>*__vpp_verify
kernel/events/core.c:342:16:    got struct perf_cpu_context *<noident>
kernel/events/core.c:342:16: warning: incorrect type in initializer (different address spaces)
kernel/events/core.c:342:16:    expected void const [noderef] <asn:3>*__vpp_verify
kernel/events/core.c:342:16:    got struct perf_cpu_context *<noident>
kernel/events/core.c:3336:26: warning: incorrect type in initializer (different address spaces)
kernel/events/core.c:3336:26:    expected void const [noderef] <asn:3>*__vpp_verify
kernel/events/core.c:3336:26:    got struct perf_cpu_context *<noident>
kernel/events/core.c:4207:13: warning: symbol 'arch_perf_update_userpage' was not declared. Should it be static?
kernel/events/internal.h:163:46: warning: incorrect type in argument 2 (different address spaces)
kernel/events/internal.h:163:46:    expected void const [noderef] <asn:1>*from
kernel/events/internal.h:163:46:    got void const *src
kernel/events/core.c:5458:26: warning: incorrect type in initializer (different address spaces)
kernel/events/core.c:5458:26:    expected void const [noderef] <asn:3>*__vpp_verify
kernel/events/core.c:5458:26:    got struct perf_cpu_context *<noident>
kernel/events/core.c:7124:35: warning: incorrect type in return expression (different address spaces)
kernel/events/core.c:7124:35:    expected struct perf_cpu_context [noderef] <asn:3>*
kernel/events/core.c:7124:35:    got struct perf_cpu_context *[noderef] pmu_cpu_context
kernel/events/core.c:7137:26: warning: incorrect type in initializer (different address spaces)
kernel/events/core.c:7137:26:    expected void const [noderef] <asn:3>*__vpp_verify
kernel/events/core.c:7137:26:    got struct perf_cpu_context *<noident>
kernel/events/core.c:7159:24: warning: incorrect type in argument 1 (different address spaces)
kernel/events/core.c:7159:24:    expected void [noderef] <asn:3>*__pdata
kernel/events/core.c:7159:24:    got struct perf_cpu_context *[noderef] pmu_cpu_context
kernel/events/core.c:7212:26: warning: incorrect type in initializer (different address spaces)
kernel/events/core.c:7212:26:    expected void const [noderef] <asn:3>*__vpp_verify
kernel/events/core.c:7212:26:    got struct perf_cpu_context *<noident>
kernel/events/core.c:7281:32: warning: incorrect type in assignment (different address spaces)
kernel/events/core.c:7281:32:    expected int *[noderef] pmu_disable_count
kernel/events/core.c:7281:32:    got int [noderef] <asn:3>*<noident>
kernel/events/core.c:7306:30: warning: incorrect type in assignment (different address spaces)
kernel/events/core.c:7306:30:    expected struct perf_cpu_context *[noderef] pmu_cpu_context
kernel/events/core.c:7306:30:    got struct perf_cpu_context [noderef] <asn:3>*
kernel/events/core.c:7311:30: warning: incorrect type in assignment (different address spaces)
kernel/events/core.c:7311:30:    expected struct perf_cpu_context *[noderef] pmu_cpu_context
kernel/events/core.c:7311:30:    got struct perf_cpu_context [noderef] <asn:3>*<noident>
kernel/events/core.c:7318:26: warning: incorrect type in initializer (different address spaces)
kernel/events/core.c:7318:26:    expected void const [noderef] <asn:3>*__vpp_verify
kernel/events/core.c:7318:26:    got struct perf_cpu_context *<noident>
kernel/events/core.c:7372:24: warning: incorrect type in argument 1 (different address spaces)
kernel/events/core.c:7372:24:    expected void [noderef] <asn:3>*__pdata
kernel/events/core.c:7372:24:    got int *[noderef] pmu_disable_count
kernel/events/core.c:7390:24: warning: incorrect type in argument 1 (different address spaces)
kernel/events/core.c:7390:24:    expected void [noderef] <asn:3>*__pdata
kernel/events/core.c:7390:24:    got int *[noderef] pmu_disable_count
kernel/events/core.c:7429:12: warning: symbol 'perf_init_event' was not declared. Should it be static?
kernel/events/core.c:8291:20: warning: incorrect type in initializer (different address spaces)
kernel/events/core.c:8291:20:    expected void const [noderef] <asn:3>*__vpp_verify
kernel/events/core.c:8291:20:    got struct perf_cpu_context *<noident>
kernel/events/core.c:8292:20: warning: incorrect type in initializer (different address spaces)
kernel/events/core.c:8292:20:    expected void const [noderef] <asn:3>*__vpp_verify
kernel/events/core.c:8292:20:    got struct perf_cpu_context *<noident>
kernel/events/core.c:8903:24: warning: incorrect type in initializer (different address spaces)
kernel/events/core.c:8903:24:    expected void const [noderef] <asn:3>*__vpp_verify
kernel/events/core.c:8903:24:    got struct perf_cpu_context *<noident>
kernel/events/core.c:349:9: warning: context imbalance in 'perf_ctx_lock' - wrong count at exit
kernel/events/core.c:357:17: warning: context imbalance in 'perf_ctx_unlock' - unexpected unlock
kernel/events/core.c:1087:9: warning: context imbalance in 'perf_lock_task_context' - wrong count at exit
kernel/events/core.c:1103:17: warning: context imbalance in 'perf_pin_task_context' - unexpected unlock
kernel/events/core.c:2062:25: warning: context imbalance in '__perf_install_in_context' - unexpected unlock
kernel/events/core.c:3367:17: warning: context imbalance in 'find_get_context' - unexpected unlock
kernel/events/core.c:5471:17: warning: dereference of noderef expression
kernel/events/core.c:7124:32: warning: dereference of noderef expression
kernel/events/core.c:7153:21: warning: dereference of noderef expression
kernel/events/core.c:7153:43: warning: dereference of noderef expression
kernel/events/core.c:7159:21: warning: dereference of noderef expression
kernel/events/core.c:7282:14: warning: dereference of noderef expression
kernel/events/core.c:7307:13: warning: dereference of noderef expression
kernel/events/core.c:7312:14: warning: dereference of noderef expression
kernel/events/core.c:7372:21: warning: dereference of noderef expression
kernel/events/core.c:7390:21: warning: dereference of noderef expression
security/keys/key.c:1076:15: warning: memset with byte count of 0
kernel/irq/irqdesc.c:533:17: warning: context imbalance in '__irq_get_desc_lock' - wrong count at exit
kernel/irq/irqdesc.c:557:6: warning: context imbalance in '__irq_put_desc_unlock' - unexpected unlock
fs/fs-writeback.c:1954:9: warning: context imbalance in 'block_dump___mark_inode_dirty' - different lock contexts for basic block
ipc/sem.c:537:9: warning: context imbalance in 'newary' - unexpected unlock
ipc/sem.c:1120:17: warning: context imbalance in 'freeary' - unexpected unlock
ipc/sem.c:1573:9: warning: context imbalance in 'semctl_down' - different lock contexts for basic block
ipc/sem.c:1678:24: warning: context imbalance in 'find_alloc_undo' - wrong count at exit
include/linux/rcupdate.h:892:9: warning: context imbalance in 'SyS_semtimedop' - unexpected unlock
security/keys/keyring.c:1071:5: warning: context imbalance in '__key_link_begin' - wrong count at exit
security/keys/keyring.c:1189:9: warning: context imbalance in '__key_link_end' - wrong count at exit
security/keys/keyring.c:1235:9: warning: context imbalance in 'key_link' - different lock contexts for basic block
mm/compaction.c:1495:37: warning: incorrect type in initializer (different base types)
mm/compaction.c:1495:37:    expected int [signed] may_enter_fs
mm/compaction.c:1495:37:    got restricted gfp_t
mm/compaction.c:1496:39: warning: incorrect type in initializer (different base types)
mm/compaction.c:1496:39:    expected int [signed] may_perform_io
mm/compaction.c:1496:39:    got restricted gfp_t
mm/compaction.c:316:13: warning: context imbalance in 'compact_trylock_irqsave' - wrong count at exit
include/linux/spinlock.h:372:9: warning: context imbalance in 'compact_unlock_should_abort' - unexpected unlock
mm/compaction.c:508:39: warning: context imbalance in 'isolate_freepages_block' - unexpected unlock
mm/compaction.c:810:39: warning: context imbalance in 'isolate_migratepages_block' - unexpected unlock
ipc/shm.c:495:31: warning: implicit cast to nocast type
ipc/shm.c:536:36: warning: implicit cast to nocast type
ipc/shm.c:547:36: warning: implicit cast to nocast type
ipc/shm.c:95:17: warning: context imbalance in 'do_shm_rmid' - unexpected unlock
ipc/shm.c:164:16: warning: context imbalance in 'shm_open' - unexpected unlock
ipc/shm.c:212:13: warning: context imbalance in 'shm_destroy' - unexpected unlock
ipc/shm.c:269:17: warning: context imbalance in 'shm_close' - unexpected unlock
ipc/shm.c:274:12: warning: context imbalance in 'shm_try_destroy_orphaned' - different lock contexts for basic block
ipc/shm.c:337:9: warning: context imbalance in 'exit_shm' - different lock contexts for basic block
./arch/arm64/include/asm/thread_info.h:76:9: warning: context imbalance in 'newseg' - unexpected unlock
ipc/shm.c:829:9: warning: context imbalance in 'shmctl_down' - different lock contexts for basic block
fs/splice.c:1668:21: warning: incorrect type in initializer (different modifiers)
fs/splice.c:1668:21:    expected unsigned int [noderef] <asn:1>*__p
fs/splice.c:1668:21:    got unsigned int const [noderef] <asn:1>*<noident>
fs/splice.c:1669:21: warning: incorrect type in initializer (different modifiers)
fs/splice.c:1669:21:    expected unsigned int [noderef] <asn:1>*__p
fs/splice.c:1669:21:    got unsigned int const [noderef] <asn:1>*<noident>
ipc/shm.c:1199:17: warning: context imbalance in 'do_shmat' - unexpected unlock
mm/workingset.c:363:20: warning: context imbalance in 'shadow_lru_isolate' - unexpected unlock
crypto/cipher.c:70:24: warning: Variable length array is used.
kernel/irq/spurious.c:47:17: warning: context imbalance in 'irq_wait_for_poll' - unexpected unlock
kernel/events/ring_buffer.c:105:5: warning: context imbalance in 'perf_output_begin' - different lock contexts for basic block
kernel/events/ring_buffer.c:218:6: warning: context imbalance in 'perf_output_end' - unexpected unlock
./arch/arm64/include/asm/thread_info.h:76:9: warning: context imbalance in 'wq_sleep' - unexpected unlock
ipc/mqueue.c:1075:9: warning: context imbalance in 'SyS_mq_timedsend' - different lock contexts for basic block
ipc/mqueue.c:1184:14: warning: context imbalance in 'SyS_mq_timedreceive' - different lock contexts for basic block
mm/gup.c:556:53: warning: implicit cast to nocast type
mm/gup.c:1294:13: warning: incorrect type in argument 1 (different base types)
mm/gup.c:1294:13:    expected void const volatile [noderef] <asn:1>*<noident>
mm/gup.c:1294:13:    got unsigned long [unsigned] [assigned] start
kernel/irq/chip.c:722:1: warning: symbol '__irq_do_set_handler' was not declared. Should it be static?
mm/memory.c:119:15: warning: symbol 'zero_pfn' was not declared. Should it be static?
mm/memory.c:904:17: warning: context imbalance in 'copy_pte_range' - different lock contexts for basic block
mm/memory.c:1428:32: warning: context imbalance in '__get_locked_pte' - different lock contexts for basic block
mm/memory.c:1631:17: warning: context imbalance in 'remap_pte_range' - different lock contexts for basic block
mm/memory.c:1829:17: warning: context imbalance in 'apply_to_pte_range' - unexpected unlock
include/linux/pagemap.h:412:23: warning: context imbalance in 'wp_pfn_shared' - unexpected unlock
mm/memory.c:2285:12: warning: context imbalance in 'do_wp_page' - different lock contexts for basic block
mm/memory.c:3491:12: warning: context imbalance in '__follow_pte' - different lock contexts for basic block
mm/mincore.c:121:17: warning: context imbalance in 'mincore_pte_range' - unexpected unlock
kernel/events/hw_breakpoint.c:83:12: warning: symbol 'hw_breakpoint_weight' was not declared. Should it be static?
kernel/events/hw_breakpoint.c:231:13: warning: symbol 'arch_unregister_hw_breakpoint' was not declared. Should it be static?
fs/fs_struct.c:161:18: warning: symbol 'init_fs' was not declared. Should it be static?
security/commoncap.c:982:27: warning: symbol 'capability_hooks' was not declared. Should it be static?
mm/mlock.c:585:37: warning: implicit cast to nocast type
mm/mlock.c:674:37: warning: implicit cast to nocast type
include/linux/mm.h:1368:21: warning: context imbalance in '__munlock_pagevec_fill' - different lock contexts for basic block
fs/fs_pin.c:46:17: warning: context imbalance in 'pin_kill' - unexpected unlock
include/linux/rcupdate.h:836:9: warning: context imbalance in 'mnt_pin_kill' - different lock contexts for basic block
include/linux/rcupdate.h:836:9: warning: context imbalance in 'group_pin_kill' - different lock contexts for basic block
fs/nsfs.c:32:32: warning: symbol 'ns_dentry_operations' was not declared. Should it be static?
mm/mmap.c:1345:47: warning: implicit cast to nocast type
mm/mmap.c:1347:45: warning: implicit cast to nocast type
mm/mmap.c:1356:45: warning: implicit cast to nocast type
mm/mmap.c:1377:47: warning: implicit cast to nocast type
mm/mmap.c:1397:37: warning: implicit cast to nocast type
mm/mmap.c:1401:37: warning: implicit cast to nocast type
mm/mmap.c:1445:33: warning: implicit cast to nocast type
mm/mmap.c:1580:29: warning: implicit cast to nocast type
mm/mmap.c:845:9: warning: context imbalance in 'vma_adjust' - different lock contexts for basic block
fs/buffer.c:1090:20: warning: symbol '__getblk_slow' was not declared. Should it be static?
fs/buffer.c:2983:6: warning: symbol 'guard_bio_eod' was not declared. Should it be static?
kernel/power/main.c:49:5: warning: symbol 'pm_async_enabled' was not declared. Should it be static?
kernel/power/main.c:619:25: warning: symbol 'pm_wq' was not declared. Should it be static?
mm/mprotect.c:41:14: warning: context imbalance in 'lock_pte_protection' - different lock contexts for basic block
mm/mprotect.c:131:9: warning: context imbalance in 'change_pte_range' - unexpected unlock
fs/direct-io.c:1110:36: warning: Using plain integer as NULL pointer
block/blk-core.c:1070:24: warning: context imbalance in '__get_request' - unexpected unlock
block/blk-core.c:1208:23: warning: context imbalance in 'blk_old_get_request' - different lock contexts for basic block
block/blk-core.c:1608:13: warning: context imbalance in 'blk_queue_bio' - different lock contexts for basic block
block/blk-core.c:3140:17: warning: context imbalance in 'blk_flush_plug_list' - unexpected unlock
kernel/locking/spinlock.c:149:17: warning: context imbalance in '_raw_spin_lock' - wrong count at exit
kernel/locking/spinlock.c:157:26: warning: context imbalance in '_raw_spin_lock_irqsave' - wrong count at exit
kernel/locking/spinlock.c:165:17: warning: context imbalance in '_raw_spin_lock_irq' - wrong count at exit
kernel/locking/spinlock.c:173:17: warning: context imbalance in '_raw_spin_lock_bh' - wrong count at exit
kernel/locking/spinlock.c:181:17: warning: context imbalance in '_raw_spin_unlock' - unexpected unlock
kernel/locking/spinlock.c:189:17: warning: context imbalance in '_raw_spin_unlock_irqrestore' - unexpected unlock
kernel/locking/spinlock.c:197:17: warning: context imbalance in '_raw_spin_unlock_irq' - unexpected unlock
kernel/locking/spinlock.c:205:17: warning: context imbalance in '_raw_spin_unlock_bh' - unexpected unlock
kernel/locking/spinlock.c:221:17: warning: context imbalance in '_raw_read_lock' - wrong count at exit
kernel/locking/spinlock.c:229:26: warning: context imbalance in '_raw_read_lock_irqsave' - wrong count at exit
kernel/locking/spinlock.c:237:17: warning: context imbalance in '_raw_read_lock_irq' - wrong count at exit
kernel/locking/spinlock.c:245:17: warning: context imbalance in '_raw_read_lock_bh' - wrong count at exit
kernel/locking/spinlock.c:253:17: warning: context imbalance in '_raw_read_unlock' - unexpected unlock
kernel/locking/spinlock.c:261:17: warning: context imbalance in '_raw_read_unlock_irqrestore' - unexpected unlock
kernel/locking/spinlock.c:269:17: warning: context imbalance in '_raw_read_unlock_irq' - unexpected unlock
kernel/locking/spinlock.c:277:17: warning: context imbalance in '_raw_read_unlock_bh' - unexpected unlock
kernel/locking/spinlock.c:293:17: warning: context imbalance in '_raw_write_lock' - wrong count at exit
kernel/locking/spinlock.c:301:26: warning: context imbalance in '_raw_write_lock_irqsave' - wrong count at exit
kernel/locking/spinlock.c:309:17: warning: context imbalance in '_raw_write_lock_irq' - wrong count at exit
kernel/locking/spinlock.c:317:17: warning: context imbalance in '_raw_write_lock_bh' - wrong count at exit
kernel/locking/spinlock.c:325:17: warning: context imbalance in '_raw_write_unlock' - unexpected unlock
kernel/locking/spinlock.c:333:17: warning: context imbalance in '_raw_write_unlock_irqrestore' - unexpected unlock
kernel/locking/spinlock.c:341:17: warning: context imbalance in '_raw_write_unlock_irq' - unexpected unlock
kernel/locking/spinlock.c:349:17: warning: context imbalance in '_raw_write_unlock_bh' - unexpected unlock
mm/mremap.c:154:9: warning: context imbalance in 'move_ptes' - different lock contexts for basic block
drivers/ata/libata-scsi.c:1932:9: warning: context imbalance in 'ata_scsi_rbuf_get' - wrong count at exit
drivers/ata/libata-scsi.c:1953:31: warning: context imbalance in 'ata_scsi_rbuf_fill' - unexpected unlock
drivers/ata/libata-scsi.c:1951:48: warning: context imbalance in 'atapi_qc_complete' - unexpected unlock
net/socket.c:1842:13: warning: incorrect type in assignment (different address spaces)
net/socket.c:1842:13:    expected void *msg_control
net/socket.c:1842:13:    got void [noderef] <asn:1>*<noident>
mm/rmap.c:651:7: warning: context imbalance in '__page_check_address' - wrong count at exit
mm/rmap.c:748:36: warning: context imbalance in 'page_referenced_one' - unexpected unlock
block/blk-flush.c:266:9: warning: context imbalance in 'flush_end_io' - different lock contexts for basic block
mm/vmalloc.c:585:6: warning: symbol 'set_iounmap_nonlazy' was not declared. Should it be static?
net/9p/trans_common.c:21:6: warning: symbol 'p9_release_pages' was not declared. Should it be static?
kernel/printk/printk.c:245:1: warning: symbol 'log_wait' was not declared. Should it be static?
kernel/printk/printk.c:1850:5: warning: symbol 'vprintk_default' was not declared. Should it be static?
drivers/ata/libata-sff.c:1302:9: warning: context imbalance in 'ata_sff_hsm_move' - different lock contexts for basic block
crypto/shash.c:82:40: warning: Variable length array is used.
crypto/shash.c:118:40: warning: Variable length array is used.
crypto/akcipher.c:99:5: warning: symbol 'crypto_register_akcipher' was not declared. Should it be static?
crypto/akcipher.c:110:6: warning: symbol 'crypto_unregister_akcipher' was not declared. Should it be static?
drivers/ata/ahci.c:102:9: warning: Initializer entry defined twice
drivers/ata/ahci.c:102:9:   also defined here
net/core/sock.c:1584:9: warning: context imbalance in 'sk_clone_lock' - different lock contexts for basic block
net/core/sock.c:2415:6: warning: context imbalance in 'lock_sock_fast' - different lock contexts for basic block
net/core/sock.c:2846:13: warning: context imbalance in 'proto_seq_start' - wrong count at exit
net/core/sock.c:2858:13: warning: context imbalance in 'proto_seq_stop' - wrong count at exit
kernel/rcu/tree_plugin.h:486:13: warning: expression using sizeof bool
kernel/rcu/tree_plugin.h:487:14: warning: expression using sizeof bool
kernel/rcu/tree.c:223:15: warning: symbol 'rcu_rnp_online_cpus' was not declared. Should it be static?
kernel/rcu/tree.c:246:14: warning: expression using sizeof bool
kernel/rcu/tree.c:250:17: warning: expression using sizeof bool
kernel/rcu/tree.c:256:14: warning: expression using sizeof bool
kernel/rcu/tree.c:260:17: warning: expression using sizeof bool
kernel/rcu/tree.c:275:1: warning: symbol 'rcu_qs_ctr' was not declared. Should it be static?
kernel/rcu/tree.c:1054:25: warning: expression using sizeof bool
kernel/rcu/tree.c:1722:14: warning: expression using sizeof bool
kernel/rcu/tree.c:1737:41: warning: expression using sizeof bool
kernel/rcu/tree.c:1749:17: warning: expression using sizeof bool
kernel/rcu/tree.c:1764:15: warning: expression using sizeof bool
kernel/rcu/tree.c:3174:17: warning: Variable length array is used.
kernel/rcu/tree.c:3201:17: warning: Variable length array is used.
kernel/rcu/tree.c:3378:17: warning: Variable length array is used.
kernel/rcu/tree.c:3391:17: warning: Variable length array is used.
kernel/rcu/tree.c:3436:25: warning: Variable length array is used.
kernel/rcu/tree.c:3461:25: warning: Variable length array is used.
kernel/rcu/tree.c:3548:13: warning: expression using sizeof bool
kernel/rcu/tree.c:3980:21: warning: incorrect type in argument 1 (different modifiers)
kernel/rcu/tree.c:3980:21:    expected int ( *threadfn )( ... )
kernel/rcu/tree.c:3980:21:    got int ( static [toplevel] [noreturn] *<noident> )( ... )
kernel/rcu/tree_plugin.h:128:14: warning: expression using sizeof bool
kernel/rcu/tree_plugin.h:132:17: warning: expression using sizeof bool
kernel/rcu/tree_plugin.h:534:17: warning: Variable length array is used.
kernel/rcu/tree_plugin.h:726:25: warning: Variable length array is used.
kernel/rcu/tree.c:1552:9: warning: context imbalance in 'rcu_start_future_gp' - different lock contexts for basic block
kernel/rcu/tree.c:2771:9: warning: context imbalance in 'force_qs_rnp' - different lock contexts for basic block
kernel/rcu/tree.c:2836:25: warning: context imbalance in 'force_quiescent_state' - unexpected unlock
kernel/rcu/tree_plugin.h:661:1: warning: context imbalance in 'sync_rcu_preempt_exp_init2' - wrong count at exit
mm/init-mm.c:16:18: warning: symbol 'init_mm' was not declared. Should it be static?
fs/autofs4/waitq.c:73:39: warning: incorrect type in argument 2 (different address spaces)
fs/autofs4/waitq.c:73:39:    expected char const [noderef] <asn:1>*<noident>
fs/autofs4/waitq.c:73:39:    got char const *data
drivers/ata/ahci_platform.c:35:9: warning: Initializer entry defined twice
drivers/ata/ahci_platform.c:35:9:   also defined here
kernel/sched/core.c:913:6: warning: symbol 'sched_set_stop_task' was not declared. Should it be static?
kernel/sched/core.c:1324:5: warning: symbol 'migrate_swap' was not declared. Should it be static?
kernel/sched/core.c:3192:35: warning: symbol 'preempt_schedule_irq' was not declared. Should it be static?
kernel/sched/core.c:5933:28: warning: incorrect type in initializer (different address spaces)
kernel/sched/core.c:5933:28:    expected void const [noderef] <asn:3>*__vpp_verify
kernel/sched/core.c:5933:28:    got struct sched_domain **<noident>
kernel/sched/core.c:5968:28: warning: incorrect type in initializer (different address spaces)
kernel/sched/core.c:5968:28:    expected void const [noderef] <asn:3>*__vpp_verify
kernel/sched/core.c:5968:28:    got struct sched_domain **<noident>
kernel/sched/core.c:5988:28: warning: incorrect type in initializer (different address spaces)
kernel/sched/core.c:5988:28:    expected void const [noderef] <asn:3>*__vpp_verify
kernel/sched/core.c:5988:28:    got struct sched_group_capacity **<noident>
kernel/sched/core.c:6027:36: warning: incorrect type in initializer (different address spaces)
kernel/sched/core.c:6027:36:    expected void const [noderef] <asn:3>*__vpp_verify
kernel/sched/core.c:6027:36:    got struct sched_domain **<noident>
kernel/sched/core.c:6034:24: warning: incorrect type in initializer (different address spaces)
kernel/sched/core.c:6034:24:    expected void const [noderef] <asn:3>*__vpp_verify
kernel/sched/core.c:6034:24:    got struct sched_group **<noident>
kernel/sched/core.c:6035:31: warning: incorrect type in initializer (different address spaces)
kernel/sched/core.c:6035:31:    expected void const [noderef] <asn:3>*__vpp_verify
kernel/sched/core.c:6035:31:    got struct sched_group_capacity **<noident>
kernel/sched/core.c:6726:39: warning: incorrect type in initializer (different address spaces)
kernel/sched/core.c:6726:39:    expected void const [noderef] <asn:3>*__vpp_verify
kernel/sched/core.c:6726:39:    got struct sched_domain **<noident>
kernel/sched/core.c:6729:40: warning: incorrect type in initializer (different address spaces)
kernel/sched/core.c:6729:40:    expected void const [noderef] <asn:3>*__vpp_verify
kernel/sched/core.c:6729:40:    got struct sched_domain **<noident>
kernel/sched/core.c:6733:40: warning: incorrect type in initializer (different address spaces)
kernel/sched/core.c:6733:40:    expected void const [noderef] <asn:3>*__vpp_verify
kernel/sched/core.c:6733:40:    got struct sched_group **<noident>
kernel/sched/core.c:6735:40: warning: incorrect type in initializer (different address spaces)
kernel/sched/core.c:6735:40:    expected void const [noderef] <asn:3>*__vpp_verify
kernel/sched/core.c:6735:40:    got struct sched_group_capacity **<noident>
kernel/sched/core.c:6737:32: warning: incorrect type in argument 1 (different address spaces)
kernel/sched/core.c:6737:32:    expected void [noderef] <asn:3>*__pdata
kernel/sched/core.c:6737:32:    got struct sched_domain **[noderef] sd
kernel/sched/core.c:6739:32: warning: incorrect type in argument 1 (different address spaces)
kernel/sched/core.c:6739:32:    expected void [noderef] <asn:3>*__pdata
kernel/sched/core.c:6739:32:    got struct sched_group **[noderef] sg
kernel/sched/core.c:6741:32: warning: incorrect type in argument 1 (different address spaces)
kernel/sched/core.c:6741:32:    expected void [noderef] <asn:3>*__pdata
kernel/sched/core.c:6741:32:    got struct sched_group_capacity **[noderef] sgc
kernel/sched/core.c:6669:25: warning: incorrect type in assignment (different address spaces)
kernel/sched/core.c:6669:25:    expected struct sched_domain **[noderef] sd
kernel/sched/core.c:6669:25:    got struct sched_domain *[noderef] <asn:3>*<noident>
kernel/sched/core.c:6673:25: warning: incorrect type in assignment (different address spaces)
kernel/sched/core.c:6673:25:    expected struct sched_group **[noderef] sg
kernel/sched/core.c:6673:25:    got struct sched_group *[noderef] <asn:3>*<noident>
kernel/sched/core.c:6677:26: warning: incorrect type in assignment (different address spaces)
kernel/sched/core.c:6677:26:    expected struct sched_group_capacity **[noderef] sgc
kernel/sched/core.c:6677:26:    got struct sched_group_capacity *[noderef] <asn:3>*<noident>
kernel/sched/core.c:6691:26: warning: incorrect type in initializer (different address spaces)
kernel/sched/core.c:6691:26:    expected void const [noderef] <asn:3>*__vpp_verify
kernel/sched/core.c:6691:26:    got struct sched_domain **<noident>
kernel/sched/core.c:6700:26: warning: incorrect type in initializer (different address spaces)
kernel/sched/core.c:6700:26:    expected void const [noderef] <asn:3>*__vpp_verify
kernel/sched/core.c:6700:26:    got struct sched_group **<noident>
kernel/sched/core.c:6707:26: warning: incorrect type in initializer (different address spaces)
kernel/sched/core.c:6707:26:    expected void const [noderef] <asn:3>*__vpp_verify
kernel/sched/core.c:6707:26:    got struct sched_group_capacity **<noident>
kernel/sched/core.c:6175:30: warning: incorrect type in argument 1 (different address spaces)
kernel/sched/core.c:6175:30:    expected void [noderef] <asn:3>*__pdata
kernel/sched/core.c:6175:30:    got struct sched_domain **[noderef] sd
kernel/sched/core.c:6190:15: warning: incorrect type in assignment (different address spaces)
kernel/sched/core.c:6190:15:    expected struct sched_domain **[noderef] sd
kernel/sched/core.c:6190:15:    got struct sched_domain *[noderef] <asn:3>*<noident>
kernel/sched/core.c:6208:9: warning: incorrect type in initializer (different address spaces)
kernel/sched/core.c:6208:9:    expected void const [noderef] <asn:3>*__vpp_verify
kernel/sched/core.c:6208:9:    got struct sched_domain **<noident>
kernel/sched/core.c:6209:10: warning: incorrect type in initializer (different address spaces)
kernel/sched/core.c:6209:10:    expected void const [noderef] <asn:3>*__vpp_verify
kernel/sched/core.c:6209:10:    got struct sched_domain **<noident>
kernel/sched/core.c:6211:13: warning: incorrect type in initializer (different address spaces)
kernel/sched/core.c:6211:13:    expected void const [noderef] <asn:3>*__vpp_verify
kernel/sched/core.c:6211:13:    got struct sched_group **<noident>
kernel/sched/core.c:6211:13: warning: incorrect type in initializer (different address spaces)
kernel/sched/core.c:6211:13:    expected void const [noderef] <asn:3>*__vpp_verify
kernel/sched/core.c:6211:13:    got struct sched_group **<noident>
kernel/sched/core.c:6211:13: warning: incorrect type in initializer (different address spaces)
kernel/sched/core.c:6211:13:    expected void const [noderef] <asn:3>*__vpp_verify
kernel/sched/core.c:6211:13:    got struct sched_group **<noident>
kernel/sched/core.c:6211:13: warning: incorrect type in initializer (different address spaces)
kernel/sched/core.c:6211:13:    expected void const [noderef] <asn:3>*__vpp_verify
kernel/sched/core.c:6211:13:    got struct sched_group **<noident>
kernel/sched/core.c:6212:18: warning: incorrect type in initializer (different address spaces)
kernel/sched/core.c:6212:18:    expected void const [noderef] <asn:3>*__vpp_verify
kernel/sched/core.c:6212:18:    got struct sched_group **<noident>
kernel/sched/core.c:6214:13: warning: incorrect type in initializer (different address spaces)
kernel/sched/core.c:6214:13:    expected void const [noderef] <asn:3>*__vpp_verify
kernel/sched/core.c:6214:13:    got struct sched_group_capacity **<noident>
kernel/sched/core.c:6214:13: warning: incorrect type in initializer (different address spaces)
kernel/sched/core.c:6214:13:    expected void const [noderef] <asn:3>*__vpp_verify
kernel/sched/core.c:6214:13:    got struct sched_group_capacity **<noident>
kernel/sched/core.c:6214:13: warning: incorrect type in initializer (different address spaces)
kernel/sched/core.c:6214:13:    expected void const [noderef] <asn:3>*__vpp_verify
kernel/sched/core.c:6214:13:    got struct sched_group_capacity **<noident>
kernel/sched/core.c:6214:13: warning: incorrect type in initializer (different address spaces)
kernel/sched/core.c:6214:13:    expected void const [noderef] <asn:3>*__vpp_verify
kernel/sched/core.c:6214:13:    got struct sched_group_capacity **<noident>
kernel/sched/core.c:6215:18: warning: incorrect type in initializer (different address spaces)
kernel/sched/core.c:6215:18:    expected void const [noderef] <asn:3>*__vpp_verify
kernel/sched/core.c:6215:18:    got struct sched_group_capacity **<noident>
kernel/sched/core.c:6248:36: warning: incorrect type in initializer (different address spaces)
kernel/sched/core.c:6248:36:    expected void const [noderef] <asn:3>*__vpp_verify
kernel/sched/core.c:6248:36:    got struct sched_domain **<noident>
kernel/sched/core.c:6746:21: warning: symbol 'build_sched_domain' was not declared. Should it be static?
kernel/sched/core.c:6804:34: warning: incorrect type in initializer (different address spaces)
kernel/sched/core.c:6804:34:    expected void const [noderef] <asn:3>*__vpp_verify
kernel/sched/core.c:6804:34:    got struct sched_domain **<noident>
kernel/sched/core.c:6814:28: warning: incorrect type in initializer (different address spaces)
kernel/sched/core.c:6814:28:    expected void const [noderef] <asn:3>*__vpp_verify
kernel/sched/core.c:6814:28:    got struct sched_domain **<noident>
kernel/sched/core.c:6831:28: warning: incorrect type in initializer (different address spaces)
kernel/sched/core.c:6831:28:    expected void const [noderef] <asn:3>*__vpp_verify
kernel/sched/core.c:6831:28:    got struct sched_domain **<noident>
kernel/sched/core.c:6840:23: warning: incorrect type in initializer (different address spaces)
kernel/sched/core.c:6840:23:    expected void const [noderef] <asn:3>*__vpp_verify
kernel/sched/core.c:6840:23:    got struct sched_domain **<noident>
kernel/sched/core.c:4459:1: warning: context imbalance in 'sys_sched_yield' - unexpected unlock
kernel/sched/core.c:4506:28: warning: context imbalance in '__cond_resched_lock' - unexpected unlock
kernel/sched/core.c:6175:29: warning: dereference of noderef expression
kernel/sched/core.c:6191:14: warning: dereference of noderef expression
kernel/sched/core.c:6670:22: warning: dereference of noderef expression
kernel/sched/core.c:6674:22: warning: dereference of noderef expression
kernel/sched/core.c:6678:22: warning: dereference of noderef expression
kernel/sched/core.c:6725:29: warning: dereference of noderef expression
kernel/sched/core.c:6732:29: warning: dereference of noderef expression
kernel/sched/core.c:6734:29: warning: dereference of noderef expression
kernel/sched/core.c:6737:29: warning: dereference of noderef expression
kernel/sched/core.c:6738:17: warning: dereference of noderef expression
kernel/sched/core.c:6739:29: warning: dereference of noderef expression
kernel/sched/core.c:6740:17: warning: dereference of noderef expression
kernel/sched/core.c:6741:29: warning: dereference of noderef expression
kernel/sched/core.c:6742:17: warning: dereference of noderef expression
mm/memblock.c:1333:6: warning: symbol 'memblock_virt_alloc_try_nid_nopanic' was not declared. Should it be static?
mm/memblock.c:1363:6: warning: symbol 'memblock_virt_alloc_try_nid' was not declared. Should it be static?
mm/memblock.c:1392:13: warning: symbol '__memblock_free_early' was not declared. Should it be static?
mm/memblock.c:1410:13: warning: symbol '__memblock_free_late' was not declared. Should it be static?
drivers/ata/ahci_xgene.c:209:41: warning: incorrect type in initializer (different address spaces)
drivers/ata/ahci_xgene.c:209:41:    expected void *port_mmio
drivers/ata/ahci_xgene.c:209:41:    got void [noderef] <asn:2>*
drivers/ata/ahci_xgene.c:216:28: warning: incorrect type in argument 1 (different address spaces)
drivers/ata/ahci_xgene.c:216:28:    expected void const volatile [noderef] <asn:2>*addr
drivers/ata/ahci_xgene.c:216:28:    got void *
drivers/ata/ahci_xgene.c:219:17: warning: incorrect type in argument 2 (different address spaces)
drivers/ata/ahci_xgene.c:219:17:    expected void volatile [noderef] <asn:2>*addr
drivers/ata/ahci_xgene.c:219:17:    got void *
drivers/ata/ahci_xgene.c:470:41: warning: incorrect type in initializer (different address spaces)
drivers/ata/ahci_xgene.c:470:41:    expected void *port_mmio
drivers/ata/ahci_xgene.c:470:41:    got void [noderef] <asn:2>*
drivers/ata/ahci_xgene.c:477:20: warning: incorrect type in argument 1 (different address spaces)
drivers/ata/ahci_xgene.c:477:20:    expected void const volatile [noderef] <asn:2>*addr
drivers/ata/ahci_xgene.c:477:20:    got void *
drivers/ata/ahci_xgene.c:480:9: warning: incorrect type in argument 2 (different address spaces)
drivers/ata/ahci_xgene.c:480:9:    expected void volatile [noderef] <asn:2>*addr
drivers/ata/ahci_xgene.c:480:9:    got void *
drivers/ata/ahci_xgene.c:515:41: warning: incorrect type in initializer (different address spaces)
drivers/ata/ahci_xgene.c:515:41:    expected void *port_mmio
drivers/ata/ahci_xgene.c:515:41:    got void [noderef] <asn:2>*
drivers/ata/ahci_xgene.c:521:25: warning: incorrect type in argument 1 (different address spaces)
drivers/ata/ahci_xgene.c:521:25:    expected void const volatile [noderef] <asn:2>*addr
drivers/ata/ahci_xgene.c:521:25:    got void *
drivers/ata/ahci_xgene.c:527:20: warning: incorrect type in argument 1 (different address spaces)
drivers/ata/ahci_xgene.c:527:20:    expected void const volatile [noderef] <asn:2>*addr
drivers/ata/ahci_xgene.c:527:20:    got void *
drivers/ata/ahci_xgene.c:530:9: warning: incorrect type in argument 2 (different address spaces)
drivers/ata/ahci_xgene.c:530:9:    expected void volatile [noderef] <asn:2>*addr
drivers/ata/ahci_xgene.c:530:9:    got void *
drivers/ata/ahci_xgene.c:543:25: warning: incorrect type in argument 2 (different address spaces)
drivers/ata/ahci_xgene.c:543:25:    expected void volatile [noderef] <asn:2>*addr
drivers/ata/ahci_xgene.c:543:25:    got void *
drivers/ata/ahci_xgene.c:649:9: warning: Initializer entry defined twice
drivers/ata/ahci_xgene.c:649:9:   also defined here
mm/swapfile.c:601:20: warning: context imbalance in 'scan_swap_map' - unexpected unlock
mm/swapfile.c:725:32: warning: context imbalance in 'swap_info_get' - different lock contexts for basic block
mm/swapfile.c:838:17: warning: context imbalance in 'swap_free' - unexpected unlock
mm/swapfile.c:852:17: warning: context imbalance in 'swapcache_free' - unexpected unlock
mm/swapfile.c:871:35: warning: context imbalance in 'page_swapcount' - unexpected unlock
mm/swapfile.c:961:28: warning: context imbalance in 'free_swap_and_cache' - unexpected unlock
mm/swapfile.c:2827:20: warning: context imbalance in 'add_swap_count_continuation' - unexpected unlock
include/net/sock.h:1513:31: warning: context imbalance in 'skb_free_datagram_locked' - unexpected unlock
kernel/sched/clock.c:77:19: warning: symbol 'sched_clock_running' was not declared. Should it be static?
kernel/sched/stats.h:219:22: warning: implicit cast from nocast type
kernel/sched/stats.h:219:22: warning: implicit cast from nocast type
kernel/sched/stats.h:240:22: warning: implicit cast from nocast type
kernel/sched/cputime.c:305:42: warning: incorrect type in argument 2 (different modifiers)
kernel/sched/cputime.c:305:42:    expected unsigned long [nocast] [usertype] *utime
kernel/sched/cputime.c:305:42:    got unsigned long *<noident>
kernel/sched/cputime.c:305:42: warning: implicit cast to nocast type
kernel/sched/cputime.c:305:50: warning: incorrect type in argument 3 (different modifiers)
kernel/sched/cputime.c:305:50:    expected unsigned long [nocast] [usertype] *stime
kernel/sched/cputime.c:305:50:    got unsigned long *<noident>
kernel/sched/cputime.c:305:50: warning: implicit cast to nocast type
kernel/sched/cputime.c:570:29: warning: implicit cast from nocast type
kernel/sched/cputime.c:571:17: warning: implicit cast from nocast type
kernel/sched/cputime.c:619:26: warning: incorrect type in argument 1 (different modifiers)
kernel/sched/cputime.c:619:26:    expected unsigned long [nocast] [usertype] *counter
kernel/sched/cputime.c:619:26:    got unsigned long *<noident>
kernel/sched/cputime.c:619:26: warning: implicit cast to nocast type
kernel/sched/cputime.c:620:26: warning: incorrect type in argument 1 (different modifiers)
kernel/sched/cputime.c:620:26:    expected unsigned long [nocast] [usertype] *counter
kernel/sched/cputime.c:620:26:    got unsigned long *<noident>
kernel/sched/cputime.c:620:26: warning: implicit cast to nocast type
kernel/sched/cputime.c:633:26: warning: incorrect type in argument 2 (different modifiers)
kernel/sched/cputime.c:633:26:    expected unsigned long [nocast] [usertype] *utime
kernel/sched/cputime.c:633:26:    got unsigned long *<noident>
kernel/sched/cputime.c:633:26: warning: implicit cast to nocast type
kernel/sched/cputime.c:633:42: warning: incorrect type in argument 3 (different modifiers)
kernel/sched/cputime.c:633:42:    expected unsigned long [nocast] [usertype] *stime
kernel/sched/cputime.c:633:42:    got unsigned long *<noident>
kernel/sched/cputime.c:633:42: warning: implicit cast to nocast type
kernel/sched/cputime.c:313:33: warning: context imbalance in 'thread_group_cputime' - different lock contexts for basic block
mm/hugetlb.c:1378:20: warning: context imbalance in 'gather_surplus_pages' - unexpected unlock
mm/hugetlb.c:3030:9: warning: context imbalance in 'hugetlb_cow' - unexpected unlock
mm/hugetlb.c:3522:25: warning: context imbalance in 'follow_hugetlb_page' - different lock contexts for basic block
lib/lockref.c:96:5: warning: context imbalance in 'lockref_get_or_lock' - wrong count at exit
lib/lockref.c:140:5: warning: context imbalance in 'lockref_put_or_lock' - wrong count at exit
kernel/sched/fair.c:51:14: warning: symbol 'normalized_sysctl_sched_latency' was not declared. Should it be static?
kernel/sched/fair.c:70:14: warning: symbol 'normalized_sysctl_sched_min_granularity' was not declared. Should it be static?
kernel/sched/fair.c:92:14: warning: symbol 'normalized_sysctl_sched_wakeup_granularity' was not declared. Should it be static?
kernel/sched/fair.c:101:28: warning: symbol 'sysctl_sched_shares_window' was not declared. Should it be static?
kernel/sched/fair.c:4135:35: error: marked inline, but without a definition
lib/bcd.c:4:10: error: symbol '_bcd2bin' redeclared with different type (originally declared at include/linux/bcd.h:19) - different modifiers
lib/bcd.c:10:15: error: symbol '_bin2bcd' redeclared with different type (originally declared at include/linux/bcd.h:20) - different modifiers
net/core/scm.c:235:26: warning: cast removes address space of expression
net/core/scm.c:235:26: warning: incorrect type in argument 1 (different address spaces)
net/core/scm.c:235:26:    expected void [noderef] <asn:1>*to
net/core/scm.c:235:26:    got void *<noident>
net/core/scm.c:271:48: warning: cast removes address space of expression
block/genhd.c:1405:10: error: bad integer constant expression
block/genhd.c:1406:10: error: bad integer constant expression
block/genhd.c:1410:10: error: bad integer constant expression
block/genhd.c:1411:10: error: bad integer constant expression
net/core/gen_stats.c:61:1: warning: context imbalance in 'gnet_stats_start_copy_compat' - wrong count at exit
net/core/gen_stats.c:35:9: warning: context imbalance in 'gnet_stats_copy_basic' - unexpected unlock
net/core/gen_stats.c:35:9: warning: context imbalance in 'gnet_stats_copy_rate_est' - unexpected unlock
net/core/gen_stats.c:35:9: warning: context imbalance in 'gnet_stats_copy_queue' - unexpected unlock
net/core/gen_stats.c:35:9: warning: context imbalance in 'gnet_stats_copy_app' - unexpected unlock
net/core/gen_stats.c:35:9: warning: context imbalance in 'gnet_stats_finish_copy' - unexpected unlock
kernel/sched/rt.c:626:6: warning: symbol 'sched_rt_bandwidth_account' was not declared. Should it be static?
kernel/sched/sched.h:1572:17: warning: context imbalance in 'find_lock_lowest_rq' - unexpected unlock
kernel/sched/rt.c:1792:9: warning: context imbalance in 'push_rt_task' - unexpected unlock
kernel/sched/sched.h:1572:17: warning: context imbalance in 'pull_rt_task' - unexpected unlock
lib/gcd.c:6:15: error: symbol 'gcd' redeclared with different type (originally declared at include/linux/gcd.h:6) - different modifiers
lib/lcm.c:7:15: error: symbol 'lcm' redeclared with different type (originally declared at include/linux/lcm.h:6) - different modifiers
lib/lcm.c:16:15: error: symbol 'lcm_not_zero' redeclared with different type (originally declared at include/linux/lcm.h:7) - different modifiers
kernel/sched/deadline.c:60:6: warning: symbol 'init_dl_bw' was not declared. Should it be static?
kernel/sched/deadline.c:1147:20: warning: symbol 'pick_next_task_dl' was not declared. Should it be static?
kernel/sched/deadline.c:281:30: warning: context imbalance in 'dl_task_offline_migration' - unexpected unlock
kernel/sched/sched.h:1572:17: warning: context imbalance in 'find_lock_later_rq' - unexpected unlock
kernel/sched/deadline.c:1549:9: warning: context imbalance in 'push_dl_task' - unexpected unlock
kernel/sched/sched.h:1572:17: warning: context imbalance in 'pull_dl_task' - unexpected unlock
mm/slub.c:1068:40: warning: context imbalance in 'free_debug_processing' - different lock contexts for basic block
mm/slub.c:1952:28: warning: context imbalance in 'deactivate_slab' - unexpected unlock
mm/slub.c:1984:44: warning: context imbalance in 'unfreeze_partials' - unexpected unlock
mm/slub.c:2598:47: warning: context imbalance in '__slab_free' - unexpected unlock
include/trace/events/net.h:170:1: error: directive in argument list
include/trace/events/net.h:172:1: error: directive in argument list
include/trace/events/net.h:174:1: error: directive in argument list
kernel/sched/idle.c:234:33: warning: expression using sizeof bool
kernel/sched/idle.c:234:33: warning: expression using sizeof bool
kernel/sched/idle.c:234:33: warning: expression using sizeof bool
kernel/sched/idle.c:234:33: warning: expression using sizeof bool
kernel/sched/idle.c:234:33: warning: expression using sizeof bool
kernel/sched/auto_group.c:134:9: warning: context imbalance in 'autogroup_move_group' - different lock contexts for basic block
block/compat_ioctl.c:344:25: warning: incorrect type in assignment (different address spaces)
block/compat_ioctl.c:344:25:    expected char const *name
block/compat_ioctl.c:344:25:    got void [noderef] <asn:1>*
./arch/arm64/include/asm/pgtable.h:226:16: warning: context imbalance in 'madvise_free_huge_pmd' - unexpected unlock
mm/huge_memory.c:1463:40: warning: context imbalance in 'zap_huge_pmd' - unexpected unlock
mm/huge_memory.c:1528:28: warning: context imbalance in 'move_huge_pmd' - unexpected unlock
mm/huge_memory.c:1558:36: warning: context imbalance in 'change_huge_pmd' - unexpected unlock
mm/huge_memory.c:1584:5: warning: context imbalance in '__pmd_trans_huge_lock' - different lock contexts for basic block
mm/huge_memory.c:1611:7: warning: context imbalance in 'page_check_address_pmd' - different lock contexts for basic block
mm/huge_memory.c:1685:17: warning: context imbalance in '__split_huge_page_splitting' - unexpected unlock
mm/huge_memory.c:1855:17: warning: context imbalance in '__split_huge_page_map' - unexpected unlock
kernel/time/timer.c:109:13: warning: expression using sizeof bool
kernel/time/timer.c:109:13: warning: expression using sizeof bool
kernel/time/timer.c:109:13: warning: expression using sizeof bool
kernel/time/timer.c:109:13: warning: expression using sizeof bool
kernel/time/timer.c:109:13: warning: expression using sizeof bool
drivers/base/devtmpfs.c:357:25: warning: incorrect type in argument 1 (different address spaces)
drivers/base/devtmpfs.c:357:25:    expected char [noderef] <asn:1>*dev_name
drivers/base/devtmpfs.c:357:25:    got char static *<noident>
drivers/base/devtmpfs.c:357:38: warning: incorrect type in argument 2 (different address spaces)
drivers/base/devtmpfs.c:357:38:    expected char [noderef] <asn:1>*dir_name
drivers/base/devtmpfs.c:357:38:    got char *<noident>
drivers/base/devtmpfs.c:357:53: warning: incorrect type in argument 3 (different address spaces)
drivers/base/devtmpfs.c:357:53:    expected char [noderef] <asn:1>*type
drivers/base/devtmpfs.c:357:53:    got char static *<noident>
drivers/base/devtmpfs.c:383:26: warning: incorrect type in argument 1 (different address spaces)
drivers/base/devtmpfs.c:383:26:    expected char [noderef] <asn:1>*dev_name
drivers/base/devtmpfs.c:383:26:    got char static *<noident>
drivers/base/devtmpfs.c:383:38: warning: incorrect type in argument 2 (different address spaces)
drivers/base/devtmpfs.c:383:38:    expected char [noderef] <asn:1>*dir_name
drivers/base/devtmpfs.c:383:38:    got char static *<noident>
drivers/base/devtmpfs.c:383:43: warning: incorrect type in argument 3 (different address spaces)
drivers/base/devtmpfs.c:383:43:    expected char [noderef] <asn:1>*type
drivers/base/devtmpfs.c:383:43:    got char static *<noident>
drivers/base/devtmpfs.c:383:66: warning: incorrect type in argument 5 (different address spaces)
drivers/base/devtmpfs.c:383:66:    expected void [noderef] <asn:1>*data
drivers/base/devtmpfs.c:383:66:    got char *<noident>
drivers/base/devtmpfs.c:386:19: warning: incorrect type in argument 1 (different address spaces)
drivers/base/devtmpfs.c:386:19:    expected char const [noderef] <asn:1>*filename
drivers/base/devtmpfs.c:386:19:    got char static *<noident>
drivers/base/devtmpfs.c:387:20: warning: incorrect type in argument 1 (different address spaces)
drivers/base/devtmpfs.c:387:20:    expected char const [noderef] <asn:1>*filename
drivers/base/devtmpfs.c:387:20:    got char static *<noident>
kernel/time/hrtimer.c:139:27: warning: context imbalance in 'lock_hrtimer_base' - wrong count at exit
kernel/time/hrtimer.c:805:9: warning: context imbalance in 'hrtimer_start_range_ns' - unexpected unlock
kernel/time/hrtimer.c:805:9: warning: context imbalance in 'hrtimer_try_to_cancel' - unexpected unlock
kernel/time/hrtimer.c:1070:9: warning: context imbalance in 'hrtimer_get_remaining' - unexpected unlock
kernel/time/itimer.c:126:59: warning: implicit cast to nocast type
kernel/time/itimer.c:167:55: warning: incorrect type in argument 3 (different modifiers)
kernel/time/itimer.c:167:55:    expected unsigned long [nocast] [usertype] *newval
kernel/time/itimer.c:167:55:    got unsigned long *<noident>
kernel/time/itimer.c:167:55: warning: implicit cast to nocast type
kernel/time/itimer.c:167:62: warning: incorrect type in argument 4 (different modifiers)
kernel/time/itimer.c:167:62:    expected unsigned long [nocast] [usertype] *oldval
kernel/time/itimer.c:167:62:    got unsigned long *<noident>
kernel/time/itimer.c:167:62: warning: implicit cast to nocast type
kernel/time/itimer.c:226:56: warning: implicit cast to nocast type
kernel/time/posix-timers.c:402:9: warning: context imbalance in 'do_schedule_next_timer' - different lock contexts for basic block
kernel/time/posix-timers.c:693:24: warning: context imbalance in '__lock_timer' - different lock contexts for basic block
mm/memcontrol.c:1315:17: warning: context imbalance in 'task_in_mem_cgroup' - unexpected unlock
mm/memcontrol.c:1999:19: warning: context imbalance in 'mem_cgroup_begin_page_stat' - wrong count at exit
mm/memcontrol.c:2053:17: warning: context imbalance in 'mem_cgroup_end_page_stat' - unexpected unlock
mm/memcontrol.c:2397:9: warning: context imbalance in 'lock_page_lru' - wrong count at exit
mm/memcontrol.c:2420:24: warning: context imbalance in 'unlock_page_lru' - unexpected unlock
mm/memcontrol.c:5028:28: warning: context imbalance in 'mem_cgroup_count_precharge_pte_range' - unexpected unlock
mm/memcontrol.c:5205:36: warning: context imbalance in 'mem_cgroup_move_charge_pte_range' - unexpected unlock
kernel/time/posix-cpu-timers.c:27:53: warning: incorrect type in argument 3 (different modifiers)
kernel/time/posix-cpu-timers.c:27:53:    expected unsigned long [nocast] [usertype] *newval
kernel/time/posix-cpu-timers.c:27:53:    got unsigned long *<noident>
kernel/time/posix-cpu-timers.c:27:53: warning: implicit cast to nocast type
kernel/time/posix-cpu-timers.c:130:26: warning: incorrect type in argument 2 (different modifiers)
kernel/time/posix-cpu-timers.c:130:26:    expected unsigned long [nocast] [usertype] *utime
kernel/time/posix-cpu-timers.c:130:26:    got unsigned long *<noident>
kernel/time/posix-cpu-timers.c:130:26: warning: implicit cast to nocast type
kernel/time/posix-cpu-timers.c:130:34: warning: incorrect type in argument 3 (different modifiers)
kernel/time/posix-cpu-timers.c:130:34:    expected unsigned long [nocast] [usertype] *stime
kernel/time/posix-cpu-timers.c:130:34:    got unsigned long *<noident>
kernel/time/posix-cpu-timers.c:130:34: warning: implicit cast to nocast type
kernel/time/posix-cpu-timers.c:138:26: warning: incorrect type in argument 2 (different modifiers)
kernel/time/posix-cpu-timers.c:138:26:    expected unsigned long [nocast] [usertype] *utime
kernel/time/posix-cpu-timers.c:138:26:    got unsigned long *<noident>
kernel/time/posix-cpu-timers.c:138:26: warning: implicit cast to nocast type
kernel/time/posix-cpu-timers.c:216:56: warning: implicit cast from nocast type
kernel/time/posix-cpu-timers.c:217:56: warning: implicit cast from nocast type
kernel/time/posix-cpu-timers.c:225:24: warning: implicit cast to nocast type
kernel/time/posix-cpu-timers.c:226:24: warning: implicit cast to nocast type
kernel/time/posix-cpu-timers.c:130:26: warning: incorrect type in argument 2 (different modifiers)
kernel/time/posix-cpu-timers.c:130:26:    expected unsigned long [nocast] [usertype] *utime
kernel/time/posix-cpu-timers.c:130:26:    got unsigned long *<noident>
kernel/time/posix-cpu-timers.c:130:26: warning: implicit cast to nocast type
kernel/time/posix-cpu-timers.c:130:34: warning: incorrect type in argument 3 (different modifiers)
kernel/time/posix-cpu-timers.c:130:34:    expected unsigned long [nocast] [usertype] *stime
kernel/time/posix-cpu-timers.c:130:34:    got unsigned long *<noident>
kernel/time/posix-cpu-timers.c:130:34: warning: implicit cast to nocast type
kernel/time/posix-cpu-timers.c:138:26: warning: incorrect type in argument 2 (different modifiers)
kernel/time/posix-cpu-timers.c:138:26:    expected unsigned long [nocast] [usertype] *utime
kernel/time/posix-cpu-timers.c:138:26:    got unsigned long *<noident>
kernel/time/posix-cpu-timers.c:138:26: warning: implicit cast to nocast type
kernel/time/posix-cpu-timers.c:926:27: warning: implicit cast from nocast type
kernel/time/posix-cpu-timers.c:935:39: warning: implicit cast to nocast type
kernel/time/posix-cpu-timers.c:940:62: warning: implicit cast to nocast type
kernel/time/posix-cpu-timers.c:944:44: warning: implicit cast from nocast type
kernel/time/posix-cpu-timers.c:945:30: warning: implicit cast from nocast type
kernel/time/posix-cpu-timers.c:1008:38: warning: implicit cast from nocast type
kernel/time/posix-cpu-timers.c:1009:40: warning: implicit cast from nocast type
kernel/time/posix-cpu-timers.c:1122:28: warning: incorrect type in argument 2 (different modifiers)
kernel/time/posix-cpu-timers.c:1122:28:    expected unsigned long [nocast] [usertype] *utime
kernel/time/posix-cpu-timers.c:1122:28:    got unsigned long *<noident>
kernel/time/posix-cpu-timers.c:1122:28: warning: implicit cast to nocast type
kernel/time/posix-cpu-timers.c:1122:36: warning: incorrect type in argument 3 (different modifiers)
kernel/time/posix-cpu-timers.c:1122:36:    expected unsigned long [nocast] [usertype] *stime
kernel/time/posix-cpu-timers.c:1122:36:    got unsigned long *<noident>
kernel/time/posix-cpu-timers.c:1122:36: warning: implicit cast to nocast type
kernel/time/posix-cpu-timers.c:225:24: warning: implicit cast to nocast type
kernel/time/posix-cpu-timers.c:226:24: warning: implicit cast to nocast type
kernel/time/posix-cpu-timers.c:1237:29: warning: implicit cast from nocast type
kernel/time/posix-cpu-timers.c:1241:44: warning: implicit cast to nocast type
kernel/time/posix-cpu-timers.c:1247:28: warning: implicit cast to nocast type
kernel/time/jiffies.c:108:20: warning: symbol 'refined_jiffies' was not declared. Should it be static?
lib/xz/xz_dec_stream.c:734:23: warning: function 'xz_dec_run' with external linkage has definition
lib/xz/xz_dec_stream.c:770:25: warning: function 'xz_dec_init' with external linkage has definition
lib/xz/xz_dec_stream.c:800:16: warning: function 'xz_dec_reset' with external linkage has definition
lib/xz/xz_dec_stream.c:812:16: warning: function 'xz_dec_end' with external linkage has definition
lib/xz/xz_dec_lzma2.c:931:23: warning: function 'xz_dec_lzma2_run' with external linkage has definition
lib/xz/xz_dec_lzma2.c:1108:31: warning: function 'xz_dec_lzma2_create' with external linkage has definition
lib/xz/xz_dec_lzma2.c:1132:23: warning: function 'xz_dec_lzma2_reset' with external linkage has definition
lib/xz/xz_dec_lzma2.c:1169:16: warning: function 'xz_dec_lzma2_end' with external linkage has definition
net/core/rtnetlink.c:2143:41: warning: Variable length array is used.
net/core/rtnetlink.c:2144:49: warning: Variable length array is used.
kernel/time/clockevents.c:694:17: warning: symbol 'clockevents_subsys' was not declared. Should it be static?
lib/xz/xz_dec_bcj.c:417:23: warning: function 'xz_dec_bcj_run' with external linkage has definition
lib/xz/xz_dec_bcj.c:527:29: warning: function 'xz_dec_bcj_create' with external linkage has definition
lib/xz/xz_dec_bcj.c:536:23: warning: function 'xz_dec_bcj_reset' with external linkage has definition
lib/xz/xz_dec_bcj.c:91:21: warning: Initializer entry defined twice
lib/xz/xz_dec_bcj.c:91:27:   also defined here
lib/compat_audit.c:5:10: warning: symbol 'compat_dir_class' was not declared. Should it be static?
lib/compat_audit.c:10:10: warning: symbol 'compat_read_class' was not declared. Should it be static?
lib/compat_audit.c:15:10: warning: symbol 'compat_write_class' was not declared. Should it be static?
lib/compat_audit.c:20:10: warning: symbol 'compat_chattr_class' was not declared. Should it be static?
lib/compat_audit.c:25:10: warning: symbol 'compat_signal_class' was not declared. Should it be static?
lib/compat_audit.c:30:5: warning: symbol 'audit_classify_compat_syscall' was not declared. Should it be static?
lib/swiotlb.c:243:1: warning: symbol 'swiotlb_late_init_with_default_size' was not declared. Should it be static?
net/core/filter.c:301:33: error: subtraction of functions? Share your drugs
net/core/filter.c:304:33: error: subtraction of functions? Share your drugs
net/core/filter.c:307:33: error: subtraction of functions? Share your drugs
net/core/filter.c:310:33: error: subtraction of functions? Share your drugs
net/core/filter.c:313:33: error: subtraction of functions? Share your drugs
net/core/filter.c:737:30: error: cannot size expression
lib/iommu-helper.c:9:5: warning: symbol 'iommu_is_span_boundary' was not declared. Should it be static?
lib/iommu-helper.c:19:15: warning: symbol 'iommu_area_alloc' was not declared. Should it be static?
net/core/net-sysfs.c:1467:19: warning: symbol 'of_find_net_device_by_node' was not declared. Should it be static?
drivers/base/dma-coherent.c:45:28: warning: incorrect type in assignment (different address spaces)
drivers/base/dma-coherent.c:45:28:    expected void *virt_base
drivers/base/dma-coherent.c:45:28:    got void [noderef] <asn:2>*[assigned] mem_base
drivers/base/dma-coherent.c:70:20: warning: incorrect type in argument 1 (different address spaces)
drivers/base/dma-coherent.c:70:20:    expected void volatile [noderef] <asn:2>*addr
drivers/base/dma-coherent.c:70:20:    got void *virt_base
drivers/base/firmware_class.c:272:9: warning: context imbalance in 'fw_free_buf' - wrong count at exit
kernel/futex.c:1173:9: warning: context imbalance in 'wake_futex_pi' - unexpected unlock
kernel/futex.c:1302:33: warning: context imbalance in 'futex_wake_op' - different lock contexts for basic block
kernel/futex.c:1581:41: warning: context imbalance in 'futex_requeue' - different lock contexts for basic block
kernel/futex.c:2069:13: warning: context imbalance in 'futex_wait_queue_me' - unexpected unlock
kernel/futex.c:2172:9: warning: context imbalance in 'futex_wait_setup' - different lock contexts for basic block
kernel/futex.c:2466:22: warning: context imbalance in 'futex_unlock_pi' - different lock contexts for basic block
kernel/futex.c:2627:29: warning: context imbalance in 'futex_wait_requeue_pi' - unexpected unlock
kernel/smp.c:561:13: warning: symbol 'smp_announce' was not declared. Should it be static?
lib/dec_and_lock.c:20:5: warning: context imbalance in '_atomic_dec_and_lock' - different lock contexts for basic block
kernel/module.c:359:6: error: symbol '__module_put_and_exit' redeclared with different type (originally declared at include/linux/module.h:567) - different modifiers
drivers/bus/arm-cci.c:636:16: error: return expression in void function
kernel/acct.c:562:32: warning: incorrect type in argument 2 (different modifiers)
kernel/acct.c:562:32:    expected unsigned long [nocast] [usertype] *utime
kernel/acct.c:562:32:    got unsigned long *<noident>
kernel/acct.c:562:32: warning: implicit cast to nocast type
kernel/acct.c:562:40: warning: incorrect type in argument 3 (different modifiers)
kernel/acct.c:562:40:    expected unsigned long [nocast] [usertype] *stime
kernel/acct.c:562:40:    got unsigned long *<noident>
kernel/acct.c:562:40: warning: implicit cast to nocast type
kernel/acct.c:190:12: warning: context imbalance in 'acct_on' - different lock contexts for basic block
kernel/acct.c:291:9: warning: context imbalance in 'SyS_acct' - different lock contexts for basic block
kernel/acct.c:294:6: warning: context imbalance in 'acct_exit_ns' - wrong count at exit
drivers/char/mem.c:223:12: warning: symbol 'phys_mem_access_prot_allowed' was not declared. Should it be static?
kernel/cgroup.c:3669:9: warning: context imbalance in 'css_task_iter_start' - wrong count at exit
kernel/cgroup.c:3716:6: warning: context imbalance in 'css_task_iter_end' - wrong count at exit
drivers/char/random.c:1844:6: warning: symbol 'add_hwgenerator_randomness' was not declared. Should it be static?
lib/decompress_unxz.c:251:17: warning: symbol 'unxz' was not declared. Should it be static?
kernel/stop_machine.c:488:36: warning: incorrect type in initializer (different address spaces)
kernel/stop_machine.c:488:36:    expected struct task_struct [noderef] <asn:3>**store
kernel/stop_machine.c:488:36:    got struct task_struct *static [noderef] [toplevel] <asn:3>*<noident>
drivers/clk/clk.c:3118:37: warning: incorrect type in assignment (different modifiers)
drivers/clk/clk.c:3118:37:    expected void ( *[usertype] clk_init_cb )( ... )
drivers/clk/clk.c:3118:37:    got void const *const data
drivers/clk/clk.c:113:22: warning: context imbalance in 'clk_enable_lock' - wrong count at exit
drivers/clk/clk.c:138:9: warning: context imbalance in 'clk_enable_unlock' - unexpected unlock
kernel/audit.c:1294:14: warning: symbol 'audit_serial' was not declared. Should it be static?
drivers/clocksource/clksrc-of.c:37:27: warning: incorrect type in assignment (different modifiers)
drivers/clocksource/clksrc-of.c:37:27:    expected void ( *[usertype] init_func )( ... )
drivers/clocksource/clksrc-of.c:37:27:    got void const *const data
drivers/clk/clk-divider.c:379:12: warning: context imbalance in 'clk_divider_set_rate' - different lock contexts for basic block
kernel/hung_task.c:24:19: warning: symbol 'sysctl_hung_task_check_count' was not declared. Should it be static?
kernel/hung_task.c:38:29: warning: symbol 'sysctl_hung_task_timeout_secs' was not declared. Should it be static?
kernel/hung_task.c:40:19: warning: symbol 'sysctl_hung_task_warnings' was not declared. Should it be static?
kernel/hung_task.c:50:28: warning: symbol 'sysctl_hung_task_panic' was not declared. Should it be static?
kernel/hung_task.c:197:5: warning: symbol 'proc_dohung_task_timeout_secs' was not declared. Should it be static?
kernel/watchdog.c:240:9: warning: expression using sizeof bool
kernel/watchdog.c:348:21: warning: expression using sizeof bool
kernel/watchdog.c:353:25: warning: expression using sizeof bool
kernel/watchdog.c:380:21: warning: expression using sizeof bool
kernel/watchdog.c:391:33: warning: expression using sizeof bool
kernel/watchdog.c:403:33: warning: expression using sizeof bool
kernel/watchdog.c:433:17: warning: expression using sizeof bool
kernel/watchdog.c:435:17: warning: expression using sizeof bool
kernel/watchdog.c:654:6: warning: symbol 'watchdog_nmi_enable_all' was not declared. Should it be static?
kernel/watchdog.c:655:6: warning: symbol 'watchdog_nmi_disable_all' was not declared. Should it be static?
kernel/watchdog.c:659:36: warning: incorrect type in initializer (different address spaces)
kernel/watchdog.c:659:36:    expected struct task_struct [noderef] <asn:3>**store
kernel/watchdog.c:659:36:    got struct task_struct *static [noderef] [toplevel] <asn:3>*<noident>
drivers/clk/clk-gate.c:71:9: warning: context imbalance in 'clk_gate_endisable' - different lock contexts for basic block
net/ipv4/inet_connection_sock.c:215:9: warning: context imbalance in 'inet_csk_get_port' - different lock contexts for basic block
kernel/delayacct.c:90:28: warning: incorrect type in argument 2 (different modifiers)
kernel/delayacct.c:90:28:    expected unsigned long [nocast] [usertype] *utime
kernel/delayacct.c:90:28:    got unsigned long *<noident>
kernel/delayacct.c:90:28: warning: implicit cast to nocast type
kernel/delayacct.c:90:36: warning: incorrect type in argument 3 (different modifiers)
kernel/delayacct.c:90:36:    expected unsigned long [nocast] [usertype] *stime
kernel/delayacct.c:90:36:    got unsigned long *<noident>
kernel/delayacct.c:90:36: warning: implicit cast to nocast type
kernel/delayacct.c:95:35: warning: incorrect type in argument 2 (different modifiers)
kernel/delayacct.c:95:35:    expected unsigned long [nocast] [usertype] *utimescaled
kernel/delayacct.c:95:35:    got unsigned long *<noident>
kernel/delayacct.c:95:35: warning: implicit cast to nocast type
kernel/delayacct.c:95:49: warning: incorrect type in argument 3 (different modifiers)
kernel/delayacct.c:95:49:    expected unsigned long [nocast] [usertype] *stimescaled
kernel/delayacct.c:95:49:    got unsigned long *<noident>
kernel/delayacct.c:95:49: warning: implicit cast to nocast type
include/net/sock.h:1513:31: warning: context imbalance in 'tcp_ioctl' - unexpected unlock
drivers/clk/clk-mux.c:69:12: warning: context imbalance in 'clk_mux_set_parent' - different lock contexts for basic block
kernel/tsacct.c:69:28: warning: incorrect type in argument 2 (different modifiers)
kernel/tsacct.c:69:28:    expected unsigned long [nocast] [usertype] *utime
kernel/tsacct.c:69:28:    got unsigned long *<noident>
kernel/tsacct.c:69:28: warning: implicit cast to nocast type
kernel/tsacct.c:69:36: warning: incorrect type in argument 3 (different modifiers)
kernel/tsacct.c:69:36:    expected unsigned long [nocast] [usertype] *stime
kernel/tsacct.c:69:36:    got unsigned long *<noident>
kernel/tsacct.c:69:36: warning: implicit cast to nocast type
kernel/tsacct.c:73:35: warning: incorrect type in argument 2 (different modifiers)
kernel/tsacct.c:73:35:    expected unsigned long [nocast] [usertype] *utimescaled
kernel/tsacct.c:73:35:    got unsigned long *<noident>
kernel/tsacct.c:73:35: warning: implicit cast to nocast type
kernel/tsacct.c:73:49: warning: incorrect type in argument 3 (different modifiers)
kernel/tsacct.c:73:49:    expected unsigned long [nocast] [usertype] *stimescaled
kernel/tsacct.c:73:49:    got unsigned long *<noident>
kernel/tsacct.c:73:49: warning: implicit cast to nocast type
kernel/tsacct.c:157:28: warning: incorrect type in argument 2 (different modifiers)
kernel/tsacct.c:157:28:    expected unsigned long [nocast] [usertype] *utime
kernel/tsacct.c:157:28:    got unsigned long *<noident>
kernel/tsacct.c:157:28: warning: implicit cast to nocast type
kernel/tsacct.c:157:36: warning: incorrect type in argument 3 (different modifiers)
kernel/tsacct.c:157:36:    expected unsigned long [nocast] [usertype] *stime
kernel/tsacct.c:157:36:    got unsigned long *<noident>
kernel/tsacct.c:157:36: warning: implicit cast to nocast type
kernel/tsacct.c:176:29: warning: implicit cast to nocast type
kernel/elfcore.c:6:17: warning: symbol 'elf_core_extra_phdrs' was not declared. Should it be static?
kernel/elfcore.c:11:12: warning: symbol 'elf_core_write_extra_phdrs' was not declared. Should it be static?
kernel/elfcore.c:16:12: warning: symbol 'elf_core_write_extra_data' was not declared. Should it be static?
kernel/elfcore.c:21:15: warning: symbol 'elf_core_extra_data_size' was not declared. Should it be static?
kernel/irq_work.c:52:13: warning: symbol 'arch_irq_work_raise' was not declared. Should it be static?
drivers/clk/clk-fractional-divider.c:36:9: warning: context imbalance in 'clk_fd_recalc_rate' - different lock contexts for basic block
drivers/clk/clk-fractional-divider.c:68:12: warning: context imbalance in 'clk_fd_set_rate' - different lock contexts for basic block
kernel/jump_label.c:402:23: warning: symbol 'jump_label_module_nb' was not declared. Should it be static?
drivers/cpuidle/dt_idle_states.c:40:27: warning: incorrect type in assignment (different modifiers)
drivers/cpuidle/dt_idle_states.c:40:27:    expected int ( *enter )( ... )
drivers/cpuidle/dt_idle_states.c:40:27:    got void const *const data
kernel/config_data.h:985:10: warning: trying to concatenate 31465-character string (8191 bytes max)
drivers/firmware/dmi_scan.c:145:13: warning: incorrect type in assignment (different address spaces)
drivers/firmware/dmi_scan.c:145:13:    expected unsigned char [usertype] *buf
drivers/firmware/dmi_scan.c:145:13:    got void [noderef] <asn:2>*
drivers/firmware/dmi_scan.c:153:9: warning: incorrect type in argument 1 (different address spaces)
drivers/firmware/dmi_scan.c:153:9:    expected void volatile [noderef] <asn:2>*addr
drivers/firmware/dmi_scan.c:153:9:    got unsigned char [usertype] *buf
drivers/firmware/dmi_scan.c:689:19: warning: incorrect type in assignment (different address spaces)
drivers/firmware/dmi_scan.c:689:19:    expected unsigned char [usertype] *dmi_table
drivers/firmware/dmi_scan.c:689:19:    got void [noderef] <asn:2>*
drivers/firmware/dmi_scan.c:708:9: warning: incorrect type in argument 1 (different address spaces)
drivers/firmware/dmi_scan.c:708:9:    expected void volatile [noderef] <asn:2>*addr
drivers/firmware/dmi_scan.c:708:9:    got unsigned char [usertype] *dmi_table
drivers/firmware/dmi_scan.c:983:13: warning: incorrect type in assignment (different address spaces)
drivers/firmware/dmi_scan.c:983:13:    expected unsigned char [usertype] *buf
drivers/firmware/dmi_scan.c:983:13:    got void [noderef] <asn:2>*
drivers/firmware/dmi_scan.c:989:9: warning: incorrect type in argument 1 (different address spaces)
drivers/firmware/dmi_scan.c:989:9:    expected void volatile [noderef] <asn:2>*addr
drivers/firmware/dmi_scan.c:989:9:    got unsigned char [usertype] *buf
drivers/clk/clk-xgene.c:52:16: error: return expression in void function
drivers/clk/clk-xgene.c:52:16: error: return expression in void function
drivers/clk/clk-xgene.c:52:16: error: return expression in void function
drivers/clk/clk-xgene.c:52:16: error: return expression in void function
drivers/clk/clk-xgene.c:52:16: error: return expression in void function
lib/vsprintf.c:697:18: warning: Variable length array is used.
lib/vsprintf.c:700:38: error: cannot size expression
drivers/gpio/gpiolib.c:1329:36: warning: Variable length array is used.
drivers/gpio/gpiolib.c:1330:36: warning: Variable length array is used.
drivers/gpio/gpiolib.c:1336:33: error: cannot size expression
drivers/clk/hisilicon/clkgate-separated.c:48:12: warning: context imbalance in 'clkgate_separated_enable' - different lock contexts for basic block
drivers/clk/hisilicon/clkgate-separated.c:77:9: warning: context imbalance in 'clkgate_separated_disable' - different lock contexts for basic block
drivers/clk/hisilicon/clkdivider-hi6220.c:102:12: warning: symbol 'hi6220_register_clkdiv' was not declared. Should it be static?
drivers/clk/hisilicon/clkdivider-hi6220.c:69:12: warning: context imbalance in 'hi6220_clkdiv_set_rate' - different lock contexts for basic block
drivers/firmware/efi/vars.c:415:33: warning: context imbalance in 'efivar_init' - different lock contexts for basic block
drivers/firmware/efi/vars.c:482:13: warning: context imbalance in 'efivar_entry_list_del_unlock' - unexpected unlock
drivers/firmware/efi/vars.c:531:5: warning: context imbalance in 'efivar_entry_delete' - wrong count at exit
drivers/firmware/efi/vars.c:844:5: warning: context imbalance in 'efivar_entry_set_get_size' - different lock contexts for basic block
drivers/firmware/efi/vars.c:924:6: warning: context imbalance in 'efivar_entry_iter_begin' - wrong count at exit
drivers/firmware/efi/vars.c:935:6: warning: context imbalance in 'efivar_entry_iter_end' - unexpected unlock
drivers/firmware/efi/runtime-wrappers.c:96:8: warning: symbol 'rtc_lock' was not declared. Should it be static?
fs/jbd/commit.c:108:28: warning: context imbalance in 'inverted_lock' - unexpected unlock
fs/jbd/commit.c:205:9: warning: context imbalance in 'journal_submit_data_buffers' - different lock contexts for basic block
fs/jbd/commit.c:456:9: warning: context imbalance in 'journal_commit_transaction' - different lock contexts for basic block
drivers/firmware/efi/libstub/arm-stub.c:167:15: warning: symbol 'efi_entry' was not declared. Should it be static?
include/linux/bit_spinlock.h:65:9: warning: context imbalance in '__try_to_free_cp_buf' - unexpected unlock
fs/jbd/checkpoint.c:155:36: warning: context imbalance in '__log_wait_for_space' - unexpected unlock
include/linux/bit_spinlock.h:65:9: warning: context imbalance in '__wait_cp_io' - unexpected unlock
fs/jbd/checkpoint.c:294:23: warning: context imbalance in '__process_buffer' - unexpected unlock
fs/jbd/checkpoint.c:439:20: warning: context imbalance in 'log_do_checkpoint' - unexpected unlock
fs/jbd/checkpoint.c:557:12: warning: context imbalance in 'journal_clean_one_cp_list' - different lock contexts for basic block
fs/jbd2/transaction.c:190:17: warning: context imbalance in 'add_transaction_credits' - unexpected unlock
fs/jbd2/transaction.c:300:9: warning: context imbalance in 'start_this_handle' - different lock contexts for basic block
fs/jbd2/transaction.c:1145:20: warning: context imbalance in 'jbd2_journal_get_create_access' - different lock contexts for basic block
net/ipv4/tcp_ipv4.c:1341:20: warning: context imbalance in 'tcp_v4_hnd_req' - different lock contexts for basic block
include/net/sock.h:521:54: warning: context imbalance in 'listening_get_next' - unexpected unlock
net/ipv4/tcp_ipv4.c:1952:9: warning: context imbalance in 'established_get_first' - wrong count at exit
net/ipv4/tcp_ipv4.c:1972:40: warning: context imbalance in 'established_get_next' - unexpected unlock
net/ipv4/tcp_ipv4.c:2102:69: warning: context imbalance in 'tcp_seq_stop' - unexpected unlock
net/ipv4/tcp_minisocks.c:830:9: warning: context imbalance in 'tcp_child_process' - unexpected unlock
fs/jbd2/checkpoint.c:146:36: warning: context imbalance in '__jbd2_log_wait_for_space' - unexpected unlock
net/ipv4/tcp_fastopen.c:218:9: warning: context imbalance in 'tcp_fastopen_create_child' - unexpected unlock
drivers/clk/samsung/clk-exynos7.c:810:33: warning: symbol 'fixed_rate_clks_fsys0' was not declared. Should it be static?
net/ipv4/raw.c:982:21: warning: context imbalance in 'raw_seq_start' - wrong count at exit
net/ipv4/raw.c:999:6: warning: context imbalance in 'raw_seq_stop' - unexpected unlock
include/net/sock.h:1513:31: warning: context imbalance in 'first_packet_length' - unexpected unlock
include/net/sock.h:1513:31: warning: context imbalance in 'udp_recvmsg' - unexpected unlock
include/net/sock.h:1513:31: warning: context imbalance in 'udp_destroy_sock' - unexpected unlock
net/ipv4/udp.c:2303:9: warning: context imbalance in 'udp_get_first' - wrong count at exit
net/ipv4/udp.c:2317:39: warning: context imbalance in 'udp_get_next' - unexpected unlock
net/ipv4/udp.c:2359:31: warning: context imbalance in 'udp_seq_stop' - unexpected unlock
net/ipv4/icmp.c:387:13: warning: context imbalance in 'icmp_reply' - different lock contexts for basic block
net/ipv4/icmp.c:707:9: warning: context imbalance in 'icmp_send' - different lock contexts for basic block
drivers/clk/tegra/clk-divider.c:141:9: warning: context imbalance in 'clk_frac_div_set_rate' - different lock contexts for basic block
net/ipv4/igmp.c:2775:31: warning: context imbalance in 'igmp_mcf_get_next' - unexpected unlock
net/ipv4/igmp.c:2803:9: warning: context imbalance in 'igmp_mcf_get_idx' - wrong count at exit
net/ipv4/igmp.c:2820:9: warning: context imbalance in 'igmp_mcf_seq_next' - wrong count at exit
net/ipv4/igmp.c:2832:9: warning: context imbalance in 'igmp_mcf_seq_stop' - unexpected unlock
drivers/clk/tegra/clk-pll.c:326:12: warning: context imbalance in 'clk_pll_enable' - different lock contexts for basic block
drivers/clk/tegra/clk-pll.c:355:9: warning: context imbalance in 'clk_pll_disable' - different lock contexts for basic block
drivers/clk/tegra/clk-pll.c:623:9: warning: context imbalance in 'clk_pll_set_rate' - different lock contexts for basic block
drivers/clk/tegra/clk-pll.c:874:12: warning: context imbalance in 'clk_pll_iddq_enable' - different lock contexts for basic block
drivers/clk/tegra/clk-pll.c:916:9: warning: context imbalance in 'clk_pll_iddq_disable' - different lock contexts for basic block
drivers/clk/tegra/clk-pll.c:1001:9: warning: context imbalance in 'clk_pllxc_set_rate' - different lock contexts for basic block
drivers/clk/tegra/clk-pll.c:1056:9: warning: context imbalance in 'clk_pllm_set_rate' - different lock contexts for basic block
drivers/clk/tegra/clk-pll.c:1072:12: warning: context imbalance in 'clk_pllc_enable' - different lock contexts for basic block
drivers/clk/tegra/clk-pll.c:1123:9: warning: context imbalance in 'clk_pllc_disable' - different lock contexts for basic block
drivers/clk/tegra/clk-pll.c:1203:9: warning: context imbalance in 'clk_pllc_set_rate' - different lock contexts for basic block
drivers/clk/tegra/clk-pll.c:1258:9: warning: context imbalance in 'clk_pllre_set_rate' - different lock contexts for basic block
drivers/clk/tegra/clk-pll.c:1390:9: warning: context imbalance in 'clk_plle_tegra114_enable' - different lock contexts for basic block
drivers/clk/tegra/clk-pll.c:1409:9: warning: context imbalance in 'clk_plle_tegra114_disable' - different lock contexts for basic block
net/ipv4/ping.c:62:19: warning: symbol 'pingv6_ops' was not declared. Should it be static?
net/ipv4/ping.c:1072:21: warning: context imbalance in 'ping_seq_start' - wrong count at exit
net/ipv4/ping.c:1095:6: warning: context imbalance in 'ping_seq_stop' - unexpected unlock
drivers/clk/tegra/clk-pll-out.c:42:12: warning: context imbalance in 'clk_pll_out_enable' - different lock contexts for basic block
drivers/clk/tegra/clk-pll-out.c:80:9: warning: context imbalance in 'clk_pll_out_disable' - different lock contexts for basic block
drivers/clk/tegra/clk-super.c:122:9: warning: context imbalance in 'clk_super_set_parent' - different lock contexts for basic block
drivers/input/mousedev.c:680:21: warning: incorrect type in initializer (different modifiers)
drivers/input/mousedev.c:680:21:    expected char [noderef] <asn:1>*__p
drivers/input/mousedev.c:680:21:    got char const [noderef] <asn:1>*
drivers/clk/tegra/clk-tegra124.c:1451:6: warning: symbol 'tegra124_clock_assert_dfll_dvco_reset' was not declared. Should it be static?
drivers/clk/tegra/clk-tegra124.c:1467:6: warning: symbol 'tegra124_clock_deassert_dfll_dvco_reset' was not declared. Should it be static?
drivers/clk/tegra/clk-tegra124.c:1477:5: warning: symbol 'tegra124_reset_assert' was not declared. Should it be static?
drivers/clk/tegra/clk-tegra124.c:1487:5: warning: symbol 'tegra124_reset_deassert' was not declared. Should it be static?
net/ipv4/ipconfig.c:139:8: warning: symbol 'ic_addrservaddr' was not declared. Should it be static?
net/netlink/af_netlink.c:2974:12: warning: context imbalance in 'netlink_walk_start' - different lock contexts for basic block
net/netlink/af_netlink.c:2988:13: warning: context imbalance in 'netlink_walk_stop' - unexpected unlock
drivers/input/mouse/synaptics.c:889:77: warning: dubious: !x | y
drivers/irqchip/irq-tegra.c:94:31: warning: incorrect type in initializer (different address spaces)
drivers/irqchip/irq-tegra.c:94:31:    expected void [noderef] <asn:2>*base
drivers/irqchip/irq-tegra.c:94:31:    got void *chip_data
drivers/irqchip/irq-tegra.c:94:31: warning: incorrect type in initializer (different address spaces)
drivers/irqchip/irq-tegra.c:94:31:    expected void [noderef] <asn:2>*base
drivers/irqchip/irq-tegra.c:94:31:    got void *chip_data
drivers/irqchip/irq-tegra.c:94:31: warning: incorrect type in initializer (different address spaces)
drivers/irqchip/irq-tegra.c:94:31:    expected void [noderef] <asn:2>*base
drivers/irqchip/irq-tegra.c:94:31:    got void *chip_data
drivers/irqchip/irq-tegra.c:94:31: warning: incorrect type in initializer (different address spaces)
drivers/irqchip/irq-tegra.c:94:31:    expected void [noderef] <asn:2>*base
drivers/irqchip/irq-tegra.c:94:31:    got void *chip_data
drivers/irqchip/irq-tegra.c:267:57: warning: incorrect type in argument 5 (different address spaces)
drivers/irqchip/irq-tegra.c:267:57:    expected void *chip_data
drivers/irqchip/irq-tegra.c:267:57:    got void [noderef] <asn:2>*<noident>
drivers/irqchip/irq-gic-v2m.c:315:12: warning: symbol 'gicv2m_of_init' was not declared. Should it be static?
drivers/input/mouse/focaltech.c:393:6: warning: symbol 'focaltech_set_resolution' was not declared. Should it be static?
include/linux/bottom_half.h:31:30: warning: context imbalance in 'packet_direct_xmit' - different lock contexts for basic block
net/sched/sch_generic.c:149:5: warning: context imbalance in 'sch_direct_xmit' - unexpected unlock
net/unix/af_unix.c:953:13: warning: context imbalance in 'unix_state_double_lock' - wrong count at exit
net/unix/af_unix.c:971:17: warning: context imbalance in 'unix_state_double_unlock' - unexpected unlock
net/unix/af_unix.c:1061:54: warning: context imbalance in 'unix_wait_for_peer' - unexpected unlock
net/unix/af_unix.c:1240:9: warning: context imbalance in 'unix_stream_connect' - different lock contexts for basic block
net/unix/af_unix.c:1623:9: warning: context imbalance in 'unix_dgram_sendmsg' - different lock contexts for basic block
net/compat.c:61:27: warning: incorrect type in assignment (different address spaces)
net/compat.c:61:27:    expected void *msg_control
net/compat.c:61:27:    got void [noderef] <asn:1>*
net/compat.c:141:22: warning: cast removes address space of expression
net/compat.c:169:22: warning: cast removes address space of expression
net/compat.c:348:54: warning: incorrect type in argument 4 (different address spaces)
net/compat.c:348:54:    expected char [noderef] <asn:1>*optval
net/compat.c:348:54:    got char *<noident>
net/compat.c:409:54: warning: incorrect type in argument 4 (different address spaces)
net/compat.c:409:54:    expected char [noderef] <asn:1>*optval
net/compat.c:409:54:    got char *<noident>
net/compat.c:409:71: warning: incorrect type in argument 5 (different address spaces)
net/compat.c:409:71:    expected int [noderef] <asn:1>*optlen
net/compat.c:409:71:    got int *<noident>
net/compat.c:552:57: warning: cast removes address space of expression
net/compat.c:552:57: warning: incorrect type in initializer (different address spaces)
net/compat.c:552:57:    expected struct compat_group_req [noderef] <asn:1>*gr32
net/compat.c:552:57:    got void *<noident>
net/compat.c:573:65: warning: cast removes address space of expression
net/compat.c:573:65: warning: incorrect type in initializer (different address spaces)
net/compat.c:573:65:    expected struct compat_group_source_req [noderef] <asn:1>*gsr32
net/compat.c:573:65:    got void *<noident>
net/compat.c:594:60: warning: cast removes address space of expression
net/compat.c:594:60: warning: incorrect type in initializer (different address spaces)
net/compat.c:594:60:    expected struct compat_group_filter [noderef] <asn:1>*gf32
net/compat.c:594:60:    got void *<noident>
net/compat.c:632:52: warning: cast removes address space of expression
net/compat.c:632:52: warning: incorrect type in initializer (different address spaces)
net/compat.c:632:52:    expected struct compat_group_filter [noderef] <asn:1>*gf32
net/compat.c:632:52:    got void *<noident>
net/xfrm/xfrm_policy.c:110:9: warning: context imbalance in 'xfrm_policy_get_afinfo' - different lock contexts for basic block
net/xfrm/xfrm_policy.c:113:13: warning: context imbalance in 'xfrm_policy_put_afinfo' - unexpected unlock
fs/nfs/super.c:2818:14: warning: symbol 'nfs_idmap_cache_timeout' was not declared. Should it be static?
net/xfrm/xfrm_state.c:1948:9: warning: context imbalance in 'xfrm_state_get_afinfo' - different lock contexts for basic block
net/xfrm/xfrm_state.c:1951:6: warning: context imbalance in 'xfrm_state_put_afinfo' - unexpected unlock
net/xfrm/xfrm_input.c:73:9: warning: context imbalance in 'xfrm_input_get_afinfo' - different lock contexts for basic block
net/xfrm/xfrm_input.c:76:13: warning: context imbalance in 'xfrm_input_put_afinfo' - unexpected unlock
net/sunrpc/sysctl.c:28:17: warning: symbol 'rpc_debug' was not declared. Should it be static?
net/sunrpc/sysctl.c:31:17: warning: symbol 'nfs_debug' was not declared. Should it be static?
net/sunrpc/sysctl.c:34:17: warning: symbol 'nfsd_debug' was not declared. Should it be static?
net/sunrpc/sysctl.c:37:17: warning: symbol 'nlm_debug' was not declared. Should it be static?
drivers/of/fdt.c:832:46: warning: incorrect type in argument 2 (different modifiers)
drivers/of/fdt.c:832:46:    expected int ( *setup )( ... )
drivers/of/fdt.c:832:46:    got void const *const data
fs/notify/fdinfo.c:51:87: warning: Using plain integer as NULL pointer
fs/notify/fdinfo.c:94:6: warning: symbol 'inotify_show_fdinfo' was not declared. Should it be static?
fs/notify/fdinfo.c:132:6: warning: symbol 'fanotify_show_fdinfo' was not declared. Should it be static?
drivers/pci/pci.c:4461:1: warning: symbol 'bus_attr_resource_alignment' was not declared. Should it be static?
fs/notify/fanotify/fanotify.c:266:27: warning: symbol 'fanotify_fsnotify_ops' was not declared. Should it be static?
drivers/of/of_reserved_mem.c:30:19: warning: symbol 'early_init_dt_alloc_reserved_memory_arch' was not declared. Should it be static?
drivers/of/of_reserved_mem.c:185:50: warning: incorrect type in initializer (different modifiers)
drivers/of/of_reserved_mem.c:185:50:    expected int ( *[usertype] initfn )( ... )
drivers/of/of_reserved_mem.c:185:50:    got void const *const data
fs/notify/fanotify/fanotify_user.c:93:71: warning: restricted fmode_t degrades to integer
fs/notify/fanotify/fanotify_user.c:724:28: warning: restricted fmode_t degrades to integer
drivers/power/reset/vexpress-poweroff.c:77:1: warning: symbol 'dev_attr_active' was not declared. Should it be static?
drivers/power/reset/xgene-reboot.c:52:9: warning: incorrect type in argument 2 (different address spaces)
drivers/power/reset/xgene-reboot.c:52:9:    expected void volatile [noderef] <asn:2>*addr
drivers/power/reset/xgene-reboot.c:52:9:    got void *csr
drivers/power/reset/xgene-reboot.c:71:18: warning: incorrect type in assignment (different address spaces)
drivers/power/reset/xgene-reboot.c:71:18:    expected void *csr
drivers/power/reset/xgene-reboot.c:71:18:    got void [noderef] <asn:2>*
fs/proc/task_mmu.c:568:18: error: bad integer constant expression
fs/proc/task_mmu.c:569:18: error: bad integer constant expression
fs/proc/task_mmu.c:570:18: error: bad integer constant expression
fs/proc/task_mmu.c:571:18: error: bad integer constant expression
fs/proc/task_mmu.c:572:18: error: bad integer constant expression
fs/proc/task_mmu.c:573:18: error: bad integer constant expression
fs/proc/task_mmu.c:574:18: error: bad integer constant expression
fs/proc/task_mmu.c:575:18: error: bad integer constant expression
fs/proc/task_mmu.c:576:18: error: bad integer constant expression
fs/proc/task_mmu.c:577:18: error: bad integer constant expression
fs/proc/task_mmu.c:578:18: error: bad integer constant expression
fs/proc/task_mmu.c:582:18: error: bad integer constant expression
fs/proc/task_mmu.c:583:18: error: bad integer constant expression
fs/proc/task_mmu.c:584:18: error: bad integer constant expression
fs/proc/task_mmu.c:585:18: error: bad integer constant expression
fs/proc/task_mmu.c:586:18: error: bad integer constant expression
fs/proc/task_mmu.c:587:18: error: bad integer constant expression
fs/proc/task_mmu.c:588:18: error: bad integer constant expression
fs/proc/task_mmu.c:589:18: error: bad integer constant expression
fs/proc/task_mmu.c:590:18: error: bad integer constant expression
fs/proc/task_mmu.c:591:18: error: bad integer constant expression
fs/proc/task_mmu.c:592:18: error: bad integer constant expression
fs/proc/task_mmu.c:596:18: error: bad integer constant expression
fs/proc/task_mmu.c:597:18: error: bad integer constant expression
fs/proc/task_mmu.c:598:18: error: bad integer constant expression
fs/proc/task_mmu.c:599:18: error: bad integer constant expression
fs/proc/task_mmu.c:600:18: error: bad integer constant expression
fs/proc/task_mmu.c:601:18: error: bad integer constant expression
fs/proc/array.c:409:43: warning: implicit cast to nocast type
fs/proc/array.c:410:26: warning: implicit cast to nocast type
fs/proc/array.c:443:62: warning: incorrect type in argument 2 (different modifiers)
fs/proc/array.c:443:62:    expected unsigned long [nocast] [usertype] *ut
fs/proc/array.c:443:62:    got unsigned long *<noident>
fs/proc/array.c:443:62: warning: implicit cast to nocast type
fs/proc/array.c:443:70: warning: incorrect type in argument 3 (different modifiers)
fs/proc/array.c:443:70:    expected unsigned long [nocast] [usertype] *st
fs/proc/array.c:443:70:    got unsigned long *<noident>
fs/proc/array.c:443:70: warning: implicit cast to nocast type
fs/proc/array.c:459:46: warning: incorrect type in argument 2 (different modifiers)
fs/proc/array.c:459:46:    expected unsigned long [nocast] [usertype] *ut
fs/proc/array.c:459:46:    got unsigned long *<noident>
fs/proc/array.c:459:46: warning: implicit cast to nocast type
fs/proc/array.c:459:54: warning: incorrect type in argument 3 (different modifiers)
fs/proc/array.c:459:54:    expected unsigned long [nocast] [usertype] *st
fs/proc/array.c:459:54:    got unsigned long *<noident>
fs/proc/array.c:459:54: warning: implicit cast to nocast type
drivers/pci/pci-sysfs.c:1206:12: warning: symbol 'pci_create_resource_files' was not declared. Should it be static?
drivers/pci/pci-sysfs.c:1207:13: warning: symbol 'pci_remove_resource_files' was not declared. Should it be static?
fs/proc/fd.c:106:55: warning: incorrect type in initializer (different base types)
fs/proc/fd.c:106:55:    expected unsigned int [unsigned] f_mode
fs/proc/fd.c:106:55:    got restricted fmode_t [usertype] f_mode
fs/proc/fd.c:124:54: warning: restricted fmode_t degrades to integer
fs/proc/fd.c:126:54: warning: restricted fmode_t degrades to integer
fs/proc/proc_tty.c:175:13: warning: symbol 'proc_tty_init' was not declared. Should it be static?
drivers/pci/rom.c:225:36: warning: incorrect type in return expression (different address spaces)
drivers/pci/rom.c:225:36:    expected void [noderef] <asn:2>*
drivers/pci/rom.c:225:36:    got void *
drivers/pinctrl/samsung/pinctrl-exynos.c:358:5: warning: symbol 'exynos_get_eint_wake_mask' was not declared. Should it be static?
drivers/ras/debugfs.c:7:5: warning: symbol 'ras_userspace_consumers' was not declared. Should it be static?
drivers/ras/debugfs.c:37:12: warning: symbol 'ras_add_daemon_trace' was not declared. Should it be static?
drivers/ras/debugfs.c:53:13: warning: symbol 'ras_debugfs_init' was not declared. Should it be static?
fs/proc/meminfo.c:22:28: warning: symbol 'arch_report_meminfo' was not declared. Should it be static?
drivers/pci/host/pci-xgene.c:341:9: warning: incorrect type in argument 2 (different address spaces)
drivers/pci/host/pci-xgene.c:341:9:    expected void volatile [noderef] <asn:2>*addr
drivers/pci/host/pci-xgene.c:341:9:    got void *addr
drivers/pci/host/pci-xgene.c:342:9: warning: incorrect type in argument 2 (different address spaces)
drivers/pci/host/pci-xgene.c:342:9:    expected void volatile [noderef] <asn:2>*addr
drivers/pci/host/pci-xgene.c:342:9:    got void *
drivers/pci/host/pci-xgene.c:343:9: warning: incorrect type in argument 2 (different address spaces)
drivers/pci/host/pci-xgene.c:343:9:    expected void volatile [noderef] <asn:2>*addr
drivers/pci/host/pci-xgene.c:343:9:    got void *
drivers/pci/host/pci-xgene.c:344:9: warning: incorrect type in argument 2 (different address spaces)
drivers/pci/host/pci-xgene.c:344:9:    expected void volatile [noderef] <asn:2>*addr
drivers/pci/host/pci-xgene.c:344:9:    got void *
drivers/pci/host/pci-xgene.c:399:26: warning: incorrect type in assignment (different address spaces)
drivers/pci/host/pci-xgene.c:399:26:    expected void *bar_addr
drivers/pci/host/pci-xgene.c:399:26:    got void [noderef] <asn:2>*
drivers/pci/host/pci-xgene.c:400:17: warning: incorrect type in argument 2 (different address spaces)
drivers/pci/host/pci-xgene.c:400:17:    expected void volatile [noderef] <asn:2>*addr
drivers/pci/host/pci-xgene.c:400:17:    got void *bar_addr
drivers/pci/host/pci-xgene.c:401:17: warning: incorrect type in argument 2 (different address spaces)
drivers/pci/host/pci-xgene.c:401:17:    expected void volatile [noderef] <asn:2>*addr
drivers/pci/host/pci-xgene.c:401:17:    got void *
drivers/pci/host/pci-xgene.c:402:26: warning: incorrect type in assignment (different address spaces)
drivers/pci/host/pci-xgene.c:402:26:    expected void *pim_addr
drivers/pci/host/pci-xgene.c:402:26:    got void [noderef] <asn:2>*
drivers/pci/host/pci-xgene.c:405:26: warning: incorrect type in assignment (different address spaces)
drivers/pci/host/pci-xgene.c:405:26:    expected void *bar_addr
drivers/pci/host/pci-xgene.c:405:26:    got void [noderef] <asn:2>*
drivers/pci/host/pci-xgene.c:406:17: warning: incorrect type in argument 2 (different address spaces)
drivers/pci/host/pci-xgene.c:406:17:    expected void volatile [noderef] <asn:2>*addr
drivers/pci/host/pci-xgene.c:406:17:    got void *bar_addr
drivers/pci/host/pci-xgene.c:408:26: warning: incorrect type in assignment (different address spaces)
drivers/pci/host/pci-xgene.c:408:26:    expected void *pim_addr
drivers/pci/host/pci-xgene.c:408:26:    got void [noderef] <asn:2>*
drivers/pci/host/pci-xgene.c:411:26: warning: incorrect type in assignment (different address spaces)
drivers/pci/host/pci-xgene.c:411:26:    expected void *bar_addr
drivers/pci/host/pci-xgene.c:411:26:    got void [noderef] <asn:2>*
drivers/pci/host/pci-xgene.c:412:17: warning: incorrect type in argument 2 (different address spaces)
drivers/pci/host/pci-xgene.c:412:17:    expected void volatile [noderef] <asn:2>*addr
drivers/pci/host/pci-xgene.c:412:17:    got void *bar_addr
drivers/pci/host/pci-xgene.c:413:17: warning: incorrect type in argument 2 (different address spaces)
drivers/pci/host/pci-xgene.c:413:17:    expected void volatile [noderef] <asn:2>*addr
drivers/pci/host/pci-xgene.c:413:17:    got void *
drivers/pci/host/pci-xgene.c:416:26: warning: incorrect type in assignment (different address spaces)
drivers/pci/host/pci-xgene.c:416:26:    expected void *pim_addr
drivers/pci/host/pci-xgene.c:416:26:    got void [noderef] <asn:2>*
drivers/pci/pcie/portdrv_core.c:22:6: warning: symbol 'pciehp_msi_disabled' was not declared. Should it be static?
fs/signalfd.c:107:25: warning: cast removes address space of expression
fs/signalfd.c:115:24: warning: cast removes address space of expression
fs/signalfd.c:141:24: warning: cast removes address space of expression
fs/signalfd.c:150:24: warning: cast removes address space of expression
drivers/pci/msi.c:35:19: warning: symbol 'arch_get_pci_msi_domain' was not declared. Should it be static?
drivers/pci/msi.c:80:23: warning: symbol 'pcibios_msi_controller' was not declared. Should it be static?
fs/compat.c:57:5: warning: symbol 'compat_log' was not declared. Should it be static?
fs/compat.c:1234:5: warning: symbol 'compat_core_sys_select' was not declared. Should it be static?
fs/compat_ioctl.c:359:21: warning: Using plain integer as NULL pointer
fs/compat_ioctl.c:397:21: warning: Using plain integer as NULL pointer
fs/compat_ioctl.c:625:31: warning: incorrect type in assignment (different address spaces)
fs/compat_ioctl.c:625:31:    expected unsigned char *[addressable] iomem_base
fs/compat_ioctl.c:625:31:    got void [noderef] <asn:1>*
fs/compat_ioctl.c:708:21: warning: incorrect type in initializer (different address spaces)
fs/compat_ioctl.c:708:21:    expected unsigned char [usertype] *__pu_val
fs/compat_ioctl.c:708:21:    got void [noderef] <asn:1>*
fs/binfmt_elf.c:1418:34: warning: incorrect type in argument 2 (different modifiers)
fs/binfmt_elf.c:1418:34:    expected unsigned long [nocast] [usertype] *utime
fs/binfmt_elf.c:1418:34:    got unsigned long *<noident>
fs/binfmt_elf.c:1418:34: warning: implicit cast to nocast type
fs/binfmt_elf.c:1418:42: warning: incorrect type in argument 3 (different modifiers)
fs/binfmt_elf.c:1418:42:    expected unsigned long [nocast] [usertype] *stime
fs/binfmt_elf.c:1418:42:    got unsigned long *<noident>
fs/binfmt_elf.c:1418:42: warning: implicit cast to nocast type
drivers/tty/tty_io.c:119:17: warning: too long initializer-string for array of char
fs/binfmt_elf.c:1418:34: warning: incorrect type in argument 2 (different modifiers)
fs/binfmt_elf.c:1418:34:    expected unsigned long [nocast] [usertype] *utime
fs/binfmt_elf.c:1418:34:    got unsigned long *<noident>
fs/binfmt_elf.c:1418:34: warning: implicit cast to nocast type
fs/binfmt_elf.c:1418:42: warning: incorrect type in argument 3 (different modifiers)
fs/binfmt_elf.c:1418:42:    expected unsigned long [nocast] [usertype] *stime
fs/binfmt_elf.c:1418:42:    got unsigned long *<noident>
fs/binfmt_elf.c:1418:42: warning: implicit cast to nocast type
fs/mbcache.c:754:53: warning: context imbalance in '__mb_cache_entry_find' - unexpected unlock
fs/mbcache.c:801:9: warning: context imbalance in 'mb_cache_entry_find_first' - different lock contexts for basic block
include/linux/bit_spinlock.h:34:9: warning: context imbalance in 'mb_cache_entry_find_next' - wrong count at exit
drivers/soc/tegra/pmc.c:732:6: warning: symbol 'tegra_pmc_init_tsense_reset' was not declared. Should it be static?
fs/coredump.c:47:5: warning: symbol 'core_uses_pid' was not declared. Should it be static?
fs/coredump.c:48:14: warning: symbol 'core_pipe_limit' was not declared. Should it be static?
fs/coredump.c:49:6: warning: symbol 'core_pattern' was not declared. Should it be static?
include/linux/sched.h:2700:37: warning: context imbalance in 'zap_threads' - different lock contexts for basic block
drivers/tty/n_tty.c:172:33: warning: incorrect type in argument 2 (different address spaces)
drivers/tty/n_tty.c:172:33:    expected unsigned char *data
drivers/tty/n_tty.c:172:33:    got void [noderef] <asn:1>*to
drivers/tty/n_tty.c:172:33: warning: incorrect type in argument 2 (different address spaces)
drivers/tty/n_tty.c:172:33:    expected unsigned char *data
drivers/tty/n_tty.c:172:33:    got void [noderef] <asn:1>*to
drivers/tty/n_tty.c:172:33: warning: incorrect type in argument 2 (different address spaces)
drivers/tty/n_tty.c:172:33:    expected unsigned char *data
drivers/tty/n_tty.c:172:33:    got void [noderef] <asn:1>*to
drivers/scsi/scsi_lib.c:500:6: warning: symbol 'scsi_requeue_run_queue' was not declared. Should it be static?
drivers/scsi/scsi_lib.c:2727:6: warning: symbol 'scsi_evt_thread' was not declared. Should it be static?
include/asm-generic/termios.h:24:13: warning: incorrect type in initializer (different modifiers)
include/asm-generic/termios.h:24:13:    expected unsigned short [noderef] <asn:1>*__p
include/asm-generic/termios.h:24:13:    got unsigned short const [noderef] <asn:1>*<noident>
include/asm-generic/termios.h:28:13: warning: incorrect type in initializer (different modifiers)
include/asm-generic/termios.h:28:13:    expected unsigned short [noderef] <asn:1>*__p
include/asm-generic/termios.h:28:13:    got unsigned short const [noderef] <asn:1>*<noident>
include/asm-generic/termios.h:32:13: warning: incorrect type in initializer (different modifiers)
include/asm-generic/termios.h:32:13:    expected unsigned short [noderef] <asn:1>*__p
include/asm-generic/termios.h:32:13:    got unsigned short const [noderef] <asn:1>*<noident>
include/asm-generic/termios.h:36:13: warning: incorrect type in initializer (different modifiers)
include/asm-generic/termios.h:36:13:    expected unsigned short [noderef] <asn:1>*__p
include/asm-generic/termios.h:36:13:    got unsigned short const [noderef] <asn:1>*<noident>
include/asm-generic/termios.h:40:13: warning: incorrect type in initializer (different modifiers)
include/asm-generic/termios.h:40:13:    expected unsigned char [noderef] <asn:1>*__p
include/asm-generic/termios.h:40:13:    got unsigned char const [noderef] <asn:1>*<noident>
drivers/scsi/scsi_sysfs.c:201:25: warning: symbol 'dev_attr_hstate' was not declared. Should it be static?
drivers/scsi/scsi_sysfs.c:376:24: warning: symbol 'scsi_shost_attr_group' was not declared. Should it be static?
drivers/tty/sysrq.c:1078:21: warning: incorrect type in initializer (different modifiers)
drivers/tty/sysrq.c:1078:21:    expected char [noderef] <asn:1>*__p
drivers/tty/sysrq.c:1078:21:    got char const [noderef] <asn:1>*buf
drivers/tty/serial/serial_core.c:683:29: warning: incorrect type in assignment (different base types)
drivers/tty/serial/serial_core.c:683:29:    expected int [signed] flags
drivers/tty/serial/serial_core.c:683:29:    got restricted upf_t [usertype] flags
drivers/tty/serial/serial_core.c:757:19: warning: incorrect type in assignment (different base types)
drivers/tty/serial/serial_core.c:757:19:    expected restricted upf_t [usertype] new_flags
drivers/tty/serial/serial_core.c:757:19:    got int [signed] flags
drivers/tty/serial/8250/8250_core.c:3411:39: warning: context imbalance in 'serial8250_console_write' - unexpected unlock
drivers/tty/serial/amba-pl011.c:2101:28: warning: context imbalance in 'pl011_console_write' - unexpected unlock
drivers/tty/serial/msm_serial.c:155:36: warning: context imbalance in 'handle_rx_dm' - unexpected unlock
drivers/tty/serial/msm_serial.c:215:28: warning: context imbalance in 'handle_rx' - unexpected unlock
drivers/tty/vt/vt.c:229:5: warning: symbol 'console_blank_hook' was not declared. Should it be static?
drivers/tty/vt/vt.c:2497:19: warning: symbol 'console_driver' was not declared. Should it be static?
drivers/tty/vt/consolemap_deftbl.c:10:4: warning: symbol 'dfont_unicount' was not declared. Should it be static?
drivers/tty/vt/consolemap_deftbl.c:46:5: warning: symbol 'dfont_unitable' was not declared. Should it be static?
drivers/tty/vt/defkeymap.c:27:9: warning: symbol 'shift_map' was not declared. Should it be static?
drivers/tty/vt/defkeymap.c:46:9: warning: symbol 'altgr_map' was not declared. Should it be static?
drivers/tty/vt/defkeymap.c:65:9: warning: symbol 'ctrl_map' was not declared. Should it be static?
drivers/tty/vt/defkeymap.c:84:9: warning: symbol 'shift_ctrl_map' was not declared. Should it be static?
drivers/tty/vt/defkeymap.c:103:9: warning: symbol 'alt_map' was not declared. Should it be static?
drivers/tty/vt/defkeymap.c:122:9: warning: symbol 'ctrl_alt_map' was not declared. Should it be static?
drivers/tty/vt/defkeymap.c:148:14: warning: symbol 'keymap_count' was not declared. Should it be static?
drivers/tty/vt/defkeymap.c:156:6: warning: symbol 'func_buf' was not declared. Should it be static?
drivers/tty/vt/defkeymap.c:187:6: warning: symbol 'funcbufptr' was not declared. Should it be static?
drivers/tty/vt/defkeymap.c:188:5: warning: symbol 'funcbufsize' was not declared. Should it be static?
drivers/tty/vt/defkeymap.c:189:5: warning: symbol 'funcbufleft' was not declared. Should it be static?
drivers/tty/vt/defkeymap.c:191:6: warning: symbol 'func_table' was not declared. Should it be static?
drivers/tty/vt/defkeymap.c:225:18: warning: symbol 'accent_table' was not declared. Should it be static?
drivers/tty/vt/defkeymap.c:262:14: warning: symbol 'accent_table_size' was not declared. Should it be static?
drivers/tty/serial/of_serial.c:33:6: warning: symbol 'tegra_serial_handle_break' was not declared. Should it be static?
drivers/tty/serial/xilinx_uartps.c:479:28: warning: context imbalance in 'cdns_uart_clk_notifier_cb' - different lock contexts for basic block
drivers/tty/serial/xilinx_uartps.c:1137:9: warning: context imbalance in 'cdns_uart_console_write' - different lock contexts for basic block
drivers/usb/host/ohci-hub.c:265:9: warning: context imbalance in 'ohci_rh_resume' - different lock contexts for basic block
drivers/video/fbdev/amba-clcd.c:764:28: warning: incorrect type in assignment (different address spaces)
drivers/video/fbdev/amba-clcd.c:764:28:    expected char [noderef] <asn:2>*screen_base
drivers/video/fbdev/amba-clcd.c:764:28:    got void *
drivers/video/fbdev/amba-clcd.c:777:64: warning: incorrect type in argument 3 (different address spaces)
drivers/video/fbdev/amba-clcd.c:777:64:    expected void *cpu_addr
drivers/video/fbdev/amba-clcd.c:777:64:    got char [noderef] <asn:2>*screen_base
drivers/video/fbdev/amba-clcd.c:783:9: warning: incorrect type in argument 3 (different address spaces)
drivers/video/fbdev/amba-clcd.c:783:9:    expected void *vaddr
drivers/video/fbdev/amba-clcd.c:783:9:    got char [noderef] <asn:2>*screen_base
init/do_mounts.c:8:2: warning: "Sparse checking disabled for this file"
init/do_mounts_initrd.c:8:2: warning: "Sparse checking disabled for this file"
init/initramfs.c:8:2: warning: "Sparse checking disabled for this file"
init/calibrate.c:260:37: warning: symbol 'calibrate_delay_is_known' was not declared. Should it be static?
init/calibrate.c:270:28: warning: symbol 'calibration_delay_done' was not declared. Should it be static?
init/main.c:162:12: warning: symbol 'envp_init' was not declared. Should it be static?
test_sparse: Mon Jun 29 20:33:26 PDT 2015: succeeded on defconfig test_next-20150622
test_sparse: Mon Jun 29 20:33:26 PDT 2015: ended on defconfig test_next-20150622
