test_sparse: Thu Apr 9 03:22:57 PDT 2015: started on tegra_defconfig test_next-20150409 (ce9797369a4e3f558522581bb84972eef51e7c1a)
test_sparse: Thu Apr 9 03:22:57 PDT 2015: serial is 20150409031533
test_sparse: sparse version unknown (checksum d41d8cd98f00b204e9800998ecf8427e)
/bin/sh: 1: sparse: not found
make[2]: *** [scripts/mod/empty.o] Error 127
make[1]: *** [scripts/mod] Error 2
make[1]: *** Waiting for unfinished jobs....
make: *** [scripts] Error 2
make: *** Waiting for unfinished jobs....
test_sparse: Thu Apr 9 03:23:02 PDT 2015: FAILED on tegra_defconfig test_next-20150409
test_sparse: Thu Apr 9 03:23:02 PDT 2015: ended on tegra_defconfig test_next-20150409
