test_build: Tue Feb 2 21:45:55 PST 2016: started on multi_v7_defconfig test_next-20160203 (8babd99a86f51315697523470924eeb7435b9c34)
test_build: Tue Feb 2 21:45:55 PST 2016: serial is 20160202214534
drivers/clk/clk-vt8500.c: In function ‘wm8750_find_pll_bits’:
drivers/clk/clk-vt8500.c:509:12: warning: ‘best_div2’ may be used uninitialized in this function [-Wmaybe-uninitialized]
drivers/clk/clk-vt8500.c:508:12: warning: ‘best_div1’ may be used uninitialized in this function [-Wmaybe-uninitialized]
drivers/clk/clk-vt8500.c:507:14: warning: ‘best_mul’ may be used uninitialized in this function [-Wmaybe-uninitialized]
drivers/clk/clk-vt8500.c: In function ‘wm8650_find_pll_bits’:
drivers/clk/clk-vt8500.c:430:12: warning: ‘best_div2’ may be used uninitialized in this function [-Wmaybe-uninitialized]
drivers/clk/clk-vt8500.c:429:12: warning: ‘best_div1’ may be used uninitialized in this function [-Wmaybe-uninitialized]
drivers/clk/clk-vt8500.c:428:14: warning: ‘best_mul’ may be used uninitialized in this function [-Wmaybe-uninitialized]
drivers/clk/clk-vt8500.c: In function ‘wm8850_find_pll_bits’:
drivers/clk/clk-vt8500.c:560:12: warning: ‘best_div2’ may be used uninitialized in this function [-Wmaybe-uninitialized]
drivers/clk/clk-vt8500.c:559:12: warning: ‘best_div1’ may be used uninitialized in this function [-Wmaybe-uninitialized]
drivers/clk/clk-vt8500.c:558:14: warning: ‘best_mul’ may be used uninitialized in this function [-Wmaybe-uninitialized]
drivers/tty/serial/amba-pl011.c:190:27: warning: ‘vendor_zte’ defined but not used [-Wunused-variable]
drivers/usb/host/xhci.c: In function ‘xhci_drop_ep_from_interval_table’:
drivers/usb/host/xhci.c:2440:2: warning: enumeration value ‘USB_SPEED_SUPER_PLUS’ not handled in switch [-Wswitch]
drivers/usb/host/xhci.c: In function ‘xhci_add_ep_to_interval_table’:
drivers/usb/host/xhci.c:2499:2: warning: enumeration value ‘USB_SPEED_SUPER_PLUS’ not handled in switch [-Wswitch]
WARNING: modpost: Found 1 section mismatch(es).
To see full details build your kernel with:
'make CONFIG_DEBUG_SECTION_MISMATCH=y'
   text	   data	    bss	    dec	    hex	filename
13508928	1620956	 353824	15483708	 ec433c	vmlinux
test_build: Tue Feb 2 21:47:56 PST 2016: succeeded on multi_v7_defconfig test_next-20160203
test_build: Tue Feb 2 21:47:56 PST 2016: ended on multi_v7_defconfig test_next-20160203
test_build: Tue Feb 2 21:45:55 PST 2016: started on tegra_defconfig test_next-20160203 (8babd99a86f51315697523470924eeb7435b9c34)
test_build: Tue Feb 2 21:45:55 PST 2016: serial is 20160202214534
mm/slab.c: In function ‘is_debug_pagealloc_cache’:
mm/slab.c:1608:2: error: implicit declaration of function ‘debug_pagealloc_enabled’ [-Werror=implicit-function-declaration]
cc1: some warnings being treated as errors
make[1]: *** [mm/slab.o] Error 1
make[1]: *** Waiting for unfinished jobs....
make: *** [mm] Error 2
make: *** Waiting for unfinished jobs....
test_build: Tue Feb 2 21:46:47 PST 2016: FAILED on tegra_defconfig test_next-20160203
test_build: Tue Feb 2 21:46:47 PST 2016: ended on tegra_defconfig test_next-20160203
