test_build: Sun Oct 16 19:16:33 PDT 2016: started on multi_v7_defconfig test_next-20161017 (6c4bd2769702663b126f00d220fd37a1b14a40e9)
test_build: Sun Oct 16 19:16:33 PDT 2016: serial is 20161016191534
<stdin>:1316:2: warning: #warning syscall pkey_mprotect not implemented [-Wcpp]
<stdin>:1319:2: warning: #warning syscall pkey_alloc not implemented [-Wcpp]
<stdin>:1322:2: warning: #warning syscall pkey_free not implemented [-Wcpp]
fs/nfs/nfs4proc.c: In function ‘update_open_stateid’:
fs/nfs/nfs4proc.c:1548:2: warning: missing braces around initializer [-Wmissing-braces]
fs/nfs/nfs4proc.c:1548:2: warning: (near initialization for ‘freeme.<anonymous>’) [-Wmissing-braces]
drivers/firmware/efi/libstub/lib-sort.stub.o: absolute symbol references not allowed in the EFI stub
make[4]: *** [drivers/firmware/efi/libstub/lib-sort.stub.o] Error 1
make[3]: *** [drivers/firmware/efi/libstub] Error 2
make[2]: *** [drivers/firmware/efi] Error 2
make[1]: *** [drivers/firmware] Error 2
make[1]: *** Waiting for unfinished jobs....
make: *** [drivers] Error 2
test_build: Sun Oct 16 19:18:13 PDT 2016: FAILED on multi_v7_defconfig test_next-20161017
test_build: Sun Oct 16 19:18:13 PDT 2016: ended on multi_v7_defconfig test_next-20161017
