test_sparse: Wed Oct 16 04:05:16 PDT 2013: started on multi_v7_defconfig test_next-20131001 (test_next-20131001)
test_sparse: Wed Oct 16 04:05:16 PDT 2013: serial is 20131016035704
test_sparse: sparse version unknown (checksum d41d8cd98f00b204e9800998ecf8427e)
/bin/sh: 1: sparse: not found
make[2]: *** [scripts/mod/empty.o] Error 127
make[1]: *** [scripts/mod] Error 2
make[1]: *** Waiting for unfinished jobs....
make: *** [scripts] Error 2
make: *** Waiting for unfinished jobs....
test_sparse: Wed Oct 16 04:05:20 PDT 2013: FAILED on multi_v7_defconfig test_next-20131001
test_sparse: Wed Oct 16 04:05:20 PDT 2013: ended on multi_v7_defconfig test_next-20131001
