test_sparse: Wed Jun 17 12:15:04 PDT 2015: started on tegra_defconfig test_next-20150612 (d9b5ec5b1b4d4055e256674de4a5337f6a66d284)
test_sparse: Wed Jun 17 12:15:04 PDT 2015: serial is 20150617115616
test_sparse: sparse version unknown (checksum d41d8cd98f00b204e9800998ecf8427e)
drivers/usb/dwc3/Kconfig:16:warning: ignoring unsupported character 'Â'
drivers/usb/dwc3/Kconfig:16:warning: ignoring unsupported character ' '
arch/arm/Kconfig.debug:1576:warning: ignoring unsupported character '>'
drivers/usb/dwc3/Kconfig:16:warning: ignoring unsupported character 'Â'
drivers/usb/dwc3/Kconfig:16:warning: ignoring unsupported character ' '
arch/arm/Kconfig.debug:1576:warning: ignoring unsupported character '>'
/bin/sh: 1: sparse: not found
make[2]: *** [scripts/mod/empty.o] Error 127
make[2]: *** Waiting for unfinished jobs....
make[1]: *** [scripts/mod] Error 2
make[1]: *** Waiting for unfinished jobs....
make: *** [scripts] Error 2
make: *** Waiting for unfinished jobs....
test_sparse: Wed Jun 17 12:15:09 PDT 2015: FAILED on tegra_defconfig test_next-20150612
test_sparse: Wed Jun 17 12:15:09 PDT 2015: ended on tegra_defconfig test_next-20150612
