test_sparse: Mon Jun 29 20:18:22 PDT 2015: started on defconfig test_next-20150621 (57d49282642df9485b709bc2fba4dc71a96e2335)
test_sparse: Mon Jun 29 20:18:22 PDT 2015: serial is 20150629201534
test_sparse: sparse version unknown (checksum d41d8cd98f00b204e9800998ecf8427e)
/bin/sh: 1: sparse: not found
make[2]: *** [scripts/mod/empty.o] Error 127
make[1]: *** [scripts/mod] Error 2
make[1]: *** Waiting for unfinished jobs....
make: *** [scripts] Error 2
make: *** Waiting for unfinished jobs....
<stdin>:1253:2: warning: #warning syscall userfaultfd not implemented [-Wcpp]
test_sparse: Mon Jun 29 20:18:26 PDT 2015: FAILED on defconfig test_next-20150621
test_sparse: Mon Jun 29 20:18:26 PDT 2015: ended on defconfig test_next-20150621
