test_sparse: Thu Jun 11 04:54:03 PDT 2015: started on tegra_defconfig test_next-20150611 (f0939c364ffe7dc377c4d7946360f99cb7fc867b)
test_sparse: Thu Jun 11 04:54:03 PDT 2015: serial is 20150611044533
test_sparse: sparse version unknown (checksum d41d8cd98f00b204e9800998ecf8427e)
/bin/sh: 1: sparse: not found
make[2]: *** [scripts/mod/empty.o] Error 127
make[2]: *** Waiting for unfinished jobs....
<stdin>:1253:2: warning: #warning syscall userfaultfd not implemented [-Wcpp]
make[1]: *** [scripts/mod] Error 2
make[1]: *** Waiting for unfinished jobs....
make: *** [scripts] Error 2
test_sparse: Thu Jun 11 04:54:40 PDT 2015: FAILED on tegra_defconfig test_next-20150611
test_sparse: Thu Jun 11 04:54:40 PDT 2015: ended on tegra_defconfig test_next-20150611
