test_sparse: Mon Jun 29 20:02:41 PDT 2015: started on tegra_defconfig test_next-20150620 (121e784d34ce9ec6de443b4836b4ea3a092302a2)
test_sparse: Mon Jun 29 20:02:41 PDT 2015: serial is 20150629200033
test_sparse: sparse version unknown (checksum d41d8cd98f00b204e9800998ecf8427e)
/bin/sh: 1: sparse: not found
make[2]: *** [scripts/mod/empty.o] Error 127
make[1]: *** [scripts/mod] Error 2
make[1]: *** Waiting for unfinished jobs....
<stdin>:1253:2: warning: #warning syscall userfaultfd not implemented [-Wcpp]
make: *** [scripts] Error 2
test_sparse: Mon Jun 29 20:02:48 PDT 2015: FAILED on tegra_defconfig test_next-20150620
test_sparse: Mon Jun 29 20:02:48 PDT 2015: ended on tegra_defconfig test_next-20150620
