test_sparse: Thu May 21 02:23:16 PDT 2015: started on tegra_defconfig test_next-20150521 (c4a3fb50393465d756448f43d153fd2ceb2cfbf7)
test_sparse: Thu May 21 02:23:16 PDT 2015: serial is 20150521021534
test_sparse: sparse version unknown (checksum d41d8cd98f00b204e9800998ecf8427e)
/bin/sh: 1: sparse: not found
make[2]: *** [scripts/mod/empty.o] Error 127
make[2]: *** Waiting for unfinished jobs....
make[1]: *** [scripts/mod] Error 2
make[1]: *** Waiting for unfinished jobs....
make: *** [scripts] Error 2
test_sparse: Thu May 21 02:23:23 PDT 2015: FAILED on tegra_defconfig test_next-20150521
test_sparse: Thu May 21 02:23:23 PDT 2015: ended on tegra_defconfig test_next-20150521
