test_sparse: Thu Oct 15 01:16:28 PDT 2015: started on tegra_defconfig test_next-20151015 (e2be40dd34e378377ff0a65dd441c95b220f4441)
test_sparse: Thu Oct 15 01:16:28 PDT 2015: serial is 20151015011533
test_sparse: sparse version unknown (checksum d41d8cd98f00b204e9800998ecf8427e)
<stdin>:1304:2: warning: #warning syscall mlock2 not implemented [-Wcpp]
init/do_mounts.c:8:2: warning: "Sparse checking disabled for this file"
init/do_mounts_initrd.c:8:2: warning: "Sparse checking disabled for this file"
init/initramfs.c:8:2: warning: "Sparse checking disabled for this file"
init/calibrate.c:260:37: warning: symbol 'calibrate_delay_is_known' was not declared. Should it be static?
init/calibrate.c:270:28: warning: symbol 'calibration_delay_done' was not declared. Should it be static?
arch/arm/vfp/vfpmodule.c:41:6: warning: symbol 'vfp_vector' was not declared. Should it be static?
arch/arm/vfp/vfpmodule.c:48:14: warning: symbol 'VFP_arch' was not declared. Should it be static?
arch/arm/vfp/vfpmodule.c:59:17: warning: symbol 'vfp_current_hw_state' was not declared. Should it be static?
arch/arm/vfp/vfpmodule.c:336:6: warning: symbol 'VFP_bounce' was not declared. Should it be static?
arch/arm/vfp/vfpmodule.c:665:6: warning: symbol 'vfp_kmode_exception' was not declared. Should it be static?
init/main.c:162:12: warning: symbol 'envp_init' was not declared. Should it be static?
init/init_task.c:18:32: warning: Initializer entry defined twice
init/init_task.c:18:32:   also defined here
arch/arm/vdso/vgettimeofday.c:199:13: warning: symbol '__vdso_clock_gettime' was not declared. Should it be static?
arch/arm/vdso/vgettimeofday.c:246:13: warning: symbol '__vdso_gettimeofday' was not declared. Should it be static?
arch/arm/vdso/vgettimeofday.c:272:6: warning: symbol '__aeabi_unwind_cpp_pr0' was not declared. Should it be static?
arch/arm/vdso/vgettimeofday.c:276:6: warning: symbol '__aeabi_unwind_cpp_pr1' was not declared. Should it be static?
arch/arm/vdso/vgettimeofday.c:280:6: warning: symbol '__aeabi_unwind_cpp_pr2' was not declared. Should it be static?
arch/arm/kernel/irq.c:48:15: warning: symbol 'irq_err_count' was not declared. Should it be static?
arch/arm/vdso/vgettimeofday.o: In function `__read_once_size_check':
/home/pwalmsley/prod_build/build/temp/test_next-20151015/20151015011533/linux/include/linux/compiler.h:218: undefined reference to `memcpy'
collect2: error: ld returned 1 exit status
make[1]: *** [arch/arm/vdso/vdso.so.raw] Error 1
make: *** [arch/arm/vdso] Error 2
make: *** Waiting for unfinished jobs....
arch/arm/kernel/process.c:186:1: warning: symbol 'thread_notify_head' was not declared. Should it be static?
arch/arm/kernel/process.c:312:15: warning: symbol 'arch_randomize_brk' was not declared. Should it be static?
arch/arm/kernel/ptrace.c:931:16: warning: symbol 'syscall_trace_enter' was not declared. Should it be static?
arch/arm/kernel/ptrace.c:958:17: warning: symbol 'syscall_trace_exit' was not declared. Should it be static?
arch/arm/kernel/reboot.c:23:6: warning: symbol 'arm_pm_restart' was not declared. Should it be static?
arch/arm/kernel/reboot.c:79:6: warning: symbol 'soft_restart' was not declared. Should it be static?
arch/arm/kernel/setup.c:93:14: warning: symbol '__atags_pointer' was not declared. Should it be static?
arch/arm/kernel/setup.c:136:5: warning: symbol '__cpu_architecture' was not declared. Should it be static?
arch/arm/kernel/setup.c:1160:29: warning: symbol 'cpuinfo_op' was not declared. Should it be static?
arch/arm/kernel/signal.c:189:16: warning: symbol 'sys_sigreturn' was not declared. Should it be static?
arch/arm/kernel/signal.c:219:16: warning: symbol 'sys_rt_sigreturn' was not declared. Should it be static?
arch/arm/kernel/signal.c:566:1: warning: symbol 'do_work_pending' was not declared. Should it be static?
arch/arm/kernel/signal.c:605:13: warning: symbol 'get_signal_page' was not declared. Should it be static?
arch/arm/kernel/time.c:115:13: warning: symbol 'time_init' was not declared. Should it be static?
arch/arm/kernel/sys_arm.c:35:17: warning: symbol 'sys_arm_fadvise64_64' was not declared. Should it be static?
arch/arm/kernel/traps.c:123:37: warning: incorrect type in argument 1 (different address spaces)
arch/arm/kernel/traps.c:123:37:    expected void const volatile [noderef] <asn:1>*<noident>
arch/arm/kernel/traps.c:123:37:    got unsigned long *<noident>
arch/arm/kernel/traps.c:156:31: warning: incorrect type in argument 1 (different address spaces)
arch/arm/kernel/traps.c:156:31:    expected void const volatile [noderef] <asn:1>*<noident>
arch/arm/kernel/traps.c:156:31:    got unsigned short [usertype] *
arch/arm/kernel/traps.c:158:31: warning: incorrect type in argument 1 (different address spaces)
arch/arm/kernel/traps.c:158:31:    expected void const volatile [noderef] <asn:1>*<noident>
arch/arm/kernel/traps.c:158:31:    got unsigned int [usertype] *
arch/arm/kernel/traps.c:425:33: warning: cast removes address space of expression
arch/arm/kernel/traps.c:406:29: warning: symbol 'do_undefinstr' was not declared. Should it be static?
arch/arm/kernel/traps.c:476:39: warning: symbol 'handle_fiq_as_nmi' was not declared. Should it be static?
arch/arm/kernel/traps.c:495:17: warning: symbol 'bad_mode' was not declared. Should it be static?
arch/arm/kernel/traps.c:562:14: warning: incorrect type in argument 1 (different base types)
arch/arm/kernel/traps.c:562:14:    expected void const volatile [noderef] <asn:1>*<noident>
arch/arm/kernel/traps.c:562:14:    got unsigned long [unsigned] start
arch/arm/kernel/traps.c:573:16: warning: symbol 'arm_syscall' was not declared. Should it be static?
arch/arm/kernel/traps.c:705:1: warning: symbol 'baddataabort' was not declared. Should it be static?
arch/arm/kernel/traps.c:749:17: warning: symbol '__div0' was not declared. Should it be static?
arch/arm/kernel/traps.c:756:6: warning: symbol 'abort' was not declared. Should it be static?
arch/arm/kernel/atags_proc.c:27:13: warning: symbol 'save_atags' was not declared. Should it be static?
arch/arm/kernel/bios32.c:58:6: warning: symbol 'pcibios_report_status' was not declared. Should it be static?
arch/arm/kernel/suspend.c:55:6: warning: symbol '__cpu_suspend_save' was not declared. Should it be static?
arch/arm/kernel/smp.c:532:6: warning: symbol 'arch_irq_work_raise' was not declared. Should it be static?
arch/arm/kernel/smp.c:693:5: warning: symbol 'setup_profiling_timer' was not declared. Should it be static?
arch/arm/kernel/arch_timer.c:34:12: warning: symbol 'arch_timer_arch_init' was not declared. Should it be static?
arch/arm/kernel/machine_kexec.c:64:23: warning: cast removes address space of expression
arch/arm/kernel/machine_kexec.c:64:23: warning: cast removes address space of expression
arch/arm/kernel/machine_kexec.c:64:23: warning: incorrect type in initializer (different address spaces)
arch/arm/kernel/machine_kexec.c:64:23:    expected unsigned int const [noderef] <asn:1>*register __p
arch/arm/kernel/machine_kexec.c:64:23:    got unsigned int [usertype] *<noident>
arch/arm/kernel/machine_kexec.c:64:23: warning: cast removes address space of expression
arch/arm/kernel/machine_kexec.c:78:6: warning: symbol 'machine_crash_nonpanic_core' was not declared. Should it be static?
arch/arm/kernel/unwind.c:53:6: warning: symbol '__aeabi_unwind_cpp_pr0' was not declared. Should it be static?
arch/arm/kernel/unwind.c:58:6: warning: symbol '__aeabi_unwind_cpp_pr1' was not declared. Should it be static?
arch/arm/kernel/unwind.c:63:6: warning: symbol '__aeabi_unwind_cpp_pr2' was not declared. Should it be static?
arch/arm/kernel/devtree.c:69:13: warning: symbol 'arm_dt_init_cpu_maps' was not declared. Should it be static?
arch/arm/kernel/devtree.c:204:27: warning: symbol 'setup_machine_fdt' was not declared. Should it be static?
arch/arm/kernel/swp_emulate.c:123:23: warning: incorrect type in assignment (different address spaces)
arch/arm/kernel/swp_emulate.c:123:23:    expected void [noderef] <asn:1>*[assigned] [usertype] _addr
arch/arm/kernel/swp_emulate.c:123:23:    got void *<noident>
arch/arm/kernel/swp_emulate.c:213:14: warning: incorrect type in argument 1 (different base types)
arch/arm/kernel/swp_emulate.c:213:14:    expected void const volatile [noderef] <asn:1>*<noident>
arch/arm/kernel/swp_emulate.c:213:14:    got unsigned int
arch/arm/kernel/topology.c:45:15: warning: symbol 'arch_scale_cpu_capacity' was not declared. Should it be static?
arch/arm/kernel/topology.c:192:22: warning: symbol 'cpu_corepower_mask' was not declared. Should it be static?
arch/arm/kernel/perf_event_v7.c:174:9: warning: Initializer entry defined twice
arch/arm/kernel/perf_event_v7.c:175:10:   also defined here
arch/arm/kernel/perf_event_v7.c:187:9: warning: Initializer entry defined twice
arch/arm/kernel/perf_event_v7.c:194:10:   also defined here
arch/arm/kernel/perf_event_v7.c:223:9: warning: Initializer entry defined twice
arch/arm/kernel/perf_event_v7.c:224:10:   also defined here
arch/arm/kernel/perf_event_v7.c:237:9: warning: Initializer entry defined twice
arch/arm/kernel/perf_event_v7.c:244:10:   also defined here
arch/arm/kernel/perf_event_v7.c:267:9: warning: Initializer entry defined twice
arch/arm/kernel/perf_event_v7.c:268:10:   also defined here
arch/arm/kernel/perf_event_v7.c:279:9: warning: Initializer entry defined twice
arch/arm/kernel/perf_event_v7.c:281:10:   also defined here
arch/arm/kernel/perf_event_v7.c:313:9: warning: Initializer entry defined twice
arch/arm/kernel/perf_event_v7.c:314:10:   also defined here
arch/arm/kernel/perf_event_v7.c:326:9: warning: Initializer entry defined twice
arch/arm/kernel/perf_event_v7.c:328:10:   also defined here
arch/arm/kernel/perf_event_v7.c:362:9: warning: Initializer entry defined twice
arch/arm/kernel/perf_event_v7.c:363:10:   also defined here
arch/arm/kernel/perf_event_v7.c:375:9: warning: Initializer entry defined twice
arch/arm/kernel/perf_event_v7.c:382:10:   also defined here
arch/arm/kernel/perf_event_v7.c:411:9: warning: Initializer entry defined twice
arch/arm/kernel/perf_event_v7.c:412:10:   also defined here
arch/arm/kernel/perf_event_v7.c:424:9: warning: Initializer entry defined twice
arch/arm/kernel/perf_event_v7.c:426:10:   also defined here
arch/arm/kernel/perf_event_v7.c:461:9: warning: Initializer entry defined twice
arch/arm/kernel/perf_event_v7.c:462:10:   also defined here
arch/arm/kernel/perf_event_v7.c:470:9: warning: Initializer entry defined twice
arch/arm/kernel/perf_event_v7.c:471:10:   also defined here
arch/arm/kernel/perf_event_v7.c:480:9: warning: Initializer entry defined twice
arch/arm/kernel/perf_event_v7.c:487:10:   also defined here
arch/arm/kernel/perf_event_v7.c:511:9: warning: Initializer entry defined twice
arch/arm/kernel/perf_event_v7.c:512:10:   also defined here
arch/arm/kernel/perf_event_v7.c:522:9: warning: Initializer entry defined twice
arch/arm/kernel/perf_event_v7.c:528:10:   also defined here
test_sparse: Thu Oct 15 01:16:36 PDT 2015: FAILED on tegra_defconfig test_next-20151015
test_sparse: Thu Oct 15 01:16:36 PDT 2015: ended on tegra_defconfig test_next-20151015
