test_build: Tue Dec 22 20:15:58 PST 2015: started on tegra_defconfig test_next-20151223 (80c75a0f1d81922bf322c0634d1e1a15825a89e6)
test_build: Tue Dec 22 20:15:58 PST 2015: serial is 20151222201533
<stdin>:1307:2: warning: #warning syscall copy_file_range not implemented [-Wcpp]
net/bluetooth/mgmt.c: In function ‘read_local_oob_ext_data_complete’:
net/bluetooth/mgmt.c:5471:8: warning: ‘r192’ may be used uninitialized in this function [-Wmaybe-uninitialized]
net/bluetooth/mgmt.c:5482:13: note: ‘r192’ was declared here
net/bluetooth/mgmt.c:5471:8: warning: ‘h192’ may be used uninitialized in this function [-Wmaybe-uninitialized]
net/bluetooth/mgmt.c:5482:6: note: ‘h192’ was declared here
kernel/printk/nmi.c: In function ‘__printk_nmi_flush’:
kernel/printk/nmi.c:143:3: warning: format ‘%lu’ expects argument of type ‘long unsigned int’, but argument 3 has type ‘size_t’ [-Wformat]
drivers/gpio/gpiolib.c: In function ‘gpiochip_add’:
drivers/gpio/gpiolib.c:225:31: warning: ‘iterator’ may be used uninitialized in this function [-Wmaybe-uninitialized]
drivers/gpio/gpiolib.c:193:20: note: ‘iterator’ was declared here
drivers/media/usb/uvc/uvc_driver.c: In function ‘uvc_probe’:
drivers/media/usb/uvc/uvc_driver.c:1941:32: error: ‘struct uvc_device’ has no member named ‘mdev’
make[4]: *** [drivers/media/usb/uvc/uvc_driver.o] Error 1
make[3]: *** [drivers/media/usb/uvc] Error 2
make[2]: *** [drivers/media/usb] Error 2
make[1]: *** [drivers/media] Error 2
make[1]: *** Waiting for unfinished jobs....
make: *** [drivers] Error 2
make: *** Waiting for unfinished jobs....
test_build: Tue Dec 22 20:17:47 PST 2015: FAILED on tegra_defconfig test_next-20151223
test_build: Tue Dec 22 20:17:47 PST 2015: ended on tegra_defconfig test_next-20151223
