test_build: Mon Aug 28 04:55:13 PDT 2017: started on multi_v7_defconfig test_next-20170823 (cc6d46bb99b516b01f625fe35d100a5eb1031540)
test_build: Mon Aug 28 04:55:13 PDT 2017: serial is 20170828045341
arch/arm/crypto/Makefile:25: These CRC Extensions modules need binutils 2.23 or higher
arch/arm/crypto/Makefile:26:  crc32-arm-ce.o
In file included from drivers/gpu/drm/tegra/trace.h:68:0,
                 from drivers/gpu/drm/tegra/trace.c:2:
./include/trace/define_trace.h:88:43: fatal error: ./trace.h: No such file or directory
compilation terminated.
make[4]: *** [drivers/gpu/drm/tegra/trace.o] Error 1
make[4]: *** Waiting for unfinished jobs....
make[3]: *** [drivers/gpu/drm/tegra] Error 2
make[2]: *** [drivers/gpu/drm] Error 2
make[1]: *** [drivers/gpu] Error 2
make[1]: *** Waiting for unfinished jobs....
make: *** [drivers] Error 2
test_build: Mon Aug 28 04:57:18 PDT 2017: FAILED on multi_v7_defconfig test_next-20170823
test_build: Mon Aug 28 04:57:18 PDT 2017: ended on multi_v7_defconfig test_next-20170823
