test_sparse: Mon Jul 14 23:39:57 PDT 2014: started on multi_v7_defconfig test_next-20140707 (d584f2acf5cc6c4a14c330930222d8e70fe024a6)
test_sparse: Mon Jul 14 23:39:57 PDT 2014: serial is 20140714232632
test_sparse: sparse version unknown (checksum d41d8cd98f00b204e9800998ecf8427e)
scripts/mod/modpost.c: In function ‘remove_dot’:
scripts/mod/modpost.c:1710:10: warning: ignoring return value of ‘strtoul’, declared with attribute warn_unused_result [-Wunused-result]
init/do_mounts.c:8:2: warning: "Sparse checking disabled for this file"
init/do_mounts_initrd.c:8:2: warning: "Sparse checking disabled for this file"
init/initramfs.c:8:2: warning: "Sparse checking disabled for this file"
init/calibrate.c:260:37: warning: symbol 'calibrate_delay_is_known' was not declared. Should it be static?
init/calibrate.c:270:28: warning: symbol 'calibration_delay_done' was not declared. Should it be static?
arch/arm/vfp/vfpmodule.c:41:6: warning: symbol 'vfp_vector' was not declared. Should it be static?
arch/arm/vfp/vfpmodule.c:48:14: warning: symbol 'VFP_arch' was not declared. Should it be static?
arch/arm/vfp/vfpmodule.c:59:17: warning: symbol 'vfp_current_hw_state' was not declared. Should it be static?
arch/arm/vfp/vfpmodule.c:336:6: warning: symbol 'VFP_bounce' was not declared. Should it be static?
arch/arm/vfp/vfpmodule.c:652:6: warning: symbol 'vfp_kmode_exception' was not declared. Should it be static?
init/main.c:163:12: warning: symbol 'envp_init' was not declared. Should it be static?
init/init_task.c:14:44: warning: implicit cast to nocast type
init/init_task.c:14:44: warning: implicit cast to nocast type
arch/arm/kernel/irq.c:46:15: warning: symbol 'irq_err_count' was not declared. Should it be static?
arch/arm/kernel/process.c:314:1: warning: symbol 'thread_notify_head' was not declared. Should it be static?
arch/arm/kernel/ptrace.c:931:16: warning: symbol 'syscall_trace_enter' was not declared. Should it be static?
arch/arm/kernel/ptrace.c:953:17: warning: symbol 'syscall_trace_exit' was not declared. Should it be static?
arch/arm/kernel/return_address.c:63:2: warning: "TODO: return_address should use unwind tables"
arch/arm/kernel/return_address.c:66:6: warning: symbol 'return_address' was not declared. Should it be static?
arch/arm/kernel/setup.c:90:14: warning: symbol '__atags_pointer' was not declared. Should it be static?
arch/arm/kernel/setup.c:130:5: warning: symbol '__cpu_architecture' was not declared. Should it be static?
arch/arm/kernel/setup.c:1082:29: warning: symbol 'cpuinfo_op' was not declared. Should it be static?
arch/arm/kernel/return_address.c:63:2: warning: #warning "TODO: return_address should use unwind tables" [-Wcpp]
arch/arm/kernel/signal.c:72:31: warning: incorrect type in argument 1 (different address spaces)
arch/arm/kernel/signal.c:72:31:    expected void [noderef] <asn:1>*to
arch/arm/kernel/signal.c:72:31:    got struct iwmmxt_sigframe *frame
arch/arm/kernel/signal.c:82:38: warning: incorrect type in argument 2 (different address spaces)
arch/arm/kernel/signal.c:82:38:    expected void const [noderef] <asn:1>*from
arch/arm/kernel/signal.c:82:38:    got struct iwmmxt_sigframe *frame
arch/arm/kernel/signal.c:179:48: warning: incorrect type in argument 1 (different address spaces)
arch/arm/kernel/signal.c:179:48:    expected struct iwmmxt_sigframe *frame
arch/arm/kernel/signal.c:179:48:    got struct iwmmxt_sigframe [noderef] <asn:1>*<noident>
arch/arm/kernel/signal.c:189:16: warning: symbol 'sys_sigreturn' was not declared. Should it be static?
arch/arm/kernel/signal.c:219:16: warning: symbol 'sys_rt_sigreturn' was not declared. Should it be static?
arch/arm/kernel/signal.c:290:49: warning: incorrect type in argument 1 (different address spaces)
arch/arm/kernel/signal.c:290:49:    expected struct iwmmxt_sigframe *frame
arch/arm/kernel/signal.c:290:49:    got struct iwmmxt_sigframe [noderef] <asn:1>*<noident>
arch/arm/kernel/signal.c:574:1: warning: symbol 'do_work_pending' was not declared. Should it be static?
arch/arm/kernel/signal.c:608:13: warning: symbol 'get_signal_page' was not declared. Should it be static?
arch/arm/kernel/sys_arm.c:35:17: warning: symbol 'sys_arm_fadvise64_64' was not declared. Should it be static?
arch/arm/mm/fault.c:546:1: warning: symbol 'do_DataAbort' was not declared. Should it be static?
arch/arm/mm/fault.c:578:1: warning: symbol 'do_PrefetchAbort' was not declared. Should it be static?
arch/arm/kernel/time.c:118:13: warning: symbol 'time_init' was not declared. Should it be static?
arch/arm/mm/init.c:147:13: warning: symbol 'arm_dma_zone_size' was not declared. Should it be static?
arch/arm/mm/init.c:172:13: warning: symbol 'setup_dma_zone' was not declared. Should it be static?
arch/arm/mach-bcm/kona_l2_cache.c:21:13: warning: symbol 'kona_l2_cache_init' was not declared. Should it be static?
arch/arm/mm/iomap.c:12:15: warning: symbol 'vga_base' was not declared. Should it be static?
arch/arm/mach-bcm/bcm_kona_smc.c:145:21: warning: incorrect type in initializer (different address spaces)
arch/arm/mach-bcm/bcm_kona_smc.c:145:21:    expected unsigned int [usertype] *args
arch/arm/mach-bcm/bcm_kona_smc.c:145:21:    got void [noderef] <asn:2>*static [toplevel] [assigned] bcm_smc_buffer
arch/arm/mach-bcm/bcm_kona_smc.c:151:9: warning: incorrect type in argument 2 (different address spaces)
arch/arm/mach-bcm/bcm_kona_smc.c:151:9:    expected void volatile [noderef] <asn:2>*addr
arch/arm/mach-bcm/bcm_kona_smc.c:151:9:    got unsigned int [usertype] *
arch/arm/mach-bcm/bcm_kona_smc.c:152:9: warning: incorrect type in argument 2 (different address spaces)
arch/arm/mach-bcm/bcm_kona_smc.c:152:9:    expected void volatile [noderef] <asn:2>*addr
arch/arm/mach-bcm/bcm_kona_smc.c:152:9:    got unsigned int [usertype] *
arch/arm/mach-bcm/bcm_kona_smc.c:153:9: warning: incorrect type in argument 2 (different address spaces)
arch/arm/mach-bcm/bcm_kona_smc.c:153:9:    expected void volatile [noderef] <asn:2>*addr
arch/arm/mach-bcm/bcm_kona_smc.c:153:9:    got unsigned int [usertype] *
arch/arm/mach-bcm/bcm_kona_smc.c:154:9: warning: incorrect type in argument 2 (different address spaces)
arch/arm/mach-bcm/bcm_kona_smc.c:154:9:    expected void volatile [noderef] <asn:2>*addr
arch/arm/mach-bcm/bcm_kona_smc.c:154:9:    got unsigned int [usertype] *[assigned] args
arch/arm/kernel/traps.c:120:37: warning: incorrect type in argument 1 (different address spaces)
arch/arm/kernel/traps.c:120:37:    expected void const volatile [noderef] <asn:1>*<noident>
arch/arm/kernel/traps.c:120:37:    got unsigned long *<noident>
arch/arm/kernel/traps.c:153:31: warning: incorrect type in argument 1 (different address spaces)
arch/arm/kernel/traps.c:153:31:    expected void const volatile [noderef] <asn:1>*<noident>
arch/arm/kernel/traps.c:153:31:    got unsigned short [usertype] *
arch/arm/kernel/traps.c:155:31: warning: incorrect type in argument 1 (different address spaces)
arch/arm/kernel/traps.c:155:31:    expected void const volatile [noderef] <asn:1>*<noident>
arch/arm/kernel/traps.c:155:31:    got unsigned int [usertype] *
arch/arm/kernel/traps.c:422:33: warning: cast removes address space of expression
arch/arm/kernel/traps.c:403:29: warning: symbol 'do_undefinstr' was not declared. Should it be static?
arch/arm/kernel/traps.c:461:17: warning: symbol 'do_unexp_fiq' was not declared. Should it be static?
arch/arm/kernel/traps.c:473:17: warning: symbol 'bad_mode' was not declared. Should it be static?
arch/arm/kernel/traps.c:569:14: warning: incorrect type in argument 1 (different base types)
arch/arm/kernel/traps.c:569:14:    expected void const volatile [noderef] <asn:1>*<noident>
arch/arm/kernel/traps.c:569:14:    got unsigned long [unsigned] start
arch/arm/kernel/traps.c:580:16: warning: symbol 'arm_syscall' was not declared. Should it be static?
arch/arm/kernel/traps.c:774:6: warning: symbol '__bad_xchg' was not declared. Should it be static?
arch/arm/kernel/traps.c:787:1: warning: symbol 'baddataabort' was not declared. Should it be static?
arch/arm/kernel/traps.c:809:6: warning: symbol '__readwrite_bug' was not declared. Should it be static?
arch/arm/kernel/traps.c:831:17: warning: symbol '__div0' was not declared. Should it be static?
arch/arm/kernel/traps.c:838:6: warning: symbol 'abort' was not declared. Should it be static?
arch/arm/kernel/atags_proc.c:27:13: warning: symbol 'save_atags' was not declared. Should it be static?
arch/arm/mm/flush.c:373:6: warning: symbol '__flush_anon_page' was not declared. Should it be static?
arch/arm/kernel/cpuidle.c:15:5: warning: symbol 'arm_cpuidle_simple_enter' was not declared. Should it be static?
arch/arm/kernel/bios32.c:58:6: warning: symbol 'pcibios_report_status' was not declared. Should it be static?
arch/arm/mm/mmu.c:130:13: warning: symbol 'init_default_cache_policy' was not declared. Should it be static?
arch/arm/mm/mmu.c:1075:13: warning: symbol 'sanity_check_meminfo' was not declared. Should it be static?
arch/arm/mm/mmu.c:1460:13: warning: symbol 'early_paging_init' was not declared. Should it be static?
arch/arm/mm/mmu.c:1473:13: warning: symbol 'paging_init' was not declared. Should it be static?
arch/arm/kernel/suspend.c:59:6: warning: symbol '__cpu_suspend_save' was not declared. Should it be static?
arch/arm/mach-exynos/platsmp.c:48:31: warning: incorrect type in return expression (different address spaces)
arch/arm/mach-exynos/platsmp.c:48:31:    expected void [noderef] <asn:2>*
arch/arm/mach-exynos/platsmp.c:48:31:    got void *
arch/arm/mach-exynos/platsmp.c:48:31: warning: incorrect type in return expression (different address spaces)
arch/arm/mach-exynos/platsmp.c:48:31:    expected void [noderef] <asn:2>*
arch/arm/mach-exynos/platsmp.c:48:31:    got void *
arch/arm/mach-highbank/pm.c:52:13: warning: symbol 'highbank_pm_init' was not declared. Should it be static?
arch/arm/kernel/smp.c:457:6: warning: symbol 'arch_irq_work_raise' was not declared. Should it be static?
arch/arm/kernel/smp.c:645:5: warning: symbol 'setup_profiling_timer' was not declared. Should it be static?
arch/arm/mm/copypage-v6.c:125:21: warning: symbol 'v6_user_fns' was not declared. Should it be static?
arch/arm/mach-keystone/keystone.c:93:19: warning: cast truncates bits from constant value (800000000 becomes 0)
arch/arm/kernel/arch_timer.c:34:12: warning: symbol 'arch_timer_arch_init' was not declared. Should it be static?
arch/arm/kernel/machine_kexec.c:62:23: warning: cast removes address space of expression
arch/arm/kernel/machine_kexec.c:62:23: warning: cast removes address space of expression
arch/arm/kernel/machine_kexec.c:62:23: warning: incorrect type in initializer (different address spaces)
arch/arm/kernel/machine_kexec.c:62:23:    expected unsigned int const [noderef] <asn:1>*register __p
arch/arm/kernel/machine_kexec.c:62:23:    got unsigned int [usertype] *<noident>
arch/arm/kernel/machine_kexec.c:62:23: warning: cast removes address space of expression
arch/arm/kernel/machine_kexec.c:76:6: warning: symbol 'machine_crash_nonpanic_core' was not declared. Should it be static?
arch/arm/kernel/unwind.c:53:6: warning: symbol '__aeabi_unwind_cpp_pr0' was not declared. Should it be static?
arch/arm/kernel/unwind.c:58:6: warning: symbol '__aeabi_unwind_cpp_pr1' was not declared. Should it be static?
arch/arm/kernel/unwind.c:63:6: warning: symbol '__aeabi_unwind_cpp_pr2' was not declared. Should it be static?
arch/arm/kernel/devtree.c:69:13: warning: symbol 'arm_dt_init_cpu_maps' was not declared. Should it be static?
arch/arm/kernel/devtree.c:204:27: warning: symbol 'setup_machine_fdt' was not declared. Should it be static?
arch/arm/kernel/swp_emulate.c:122:23: warning: incorrect type in assignment (different address spaces)
arch/arm/kernel/swp_emulate.c:122:23:    expected void [noderef] <asn:1>*[assigned] [usertype] _addr
arch/arm/kernel/swp_emulate.c:122:23:    got void *<noident>
arch/arm/kernel/swp_emulate.c:224:14: warning: incorrect type in argument 1 (different base types)
arch/arm/kernel/swp_emulate.c:224:14:    expected void const volatile [noderef] <asn:1>*<noident>
arch/arm/kernel/swp_emulate.c:224:14:    got unsigned int
arch/arm/mach-keystone/pm_domain.c:69:12: warning: symbol 'keystone_pm_runtime_init' was not declared. Should it be static?
arch/arm/kernel/topology.c:45:15: warning: symbol 'arch_scale_freq_capacity' was not declared. Should it be static?
arch/arm/kernel/topology.c:192:22: warning: symbol 'cpu_corepower_mask' was not declared. Should it be static?
arch/arm/kernel/perf_event_v7.c:151:9: warning: Initializer entry defined twice
arch/arm/kernel/perf_event_v7.c:152:10:   also defined here
arch/arm/kernel/perf_event_v7.c:164:9: warning: Initializer entry defined twice
arch/arm/kernel/perf_event_v7.c:171:10:   also defined here
arch/arm/kernel/perf_event_v7.c:200:9: warning: Initializer entry defined twice
arch/arm/kernel/perf_event_v7.c:201:10:   also defined here
arch/arm/kernel/perf_event_v7.c:214:9: warning: Initializer entry defined twice
arch/arm/kernel/perf_event_v7.c:221:10:   also defined here
arch/arm/kernel/perf_event_v7.c:244:9: warning: Initializer entry defined twice
arch/arm/kernel/perf_event_v7.c:245:10:   also defined here
arch/arm/kernel/perf_event_v7.c:256:9: warning: Initializer entry defined twice
arch/arm/kernel/perf_event_v7.c:258:10:   also defined here
arch/arm/kernel/perf_event_v7.c:290:9: warning: Initializer entry defined twice
arch/arm/kernel/perf_event_v7.c:291:10:   also defined here
arch/arm/kernel/perf_event_v7.c:303:9: warning: Initializer entry defined twice
arch/arm/kernel/perf_event_v7.c:305:10:   also defined here
arch/arm/kernel/perf_event_v7.c:339:9: warning: Initializer entry defined twice
arch/arm/kernel/perf_event_v7.c:340:10:   also defined here
arch/arm/kernel/perf_event_v7.c:352:9: warning: Initializer entry defined twice
arch/arm/kernel/perf_event_v7.c:359:10:   also defined here
arch/arm/kernel/perf_event_v7.c:388:9: warning: Initializer entry defined twice
arch/arm/kernel/perf_event_v7.c:389:10:   also defined here
arch/arm/kernel/perf_event_v7.c:401:9: warning: Initializer entry defined twice
arch/arm/kernel/perf_event_v7.c:403:10:   also defined here
arch/arm/kernel/perf_event_v7.c:438:9: warning: Initializer entry defined twice
arch/arm/kernel/perf_event_v7.c:439:10:   also defined here
arch/arm/kernel/perf_event_v7.c:447:9: warning: Initializer entry defined twice
arch/arm/kernel/perf_event_v7.c:448:10:   also defined here
arch/arm/kernel/perf_event_v7.c:457:9: warning: Initializer entry defined twice
arch/arm/kernel/perf_event_v7.c:464:10:   also defined here
arch/arm/mach-mvebu/cpu-reset.c:26:5: warning: symbol 'mvebu_cpu_reset_deassert' was not declared. Should it be static?
arch/arm/kernel/psci_smp.c:59:12: warning: symbol 'psci_cpu_die' was not declared. Should it be static?
arch/arm/kernel/psci_smp.c:72:11: warning: symbol 'psci_cpu_kill' was not declared. Should it be static?
arch/arm/mach-mvebu/coherency.c:41:14: warning: symbol 'coherency_base' was not declared. Should it be static?
arch/arm/mach-mvebu/coherency.c:111:9: warning: incorrect type in argument 2 (different address spaces)
arch/arm/mach-mvebu/coherency.c:111:9:    expected void volatile [noderef] <asn:2>*addr
arch/arm/mach-mvebu/coherency.c:111:9:    got void *<noident>
arch/arm/mach-mvebu/coherency.c:123:16: warning: incorrect type in argument 1 (different address spaces)
arch/arm/mach-mvebu/coherency.c:123:16:    expected void const volatile [noderef] <asn:2>*addr
arch/arm/mach-mvebu/coherency.c:123:16:    got void *<noident>
arch/arm/mach-mvebu/coherency.c:111:9: warning: incorrect type in argument 2 (different address spaces)
arch/arm/mach-mvebu/coherency.c:111:9:    expected void volatile [noderef] <asn:2>*addr
arch/arm/mach-mvebu/coherency.c:111:9:    got void *<noident>
arch/arm/mach-mvebu/coherency.c:123:16: warning: incorrect type in argument 1 (different address spaces)
arch/arm/mach-mvebu/coherency.c:123:16:    expected void const volatile [noderef] <asn:2>*addr
arch/arm/mach-mvebu/coherency.c:123:16:    got void *<noident>
arch/arm/mach-mvebu/coherency.c:111:9: warning: incorrect type in argument 2 (different address spaces)
arch/arm/mach-mvebu/coherency.c:111:9:    expected void volatile [noderef] <asn:2>*addr
arch/arm/mach-mvebu/coherency.c:111:9:    got void *<noident>
arch/arm/mach-mvebu/coherency.c:123:16: warning: incorrect type in argument 1 (different address spaces)
arch/arm/mach-mvebu/coherency.c:123:16:    expected void const volatile [noderef] <asn:2>*addr
arch/arm/mach-mvebu/coherency.c:123:16:    got void *<noident>
arch/arm/mach-mvebu/pmsu.c:146:5: warning: symbol 'armada_370_xp_pmsu_idle_enter' was not declared. Should it be static?
arch/arm/mach-mvebu/pmsu.c:217:6: warning: symbol 'armada_370_xp_pmsu_idle_exit' was not declared. Should it be static?
arch/arm/mach-mvebu/platsmp-a9.c:45:16: warning: incorrect type in argument 1 (different address spaces)
arch/arm/mach-mvebu/platsmp-a9.c:45:16:    expected void *<noident>
arch/arm/mach-mvebu/platsmp-a9.c:45:16:    got void [noderef] <asn:2>*[assigned] sram_virt_base
arch/arm/mach-rockchip/platsmp.c:118:16: warning: incorrect type in argument 1 (different address spaces)
arch/arm/mach-rockchip/platsmp.c:118:16:    expected void *<noident>
arch/arm/mach-rockchip/platsmp.c:118:16:    got void [noderef] <asn:2>*static [toplevel] [assigned] sram_base_addr
arch/arm/mach-imx/cpuidle-imx5.c:34:12: warning: symbol 'imx5_cpuidle_init' was not declared. Should it be static?
arch/arm/mach-sti/platsmp.c:39:6: warning: symbol 'sti_secondary_init' was not declared. Should it be static?
arch/arm/mach-sti/platsmp.c:56:5: warning: symbol 'sti_boot_secondary' was not declared. Should it be static?
arch/arm/mach-sti/platsmp.c:100:13: warning: symbol 'sti_smp_prepare_cpus' was not declared. Should it be static?
arch/arm/mach-prima2/rtciobrg.c:27:14: warning: symbol 'sirfsoc_rtciobrg_base' was not declared. Should it be static?
arch/arm/mach-prima2/rtciobrg.c:34:6: warning: symbol 'sirfsoc_rtc_iobrg_wait_sync' was not declared. Should it be static?
arch/arm/mach-prima2/rtciobrg.c:40:6: warning: symbol 'sirfsoc_rtc_iobrg_besyncing' was not declared. Should it be static?
arch/arm/mach-prima2/rtciobrg.c:52:5: warning: symbol '__sirfsoc_rtc_iobrg_readl' was not declared. Should it be static?
arch/arm/mach-prima2/rtciobrg.c:65:5: warning: symbol 'sirfsoc_rtc_iobrg_readl' was not declared. Should it be static?
arch/arm/mach-prima2/rtciobrg.c:79:6: warning: symbol 'sirfsoc_rtc_iobrg_pre_writel' was not declared. Should it be static?
arch/arm/mach-prima2/rtciobrg.c:89:6: warning: symbol 'sirfsoc_rtc_iobrg_writel' was not declared. Should it be static?
arch/arm/mach-sunxi/platsmp.c:119:23: warning: symbol 'sun6i_smp_ops' was not declared. Should it be static?
arch/arm/mach-prima2/pm.c:28:5: warning: symbol 'sirfsoc_pwrc_base' was not declared. Should it be static?
arch/arm/mach-prima2/pm.c:29:14: warning: symbol 'sirfsoc_memc_base' was not declared. Should it be static?
arch/arm/mach-prima2/pm.c:148:12: warning: symbol 'sirfsoc_pm_init' was not declared. Should it be static?
arch/arm/mach-tegra/irq.c:73:6: warning: symbol 'tegra_pending_sgi' was not declared. Should it be static?
arch/arm/mach-tegra/irq.c:213:5: warning: symbol 'tegra_legacy_irq_syscore_init' was not declared. Should it be static?
arch/arm/mach-ux500/cpu.c:128:25: warning: symbol 'ux500_soc_attr' was not declared. Should it be static?
arch/arm/mach-prima2/hotplug.c:35:12: warning: symbol 'sirfsoc_cpu_die' was not declared. Should it be static?
arch/arm/mach-imx/platsmp.c:25:5: warning: symbol 'g_diag_reg' was not declared. Should it be static?
arch/arm/mach-vexpress/v2m.c:294:65: warning: incorrect type in argument 1 (different address spaces)
arch/arm/mach-vexpress/v2m.c:294:65:    expected void [noderef] <asn:2>*<noident>
arch/arm/mach-vexpress/v2m.c:294:65:    got void *
arch/arm/mach-tegra/powergate.c:208:5: warning: symbol 'tegra_cpu_powergate_id' was not declared. Should it be static?
arch/arm/mach-tegra/powergate.c:216:12: warning: symbol 'tegra_powergate_init' was not declared. Should it be static?
arch/arm/mach-tegra/powergate.c:355:12: warning: symbol 'tegra_powergate_debugfs_init' was not declared. Should it be static?
arch/arm/mach-tegra/pm.c:122:27: warning: incorrect type in initializer (different address spaces)
arch/arm/mach-tegra/pm.c:122:27:    expected unsigned int [usertype] *cpu_in_lp2
arch/arm/mach-tegra/pm.c:122:27:    got void [noderef] <asn:2>*
arch/arm/mach-tegra/pm.c:136:35: warning: incorrect type in initializer (different address spaces)
arch/arm/mach-tegra/pm.c:136:35:    expected struct cpumask [usertype] *cpu_lp2_mask
arch/arm/mach-tegra/pm.c:136:35:    got void [noderef] <asn:2>*
arch/arm/mach-tegra/pm.c:137:27: warning: incorrect type in initializer (different address spaces)
arch/arm/mach-tegra/pm.c:137:27:    expected unsigned int [usertype] *cpu_in_lp2
arch/arm/mach-tegra/pm.c:137:27:    got void [noderef] <asn:2>*
arch/arm/mach-tegra/pm.c:153:5: warning: symbol 'tegra_cpu_do_idle' was not declared. Should it be static?
arch/arm/mach-tegra/pm.c:273:32: warning: incorrect type in argument 2 (different address spaces)
arch/arm/mach-tegra/pm.c:273:32:    expected void const *<noident>
arch/arm/mach-tegra/pm.c:273:32:    got void [noderef] <asn:2>*
arch/arm/mach-tegra/pm.c:275:16: warning: incorrect type in argument 1 (different address spaces)
arch/arm/mach-tegra/pm.c:275:16:    expected void *<noident>
arch/arm/mach-tegra/pm.c:275:16:    got void [noderef] <asn:2>*
arch/arm/mach-tegra/pm.c:278:12: warning: cast removes address space of expression
arch/arm/mach-tegra/pm.c:286:16: warning: incorrect type in argument 1 (different address spaces)
arch/arm/mach-tegra/pm.c:286:16:    expected void *<noident>
arch/arm/mach-tegra/pm.c:286:16:    got void [noderef] <asn:2>*
arch/arm/mach-tegra/pm.c:289:11: warning: cast removes address space of expression
arch/arm/mach-vexpress/ct-ca9x4.c:181:27: warning: incorrect type in assignment (different address spaces)
arch/arm/mach-vexpress/ct-ca9x4.c:181:27:    expected void *static [toplevel] ct_ca9x4_scu_base
arch/arm/mach-vexpress/ct-ca9x4.c:181:27:    got void [noderef] <asn:2>*
arch/arm/mach-vexpress/ct-ca9x4.c:185:37: warning: incorrect type in argument 1 (different address spaces)
arch/arm/mach-vexpress/ct-ca9x4.c:185:37:    expected void [noderef] <asn:2>*<noident>
arch/arm/mach-vexpress/ct-ca9x4.c:185:37:    got void *static [toplevel] ct_ca9x4_scu_base
arch/arm/mach-vexpress/ct-ca9x4.c:199:20: warning: incorrect type in argument 1 (different address spaces)
arch/arm/mach-vexpress/ct-ca9x4.c:199:20:    expected void [noderef] <asn:2>*scu_base
arch/arm/mach-vexpress/ct-ca9x4.c:199:20:    got void *static [toplevel] ct_ca9x4_scu_base
arch/arm/mach-tegra/reset.c:72:9: error: subtraction of functions? Share your drugs
arch/arm/mach-tegra/reset.c:75:25: error: subtraction of functions? Share your drugs
arch/arm/mach-ux500/cpu-db8500.c:36:29: warning: symbol 'ab8500_platdata' was not declared. Should it be static?
arch/arm/mach-ux500/cpu-db8500.c:40:20: warning: symbol 'db8500_prcmu_pdata' was not declared. Should it be static?
arch/arm/mach-ux500/cpu-db8500.c:85:13: warning: symbol 'u8500_map_io' was not declared. Should it be static?
arch/arm/mach-ux500/cpu-db8500.c:122:25: warning: symbol 'db8500_pmu_platdata' was not declared. Should it be static?
arch/arm/mach-ux500/cpu-db8500.c:131:31: warning: incorrect type in argument 1 (different address spaces)
arch/arm/mach-ux500/cpu-db8500.c:131:31:    expected void const *<noident>
arch/arm/mach-ux500/cpu-db8500.c:131:31:    got void [noderef] <asn:2>*uid
arch/arm/mach-ux500/cpu-db8500.c:133:26: warning: cast removes address space of expression
arch/arm/mach-ux500/cpu-db8500.c:133:26: warning: incorrect type in argument 1 (different address spaces)
arch/arm/mach-ux500/cpu-db8500.c:133:26:    expected void const volatile [noderef] <asn:2>*addr
arch/arm/mach-ux500/cpu-db8500.c:133:26:    got unsigned int [usertype] *
arch/arm/mach-ux500/cpu-db8500.c:134:26: warning: cast removes address space of expression
arch/arm/mach-ux500/cpu-db8500.c:134:26: warning: incorrect type in argument 1 (different address spaces)
arch/arm/mach-ux500/cpu-db8500.c:134:26:    expected void const volatile [noderef] <asn:2>*addr
arch/arm/mach-ux500/cpu-db8500.c:134:26:    got unsigned int [usertype] *
arch/arm/mach-ux500/cpu-db8500.c:134:47: warning: cast removes address space of expression
arch/arm/mach-ux500/cpu-db8500.c:134:47: warning: incorrect type in argument 1 (different address spaces)
arch/arm/mach-ux500/cpu-db8500.c:134:47:    expected void const volatile [noderef] <asn:2>*addr
arch/arm/mach-ux500/cpu-db8500.c:134:47:    got unsigned int [usertype] *
arch/arm/mach-ux500/cpu-db8500.c:135:26: warning: cast removes address space of expression
arch/arm/mach-ux500/cpu-db8500.c:135:26: warning: incorrect type in argument 1 (different address spaces)
arch/arm/mach-ux500/cpu-db8500.c:135:26:    expected void const volatile [noderef] <asn:2>*addr
arch/arm/mach-ux500/cpu-db8500.c:135:26:    got unsigned int [usertype] *
arch/arm/mach-ux500/cpu-db8500.c:135:47: warning: cast removes address space of expression
arch/arm/mach-ux500/cpu-db8500.c:135:47: warning: incorrect type in argument 1 (different address spaces)
arch/arm/mach-ux500/cpu-db8500.c:135:47:    expected void const volatile [noderef] <asn:2>*addr
arch/arm/mach-ux500/cpu-db8500.c:135:47:    got unsigned int [usertype] *
arch/arm/mach-tegra/cpuidle.c:50:6: warning: symbol 'tegra_cpuidle_pcie_irqs_in_use' was not declared. Should it be static?
arch/arm/mach-tegra/tegra.c:63:5: warning: symbol 'tegra_uart_config' was not declared. Should it be static?
arch/arm/mach-vexpress/hotplug.c:88:12: warning: symbol 'vexpress_cpu_die' was not declared. Should it be static?
arch/arm/mach-tegra/cpuidle-tegra20.c:219:6: warning: symbol 'tegra20_cpuidle_pcie_irqs_in_use' was not declared. Should it be static?
arch/arm/mach-tegra/cpuidle-tegra20.c:226:12: warning: symbol 'tegra20_cpuidle_init' was not declared. Should it be static?
arch/arm/mach-ux500/board-mop500-regulators.c:799:28: warning: symbol 'ab8505_regulators' was not declared. Should it be static?
arch/arm/mach-tegra/cpuidle-tegra30.c:146:12: warning: symbol 'tegra30_cpuidle_init' was not declared. Should it be static?
arch/arm/mach-tegra/hotplug.c:21:5: warning: symbol 'tegra_cpu_kill' was not declared. Should it be static?
arch/arm/mach-tegra/hotplug.c:37:12: warning: symbol 'tegra_cpu_die' was not declared. Should it be static?
arch/arm/mach-tegra/cpuidle-tegra114.c:86:12: warning: symbol 'tegra114_cpuidle_init' was not declared. Should it be static?
arch/arm/mach-omap2/omap4-restart.c:22:6: warning: symbol 'omap44xx_restart' was not declared. Should it be static?
arch/arm/mach-vt8500/vt8500.c:47:6: warning: symbol 'vt8500_restart' was not declared. Should it be static?
arch/arm/mach-vt8500/vt8500.c:63:13: warning: symbol 'vt8500_map_io' was not declared. Should it be static?
arch/arm/mach-vt8500/vt8500.c:75:13: warning: symbol 'vt8500_init' was not declared. Should it be static?
arch/arm/mach-imx/pm-imx6.c:482:17: warning: incorrect type in assignment (different address spaces)
arch/arm/mach-imx/pm-imx6.c:482:17:    expected struct imx6_cpu_pm_info *pm_info
arch/arm/mach-imx/pm-imx6.c:482:17:    got void [noderef] <asn:2>*static [toplevel] [assigned] suspend_ocram_base
arch/arm/mach-imx/pm-imx6.c:537:36: warning: incorrect type in argument 1 (different address spaces)
arch/arm/mach-imx/pm-imx6.c:537:36:    expected void *<noident>
arch/arm/mach-imx/pm-imx6.c:537:36:    got void [noderef] <asn:2>*
arch/arm/mach-imx/pm-imx6.c:545:18: warning: incorrect type in argument 1 (different address spaces)
arch/arm/mach-imx/pm-imx6.c:545:18:    expected void volatile [noderef] <asn:2>*addr
arch/arm/mach-imx/pm-imx6.c:545:18:    got void [noderef] <asn:2>**<noident>
arch/arm/mach-imx/pm-imx6.c:547:18: warning: incorrect type in argument 1 (different address spaces)
arch/arm/mach-imx/pm-imx6.c:547:18:    expected void volatile [noderef] <asn:2>*addr
arch/arm/mach-imx/pm-imx6.c:547:18:    got void [noderef] <asn:2>**<noident>
arch/arm/mach-imx/pm-imx6.c:549:18: warning: incorrect type in argument 1 (different address spaces)
arch/arm/mach-imx/pm-imx6.c:549:18:    expected void volatile [noderef] <asn:2>*addr
arch/arm/mach-imx/pm-imx6.c:549:18:    got void [noderef] <asn:2>**<noident>
arch/arm/mach-imx/pm-imx6.c:551:18: warning: incorrect type in argument 1 (different address spaces)
arch/arm/mach-imx/pm-imx6.c:551:18:    expected void volatile [noderef] <asn:2>*addr
arch/arm/mach-imx/pm-imx6.c:551:18:    got void [noderef] <asn:2>**<noident>
arch/arm/mach-imx/devices/devices.c:25:15: warning: symbol 'mxc_aips_bus' was not declared. Should it be static?
arch/arm/mach-imx/devices/devices.c:30:15: warning: symbol 'mxc_ahb_bus' was not declared. Should it be static?
arch/arm/mach-imx/devices/devices.c:35:12: warning: symbol 'mxc_device_init' was not declared. Should it be static?
arch/arm/mach-imx/devices/platform-gpio-mxc.c:11:24: warning: symbol 'mxc_register_gpio' was not declared. Should it be static?
arch/arm/plat-omap/sram.c:60:17: warning: cast removes address space of expression
arch/arm/plat-samsung/s5p-dev-mfc.c:125:12: warning: symbol 's5p_fdt_alloc_mfc_mem' was not declared. Should it be static?
arch/arm/mach-spear/spear13xx.c:60:17: warning: symbol 'spear13xx_io_desc' was not declared. Should it be static?
arch/arm/mach-omap2/omap-mpuss-lowpower.c:105:19: warning: symbol 'omap_pm_ops' was not declared. Should it be static?
arch/arm/plat-versatile/clcd.c:157:28: warning: incorrect type in assignment (different address spaces)
arch/arm/plat-versatile/clcd.c:157:28:    expected char [noderef] <asn:2>*screen_base
arch/arm/plat-versatile/clcd.c:157:28:    got void *
arch/arm/plat-versatile/clcd.c:173:44: warning: incorrect type in argument 3 (different address spaces)
arch/arm/plat-versatile/clcd.c:173:44:    expected void *cpu_addr
arch/arm/plat-versatile/clcd.c:173:44:    got char [noderef] <asn:2>*screen_base
arch/arm/plat-versatile/clcd.c:181:37: warning: incorrect type in argument 3 (different address spaces)
arch/arm/plat-versatile/clcd.c:181:37:    expected void *cpu_addr
arch/arm/plat-versatile/clcd.c:181:37:    got char [noderef] <asn:2>*screen_base
arch/arm/mach-spear/hotplug.c:83:12: warning: symbol 'spear13xx_cpu_die' was not declared. Should it be static?
arch/arm/mach-spear/spear1310.c:45:17: warning: symbol 'spear1310_io_desc' was not declared. Should it be static?
arch/arm/mach-spear/spear1340.c:96:6: warning: symbol 'sata_miphy_exit' was not declared. Should it be static?
arch/arm/mach-spear/spear1340.c:110:5: warning: symbol 'sata_suspend' was not declared. Should it be static?
arch/arm/mach-spear/spear1340.c:120:5: warning: symbol 'sata_resume' was not declared. Should it be static?
kernel/fork.c:96:5: warning: symbol 'max_threads' was not declared. Should it be static?
kernel/fork.c:121:13: warning: symbol 'arch_release_task_struct' was not declared. Should it be static?
kernel/fork.c:139:13: warning: symbol 'arch_release_thread_info' was not declared. Should it be static?
kernel/fork.c:254:20: warning: symbol 'arch_task_cache_init' was not declared. Should it be static?
kernel/fork.c:256:13: warning: symbol 'fork_init' was not declared. Should it be static?
kernel/fork.c:290:12: warning: symbol 'arch_dup_task_struct' was not declared. Should it be static?
kernel/fork.c:1113:41: warning: implicit cast to nocast type
kernel/fork.c:1114:41: warning: implicit cast to nocast type
kernel/fork.c:1242:42: warning: implicit cast to nocast type
kernel/fork.c:1243:43: warning: implicit cast to nocast type
kernel/fork.c:1245:57: warning: implicit cast to nocast type
arch/arm/plat-versatile/platsmp.c:35:6: warning: symbol 'versatile_secondary_init' was not declared. Should it be static?
arch/arm/plat-versatile/platsmp.c:50:5: warning: symbol 'versatile_boot_secondary' was not declared. Should it be static?
mm/filemap.c:2059:35: warning: symbol 'generic_file_vm_ops' was not declared. Should it be static?
fs/open.c:856:18: warning: restricted fmode_t degrades to integer
fs/read_write.c:42:29: warning: incorrect type in return expression (different base types)
fs/read_write.c:42:29:    expected int
fs/read_write.c:42:29:    got restricted fmode_t
fs/read_write.c:42:29: warning: incorrect type in return expression (different base types)
fs/read_write.c:42:29:    expected int
fs/read_write.c:42:29:    got restricted fmode_t
fs/read_write.c:42:29: warning: incorrect type in return expression (different base types)
fs/read_write.c:42:29:    expected int
fs/read_write.c:42:29:    got restricted fmode_t
fs/read_write.c:42:29: warning: incorrect type in return expression (different base types)
fs/read_write.c:42:29:    expected int
fs/read_write.c:42:29:    got restricted fmode_t
ipc/util.c:192:29: warning: context imbalance in 'ipc_findkey' - wrong count at exit
ipc/util.c:260:5: warning: context imbalance in 'ipc_addid' - different lock contexts for basic block
include/linux/spinlock_api_smp.h:151:27: warning: context imbalance in 'ipcget_public' - unexpected unlock
ipc/util.c:622:22: warning: context imbalance in 'ipc_lock' - different lock contexts for basic block
ipc/util.c:786:29: warning: context imbalance in 'sysvipc_find_ipc' - different lock contexts for basic block
include/linux/spinlock_api_smp.h:151:27: warning: context imbalance in 'sysvipc_proc_next' - unexpected unlock
include/linux/spinlock_api_smp.h:151:27: warning: context imbalance in 'sysvipc_proc_stop' - unexpected unlock
kernel/panic.c:56:13: warning: symbol 'panic_smp_self_stop' was not declared. Should it be static?
kernel/panic.c:70:6: error: symbol 'panic' redeclared with different type (originally declared at include/linux/kernel.h:238) - different modifiers
include/linux/rcupdate.h:905:9: warning: context imbalance in 'find_lock_task_mm' - wrong count at exit
mm/oom_kill.c:164:28: warning: context imbalance in 'oom_badness' - unexpected unlock
mm/oom_kill.c:365:9: warning: context imbalance in 'dump_tasks' - different lock contexts for basic block
include/linux/rcupdate.h:905:9: warning: context imbalance in 'oom_kill_process' - unexpected unlock
ipc/msgutil.c:54:16: error: incompatible types in comparison expression (different type sizes)
ipc/msgutil.c:66:24: error: incompatible types in comparison expression (different type sizes)
ipc/msgutil.c:94:16: error: incompatible types in comparison expression (different type sizes)
ipc/msgutil.c:101:24: error: incompatible types in comparison expression (different type sizes)
ipc/msgutil.c:155:16: error: incompatible types in comparison expression (different type sizes)
ipc/msgutil.c:162:24: error: incompatible types in comparison expression (different type sizes)
kernel/cpu.c:261:9: warning: context imbalance in 'clear_tasks_mm_cpumask' - different lock contexts for basic block
ipc/msg.c:147:9: warning: context imbalance in 'newque' - unexpected unlock
ipc/msg.c:212:13: warning: context imbalance in 'freeque' - unexpected unlock
ipc/msg.c:408:9: warning: context imbalance in 'msgctl_down' - different lock contexts for basic block
kernel/exit.c:128:36: warning: incorrect type in argument 2 (different modifiers)
kernel/exit.c:128:36:    expected unsigned long [nocast] [usertype] *utime
kernel/exit.c:128:36:    got unsigned long *<noident>
kernel/exit.c:128:36: warning: implicit cast to nocast type
kernel/exit.c:128:44: warning: incorrect type in argument 3 (different modifiers)
kernel/exit.c:128:44:    expected unsigned long [nocast] [usertype] *stime
kernel/exit.c:128:44:    got unsigned long *<noident>
kernel/exit.c:128:44: warning: implicit cast to nocast type
kernel/exit.c:662:6: error: symbol 'do_exit' redeclared with different type (originally declared at include/linux/kernel.h:244) - different modifiers
kernel/exit.c:842:6: error: symbol 'complete_and_exit' redeclared with different type (originally declared at include/linux/kernel.h:246) - different modifiers
ipc/sem.c:525:9: warning: context imbalance in 'newary' - unexpected unlock
ipc/sem.c:1112:17: warning: context imbalance in 'freeary' - unexpected unlock
ipc/sem.c:1565:9: warning: context imbalance in 'semctl_down' - different lock contexts for basic block
ipc/sem.c:1670:24: warning: context imbalance in 'find_alloc_undo' - wrong count at exit
include/linux/rcupdate.h:905:9: warning: context imbalance in 'SyS_semtimedop' - unexpected unlock
mm/page_alloc.c:122:5: warning: symbol 'percpu_pagelist_fraction' was not declared. Should it be static?
mm/page_alloc.c:6214:6: warning: symbol 'is_pageblock_removable_nolock' was not declared. Should it be static?
fs/exec.c:414:31: warning: incorrect type in return expression (different address spaces)
fs/exec.c:414:31:    expected char const [noderef] <asn:1>*
fs/exec.c:414:31:    got void *
kernel/softirq.c:745:36: warning: incorrect type in initializer (different address spaces)
kernel/softirq.c:745:36:    expected struct task_struct [noderef] <asn:3>**store
kernel/softirq.c:745:36:    got struct task_struct *[noderef] [toplevel] <asn:3>*<noident>
include/linux/rcupdate.h:905:9: warning: context imbalance in 'unlazy_walk' - unexpected unlock
include/linux/rcupdate.h:905:9: warning: context imbalance in 'complete_walk' - unexpected unlock
include/linux/rcupdate.h:905:9: warning: context imbalance in 'follow_dotdot_rcu' - unexpected unlock
include/linux/rcupdate.h:905:9: warning: context imbalance in 'terminate_walk' - unexpected unlock
fs/namei.c:1814:12: warning: context imbalance in 'path_init' - different lock contexts for basic block
ipc/shm.c:493:31: warning: implicit cast to nocast type
ipc/shm.c:534:36: warning: implicit cast to nocast type
ipc/shm.c:545:36: warning: implicit cast to nocast type
ipc/shm.c:95:17: warning: context imbalance in 'do_shm_rmid' - unexpected unlock
ipc/shm.c:195:9: warning: context imbalance in 'shm_open' - unexpected unlock
ipc/shm.c:210:13: warning: context imbalance in 'shm_destroy' - unexpected unlock
include/linux/spinlock_api_smp.h:151:27: warning: context imbalance in 'shm_close' - unexpected unlock
ipc/shm.c:272:12: warning: context imbalance in 'shm_try_destroy_orphaned' - different lock contexts for basic block
ipc/shm.c:335:9: warning: context imbalance in 'exit_shm' - different lock contexts for basic block
./arch/arm/include/asm/thread_info.h:111:9: warning: context imbalance in 'newseg' - unexpected unlock
ipc/shm.c:827:9: warning: context imbalance in 'shmctl_down' - different lock contexts for basic block
include/linux/spinlock_api_smp.h:151:27: warning: context imbalance in 'do_shmat' - unexpected unlock
arch/arm/mach-omap2/pdata-quirks.c:35:23: warning: symbol 'omap_auxdata_lookup' was not declared. Should it be static?
fs/dcache.c:282:9: warning: context imbalance in 'dentry_iput' - different lock contexts for basic block
fs/dcache.c:476:28: warning: context imbalance in '__dentry_kill' - unexpected unlock
fs/dcache.c:503:22: warning: context imbalance in 'dentry_kill' - wrong count at exit
fs/dcache.c:617:9: warning: context imbalance in 'dput' - unexpected unlock
fs/dcache.c:799:44: warning: context imbalance in 'shrink_dentry_list' - unexpected unlock
fs/dcache.c:938:24: warning: context imbalance in 'dentry_lru_isolate_shrink' - different lock contexts for basic block
fs/dcache.c:1100:22: warning: context imbalance in 'd_walk' - different lock contexts for basic block
fs/dcache.c:1594:31: warning: context imbalance in 'd_instantiate' - different lock contexts for basic block
fs/dcache.c:1661:9: warning: context imbalance in 'd_instantiate_unique' - different lock contexts for basic block
fs/dcache.c:2428:9: warning: context imbalance in 'dentry_lock_for_move' - wrong count at exit
fs/dcache.c:2441:28: warning: context imbalance in 'dentry_unlock_parents_for_move' - unexpected unlock
fs/dcache.c:2528:20: warning: context imbalance in '__d_move' - unexpected unlock
fs/dcache.c:2618:20: warning: context imbalance in '__d_unalias' - unexpected unlock
fs/dcache.c:2631:13: warning: context imbalance in '__d_materialise_dentry' - unexpected unlock
fs/dcache.c:2732:9: warning: context imbalance in 'd_materialise_unique' - unexpected unlock
fs/dcache.c:2890:9: warning: context imbalance in 'prepend_path' - wrong count at exit
include/linux/err.h:23:20: warning: context imbalance in '__dentry_path' - different lock contexts for basic block
fs/inode.c:718:17: warning: context imbalance in 'inode_lru_isolate' - unexpected unlock
fs/inode.c:775:9: warning: context imbalance in 'find_inode' - different lock contexts for basic block
fs/inode.c:802:9: warning: context imbalance in 'find_inode_fast' - different lock contexts for basic block
fs/inode.c:1282:5: warning: context imbalance in 'insert_inode_locked' - wrong count at exit
fs/inode.c:1324:5: warning: context imbalance in 'insert_inode_locked4' - wrong count at exit
fs/inode.c:1416:20: warning: context imbalance in 'iput_final' - unexpected unlock
fs/inode.c:1432:9: warning: context imbalance in 'iput' - wrong count at exit
fs/inode.c:1716:13: warning: context imbalance in '__wait_on_freeing_inode' - unexpected unlock
security/keys/keyring.c:1041:5: warning: context imbalance in '__key_link_begin' - wrong count at exit
security/keys/keyring.c:1159:9: warning: context imbalance in '__key_link_end' - wrong count at exit
security/keys/keyring.c:1205:9: warning: context imbalance in 'key_link' - different lock contexts for basic block
fs/file.c:27:5: warning: symbol 'sysctl_nr_open_min' was not declared. Should it be static?
fs/file.c:30:5: warning: symbol 'sysctl_nr_open_max' was not declared. Should it be static?
fs/file.c:430:21: warning: symbol 'init_files' was not declared. Should it be static?
fs/file.c:782:20: warning: context imbalance in 'do_dup2' - unexpected unlock
fs/file.c:794:5: warning: context imbalance in 'replace_fd' - different lock contexts for basic block
fs/file.c:816:1: warning: context imbalance in 'SyS_dup3' - different lock contexts for basic block
kernel/ptrace.c:1014:9: warning: context imbalance in 'ptrace_request' - different lock contexts for basic block
mm/swap.c:425:55: warning: context imbalance in 'pagevec_lru_move_fn' - unexpected unlock
mm/swap.c:918:55: warning: context imbalance in 'release_pages' - unexpected unlock
kernel/user.c:73:19: warning: symbol 'uidhash_table' was not declared. Should it be static?
kernel/signal.c:1659:28: warning: incorrect type in argument 2 (different modifiers)
kernel/signal.c:1659:28:    expected unsigned long [nocast] [usertype] *utime
kernel/signal.c:1659:28:    got unsigned long *<noident>
kernel/signal.c:1659:28: warning: implicit cast to nocast type
kernel/signal.c:1659:36: warning: incorrect type in argument 3 (different modifiers)
kernel/signal.c:1659:36:    expected unsigned long [nocast] [usertype] *stime
kernel/signal.c:1659:36:    got unsigned long *<noident>
kernel/signal.c:1659:36: warning: implicit cast to nocast type
kernel/signal.c:1744:28: warning: incorrect type in argument 2 (different modifiers)
kernel/signal.c:1744:28:    expected unsigned long [nocast] [usertype] *utime
kernel/signal.c:1744:28:    got unsigned long *<noident>
kernel/signal.c:1744:28: warning: implicit cast to nocast type
kernel/signal.c:1744:36: warning: incorrect type in argument 3 (different modifiers)
kernel/signal.c:1744:36:    expected unsigned long [nocast] [usertype] *stime
kernel/signal.c:1744:36:    got unsigned long *<noident>
kernel/signal.c:1744:36: warning: implicit cast to nocast type
kernel/signal.c:1260:23: warning: context imbalance in '__lock_task_sighand' - different lock contexts for basic block
kernel/signal.c:1989:13: warning: context imbalance in 'do_signal_stop' - different lock contexts for basic block
kernel/signal.c:2239:25: warning: context imbalance in 'get_signal_to_deliver' - unexpected unlock
fs/libfs.c:846:16: error: incompatible types in comparison expression (different type sizes)
fs/fs-writeback.c:1087:9: warning: context imbalance in 'block_dump___mark_inode_dirty' - different lock contexts for basic block
mm/vmscan.c:2626:9: warning: incorrect type in argument 2 (different base types)
mm/vmscan.c:2626:9:    expected int enum zone_type [signed] highest_zoneidx
mm/vmscan.c:2626:9:    got restricted gfp_t [usertype] gfp_mask
mm/vmscan.c:2626:9: warning: incorrect type in argument 2 (different base types)
mm/vmscan.c:2626:9:    expected int enum zone_type [signed] highest_zoneidx
mm/vmscan.c:2626:9:    got restricted gfp_t [usertype] gfp_mask
mm/vmscan.c:3765:48: warning: context imbalance in 'check_move_unevictable_pages' - unexpected unlock
fs/fs_struct.c:161:18: warning: symbol 'init_fs' was not declared. Should it be static?
kernel/sys.c:866:49: warning: incorrect type in argument 2 (different modifiers)
kernel/sys.c:866:49:    expected unsigned long [nocast] [usertype] *ut
kernel/sys.c:866:49:    got unsigned long *<noident>
kernel/sys.c:866:49: warning: implicit cast to nocast type
kernel/sys.c:866:59: warning: incorrect type in argument 3 (different modifiers)
kernel/sys.c:866:59:    expected unsigned long [nocast] [usertype] *st
kernel/sys.c:866:59:    got unsigned long *<noident>
kernel/sys.c:866:59: warning: implicit cast to nocast type
kernel/sys.c:1531:25: warning: implicit cast to nocast type
kernel/sys.c:1534:49: warning: incorrect type in argument 2 (different modifiers)
kernel/sys.c:1534:49:    expected unsigned long [nocast] [usertype] *ut
kernel/sys.c:1534:49:    got unsigned long *<noident>
kernel/sys.c:1534:49: warning: implicit cast to nocast type
kernel/sys.c:1534:57: warning: incorrect type in argument 3 (different modifiers)
kernel/sys.c:1534:57:    expected unsigned long [nocast] [usertype] *st
kernel/sys.c:1534:57:    got unsigned long *<noident>
kernel/sys.c:1534:57: warning: implicit cast to nocast type
kernel/sys.c:1560:59: warning: incorrect type in argument 2 (different modifiers)
kernel/sys.c:1560:59:    expected unsigned long [nocast] [usertype] *ut
kernel/sys.c:1560:59:    got unsigned long *<noident>
kernel/sys.c:1560:59: warning: implicit cast to nocast type
kernel/sys.c:1560:69: warning: incorrect type in argument 3 (different modifiers)
kernel/sys.c:1560:69:    expected unsigned long [nocast] [usertype] *st
kernel/sys.c:1560:69:    got unsigned long *<noident>
kernel/sys.c:1560:69: warning: implicit cast to nocast type
include/linux/spinlock_api_smp.h:151:27: warning: context imbalance in 'bdev_inode_switch_bdi' - unexpected unlock
fs/direct-io.c:1109:36: warning: Using plain integer as NULL pointer
arch/arm/mach-omap2/twl-common.c:94:21: warning: symbol 'consumers' was not declared. Should it be static?
arch/arm/mach-omap2/twl-common.c:98:22: warning: symbol 'init_data' was not declared. Should it be static?
block/bio.c:1565:33: warning: incorrect type in initializer (different address spaces)
block/bio.c:1565:33:    expected char *p
block/bio.c:1565:33:    got void [noderef] <asn:1>*iov_base
kernel/workqueue.c:4428:61: warning: expression using sizeof bool
fs/direct-io.c: In function ‘__blockdev_direct_IO’:
fs/direct-io.c:1011:12: warning: ‘to’ may be used uninitialized in this function [-Wmaybe-uninitialized]
fs/direct-io.c:913:16: note: ‘to’ was declared here
fs/direct-io.c:1011:12: warning: ‘from’ may be used uninitialized in this function [-Wmaybe-uninitialized]
fs/direct-io.c:913:10: note: ‘from’ was declared here
kernel/pid.c:48:5: warning: symbol 'pid_max' was not declared. Should it be static?
kernel/pid.c:52:5: warning: symbol 'pid_max_min' was not declared. Should it be static?
kernel/pid.c:53:5: warning: symbol 'pid_max_max' was not declared. Should it be static?
crypto/cipher.c:70:24: warning: Variable length array is used.
fs/debugfs/file.c:472:20: error: incompatible types in comparison expression (different type sizes)
kernel/extable.c:39:26: warning: symbol 'main_extable_sort_needed' was not declared. Should it be static?
block/blk-core.c:1020:24: warning: context imbalance in '__get_request' - unexpected unlock
block/blk-core.c:1158:23: warning: context imbalance in 'blk_old_get_request' - wrong count at exit
block/blk-core.c:1550:6: warning: context imbalance in 'blk_queue_bio' - different lock contexts for basic block
block/blk-core.c:3154:17: warning: context imbalance in 'blk_flush_plug_list' - unexpected unlock
mm/backing-dev.c:45:9: warning: context imbalance in 'bdi_lock_two' - wrong count at exit
mm/backing-dev.c:534:28: warning: context imbalance in 'bdi_destroy' - unexpected unlock
fs/jbd2/transaction.c:190:17: warning: context imbalance in 'add_transaction_credits' - unexpected unlock
fs/jbd2/transaction.c:306:9: warning: context imbalance in 'start_this_handle' - different lock contexts for basic block
fs/jbd2/transaction.c:1108:20: warning: context imbalance in 'jbd2_journal_get_create_access' - different lock contexts for basic block
mm/mm_init.c:153:5: warning: symbol 'vm_committed_as_batch' was not declared. Should it be static?
mm/percpu.c:1627:12: warning: symbol 'pcpu_embed_first_chunk' was not declared. Should it be static?
block/blk-flush.c:264:9: warning: context imbalance in 'flush_end_io' - different lock contexts for basic block
include/linux/spinlock_api_smp.h:151:27: warning: context imbalance in '__jbd2_log_wait_for_space' - unexpected unlock
fs/jbd2/checkpoint.c:216:36: warning: context imbalance in '__wait_cp_io' - unexpected unlock
fs/jbd2/checkpoint.c:273:23: warning: context imbalance in '__process_buffer' - unexpected unlock
fs/jbd2/checkpoint.c:377:9: warning: context imbalance in 'jbd2_log_do_checkpoint' - different lock contexts for basic block
mm/compaction.c:1134:37: warning: incorrect type in initializer (different base types)
mm/compaction.c:1134:37:    expected int [signed] may_enter_fs
mm/compaction.c:1134:37:    got restricted gfp_t
mm/compaction.c:1135:39: warning: incorrect type in initializer (different base types)
mm/compaction.c:1135:39:    expected int [signed] may_perform_io
mm/compaction.c:1135:39:    got restricted gfp_t
mm/compaction.c:207:47: warning: context imbalance in 'compact_checklock_irqsave' - unexpected unlock
mm/compaction.c:357:39: warning: context imbalance in 'isolate_freepages_block' - unexpected unlock
mm/compaction.c:526:55: warning: context imbalance in 'isolate_migratepages_range' - unexpected unlock
crypto/shash.c:82:40: warning: Variable length array is used.
crypto/shash.c:118:40: warning: Variable length array is used.
kernel/smpboot.c:168:36: warning: incorrect type in initializer (different address spaces)
kernel/smpboot.c:168:36:    expected void const [noderef] <asn:3>*__vpp_verify
kernel/smpboot.c:168:36:    got struct task_struct [noderef] <asn:3>**<noident>
kernel/smpboot.c:168:35: warning: incorrect type in initializer (different address spaces)
kernel/smpboot.c:168:35:    expected struct task_struct *tsk
kernel/smpboot.c:168:35:    got struct task_struct [noderef] <asn:3>*<noident>
kernel/smpboot.c:187:10: warning: incorrect type in initializer (different address spaces)
kernel/smpboot.c:187:10:    expected void const [noderef] <asn:3>*__vpp_verify
kernel/smpboot.c:187:10:    got struct task_struct [noderef] <asn:3>**<noident>
kernel/smpboot.c:187:38: warning: incorrect type in assignment (different address spaces)
kernel/smpboot.c:187:38:    expected struct task_struct [noderef] <asn:3>*<noident>
kernel/smpboot.c:187:38:    got struct task_struct *[assigned] tsk
kernel/smpboot.c:220:36: warning: incorrect type in initializer (different address spaces)
kernel/smpboot.c:220:36:    expected void const [noderef] <asn:3>*__vpp_verify
kernel/smpboot.c:220:36:    got struct task_struct [noderef] <asn:3>**<noident>
kernel/smpboot.c:220:35: warning: incorrect type in initializer (different address spaces)
kernel/smpboot.c:220:35:    expected struct task_struct *tsk
kernel/smpboot.c:220:35:    got struct task_struct [noderef] <asn:3>*<noident>
kernel/smpboot.c:239:36: warning: incorrect type in initializer (different address spaces)
kernel/smpboot.c:239:36:    expected void const [noderef] <asn:3>*__vpp_verify
kernel/smpboot.c:239:36:    got struct task_struct [noderef] <asn:3>**<noident>
kernel/smpboot.c:239:35: warning: incorrect type in initializer (different address spaces)
kernel/smpboot.c:239:35:    expected struct task_struct *tsk
kernel/smpboot.c:239:35:    got struct task_struct [noderef] <asn:3>*<noident>
kernel/smpboot.c:261:44: warning: incorrect type in initializer (different address spaces)
kernel/smpboot.c:261:44:    expected void const [noderef] <asn:3>*__vpp_verify
kernel/smpboot.c:261:44:    got struct task_struct [noderef] <asn:3>**<noident>
kernel/smpboot.c:261:43: warning: incorrect type in initializer (different address spaces)
kernel/smpboot.c:261:43:    expected struct task_struct *tsk
kernel/smpboot.c:261:43:    got struct task_struct [noderef] <asn:3>*<noident>
kernel/smpboot.c:266:26: warning: incorrect type in initializer (different address spaces)
kernel/smpboot.c:266:26:    expected void const [noderef] <asn:3>*__vpp_verify
kernel/smpboot.c:266:26:    got struct task_struct [noderef] <asn:3>**<noident>
include/linux/spinlock_api_smp.h:151:27: warning: context imbalance in 'shadow_lru_isolate' - unexpected unlock
kernel/events/core.c:310:26: warning: function 'perf_pmu_name' with external linkage has definition
kernel/events/core.c:184:6: warning: symbol 'update_perf_cpu_limits' was not declared. Should it be static?
kernel/events/core.c:730:1: warning: symbol 'perf_cgroup_switch' was not declared. Should it be static?
kernel/events/core.c:802:26: warning: incorrect type in initializer (different address spaces)
kernel/events/core.c:802:26:    expected void const [noderef] <asn:3>*__vpp_verify
kernel/events/core.c:802:26:    got struct perf_cpu_context *<noident>
kernel/events/core.c:788:6: warning: symbol 'perf_cpu_hrtimer_cancel' was not declared. Should it be static?
kernel/events/core.c:858:22: warning: incorrect type in initializer (different address spaces)
kernel/events/core.c:858:22:    expected void const [noderef] <asn:3>*__vpp_verify
kernel/events/core.c:858:22:    got int *<noident>
kernel/events/core.c:865:22: warning: incorrect type in initializer (different address spaces)
kernel/events/core.c:865:22:    expected void const [noderef] <asn:3>*__vpp_verify
kernel/events/core.c:865:22:    got int *<noident>
kernel/events/core.c:879:43: warning: incorrect type in initializer (different address spaces)
kernel/events/core.c:879:43:    expected void const [noderef] <asn:3>*__vpp_verify
kernel/events/core.c:879:43:    got struct perf_cpu_context *<noident>
kernel/events/core.c:323:16: warning: incorrect type in initializer (different address spaces)
kernel/events/core.c:323:16:    expected void const [noderef] <asn:3>*__vpp_verify
kernel/events/core.c:323:16:    got struct perf_cpu_context *<noident>
kernel/events/core.c:323:16: warning: incorrect type in initializer (different address spaces)
kernel/events/core.c:323:16:    expected void const [noderef] <asn:3>*__vpp_verify
kernel/events/core.c:323:16:    got struct perf_cpu_context *<noident>
kernel/events/core.c:323:16: warning: incorrect type in initializer (different address spaces)
kernel/events/core.c:323:16:    expected void const [noderef] <asn:3>*__vpp_verify
kernel/events/core.c:323:16:    got struct perf_cpu_context *<noident>
kernel/events/core.c:323:16: warning: incorrect type in initializer (different address spaces)
kernel/events/core.c:323:16:    expected void const [noderef] <asn:3>*__vpp_verify
kernel/events/core.c:323:16:    got struct perf_cpu_context *<noident>
kernel/events/core.c:323:16: warning: incorrect type in initializer (different address spaces)
kernel/events/core.c:323:16:    expected void const [noderef] <asn:3>*__vpp_verify
kernel/events/core.c:323:16:    got struct perf_cpu_context *<noident>
kernel/events/core.c:323:16: warning: incorrect type in initializer (different address spaces)
kernel/events/core.c:323:16:    expected void const [noderef] <asn:3>*__vpp_verify
kernel/events/core.c:323:16:    got struct perf_cpu_context *<noident>
kernel/events/core.c:323:16: warning: incorrect type in initializer (different address spaces)
kernel/events/core.c:323:16:    expected void const [noderef] <asn:3>*__vpp_verify
kernel/events/core.c:323:16:    got struct perf_cpu_context *<noident>
kernel/events/core.c:323:16: warning: incorrect type in initializer (different address spaces)
kernel/events/core.c:323:16:    expected void const [noderef] <asn:3>*__vpp_verify
kernel/events/core.c:323:16:    got struct perf_cpu_context *<noident>
kernel/events/core.c:2580:26: warning: incorrect type in initializer (different address spaces)
kernel/events/core.c:2580:26:    expected void const [noderef] <asn:3>*__vpp_verify
kernel/events/core.c:2580:26:    got struct perf_cpu_context *<noident>
kernel/events/core.c:323:16: warning: incorrect type in initializer (different address spaces)
kernel/events/core.c:323:16:    expected void const [noderef] <asn:3>*__vpp_verify
kernel/events/core.c:323:16:    got struct perf_cpu_context *<noident>
kernel/events/core.c:3145:26: warning: incorrect type in initializer (different address spaces)
kernel/events/core.c:3145:26:    expected void const [noderef] <asn:3>*__vpp_verify
kernel/events/core.c:3145:26:    got struct perf_cpu_context *<noident>
kernel/events/core.c:3788:13: warning: symbol 'arch_perf_update_userpage' was not declared. Should it be static?
kernel/events/internal.h:139:46: warning: incorrect type in argument 2 (different address spaces)
kernel/events/internal.h:139:46:    expected void const [noderef] <asn:1>*from
kernel/events/internal.h:139:46:    got void const *src
kernel/events/core.c:4897:26: warning: incorrect type in initializer (different address spaces)
kernel/events/core.c:4897:26:    expected void const [noderef] <asn:3>*__vpp_verify
kernel/events/core.c:4897:26:    got struct perf_cpu_context *<noident>
kernel/events/core.c:6393:35: warning: incorrect type in return expression (different address spaces)
kernel/events/core.c:6393:35:    expected struct perf_cpu_context [noderef] <asn:3>*
kernel/events/core.c:6393:35:    got struct perf_cpu_context *[noderef] pmu_cpu_context
kernel/events/core.c:6406:26: warning: incorrect type in initializer (different address spaces)
kernel/events/core.c:6406:26:    expected void const [noderef] <asn:3>*__vpp_verify
kernel/events/core.c:6406:26:    got struct perf_cpu_context *<noident>
kernel/events/core.c:6428:24: warning: incorrect type in argument 1 (different address spaces)
kernel/events/core.c:6428:24:    expected void [noderef] <asn:3>*__pdata
kernel/events/core.c:6428:24:    got struct perf_cpu_context *[noderef] pmu_cpu_context
kernel/events/core.c:6477:26: warning: incorrect type in initializer (different address spaces)
kernel/events/core.c:6477:26:    expected void const [noderef] <asn:3>*__vpp_verify
kernel/events/core.c:6477:26:    got struct perf_cpu_context *<noident>
kernel/events/core.c:6544:32: warning: incorrect type in assignment (different address spaces)
kernel/events/core.c:6544:32:    expected int *[noderef] pmu_disable_count
kernel/events/core.c:6544:32:    got int [noderef] <asn:3>*<noident>
kernel/events/core.c:6569:30: warning: incorrect type in assignment (different address spaces)
kernel/events/core.c:6569:30:    expected struct perf_cpu_context *[noderef] pmu_cpu_context
kernel/events/core.c:6569:30:    got struct perf_cpu_context [noderef] <asn:3>*
kernel/events/core.c:6574:30: warning: incorrect type in assignment (different address spaces)
kernel/events/core.c:6574:30:    expected struct perf_cpu_context *[noderef] pmu_cpu_context
kernel/events/core.c:6574:30:    got struct perf_cpu_context [noderef] <asn:3>*<noident>
kernel/events/core.c:6581:26: warning: incorrect type in initializer (different address spaces)
kernel/events/core.c:6581:26:    expected void const [noderef] <asn:3>*__vpp_verify
kernel/events/core.c:6581:26:    got struct perf_cpu_context *<noident>
kernel/events/core.c:6636:24: warning: incorrect type in argument 1 (different address spaces)
kernel/events/core.c:6636:24:    expected void [noderef] <asn:3>*__pdata
kernel/events/core.c:6636:24:    got int *[noderef] pmu_disable_count
kernel/events/core.c:6654:24: warning: incorrect type in argument 1 (different address spaces)
kernel/events/core.c:6654:24:    expected void [noderef] <asn:3>*__pdata
kernel/events/core.c:6654:24:    got int *[noderef] pmu_disable_count
kernel/events/core.c:6663:12: warning: symbol 'perf_init_event' was not declared. Should it be static?
kernel/events/core.c:7393:20: warning: incorrect type in initializer (different address spaces)
kernel/events/core.c:7393:20:    expected void const [noderef] <asn:3>*__vpp_verify
kernel/events/core.c:7393:20:    got struct perf_cpu_context *<noident>
kernel/events/core.c:7394:20: warning: incorrect type in initializer (different address spaces)
kernel/events/core.c:7394:20:    expected void const [noderef] <asn:3>*__vpp_verify
kernel/events/core.c:7394:20:    got struct perf_cpu_context *<noident>
kernel/events/core.c:7924:43: warning: incorrect type in initializer (different address spaces)
kernel/events/core.c:7924:43:    expected void const [noderef] <asn:3>*__vpp_verify
kernel/events/core.c:7924:43:    got struct perf_cpu_context *<noident>
kernel/events/core.c:7952:24: warning: incorrect type in initializer (different address spaces)
kernel/events/core.c:7952:24:    expected void const [noderef] <asn:3>*__vpp_verify
kernel/events/core.c:7952:24:    got struct perf_cpu_context *<noident>
kernel/events/core.c:330:9: warning: context imbalance in 'perf_ctx_lock' - wrong count at exit
kernel/events/core.c:338:17: warning: context imbalance in 'perf_ctx_unlock' - unexpected unlock
include/linux/rcupdate.h:905:9: warning: context imbalance in 'perf_lock_task_context' - wrong count at exit
kernel/events/core.c:1014:17: warning: context imbalance in 'perf_pin_task_context' - unexpected unlock
kernel/events/core.c:1893:25: warning: context imbalance in '__perf_install_in_context' - unexpected unlock
kernel/events/core.c:3161:17: warning: context imbalance in 'find_get_context' - unexpected unlock
kernel/events/core.c:4910:17: warning: dereference of noderef expression
kernel/events/core.c:6393:32: warning: dereference of noderef expression
kernel/events/core.c:6422:21: warning: dereference of noderef expression
kernel/events/core.c:6422:43: warning: dereference of noderef expression
kernel/events/core.c:6428:21: warning: dereference of noderef expression
kernel/events/core.c:6545:14: warning: dereference of noderef expression
kernel/events/core.c:6570:13: warning: dereference of noderef expression
kernel/events/core.c:6575:14: warning: dereference of noderef expression
kernel/events/core.c:6636:21: warning: dereference of noderef expression
kernel/events/core.c:6654:21: warning: dereference of noderef expression
kernel/events/ring_buffer.c:104:5: warning: context imbalance in 'perf_output_begin' - different lock contexts for basic block
kernel/events/ring_buffer.c:217:6: warning: context imbalance in 'perf_output_end' - unexpected unlock
mm/gup.c:544:53: warning: implicit cast to nocast type
kernel/events/callchain.c:140:39: warning: incorrect type in argument 1 (different modifiers)
kernel/events/callchain.c:140:39:    expected int *recursion
kernel/events/callchain.c:140:39:    got int [noderef] *<noident>
kernel/events/callchain.c:156:31: warning: incorrect type in argument 1 (different modifiers)
kernel/events/callchain.c:156:31:    expected int *recursion
kernel/events/callchain.c:156:31:    got int [noderef] *<noident>
kernel/events/hw_breakpoint.c:83:12: warning: symbol 'hw_breakpoint_weight' was not declared. Should it be static?
kernel/events/hw_breakpoint.c:231:13: warning: symbol 'arch_unregister_hw_breakpoint' was not declared. Should it be static?
mm/memory.c:118:15: warning: symbol 'zero_pfn' was not declared. Should it be static?
mm/memory.c:903:17: warning: context imbalance in 'copy_pte_range' - different lock contexts for basic block
mm/memory.c:1463:32: warning: context imbalance in '__get_locked_pte' - different lock contexts for basic block
mm/memory.c:1666:17: warning: context imbalance in 'remap_pte_range' - different lock contexts for basic block
mm/memory.c:1864:17: warning: context imbalance in 'apply_to_pte_range' - unexpected unlock
mm/memory.c:3453:12: warning: context imbalance in '__follow_pte' - different lock contexts for basic block
include/net/netns/generic.h:34:20: warning: context imbalance in 'nfs_server_list_start' - wrong count at exit
include/net/netns/generic.h:34:20: warning: context imbalance in 'nfs_server_list_stop' - unexpected unlock
include/net/netns/generic.h:34:20: warning: context imbalance in 'nfs_volume_list_start' - wrong count at exit
include/net/netns/generic.h:34:20: warning: context imbalance in 'nfs_volume_list_stop' - unexpected unlock
mm/mlock.c:633:37: warning: implicit cast to nocast type
mm/mlock.c:781:37: warning: implicit cast to nocast type
include/linux/mm.h:1353:21: warning: context imbalance in '__munlock_pagevec_fill' - different lock contexts for basic block
kernel/irq/irqdesc.c:480:17: warning: context imbalance in '__irq_get_desc_lock' - wrong count at exit
kernel/irq/irqdesc.c:504:6: warning: context imbalance in '__irq_put_desc_unlock' - unexpected unlock
mm/mmap.c:1314:47: warning: implicit cast to nocast type
mm/mmap.c:1316:45: warning: implicit cast to nocast type
mm/mmap.c:1325:45: warning: implicit cast to nocast type
mm/mmap.c:1346:47: warning: implicit cast to nocast type
mm/mmap.c:1366:37: warning: implicit cast to nocast type
mm/mmap.c:1370:37: warning: implicit cast to nocast type
mm/mmap.c:1414:33: warning: implicit cast to nocast type
mm/mmap.c:1545:29: warning: implicit cast to nocast type
mm/mmap.c:826:9: warning: context imbalance in 'vma_adjust' - different lock contexts for basic block
mm/mprotect.c:46:14: warning: context imbalance in 'lock_pte_protection' - different lock contexts for basic block
mm/mprotect.c:133:9: warning: context imbalance in 'change_pte_range' - unexpected unlock
mm/mremap.c:154:9: warning: context imbalance in 'move_ptes' - different lock contexts for basic block
kernel/irq/spurious.c:47:17: warning: context imbalance in 'irq_wait_for_poll' - unexpected unlock
mm/rmap.c:609:23: warning: Using plain integer as NULL pointer
mm/rmap.c:1463:6: warning: symbol 'is_vma_temporary_stack' was not declared. Should it be static?
mm/rmap.c:600:7: warning: context imbalance in '__page_check_address' - wrong count at exit
mm/vmalloc.c:581:6: warning: symbol 'set_iounmap_nonlazy' was not declared. Should it be static?
block/genhd.c:1396:10: error: bad integer constant expression
block/genhd.c:1397:10: error: bad integer constant expression
block/genhd.c:1401:10: error: bad integer constant expression
block/genhd.c:1402:10: error: bad integer constant expression
mm/memblock.c:1216:6: warning: symbol 'memblock_virt_alloc_try_nid_nopanic' was not declared. Should it be static?
mm/memblock.c:1246:6: warning: symbol 'memblock_virt_alloc_try_nid' was not declared. Should it be static?
mm/memblock.c:1275:13: warning: symbol '__memblock_free_early' was not declared. Should it be static?
mm/memblock.c:1293:13: warning: symbol '__memblock_free_late' was not declared. Should it be static?
drivers/ata/libata-scsi.c:1901:9: warning: context imbalance in 'ata_scsi_rbuf_get' - wrong count at exit
drivers/ata/libata-scsi.c:1922:31: warning: context imbalance in 'ata_scsi_rbuf_fill' - unexpected unlock
drivers/ata/libata-scsi.c:1920:48: warning: context imbalance in 'atapi_qc_complete' - unexpected unlock
mm/swapfile.c:601:20: warning: context imbalance in 'scan_swap_map' - unexpected unlock
mm/swapfile.c:725:32: warning: context imbalance in 'swap_info_get' - different lock contexts for basic block
mm/swapfile.c:838:17: warning: context imbalance in 'swap_free' - unexpected unlock
mm/swapfile.c:852:17: warning: context imbalance in 'swapcache_free' - unexpected unlock
mm/swapfile.c:871:35: warning: context imbalance in 'page_swapcount' - unexpected unlock
mm/swapfile.c:961:28: warning: context imbalance in 'free_swap_and_cache' - unexpected unlock
mm/swapfile.c:2827:20: warning: context imbalance in 'add_swap_count_continuation' - unexpected unlock
./arch/arm/include/asm/spinlock.h:80:9: warning: context imbalance in '_raw_spin_lock' - wrong count at exit
./arch/arm/include/asm/spinlock.h:80:9: warning: context imbalance in '_raw_spin_lock_irqsave' - wrong count at exit
./arch/arm/include/asm/spinlock.h:80:9: warning: context imbalance in '_raw_spin_lock_irq' - wrong count at exit
./arch/arm/include/asm/spinlock.h:80:9: warning: context imbalance in '_raw_spin_lock_bh' - wrong count at exit
kernel/locking/spinlock.c:189:17: warning: context imbalance in '_raw_spin_unlock_irqrestore' - unexpected unlock
kernel/locking/spinlock.c:205:17: warning: context imbalance in '_raw_spin_unlock_bh' - unexpected unlock
kernel/locking/spinlock.c:221:17: warning: context imbalance in '_raw_read_lock' - wrong count at exit
kernel/locking/spinlock.c:229:26: warning: context imbalance in '_raw_read_lock_irqsave' - wrong count at exit
kernel/locking/spinlock.c:237:17: warning: context imbalance in '_raw_read_lock_irq' - wrong count at exit
kernel/locking/spinlock.c:245:17: warning: context imbalance in '_raw_read_lock_bh' - wrong count at exit
include/linux/rwlock_api_smp.h:234:9: warning: context imbalance in '_raw_read_unlock_irqrestore' - unexpected unlock
include/linux/rwlock_api_smp.h:250:9: warning: context imbalance in '_raw_read_unlock_bh' - unexpected unlock
kernel/locking/spinlock.c:293:17: warning: context imbalance in '_raw_write_lock' - wrong count at exit
kernel/locking/spinlock.c:301:26: warning: context imbalance in '_raw_write_lock_irqsave' - wrong count at exit
kernel/locking/spinlock.c:309:17: warning: context imbalance in '_raw_write_lock_irq' - wrong count at exit
kernel/locking/spinlock.c:317:17: warning: context imbalance in '_raw_write_lock_bh' - wrong count at exit
kernel/locking/spinlock.c:333:17: warning: context imbalance in '_raw_write_unlock_irqrestore' - unexpected unlock
kernel/locking/spinlock.c:349:17: warning: context imbalance in '_raw_write_unlock_bh' - unexpected unlock
mm/slub.c:1047:40: warning: context imbalance in 'free_debug_processing' - different lock contexts for basic block
include/linux/spinlock_api_smp.h:151:27: warning: context imbalance in 'deactivate_slab' - unexpected unlock
include/linux/spinlock_api_smp.h:151:27: warning: context imbalance in 'unfreeze_partials' - unexpected unlock
mm/slub.c:2537:47: warning: context imbalance in '__slab_free' - unexpected unlock
kernel/power/main.c:49:5: warning: symbol 'pm_async_enabled' was not declared. Should it be static?
kernel/power/main.c:619:25: warning: symbol 'pm_wq' was not declared. Should it be static?
fs/proc/task_mmu.c:541:18: error: bad integer constant expression
fs/proc/task_mmu.c:542:18: error: bad integer constant expression
fs/proc/task_mmu.c:543:18: error: bad integer constant expression
fs/proc/task_mmu.c:544:18: error: bad integer constant expression
fs/proc/task_mmu.c:545:18: error: bad integer constant expression
fs/proc/task_mmu.c:546:18: error: bad integer constant expression
fs/proc/task_mmu.c:547:18: error: bad integer constant expression
fs/proc/task_mmu.c:548:18: error: bad integer constant expression
fs/proc/task_mmu.c:549:18: error: bad integer constant expression
fs/proc/task_mmu.c:550:18: error: bad integer constant expression
fs/proc/task_mmu.c:551:18: error: bad integer constant expression
fs/proc/task_mmu.c:552:18: error: bad integer constant expression
fs/proc/task_mmu.c:553:18: error: bad integer constant expression
fs/proc/task_mmu.c:554:18: error: bad integer constant expression
fs/proc/task_mmu.c:555:18: error: bad integer constant expression
fs/proc/task_mmu.c:556:18: error: bad integer constant expression
fs/proc/task_mmu.c:557:18: error: bad integer constant expression
fs/proc/task_mmu.c:558:18: error: bad integer constant expression
fs/proc/task_mmu.c:559:18: error: bad integer constant expression
fs/proc/task_mmu.c:560:18: error: bad integer constant expression
fs/proc/task_mmu.c:561:18: error: bad integer constant expression
fs/proc/task_mmu.c:562:18: error: bad integer constant expression
fs/proc/task_mmu.c:563:18: error: bad integer constant expression
fs/proc/task_mmu.c:567:18: error: bad integer constant expression
fs/proc/task_mmu.c:568:18: error: bad integer constant expression
fs/proc/task_mmu.c:569:18: error: bad integer constant expression
fs/proc/task_mmu.c:570:18: error: bad integer constant expression
fs/proc/task_mmu.c:1215:23: error: incompatible types in comparison expression (different type sizes)
fs/notify/fdinfo.c:52:87: warning: Using plain integer as NULL pointer
fs/notify/fdinfo.c:103:5: warning: symbol 'inotify_show_fdinfo' was not declared. Should it be static?
drivers/ata/libata-sff.c:1302:9: warning: context imbalance in 'ata_sff_hsm_move' - different lock contexts for basic block
mm/migrate.c:115:24: warning: Using plain integer as NULL pointer
kernel/printk/printk.c:235:1: warning: symbol 'log_wait' was not declared. Should it be static?
kernel/printk/printk.c:913:15: warning: memcpy with byte count of 131072
fs/proc/array.c:417:43: warning: implicit cast to nocast type
fs/proc/array.c:418:26: warning: implicit cast to nocast type
fs/proc/array.c:451:62: warning: incorrect type in argument 2 (different modifiers)
fs/proc/array.c:451:62:    expected unsigned long [nocast] [usertype] *ut
fs/proc/array.c:451:62:    got unsigned long *<noident>
fs/proc/array.c:451:62: warning: implicit cast to nocast type
fs/proc/array.c:451:70: warning: incorrect type in argument 3 (different modifiers)
fs/proc/array.c:451:70:    expected unsigned long [nocast] [usertype] *st
fs/proc/array.c:451:70:    got unsigned long *<noident>
fs/proc/array.c:451:70: warning: implicit cast to nocast type
fs/proc/array.c:467:46: warning: incorrect type in argument 2 (different modifiers)
fs/proc/array.c:467:46:    expected unsigned long [nocast] [usertype] *ut
fs/proc/array.c:467:46:    got unsigned long *<noident>
fs/proc/array.c:467:46: warning: implicit cast to nocast type
fs/proc/array.c:467:54: warning: incorrect type in argument 3 (different modifiers)
fs/proc/array.c:467:54:    expected unsigned long [nocast] [usertype] *st
fs/proc/array.c:467:54:    got unsigned long *<noident>
fs/proc/array.c:467:54: warning: implicit cast to nocast type
kernel/rcu/tree.c:3511:21: warning: incorrect type in argument 1 (different modifiers)
kernel/rcu/tree.c:3511:21:    expected int ( *threadfn )( ... )
kernel/rcu/tree.c:3511:21:    got int ( static [toplevel] [noreturn] *<noident> )( ... )
kernel/rcu/tree.c:1363:9: warning: context imbalance in 'rcu_start_future_gp' - different lock contexts for basic block
kernel/rcu/tree.c:2262:17: warning: context imbalance in 'rcu_cleanup_dead_cpu' - unexpected unlock
kernel/rcu/tree.c:2443:9: warning: context imbalance in 'force_qs_rnp' - different lock contexts for basic block
kernel/rcu/tree.c:2499:25: warning: context imbalance in 'force_quiescent_state' - unexpected unlock
drivers/ata/libahci_platform.c:38:9: warning: Initializer entry defined twice
drivers/ata/libahci_platform.c:38:9:   also defined here
fs/proc/fd.c:98:55: warning: incorrect type in initializer (different base types)
fs/proc/fd.c:98:55:    expected unsigned int [unsigned] f_mode
fs/proc/fd.c:98:55:    got restricted fmode_t [usertype] f_mode
fs/proc/fd.c:116:54: warning: restricted fmode_t degrades to integer
fs/proc/fd.c:118:54: warning: restricted fmode_t degrades to integer
fs/proc/proc_tty.c:175:13: warning: symbol 'proc_tty_init' was not declared. Should it be static?
sound/core/pcm_native.c:172:37: warning: Variable length array is used.
sound/core/pcm_native.c:752:17: warning: context imbalance in 'snd_pcm_action_group' - different lock contexts for basic block
drivers/ata/sata_highbank.c:456:9: warning: Initializer entry defined twice
drivers/ata/sata_highbank.c:456:9:   also defined here
kernel/sched/core.c:94:6: warning: symbol '__smp_mb__before_atomic' was not declared. Should it be static?
kernel/sched/core.c:102:6: warning: symbol '__smp_mb__after_atomic' was not declared. Should it be static?
kernel/sched/core.c:918:6: warning: symbol 'sched_set_stop_task' was not declared. Should it be static?
kernel/sched/core.c:1150:5: warning: symbol 'migrate_swap' was not declared. Should it be static?
kernel/sched/core.c:2908:35: warning: symbol 'preempt_schedule_irq' was not declared. Should it be static?
kernel/sched/core.c:5708:28: warning: incorrect type in initializer (different address spaces)
kernel/sched/core.c:5708:28:    expected void const [noderef] <asn:3>*__vpp_verify
kernel/sched/core.c:5708:28:    got struct sched_domain **<noident>
kernel/sched/core.c:5743:26: warning: incorrect type in initializer (different address spaces)
kernel/sched/core.c:5743:26:    expected void const [noderef] <asn:3>*__vpp_verify
kernel/sched/core.c:5743:26:    got struct sched_domain **<noident>
kernel/sched/core.c:5764:28: warning: incorrect type in initializer (different address spaces)
kernel/sched/core.c:5764:28:    expected void const [noderef] <asn:3>*__vpp_verify
kernel/sched/core.c:5764:28:    got struct sched_group_capacity **<noident>
kernel/sched/core.c:5804:36: warning: incorrect type in initializer (different address spaces)
kernel/sched/core.c:5804:36:    expected void const [noderef] <asn:3>*__vpp_verify
kernel/sched/core.c:5804:36:    got struct sched_domain **<noident>
kernel/sched/core.c:5811:24: warning: incorrect type in initializer (different address spaces)
kernel/sched/core.c:5811:24:    expected void const [noderef] <asn:3>*__vpp_verify
kernel/sched/core.c:5811:24:    got struct sched_group **<noident>
kernel/sched/core.c:5812:31: warning: incorrect type in initializer (different address spaces)
kernel/sched/core.c:5812:31:    expected void const [noderef] <asn:3>*__vpp_verify
kernel/sched/core.c:5812:31:    got struct sched_group_capacity **<noident>
kernel/sched/core.c:6443:39: warning: incorrect type in initializer (different address spaces)
kernel/sched/core.c:6443:39:    expected void const [noderef] <asn:3>*__vpp_verify
kernel/sched/core.c:6443:39:    got struct sched_domain **<noident>
kernel/sched/core.c:6446:40: warning: incorrect type in initializer (different address spaces)
kernel/sched/core.c:6446:40:    expected void const [noderef] <asn:3>*__vpp_verify
kernel/sched/core.c:6446:40:    got struct sched_domain **<noident>
kernel/sched/core.c:6450:40: warning: incorrect type in initializer (different address spaces)
kernel/sched/core.c:6450:40:    expected void const [noderef] <asn:3>*__vpp_verify
kernel/sched/core.c:6450:40:    got struct sched_group **<noident>
kernel/sched/core.c:6452:40: warning: incorrect type in initializer (different address spaces)
kernel/sched/core.c:6452:40:    expected void const [noderef] <asn:3>*__vpp_verify
kernel/sched/core.c:6452:40:    got struct sched_group_capacity **<noident>
kernel/sched/core.c:6454:32: warning: incorrect type in argument 1 (different address spaces)
kernel/sched/core.c:6454:32:    expected void [noderef] <asn:3>*__pdata
kernel/sched/core.c:6454:32:    got struct sched_domain **[noderef] sd
kernel/sched/core.c:6456:32: warning: incorrect type in argument 1 (different address spaces)
kernel/sched/core.c:6456:32:    expected void [noderef] <asn:3>*__pdata
kernel/sched/core.c:6456:32:    got struct sched_group **[noderef] sg
kernel/sched/core.c:6458:32: warning: incorrect type in argument 1 (different address spaces)
kernel/sched/core.c:6458:32:    expected void [noderef] <asn:3>*__pdata
kernel/sched/core.c:6458:32:    got struct sched_group_capacity **[noderef] sgc
kernel/sched/core.c:6386:25: warning: incorrect type in assignment (different address spaces)
kernel/sched/core.c:6386:25:    expected struct sched_domain **[noderef] sd
kernel/sched/core.c:6386:25:    got struct sched_domain *[noderef] <asn:3>*<noident>
kernel/sched/core.c:6390:25: warning: incorrect type in assignment (different address spaces)
kernel/sched/core.c:6390:25:    expected struct sched_group **[noderef] sg
kernel/sched/core.c:6390:25:    got struct sched_group *[noderef] <asn:3>*<noident>
kernel/sched/core.c:6394:26: warning: incorrect type in assignment (different address spaces)
kernel/sched/core.c:6394:26:    expected struct sched_group_capacity **[noderef] sgc
kernel/sched/core.c:6394:26:    got struct sched_group_capacity *[noderef] <asn:3>*<noident>
kernel/sched/core.c:6408:26: warning: incorrect type in initializer (different address spaces)
kernel/sched/core.c:6408:26:    expected void const [noderef] <asn:3>*__vpp_verify
kernel/sched/core.c:6408:26:    got struct sched_domain **<noident>
kernel/sched/core.c:6417:26: warning: incorrect type in initializer (different address spaces)
kernel/sched/core.c:6417:26:    expected void const [noderef] <asn:3>*__vpp_verify
kernel/sched/core.c:6417:26:    got struct sched_group **<noident>
kernel/sched/core.c:6424:26: warning: incorrect type in initializer (different address spaces)
kernel/sched/core.c:6424:26:    expected void const [noderef] <asn:3>*__vpp_verify
kernel/sched/core.c:6424:26:    got struct sched_group_capacity **<noident>
kernel/sched/core.c:5952:30: warning: incorrect type in argument 1 (different address spaces)
kernel/sched/core.c:5952:30:    expected void [noderef] <asn:3>*__pdata
kernel/sched/core.c:5952:30:    got struct sched_domain **[noderef] sd
kernel/sched/core.c:5967:15: warning: incorrect type in assignment (different address spaces)
kernel/sched/core.c:5967:15:    expected struct sched_domain **[noderef] sd
kernel/sched/core.c:5967:15:    got struct sched_domain *[noderef] <asn:3>*<noident>
kernel/sched/core.c:5985:9: warning: incorrect type in initializer (different address spaces)
kernel/sched/core.c:5985:9:    expected void const [noderef] <asn:3>*__vpp_verify
kernel/sched/core.c:5985:9:    got struct sched_domain **<noident>
kernel/sched/core.c:5986:10: warning: incorrect type in initializer (different address spaces)
kernel/sched/core.c:5986:10:    expected void const [noderef] <asn:3>*__vpp_verify
kernel/sched/core.c:5986:10:    got struct sched_domain **<noident>
kernel/sched/core.c:5988:13: warning: incorrect type in initializer (different address spaces)
kernel/sched/core.c:5988:13:    expected void const [noderef] <asn:3>*__vpp_verify
kernel/sched/core.c:5988:13:    got struct sched_group **<noident>
kernel/sched/core.c:5989:18: warning: incorrect type in initializer (different address spaces)
kernel/sched/core.c:5989:18:    expected void const [noderef] <asn:3>*__vpp_verify
kernel/sched/core.c:5989:18:    got struct sched_group **<noident>
kernel/sched/core.c:5991:13: warning: incorrect type in initializer (different address spaces)
kernel/sched/core.c:5991:13:    expected void const [noderef] <asn:3>*__vpp_verify
kernel/sched/core.c:5991:13:    got struct sched_group_capacity **<noident>
kernel/sched/core.c:5992:18: warning: incorrect type in initializer (different address spaces)
kernel/sched/core.c:5992:18:    expected void const [noderef] <asn:3>*__vpp_verify
kernel/sched/core.c:5992:18:    got struct sched_group_capacity **<noident>
kernel/sched/core.c:6023:36: warning: incorrect type in initializer (different address spaces)
kernel/sched/core.c:6023:36:    expected void const [noderef] <asn:3>*__vpp_verify
kernel/sched/core.c:6023:36:    got struct sched_domain **<noident>
kernel/sched/core.c:6463:21: warning: symbol 'build_sched_domain' was not declared. Should it be static?
kernel/sched/core.c:6507:34: warning: incorrect type in initializer (different address spaces)
kernel/sched/core.c:6507:34:    expected void const [noderef] <asn:3>*__vpp_verify
kernel/sched/core.c:6507:34:    got struct sched_domain **<noident>
kernel/sched/core.c:6517:28: warning: incorrect type in initializer (different address spaces)
kernel/sched/core.c:6517:28:    expected void const [noderef] <asn:3>*__vpp_verify
kernel/sched/core.c:6517:28:    got struct sched_domain **<noident>
kernel/sched/core.c:6534:28: warning: incorrect type in initializer (different address spaces)
kernel/sched/core.c:6534:28:    expected void const [noderef] <asn:3>*__vpp_verify
kernel/sched/core.c:6534:28:    got struct sched_domain **<noident>
kernel/sched/core.c:6543:23: warning: incorrect type in initializer (different address spaces)
kernel/sched/core.c:6543:23:    expected void const [noderef] <asn:3>*__vpp_verify
kernel/sched/core.c:6543:23:    got struct sched_domain **<noident>
kernel/sched/core.c:4129:1: warning: context imbalance in 'sys_sched_yield' - unexpected unlock
kernel/sched/core.c:5952:29: warning: dereference of noderef expression
kernel/sched/core.c:5968:14: warning: dereference of noderef expression
kernel/sched/core.c:6387:22: warning: dereference of noderef expression
kernel/sched/core.c:6391:22: warning: dereference of noderef expression
kernel/sched/core.c:6395:22: warning: dereference of noderef expression
kernel/sched/core.c:6442:29: warning: dereference of noderef expression
kernel/sched/core.c:6449:29: warning: dereference of noderef expression
kernel/sched/core.c:6451:29: warning: dereference of noderef expression
kernel/sched/core.c:6454:29: warning: dereference of noderef expression
kernel/sched/core.c:6455:17: warning: dereference of noderef expression
kernel/sched/core.c:6456:29: warning: dereference of noderef expression
kernel/sched/core.c:6457:17: warning: dereference of noderef expression
kernel/sched/core.c:6458:29: warning: dereference of noderef expression
kernel/sched/core.c:6459:17: warning: dereference of noderef expression
drivers/ata/sata_mv.c:984:26: warning: cast removes address space of expression
drivers/ata/sata_mv.c:984:26: warning: cast removes address space of expression
drivers/ata/sata_mv.c:984:26: warning: cast removes address space of expression
drivers/ata/sata_mv.c:984:26: warning: cast removes address space of expression
drivers/ata/sata_mv.c:677:9: warning: Initializer entry defined twice
drivers/ata/sata_mv.c:678:10:   also defined here
fs/proc/meminfo.c:19:28: warning: symbol 'arch_report_meminfo' was not declared. Should it be static?
sound/core/pcm_lib.c:1915:42: warning: context imbalance in 'wait_for_avail' - unexpected unlock
fs/proc/namespaces.c:54:32: warning: symbol 'ns_dentry_operations' was not declared. Should it be static?
net/core/sock.c:1570:9: warning: context imbalance in 'sk_clone_lock' - different lock contexts for basic block
net/core/sock.c:2432:6: warning: context imbalance in 'lock_sock_fast' - different lock contexts for basic block
net/core/sock.c:2861:13: warning: context imbalance in 'proto_seq_start' - wrong count at exit
net/core/sock.c:2873:13: warning: context imbalance in 'proto_seq_stop' - wrong count at exit
kernel/sched/clock.c:77:19: warning: symbol 'sched_clock_running' was not declared. Should it be static?
kernel/sched/cputime.c:303:34: warning: incorrect type in argument 2 (different modifiers)
kernel/sched/cputime.c:303:34:    expected unsigned long [nocast] [usertype] *utime
kernel/sched/cputime.c:303:34:    got unsigned long *<noident>
kernel/sched/cputime.c:303:34: warning: implicit cast to nocast type
kernel/sched/cputime.c:303:42: warning: incorrect type in argument 3 (different modifiers)
kernel/sched/cputime.c:303:42:    expected unsigned long [nocast] [usertype] *stime
kernel/sched/cputime.c:303:42:    got unsigned long *<noident>
kernel/sched/cputime.c:303:42: warning: implicit cast to nocast type
kernel/sched/cputime.c:616:26: warning: incorrect type in argument 2 (different modifiers)
kernel/sched/cputime.c:616:26:    expected unsigned long [nocast] [usertype] *utime
kernel/sched/cputime.c:616:26:    got unsigned long *<noident>
kernel/sched/cputime.c:616:26: warning: implicit cast to nocast type
kernel/sched/cputime.c:616:42: warning: incorrect type in argument 3 (different modifiers)
kernel/sched/cputime.c:616:42:    expected unsigned long [nocast] [usertype] *stime
kernel/sched/cputime.c:616:42:    got unsigned long *<noident>
kernel/sched/cputime.c:616:42: warning: implicit cast to nocast type
fs/signalfd.c:107:25: warning: cast removes address space of expression
fs/signalfd.c:115:24: warning: cast removes address space of expression
fs/signalfd.c:141:24: warning: cast removes address space of expression
fs/signalfd.c:150:24: warning: cast removes address space of expression
kernel/sched/fair.c:50:14: warning: symbol 'normalized_sysctl_sched_latency' was not declared. Should it be static?
kernel/sched/fair.c:69:14: warning: symbol 'normalized_sysctl_sched_min_granularity' was not declared. Should it be static?
kernel/sched/fair.c:91:14: warning: symbol 'normalized_sysctl_sched_wakeup_granularity' was not declared. Should it be static?
kernel/sched/fair.c:3844:35: error: marked inline, but without a definition
fs/binfmt_elf.c:1342:34: warning: incorrect type in argument 2 (different modifiers)
fs/binfmt_elf.c:1342:34:    expected unsigned long [nocast] [usertype] *utime
fs/binfmt_elf.c:1342:34:    got unsigned long *<noident>
fs/binfmt_elf.c:1342:34: warning: implicit cast to nocast type
fs/binfmt_elf.c:1342:42: warning: incorrect type in argument 3 (different modifiers)
fs/binfmt_elf.c:1342:42:    expected unsigned long [nocast] [usertype] *stime
fs/binfmt_elf.c:1342:42:    got unsigned long *<noident>
fs/binfmt_elf.c:1342:42: warning: implicit cast to nocast type
fs/mbcache.c:754:53: warning: context imbalance in '__mb_cache_entry_find' - unexpected unlock
fs/mbcache.c:801:9: warning: context imbalance in 'mb_cache_entry_find_first' - different lock contexts for basic block
include/linux/bit_spinlock.h:34:9: warning: context imbalance in 'mb_cache_entry_find_next' - wrong count at exit
kernel/sched/rt.c:237:6: warning: symbol 'free_rt_sched_group' was not declared. Should it be static?
kernel/sched/rt.c:239:5: warning: symbol 'alloc_rt_sched_group' was not declared. Should it be static?
kernel/sched/rt.c:600:6: warning: symbol 'sched_rt_bandwidth_account' was not declared. Should it be static?
include/linux/spinlock_api_smp.h:151:27: warning: context imbalance in 'find_lock_lowest_rq' - unexpected unlock
kernel/sched/rt.c:1738:9: warning: context imbalance in 'push_rt_task' - unexpected unlock
include/linux/spinlock_api_smp.h:151:27: warning: context imbalance in 'pull_rt_task' - unexpected unlock
fs/coredump.c:46:5: warning: symbol 'core_uses_pid' was not declared. Should it be static?
fs/coredump.c:47:14: warning: symbol 'core_pipe_limit' was not declared. Should it be static?
fs/coredump.c:48:6: warning: symbol 'core_pattern' was not declared. Should it be static?
include/linux/sched.h:2531:37: warning: context imbalance in 'zap_threads' - different lock contexts for basic block
kernel/sched/deadline.c:60:6: warning: symbol 'init_dl_bw' was not declared. Should it be static?
kernel/sched/deadline.c:1018:20: warning: symbol 'pick_next_task_dl' was not declared. Should it be static?
include/linux/spinlock_api_smp.h:151:27: warning: context imbalance in 'find_lock_later_rq' - unexpected unlock
kernel/sched/deadline.c:1372:9: warning: context imbalance in 'push_dl_task' - unexpected unlock
include/linux/spinlock_api_smp.h:151:27: warning: context imbalance in 'pull_dl_task' - unexpected unlock
drivers/base/devtmpfs.c:357:25: warning: incorrect type in argument 1 (different address spaces)
drivers/base/devtmpfs.c:357:25:    expected char [noderef] <asn:1>*dev_name
drivers/base/devtmpfs.c:357:25:    got char static *<noident>
drivers/base/devtmpfs.c:357:38: warning: incorrect type in argument 2 (different address spaces)
drivers/base/devtmpfs.c:357:38:    expected char [noderef] <asn:1>*dir_name
drivers/base/devtmpfs.c:357:38:    got char *<noident>
drivers/base/devtmpfs.c:357:53: warning: incorrect type in argument 3 (different address spaces)
drivers/base/devtmpfs.c:357:53:    expected char [noderef] <asn:1>*type
drivers/base/devtmpfs.c:357:53:    got char static *<noident>
drivers/base/devtmpfs.c:383:26: warning: incorrect type in argument 1 (different address spaces)
drivers/base/devtmpfs.c:383:26:    expected char [noderef] <asn:1>*dev_name
drivers/base/devtmpfs.c:383:26:    got char static *<noident>
drivers/base/devtmpfs.c:383:38: warning: incorrect type in argument 2 (different address spaces)
drivers/base/devtmpfs.c:383:38:    expected char [noderef] <asn:1>*dir_name
drivers/base/devtmpfs.c:383:38:    got char static *<noident>
drivers/base/devtmpfs.c:383:43: warning: incorrect type in argument 3 (different address spaces)
drivers/base/devtmpfs.c:383:43:    expected char [noderef] <asn:1>*type
drivers/base/devtmpfs.c:383:43:    got char static *<noident>
drivers/base/devtmpfs.c:383:66: warning: incorrect type in argument 5 (different address spaces)
drivers/base/devtmpfs.c:383:66:    expected void [noderef] <asn:1>*data
drivers/base/devtmpfs.c:383:66:    got char *<noident>
drivers/base/devtmpfs.c:386:19: warning: incorrect type in argument 1 (different address spaces)
drivers/base/devtmpfs.c:386:19:    expected char const [noderef] <asn:1>*filename
drivers/base/devtmpfs.c:386:19:    got char static *<noident>
drivers/base/devtmpfs.c:387:20: warning: incorrect type in argument 1 (different address spaces)
drivers/base/devtmpfs.c:387:20:    expected char const [noderef] <asn:1>*filename
drivers/base/devtmpfs.c:387:20:    got char static *<noident>
drivers/base/dma-coherent.c:46:33: warning: incorrect type in assignment (different address spaces)
drivers/base/dma-coherent.c:46:33:    expected void *virt_base
drivers/base/dma-coherent.c:46:33:    got void [noderef] <asn:2>*[assigned] mem_base
drivers/base/dma-coherent.c:73:20: warning: incorrect type in argument 1 (different address spaces)
drivers/base/dma-coherent.c:73:20:    expected void volatile [noderef] <asn:2>*addr
drivers/base/dma-coherent.c:73:20:    got void *virt_base
include/net/sock.h:1549:31: warning: context imbalance in 'skb_free_datagram_locked' - unexpected unlock
drivers/base/firmware_class.c:260:9: warning: context imbalance in 'fw_free_buf' - wrong count at exit
net/core/scm.c:236:26: warning: cast removes address space of expression
net/core/scm.c:236:26: warning: incorrect type in argument 1 (different address spaces)
net/core/scm.c:236:26:    expected void [noderef] <asn:1>*to
net/core/scm.c:236:26:    got void *<noident>
net/core/scm.c:272:48: warning: cast removes address space of expression
sound/soc/soc-core.c:108:25: warning: Variable length array is used.
sound/soc/soc-core.c:109:29: warning: Variable length array is used.
sound/soc/soc-core.c:245:20: error: incompatible types in comparison expression (different type sizes)
kernel/sched/debug.c:245:6: warning: symbol 'print_rt_rq' was not declared. Should it be static?
net/core/gen_stats.c:58:1: warning: context imbalance in 'gnet_stats_start_copy_compat' - wrong count at exit
net/core/gen_stats.c:35:23: warning: context imbalance in 'gnet_stats_copy_basic' - unexpected unlock
net/core/gen_stats.c:35:23: warning: context imbalance in 'gnet_stats_copy_rate_est' - unexpected unlock
net/core/gen_stats.c:35:23: warning: context imbalance in 'gnet_stats_copy_queue' - unexpected unlock
net/core/gen_stats.c:35:23: warning: context imbalance in 'gnet_stats_copy_app' - unexpected unlock
net/core/gen_stats.c:35:23: warning: context imbalance in 'gnet_stats_finish_copy' - unexpected unlock
net/core/sysctl_net_core.c:155:23: error: incompatible types in comparison expression (different type sizes)
kernel/time/hrtimer.c:65:1: warning: symbol 'hrtimer_bases' was not declared. Should it be static?
kernel/time/hrtimer.c:153:27: warning: context imbalance in 'lock_hrtimer_base' - wrong count at exit
kernel/time/hrtimer.c:1033:25: warning: context imbalance in '__hrtimer_start_range_ns' - unexpected unlock
kernel/time/hrtimer.c:832:9: warning: context imbalance in 'hrtimer_try_to_cancel' - unexpected unlock
kernel/time/hrtimer.c:1138:9: warning: context imbalance in 'hrtimer_get_remaining' - unexpected unlock
include/trace/events/net.h:170:1: error: directive in argument list
include/trace/events/net.h:172:1: error: directive in argument list
include/trace/events/net.h:174:1: error: directive in argument list
kernel/time/itimer.c:126:59: warning: implicit cast to nocast type
kernel/time/itimer.c:167:55: warning: incorrect type in argument 3 (different modifiers)
kernel/time/itimer.c:167:55:    expected unsigned long [nocast] [usertype] *newval
kernel/time/itimer.c:167:55:    got unsigned long *<noident>
kernel/time/itimer.c:167:55: warning: implicit cast to nocast type
kernel/time/itimer.c:167:62: warning: incorrect type in argument 4 (different modifiers)
kernel/time/itimer.c:167:62:    expected unsigned long [nocast] [usertype] *oldval
kernel/time/itimer.c:167:62:    got unsigned long *<noident>
kernel/time/itimer.c:167:62: warning: implicit cast to nocast type
kernel/time/itimer.c:226:56: warning: implicit cast to nocast type
kernel/time/posix-timers.c:396:9: warning: context imbalance in 'do_schedule_next_timer' - different lock contexts for basic block
kernel/time/posix-timers.c:686:24: warning: context imbalance in '__lock_timer' - different lock contexts for basic block
kernel/time/posix-cpu-timers.c:27:53: warning: incorrect type in argument 3 (different modifiers)
kernel/time/posix-cpu-timers.c:27:53:    expected unsigned long [nocast] [usertype] *newval
kernel/time/posix-cpu-timers.c:27:53:    got unsigned long *<noident>
kernel/time/posix-cpu-timers.c:27:53: warning: implicit cast to nocast type
kernel/time/posix-cpu-timers.c:130:26: warning: incorrect type in argument 2 (different modifiers)
kernel/time/posix-cpu-timers.c:130:26:    expected unsigned long [nocast] [usertype] *utime
kernel/time/posix-cpu-timers.c:130:26:    got unsigned long *<noident>
kernel/time/posix-cpu-timers.c:130:26: warning: implicit cast to nocast type
kernel/time/posix-cpu-timers.c:130:34: warning: incorrect type in argument 3 (different modifiers)
kernel/time/posix-cpu-timers.c:130:34:    expected unsigned long [nocast] [usertype] *stime
kernel/time/posix-cpu-timers.c:130:34:    got unsigned long *<noident>
kernel/time/posix-cpu-timers.c:130:34: warning: implicit cast to nocast type
kernel/time/posix-cpu-timers.c:138:26: warning: incorrect type in argument 2 (different modifiers)
kernel/time/posix-cpu-timers.c:138:26:    expected unsigned long [nocast] [usertype] *utime
kernel/time/posix-cpu-timers.c:138:26:    got unsigned long *<noident>
kernel/time/posix-cpu-timers.c:138:26: warning: implicit cast to nocast type
kernel/time/posix-cpu-timers.c:130:26: warning: incorrect type in argument 2 (different modifiers)
kernel/time/posix-cpu-timers.c:130:26:    expected unsigned long [nocast] [usertype] *utime
kernel/time/posix-cpu-timers.c:130:26:    got unsigned long *<noident>
kernel/time/posix-cpu-timers.c:130:26: warning: implicit cast to nocast type
kernel/time/posix-cpu-timers.c:130:34: warning: incorrect type in argument 3 (different modifiers)
kernel/time/posix-cpu-timers.c:130:34:    expected unsigned long [nocast] [usertype] *stime
kernel/time/posix-cpu-timers.c:130:34:    got unsigned long *<noident>
kernel/time/posix-cpu-timers.c:130:34: warning: implicit cast to nocast type
kernel/time/posix-cpu-timers.c:138:26: warning: incorrect type in argument 2 (different modifiers)
kernel/time/posix-cpu-timers.c:138:26:    expected unsigned long [nocast] [usertype] *utime
kernel/time/posix-cpu-timers.c:138:26:    got unsigned long *<noident>
kernel/time/posix-cpu-timers.c:138:26: warning: implicit cast to nocast type
kernel/time/posix-cpu-timers.c:918:27: warning: implicit cast from nocast type
kernel/time/posix-cpu-timers.c:927:39: warning: implicit cast to nocast type
kernel/time/posix-cpu-timers.c:932:62: warning: implicit cast to nocast type
kernel/time/posix-cpu-timers.c:936:44: warning: implicit cast from nocast type
kernel/time/posix-cpu-timers.c:937:30: warning: implicit cast from nocast type
kernel/time/posix-cpu-timers.c:1000:38: warning: implicit cast from nocast type
kernel/time/posix-cpu-timers.c:1001:40: warning: implicit cast from nocast type
kernel/time/posix-cpu-timers.c:1114:28: warning: incorrect type in argument 2 (different modifiers)
kernel/time/posix-cpu-timers.c:1114:28:    expected unsigned long [nocast] [usertype] *utime
kernel/time/posix-cpu-timers.c:1114:28:    got unsigned long *<noident>
kernel/time/posix-cpu-timers.c:1114:28: warning: implicit cast to nocast type
kernel/time/posix-cpu-timers.c:1114:36: warning: incorrect type in argument 3 (different modifiers)
kernel/time/posix-cpu-timers.c:1114:36:    expected unsigned long [nocast] [usertype] *stime
kernel/time/posix-cpu-timers.c:1114:36:    got unsigned long *<noident>
kernel/time/posix-cpu-timers.c:1114:36: warning: implicit cast to nocast type
kernel/time/posix-cpu-timers.c:1230:29: warning: implicit cast from nocast type
kernel/time/posix-cpu-timers.c:1234:44: warning: implicit cast to nocast type
kernel/time/posix-cpu-timers.c:1240:28: warning: implicit cast to nocast type
drivers/block/loop.c:235:38: warning: incorrect type in argument 2 (different address spaces)
drivers/block/loop.c:235:38:    expected char const [noderef] <asn:1>*<noident>
drivers/block/loop.c:235:38:    got unsigned char [usertype] *buf
./arch/arm/include/asm/futex.h:51:19: warning: incorrect type in argument 1 (different address spaces)
./arch/arm/include/asm/futex.h:51:19:    expected void const *ptr
./arch/arm/include/asm/futex.h:51:19:    got unsigned int [noderef] [usertype] <asn:1>*uaddr
./arch/arm/include/asm/futex.h:131:17: warning: incorrect type in argument 1 (different address spaces)
./arch/arm/include/asm/futex.h:131:17:    expected void const *ptr
./arch/arm/include/asm/futex.h:131:17:    got unsigned int [noderef] [usertype] <asn:1>*uaddr
./arch/arm/include/asm/futex.h:134:17: warning: incorrect type in argument 1 (different address spaces)
./arch/arm/include/asm/futex.h:134:17:    expected void const *ptr
./arch/arm/include/asm/futex.h:134:17:    got unsigned int [noderef] [usertype] <asn:1>*uaddr
./arch/arm/include/asm/futex.h:137:17: warning: incorrect type in argument 1 (different address spaces)
./arch/arm/include/asm/futex.h:137:17:    expected void const *ptr
./arch/arm/include/asm/futex.h:137:17:    got unsigned int [noderef] [usertype] <asn:1>*uaddr
./arch/arm/include/asm/futex.h:140:17: warning: incorrect type in argument 1 (different address spaces)
./arch/arm/include/asm/futex.h:140:17:    expected void const *ptr
./arch/arm/include/asm/futex.h:140:17:    got unsigned int [noderef] [usertype] <asn:1>*uaddr
./arch/arm/include/asm/futex.h:143:17: warning: incorrect type in argument 1 (different address spaces)
./arch/arm/include/asm/futex.h:143:17:    expected void const *ptr
./arch/arm/include/asm/futex.h:143:17:    got unsigned int [noderef] [usertype] <asn:1>*uaddr
kernel/futex.c:1275:33: warning: context imbalance in 'futex_wake_op' - different lock contexts for basic block
kernel/futex.c:1561:41: warning: context imbalance in 'futex_requeue' - different lock contexts for basic block
kernel/futex.c:2045:13: warning: context imbalance in 'futex_wait_queue_me' - unexpected unlock
kernel/futex.c:2151:9: warning: context imbalance in 'futex_wait_setup' - different lock contexts for basic block
kernel/time/jiffies.c:107:20: warning: symbol 'refined_jiffies' was not declared. Should it be static?
net/core/rtnetlink.c:1948:41: warning: Variable length array is used.
net/core/rtnetlink.c:1949:49: warning: Variable length array is used.
kernel/time/clockevents.c:612:17: warning: symbol 'clockevents_subsys' was not declared. Should it be static?
kernel/smp.c:542:13: warning: symbol 'smp_announce' was not declared. Should it be static?
kernel/time/tick-sched.c:381:5: warning: symbol 'tick_nohz_active' was not declared. Should it be static?
kernel/module.c:211:6: error: symbol '__module_put_and_exit' redeclared with different type (originally declared at include/linux/module.h:449) - different modifiers
net/core/filter.c:73:6: warning: symbol 'bpf_internal_load_pointer_neg_helper' was not declared. Should it be static?
net/core/filter.c:395:43: error: arithmetics on pointers to functions
net/core/filter.c:772:33: error: subtraction of functions? Share your drugs
net/core/filter.c:775:33: error: subtraction of functions? Share your drugs
net/core/filter.c:778:33: error: subtraction of functions? Share your drugs
net/core/filter.c:781:33: error: subtraction of functions? Share your drugs
net/core/filter.c:784:33: error: subtraction of functions? Share your drugs
net/core/filter.c:1210:30: error: cannot size expression
drivers/char/mem.c:87:13: warning: symbol 'unxlate_dev_mem_ptr' was not declared. Should it be static?
drivers/char/mem.c:220:12: warning: symbol 'phys_mem_access_prot_allowed' was not declared. Should it be static?
net/core/dev_ioctl.c:148:32: error: incompatible types in comparison expression (different type sizes)
net/core/dev_ioctl.c:268:24: error: incompatible types in comparison expression (different type sizes)
kernel/kexec.c:63:13: warning: symbol 'kexec_purgatory' was not declared. Should it be static?
kernel/kexec.c:64:15: warning: symbol 'kexec_purgatory_size' was not declared. Should it be static?
kernel/kexec.c:403:12: warning: symbol 'arch_kexec_kernel_image_probe' was not declared. Should it be static?
kernel/kexec.c:409:6: warning: symbol 'arch_kexec_kernel_image_load' was not declared. Should it be static?
kernel/kexec.c:414:13: warning: symbol 'arch_kimage_file_post_load_cleanup' was not declared. Should it be static?
kernel/kexec.c:420:1: warning: symbol 'arch_kexec_apply_relocations_add' was not declared. Should it be static?
kernel/kexec.c:429:1: warning: symbol 'arch_kexec_apply_relocations' was not declared. Should it be static?
kernel/stop_machine.c:520:36: warning: incorrect type in initializer (different address spaces)
kernel/stop_machine.c:520:36:    expected struct task_struct [noderef] <asn:3>**store
kernel/stop_machine.c:520:36:    got struct task_struct *static [noderef] [toplevel] <asn:3>*<noident>
drivers/char/random.c:1337:27: warning: Variable length array is used.
drivers/char/random.c:1433:25: error: incompatible types in comparison expression (different type sizes)
kernel/hung_task.c:24:19: warning: symbol 'sysctl_hung_task_check_count' was not declared. Should it be static?
kernel/hung_task.c:38:29: warning: symbol 'sysctl_hung_task_timeout_secs' was not declared. Should it be static?
kernel/hung_task.c:40:19: warning: symbol 'sysctl_hung_task_warnings' was not declared. Should it be static?
kernel/hung_task.c:50:28: warning: symbol 'sysctl_hung_task_panic' was not declared. Should it be static?
kernel/hung_task.c:197:5: warning: symbol 'proc_dohung_task_timeout_secs' was not declared. Should it be static?
kernel/watchdog.c:304:21: warning: expression using sizeof bool
kernel/watchdog.c:309:25: warning: expression using sizeof bool
kernel/watchdog.c:336:21: warning: expression using sizeof bool
kernel/watchdog.c:345:33: warning: expression using sizeof bool
kernel/watchdog.c:374:17: warning: expression using sizeof bool
kernel/watchdog.c:376:17: warning: expression using sizeof bool
kernel/watchdog.c:525:36: warning: incorrect type in initializer (different address spaces)
kernel/watchdog.c:525:36:    expected struct task_struct [noderef] <asn:3>**store
kernel/watchdog.c:525:36:    got struct task_struct *static [noderef] [toplevel] <asn:3>*<noident>
kernel/elfcore.c:6:17: warning: symbol 'elf_core_extra_phdrs' was not declared. Should it be static?
kernel/elfcore.c:11:12: warning: symbol 'elf_core_write_extra_phdrs' was not declared. Should it be static?
kernel/elfcore.c:16:12: warning: symbol 'elf_core_write_extra_data' was not declared. Should it be static?
kernel/elfcore.c:21:15: warning: symbol 'elf_core_extra_data_size' was not declared. Should it be static?
kernel/irq_work.c:52:13: warning: symbol 'arch_irq_work_raise' was not declared. Should it be static?
drivers/clk/clk.c:2187:5: warning: symbol '__clk_get' was not declared. Should it be static?
drivers/clk/clk.c:2198:6: warning: symbol '__clk_put' was not declared. Should it be static?
drivers/clk/clk.c:2566:37: warning: incorrect type in assignment (different modifiers)
drivers/clk/clk.c:2566:37:    expected void ( *[usertype] clk_init_cb )( ... )
drivers/clk/clk.c:2566:37:    got void const *const data
drivers/clk/clk.c:66:22: warning: context imbalance in 'clk_enable_lock' - wrong count at exit
drivers/clk/clk.c:91:9: warning: context imbalance in 'clk_enable_unlock' - unexpected unlock
lib/lockref.c:97:5: warning: context imbalance in 'lockref_get_or_lock' - different lock contexts for basic block
lib/lockref.c:121:5: warning: context imbalance in 'lockref_put_or_lock' - wrong count at exit
lib/bcd.c:4:10: error: symbol '_bcd2bin' redeclared with different type (originally declared at include/linux/bcd.h:19) - different modifiers
lib/bcd.c:10:15: error: symbol '_bin2bcd' redeclared with different type (originally declared at include/linux/bcd.h:20) - different modifiers
lib/div64.c:26:32: warning: symbol '__div64_32' was not declared. Should it be static?
arch/arm/lib/delay.c:102:15: warning: symbol 'calibrate_delay_is_known' was not declared. Should it be static?
arch/arm/lib/delay.c:108:6: warning: symbol 'calibration_delay_done' was not declared. Should it be static?
drivers/clk/clk-divider.c:354:9: warning: context imbalance in 'clk_divider_set_rate' - different lock contexts for basic block
drivers/clk/clk-gate.c:71:9: warning: context imbalance in 'clk_gate_endisable' - different lock contexts for basic block
drivers/clk/clk-mux.c:69:12: warning: context imbalance in 'clk_mux_set_parent' - different lock contexts for basic block
lib/gcd.c:6:15: error: symbol 'gcd' redeclared with different type (originally declared at include/linux/gcd.h:6) - different modifiers
lib/lcm.c:7:15: error: symbol 'lcm' redeclared with different type (originally declared at include/linux/lcm.h:6) - different modifiers
drivers/clk/clk-fractional-divider.c:36:9: warning: context imbalance in 'clk_fd_recalc_rate' - different lock contexts for basic block
drivers/clk/clk-fractional-divider.c:65:12: warning: context imbalance in 'clk_fd_set_rate' - different lock contexts for basic block
drivers/clk/bcm/clk-kona.c:1255:16: warning: odd constant _Bool cast (ffffffffffffffea becomes 1)
drivers/clk/berlin/berlin2-pll.c:94:12: warning: symbol 'berlin2_pll_register' was not declared. Should it be static?
drivers/clk/berlin/berlin2-div.c:90:9: warning: context imbalance in 'berlin2_div_is_enabled' - different lock contexts for basic block
drivers/clk/berlin/berlin2-div.c:93:12: warning: context imbalance in 'berlin2_div_enable' - different lock contexts for basic block
drivers/clk/berlin/berlin2-div.c:125:9: warning: context imbalance in 'berlin2_div_disable' - different lock contexts for basic block
drivers/clk/berlin/berlin2-div.c:129:12: warning: context imbalance in 'berlin2_div_set_parent' - different lock contexts for basic block
drivers/clk/berlin/berlin2-div.c:183:9: warning: context imbalance in 'berlin2_div_get_parent' - different lock contexts for basic block
drivers/clk/berlin/berlin2-div.c:219:9: warning: context imbalance in 'berlin2_div_recalc_rate' - different lock contexts for basic block
lib/kstrtox.c:338:1: error: incompatible types in comparison expression (different type sizes)
lib/kstrtox.c:339:1: error: incompatible types in comparison expression (different type sizes)
lib/kstrtox.c:340:1: error: incompatible types in comparison expression (different type sizes)
lib/kstrtox.c:341:1: error: incompatible types in comparison expression (different type sizes)
lib/kstrtox.c:342:1: error: incompatible types in comparison expression (different type sizes)
lib/kstrtox.c:343:1: error: incompatible types in comparison expression (different type sizes)
lib/kstrtox.c:344:1: error: incompatible types in comparison expression (different type sizes)
lib/kstrtox.c:345:1: error: incompatible types in comparison expression (different type sizes)
lib/kstrtox.c:346:1: error: incompatible types in comparison expression (different type sizes)
lib/kstrtox.c:347:1: error: incompatible types in comparison expression (different type sizes)
drivers/clk/bcm/clk-kona-setup.c:24:1: warning: symbol 'ccu_list' was not declared. Should it be static?
drivers/clk/hisilicon/clkgate-separated.c:48:12: warning: context imbalance in 'clkgate_separated_enable' - different lock contexts for basic block
drivers/clk/hisilicon/clkgate-separated.c:77:9: warning: context imbalance in 'clkgate_separated_disable' - different lock contexts for basic block
drivers/clk/keystone/gate.c:118:12: warning: context imbalance in 'keystone_clk_enable' - different lock contexts for basic block
drivers/clk/keystone/gate.c:148:9: warning: context imbalance in 'keystone_clk_disable' - different lock contexts for basic block
drivers/clocksource/clksrc-of.c:37:27: warning: incorrect type in assignment (different modifiers)
drivers/clocksource/clksrc-of.c:37:27:    expected void ( *[usertype] init_func )( ... )
drivers/clocksource/clksrc-of.c:37:27:    got void const *const data
lib/xz/xz_dec_stream.c:734:23: warning: function 'xz_dec_run' with external linkage has definition
lib/xz/xz_dec_stream.c:770:25: warning: function 'xz_dec_init' with external linkage has definition
lib/xz/xz_dec_stream.c:800:16: warning: function 'xz_dec_reset' with external linkage has definition
lib/xz/xz_dec_stream.c:812:16: warning: function 'xz_dec_end' with external linkage has definition
lib/swiotlb.c:243:1: warning: symbol 'swiotlb_late_init_with_default_size' was not declared. Should it be static?
lib/swiotlb.c:540:13: warning: symbol 'map_single' was not declared. Should it be static?
lib/xz/xz_dec_lzma2.c:931:23: warning: function 'xz_dec_lzma2_run' with external linkage has definition
lib/xz/xz_dec_lzma2.c:1108:31: warning: function 'xz_dec_lzma2_create' with external linkage has definition
lib/xz/xz_dec_lzma2.c:1132:23: warning: function 'xz_dec_lzma2_reset' with external linkage has definition
lib/xz/xz_dec_lzma2.c:1169:16: warning: function 'xz_dec_lzma2_end' with external linkage has definition
lib/xz/xz_dec_bcj.c:417:23: warning: function 'xz_dec_bcj_run' with external linkage has definition
lib/xz/xz_dec_bcj.c:527:29: warning: function 'xz_dec_bcj_create' with external linkage has definition
lib/xz/xz_dec_bcj.c:536:23: warning: function 'xz_dec_bcj_reset' with external linkage has definition
lib/xz/xz_dec_bcj.c:91:21: warning: Initializer entry defined twice
lib/xz/xz_dec_bcj.c:91:27:   also defined here
lib/iommu-helper.c:9:5: warning: symbol 'iommu_is_span_boundary' was not declared. Should it be static?
lib/iommu-helper.c:19:15: warning: symbol 'iommu_area_alloc' was not declared. Should it be static?
lib/dec_and_lock.c:20:5: warning: context imbalance in '_atomic_dec_and_lock' - different lock contexts for basic block
drivers/clocksource/tegra20_timer.c:262:6: warning: symbol 'tegra_timer_suspend' was not declared. Should it be static?
drivers/clocksource/tegra20_timer.c:267:6: warning: symbol 'tegra_timer_resume' was not declared. Should it be static?
drivers/clk/sirf/clk-common.c:60:16: warning: incorrect type in argument 1 (different address spaces)
drivers/clk/sirf/clk-common.c:60:16:    expected void const volatile [noderef] <asn:2>*addr
drivers/clk/sirf/clk-common.c:60:16:    got void *
drivers/clk/sirf/clk-common.c:60:16: warning: incorrect type in argument 1 (different address spaces)
drivers/clk/sirf/clk-common.c:60:16:    expected void const volatile [noderef] <asn:2>*addr
drivers/clk/sirf/clk-common.c:60:16:    got void *
drivers/clk/sirf/clk-common.c:65:9: warning: incorrect type in argument 2 (different address spaces)
drivers/clk/sirf/clk-common.c:65:9:    expected void volatile [noderef] <asn:2>*addr
drivers/clk/sirf/clk-common.c:65:9:    got void *
drivers/clk/sirf/clk-common.c:60:16: warning: incorrect type in argument 1 (different address spaces)
drivers/clk/sirf/clk-common.c:60:16:    expected void const volatile [noderef] <asn:2>*addr
drivers/clk/sirf/clk-common.c:60:16:    got void *
drivers/clk/sirf/clk-common.c:65:9: warning: incorrect type in argument 2 (different address spaces)
drivers/clk/sirf/clk-common.c:65:9:    expected void volatile [noderef] <asn:2>*addr
drivers/clk/sirf/clk-common.c:65:9:    got void *
drivers/clk/sirf/clk-common.c:60:16: warning: incorrect type in argument 1 (different address spaces)
drivers/clk/sirf/clk-common.c:60:16:    expected void const volatile [noderef] <asn:2>*addr
drivers/clk/sirf/clk-common.c:60:16:    got void *
drivers/clk/sirf/clk-common.c:60:16: warning: incorrect type in argument 1 (different address spaces)
drivers/clk/sirf/clk-common.c:60:16:    expected void const volatile [noderef] <asn:2>*addr
drivers/clk/sirf/clk-common.c:60:16:    got void *
drivers/clk/sirf/clk-common.c:65:9: warning: incorrect type in argument 2 (different address spaces)
drivers/clk/sirf/clk-common.c:65:9:    expected void volatile [noderef] <asn:2>*addr
drivers/clk/sirf/clk-common.c:65:9:    got void *
drivers/clk/sirf/clk-common.c:65:9: warning: incorrect type in argument 2 (different address spaces)
drivers/clk/sirf/clk-common.c:65:9:    expected void volatile [noderef] <asn:2>*addr
drivers/clk/sirf/clk-common.c:65:9:    got void *
drivers/clk/sirf/clk-common.c:60:16: warning: incorrect type in argument 1 (different address spaces)
drivers/clk/sirf/clk-common.c:60:16:    expected void const volatile [noderef] <asn:2>*addr
drivers/clk/sirf/clk-common.c:60:16:    got void *
drivers/clk/sirf/clk-common.c:243:19: warning: incorrect type in argument 1 (different address spaces)
drivers/clk/sirf/clk-common.c:243:19:    expected void const volatile [noderef] <asn:2>*addr
drivers/clk/sirf/clk-common.c:243:19:    got void *
drivers/clk/sirf/clk-common.c:245:9: warning: incorrect type in argument 2 (different address spaces)
drivers/clk/sirf/clk-common.c:245:9:    expected void volatile [noderef] <asn:2>*addr
drivers/clk/sirf/clk-common.c:245:9:    got void *
drivers/clk/sirf/clk-common.c:246:18: warning: incorrect type in argument 1 (different address spaces)
drivers/clk/sirf/clk-common.c:246:18:    expected void const volatile [noderef] <asn:2>*addr
drivers/clk/sirf/clk-common.c:246:18:    got void *
drivers/clk/sirf/clk-common.c:255:19: warning: incorrect type in argument 1 (different address spaces)
drivers/clk/sirf/clk-common.c:255:19:    expected void const volatile [noderef] <asn:2>*addr
drivers/clk/sirf/clk-common.c:255:19:    got void *
drivers/clk/sirf/clk-common.c:257:9: warning: incorrect type in argument 2 (different address spaces)
drivers/clk/sirf/clk-common.c:257:9:    expected void volatile [noderef] <asn:2>*addr
drivers/clk/sirf/clk-common.c:257:9:    got void *
drivers/clk/sirf/clk-common.c:262:19: warning: incorrect type in argument 1 (different address spaces)
drivers/clk/sirf/clk-common.c:262:19:    expected void const volatile [noderef] <asn:2>*addr
drivers/clk/sirf/clk-common.c:262:19:    got void *
drivers/clk/sirf/clk-common.c:60:16: warning: incorrect type in argument 1 (different address spaces)
drivers/clk/sirf/clk-common.c:60:16:    expected void const volatile [noderef] <asn:2>*addr
drivers/clk/sirf/clk-common.c:60:16:    got void *
drivers/clk/sirf/clk-common.c:60:16: warning: incorrect type in argument 1 (different address spaces)
drivers/clk/sirf/clk-common.c:60:16:    expected void const volatile [noderef] <asn:2>*addr
drivers/clk/sirf/clk-common.c:60:16:    got void *
drivers/clk/sirf/clk-common.c:65:9: warning: incorrect type in argument 2 (different address spaces)
drivers/clk/sirf/clk-common.c:65:9:    expected void volatile [noderef] <asn:2>*addr
drivers/clk/sirf/clk-common.c:65:9:    got void *
drivers/clk/sirf/clk-common.c:60:16: warning: incorrect type in argument 1 (different address spaces)
drivers/clk/sirf/clk-common.c:60:16:    expected void const volatile [noderef] <asn:2>*addr
drivers/clk/sirf/clk-common.c:60:16:    got void *
drivers/clk/sirf/clk-common.c:60:16: warning: incorrect type in argument 1 (different address spaces)
drivers/clk/sirf/clk-common.c:60:16:    expected void const volatile [noderef] <asn:2>*addr
drivers/clk/sirf/clk-common.c:60:16:    got void *
drivers/clk/sirf/clk-common.c:60:16: warning: incorrect type in argument 1 (different address spaces)
drivers/clk/sirf/clk-common.c:60:16:    expected void const volatile [noderef] <asn:2>*addr
drivers/clk/sirf/clk-common.c:60:16:    got void *
drivers/clk/sirf/clk-common.c:65:9: warning: incorrect type in argument 2 (different address spaces)
drivers/clk/sirf/clk-common.c:65:9:    expected void volatile [noderef] <asn:2>*addr
drivers/clk/sirf/clk-common.c:65:9:    got void *
drivers/clk/sirf/clk-common.c:60:16: warning: incorrect type in argument 1 (different address spaces)
drivers/clk/sirf/clk-common.c:60:16:    expected void const volatile [noderef] <asn:2>*addr
drivers/clk/sirf/clk-common.c:60:16:    got void *
drivers/clk/sirf/clk-prima2.c:123:27: warning: incorrect type in assignment (different address spaces)
drivers/clk/sirf/clk-prima2.c:123:27:    expected void *static [toplevel] sirfsoc_rsc_vbase
drivers/clk/sirf/clk-prima2.c:123:27:    got void [noderef] <asn:2>*
drivers/clk/sirf/clk-prima2.c:128:27: warning: incorrect type in assignment (different address spaces)
drivers/clk/sirf/clk-prima2.c:128:27:    expected void *static [toplevel] sirfsoc_clk_vbase
drivers/clk/sirf/clk-prima2.c:128:27:    got void [noderef] <asn:2>*
drivers/clocksource/bcm_kona_timer.c:118:38: warning: incorrect type in argument 1 (different address spaces)
drivers/clocksource/bcm_kona_timer.c:118:38:    expected void *timer_base
drivers/clocksource/bcm_kona_timer.c:118:38:    got void [noderef] <asn:2>*static [toplevel] tmr_regs
drivers/clk/samsung/clk-exynos5260.c:178:13: warning: symbol 'exynos5260_cmu_register_one' was not declared. Should it be static?
drivers/clk/samsung/clk-exynos5260.c:228:26: warning: symbol 'aud_mux_clks' was not declared. Should it be static?
drivers/clk/samsung/clk-exynos5260.c:237:26: warning: symbol 'aud_div_clks' was not declared. Should it be static?
drivers/clk/samsung/clk-exynos5260.c:249:27: warning: symbol 'aud_gate_clks' was not declared. Should it be static?
drivers/clk/samsung/clk-exynos5260.c:269:43: warning: Using plain integer as NULL pointer
drivers/clk/samsung/clk-exynos5260.c:337:26: warning: symbol 'disp_mux_clks' was not declared. Should it be static?
drivers/clk/samsung/clk-exynos5260.c:406:26: warning: symbol 'disp_div_clks' was not declared. Should it be static?
drivers/clk/samsung/clk-exynos5260.c:419:27: warning: symbol 'disp_gate_clks' was not declared. Should it be static?
drivers/clk/samsung/clk-exynos5260.c:459:43: warning: Using plain integer as NULL pointer
drivers/clk/samsung/clk-exynos5260.c:497:26: warning: symbol 'egl_mux_clks' was not declared. Should it be static?
drivers/clk/samsung/clk-exynos5260.c:503:26: warning: symbol 'egl_div_clks' was not declared. Should it be static?
drivers/clk/samsung/clk-exynos5260.c:523:43: warning: Using plain integer as NULL pointer
drivers/clk/samsung/clk-exynos5260.c:567:26: warning: symbol 'fsys_mux_clks' was not declared. Should it be static?
drivers/clk/samsung/clk-exynos5260.c:590:27: warning: symbol 'fsys_gate_clks' was not declared. Should it be static?
drivers/clk/samsung/clk-exynos5260.c:625:43: warning: Using plain integer as NULL pointer
drivers/clk/samsung/clk-exynos5260.c:671:26: warning: symbol 'g2d_mux_clks' was not declared. Should it be static?
drivers/clk/samsung/clk-exynos5260.c:677:26: warning: symbol 'g2d_div_clks' was not declared. Should it be static?
drivers/clk/samsung/clk-exynos5260.c:682:27: warning: symbol 'g2d_gate_clks' was not declared. Should it be static?
drivers/clk/samsung/clk-exynos5260.c:714:43: warning: Using plain integer as NULL pointer
drivers/clk/samsung/clk-exynos5260.c:751:26: warning: symbol 'g3d_mux_clks' was not declared. Should it be static?
drivers/clk/samsung/clk-exynos5260.c:756:26: warning: symbol 'g3d_div_clks' was not declared. Should it be static?
drivers/clk/samsung/clk-exynos5260.c:761:27: warning: symbol 'g3d_gate_clks' was not declared. Should it be static?
drivers/clk/samsung/clk-exynos5260.c:775:43: warning: Using plain integer as NULL pointer
drivers/clk/samsung/clk-exynos5260.c:828:26: warning: symbol 'gscl_mux_clks' was not declared. Should it be static?
drivers/clk/samsung/clk-exynos5260.c:842:26: warning: symbol 'gscl_div_clks' was not declared. Should it be static?
drivers/clk/samsung/clk-exynos5260.c:851:27: warning: symbol 'gscl_gate_clks' was not declared. Should it be static?
drivers/clk/samsung/clk-exynos5260.c:910:43: warning: Using plain integer as NULL pointer
drivers/clk/samsung/clk-exynos5260.c:947:26: warning: symbol 'isp_mux_clks' was not declared. Should it be static?
drivers/clk/samsung/clk-exynos5260.c:954:26: warning: symbol 'isp_div_clks' was not declared. Should it be static?
drivers/clk/samsung/clk-exynos5260.c:966:27: warning: symbol 'isp_gate_clks' was not declared. Should it be static?
drivers/clk/samsung/clk-exynos5260.c:1029:43: warning: Using plain integer as NULL pointer
drivers/clk/samsung/clk-exynos5260.c:1068:26: warning: symbol 'kfc_mux_clks' was not declared. Should it be static?
drivers/clk/samsung/clk-exynos5260.c:1074:26: warning: symbol 'kfc_div_clks' was not declared. Should it be static?
drivers/clk/samsung/clk-exynos5260.c:1093:43: warning: Using plain integer as NULL pointer
drivers/clk/samsung/clk-exynos5260.c:1127:26: warning: symbol 'mfc_mux_clks' was not declared. Should it be static?
drivers/clk/samsung/clk-exynos5260.c:1133:26: warning: symbol 'mfc_div_clks' was not declared. Should it be static?
drivers/clk/samsung/clk-exynos5260.c:1138:27: warning: symbol 'mfc_gate_clks' was not declared. Should it be static?
drivers/clk/samsung/clk-exynos5260.c:1149:43: warning: Using plain integer as NULL pointer
drivers/clk/samsung/clk-exynos5260.c:1212:26: warning: symbol 'mif_mux_clks' was not declared. Should it be static?
drivers/clk/samsung/clk-exynos5260.c:1229:26: warning: symbol 'mif_div_clks' was not declared. Should it be static?
drivers/clk/samsung/clk-exynos5260.c:1248:27: warning: symbol 'mif_gate_clks' was not declared. Should it be static?
drivers/clk/samsung/clk-exynos5260.c:1296:43: warning: Using plain integer as NULL pointer
drivers/clk/samsung/clk-exynos5260.c:1355:26: warning: symbol 'peri_mux_clks' was not declared. Should it be static?
drivers/clk/samsung/clk-exynos5260.c:1364:26: warning: symbol 'peri_div_clks' was not declared. Should it be static?
drivers/clk/samsung/clk-exynos5260.c:1369:27: warning: symbol 'peri_gate_clks' was not declared. Should it be static?
drivers/clk/samsung/clk-exynos5260.c:1504:43: warning: Using plain integer as NULL pointer
drivers/clk/samsung/clk-exynos5260.c:1566:33: warning: symbol 'fixed_rate_clks' was not declared. Should it be static?
drivers/clk/samsung/clk-exynos5260.c:1653:26: warning: symbol 'top_mux_clks' was not declared. Should it be static?
drivers/clk/samsung/clk-exynos5260.c:1813:26: warning: symbol 'top_div_clks' was not declared. Should it be static?
drivers/clk/samsung/clk-exynos5260.c:1934:27: warning: symbol 'top_gate_clks' was not declared. Should it be static?
drivers/clk/samsung/clk-exynos5260.c:1960:43: warning: Using plain integer as NULL pointer
drivers/clk/sirf/clk-common.c:60:16: warning: incorrect type in argument 1 (different address spaces)
drivers/clk/sirf/clk-common.c:60:16:    expected void const volatile [noderef] <asn:2>*addr
drivers/clk/sirf/clk-common.c:60:16:    got void *
drivers/clk/sirf/clk-common.c:60:16: warning: incorrect type in argument 1 (different address spaces)
drivers/clk/sirf/clk-common.c:60:16:    expected void const volatile [noderef] <asn:2>*addr
drivers/clk/sirf/clk-common.c:60:16:    got void *
drivers/clk/sirf/clk-common.c:65:9: warning: incorrect type in argument 2 (different address spaces)
drivers/clk/sirf/clk-common.c:65:9:    expected void volatile [noderef] <asn:2>*addr
drivers/clk/sirf/clk-common.c:65:9:    got void *
drivers/clk/sirf/clk-common.c:60:16: warning: incorrect type in argument 1 (different address spaces)
drivers/clk/sirf/clk-common.c:60:16:    expected void const volatile [noderef] <asn:2>*addr
drivers/clk/sirf/clk-common.c:60:16:    got void *
drivers/clk/sirf/clk-common.c:65:9: warning: incorrect type in argument 2 (different address spaces)
drivers/clk/sirf/clk-common.c:65:9:    expected void volatile [noderef] <asn:2>*addr
drivers/clk/sirf/clk-common.c:65:9:    got void *
drivers/clk/sirf/clk-common.c:60:16: warning: incorrect type in argument 1 (different address spaces)
drivers/clk/sirf/clk-common.c:60:16:    expected void const volatile [noderef] <asn:2>*addr
drivers/clk/sirf/clk-common.c:60:16:    got void *
drivers/clk/sirf/clk-common.c:60:16: warning: incorrect type in argument 1 (different address spaces)
drivers/clk/sirf/clk-common.c:60:16:    expected void const volatile [noderef] <asn:2>*addr
drivers/clk/sirf/clk-common.c:60:16:    got void *
drivers/clk/sirf/clk-common.c:65:9: warning: incorrect type in argument 2 (different address spaces)
drivers/clk/sirf/clk-common.c:65:9:    expected void volatile [noderef] <asn:2>*addr
drivers/clk/sirf/clk-common.c:65:9:    got void *
drivers/clk/sirf/clk-common.c:65:9: warning: incorrect type in argument 2 (different address spaces)
drivers/clk/sirf/clk-common.c:65:9:    expected void volatile [noderef] <asn:2>*addr
drivers/clk/sirf/clk-common.c:65:9:    got void *
drivers/clk/sirf/clk-common.c:60:16: warning: incorrect type in argument 1 (different address spaces)
drivers/clk/sirf/clk-common.c:60:16:    expected void const volatile [noderef] <asn:2>*addr
drivers/clk/sirf/clk-common.c:60:16:    got void *
drivers/clk/sirf/clk-common.c:243:19: warning: incorrect type in argument 1 (different address spaces)
drivers/clk/sirf/clk-common.c:243:19:    expected void const volatile [noderef] <asn:2>*addr
drivers/clk/sirf/clk-common.c:243:19:    got void *
drivers/clk/sirf/clk-common.c:245:9: warning: incorrect type in argument 2 (different address spaces)
drivers/clk/sirf/clk-common.c:245:9:    expected void volatile [noderef] <asn:2>*addr
drivers/clk/sirf/clk-common.c:245:9:    got void *
drivers/clk/sirf/clk-common.c:246:18: warning: incorrect type in argument 1 (different address spaces)
drivers/clk/sirf/clk-common.c:246:18:    expected void const volatile [noderef] <asn:2>*addr
drivers/clk/sirf/clk-common.c:246:18:    got void *
drivers/clk/sirf/clk-common.c:255:19: warning: incorrect type in argument 1 (different address spaces)
drivers/clk/sirf/clk-common.c:255:19:    expected void const volatile [noderef] <asn:2>*addr
drivers/clk/sirf/clk-common.c:255:19:    got void *
drivers/clk/sirf/clk-common.c:257:9: warning: incorrect type in argument 2 (different address spaces)
drivers/clk/sirf/clk-common.c:257:9:    expected void volatile [noderef] <asn:2>*addr
drivers/clk/sirf/clk-common.c:257:9:    got void *
drivers/clk/sirf/clk-common.c:262:19: warning: incorrect type in argument 1 (different address spaces)
drivers/clk/sirf/clk-common.c:262:19:    expected void const volatile [noderef] <asn:2>*addr
drivers/clk/sirf/clk-common.c:262:19:    got void *
drivers/clk/sirf/clk-common.c:60:16: warning: incorrect type in argument 1 (different address spaces)
drivers/clk/sirf/clk-common.c:60:16:    expected void const volatile [noderef] <asn:2>*addr
drivers/clk/sirf/clk-common.c:60:16:    got void *
drivers/clk/sirf/clk-common.c:60:16: warning: incorrect type in argument 1 (different address spaces)
drivers/clk/sirf/clk-common.c:60:16:    expected void const volatile [noderef] <asn:2>*addr
drivers/clk/sirf/clk-common.c:60:16:    got void *
drivers/clk/sirf/clk-common.c:65:9: warning: incorrect type in argument 2 (different address spaces)
drivers/clk/sirf/clk-common.c:65:9:    expected void volatile [noderef] <asn:2>*addr
drivers/clk/sirf/clk-common.c:65:9:    got void *
drivers/clk/sirf/clk-common.c:60:16: warning: incorrect type in argument 1 (different address spaces)
drivers/clk/sirf/clk-common.c:60:16:    expected void const volatile [noderef] <asn:2>*addr
drivers/clk/sirf/clk-common.c:60:16:    got void *
drivers/clk/sirf/clk-common.c:60:16: warning: incorrect type in argument 1 (different address spaces)
drivers/clk/sirf/clk-common.c:60:16:    expected void const volatile [noderef] <asn:2>*addr
drivers/clk/sirf/clk-common.c:60:16:    got void *
drivers/clk/sirf/clk-common.c:60:16: warning: incorrect type in argument 1 (different address spaces)
drivers/clk/sirf/clk-common.c:60:16:    expected void const volatile [noderef] <asn:2>*addr
drivers/clk/sirf/clk-common.c:60:16:    got void *
drivers/clk/sirf/clk-common.c:65:9: warning: incorrect type in argument 2 (different address spaces)
drivers/clk/sirf/clk-common.c:65:9:    expected void volatile [noderef] <asn:2>*addr
drivers/clk/sirf/clk-common.c:65:9:    got void *
drivers/clk/sirf/clk-common.c:60:16: warning: incorrect type in argument 1 (different address spaces)
drivers/clk/sirf/clk-common.c:60:16:    expected void const volatile [noderef] <asn:2>*addr
drivers/clk/sirf/clk-common.c:60:16:    got void *
drivers/clk/sirf/clk-atlas6.c:124:27: warning: incorrect type in assignment (different address spaces)
drivers/clk/sirf/clk-atlas6.c:124:27:    expected void *static [toplevel] sirfsoc_rsc_vbase
drivers/clk/sirf/clk-atlas6.c:124:27:    got void [noderef] <asn:2>*
drivers/clk/sirf/clk-atlas6.c:129:27: warning: incorrect type in assignment (different address spaces)
drivers/clk/sirf/clk-atlas6.c:129:27:    expected void *static [toplevel] sirfsoc_clk_vbase
drivers/clk/sirf/clk-atlas6.c:129:27:    got void [noderef] <asn:2>*
drivers/clocksource/exynos_mct.c:212:20: warning: symbol 'mct_frc' was not declared. Should it be static?
drivers/clocksource/exynos_mct.c:567:13: warning: symbol 'mct_init' was not declared. Should it be static?
drivers/clk/samsung/clk-exynos5420.c:477:26: warning: symbol 'exynos5800_mux_clks' was not declared. Should it be static?
drivers/clk/samsung/clk-exynos5420.c:526:26: warning: symbol 'exynos5800_div_clks' was not declared. Should it be static?
drivers/clk/samsung/clk-exynos5420.c:542:27: warning: symbol 'exynos5800_gate_clks' was not declared. Should it be static?
drivers/clk/samsung/clk-exynos5420.c:549:26: warning: symbol 'exynos5420_mux_clks' was not declared. Should it be static?
drivers/clk/samsung/clk-exynos5420.c:579:26: warning: symbol 'exynos5420_div_clks' was not declared. Should it be static?
drivers/clk/socfpga/clk-gate.c:115:22: warning: cast removes address space of expression
drivers/clk/socfpga/clk-gate.c:227:40: warning: Using plain integer as NULL pointer
drivers/clk/socfpga/clk-periph.c:79:39: warning: Using plain integer as NULL pointer
drivers/clk/st/clkgen-mux.c:134:4: warning: symbol 'clkgena_divmux_get_parent' was not declared. Should it be static?
drivers/clk/st/clkgen-mux.c:171:15: warning: symbol 'clkgena_divmux_recalc_rate' was not declared. Should it be static?
drivers/clk/st/clkgen-mux.c:218:12: warning: symbol 'clk_register_genamux' was not declared. Should it be static?
drivers/clk/st/clkgen-mux.c:388:13: warning: symbol 'st_of_clkgena_divmux_setup' was not declared. Should it be static?
drivers/clk/st/clkgen-mux.c:488:13: warning: symbol 'st_of_clkgena_prediv_setup' was not declared. Should it be static?
drivers/clk/st/clkgen-mux.c:616:13: warning: symbol 'st_of_clkgen_mux_setup' was not declared. Should it be static?
drivers/clk/st/clkgen-mux.c:693:13: warning: symbol 'st_of_clkgen_vcc_setup' was not declared. Should it be static?
drivers/clk/spear/clk-aux-synth.c:80:9: warning: context imbalance in 'clk_aux_recalc_rate' - different lock contexts for basic block
drivers/clk/spear/clk-aux-synth.c:99:12: warning: context imbalance in 'clk_aux_set_rate' - different lock contexts for basic block
drivers/clk/spear/clk-frac-synth.c:83:9: warning: context imbalance in 'clk_frac_recalc_rate' - different lock contexts for basic block
drivers/clk/spear/clk-frac-synth.c:95:12: warning: context imbalance in 'clk_frac_set_rate' - different lock contexts for basic block
drivers/cpufreq/cpufreq.c:42:1: warning: symbol 'cpufreq_governor_lock' was not declared. Should it be static?
drivers/cpufreq/cpufreq.c:195:23: warning: symbol 'cpufreq_cpu_get_raw' was not declared. Should it be static?
drivers/clk/spear/clk-gpt-synth.c:70:9: warning: context imbalance in 'clk_gpt_recalc_rate' - different lock contexts for basic block
drivers/clk/spear/clk-gpt-synth.c:80:12: warning: context imbalance in 'clk_gpt_set_rate' - different lock contexts for basic block
drivers/clk/st/clkgen-pll.c:225:15: warning: symbol 'recalc_stm_pll800c65' was not declared. Should it be static?
drivers/clk/st/clkgen-pll.c:252:15: warning: symbol 'recalc_stm_pll1600c65' was not declared. Should it be static?
drivers/clk/st/clkgen-pll.c:276:15: warning: symbol 'recalc_stm_pll3200c32' was not declared. Should it be static?
drivers/clk/st/clkgen-pll.c:298:15: warning: symbol 'recalc_stm_pll1200c32' was not declared. Should it be static?
drivers/clk/st/clkgen-pll.c:519:19: warning: incorrect type in assignment (different address spaces)
drivers/clk/st/clkgen-pll.c:519:19:    expected void [noderef] <asn:2>*reg
drivers/clk/st/clkgen-pll.c:519:19:    got void *
drivers/clk/st/clkgen-pll.c:530:18: warning: incorrect type in assignment (different address spaces)
drivers/clk/st/clkgen-pll.c:530:18:    expected void [noderef] <asn:2>*reg
drivers/clk/st/clkgen-pll.c:530:18:    got void *
drivers/clk/st/clkgen-pll.c:631:53: warning: incorrect type in argument 2 (different address spaces)
drivers/clk/st/clkgen-pll.c:631:53:    expected void *[noderef] <asn:2>reg
drivers/clk/st/clkgen-pll.c:631:53:    got void [noderef] <asn:2>*[assigned] pll_base
drivers/clk/spear/clk-vco-pll.c:139:9: warning: context imbalance in 'clk_pll_recalc_rate' - different lock contexts for basic block
drivers/clk/spear/clk-vco-pll.c:144:12: warning: context imbalance in 'clk_pll_set_rate' - different lock contexts for basic block
drivers/clk/spear/clk-vco-pll.c:209:9: warning: context imbalance in 'clk_vco_recalc_rate' - different lock contexts for basic block
drivers/clk/spear/clk-vco-pll.c:230:12: warning: context imbalance in 'clk_vco_set_rate' - different lock contexts for basic block
drivers/clk/st/clkgen-fsyn.c:355:5: warning: symbol 'clk_fs660c32_vco_get_rate' was not declared. Should it be static?
drivers/clk/st/clkgen-fsyn.c:382:5: warning: symbol 'clk_fs660c32_vco_get_params' was not declared. Should it be static?
drivers/clk/st/clkgen-fsyn.c:316:9: warning: context imbalance in 'quadfs_pll_enable' - different lock contexts for basic block
drivers/clk/st/clkgen-fsyn.c:343:9: warning: context imbalance in 'quadfs_pll_disable' - different lock contexts for basic block
drivers/clk/st/clkgen-fsyn.c:459:9: warning: context imbalance in 'quadfs_pll_fs660c32_set_rate' - different lock contexts for basic block
drivers/clk/st/clkgen-fsyn.c:598:9: warning: context imbalance in 'quadfs_fsynth_program_rate' - different lock contexts for basic block
drivers/clk/st/clkgen-fsyn.c:619:9: warning: context imbalance in 'quadfs_fsynth_enable' - different lock contexts for basic block
drivers/clk/st/clkgen-fsyn.c:636:9: warning: context imbalance in 'quadfs_fsynth_disable' - different lock contexts for basic block
drivers/cpufreq/freq_table.c:266:1: warning: symbol 'cpufreq_freq_attr_scaling_boost_freqs' was not declared. Should it be static?
drivers/clk/spear/spear1310_clock.c:386:13: warning: symbol 'spear1310_clk_init' was not declared. Should it be static?
drivers/clk/sunxi/clk-sunxi.c:406:6: warning: symbol 'clk_sunxi_mmc_phase_control' was not declared. Should it be static?
drivers/clk/sunxi/clk-sunxi.c:599:13: warning: incorrect type in assignment (different address spaces)
drivers/clk/sunxi/clk-sunxi.c:599:13:    expected void *reg
drivers/clk/sunxi/clk-sunxi.c:599:13:    got void [noderef] <asn:2>*
drivers/clk/sunxi/clk-sunxi.c:628:27: warning: incorrect type in assignment (different address spaces)
drivers/clk/sunxi/clk-sunxi.c:628:27:    expected void [noderef] <asn:2>*reg
drivers/clk/sunxi/clk-sunxi.c:628:27:    got void *reg
drivers/clk/sunxi/clk-sunxi.c:644:26: warning: incorrect type in assignment (different address spaces)
drivers/clk/sunxi/clk-sunxi.c:644:26:    expected void [noderef] <asn:2>*reg
drivers/clk/sunxi/clk-sunxi.c:644:26:    got void *reg
drivers/clk/sunxi/clk-sunxi.c:652:22: warning: incorrect type in assignment (different address spaces)
drivers/clk/sunxi/clk-sunxi.c:652:22:    expected void [noderef] <asn:2>*reg
drivers/clk/sunxi/clk-sunxi.c:652:22:    got void *reg
drivers/clk/sunxi/clk-sunxi.c:704:13: warning: incorrect type in assignment (different address spaces)
drivers/clk/sunxi/clk-sunxi.c:704:13:    expected void *reg
drivers/clk/sunxi/clk-sunxi.c:704:13:    got void [noderef] <asn:2>*
drivers/clk/sunxi/clk-sunxi.c:713:58: warning: incorrect type in argument 6 (different address spaces)
drivers/clk/sunxi/clk-sunxi.c:713:58:    expected void [noderef] <asn:2>*reg
drivers/clk/sunxi/clk-sunxi.c:713:58:    got void *reg
drivers/clk/sunxi/clk-sunxi.c:785:13: warning: incorrect type in assignment (different address spaces)
drivers/clk/sunxi/clk-sunxi.c:785:13:    expected void *reg
drivers/clk/sunxi/clk-sunxi.c:785:13:    got void [noderef] <asn:2>*
drivers/clk/sunxi/clk-sunxi.c:792:42: warning: incorrect type in argument 5 (different address spaces)
drivers/clk/sunxi/clk-sunxi.c:792:42:    expected void [noderef] <asn:2>*reg
drivers/clk/sunxi/clk-sunxi.c:792:42:    got void *reg
drivers/clk/sunxi/clk-sunxi.c:872:29: warning: excessive elements in array initializer
drivers/clk/sunxi/clk-sunxi.c:876:30: warning: excessive elements in array initializer
drivers/clk/sunxi/clk-sunxi.c:880:30: warning: excessive elements in array initializer
drivers/clk/sunxi/clk-sunxi.c:884:30: warning: excessive elements in array initializer
drivers/clk/sunxi/clk-sunxi.c:888:31: warning: excessive elements in array initializer
drivers/clk/sunxi/clk-sunxi.c:892:30: warning: excessive elements in array initializer
drivers/clk/sunxi/clk-sunxi.c:970:13: warning: incorrect type in assignment (different address spaces)
drivers/clk/sunxi/clk-sunxi.c:970:13:    expected void *reg
drivers/clk/sunxi/clk-sunxi.c:970:13:    got void [noderef] <asn:2>*
drivers/clk/sunxi/clk-sunxi.c:991:59: warning: incorrect type in argument 5 (different address spaces)
drivers/clk/sunxi/clk-sunxi.c:991:59:    expected void [noderef] <asn:2>*reg
drivers/clk/sunxi/clk-sunxi.c:991:59:    got void *
drivers/clk/sunxi/clk-sunxi.c:1012:25: warning: incorrect type in assignment (different address spaces)
drivers/clk/sunxi/clk-sunxi.c:1012:25:    expected void [noderef] <asn:2>*reg
drivers/clk/sunxi/clk-sunxi.c:1012:25:    got void *reg
drivers/clk/sunxi/clk-sunxi.c:1095:13: warning: incorrect type in assignment (different address spaces)
drivers/clk/sunxi/clk-sunxi.c:1095:13:    expected void *reg
drivers/clk/sunxi/clk-sunxi.c:1095:13:    got void [noderef] <asn:2>*
drivers/clk/sunxi/clk-sunxi.c:1126:35: warning: incorrect type in assignment (different address spaces)
drivers/clk/sunxi/clk-sunxi.c:1126:35:    expected void [noderef] <asn:2>*reg
drivers/clk/sunxi/clk-sunxi.c:1126:35:    got void *reg
drivers/clk/sunxi/clk-sunxi.c:1151:38: warning: incorrect type in assignment (different address spaces)
drivers/clk/sunxi/clk-sunxi.c:1151:38:    expected void [noderef] <asn:2>*reg
drivers/clk/sunxi/clk-sunxi.c:1151:38:    got void *reg
drivers/clk/sunxi/clk-sunxi.c:433:9: warning: context imbalance in 'clk_sunxi_mmc_phase_control' - different lock contexts for basic block
lib/vsprintf.c:693:18: warning: Variable length array is used.
lib/vsprintf.c:696:38: error: cannot size expression
drivers/clk/spear/spear1340_clock.c:443:13: warning: symbol 'spear1340_clk_init' was not declared. Should it be static?
drivers/clk/sunxi/clk-factors.c:115:12: warning: context imbalance in 'clk_factors_set_rate' - different lock contexts for basic block
drivers/clk/sunxi/clk-a20-gmac.c:83:13: warning: incorrect type in assignment (different address spaces)
drivers/clk/sunxi/clk-a20-gmac.c:83:13:    expected void *reg
drivers/clk/sunxi/clk-a20-gmac.c:83:13:    got void [noderef] <asn:2>*
drivers/clk/sunxi/clk-a20-gmac.c:88:19: warning: incorrect type in assignment (different address spaces)
drivers/clk/sunxi/clk-a20-gmac.c:88:19:    expected void [noderef] <asn:2>*reg
drivers/clk/sunxi/clk-a20-gmac.c:88:19:    got void *reg
drivers/clk/sunxi/clk-a20-gmac.c:91:18: warning: incorrect type in assignment (different address spaces)
drivers/clk/sunxi/clk-a20-gmac.c:91:18:    expected void [noderef] <asn:2>*reg
drivers/clk/sunxi/clk-a20-gmac.c:91:18:    got void *reg
drivers/clk/sunxi/clk-a20-gmac.c:112:17: warning: incorrect type in argument 1 (different address spaces)
drivers/clk/sunxi/clk-a20-gmac.c:112:17:    expected void volatile [noderef] <asn:2>*addr
drivers/clk/sunxi/clk-a20-gmac.c:112:17:    got void *reg
drivers/clk/tegra/clk-divider.c:141:9: warning: context imbalance in 'clk_frac_div_set_rate' - different lock contexts for basic block
drivers/clk/sunxi/clk-sun6i-ar100.c:163:16: warning: symbol 'ar100_ops' was not declared. Should it be static?
drivers/clk/sunxi/clk-sun6i-ar100.c:216:27: warning: symbol 'sun6i_a31_ar100_clk_dt_ids' was not declared. Should it be static?
net/ipv4/ip_sockglue.c:1322:33: warning: incorrect type in assignment (different address spaces)
net/ipv4/ip_sockglue.c:1322:33:    expected void *msg_control
net/ipv4/ip_sockglue.c:1322:33:    got char [noderef] <asn:1>*optval
drivers/clk/sunxi/clk-sun6i-apb0.c:60:27: warning: symbol 'sun6i_a31_apb0_clk_dt_ids' was not declared. Should it be static?
drivers/clk/sunxi/clk-sun6i-apb0-gates.c:82:27: warning: symbol 'sun6i_a31_apb0_gates_clk_dt_ids' was not declared. Should it be static?
drivers/clk/tegra/clk-pll.c:320:12: warning: context imbalance in 'clk_pll_enable' - different lock contexts for basic block
drivers/clk/tegra/clk-pll.c:349:9: warning: context imbalance in 'clk_pll_disable' - different lock contexts for basic block
drivers/clk/tegra/clk-pll.c:617:9: warning: context imbalance in 'clk_pll_set_rate' - different lock contexts for basic block
drivers/clk/tegra/clk-pll.c:866:12: warning: context imbalance in 'clk_pll_iddq_enable' - different lock contexts for basic block
drivers/clk/tegra/clk-pll.c:908:9: warning: context imbalance in 'clk_pll_iddq_disable' - different lock contexts for basic block
drivers/clk/tegra/clk-pll.c:993:9: warning: context imbalance in 'clk_pllxc_set_rate' - different lock contexts for basic block
drivers/clk/tegra/clk-pll.c:1048:9: warning: context imbalance in 'clk_pllm_set_rate' - different lock contexts for basic block
drivers/clk/tegra/clk-pll.c:1064:12: warning: context imbalance in 'clk_pllc_enable' - different lock contexts for basic block
drivers/clk/tegra/clk-pll.c:1115:9: warning: context imbalance in 'clk_pllc_disable' - different lock contexts for basic block
drivers/clk/tegra/clk-pll.c:1195:9: warning: context imbalance in 'clk_pllc_set_rate' - different lock contexts for basic block
drivers/clk/tegra/clk-pll.c:1249:9: warning: context imbalance in 'clk_pllre_set_rate' - different lock contexts for basic block
drivers/clk/tegra/clk-pll.c:1368:9: warning: context imbalance in 'clk_plle_tegra114_enable' - different lock contexts for basic block
drivers/clk/tegra/clk-pll.c:1387:9: warning: context imbalance in 'clk_plle_tegra114_disable' - different lock contexts for basic block
net/ipv4/inet_connection_sock.c:205:9: warning: context imbalance in 'inet_csk_get_port' - different lock contexts for basic block
drivers/clk/tegra/clk-pll-out.c:42:12: warning: context imbalance in 'clk_pll_out_enable' - different lock contexts for basic block
drivers/clk/tegra/clk-pll-out.c:80:9: warning: context imbalance in 'clk_pll_out_disable' - different lock contexts for basic block
drivers/clk/tegra/clk-super.c:122:9: warning: context imbalance in 'clk_super_set_parent' - different lock contexts for basic block
drivers/clk/tegra/clk-tegra-periph.c:514:9: warning: Using plain integer as NULL pointer
drivers/clk/tegra/clk-tegra-periph.c:515:9: warning: Using plain integer as NULL pointer
drivers/clk/tegra/clk-tegra-periph.c:516:9: warning: Using plain integer as NULL pointer
drivers/clk/tegra/clk-tegra-periph.c:517:9: warning: Using plain integer as NULL pointer
drivers/clk/tegra/clk-tegra-periph.c:518:9: warning: Using plain integer as NULL pointer
drivers/clk/tegra/clk-tegra-periph.c:519:9: warning: Using plain integer as NULL pointer
drivers/clk/tegra/clk-tegra-periph.c:520:9: warning: Using plain integer as NULL pointer
drivers/clk/tegra/clk-tegra-periph.c:521:9: warning: Using plain integer as NULL pointer
drivers/clk/tegra/clk-tegra-periph.c:522:9: warning: Using plain integer as NULL pointer
drivers/clk/tegra/clk-tegra-periph.c:523:9: warning: Using plain integer as NULL pointer
drivers/clk/tegra/clk-tegra-periph.c:524:9: warning: Using plain integer as NULL pointer
drivers/clk/tegra/clk-tegra-periph.c:525:9: warning: Using plain integer as NULL pointer
drivers/clk/tegra/clk-tegra-periph.c:526:9: warning: Using plain integer as NULL pointer
drivers/clk/tegra/clk-tegra-periph.c:527:9: warning: Using plain integer as NULL pointer
drivers/clk/tegra/clk-tegra-periph.c:528:9: warning: Using plain integer as NULL pointer
drivers/clk/tegra/clk-tegra-periph.c:529:9: warning: Using plain integer as NULL pointer
drivers/clk/tegra/clk-tegra-periph.c:530:9: warning: Using plain integer as NULL pointer
drivers/clk/tegra/clk-tegra-periph.c:531:9: warning: Using plain integer as NULL pointer
drivers/clk/tegra/clk-tegra-periph.c:532:9: warning: Using plain integer as NULL pointer
drivers/clk/tegra/clk-tegra-periph.c:533:9: warning: Using plain integer as NULL pointer
drivers/clk/tegra/clk-tegra-periph.c:534:9: warning: Using plain integer as NULL pointer
drivers/clk/tegra/clk-tegra-periph.c:535:9: warning: Using plain integer as NULL pointer
drivers/clk/tegra/clk-tegra-periph.c:536:9: warning: Using plain integer as NULL pointer
drivers/clk/tegra/clk-tegra-periph.c:537:9: warning: Using plain integer as NULL pointer
drivers/clk/tegra/clk-tegra-periph.c:538:9: warning: Using plain integer as NULL pointer
drivers/clk/tegra/clk-tegra-periph.c:539:9: warning: Using plain integer as NULL pointer
drivers/clk/tegra/clk-tegra-periph.c:540:9: warning: Using plain integer as NULL pointer
drivers/clk/tegra/clk-tegra-periph.c:541:9: warning: Using plain integer as NULL pointer
drivers/clk/tegra/clk-tegra-periph.c:542:9: warning: Using plain integer as NULL pointer
drivers/clk/tegra/clk-tegra-periph.c:543:9: warning: Using plain integer as NULL pointer
drivers/clk/tegra/clk-tegra-periph.c:544:9: warning: Using plain integer as NULL pointer
drivers/clk/tegra/clk-tegra-periph.c:545:9: warning: Using plain integer as NULL pointer
drivers/clk/tegra/clk-tegra-periph.c:546:9: warning: Using plain integer as NULL pointer
drivers/clk/tegra/clk-tegra-periph.c:547:9: warning: Using plain integer as NULL pointer
drivers/clk/tegra/clk-tegra-periph.c:548:9: warning: Using plain integer as NULL pointer
net/packet/af_packet.c:390:39: warning: incorrect type in return expression (different modifiers)
net/packet/af_packet.c:390:39:    expected struct page [pure] *
net/packet/af_packet.c:390:39:    got struct page *
net/packet/af_packet.c:391:16: warning: incorrect type in return expression (different modifiers)
net/packet/af_packet.c:391:16:    expected struct page [pure] *
net/packet/af_packet.c:391:16:    got struct page *
net/packet/af_packet.c:2047:54: warning: incorrect type in argument 1 (different modifiers)
net/packet/af_packet.c:2047:54:    expected struct page *<noident>
net/packet/af_packet.c:2047:54:    got struct page [pure] *
net/packet/af_packet.c:390:39: warning: incorrect type in return expression (different modifiers)
net/packet/af_packet.c:390:39:    expected struct page [pure] *
net/packet/af_packet.c:390:39:    got struct page *
net/packet/af_packet.c:391:16: warning: incorrect type in return expression (different modifiers)
net/packet/af_packet.c:391:16:    expected struct page [pure] *
net/packet/af_packet.c:391:16:    got struct page *
net/packet/af_packet.c:402:46: warning: incorrect type in argument 1 (different modifiers)
net/packet/af_packet.c:402:46:    expected struct page *<noident>
net/packet/af_packet.c:402:46:    got struct page [pure] *
net/packet/af_packet.c:390:39: warning: incorrect type in return expression (different modifiers)
net/packet/af_packet.c:390:39:    expected struct page [pure] *
net/packet/af_packet.c:390:39:    got struct page *
net/packet/af_packet.c:391:16: warning: incorrect type in return expression (different modifiers)
net/packet/af_packet.c:391:16:    expected struct page [pure] *
net/packet/af_packet.c:391:16:    got struct page *
net/packet/af_packet.c:406:46: warning: incorrect type in argument 1 (different modifiers)
net/packet/af_packet.c:406:46:    expected struct page *<noident>
net/packet/af_packet.c:406:46:    got struct page [pure] *
net/packet/af_packet.c:390:39: warning: incorrect type in return expression (different modifiers)
net/packet/af_packet.c:390:39:    expected struct page [pure] *
net/packet/af_packet.c:390:39:    got struct page *
net/packet/af_packet.c:391:16: warning: incorrect type in return expression (different modifiers)
net/packet/af_packet.c:391:16:    expected struct page [pure] *
net/packet/af_packet.c:391:16:    got struct page *
net/packet/af_packet.c:426:46: warning: incorrect type in argument 1 (different modifiers)
net/packet/af_packet.c:426:46:    expected struct page *<noident>
net/packet/af_packet.c:426:46:    got struct page [pure] *
net/packet/af_packet.c:390:39: warning: incorrect type in return expression (different modifiers)
net/packet/af_packet.c:390:39:    expected struct page [pure] *
net/packet/af_packet.c:390:39:    got struct page *
net/packet/af_packet.c:391:16: warning: incorrect type in return expression (different modifiers)
net/packet/af_packet.c:391:16:    expected struct page [pure] *
net/packet/af_packet.c:391:16:    got struct page *
net/packet/af_packet.c:429:46: warning: incorrect type in argument 1 (different modifiers)
net/packet/af_packet.c:429:46:    expected struct page *<noident>
net/packet/af_packet.c:429:46:    got struct page [pure] *
net/packet/af_packet.c:390:39: warning: incorrect type in return expression (different modifiers)
net/packet/af_packet.c:390:39:    expected struct page [pure] *
net/packet/af_packet.c:390:39:    got struct page *
net/packet/af_packet.c:391:16: warning: incorrect type in return expression (different modifiers)
net/packet/af_packet.c:391:16:    expected struct page [pure] *
net/packet/af_packet.c:391:16:    got struct page *
net/packet/af_packet.c:486:38: warning: incorrect type in argument 1 (different modifiers)
net/packet/af_packet.c:486:38:    expected struct page *<noident>
net/packet/af_packet.c:486:38:    got struct page [pure] *
net/packet/af_packet.c:390:39: warning: incorrect type in return expression (different modifiers)
net/packet/af_packet.c:390:39:    expected struct page [pure] *
net/packet/af_packet.c:390:39:    got struct page *
net/packet/af_packet.c:391:16: warning: incorrect type in return expression (different modifiers)
net/packet/af_packet.c:391:16:    expected struct page [pure] *
net/packet/af_packet.c:391:16:    got struct page *
net/packet/af_packet.c:761:46: warning: incorrect type in argument 1 (different modifiers)
net/packet/af_packet.c:761:46:    expected struct page *<noident>
net/packet/af_packet.c:761:46:    got struct page [pure] *
net/packet/af_packet.c:390:39: warning: incorrect type in return expression (different modifiers)
net/packet/af_packet.c:390:39:    expected struct page [pure] *
net/packet/af_packet.c:390:39:    got struct page *
net/packet/af_packet.c:391:16: warning: incorrect type in return expression (different modifiers)
net/packet/af_packet.c:391:16:    expected struct page [pure] *
net/packet/af_packet.c:391:16:    got struct page *
net/packet/af_packet.c:774:38: warning: incorrect type in argument 1 (different modifiers)
net/packet/af_packet.c:774:38:    expected struct page *<noident>
net/packet/af_packet.c:774:38:    got struct page [pure] *
net/packet/af_packet.c:390:39: warning: incorrect type in return expression (different modifiers)
net/packet/af_packet.c:390:39:    expected struct page [pure] *
net/packet/af_packet.c:390:39:    got struct page *
net/packet/af_packet.c:391:16: warning: incorrect type in return expression (different modifiers)
net/packet/af_packet.c:391:16:    expected struct page [pure] *
net/packet/af_packet.c:391:16:    got struct page *
net/packet/af_packet.c:2205:22: warning: incorrect type in assignment (different modifiers)
net/packet/af_packet.c:2205:22:    expected struct page *page
net/packet/af_packet.c:2205:22:    got struct page [pure] *
net/packet/af_packet.c:390:39: warning: incorrect type in return expression (different modifiers)
net/packet/af_packet.c:390:39:    expected struct page [pure] *
net/packet/af_packet.c:390:39:    got struct page *
net/packet/af_packet.c:391:16: warning: incorrect type in return expression (different modifiers)
net/packet/af_packet.c:391:16:    expected struct page [pure] *
net/packet/af_packet.c:391:16:    got struct page *
net/packet/af_packet.c:3929:38: warning: incorrect type in assignment (different modifiers)
net/packet/af_packet.c:3929:38:    expected struct page *page
net/packet/af_packet.c:3929:38:    got struct page [pure] *
include/linux/bottom_half.h:32:30: warning: context imbalance in 'packet_direct_xmit' - different lock contexts for basic block
drivers/dma/virt-dma.c:22:14: warning: symbol 'vchan_tx_submit' was not declared. Should it be static?
include/net/sock.h:1549:31: warning: context imbalance in 'tcp_ioctl' - unexpected unlock
drivers/clk/ti/divider.c:211:12: warning: context imbalance in 'ti_clk_divider_set_rate' - different lock contexts for basic block
drivers/clk/ti/mux.c:67:12: warning: context imbalance in 'ti_clk_mux_set_parent' - different lock contexts for basic block
drivers/edac/edac_mc_sysfs.c:312:1: warning: symbol 'dev_attr_legacy_ch0_dimm_label' was not declared. Should it be static?
drivers/edac/edac_mc_sysfs.c:314:1: warning: symbol 'dev_attr_legacy_ch1_dimm_label' was not declared. Should it be static?
drivers/edac/edac_mc_sysfs.c:316:1: warning: symbol 'dev_attr_legacy_ch2_dimm_label' was not declared. Should it be static?
drivers/edac/edac_mc_sysfs.c:318:1: warning: symbol 'dev_attr_legacy_ch3_dimm_label' was not declared. Should it be static?
drivers/edac/edac_mc_sysfs.c:320:1: warning: symbol 'dev_attr_legacy_ch4_dimm_label' was not declared. Should it be static?
drivers/edac/edac_mc_sysfs.c:322:1: warning: symbol 'dev_attr_legacy_ch5_dimm_label' was not declared. Should it be static?
drivers/edac/edac_mc_sysfs.c:336:1: warning: symbol 'dev_attr_legacy_ch0_ce_count' was not declared. Should it be static?
drivers/edac/edac_mc_sysfs.c:338:1: warning: symbol 'dev_attr_legacy_ch1_ce_count' was not declared. Should it be static?
drivers/edac/edac_mc_sysfs.c:340:1: warning: symbol 'dev_attr_legacy_ch2_ce_count' was not declared. Should it be static?
drivers/edac/edac_mc_sysfs.c:342:1: warning: symbol 'dev_attr_legacy_ch3_ce_count' was not declared. Should it be static?
drivers/edac/edac_mc_sysfs.c:344:1: warning: symbol 'dev_attr_legacy_ch4_ce_count' was not declared. Should it be static?
drivers/edac/edac_mc_sysfs.c:346:1: warning: symbol 'dev_attr_legacy_ch5_ce_count' was not declared. Should it be static?
drivers/edac/edac_mc_sysfs.c:853:1: warning: symbol 'dev_attr_reset_counters' was not declared. Should it be static?
drivers/edac/edac_mc_sysfs.c:856:1: warning: symbol 'dev_attr_mc_name' was not declared. Should it be static?
drivers/edac/edac_mc_sysfs.c:857:1: warning: symbol 'dev_attr_size_mb' was not declared. Should it be static?
drivers/edac/edac_mc_sysfs.c:858:1: warning: symbol 'dev_attr_seconds_since_reset' was not declared. Should it be static?
drivers/edac/edac_mc_sysfs.c:859:1: warning: symbol 'dev_attr_ue_noinfo_count' was not declared. Should it be static?
drivers/edac/edac_mc_sysfs.c:860:1: warning: symbol 'dev_attr_ce_noinfo_count' was not declared. Should it be static?
drivers/edac/edac_mc_sysfs.c:861:1: warning: symbol 'dev_attr_ue_count' was not declared. Should it be static?
drivers/edac/edac_mc_sysfs.c:862:1: warning: symbol 'dev_attr_ce_count' was not declared. Should it be static?
drivers/edac/edac_mc_sysfs.c:863:1: warning: symbol 'dev_attr_max_location' was not declared. Should it be static?
drivers/edac/edac_mc_sysfs.c:866:1: warning: symbol 'dev_attr_sdram_scrub_rate' was not declared. Should it be static?
net/rfkill/core.c:1149:17: error: incompatible types in comparison expression (different type sizes)
drivers/clk/ti/clk-dra7-atl.c:154:22: warning: symbol 'atl_clk_ops' was not declared. Should it be static?
drivers/clk/ti/clk-dra7-atl.c:166:39: warning: Using plain integer as NULL pointer
drivers/clk/versatile/clk-sp810.c:159:29: error: incompatible types for operation (<=)
drivers/clk/versatile/clk-sp810.c:159:29:    left side has type char const *<noident>
drivers/clk/versatile/clk-sp810.c:159:29:    right side has type int
drivers/clk/versatile/clk-sp810.c:159:53: error: incompatible types for operation (<=)
drivers/clk/versatile/clk-sp810.c:159:53:    left side has type char const *<noident>
drivers/clk/versatile/clk-sp810.c:159:53:    right side has type int
drivers/edac/highbank_mc_edac.c:228:47: warning: cast truncates bits from constant value (10000000000000 becomes 0)
net/sched/sch_generic.c:118:5: warning: context imbalance in 'sch_direct_xmit' - unexpected unlock
net/ipv4/tcp_ipv4.c:1397:20: warning: context imbalance in 'tcp_v4_hnd_req' - different lock contexts for basic block
include/net/sock.h:509:54: warning: context imbalance in 'listening_get_next' - unexpected unlock
net/ipv4/tcp_ipv4.c:1997:9: warning: context imbalance in 'established_get_first' - wrong count at exit
net/ipv4/tcp_ipv4.c:2017:40: warning: context imbalance in 'established_get_next' - unexpected unlock
net/ipv4/tcp_ipv4.c:2147:69: warning: context imbalance in 'tcp_seq_stop' - unexpected unlock
drivers/gpu/drm/drm_bufs.c:217:45: warning: incorrect type in assignment (different address spaces)
drivers/gpu/drm/drm_bufs.c:217:45:    expected void *handle
drivers/gpu/drm/drm_bufs.c:217:45:    got void [noderef] <asn:2>*
drivers/gpu/drm/drm_bufs.c:220:45: warning: incorrect type in assignment (different address spaces)
drivers/gpu/drm/drm_bufs.c:220:45:    expected void *handle
drivers/gpu/drm/drm_bufs.c:220:45:    got void [noderef] <asn:2>*
drivers/gpu/drm/drm_bufs.c:335:36: warning: incorrect type in argument 1 (different address spaces)
drivers/gpu/drm/drm_bufs.c:335:36:    expected void volatile [noderef] <asn:2>*addr
drivers/gpu/drm/drm_bufs.c:335:36:    got void *handle
drivers/gpu/drm/drm_bufs.c:352:36: warning: incorrect type in argument 1 (different address spaces)
drivers/gpu/drm/drm_bufs.c:352:36:    expected void volatile [noderef] <asn:2>*addr
drivers/gpu/drm/drm_bufs.c:352:36:    got void *handle
drivers/gpu/drm/drm_bufs.c:459:28: warning: incorrect type in argument 1 (different address spaces)
drivers/gpu/drm/drm_bufs.c:459:28:    expected void volatile [noderef] <asn:2>*addr
drivers/gpu/drm/drm_bufs.c:459:28:    got void *handle
net/ipv4/tcp_minisocks.c:788:9: warning: context imbalance in 'tcp_child_process' - unexpected unlock
drivers/gpio/gpiolib-of.c:66:18: warning: symbol 'of_get_named_gpiod_flags' was not declared. Should it be static?
drivers/gpu/drm/drm_drv.c:276:37: warning: incorrect type in argument 1 (different address spaces)
drivers/gpu/drm/drm_drv.c:276:37:    expected char *buf
drivers/gpu/drm/drm_drv.c:276:37:    got char [noderef] <asn:1>*name
drivers/gpu/drm/drm_drv.c:279:45: warning: incorrect type in argument 1 (different address spaces)
drivers/gpu/drm/drm_drv.c:279:45:    expected char *buf
drivers/gpu/drm/drm_drv.c:279:45:    got char [noderef] <asn:1>*date
drivers/gpu/drm/drm_drv.c:282:45: warning: incorrect type in argument 1 (different address spaces)
drivers/gpu/drm/drm_drv.c:282:45:    expected char *buf
drivers/gpu/drm/drm_drv.c:282:45:    got char [noderef] <asn:1>*desc
drivers/gpu/drm/drm_drv.c:251:34: warning: incorrect type in argument 1 (different address spaces)
drivers/gpu/drm/drm_drv.c:251:34:    expected void [noderef] <asn:1>*to
drivers/gpu/drm/drm_drv.c:251:34:    got char *buf
drivers/gpio/gpio-bcm-kona.c:552:47: warning: incorrect type in argument 1 (different address spaces)
drivers/gpio/gpio-bcm-kona.c:552:47:    expected void [noderef] <asn:2>*reg_base
drivers/gpio/gpio-bcm-kona.c:552:47:    got struct bcm_kona_gpio *kona_gpio
drivers/gpio/gpio-bcm-kona.c:556:47: warning: incorrect type in argument 1 (different address spaces)
drivers/gpio/gpio-bcm-kona.c:556:47:    expected void [noderef] <asn:2>*reg_base
drivers/gpio/gpio-bcm-kona.c:556:47:    got struct bcm_kona_gpio *kona_gpio
net/ipv4/tcp_fastopen.c:201:9: warning: context imbalance in 'tcp_fastopen_create_child' - unexpected unlock
drivers/dma/edma.c:554:32: warning: symbol 'edma_prep_dma_memcpy' was not declared. Should it be static?
drivers/dma/edma.c:1090:6: warning: symbol 'edma_filter_fn' was not declared. Should it be static?
net/ipv4/raw.c:959:21: warning: context imbalance in 'raw_seq_start' - wrong count at exit
include/linux/rwlock_api_smp.h:226:9: warning: context imbalance in 'raw_seq_stop' - unexpected unlock
include/net/sock.h:1549:31: warning: context imbalance in 'first_packet_length' - unexpected unlock
include/net/sock.h:1549:31: warning: context imbalance in 'udp_recvmsg' - unexpected unlock
include/net/sock.h:1549:31: warning: context imbalance in 'udp_destroy_sock' - unexpected unlock
net/ipv4/udp.c:2286:9: warning: context imbalance in 'udp_get_first' - wrong count at exit
net/ipv4/udp.c:2300:39: warning: context imbalance in 'udp_get_next' - unexpected unlock
net/ipv4/udp.c:2342:31: warning: context imbalance in 'udp_seq_stop' - unexpected unlock
drivers/gpu/drm/drm_memory.c:116:29: warning: incorrect type in assignment (different address spaces)
drivers/gpu/drm/drm_memory.c:116:29:    expected void *handle
drivers/gpu/drm/drm_memory.c:116:29:    got void [noderef] <asn:2>*
drivers/gpu/drm/drm_memory.c:125:29: warning: incorrect type in assignment (different address spaces)
drivers/gpu/drm/drm_memory.c:125:29:    expected void *handle
drivers/gpu/drm/drm_memory.c:125:29:    got void [noderef] <asn:2>*
drivers/gpu/drm/drm_memory.c:137:28: warning: incorrect type in argument 1 (different address spaces)
drivers/gpu/drm/drm_memory.c:137:28:    expected void volatile [noderef] <asn:2>*addr
drivers/gpu/drm/drm_memory.c:137:28:    got void *handle
drivers/dma/ste_dma40.c:1408:28: warning: incorrect type in argument 1 (different address spaces)
drivers/dma/ste_dma40.c:1408:28:    expected void const volatile [noderef] <asn:2>*addr
drivers/dma/ste_dma40.c:1408:28:    got unsigned int *<noident>
drivers/dma/ste_dma40.c:1424:27: warning: incorrect type in argument 1 (different address spaces)
drivers/dma/ste_dma40.c:1424:27:    expected void const volatile [noderef] <asn:2>*addr
drivers/dma/ste_dma40.c:1424:27:    got unsigned int *<noident>
drivers/dma/ste_dma40.c:1658:32: warning: Variable length array is used.
drivers/dma/ste_dma40.c:3601:25: warning: incorrect type in assignment (different address spaces)
drivers/dma/ste_dma40.c:3601:25:    expected void *lcpa_base
drivers/dma/ste_dma40.c:3601:25:    got void [noderef] <asn:2>*
drivers/dma/ste_dma40.c:3617:38: warning: incorrect type in assignment (different address spaces)
drivers/dma/ste_dma40.c:3617:38:    expected void *base
drivers/dma/ste_dma40.c:3617:38:    got void [noderef] <asn:2>*
drivers/dma/ste_dma40.c:3704:48: warning: incorrect type in argument 1 (different address spaces)
drivers/dma/ste_dma40.c:3704:48:    expected void volatile [noderef] <asn:2>*addr
drivers/dma/ste_dma40.c:3704:48:    got void *base
drivers/gpu/drm/drm_vm.c:254:44: warning: incorrect type in argument 1 (different address spaces)
drivers/gpu/drm/drm_vm.c:254:44:    expected void volatile [noderef] <asn:2>*addr
drivers/gpu/drm/drm_vm.c:254:44:    got void *handle
drivers/gpu/drm/drm_vm.c:493:51: error: undefined identifier '_PAGE_RW'
drivers/gpu/drm/drm_vm.c:577:51: error: undefined identifier '_PAGE_RW'
drivers/dma/ste_dma40_ll.c:13:4: warning: symbol 'd40_width_to_bits' was not declared. Should it be static?
drivers/dma/ste_dma40_ll.c:342:9: warning: incorrect type in argument 2 (different address spaces)
drivers/dma/ste_dma40_ll.c:342:9:    expected void volatile [noderef] <asn:2>*addr
drivers/dma/ste_dma40_ll.c:342:9:    got unsigned int *<noident>
drivers/dma/ste_dma40_ll.c:343:9: warning: incorrect type in argument 2 (different address spaces)
drivers/dma/ste_dma40_ll.c:343:9:    expected void volatile [noderef] <asn:2>*addr
drivers/dma/ste_dma40_ll.c:343:9:    got unsigned int *<noident>
drivers/dma/ste_dma40_ll.c:344:9: warning: incorrect type in argument 2 (different address spaces)
drivers/dma/ste_dma40_ll.c:344:9:    expected void volatile [noderef] <asn:2>*addr
drivers/dma/ste_dma40_ll.c:344:9:    got unsigned int *<noident>
drivers/dma/ste_dma40_ll.c:345:9: warning: incorrect type in argument 2 (different address spaces)
drivers/dma/ste_dma40_ll.c:345:9:    expected void volatile [noderef] <asn:2>*addr
drivers/dma/ste_dma40_ll.c:345:9:    got unsigned int *<noident>
drivers/dma/ste_dma40_ll.c:355:9: warning: incorrect type in argument 2 (different address spaces)
drivers/dma/ste_dma40_ll.c:355:9:    expected void volatile [noderef] <asn:2>*addr
drivers/dma/ste_dma40_ll.c:355:9:    got unsigned int *<noident>
drivers/dma/ste_dma40_ll.c:356:9: warning: incorrect type in argument 2 (different address spaces)
drivers/dma/ste_dma40_ll.c:356:9:    expected void volatile [noderef] <asn:2>*addr
drivers/dma/ste_dma40_ll.c:356:9:    got unsigned int *<noident>
drivers/dma/ste_dma40_ll.c:357:9: warning: incorrect type in argument 2 (different address spaces)
drivers/dma/ste_dma40_ll.c:357:9:    expected void volatile [noderef] <asn:2>*addr
drivers/dma/ste_dma40_ll.c:357:9:    got unsigned int *<noident>
drivers/dma/ste_dma40_ll.c:358:9: warning: incorrect type in argument 2 (different address spaces)
drivers/dma/ste_dma40_ll.c:358:9:    expected void volatile [noderef] <asn:2>*addr
drivers/dma/ste_dma40_ll.c:358:9:    got unsigned int *<noident>
net/unix/af_unix.c:942:13: warning: context imbalance in 'unix_state_double_lock' - wrong count at exit
include/linux/spinlock_api_smp.h:151:27: warning: context imbalance in 'unix_state_double_unlock' - unexpected unlock
net/unix/af_unix.c:1050:54: warning: context imbalance in 'unix_wait_for_peer' - unexpected unlock
net/unix/af_unix.c:1229:9: warning: context imbalance in 'unix_stream_connect' - different lock contexts for basic block
net/unix/af_unix.c:1615:9: warning: context imbalance in 'unix_dgram_sendmsg' - different lock contexts for basic block
drivers/dma/tegra20-apb-dma.c:365:9: warning: context imbalance in 'tegra_dma_global_pause' - wrong count at exit
drivers/dma/tegra20-apb-dma.c:234:9: warning: context imbalance in 'tegra_dma_global_resume' - unexpected unlock
net/ipv4/icmp.c:331:13: warning: context imbalance in 'icmp_reply' - different lock contexts for basic block
net/ipv4/icmp.c:488:6: warning: context imbalance in 'icmp_send' - different lock contexts for basic block
drivers/i2c/i2c-core.c:2039:36: warning: dubious: x | !y
drivers/iio/industrialio-event.c:67:26: warning: cast to non-scalar
drivers/iio/industrialio-event.c:67:26: warning: cast from non-scalar
net/xfrm/xfrm_policy.c:104:9: warning: context imbalance in 'xfrm_policy_get_afinfo' - different lock contexts for basic block
net/xfrm/xfrm_policy.c:107:13: warning: context imbalance in 'xfrm_policy_put_afinfo' - unexpected unlock
net/ipv4/igmp.c:2621:31: warning: context imbalance in 'igmp_mcf_get_next' - unexpected unlock
net/ipv4/igmp.c:2649:9: warning: context imbalance in 'igmp_mcf_get_idx' - wrong count at exit
net/ipv4/igmp.c:2666:9: warning: context imbalance in 'igmp_mcf_seq_next' - wrong count at exit
net/ipv4/igmp.c:2678:9: warning: context imbalance in 'igmp_mcf_seq_stop' - unexpected unlock
net/xfrm/xfrm_state.c:1955:9: warning: context imbalance in 'xfrm_state_get_afinfo' - different lock contexts for basic block
net/xfrm/xfrm_state.c:1958:6: warning: context imbalance in 'xfrm_state_put_afinfo' - unexpected unlock
drivers/gpu/drm/ati_pcigart.c:192:9: error: undefined identifier 'wbinvd'
net/xfrm/xfrm_input.c:71:9: warning: context imbalance in 'xfrm_input_get_afinfo' - different lock contexts for basic block
net/xfrm/xfrm_input.c:74:13: warning: context imbalance in 'xfrm_input_put_afinfo' - unexpected unlock
drivers/iommu/tegra-smmu.c:1186:43: warning: cast removes address space of expression
drivers/gpu/drm/drm_fb_helper.c:1488:27: warning: expression using sizeof bool
drivers/input/keyboard/cros_ec_keyb.c:193:31: warning: Variable length array is used.
drivers/input/keyboard/cros_ec_keyb.c:301:32: warning: Variable length array is used.
drivers/input/keyboard/cros_ec_keyb.c:302:32: warning: Variable length array is used.
drivers/input/keyboard/cros_ec_keyb.c:315:46: error: cannot size expression
drivers/input/keyboard/cros_ec_keyb.c:317:55: error: cannot size expression
net/sunrpc/xdr.c:512:8: warning: symbol 'xdr_get_next_encode_buffer' was not declared. Should it be static?
drivers/input/mouse/lifebook.h:22:12: warning: symbol 'lifebook_detect' was not declared. Should it be static?
drivers/input/mouse/sentelic.h:126:12: warning: symbol 'fsp_detect' was not declared. Should it be static?
net/ipv4/ping.c:1067:21: warning: context imbalance in 'ping_seq_start' - wrong count at exit
net/ipv4/ping.c:1090:6: warning: context imbalance in 'ping_seq_stop' - unexpected unlock
drivers/irqchip/irq-gic.c:103:17: warning: incorrect type in initializer (different address spaces)
drivers/irqchip/irq-gic.c:103:17:    expected void const [noderef] <asn:3>*__vpp_verify
drivers/irqchip/irq-gic.c:103:17:    got void [noderef] <asn:3>*[noderef] <asn:2>*<noident>
drivers/irqchip/irq-gic.c:103:16: warning: incorrect type in return expression (different address spaces)
drivers/irqchip/irq-gic.c:103:16:    expected void [noderef] <asn:2>*
drivers/irqchip/irq-gic.c:103:16:    got void [noderef] <asn:3>*<noident>
drivers/irqchip/irq-gic.c:920:29: warning: symbol 'gic_default_routable_irq_domain_ops' was not declared. Should it be static?
drivers/irqchip/irq-gic.c:945:44: warning: incorrect type in assignment (different address spaces)
drivers/irqchip/irq-gic.c:945:44:    expected void [noderef] <asn:3>*[noderef] <asn:2>*percpu_base
drivers/irqchip/irq-gic.c:945:44:    got void [noderef] <asn:2>*[noderef] <asn:3>*<noident>
drivers/irqchip/irq-gic.c:946:43: warning: incorrect type in assignment (different address spaces)
drivers/irqchip/irq-gic.c:946:43:    expected void [noderef] <asn:3>*[noderef] <asn:2>*percpu_base
drivers/irqchip/irq-gic.c:946:43:    got void [noderef] <asn:2>*[noderef] <asn:3>*<noident>
drivers/irqchip/irq-gic.c:949:51: warning: incorrect type in argument 1 (different address spaces)
drivers/irqchip/irq-gic.c:949:51:    expected void [noderef] <asn:3>*__pdata
drivers/irqchip/irq-gic.c:949:51:    got void [noderef] <asn:3>*[noderef] <asn:2>*percpu_base
drivers/irqchip/irq-gic.c:950:50: warning: incorrect type in argument 1 (different address spaces)
drivers/irqchip/irq-gic.c:950:50:    expected void [noderef] <asn:3>*__pdata
drivers/irqchip/irq-gic.c:950:50:    got void [noderef] <asn:3>*[noderef] <asn:2>*percpu_base
drivers/irqchip/irq-gic.c:956:26: warning: incorrect type in initializer (different address spaces)
drivers/irqchip/irq-gic.c:956:26:    expected void const [noderef] <asn:3>*__vpp_verify
drivers/irqchip/irq-gic.c:956:26:    got void [noderef] <asn:3>*[noderef] <asn:2>*<noident>
drivers/irqchip/irq-gic.c:956:71: warning: incorrect type in assignment (different address spaces)
drivers/irqchip/irq-gic.c:956:71:    expected void [noderef] <asn:3>*<noident>
drivers/irqchip/irq-gic.c:956:71:    got void [noderef] <asn:2>*
drivers/irqchip/irq-gic.c:957:26: warning: incorrect type in initializer (different address spaces)
drivers/irqchip/irq-gic.c:957:26:    expected void const [noderef] <asn:3>*__vpp_verify
drivers/irqchip/irq-gic.c:957:26:    got void [noderef] <asn:3>*[noderef] <asn:2>*<noident>
drivers/irqchip/irq-gic.c:957:70: warning: incorrect type in assignment (different address spaces)
drivers/irqchip/irq-gic.c:957:70:    expected void [noderef] <asn:3>*<noident>
drivers/irqchip/irq-gic.c:957:70:    got void [noderef] <asn:2>*
drivers/irqchip/irq-sirfsoc.c:52:47: warning: incorrect type in initializer (different address spaces)
drivers/irqchip/irq-sirfsoc.c:52:47:    expected void [noderef] <asn:2>*base
drivers/irqchip/irq-sirfsoc.c:52:47:    got void *host_data
drivers/irqchip/irq-sirfsoc.c:69:40: warning: incorrect type in argument 4 (different address spaces)
drivers/irqchip/irq-sirfsoc.c:69:40:    expected void *host_data
drivers/irqchip/irq-sirfsoc.c:69:40:    got void [noderef] <asn:2>*base
drivers/irqchip/irq-sirfsoc.c:97:47: warning: incorrect type in initializer (different address spaces)
drivers/irqchip/irq-sirfsoc.c:97:47:    expected void [noderef] <asn:2>*base
drivers/irqchip/irq-sirfsoc.c:97:47:    got void *host_data
drivers/irqchip/irq-sirfsoc.c:109:47: warning: incorrect type in initializer (different address spaces)
drivers/irqchip/irq-sirfsoc.c:109:47:    expected void [noderef] <asn:2>*base
drivers/irqchip/irq-sirfsoc.c:109:47:    got void *host_data
drivers/mfd/stmpe.c:252:17: warning: Variable length array is used.
drivers/mfd/stmpe.c:857:16: warning: Variable length array is used.
drivers/gpu/host1x/job.c:513:9: warning: Variable length array is used.
net/sunrpc/sysctl.c:28:17: warning: symbol 'rpc_debug' was not declared. Should it be static?
net/sunrpc/sysctl.c:31:17: warning: symbol 'nfs_debug' was not declared. Should it be static?
net/sunrpc/sysctl.c:34:17: warning: symbol 'nfsd_debug' was not declared. Should it be static?
net/sunrpc/sysctl.c:37:17: warning: symbol 'nlm_debug' was not declared. Should it be static?
drivers/misc/vexpress-syscfg.c:133:22: warning: symbol 'vexpress_syscfg_regmap_config' was not declared. Should it be static?
drivers/misc/vexpress-syscfg.c:279:5: warning: symbol 'vexpress_syscfg_probe' was not declared. Should it be static?
drivers/mfd/ab8500-debugfs.c:1389:6: warning: symbol 'ab8500_dump_all_banks_to_mem' was not declared. Should it be static?
drivers/mfd/ab8500-debugfs.c:1580:28: warning: symbol 'suspend_test_wake_cause_interrupt_is_mine' was not declared. Should it be static?
drivers/mfd/ab8500-debugfs.c:2722:20: error: incompatible types in comparison expression (different type sizes)
net/ipv4/ipconfig.c:139:8: warning: symbol 'ic_addrservaddr' was not declared. Should it be static?
net/ipv4/ipconfig.c:146:8: warning: symbol 'ic_dev_xid' was not declared. Should it be static?
drivers/media/v4l2-core/v4l2-ioctl.c:232:9: error: cannot size expression
drivers/media/v4l2-core/v4l2-ioctl.c:252:9: error: cannot size expression
drivers/media/v4l2-core/v4l2-ioctl.c:257:17: error: cannot size expression
drivers/media/v4l2-core/v4l2-ioctl.c:272:17: error: cannot size expression
drivers/media/v4l2-core/v4l2-ioctl.c:293:17: error: cannot size expression
drivers/media/v4l2-core/v4l2-ioctl.c:353:9: error: cannot size expression
drivers/media/v4l2-core/v4l2-ioctl.c:424:9: error: cannot size expression
drivers/media/v4l2-core/v4l2-ioctl.c:437:9: error: cannot size expression
drivers/media/v4l2-core/v4l2-ioctl.c:437:9: error: cannot size expression
drivers/media/v4l2-core/v4l2-ioctl.c:473:9: error: cannot size expression
drivers/media/v4l2-core/v4l2-ioctl.c:492:9: error: cannot size expression
drivers/media/v4l2-core/v4l2-ioctl.c:564:9: error: cannot size expression
drivers/media/v4l2-core/v4l2-ioctl.c:579:9: error: cannot size expression
drivers/media/v4l2-core/v4l2-ioctl.c:589:9: error: cannot size expression
drivers/media/v4l2-core/v4l2-ioctl.c:793:25: error: cannot size expression
drivers/media/v4l2-core/v4l2-ioctl.c:828:9: error: cannot size expression
drivers/mfd/db8500-prcmu.c:681:5: warning: symbol 'prcmu_get_boot_status' was not declared. Should it be static?
drivers/mfd/omap-usb-tll.c:329:5: warning: symbol 'omap_tll_init' was not declared. Should it be static?
drivers/mfd/omap-usb-tll.c:404:5: warning: symbol 'omap_tll_enable' was not declared. Should it be static?
drivers/mfd/omap-usb-tll.c:438:5: warning: symbol 'omap_tll_disable' was not declared. Should it be static?
drivers/media/v4l2-core/v4l2-ctrls.c:1182:38: warning: incorrect type in argument 1 (different address spaces)
drivers/media/v4l2-core/v4l2-ctrls.c:1182:38:    expected void [noderef] <asn:1>*to
drivers/media/v4l2-core/v4l2-ctrls.c:1182:38:    got char *string
drivers/media/v4l2-core/v4l2-ctrls.c:1212:53: warning: incorrect type in argument 2 (different address spaces)
drivers/media/v4l2-core/v4l2-ctrls.c:1212:53:    expected void const [noderef] <asn:1>*from
drivers/media/v4l2-core/v4l2-ctrls.c:1212:53:    got char *string
drivers/media/v4l2-core/v4l2-ctrls.c:1243:38: warning: incorrect type in argument 1 (different address spaces)
drivers/media/v4l2-core/v4l2-ctrls.c:1243:38:    expected void [noderef] <asn:1>*to
drivers/media/v4l2-core/v4l2-ctrls.c:1243:38:    got char *string
drivers/mfd/vexpress-sysreg.c:101:14: error: symbol 'vexpress_get_24mhz_clock_base' redeclared with different type (originally declared at include/linux/vexpress.h:63) - different address spaces
drivers/mmc/host/sdhci.c:2537:6: warning: symbol 'sdhci_disable_irq_wakeups' was not declared. Should it be static?
drivers/media/v4l2-core/v4l2-dv-timings.c:34:9: error: unknown field name in initializer
drivers/media/v4l2-core/v4l2-dv-timings.c:35:9: error: unknown field name in initializer
drivers/media/v4l2-core/v4l2-dv-timings.c:36:9: error: unknown field name in initializer
drivers/media/v4l2-core/v4l2-dv-timings.c:37:9: error: unknown field name in initializer
drivers/media/v4l2-core/v4l2-dv-timings.c:38:9: error: unknown field name in initializer
drivers/media/v4l2-core/v4l2-dv-timings.c:39:9: error: unknown field name in initializer
drivers/media/v4l2-core/v4l2-dv-timings.c:40:9: error: unknown field name in initializer
drivers/media/v4l2-core/v4l2-dv-timings.c:41:9: error: unknown field name in initializer
drivers/media/v4l2-core/v4l2-dv-timings.c:42:9: error: unknown field name in initializer
drivers/media/v4l2-core/v4l2-dv-timings.c:43:9: error: unknown field name in initializer
drivers/media/v4l2-core/v4l2-dv-timings.c:44:9: error: unknown field name in initializer
drivers/media/v4l2-core/v4l2-dv-timings.c:45:9: error: unknown field name in initializer
drivers/media/v4l2-core/v4l2-dv-timings.c:46:9: error: unknown field name in initializer
drivers/media/v4l2-core/v4l2-dv-timings.c:47:9: error: unknown field name in initializer
drivers/media/v4l2-core/v4l2-dv-timings.c:48:9: error: unknown field name in initializer
drivers/media/v4l2-core/v4l2-dv-timings.c:49:9: error: unknown field name in initializer
drivers/media/v4l2-core/v4l2-dv-timings.c:50:9: error: unknown field name in initializer
drivers/media/v4l2-core/v4l2-dv-timings.c:51:9: error: unknown field name in initializer
drivers/media/v4l2-core/v4l2-dv-timings.c:52:9: error: unknown field name in initializer
drivers/media/v4l2-core/v4l2-dv-timings.c:53:9: error: unknown field name in initializer
drivers/media/v4l2-core/v4l2-dv-timings.c:54:9: error: unknown field name in initializer
drivers/media/v4l2-core/v4l2-dv-timings.c:55:9: error: unknown field name in initializer
drivers/media/v4l2-core/v4l2-dv-timings.c:56:9: error: unknown field name in initializer
drivers/media/v4l2-core/v4l2-dv-timings.c:57:9: error: unknown field name in initializer
drivers/media/v4l2-core/v4l2-dv-timings.c:58:9: error: unknown field name in initializer
drivers/media/v4l2-core/v4l2-dv-timings.c:59:9: error: unknown field name in initializer
drivers/media/v4l2-core/v4l2-dv-timings.c:60:9: error: unknown field name in initializer
drivers/media/v4l2-core/v4l2-dv-timings.c:61:9: error: unknown field name in initializer
drivers/media/v4l2-core/v4l2-dv-timings.c:62:9: error: unknown field name in initializer
drivers/media/v4l2-core/v4l2-dv-timings.c:63:9: error: unknown field name in initializer
drivers/media/v4l2-core/v4l2-dv-timings.c:64:9: error: unknown field name in initializer
drivers/media/v4l2-core/v4l2-dv-timings.c:65:9: error: unknown field name in initializer
drivers/media/v4l2-core/v4l2-dv-timings.c:66:9: error: unknown field name in initializer
drivers/media/v4l2-core/v4l2-dv-timings.c:67:9: error: unknown field name in initializer
drivers/media/v4l2-core/v4l2-dv-timings.c:68:9: error: unknown field name in initializer
drivers/media/v4l2-core/v4l2-dv-timings.c:69:9: error: unknown field name in initializer
drivers/media/v4l2-core/v4l2-dv-timings.c:70:9: error: unknown field name in initializer
drivers/media/v4l2-core/v4l2-dv-timings.c:71:9: error: unknown field name in initializer
drivers/media/v4l2-core/v4l2-dv-timings.c:72:9: error: unknown field name in initializer
drivers/media/v4l2-core/v4l2-dv-timings.c:73:9: error: unknown field name in initializer
drivers/media/v4l2-core/v4l2-dv-timings.c:74:9: error: unknown field name in initializer
drivers/media/v4l2-core/v4l2-dv-timings.c:75:9: error: unknown field name in initializer
drivers/media/v4l2-core/v4l2-dv-timings.c:76:9: error: unknown field name in initializer
drivers/media/v4l2-core/v4l2-dv-timings.c:77:9: error: unknown field name in initializer
drivers/media/v4l2-core/v4l2-dv-timings.c:78:9: error: unknown field name in initializer
drivers/media/v4l2-core/v4l2-dv-timings.c:79:9: error: unknown field name in initializer
drivers/media/v4l2-core/v4l2-dv-timings.c:80:9: error: unknown field name in initializer
drivers/media/v4l2-core/v4l2-dv-timings.c:81:9: error: unknown field name in initializer
drivers/media/v4l2-core/v4l2-dv-timings.c:82:9: error: unknown field name in initializer
drivers/media/v4l2-core/v4l2-dv-timings.c:83:9: error: unknown field name in initializer
drivers/media/v4l2-core/v4l2-dv-timings.c:84:9: error: unknown field name in initializer
drivers/media/v4l2-core/v4l2-dv-timings.c:85:9: error: unknown field name in initializer
drivers/media/v4l2-core/v4l2-dv-timings.c:86:9: error: unknown field name in initializer
drivers/media/v4l2-core/v4l2-dv-timings.c:87:9: error: unknown field name in initializer
drivers/media/v4l2-core/v4l2-dv-timings.c:88:9: error: unknown field name in initializer
drivers/media/v4l2-core/v4l2-dv-timings.c:89:9: error: unknown field name in initializer
drivers/media/v4l2-core/v4l2-dv-timings.c:90:9: error: unknown field name in initializer
drivers/media/v4l2-core/v4l2-dv-timings.c:91:9: error: unknown field name in initializer
drivers/media/v4l2-core/v4l2-dv-timings.c:92:9: error: unknown field name in initializer
drivers/media/v4l2-core/v4l2-dv-timings.c:93:9: error: unknown field name in initializer
drivers/media/v4l2-core/v4l2-dv-timings.c:94:9: error: unknown field name in initializer
drivers/media/v4l2-core/v4l2-dv-timings.c:95:9: error: unknown field name in initializer
drivers/media/v4l2-core/v4l2-dv-timings.c:96:9: error: unknown field name in initializer
drivers/media/v4l2-core/v4l2-dv-timings.c:97:9: error: unknown field name in initializer
drivers/media/v4l2-core/v4l2-dv-timings.c:98:9: error: unknown field name in initializer
drivers/media/v4l2-core/v4l2-dv-timings.c:99:9: error: unknown field name in initializer
drivers/media/v4l2-core/v4l2-dv-timings.c:100:9: error: unknown field name in initializer
drivers/media/v4l2-core/v4l2-dv-timings.c:101:9: error: unknown field name in initializer
drivers/media/v4l2-core/v4l2-dv-timings.c:102:9: error: unknown field name in initializer
drivers/media/v4l2-core/v4l2-dv-timings.c:103:9: error: unknown field name in initializer
drivers/media/v4l2-core/v4l2-dv-timings.c:104:9: error: unknown field name in initializer
drivers/media/v4l2-core/v4l2-dv-timings.c:105:9: error: unknown field name in initializer
drivers/media/v4l2-core/v4l2-dv-timings.c:106:9: error: unknown field name in initializer
drivers/media/v4l2-core/v4l2-dv-timings.c:107:9: error: unknown field name in initializer
drivers/media/v4l2-core/v4l2-dv-timings.c:108:9: error: unknown field name in initializer
drivers/media/v4l2-core/v4l2-dv-timings.c:109:9: error: unknown field name in initializer
drivers/media/v4l2-core/v4l2-dv-timings.c:110:9: error: unknown field name in initializer
drivers/media/v4l2-core/v4l2-dv-timings.c:111:9: error: unknown field name in initializer
drivers/media/v4l2-core/v4l2-dv-timings.c:112:9: error: unknown field name in initializer
drivers/media/v4l2-core/v4l2-dv-timings.c:113:9: error: unknown field name in initializer
drivers/media/v4l2-core/v4l2-dv-timings.c:114:9: error: unknown field name in initializer
drivers/media/v4l2-core/v4l2-dv-timings.c:115:9: error: unknown field name in initializer
drivers/media/v4l2-core/v4l2-dv-timings.c:116:9: error: unknown field name in initializer
drivers/media/v4l2-core/v4l2-dv-timings.c:117:9: error: unknown field name in initializer
drivers/media/v4l2-core/v4l2-dv-timings.c:118:9: error: unknown field name in initializer
drivers/media/v4l2-core/v4l2-dv-timings.c:119:9: error: unknown field name in initializer
drivers/media/v4l2-core/v4l2-dv-timings.c:120:9: error: unknown field name in initializer
drivers/media/v4l2-core/v4l2-dv-timings.c:121:9: error: unknown field name in initializer
drivers/media/v4l2-core/v4l2-dv-timings.c:122:9: error: unknown field name in initializer
drivers/media/v4l2-core/v4l2-dv-timings.c:123:9: error: unknown field name in initializer
drivers/media/v4l2-core/v4l2-dv-timings.c:124:9: error: unknown field name in initializer
drivers/media/v4l2-core/v4l2-dv-timings.c:125:9: error: unknown field name in initializer
drivers/media/v4l2-core/v4l2-dv-timings.c:126:9: error: unknown field name in initializer
drivers/media/v4l2-core/v4l2-dv-timings.c:127:9: error: unknown field name in initializer
drivers/media/v4l2-core/v4l2-dv-timings.c:128:9: error: unknown field name in initializer
drivers/media/v4l2-core/v4l2-dv-timings.c:129:9: error: unknown field name in initializer
drivers/media/v4l2-core/v4l2-dv-timings.c:130:9: error: unknown field name in initializer
drivers/media/v4l2-core/v4l2-dv-timings.c:131:9: error: unknown field name in initializer
drivers/media/v4l2-core/v4l2-dv-timings.c:132:9: error: unknown field name in initializer
drivers/media/v4l2-core/v4l2-dv-timings.c:133:9: error: unknown field name in initializer
drivers/media/v4l2-core/v4l2-dv-timings.c:134:9: error: unknown field name in initializer
drivers/media/v4l2-core/v4l2-dv-timings.c:135:9: error: too many errors
drivers/media/v4l2-core/videobuf2-vmalloc.c:95:28: warning: incorrect type in assignment (different address spaces)
drivers/media/v4l2-core/videobuf2-vmalloc.c:95:28:    expected void *vaddr
drivers/media/v4l2-core/videobuf2-vmalloc.c:95:28:    got void [noderef] <asn:2>*
drivers/media/v4l2-core/videobuf2-vmalloc.c:155:28: warning: incorrect type in argument 1 (different address spaces)
drivers/media/v4l2-core/videobuf2-vmalloc.c:155:28:    expected void volatile [noderef] <asn:2>*addr
drivers/media/v4l2-core/videobuf2-vmalloc.c:155:28:    got void *vaddr
drivers/mmc/host/sdhci-pxav3.c:227:10: warning: Initializer entry defined twice
drivers/mmc/host/sdhci-pxav3.c:232:10:   also defined here
drivers/of/fdt.c:739:46: warning: incorrect type in argument 2 (different modifiers)
drivers/of/fdt.c:739:46:    expected int ( *setup )( ... )
drivers/of/fdt.c:739:46:    got void const *const data
drivers/of/fdt.c:703:12: warning: symbol 'early_init_dt_scan_chosen_serial' was not declared. Should it be static?
drivers/net/ethernet/freescale/fec_main.c:1010:9: warning: context imbalance in 'fec_restart' - different lock contexts for basic block
drivers/mmc/host/omap.c:857:6: warning: symbol 'omap_mmc_notify_cover_event' was not declared. Should it be static?
drivers/pci/pci.c:35:5: warning: symbol 'isa_dma_bridge_buggy' was not declared. Should it be static?
drivers/pci/pci.c:3201:13: warning: symbol 'pcibios_reset_secondary_bus' was not declared. Should it be static?
drivers/pci/pci.c:4387:1: warning: symbol 'bus_attr_resource_alignment' was not declared. Should it be static?
drivers/of/of_reserved_mem.c:30:19: warning: symbol 'early_init_dt_alloc_reserved_memory_arch' was not declared. Should it be static?
drivers/of/of_reserved_mem.c:185:50: warning: incorrect type in initializer (different modifiers)
drivers/of/of_reserved_mem.c:185:50:    expected int ( *[usertype] initfn )( ... )
drivers/of/of_reserved_mem.c:185:50:    got void const *const data
drivers/pci/rom.c:224:36: warning: incorrect type in return expression (different address spaces)
drivers/pci/rom.c:224:36:    expected void [noderef] <asn:2>*
drivers/pci/rom.c:224:36:    got void *
drivers/net/ethernet/marvell/mv643xx_eth.c:1914:35: warning: incorrect type in assignment (different address spaces)
drivers/net/ethernet/marvell/mv643xx_eth.c:1914:35:    expected struct rx_desc *rx_desc_area
drivers/net/ethernet/marvell/mv643xx_eth.c:1914:35:    got void [noderef] <asn:2>*
drivers/net/ethernet/marvell/mv643xx_eth.c:1953:28: warning: incorrect type in argument 1 (different address spaces)
drivers/net/ethernet/marvell/mv643xx_eth.c:1953:28:    expected void volatile [noderef] <asn:2>*addr
drivers/net/ethernet/marvell/mv643xx_eth.c:1953:28:    got struct rx_desc *rx_desc_area
drivers/net/ethernet/marvell/mv643xx_eth.c:1984:28: warning: incorrect type in argument 1 (different address spaces)
drivers/net/ethernet/marvell/mv643xx_eth.c:1984:28:    expected void volatile [noderef] <asn:2>*addr
drivers/net/ethernet/marvell/mv643xx_eth.c:1984:28:    got struct rx_desc *rx_desc_area
drivers/net/ethernet/marvell/mv643xx_eth.c:2017:35: warning: incorrect type in assignment (different address spaces)
drivers/net/ethernet/marvell/mv643xx_eth.c:2017:35:    expected struct tx_desc *tx_desc_area
drivers/net/ethernet/marvell/mv643xx_eth.c:2017:35:    got void [noderef] <asn:2>*
drivers/net/ethernet/marvell/mv643xx_eth.c:2074:28: warning: incorrect type in argument 1 (different address spaces)
drivers/net/ethernet/marvell/mv643xx_eth.c:2074:28:    expected void volatile [noderef] <asn:2>*addr
drivers/net/ethernet/marvell/mv643xx_eth.c:2074:28:    got struct tx_desc *tx_desc_area
drivers/pci/msi.c:201:12: warning: symbol 'arch_msi_mask_irq' was not declared. Should it be static?
drivers/pci/msi.c:231:12: warning: symbol 'arch_msix_mask_irq' was not declared. Should it be static?
drivers/net/ethernet/marvell/mvneta.c:529:29: warning: incorrect type in initializer (different address spaces)
drivers/net/ethernet/marvell/mvneta.c:529:29:    expected void const [noderef] <asn:3>*__vpp_verify
drivers/net/ethernet/marvell/mvneta.c:529:29:    got struct mvneta_pcpu_stats *<noident>
drivers/net/ethernet/marvell/mvneta.c:515:26: warning: symbol 'mvneta_get_stats64' was not declared. Should it be static?
drivers/net/ethernet/marvell/mvneta.c:1527:51: warning: incorrect type in initializer (different address spaces)
drivers/net/ethernet/marvell/mvneta.c:1527:51:    expected void const [noderef] <asn:3>*__vpp_verify
drivers/net/ethernet/marvell/mvneta.c:1527:51:    got struct mvneta_pcpu_stats *<noident>
drivers/net/ethernet/marvell/mvneta.c:1778:51: warning: incorrect type in initializer (different address spaces)
drivers/net/ethernet/marvell/mvneta.c:1778:51:    expected void const [noderef] <asn:3>*__vpp_verify
drivers/net/ethernet/marvell/mvneta.c:1778:51:    got struct mvneta_pcpu_stats *<noident>
drivers/net/ethernet/marvell/mvneta.c:2674:5: warning: symbol 'mvneta_ethtool_get_settings' was not declared. Should it be static?
drivers/net/ethernet/marvell/mvneta.c:2685:5: warning: symbol 'mvneta_ethtool_set_settings' was not declared. Should it be static?
drivers/net/ethernet/marvell/mvneta.c:2795:26: warning: symbol 'mvneta_eth_tool_ops' was not declared. Should it be static?
drivers/net/ethernet/marvell/mvneta.c:3008:19: warning: incorrect type in assignment (different address spaces)
drivers/net/ethernet/marvell/mvneta.c:3008:19:    expected struct mvneta_pcpu_stats *stats
drivers/net/ethernet/marvell/mvneta.c:3008:19:    got struct mvneta_pcpu_stats [noderef] <asn:3>*pcpu_stats
drivers/net/ethernet/marvell/mvneta.c:3071:23: warning: incorrect type in argument 1 (different address spaces)
drivers/net/ethernet/marvell/mvneta.c:3071:23:    expected void [noderef] <asn:3>*__pdata
drivers/net/ethernet/marvell/mvneta.c:3071:23:    got struct mvneta_pcpu_stats *stats
drivers/net/ethernet/marvell/mvneta.c:3089:23: warning: incorrect type in argument 1 (different address spaces)
drivers/net/ethernet/marvell/mvneta.c:3089:23:    expected void [noderef] <asn:3>*__pdata
drivers/net/ethernet/marvell/mvneta.c:3089:23:    got struct mvneta_pcpu_stats *stats
drivers/pci/host/pci-mvebu.c:845:31: warning: incorrect type in return expression (different address spaces)
drivers/pci/host/pci-mvebu.c:845:31:    expected void [noderef] <asn:2>*
drivers/pci/host/pci-mvebu.c:845:31:    got void *
drivers/pinctrl/pinconf.c:497:20: error: incompatible types in comparison expression (different type sizes)
drivers/net/ethernet/ti/davinci_cpdma.c:184:29: warning: incorrect type in assignment (different address spaces)
drivers/net/ethernet/ti/davinci_cpdma.c:184:29:    expected void [noderef] <asn:2>*iomap
drivers/net/ethernet/ti/davinci_cpdma.c:184:29:    got void *cpumap
drivers/net/ethernet/ti/cpsw-phy-sel.c:195:28: warning: incorrect type in assignment (different modifiers)
drivers/net/ethernet/ti/cpsw-phy-sel.c:195:28:    expected void ( *cpsw_phy_sel )( ... )
drivers/net/ethernet/ti/cpsw-phy-sel.c:195:28:    got void const *const data
drivers/power/power_supply_core.c:540:5: warning: symbol '__power_supply_register' was not declared. Should it be static?
drivers/net/ethernet/ti/cpsw_ale.c:151:5: warning: symbol 'cpsw_ale_match_addr' was not declared. Should it be static?
drivers/net/ethernet/ti/cpsw_ale.c:172:5: warning: symbol 'cpsw_ale_match_vlan' was not declared. Should it be static?
drivers/net/ethernet/ti/cpsw.c:1516:9: warning: switch with no cases
drivers/pinctrl/pinctrl-nomadik.c:615:5: warning: symbol 'nmk_gpio_get_mode' was not declared. Should it be static?
drivers/pinctrl/pinctrl-nomadik.c:1077:6: warning: symbol 'nmk_gpio_clocks_enable' was not declared. Should it be static?
drivers/pinctrl/pinctrl-nomadik.c:1091:6: warning: symbol 'nmk_gpio_clocks_disable' was not declared. Should it be static?
drivers/pinctrl/pinctrl-nomadik.c:1114:6: warning: symbol 'nmk_gpio_wakeups_suspend' was not declared. Should it be static?
drivers/pinctrl/pinctrl-nomadik.c:1135:6: warning: symbol 'nmk_gpio_wakeups_resume' was not declared. Should it be static?
drivers/pinctrl/pinctrl-nomadik.c:1161:6: warning: symbol 'nmk_gpio_read_pull' was not declared. Should it be static?
drivers/pinctrl/pinctrl-nomadik.c:1765:9: warning: context imbalance in 'nmk_pmx_enable' - different lock contexts for basic block
drivers/net/ethernet/stmicro/stmmac/enh_desc.c:381:30: warning: symbol 'enh_desc_ops' was not declared. Should it be static?
drivers/power/reset/vexpress-poweroff.c:69:1: warning: symbol 'dev_attr_active' was not declared. Should it be static?
drivers/net/ethernet/stmicro/stmmac/norm_desc.c:253:30: warning: symbol 'ndesc_ops' was not declared. Should it be static?
drivers/net/ethernet/stmicro/stmmac/stmmac_hwtstamp.c:141:33: warning: symbol 'stmmac_ptp' was not declared. Should it be static?
drivers/reset/reset-sunxi.c:128:13: warning: symbol 'sun6i_reset_init' was not declared. Should it be static?
drivers/pinctrl/pinctrl-exynos.c:397:5: warning: symbol 'exynos_get_eint_wake_mask' was not declared. Should it be static?
drivers/net/ethernet/stmicro/stmmac/dwmac-sunxi.c:133:29: warning: symbol 'sun7i_gmac_data' was not declared. Should it be static?
drivers/pinctrl/pinctrl-st.c:1516:31: error: incompatible types for operation (>)
drivers/pinctrl/pinctrl-st.c:1516:31:    left side has type void [noderef] <asn:2>*irqmux_base
drivers/pinctrl/pinctrl-st.c:1516:31:    right side has type int
drivers/net/ethernet/stmicro/stmmac/dwmac-sti.c:325:29: warning: symbol 'sti_gmac_data' was not declared. Should it be static?
drivers/tty/tty_io.c:119:17: warning: too long initializer-string for array of char
drivers/tty/tty_io.c:1047:6: warning: context imbalance in 'tty_write_unlock' - wrong count at exit
drivers/tty/tty_io.c:1054:5: warning: context imbalance in 'tty_write_lock' - wrong count at exit
drivers/tty/tty_io.c:1175:17: warning: context imbalance in 'tty_write_message' - unexpected unlock
drivers/tty/tty_io.c:1197:16: warning: context imbalance in 'tty_write' - different lock contexts for basic block
drivers/tty/tty_io.c:2591:12: warning: context imbalance in 'send_break' - different lock contexts for basic block
drivers/staging/nvec/nvec_ps2.c:170:14: warning: duplicate const 
drivers/staging/nvec/nvec.c:965:14: warning: duplicate const 
drivers/staging/nvec/nvec.c:898:57: warning: incorrect type in argument 5 (different address spaces)
drivers/staging/nvec/nvec.c:898:57:    expected struct resource *mem_base
drivers/staging/nvec/nvec.c:898:57:    got void [noderef] <asn:2>*[assigned] base
drivers/scsi/scsi_lib.c:450:6: warning: symbol 'scsi_requeue_run_queue' was not declared. Should it be static?
drivers/scsi/scsi_lib.c:2200:6: warning: symbol 'scsi_evt_thread' was not declared. Should it be static?
drivers/scsi/scsi_sysfs.c:201:25: warning: symbol 'dev_attr_hstate' was not declared. Should it be static?
drivers/scsi/scsi_sysfs.c:367:24: warning: symbol 'scsi_shost_attr_group' was not declared. Should it be static?
drivers/video/backlight/generic_bl.c:59:6: warning: symbol 'genericbl_limit_intensity' was not declared. Should it be static?
drivers/tty/sysrq.c:58:16: warning: symbol 'platform_sysrq_reset_seq' was not declared. Should it be static?
drivers/tty/sysrq.c:59:5: warning: symbol 'sysrq_reset_downtime_ms' was not declared. Should it be static?
drivers/tty/serial/serial_core.c:621:22: warning: invalid assignment: |=
drivers/tty/serial/serial_core.c:621:22:    left side has type unsigned int
drivers/tty/serial/serial_core.c:621:22:    right side has type restricted upf_t
drivers/tty/serial/serial_core.c:623:22: warning: invalid assignment: |=
drivers/tty/serial/serial_core.c:623:22:    left side has type unsigned int
drivers/tty/serial/serial_core.c:623:22:    right side has type restricted upf_t
drivers/tty/serial/serial_core.c:625:17: warning: restricted upf_t degrades to integer
drivers/tty/serial/serial_core.c:627:22: warning: invalid assignment: &=
drivers/tty/serial/serial_core.c:627:22:    left side has type unsigned int
drivers/tty/serial/serial_core.c:627:22:    right side has type restricted upf_t
drivers/tty/serial/serial_core.c:630:20: warning: restricted upf_t degrades to integer
drivers/tty/serial/serial_core.c:633:20: warning: restricted upf_t degrades to integer
drivers/tty/serial/serial_core.c:644:22: warning: invalid assignment: |=
drivers/tty/serial/serial_core.c:644:22:    left side has type unsigned int
drivers/tty/serial/serial_core.c:644:22:    right side has type restricted upf_t
drivers/tty/serial/serial_core.c:646:22: warning: invalid assignment: |=
drivers/tty/serial/serial_core.c:646:22:    left side has type unsigned int
drivers/tty/serial/serial_core.c:646:22:    right side has type restricted upf_t
drivers/tty/serial/serial_core.c:648:17: warning: restricted upf_t degrades to integer
drivers/tty/serial/serial_core.c:650:22: warning: invalid assignment: &=
drivers/tty/serial/serial_core.c:650:22:    left side has type unsigned int
drivers/tty/serial/serial_core.c:650:22:    right side has type restricted upf_t
drivers/tty/serial/serial_core.c:653:20: warning: restricted upf_t degrades to integer
drivers/tty/serial/serial_core.c:660:20: warning: restricted upf_t degrades to integer
drivers/tty/serial/serial_core.c:678:29: warning: incorrect type in assignment (different base types)
drivers/tty/serial/serial_core.c:678:29:    expected int [signed] flags
drivers/tty/serial/serial_core.c:678:29:    got restricted upf_t [usertype] flags
drivers/tty/serial/serial_core.c:752:19: warning: incorrect type in assignment (different base types)
drivers/tty/serial/serial_core.c:752:19:    expected restricted upf_t [usertype] new_flags
drivers/tty/serial/serial_core.c:752:19:    got int [signed] flags
drivers/tty/serial/8250/8250_core.c:2813:32: warning: incorrect type in assignment (different base types)
drivers/tty/serial/8250/8250_core.c:2813:32:    expected restricted upf_t [usertype] flags
drivers/tty/serial/8250/8250_core.c:2813:32:    got unsigned int const [unsigned] flags
drivers/tty/serial/8250/8250_core.c:2815:32: warning: incorrect type in assignment (different address spaces)
drivers/tty/serial/8250/8250_core.c:2815:32:    expected unsigned char [noderef] <asn:2>*membase
drivers/tty/serial/8250/8250_core.c:2815:32:    got unsigned char *const iomem_base
drivers/tty/serial/8250/8250_core.c:2920:9: warning: context imbalance in 'serial8250_console_write' - different lock contexts for basic block
drivers/watchdog/sirfsoc_wdt.c:48:18: warning: incorrect type in assignment (different address spaces)
drivers/watchdog/sirfsoc_wdt.c:48:18:    expected void [noderef] <asn:2>*wdt_base
drivers/watchdog/sirfsoc_wdt.c:48:18:    got void *
drivers/watchdog/sirfsoc_wdt.c:64:18: warning: incorrect type in assignment (different address spaces)
drivers/watchdog/sirfsoc_wdt.c:64:18:    expected void [noderef] <asn:2>*wdt_base
drivers/watchdog/sirfsoc_wdt.c:64:18:    got void *
drivers/watchdog/sirfsoc_wdt.c:82:54: warning: incorrect type in initializer (different address spaces)
drivers/watchdog/sirfsoc_wdt.c:82:54:    expected void [noderef] <asn:2>*wdt_base
drivers/watchdog/sirfsoc_wdt.c:82:54:    got void *
drivers/watchdog/sirfsoc_wdt.c:99:54: warning: incorrect type in initializer (different address spaces)
drivers/watchdog/sirfsoc_wdt.c:99:54:    expected void [noderef] <asn:2>*wdt_base
drivers/watchdog/sirfsoc_wdt.c:99:54:    got void *
drivers/watchdog/sirfsoc_wdt.c:153:44: warning: incorrect type in argument 2 (different address spaces)
drivers/watchdog/sirfsoc_wdt.c:153:44:    expected void *data
drivers/watchdog/sirfsoc_wdt.c:153:44:    got void [noderef] <asn:2>*[assigned] base
drivers/tty/vt/vt.c:1370:57: warning: obsolete struct initializer, use C99 syntax
drivers/tty/vt/vt.c:1371:57: warning: obsolete struct initializer, use C99 syntax
drivers/tty/vt/vt.c:1372:57: warning: obsolete struct initializer, use C99 syntax
drivers/tty/vt/vt.c:1391:57: warning: obsolete struct initializer, use C99 syntax
drivers/tty/vt/vt.c:1392:57: warning: obsolete struct initializer, use C99 syntax
drivers/tty/vt/vt.c:1393:57: warning: obsolete struct initializer, use C99 syntax
drivers/tty/vt/vt.c:223:5: warning: symbol 'console_blank_hook' was not declared. Should it be static?
drivers/tty/vt/vt.c:1236:12: warning: symbol 'rgb_from_256' was not declared. Should it be static?
drivers/tty/vt/vt.c:2477:19: warning: symbol 'console_driver' was not declared. Should it be static?
drivers/tty/vt/consolemap_deftbl.c:10:4: warning: symbol 'dfont_unicount' was not declared. Should it be static?
drivers/tty/vt/consolemap_deftbl.c:46:5: warning: symbol 'dfont_unitable' was not declared. Should it be static?
drivers/tty/vt/defkeymap.c:27:9: warning: symbol 'shift_map' was not declared. Should it be static?
drivers/tty/vt/defkeymap.c:46:9: warning: symbol 'altgr_map' was not declared. Should it be static?
drivers/tty/vt/defkeymap.c:65:9: warning: symbol 'ctrl_map' was not declared. Should it be static?
drivers/tty/vt/defkeymap.c:84:9: warning: symbol 'shift_ctrl_map' was not declared. Should it be static?
drivers/tty/vt/defkeymap.c:103:9: warning: symbol 'alt_map' was not declared. Should it be static?
drivers/tty/vt/defkeymap.c:122:9: warning: symbol 'ctrl_alt_map' was not declared. Should it be static?
drivers/tty/vt/defkeymap.c:148:14: warning: symbol 'keymap_count' was not declared. Should it be static?
drivers/tty/vt/defkeymap.c:156:6: warning: symbol 'func_buf' was not declared. Should it be static?
drivers/tty/vt/defkeymap.c:187:6: warning: symbol 'funcbufptr' was not declared. Should it be static?
drivers/tty/vt/defkeymap.c:188:5: warning: symbol 'funcbufsize' was not declared. Should it be static?
drivers/tty/vt/defkeymap.c:189:5: warning: symbol 'funcbufleft' was not declared. Should it be static?
drivers/tty/vt/defkeymap.c:191:6: warning: symbol 'func_table' was not declared. Should it be static?
drivers/tty/vt/defkeymap.c:225:18: warning: symbol 'accent_table' was not declared. Should it be static?
drivers/tty/vt/defkeymap.c:262:14: warning: symbol 'accent_table_size' was not declared. Should it be static?
drivers/tty/serial/8250/8250_dw.c:302:46: warning: restricted upf_t degrades to integer
drivers/tty/serial/8250/8250_dw.c:302:62: warning: restricted upf_t degrades to integer
drivers/tty/serial/8250/8250_dw.c:302:26: warning: incorrect type in assignment (different base types)
drivers/tty/serial/8250/8250_dw.c:302:26:    expected restricted upf_t [usertype] flags
drivers/tty/serial/8250/8250_dw.c:302:26:    got unsigned int
drivers/video/fbdev/wm8505fb.c:346:41: warning: incorrect type in assignment (different address spaces)
drivers/video/fbdev/wm8505fb.c:346:41:    expected char [noderef] <asn:2>*screen_base
drivers/video/fbdev/wm8505fb.c:346:41:    got void *[assigned] fb_mem_virt
include/linux/spinlock_api_smp.h:151:27: warning: context imbalance in 'pl011_console_write' - unexpected unlock
drivers/video/fbdev/mx3fb.c:1341:26: warning: incorrect type in assignment (different address spaces)
drivers/video/fbdev/mx3fb.c:1341:26:    expected char [noderef] <asn:2>*screen_base
drivers/video/fbdev/mx3fb.c:1341:26:    got void *
drivers/video/fbdev/mx3fb.c:1365:9: warning: cast removes address space of expression
drivers/video/fbdev/mx3fb.c:1384:34: warning: incorrect type in argument 3 (different address spaces)
drivers/video/fbdev/mx3fb.c:1384:34:    expected void *cpu_addr
drivers/video/fbdev/mx3fb.c:1384:34:    got char [noderef] <asn:2>*screen_base
drivers/video/fbdev/mx3fb.c:1099:17: warning: cast removes address space of expression
drivers/tty/serial/imx.c:1657:39: warning: context imbalance in 'imx_console_write' - unexpected unlock
drivers/tty/serial/of_serial.c:32:6: warning: symbol 'tegra_serial_handle_break' was not declared. Should it be static?
include/linux/spinlock_api_smp.h:151:27: warning: context imbalance in 'asc_console_write' - unexpected unlock
include/linux/spinlock_api_smp.h:151:27: warning: context imbalance in 'serial_omap_console_write' - unexpected unlock
drivers/tty/serial/xilinx_uartps.c:472:28: warning: context imbalance in 'cdns_uart_clk_notifier_cb' - different lock contexts for basic block
drivers/tty/serial/xilinx_uartps.c:1099:9: warning: context imbalance in 'cdns_uart_console_write' - different lock contexts for basic block
drivers/tty/serial/sirfsoc_uart.h:108:5: warning: symbol 'usp_ff_full' was not declared. Should it be static?
drivers/tty/serial/sirfsoc_uart.h:112:5: warning: symbol 'usp_ff_empty' was not declared. Should it be static?
drivers/tty/serial/sirfsoc_uart.h:116:5: warning: symbol 'uart_ff_full' was not declared. Should it be static?
drivers/tty/serial/sirfsoc_uart.h:120:5: warning: symbol 'uart_ff_empty' was not declared. Should it be static?
drivers/tty/serial/sirfsoc_uart.h:124:30: warning: symbol 'sirfsoc_usp' was not declared. Should it be static?
drivers/tty/serial/sirfsoc_uart.h:191:30: warning: symbol 'sirfsoc_uart' was not declared. Should it be static?
drivers/usb/phy/phy-tegra-usb.c:885:17: warning: expression using sizeof(void)
drivers/usb/host/ohci-hub.c:265:9: warning: context imbalance in 'ohci_rh_resume' - different lock contexts for basic block
init/do_mounts.c:8:2: warning: "Sparse checking disabled for this file"
init/do_mounts_initrd.c:8:2: warning: "Sparse checking disabled for this file"
init/initramfs.c:8:2: warning: "Sparse checking disabled for this file"
init/calibrate.c:260:37: warning: symbol 'calibrate_delay_is_known' was not declared. Should it be static?
init/calibrate.c:270:28: warning: symbol 'calibration_delay_done' was not declared. Should it be static?
init/init_task.c:14:44: warning: implicit cast to nocast type
init/init_task.c:14:44: warning: implicit cast to nocast type
init/main.c:163:12: warning: symbol 'envp_init' was not declared. Should it be static?
arch/arm/boot/compressed/misc.c:19:14: warning: symbol '__machine_arch_type' was not declared. Should it be static?
arch/arm/boot/compressed/misc.c:105:15: warning: symbol 'output_data' was not declared. Should it be static?
arch/arm/boot/compressed/misc.c:107:15: warning: symbol 'free_mem_ptr' was not declared. Should it be static?
arch/arm/boot/compressed/misc.c:108:15: warning: symbol 'free_mem_end_ptr' was not declared. Should it be static?
arch/arm/boot/compressed/misc.c:125:17: warning: symbol '__div0' was not declared. Should it be static?
arch/arm/boot/compressed/misc.c:130:15: warning: symbol '__stack_chk_guard' was not declared. Should it be static?
arch/arm/boot/compressed/misc.c:132:6: warning: symbol '__stack_chk_guard_setup' was not declared. Should it be static?
arch/arm/boot/compressed/misc.c:137:6: warning: symbol '__stack_chk_fail' was not declared. Should it be static?
arch/arm/boot/compressed/misc.c:146:1: warning: symbol 'decompress_kernel' was not declared. Should it be static?
include/linux/decompress/mm.h:30:30: warning: symbol 'malloc_ptr' was not declared. Should it be static?
include/linux/decompress/mm.h:31:20: warning: symbol 'malloc_count' was not declared. Should it be static?
arch/arm/boot/compressed/decompress.c:58:5: warning: symbol 'do_decompress' was not declared. Should it be static?
arch/arm/boot/compressed/atags_to_fdt.c:108:5: warning: symbol 'atags_to_fdt' was not declared. Should it be static?
test_sparse: Mon Jul 14 23:42:42 PDT 2014: succeeded on multi_v7_defconfig test_next-20140707
test_sparse: Mon Jul 14 23:42:42 PDT 2014: ended on multi_v7_defconfig test_next-20140707
