test_build: Wed Jun 3 03:15:54 PDT 2015: started on multi_v7_defconfig test_next-20150603 (273de33838674768a625ee3cb6d68c909370ae43)
test_build: Wed Jun 3 03:15:54 PDT 2015: serial is 20150603031533
.config:603:warning: override: reassigning to symbol COMMON_CLK_QCOM
warning: (ARCH_MXC) selects CLKSRC_IMX_GPT which has unmet direct dependencies (OF && BROKEN)
warning: (ARCH_MXC) selects CLKSRC_IMX_GPT which has unmet direct dependencies (OF && BROKEN)
warning: (ARCH_MXC) selects CLKSRC_IMX_GPT which has unmet direct dependencies (OF && BROKEN)
<stdin>:1253:2: warning: #warning syscall userfaultfd not implemented [-Wcpp]
drivers/clk/sunxi/clk-mod0.c:131:1: warning: data definition has no type or storage class [enabled by default]
drivers/clk/sunxi/clk-mod0.c:131:1: error: type defaults to ‘int’ in declaration of ‘module_init’ [-Werror=implicit-int]
drivers/clk/sunxi/clk-mod0.c:131:1: warning: parameter names (without types) in function declaration [enabled by default]
drivers/clk/sunxi/clk-mod0.c:131:1: warning: data definition has no type or storage class [enabled by default]
drivers/clk/sunxi/clk-mod0.c:131:1: error: type defaults to ‘int’ in declaration of ‘module_exit’ [-Werror=implicit-int]
drivers/clk/sunxi/clk-mod0.c:131:1: warning: parameter names (without types) in function declaration [enabled by default]
drivers/clk/sunxi/clk-mod0.c:131:1: warning: ‘sun4i_a10_mod0_clk_driver_init’ defined but not used [-Wunused-function]
cc1: some warnings being treated as errors
make[3]: *** [drivers/clk/sunxi/clk-mod0.o] Error 1
make[3]: *** Waiting for unfinished jobs....
make[2]: *** [drivers/clk/sunxi] Error 2
make[2]: *** Waiting for unfinished jobs....
make[1]: *** [drivers/clk] Error 2
make[1]: *** Waiting for unfinished jobs....
make: *** [drivers] Error 2
make: *** Waiting for unfinished jobs....
test_build: Wed Jun 3 03:17:19 PDT 2015: FAILED on multi_v7_defconfig test_next-20150603
test_build: Wed Jun 3 03:17:19 PDT 2015: ended on multi_v7_defconfig test_next-20150603
