test_sparse: Wed Apr 29 22:52:40 PDT 2015: started on tegra_defconfig test_next-20150430 (fa94df196faef18a84eb92040b2d85c375ee48c9)
test_sparse: Wed Apr 29 22:52:40 PDT 2015: serial is 20150429224533
test_sparse: sparse version unknown (checksum d41d8cd98f00b204e9800998ecf8427e)
/bin/sh: 1: sparse: not found
make[2]: *** [scripts/mod/empty.o] Error 127
make[2]: *** Waiting for unfinished jobs....
make[1]: *** [scripts/mod] Error 2
make[1]: *** Waiting for unfinished jobs....
make: *** [scripts] Error 2
test_sparse: Wed Apr 29 22:52:49 PDT 2015: FAILED on tegra_defconfig test_next-20150430
test_sparse: Wed Apr 29 22:52:49 PDT 2015: ended on tegra_defconfig test_next-20150430
