test_sparse: Wed Jun 17 12:27:25 PDT 2015: started on tegra_defconfig test_next-20150615 (26f2a66080ffa553c4d1254766c91cae0b056bda)
test_sparse: Wed Jun 17 12:27:25 PDT 2015: serial is 20150617121848
test_sparse: sparse version unknown (checksum d41d8cd98f00b204e9800998ecf8427e)
arch/arm/Kconfig.debug:1576:warning: ignoring unsupported character '>'
arch/arm/Kconfig.debug:1576:warning: ignoring unsupported character '>'
/bin/sh: 1: sparse: not found
make[2]: *** [scripts/mod/empty.o] Error 127
make[1]: *** [scripts/mod] Error 2
make[1]: *** Waiting for unfinished jobs....
make: *** [scripts] Error 2
make: *** Waiting for unfinished jobs....
test_sparse: Wed Jun 17 12:27:30 PDT 2015: FAILED on tegra_defconfig test_next-20150615
test_sparse: Wed Jun 17 12:27:30 PDT 2015: ended on tegra_defconfig test_next-20150615
