test_sparse: Mon Jun 29 19:24:33 PDT 2015: started on defconfig test_next-20150618 (5877c04431a6bc0021e6c37b36c32201c8f0b4da)
test_sparse: Mon Jun 29 19:24:33 PDT 2015: serial is 20150629192144
test_sparse: sparse version unknown (checksum d41d8cd98f00b204e9800998ecf8427e)
/bin/sh: 1: sparse: not found
make[2]: *** [scripts/mod/empty.o] Error 127
make[2]: *** Waiting for unfinished jobs....
make[1]: *** [scripts/mod] Error 2
make[1]: *** Waiting for unfinished jobs....
<stdin>:1253:2: warning: #warning syscall userfaultfd not implemented [-Wcpp]
make: *** [scripts] Error 2
test_sparse: Mon Jun 29 19:24:39 PDT 2015: FAILED on defconfig test_next-20150618
test_sparse: Mon Jun 29 19:24:39 PDT 2015: ended on defconfig test_next-20150618
