test_sparse: Tue Jun 17 21:58:25 PDT 2014: started on tegra_defconfig test_next-20140618 (4ca1fbc122fcb09efa2bb1448bff8b71b46434c8)
test_sparse: Tue Jun 17 21:58:25 PDT 2014: serial is 20140617214536
test_sparse: sparse version unknown (checksum d41d8cd98f00b204e9800998ecf8427e)
No such file: allow-store-data-races=0
make[2]: *** [scripts/mod/empty.o] Error 1
make[1]: *** [scripts/mod] Error 2
make[1]: *** Waiting for unfinished jobs....
make: *** [scripts] Error 2
make: *** Waiting for unfinished jobs....
test_sparse: Tue Jun 17 21:58:32 PDT 2014: FAILED on tegra_defconfig test_next-20140618
test_sparse: Tue Jun 17 21:58:32 PDT 2014: ended on tegra_defconfig test_next-20140618
