test_build: Thu Mar 26 02:49:49 PDT 2015: started on tegra_defconfig%tegra30,114_mergeconfig test_next-20150326 (9328510ed2d433636be0a995e1337b6de819fb6b)
test_build: Thu Mar 26 02:49:49 PDT 2015: serial is 20150326024533
In file included from include/linux/linkage.h:4:0,
                 from include/linux/preempt.h:9,
                 from include/linux/spinlock.h:50,
                 from include/linux/lockref.h:17,
                 from lib/lockref.c:2:
In function ‘__read_once_size’,
    inlined from ‘lockref_get_not_dead’ at lib/lockref.c:179:2:
include/linux/compiler.h:216:32: warning: call to ‘data_access_exceeds_word_size’ declared with attribute warning: data access exceeds word size and won't be atomic [enabled by default]
In function ‘__read_once_size’,
    inlined from ‘lockref_put_or_lock’ at lib/lockref.c:142:2:
include/linux/compiler.h:216:32: warning: call to ‘data_access_exceeds_word_size’ declared with attribute warning: data access exceeds word size and won't be atomic [enabled by default]
In function ‘__read_once_size’,
    inlined from ‘lockref_put_return’ at lib/lockref.c:124:2:
include/linux/compiler.h:216:32: warning: call to ‘data_access_exceeds_word_size’ declared with attribute warning: data access exceeds word size and won't be atomic [enabled by default]
In function ‘__read_once_size’,
    inlined from ‘lockref_get_or_lock’ at lib/lockref.c:98:2:
include/linux/compiler.h:216:32: warning: call to ‘data_access_exceeds_word_size’ declared with attribute warning: data access exceeds word size and won't be atomic [enabled by default]
In function ‘__read_once_size’,
    inlined from ‘lockref_get_not_zero’ at lib/lockref.c:71:2:
include/linux/compiler.h:216:32: warning: call to ‘data_access_exceeds_word_size’ declared with attribute warning: data access exceeds word size and won't be atomic [enabled by default]
In function ‘__read_once_size’,
    inlined from ‘lockref_get’ at lib/lockref.c:50:2:
include/linux/compiler.h:216:32: warning: call to ‘data_access_exceeds_word_size’ declared with attribute warning: data access exceeds word size and won't be atomic [enabled by default]
mm/migrate.c: In function ‘migrate_pages’:
mm/migrate.c:1148:1: internal compiler error: in push_minipool_fix, at config/arm/arm.c:13498
Please submit a full bug report,
with preprocessed source if appropriate.
See <https://bugs.launchpad.net/gcc-linaro> for instructions.
make[1]: *** [mm/migrate.o] Error 1
make[1]: *** Waiting for unfinished jobs....
make: *** [mm] Error 2
make: *** Waiting for unfinished jobs....
test_build: Thu Mar 26 02:51:32 PDT 2015: FAILED on tegra_defconfig%tegra30,114_mergeconfig test_next-20150326
test_build: Thu Mar 26 02:51:32 PDT 2015: ended on tegra_defconfig%tegra30,114_mergeconfig test_next-20150326
