test_build: Tue Mar 3 20:50:07 PST 2015: started on tegra_defconfig%tegra114_mergeconfig test_next-20150304 (86a538e12a9bfdefe403d77c67944c97d28b75c9)
test_build: Tue Mar 3 20:50:07 PST 2015: serial is 20150303204533
drivers/net/ethernet/intel/igb/igb_ptp.c: In function ‘igb_ptp_feature_enable_i210’:
drivers/net/ethernet/intel/igb/igb_ptp.c:395:21: warning: ‘pin’ may be used uninitialized in this function [-Wmaybe-uninitialized]
drivers/net/ethernet/intel/igb/igb_ptp.c:471:6: note: ‘pin’ was declared here
In file included from drivers/power/power_supply_core.c:21:0:
include/linux/thermal.h: In function ‘power_actor_get_max_power’:
include/linux/thermal.h:408:38: error: parameter name omitted
include/linux/thermal.h: At top level:
include/linux/thermal.h:413:1: error: expected identifier or ‘(’ before ‘{’ token
make[2]: *** [drivers/power/power_supply_core.o] Error 1
make[1]: *** [drivers/power] Error 2
make[1]: *** Waiting for unfinished jobs....
make: *** [drivers] Error 2
test_build: Tue Mar 3 20:52:19 PST 2015: FAILED on tegra_defconfig%tegra114_mergeconfig test_next-20150304
test_build: Tue Mar 3 20:52:19 PST 2015: ended on tegra_defconfig%tegra114_mergeconfig test_next-20150304
