test_sparse: Tue Feb 4 19:26:57 PST 2014: started on multi_v7_defconfig test_next-20140205 (71ce88b59f52acaca05a8c4a1f6a5d3f74a731db)
test_sparse: Tue Feb 4 19:26:57 PST 2014: serial is 20140204191534
test_sparse: sparse version unknown (checksum d41d8cd98f00b204e9800998ecf8427e)
warning: (ARM_HIGHBANK_CPUFREQ) selects GENERIC_CPUFREQ_CPU0 which has unmet direct dependencies (ARCH_HAS_CPUFREQ && CPU_FREQ && HAVE_CLK && REGULATOR && OF && THERMAL && CPU_THERMAL)
warning: (ARM_HIGHBANK_CPUFREQ) selects GENERIC_CPUFREQ_CPU0 which has unmet direct dependencies (ARCH_HAS_CPUFREQ && CPU_FREQ && HAVE_CLK && REGULATOR && OF && THERMAL && CPU_THERMAL)
warning: (ARM_HIGHBANK_CPUFREQ) selects GENERIC_CPUFREQ_CPU0 which has unmet direct dependencies (ARCH_HAS_CPUFREQ && CPU_FREQ && HAVE_CLK && REGULATOR && OF && THERMAL && CPU_THERMAL)
init/do_mounts.c:8:2: warning: "Sparse checking disabled for this file"
init/initramfs.c:8:2: warning: "Sparse checking disabled for this file"
init/do_mounts_initrd.c:8:2: warning: "Sparse checking disabled for this file"
arch/arm/vfp/vfpmodule.c:41:6: warning: symbol 'vfp_vector' was not declared. Should it be static?
arch/arm/vfp/vfpmodule.c:48:14: warning: symbol 'VFP_arch' was not declared. Should it be static?
arch/arm/vfp/vfpmodule.c:59:17: warning: symbol 'vfp_current_hw_state' was not declared. Should it be static?
arch/arm/vfp/vfpmodule.c:336:6: warning: symbol 'VFP_bounce' was not declared. Should it be static?
arch/arm/vfp/vfpmodule.c:652:6: warning: symbol 'vfp_kmode_exception' was not declared. Should it be static?
init/main.c:162:12: warning: symbol 'envp_init' was not declared. Should it be static?
arch/arm/kernel/irq.c:45:15: warning: symbol 'irq_err_count' was not declared. Should it be static?
init/calibrate.c:260:37: warning: symbol 'calibrate_delay_is_known' was not declared. Should it be static?
arch/arm/kernel/process.c:98:6: warning: symbol 'soft_restart' was not declared. Should it be static?
arch/arm/kernel/process.c:127:6: warning: symbol 'arm_pm_restart' was not declared. Should it be static?
arch/arm/kernel/process.c:134:6: warning: symbol 'arm_pm_idle' was not declared. Should it be static?
arch/arm/kernel/process.c:314:1: warning: symbol 'thread_notify_head' was not declared. Should it be static?
arch/arm/kernel/ptrace.c:932:16: warning: symbol 'syscall_trace_enter' was not declared. Should it be static?
arch/arm/kernel/ptrace.c:952:17: warning: symbol 'syscall_trace_exit' was not declared. Should it be static?
init/init_task.c:14:44: warning: implicit cast to nocast type
init/init_task.c:14:44: warning: implicit cast to nocast type
arch/arm/kernel/return_address.c:63:2: warning: "TODO: return_address should use unwind tables"
arch/arm/mm/fault.c:546:1: warning: symbol 'do_DataAbort' was not declared. Should it be static?
arch/arm/mm/fault.c:578:1: warning: symbol 'do_PrefetchAbort' was not declared. Should it be static?
arch/arm/kernel/return_address.c:66:6: warning: symbol 'return_address' was not declared. Should it be static?
arch/arm/mm/init.c:147:13: warning: symbol 'arm_dma_zone_size' was not declared. Should it be static?
arch/arm/mm/init.c:171:13: warning: symbol 'setup_dma_zone' was not declared. Should it be static?
arch/arm/mm/iomap.c:12:15: warning: symbol 'vga_base' was not declared. Should it be static?
arch/arm/kernel/setup.c:89:14: warning: symbol '__atags_pointer' was not declared. Should it be static?
arch/arm/kernel/setup.c:126:5: warning: symbol '__cpu_architecture' was not declared. Should it be static?
arch/arm/kernel/setup.c:1077:29: warning: symbol 'cpuinfo_op' was not declared. Should it be static?
arch/arm/kernel/return_address.c:63:2: warning: #warning "TODO: return_address should use unwind tables" [-Wcpp]
arch/arm/kernel/signal.c:188:16: warning: symbol 'sys_sigreturn' was not declared. Should it be static?
arch/arm/kernel/signal.c:218:16: warning: symbol 'sys_rt_sigreturn' was not declared. Should it be static?
arch/arm/kernel/signal.c:573:1: warning: symbol 'do_work_pending' was not declared. Should it be static?
arch/arm/kernel/signal.c:604:13: warning: symbol 'get_signal_page' was not declared. Should it be static?
arch/arm/mm/flush.c:350:6: warning: symbol '__flush_anon_page' was not declared. Should it be static?
arch/arm/kernel/sys_arm.c:35:17: warning: symbol 'sys_arm_fadvise64_64' was not declared. Should it be static?
arch/arm/mm/mmu.c:1046:13: warning: symbol 'sanity_check_meminfo' was not declared. Should it be static?
arch/arm/mm/mmu.c:1475:13: warning: symbol 'early_paging_init' was not declared. Should it be static?
arch/arm/mm/mmu.c:1488:13: warning: symbol 'paging_init' was not declared. Should it be static?
arch/arm/kernel/time.c:118:13: warning: symbol 'time_init' was not declared. Should it be static?
arch/arm/mach-bcm/bcm_kona_smc.c:28:3: warning: symbol 'bridge_data' was not declared. Should it be static?
arch/arm/mach-bcm/bcm_kona_smc.c:73:32: warning: incorrect type in initializer (different address spaces)
arch/arm/mach-bcm/bcm_kona_smc.c:73:32:    expected unsigned int [usertype] *args
arch/arm/mach-bcm/bcm_kona_smc.c:73:32:    got void [noderef] <asn:2>*[addressable] [toplevel] [assigned] bounce
arch/arm/mach-bcm/bcm_kona_smc.c:55:9: warning: dereference of noderef expression
arch/arm/mach-bcm/bcm_kona_smc.c:57:9: warning: dereference of noderef expression
arch/arm/mach-bcm/bcm_kona_smc.c:93:49: warning: dereference of noderef expression
arch/arm/kernel/traps.c:120:37: warning: incorrect type in argument 1 (different address spaces)
arch/arm/kernel/traps.c:120:37:    expected void const volatile [noderef] <asn:1>*<noident>
arch/arm/kernel/traps.c:120:37:    got unsigned long *<noident>
arch/arm/kernel/traps.c:153:31: warning: incorrect type in argument 1 (different address spaces)
arch/arm/kernel/traps.c:153:31:    expected void const volatile [noderef] <asn:1>*<noident>
arch/arm/kernel/traps.c:153:31:    got unsigned short [usertype] *
arch/arm/kernel/traps.c:155:31: warning: incorrect type in argument 1 (different address spaces)
arch/arm/kernel/traps.c:155:31:    expected void const volatile [noderef] <asn:1>*<noident>
arch/arm/kernel/traps.c:155:31:    got unsigned int [usertype] *
arch/arm/kernel/traps.c:422:33: warning: cast removes address space of expression
arch/arm/kernel/traps.c:403:29: warning: symbol 'do_undefinstr' was not declared. Should it be static?
arch/arm/kernel/traps.c:460:17: warning: symbol 'do_unexp_fiq' was not declared. Should it be static?
arch/arm/kernel/traps.c:472:17: warning: symbol 'bad_mode' was not declared. Should it be static?
arch/arm/kernel/traps.c:568:14: warning: incorrect type in argument 1 (different base types)
arch/arm/kernel/traps.c:568:14:    expected void const volatile [noderef] <asn:1>*<noident>
arch/arm/kernel/traps.c:568:14:    got unsigned long [unsigned] start
arch/arm/kernel/traps.c:579:16: warning: symbol 'arm_syscall' was not declared. Should it be static?
arch/arm/kernel/traps.c:773:6: warning: symbol '__bad_xchg' was not declared. Should it be static?
arch/arm/kernel/traps.c:786:1: warning: symbol 'baddataabort' was not declared. Should it be static?
arch/arm/kernel/traps.c:808:6: warning: symbol '__readwrite_bug' was not declared. Should it be static?
arch/arm/kernel/traps.c:830:17: warning: symbol '__div0' was not declared. Should it be static?
arch/arm/kernel/traps.c:837:6: warning: symbol 'abort' was not declared. Should it be static?
arch/arm/kernel/atags_proc.c:27:13: warning: symbol 'save_atags' was not declared. Should it be static?
arch/arm/kernel/cpuidle.c:15:5: warning: symbol 'arm_cpuidle_simple_enter' was not declared. Should it be static?
arch/arm/mm/copypage-v6.c:125:21: warning: symbol 'v6_user_fns' was not declared. Should it be static?
arch/arm/mach-keystone/keystone.c:53:6: warning: symbol 'keystone_restart' was not declared. Should it be static?
arch/arm/kernel/bios32.c:58:6: warning: symbol 'pcibios_report_status' was not declared. Should it be static?
arch/arm/kernel/suspend.c:59:6: warning: symbol '__cpu_suspend_save' was not declared. Should it be static?
arch/arm/mach-keystone/pm_domain.c:69:12: warning: symbol 'keystone_pm_runtime_init' was not declared. Should it be static?
arch/arm/kernel/smp.c:457:6: warning: symbol 'arch_irq_work_raise' was not declared. Should it be static?
arch/arm/kernel/smp.c:645:5: warning: symbol 'setup_profiling_timer' was not declared. Should it be static?
arch/arm/mach-highbank/pm.c:52:13: warning: symbol 'highbank_pm_init' was not declared. Should it be static?
arch/arm/kernel/arch_timer.c:34:12: warning: symbol 'arch_timer_arch_init' was not declared. Should it be static?
arch/arm/kernel/machine_kexec.c:62:23: warning: cast removes address space of expression
arch/arm/kernel/machine_kexec.c:62:23: warning: cast removes address space of expression
arch/arm/kernel/machine_kexec.c:62:23: warning: incorrect type in initializer (different address spaces)
arch/arm/kernel/machine_kexec.c:62:23:    expected unsigned int const [noderef] <asn:1>*register __p
arch/arm/kernel/machine_kexec.c:62:23:    got unsigned int [usertype] *<noident>
arch/arm/kernel/machine_kexec.c:62:23: warning: cast removes address space of expression
arch/arm/kernel/machine_kexec.c:76:6: warning: symbol 'machine_crash_nonpanic_core' was not declared. Should it be static?
arch/arm/mach-prima2/rstc.c:18:14: warning: symbol 'sirfsoc_rstc_base' was not declared. Should it be static?
arch/arm/mach-prima2/rstc.c:47:5: warning: symbol 'sirfsoc_reset_device' was not declared. Should it be static?
arch/arm/mach-prima2/rstc.c:88:6: warning: symbol 'sirfsoc_restart' was not declared. Should it be static?
arch/arm/kernel/unwind.c:53:6: warning: symbol '__aeabi_unwind_cpp_pr0' was not declared. Should it be static?
arch/arm/kernel/unwind.c:58:6: warning: symbol '__aeabi_unwind_cpp_pr1' was not declared. Should it be static?
arch/arm/kernel/unwind.c:63:6: warning: symbol '__aeabi_unwind_cpp_pr2' was not declared. Should it be static?
arch/arm/mach-prima2/common.c:18:13: warning: symbol 'sirfsoc_init_late' was not declared. Should it be static?
arch/arm/kernel/devtree.c:39:13: warning: symbol 'arm_dt_memblock_reserve' was not declared. Should it be static?
arch/arm/kernel/devtree.c:73:13: warning: symbol 'arm_dt_init_cpu_maps' was not declared. Should it be static?
arch/arm/kernel/devtree.c:197:27: warning: symbol 'setup_machine_fdt' was not declared. Should it be static?
arch/arm/kernel/swp_emulate.c:122:23: warning: incorrect type in assignment (different address spaces)
arch/arm/kernel/swp_emulate.c:122:23:    expected void [noderef] <asn:1>*[assigned] [usertype] _addr
arch/arm/kernel/swp_emulate.c:122:23:    got void *<noident>
arch/arm/kernel/swp_emulate.c:224:14: warning: incorrect type in argument 1 (different base types)
arch/arm/kernel/swp_emulate.c:224:14:    expected void const volatile [noderef] <asn:1>*<noident>
arch/arm/kernel/swp_emulate.c:224:14:    got unsigned int
arch/arm/mach-omap2/mux.c:693:20: error: incompatible types in comparison expression (different type sizes)
arch/arm/mach-prima2/rtciobrg.c:27:14: warning: symbol 'sirfsoc_rtciobrg_base' was not declared. Should it be static?
arch/arm/mach-prima2/rtciobrg.c:34:6: warning: symbol 'sirfsoc_rtc_iobrg_wait_sync' was not declared. Should it be static?
arch/arm/mach-prima2/rtciobrg.c:40:6: warning: symbol 'sirfsoc_rtc_iobrg_besyncing' was not declared. Should it be static?
arch/arm/mach-prima2/rtciobrg.c:52:5: warning: symbol '__sirfsoc_rtc_iobrg_readl' was not declared. Should it be static?
arch/arm/mach-prima2/rtciobrg.c:65:5: warning: symbol 'sirfsoc_rtc_iobrg_readl' was not declared. Should it be static?
arch/arm/mach-prima2/rtciobrg.c:79:6: warning: symbol 'sirfsoc_rtc_iobrg_pre_writel' was not declared. Should it be static?
arch/arm/mach-prima2/rtciobrg.c:89:6: warning: symbol 'sirfsoc_rtc_iobrg_writel' was not declared. Should it be static?
arch/arm/kernel/topology.c:45:15: warning: symbol 'arch_scale_freq_power' was not declared. Should it be static?
arch/arm/mach-socfpga/socfpga.c:32:14: warning: symbol 'clk_mgr_base_addr' was not declared. Should it be static?
arch/arm/mach-sti/platsmp.c:39:6: warning: symbol 'sti_secondary_init' was not declared. Should it be static?
arch/arm/mach-sti/platsmp.c:56:5: warning: symbol 'sti_boot_secondary' was not declared. Should it be static?
arch/arm/mach-sti/platsmp.c:100:13: warning: symbol 'sti_smp_prepare_cpus' was not declared. Should it be static?
arch/arm/mach-prima2/pm.c:28:5: warning: symbol 'sirfsoc_pwrc_base' was not declared. Should it be static?
arch/arm/mach-prima2/pm.c:29:14: warning: symbol 'sirfsoc_memc_base' was not declared. Should it be static?
arch/arm/mach-prima2/pm.c:149:12: warning: symbol 'sirfsoc_pm_init' was not declared. Should it be static?
arch/arm/mach-sti/board-dt.c:17:13: warning: symbol 'stih41x_l2x0_init' was not declared. Should it be static?
arch/arm/kernel/psci_smp.c:57:12: warning: symbol 'psci_cpu_die' was not declared. Should it be static?
arch/arm/mach-prima2/hotplug.c:35:12: warning: symbol 'sirfsoc_cpu_die' was not declared. Should it be static?
arch/arm/mach-tegra/irq.c:73:6: warning: symbol 'tegra_pending_sgi' was not declared. Should it be static?
arch/arm/mach-tegra/irq.c:213:5: warning: symbol 'tegra_legacy_irq_syscore_init' was not declared. Should it be static?
arch/arm/mach-ux500/cpu.c:138:25: warning: symbol 'ux500_soc_attr' was not declared. Should it be static?
arch/arm/mach-vexpress/v2m.c:293:65: warning: incorrect type in argument 1 (different address spaces)
arch/arm/mach-vexpress/v2m.c:293:65:    expected void [noderef] <asn:2>*<noident>
arch/arm/mach-vexpress/v2m.c:293:65:    got void *
arch/arm/mach-vexpress/v2m.c:392:13: warning: symbol 'v2m_dt_map_io' was not declared. Should it be static?
arch/arm/mach-vexpress/v2m.c:423:65: warning: incorrect type in argument 1 (different address spaces)
arch/arm/mach-vexpress/v2m.c:423:65:    expected void [noderef] <asn:2>*<noident>
arch/arm/mach-vexpress/v2m.c:423:65:    got void *
arch/arm/mach-vexpress/v2m.c:408:13: warning: symbol 'v2m_dt_init_early' was not declared. Should it be static?
arch/arm/mach-imx/clk-gate2.c:32:12: warning: context imbalance in 'clk_gate2_enable' - different lock contexts for basic block
arch/arm/mach-imx/clk-gate2.c:64:9: warning: context imbalance in 'clk_gate2_disable' - different lock contexts for basic block
arch/arm/mach-vexpress/ct-ca9x4.c:171:27: warning: incorrect type in assignment (different address spaces)
arch/arm/mach-vexpress/ct-ca9x4.c:171:27:    expected void *static [toplevel] ct_ca9x4_scu_base
arch/arm/mach-vexpress/ct-ca9x4.c:171:27:    got void [noderef] <asn:2>*
arch/arm/mach-vexpress/ct-ca9x4.c:175:37: warning: incorrect type in argument 1 (different address spaces)
arch/arm/mach-vexpress/ct-ca9x4.c:175:37:    expected void [noderef] <asn:2>*<noident>
arch/arm/mach-vexpress/ct-ca9x4.c:175:37:    got void *static [toplevel] ct_ca9x4_scu_base
arch/arm/mach-vexpress/ct-ca9x4.c:189:20: warning: incorrect type in argument 1 (different address spaces)
arch/arm/mach-vexpress/ct-ca9x4.c:189:20:    expected void [noderef] <asn:2>*scu_base
arch/arm/mach-vexpress/ct-ca9x4.c:189:20:    got void *static [toplevel] ct_ca9x4_scu_base
arch/arm/mach-tegra/powergate.c:220:5: warning: symbol 'tegra_cpu_powergate_id' was not declared. Should it be static?
arch/arm/mach-tegra/powergate.c:228:12: warning: symbol 'tegra_powergate_init' was not declared. Should it be static?
arch/arm/mach-tegra/powergate.c:367:12: warning: symbol 'tegra_powergate_debugfs_init' was not declared. Should it be static?
arch/arm/mach-ux500/cpu-db8500.c:37:29: warning: symbol 'ab8500_platdata' was not declared. Should it be static?
arch/arm/mach-ux500/cpu-db8500.c:42:20: warning: symbol 'db8500_prcmu_pdata' was not declared. Should it be static?
arch/arm/mach-ux500/cpu-db8500.c:89:13: warning: symbol 'u8500_map_io' was not declared. Should it be static?
arch/arm/mach-ux500/cpu-db8500.c:126:25: warning: symbol 'db8500_pmu_platdata' was not declared. Should it be static?
arch/arm/mach-ux500/cpu-db8500.c:135:31: warning: incorrect type in argument 1 (different address spaces)
arch/arm/mach-ux500/cpu-db8500.c:135:31:    expected void const *<noident>
arch/arm/mach-ux500/cpu-db8500.c:135:31:    got void [noderef] <asn:2>*uid
arch/arm/mach-ux500/cpu-db8500.c:137:26: warning: cast removes address space of expression
arch/arm/mach-ux500/cpu-db8500.c:137:26: warning: incorrect type in argument 1 (different address spaces)
arch/arm/mach-ux500/cpu-db8500.c:137:26:    expected void const volatile [noderef] <asn:2>*addr
arch/arm/mach-ux500/cpu-db8500.c:137:26:    got unsigned int [usertype] *
arch/arm/mach-ux500/cpu-db8500.c:138:26: warning: cast removes address space of expression
arch/arm/mach-ux500/cpu-db8500.c:138:26: warning: incorrect type in argument 1 (different address spaces)
arch/arm/mach-ux500/cpu-db8500.c:138:26:    expected void const volatile [noderef] <asn:2>*addr
arch/arm/mach-ux500/cpu-db8500.c:138:26:    got unsigned int [usertype] *
arch/arm/mach-ux500/cpu-db8500.c:138:47: warning: cast removes address space of expression
arch/arm/mach-ux500/cpu-db8500.c:138:47: warning: incorrect type in argument 1 (different address spaces)
arch/arm/mach-ux500/cpu-db8500.c:138:47:    expected void const volatile [noderef] <asn:2>*addr
arch/arm/mach-ux500/cpu-db8500.c:138:47:    got unsigned int [usertype] *
arch/arm/mach-ux500/cpu-db8500.c:139:26: warning: cast removes address space of expression
arch/arm/mach-ux500/cpu-db8500.c:139:26: warning: incorrect type in argument 1 (different address spaces)
arch/arm/mach-ux500/cpu-db8500.c:139:26:    expected void const volatile [noderef] <asn:2>*addr
arch/arm/mach-ux500/cpu-db8500.c:139:26:    got unsigned int [usertype] *
arch/arm/mach-ux500/cpu-db8500.c:139:47: warning: cast removes address space of expression
arch/arm/mach-ux500/cpu-db8500.c:139:47: warning: incorrect type in argument 1 (different address spaces)
arch/arm/mach-ux500/cpu-db8500.c:139:47:    expected void const volatile [noderef] <asn:2>*addr
arch/arm/mach-ux500/cpu-db8500.c:139:47:    got unsigned int [usertype] *
arch/arm/mach-ux500/board-mop500-sdi.c:33:26: warning: symbol 'mop500_sdi0_dma_cfg_rx' was not declared. Should it be static?
arch/arm/mach-ux500/board-mop500-sdi.c:102:26: warning: symbol 'mop500_sdi2_dma_cfg_rx' was not declared. Should it be static?
arch/arm/mach-ux500/board-mop500-sdi.c:138:26: warning: symbol 'mop500_sdi4_dma_cfg_rx' was not declared. Should it be static?
arch/arm/mach-vexpress/platsmp.c:66:48: warning: incorrect type in assignment (different address spaces)
arch/arm/mach-vexpress/platsmp.c:66:48:    expected void *static [toplevel] vexpress_dt_cortex_a9_scu_base
arch/arm/mach-vexpress/platsmp.c:66:48:    got void [noderef] <asn:2>*
arch/arm/mach-vexpress/platsmp.c:114:45: warning: incorrect type in argument 1 (different address spaces)
arch/arm/mach-vexpress/platsmp.c:114:45:    expected void [noderef] <asn:2>*<noident>
arch/arm/mach-vexpress/platsmp.c:114:45:    got void *static [toplevel] vexpress_dt_cortex_a9_scu_base
arch/arm/mach-vexpress/platsmp.c:144:28: warning: incorrect type in argument 1 (different address spaces)
arch/arm/mach-vexpress/platsmp.c:144:28:    expected void [noderef] <asn:2>*scu_base
arch/arm/mach-vexpress/platsmp.c:144:28:    got void *static [toplevel] vexpress_dt_cortex_a9_scu_base
arch/arm/mach-imx/cpuidle-imx5.c:34:12: warning: symbol 'imx5_cpuidle_init' was not declared. Should it be static?
arch/arm/mach-ux500/board-mop500-regulators.c:799:28: warning: symbol 'ab8505_regulators' was not declared. Should it be static?
arch/arm/mach-vexpress/hotplug.c:88:12: warning: symbol 'vexpress_cpu_die' was not declared. Should it be static?
arch/arm/mach-tegra/pm.c:122:27: warning: incorrect type in initializer (different address spaces)
arch/arm/mach-tegra/pm.c:122:27:    expected unsigned int [usertype] *cpu_in_lp2
arch/arm/mach-tegra/pm.c:122:27:    got void [noderef] <asn:2>*
arch/arm/mach-tegra/pm.c:136:35: warning: incorrect type in initializer (different address spaces)
arch/arm/mach-tegra/pm.c:136:35:    expected struct cpumask [usertype] *cpu_lp2_mask
arch/arm/mach-tegra/pm.c:136:35:    got void [noderef] <asn:2>*
arch/arm/mach-tegra/pm.c:137:27: warning: incorrect type in initializer (different address spaces)
arch/arm/mach-tegra/pm.c:137:27:    expected unsigned int [usertype] *cpu_in_lp2
arch/arm/mach-tegra/pm.c:137:27:    got void [noderef] <asn:2>*
arch/arm/mach-tegra/pm.c:153:5: warning: symbol 'tegra_cpu_do_idle' was not declared. Should it be static?
arch/arm/mach-tegra/pm.c:273:32: warning: incorrect type in argument 2 (different address spaces)
arch/arm/mach-tegra/pm.c:273:32:    expected void const *<noident>
arch/arm/mach-tegra/pm.c:273:32:    got void [noderef] <asn:2>*
arch/arm/mach-tegra/pm.c:275:16: warning: incorrect type in argument 1 (different address spaces)
arch/arm/mach-tegra/pm.c:275:16:    expected void *<noident>
arch/arm/mach-tegra/pm.c:275:16:    got void [noderef] <asn:2>*
arch/arm/mach-tegra/pm.c:278:12: warning: cast removes address space of expression
arch/arm/mach-tegra/pm.c:286:16: warning: incorrect type in argument 1 (different address spaces)
arch/arm/mach-tegra/pm.c:286:16:    expected void *<noident>
arch/arm/mach-tegra/pm.c:286:16:    got void [noderef] <asn:2>*
arch/arm/mach-tegra/pm.c:289:11: warning: cast removes address space of expression
arch/arm/mach-vt8500/vt8500.c:47:6: warning: symbol 'vt8500_restart' was not declared. Should it be static?
arch/arm/mach-vt8500/vt8500.c:63:13: warning: symbol 'vt8500_map_io' was not declared. Should it be static?
arch/arm/mach-vt8500/vt8500.c:75:13: warning: symbol 'vt8500_init' was not declared. Should it be static?
arch/arm/mach-imx/platsmp.c:25:5: warning: symbol 'g_diag_reg' was not declared. Should it be static?
arch/arm/mach-tegra/reset.c:72:9: error: subtraction of functions? Share your drugs
arch/arm/mach-tegra/reset.c:75:25: error: subtraction of functions? Share your drugs
arch/arm/mach-tegra/tegra.c:64:5: warning: symbol 'tegra_uart_config' was not declared. Should it be static?
arch/arm/mach-imx/pm-imx6q.c:434:17: warning: incorrect type in assignment (different address spaces)
arch/arm/mach-imx/pm-imx6q.c:434:17:    expected struct imx6_cpu_pm_info *pm_info
arch/arm/mach-imx/pm-imx6q.c:434:17:    got void [noderef] <asn:2>*static [toplevel] [assigned] suspend_ocram_base
arch/arm/mach-imx/pm-imx6q.c:489:36: warning: incorrect type in argument 1 (different address spaces)
arch/arm/mach-imx/pm-imx6q.c:489:36:    expected void *<noident>
arch/arm/mach-imx/pm-imx6q.c:489:36:    got void [noderef] <asn:2>*
arch/arm/mach-imx/pm-imx6q.c:497:18: warning: incorrect type in argument 1 (different address spaces)
arch/arm/mach-imx/pm-imx6q.c:497:18:    expected void volatile [noderef] <asn:2>*addr
arch/arm/mach-imx/pm-imx6q.c:497:18:    got void [noderef] <asn:2>**<noident>
arch/arm/mach-imx/pm-imx6q.c:499:18: warning: incorrect type in argument 1 (different address spaces)
arch/arm/mach-imx/pm-imx6q.c:499:18:    expected void volatile [noderef] <asn:2>*addr
arch/arm/mach-imx/pm-imx6q.c:499:18:    got void [noderef] <asn:2>**<noident>
arch/arm/mach-imx/pm-imx6q.c:501:18: warning: incorrect type in argument 1 (different address spaces)
arch/arm/mach-imx/pm-imx6q.c:501:18:    expected void volatile [noderef] <asn:2>*addr
arch/arm/mach-imx/pm-imx6q.c:501:18:    got void [noderef] <asn:2>**<noident>
arch/arm/mach-imx/pm-imx6q.c:503:18: warning: incorrect type in argument 1 (different address spaces)
arch/arm/mach-imx/pm-imx6q.c:503:18:    expected void volatile [noderef] <asn:2>*addr
arch/arm/mach-imx/pm-imx6q.c:503:18:    got void [noderef] <asn:2>**<noident>
arch/arm/mach-spear/spear13xx.c:60:17: warning: symbol 'spear13xx_io_desc' was not declared. Should it be static?
arch/arm/mach-tegra/cpuidle.c:50:6: warning: symbol 'tegra_cpuidle_pcie_irqs_in_use' was not declared. Should it be static?
arch/arm/plat-omap/sram.c:60:17: warning: cast removes address space of expression
arch/arm/mach-spear/hotplug.c:83:12: warning: symbol 'spear13xx_cpu_die' was not declared. Should it be static?
arch/arm/mach-omap2/omap4-restart.c:22:6: warning: symbol 'omap44xx_restart' was not declared. Should it be static?
arch/arm/mach-spear/spear1310.c:44:17: warning: symbol 'spear1310_io_desc' was not declared. Should it be static?
arch/arm/mach-tegra/cpuidle-tegra20.c:219:6: warning: symbol 'tegra20_cpuidle_pcie_irqs_in_use' was not declared. Should it be static?
arch/arm/mach-tegra/cpuidle-tegra20.c:226:12: warning: symbol 'tegra20_cpuidle_init' was not declared. Should it be static?
arch/arm/mach-spear/spear1340.c:96:6: warning: symbol 'sata_miphy_exit' was not declared. Should it be static?
arch/arm/mach-spear/spear1340.c:110:5: warning: symbol 'sata_suspend' was not declared. Should it be static?
arch/arm/mach-spear/spear1340.c:120:5: warning: symbol 'sata_resume' was not declared. Should it be static?
arch/arm/mach-omap2/omap-mpuss-lowpower.c:105:19: warning: symbol 'omap_pm_ops' was not declared. Should it be static?
arch/arm/mach-imx/devices/devices.c:25:15: warning: symbol 'mxc_aips_bus' was not declared. Should it be static?
arch/arm/mach-imx/devices/devices.c:30:15: warning: symbol 'mxc_ahb_bus' was not declared. Should it be static?
arch/arm/mach-imx/devices/devices.c:35:12: warning: symbol 'mxc_device_init' was not declared. Should it be static?
arch/arm/plat-versatile/clcd.c:157:28: warning: incorrect type in assignment (different address spaces)
arch/arm/plat-versatile/clcd.c:157:28:    expected char [noderef] <asn:2>*screen_base
arch/arm/plat-versatile/clcd.c:157:28:    got void *
arch/arm/plat-versatile/clcd.c:173:44: warning: incorrect type in argument 3 (different address spaces)
arch/arm/plat-versatile/clcd.c:173:44:    expected void *cpu_addr
arch/arm/plat-versatile/clcd.c:173:44:    got char [noderef] <asn:2>*screen_base
arch/arm/plat-versatile/clcd.c:181:37: warning: incorrect type in argument 3 (different address spaces)
arch/arm/plat-versatile/clcd.c:181:37:    expected void *cpu_addr
arch/arm/plat-versatile/clcd.c:181:37:    got char [noderef] <asn:2>*screen_base
arch/arm/mach-tegra/cpuidle-tegra30.c:146:12: warning: symbol 'tegra30_cpuidle_init' was not declared. Should it be static?
arch/arm/mach-imx/devices/platform-fec.c:40:27: warning: symbol 'imx51_fec_data' was not declared. Should it be static?
arch/arm/mach-imx/devices/platform-fec.c:46:27: warning: symbol 'imx53_fec_data' was not declared. Should it be static?
arch/arm/plat-versatile/platsmp.c:35:6: warning: symbol 'versatile_secondary_init' was not declared. Should it be static?
arch/arm/plat-versatile/platsmp.c:50:5: warning: symbol 'versatile_boot_secondary' was not declared. Should it be static?
arch/arm/mach-imx/devices/platform-gpio-mxc.c:11:24: warning: symbol 'mxc_register_gpio' was not declared. Should it be static?
arch/arm/mach-tegra/hotplug.c:21:5: warning: symbol 'tegra_cpu_kill' was not declared. Should it be static?
arch/arm/mach-tegra/hotplug.c:37:12: warning: symbol 'tegra_cpu_die' was not declared. Should it be static?
arch/arm/mach-imx/devices/platform-imx2-wdt.c:49:32: warning: symbol 'imx51_imx2_wdt_data' was not declared. Should it be static?
arch/arm/mach-imx/devices/platform-imx2-wdt.c:58:32: warning: symbol 'imx53_imx2_wdt_data' was not declared. Should it be static?
kernel/fork.c:93:5: warning: symbol 'max_threads' was not declared. Should it be static?
kernel/fork.c:118:13: warning: symbol 'arch_release_task_struct' was not declared. Should it be static?
kernel/fork.c:136:13: warning: symbol 'arch_release_thread_info' was not declared. Should it be static?
kernel/fork.c:250:20: warning: symbol 'arch_task_cache_init' was not declared. Should it be static?
kernel/fork.c:252:13: warning: symbol 'fork_init' was not declared. Should it be static?
kernel/fork.c:286:27: warning: symbol 'arch_dup_task_struct' was not declared. Should it be static?
kernel/fork.c:981:9: warning: Variable length array is used.
kernel/fork.c:981:9: error: cannot size expression
include/linux/rculist.h:54:9: error: cannot size expression
arch/arm/mach-tegra/cpuidle-tegra114.c:81:12: warning: symbol 'tegra114_cpuidle_init' was not declared. Should it be static?
mm/filemap.c:1756:35: warning: symbol 'generic_file_vm_ops' was not declared. Should it be static?
fs/open.c:862:18: warning: restricted fmode_t degrades to integer
ipc/util.c:192:29: warning: context imbalance in 'ipc_findkey' - wrong count at exit
ipc/util.c:260:5: warning: context imbalance in 'ipc_addid' - different lock contexts for basic block
include/linux/spinlock_api_smp.h:151:27: warning: context imbalance in 'ipcget_public' - unexpected unlock
ipc/util.c:628:22: warning: context imbalance in 'ipc_lock' - different lock contexts for basic block
ipc/util.c:792:29: warning: context imbalance in 'sysvipc_find_ipc' - different lock contexts for basic block
include/linux/spinlock_api_smp.h:151:27: warning: context imbalance in 'sysvipc_proc_next' - unexpected unlock
include/linux/spinlock_api_smp.h:151:27: warning: context imbalance in 'sysvipc_proc_stop' - unexpected unlock
fs/read_write.c:41:29: warning: incorrect type in return expression (different base types)
fs/read_write.c:41:29:    expected int
fs/read_write.c:41:29:    got restricted fmode_t
fs/read_write.c:41:29: warning: incorrect type in return expression (different base types)
fs/read_write.c:41:29:    expected int
fs/read_write.c:41:29:    got restricted fmode_t
fs/read_write.c:41:29: warning: incorrect type in return expression (different base types)
fs/read_write.c:41:29:    expected int
fs/read_write.c:41:29:    got restricted fmode_t
fs/read_write.c:41:29: warning: incorrect type in return expression (different base types)
fs/read_write.c:41:29:    expected int
fs/read_write.c:41:29:    got restricted fmode_t
ipc/msgutil.c:54:16: error: incompatible types in comparison expression (different type sizes)
ipc/msgutil.c:66:24: error: incompatible types in comparison expression (different type sizes)
ipc/msgutil.c:94:16: error: incompatible types in comparison expression (different type sizes)
ipc/msgutil.c:101:24: error: incompatible types in comparison expression (different type sizes)
ipc/msgutil.c:155:16: error: incompatible types in comparison expression (different type sizes)
ipc/msgutil.c:162:24: error: incompatible types in comparison expression (different type sizes)
kernel/panic.c:55:13: warning: symbol 'panic_smp_self_stop' was not declared. Should it be static?
kernel/panic.c:69:6: error: symbol 'panic' redeclared with different type (originally declared at include/linux/kernel.h:238) - different modifiers
ipc/msg.c:212:9: warning: context imbalance in 'newque' - unexpected unlock
ipc/msg.c:277:13: warning: context imbalance in 'freeque' - unexpected unlock
ipc/msg.c:474:9: warning: context imbalance in 'msgctl_down' - different lock contexts for basic block
kernel/cpu.c:249:34: warning: incorrect type in argument 2 (different modifiers)
kernel/cpu.c:249:34:    expected unsigned long [nocast] [usertype] *utime
kernel/cpu.c:249:34:    got unsigned long *<noident>
kernel/cpu.c:249:34: warning: implicit cast to nocast type
kernel/cpu.c:249:42: warning: incorrect type in argument 3 (different modifiers)
kernel/cpu.c:249:42:    expected unsigned long [nocast] [usertype] *stime
kernel/cpu.c:249:42:    got unsigned long *<noident>
kernel/cpu.c:249:42: warning: implicit cast to nocast type
kernel/cpu.c:512:13: warning: symbol 'arch_enable_nonboot_cpus_begin' was not declared. Should it be static?
kernel/cpu.c:516:13: warning: symbol 'arch_enable_nonboot_cpus_end' was not declared. Should it be static?
kernel/cpu.c:226:9: warning: context imbalance in 'clear_tasks_mm_cpumask' - different lock contexts for basic block
include/linux/rcupdate.h:831:9: warning: context imbalance in 'find_lock_task_mm' - wrong count at exit
mm/oom_kill.c:164:28: warning: context imbalance in 'oom_badness' - unexpected unlock
mm/oom_kill.c:365:9: warning: context imbalance in 'dump_tasks' - different lock contexts for basic block
include/linux/rcupdate.h:831:9: warning: context imbalance in 'oom_kill_process' - unexpected unlock
include/linux/rculist.h:54:9: warning: Variable length array is used.
include/linux/rculist.h:54:9: error: cannot size expression
kernel/exit.c:128:36: warning: incorrect type in argument 2 (different modifiers)
kernel/exit.c:128:36:    expected unsigned long [nocast] [usertype] *utime
kernel/exit.c:128:36:    got unsigned long *<noident>
kernel/exit.c:128:36: warning: implicit cast to nocast type
kernel/exit.c:128:44: warning: incorrect type in argument 3 (different modifiers)
kernel/exit.c:128:44:    expected unsigned long [nocast] [usertype] *stime
kernel/exit.c:128:44:    got unsigned long *<noident>
kernel/exit.c:128:44: warning: implicit cast to nocast type
kernel/exit.c:697:6: error: symbol 'do_exit' redeclared with different type (originally declared at include/linux/kernel.h:244) - different modifiers
kernel/exit.c:879:6: error: symbol 'complete_and_exit' redeclared with different type (originally declared at include/linux/kernel.h:246) - different modifiers
fs/exec.c:415:31: warning: incorrect type in return expression (different address spaces)
fs/exec.c:415:31:    expected char const [noderef] <asn:1>*
fs/exec.c:415:31:    got void *
include/linux/rculist.h:176:9: warning: Variable length array is used.
include/linux/rculist.h:176:9: error: cannot size expression
fs/exec.c:1005:17: error: cannot size expression
ipc/shm.c:491:31: warning: implicit cast to nocast type
ipc/shm.c:528:36: warning: implicit cast to nocast type
ipc/shm.c:539:36: warning: implicit cast to nocast type
ipc/shm.c:95:17: warning: context imbalance in 'do_shm_rmid' - unexpected unlock
ipc/shm.c:194:9: warning: context imbalance in 'shm_open' - unexpected unlock
ipc/shm.c:209:13: warning: context imbalance in 'shm_destroy' - unexpected unlock
include/linux/spinlock_api_smp.h:151:27: warning: context imbalance in 'shm_close' - unexpected unlock
ipc/shm.c:271:12: warning: context imbalance in 'shm_try_destroy_current' - different lock contexts for basic block
ipc/shm.c:302:12: warning: context imbalance in 'shm_try_destroy_orphaned' - different lock contexts for basic block
/d2/kernels/test_build/build/temp/test_next-20140205/20140204191534/linux/arch/arm/include/asm/thread_info.h:110:9: warning: context imbalance in 'newseg' - unexpected unlock
ipc/shm.c:820:9: warning: context imbalance in 'shmctl_down' - different lock contexts for basic block
include/linux/spinlock_api_smp.h:151:27: warning: context imbalance in 'do_shmat' - unexpected unlock
mm/page_alloc.c:121:5: warning: symbol 'percpu_pagelist_fraction' was not declared. Should it be static?
mm/page_alloc.c:6134:6: warning: symbol 'is_pageblock_removable_nolock' was not declared. Should it be static?
kernel/itimer.c:126:59: warning: implicit cast to nocast type
kernel/itimer.c:167:55: warning: incorrect type in argument 3 (different modifiers)
kernel/itimer.c:167:55:    expected unsigned long [nocast] [usertype] *newval
kernel/itimer.c:167:55:    got unsigned long *<noident>
kernel/itimer.c:167:55: warning: implicit cast to nocast type
kernel/itimer.c:167:62: warning: incorrect type in argument 4 (different modifiers)
kernel/itimer.c:167:62:    expected unsigned long [nocast] [usertype] *oldval
kernel/itimer.c:167:62:    got unsigned long *<noident>
kernel/itimer.c:167:62: warning: implicit cast to nocast type
kernel/itimer.c:226:56: warning: implicit cast to nocast type
include/linux/rcupdate.h:831:9: warning: context imbalance in 'unlazy_walk' - unexpected unlock
include/linux/rcupdate.h:831:9: warning: context imbalance in 'complete_walk' - unexpected unlock
include/linux/rcupdate.h:831:9: warning: context imbalance in 'follow_dotdot_rcu' - unexpected unlock
include/linux/rcupdate.h:831:9: warning: context imbalance in 'terminate_walk' - unexpected unlock
fs/namei.c:1781:12: warning: context imbalance in 'path_init' - different lock contexts for basic block
fs/fcntl.c:646:9: warning: Variable length array is used.
fs/fcntl.c:646:9: error: cannot size expression
kernel/softirq.c:746:36: warning: incorrect type in initializer (different address spaces)
kernel/softirq.c:746:36:    expected struct task_struct [noderef] <asn:3>**store
kernel/softirq.c:746:36:    got struct task_struct *[noderef] [toplevel] <asn:3>*<noident>
kernel/resource.c:518:5: warning: symbol 'reallocate_resource' was not declared. Should it be static?
security/keys/keyring.c:1037:5: warning: context imbalance in '__key_link_begin' - wrong count at exit
security/keys/keyring.c:1155:9: warning: context imbalance in '__key_link_end' - wrong count at exit
security/keys/keyring.c:1201:9: warning: context imbalance in 'key_link' - different lock contexts for basic block
security/keys/process_keys.c:243:9: warning: Variable length array is used.
security/keys/process_keys.c:243:9: error: cannot size expression
include/linux/rculist_bl.h:16:9: warning: Variable length array is used.
include/linux/rculist_bl.h:16:9: error: cannot size expression
arch/arm/mach-omap2/pdata-quirks.c:31:23: warning: symbol 'omap_auxdata_lookup' was not declared. Should it be static?
security/keys/user_defined.c:85:9: warning: Variable length array is used.
security/keys/user_defined.c:85:9: error: cannot size expression
security/keys/user_defined.c:125:17: error: cannot size expression
security/keys/user_defined.c:160:17: error: cannot size expression
fs/inode.c:718:17: warning: context imbalance in 'inode_lru_isolate' - unexpected unlock
fs/inode.c:775:9: warning: context imbalance in 'find_inode' - different lock contexts for basic block
fs/inode.c:802:9: warning: context imbalance in 'find_inode_fast' - different lock contexts for basic block
fs/inode.c:1283:5: warning: context imbalance in 'insert_inode_locked' - wrong count at exit
fs/inode.c:1325:5: warning: context imbalance in 'insert_inode_locked4' - wrong count at exit
fs/inode.c:1417:20: warning: context imbalance in 'iput_final' - unexpected unlock
fs/inode.c:1433:9: warning: context imbalance in 'iput' - wrong count at exit
fs/inode.c:1717:13: warning: context imbalance in '__wait_on_freeing_inode' - unexpected unlock
kernel/ptrace.c:1014:9: warning: context imbalance in 'ptrace_request' - different lock contexts for basic block
mm/swap.c:392:55: warning: context imbalance in 'pagevec_lru_move_fn' - unexpected unlock
mm/swap.c:827:55: warning: context imbalance in 'release_pages' - unexpected unlock
fs/file.c:27:5: warning: symbol 'sysctl_nr_open_min' was not declared. Should it be static?
fs/file.c:28:5: warning: symbol 'sysctl_nr_open_max' was not declared. Should it be static?
fs/file.c:171:17: warning: Variable length array is used.
fs/file.c:171:17: error: cannot size expression
fs/file.c:323:17: error: cannot size expression
fs/file.c:341:9: error: cannot size expression
fs/file.c:434:30: error: incompatible types in comparison expression (different type sizes)
fs/file.c:502:17: error: cannot size expression
fs/file.c:567:9: error: cannot size expression
fs/file.c:593:9: error: cannot size expression
fs/file.c:628:25: error: cannot size expression
fs/file.c:765:9: error: cannot size expression
fs/namespace.c:1045:9: warning: Variable length array is used.
fs/namespace.c:1045:9: error: cannot size expression
fs/namespace.c:1052:9: error: cannot size expression
kernel/user.c:73:19: warning: symbol 'uidhash_table' was not declared. Should it be static?
crypto/cipher.c:70:24: warning: Variable length array is used.
kernel/signal.c:1678:28: warning: incorrect type in argument 2 (different modifiers)
kernel/signal.c:1678:28:    expected unsigned long [nocast] [usertype] *utime
kernel/signal.c:1678:28:    got unsigned long *<noident>
kernel/signal.c:1678:28: warning: implicit cast to nocast type
kernel/signal.c:1678:36: warning: incorrect type in argument 3 (different modifiers)
kernel/signal.c:1678:36:    expected unsigned long [nocast] [usertype] *stime
kernel/signal.c:1678:36:    got unsigned long *<noident>
kernel/signal.c:1678:36: warning: implicit cast to nocast type
kernel/signal.c:1763:28: warning: incorrect type in argument 2 (different modifiers)
kernel/signal.c:1763:28:    expected unsigned long [nocast] [usertype] *utime
kernel/signal.c:1763:28:    got unsigned long *<noident>
kernel/signal.c:1763:28: warning: implicit cast to nocast type
kernel/signal.c:1763:36: warning: incorrect type in argument 3 (different modifiers)
kernel/signal.c:1763:36:    expected unsigned long [nocast] [usertype] *stime
kernel/signal.c:1763:36:    got unsigned long *<noident>
kernel/signal.c:1763:36: warning: implicit cast to nocast type
kernel/signal.c:1283:23: warning: context imbalance in '__lock_task_sighand' - different lock contexts for basic block
kernel/signal.c:2008:13: warning: context imbalance in 'do_signal_stop' - different lock contexts for basic block
kernel/signal.c:2258:25: warning: context imbalance in 'get_signal_to_deliver' - unexpected unlock
kernel/sys.c:866:49: warning: incorrect type in argument 2 (different modifiers)
kernel/sys.c:866:49:    expected unsigned long [nocast] [usertype] *ut
kernel/sys.c:866:49:    got unsigned long *<noident>
kernel/sys.c:866:49: warning: implicit cast to nocast type
kernel/sys.c:866:59: warning: incorrect type in argument 3 (different modifiers)
kernel/sys.c:866:59:    expected unsigned long [nocast] [usertype] *st
kernel/sys.c:866:59:    got unsigned long *<noident>
kernel/sys.c:866:59: warning: implicit cast to nocast type
kernel/sys.c:1531:25: warning: implicit cast to nocast type
kernel/sys.c:1534:49: warning: incorrect type in argument 2 (different modifiers)
kernel/sys.c:1534:49:    expected unsigned long [nocast] [usertype] *ut
kernel/sys.c:1534:49:    got unsigned long *<noident>
kernel/sys.c:1534:49: warning: implicit cast to nocast type
kernel/sys.c:1534:57: warning: incorrect type in argument 3 (different modifiers)
kernel/sys.c:1534:57:    expected unsigned long [nocast] [usertype] *st
kernel/sys.c:1534:57:    got unsigned long *<noident>
kernel/sys.c:1534:57: warning: implicit cast to nocast type
kernel/sys.c:1560:59: warning: incorrect type in argument 2 (different modifiers)
kernel/sys.c:1560:59:    expected unsigned long [nocast] [usertype] *ut
kernel/sys.c:1560:59:    got unsigned long *<noident>
kernel/sys.c:1560:59: warning: implicit cast to nocast type
kernel/sys.c:1560:69: warning: incorrect type in argument 3 (different modifiers)
kernel/sys.c:1560:69:    expected unsigned long [nocast] [usertype] *st
kernel/sys.c:1560:69:    got unsigned long *<noident>
kernel/sys.c:1560:69: warning: implicit cast to nocast type
fs/libfs.c:845:16: error: incompatible types in comparison expression (different type sizes)
mm/vmscan.c:3675:48: warning: context imbalance in 'check_move_unevictable_pages' - unexpected unlock
fs/fs-writeback.c:1080:9: warning: context imbalance in 'block_dump___mark_inode_dirty' - different lock contexts for basic block
kernel/workqueue.c:313:25: warning: symbol 'system_highpri_wq' was not declared. Should it be static?
include/linux/rculist.h:54:9: warning: Variable length array is used.
include/linux/rculist.h:54:9: error: cannot size expression
kernel/workqueue.c:3890:9: error: cannot size expression
kernel/pid.c:48:5: warning: symbol 'pid_max' was not declared. Should it be static?
kernel/pid.c:52:5: warning: symbol 'pid_max_min' was not declared. Should it be static?
kernel/pid.c:53:5: warning: symbol 'pid_max_max' was not declared. Should it be static?
include/linux/rculist.h:401:9: warning: Variable length array is used.
include/linux/rculist.h:401:9: error: cannot size expression
include/linux/rculist.h:362:9: error: cannot size expression
fs/fs_struct.c:161:18: warning: symbol 'init_fs' was not declared. Should it be static?
include/linux/radix-tree.h:216:9: warning: Variable length array is used.
include/linux/radix-tree.h:216:9: error: cannot size expression
fs/bio.c:1539:33: warning: incorrect type in initializer (different address spaces)
fs/bio.c:1539:33:    expected char *p
fs/bio.c:1539:33:    got void [noderef] <asn:1>*iov_base
kernel/extable.c:39:16: warning: symbol 'main_extable_sort_needed' was not declared. Should it be static?
include/linux/spinlock_api_smp.h:151:27: warning: context imbalance in 'bdev_inode_switch_bdi' - unexpected unlock
include/linux/rculist.h:401:9: warning: Variable length array is used.
include/linux/rculist.h:401:9: error: cannot size expression
fs/direct-io.c:1124:36: warning: Using plain integer as NULL pointer
kernel/posix-cpu-timers.c:27:53: warning: incorrect type in argument 3 (different modifiers)
kernel/posix-cpu-timers.c:27:53:    expected unsigned long [nocast] [usertype] *newval
kernel/posix-cpu-timers.c:27:53:    got unsigned long *<noident>
kernel/posix-cpu-timers.c:27:53: warning: implicit cast to nocast type
kernel/posix-cpu-timers.c:130:26: warning: incorrect type in argument 2 (different modifiers)
kernel/posix-cpu-timers.c:130:26:    expected unsigned long [nocast] [usertype] *utime
kernel/posix-cpu-timers.c:130:26:    got unsigned long *<noident>
kernel/posix-cpu-timers.c:130:26: warning: implicit cast to nocast type
kernel/posix-cpu-timers.c:130:34: warning: incorrect type in argument 3 (different modifiers)
kernel/posix-cpu-timers.c:130:34:    expected unsigned long [nocast] [usertype] *stime
kernel/posix-cpu-timers.c:130:34:    got unsigned long *<noident>
kernel/posix-cpu-timers.c:130:34: warning: implicit cast to nocast type
kernel/posix-cpu-timers.c:138:26: warning: incorrect type in argument 2 (different modifiers)
kernel/posix-cpu-timers.c:138:26:    expected unsigned long [nocast] [usertype] *utime
kernel/posix-cpu-timers.c:138:26:    got unsigned long *<noident>
kernel/posix-cpu-timers.c:138:26: warning: implicit cast to nocast type
kernel/posix-cpu-timers.c:130:26: warning: incorrect type in argument 2 (different modifiers)
kernel/posix-cpu-timers.c:130:26:    expected unsigned long [nocast] [usertype] *utime
kernel/posix-cpu-timers.c:130:26:    got unsigned long *<noident>
kernel/posix-cpu-timers.c:130:26: warning: implicit cast to nocast type
kernel/posix-cpu-timers.c:130:34: warning: incorrect type in argument 3 (different modifiers)
kernel/posix-cpu-timers.c:130:34:    expected unsigned long [nocast] [usertype] *stime
kernel/posix-cpu-timers.c:130:34:    got unsigned long *<noident>
kernel/posix-cpu-timers.c:130:34: warning: implicit cast to nocast type
kernel/posix-cpu-timers.c:138:26: warning: incorrect type in argument 2 (different modifiers)
kernel/posix-cpu-timers.c:138:26:    expected unsigned long [nocast] [usertype] *utime
kernel/posix-cpu-timers.c:138:26:    got unsigned long *<noident>
kernel/posix-cpu-timers.c:138:26: warning: implicit cast to nocast type
kernel/posix-cpu-timers.c:918:27: warning: implicit cast from nocast type
kernel/posix-cpu-timers.c:927:39: warning: implicit cast to nocast type
kernel/posix-cpu-timers.c:932:62: warning: implicit cast to nocast type
kernel/posix-cpu-timers.c:936:44: warning: implicit cast from nocast type
kernel/posix-cpu-timers.c:937:30: warning: implicit cast from nocast type
kernel/posix-cpu-timers.c:1000:38: warning: implicit cast from nocast type
kernel/posix-cpu-timers.c:1001:40: warning: implicit cast from nocast type
kernel/posix-cpu-timers.c:1114:28: warning: incorrect type in argument 2 (different modifiers)
kernel/posix-cpu-timers.c:1114:28:    expected unsigned long [nocast] [usertype] *utime
kernel/posix-cpu-timers.c:1114:28:    got unsigned long *<noident>
kernel/posix-cpu-timers.c:1114:28: warning: implicit cast to nocast type
kernel/posix-cpu-timers.c:1114:36: warning: incorrect type in argument 3 (different modifiers)
kernel/posix-cpu-timers.c:1114:36:    expected unsigned long [nocast] [usertype] *stime
kernel/posix-cpu-timers.c:1114:36:    got unsigned long *<noident>
kernel/posix-cpu-timers.c:1114:36: warning: implicit cast to nocast type
kernel/posix-cpu-timers.c:1230:29: warning: implicit cast from nocast type
kernel/posix-cpu-timers.c:1234:44: warning: implicit cast to nocast type
kernel/posix-cpu-timers.c:1240:28: warning: implicit cast to nocast type
kernel/hrtimer.c:65:1: warning: symbol 'hrtimer_bases' was not declared. Should it be static?
kernel/hrtimer.c:153:27: warning: context imbalance in 'lock_hrtimer_base' - wrong count at exit
kernel/hrtimer.c:1020:25: warning: context imbalance in '__hrtimer_start_range_ns' - unexpected unlock
kernel/hrtimer.c:830:9: warning: context imbalance in 'hrtimer_try_to_cancel' - unexpected unlock
kernel/hrtimer.c:1124:9: warning: context imbalance in 'hrtimer_get_remaining' - unexpected unlock
crypto/shash.c:81:40: warning: Variable length array is used.
crypto/shash.c:117:40: warning: Variable length array is used.
kernel/nsproxy.c:209:9: warning: Variable length array is used.
kernel/nsproxy.c:209:9: error: cannot size expression
kernel/notifier.c:30:9: warning: Variable length array is used.
kernel/notifier.c:30:9: error: cannot size expression
kernel/notifier.c:45:9: error: cannot size expression
kernel/notifier.c:54:25: error: cannot size expression
fs/debugfs/file.c:472:20: error: incompatible types in comparison expression (different type sizes)
kernel/ksysfs.c:143:5: warning: symbol 'rcu_expedited' was not declared. Should it be static?
include/linux/rculist.h:54:9: warning: Variable length array is used.
include/linux/rculist.h:54:9: error: cannot size expression
kernel/cred.c:458:9: warning: Variable length array is used.
kernel/cred.c:458:9: error: cannot size expression
kernel/cred.c:459:9: error: cannot size expression
kernel/cred.c:524:9: error: cannot size expression
kernel/cred.c:552:9: error: cannot size expression
block/blk-core.c:970:24: warning: context imbalance in '__get_request' - unexpected unlock
block/blk-core.c:1108:23: warning: context imbalance in 'blk_old_get_request' - wrong count at exit
block/blk-core.c:1482:6: warning: context imbalance in 'blk_queue_bio' - different lock contexts for basic block
block/blk-core.c:3084:17: warning: context imbalance in 'blk_flush_plug_list' - unexpected unlock
mm/mm_init.c:153:5: warning: symbol 'vm_committed_as_batch' was not declared. Should it be static?
kernel/smpboot.c:168:36: warning: incorrect type in initializer (different address spaces)
kernel/smpboot.c:168:36:    expected void const [noderef] <asn:3>*__vpp_verify
kernel/smpboot.c:168:36:    got struct task_struct [noderef] <asn:3>**<noident>
kernel/smpboot.c:168:35: warning: incorrect type in initializer (different address spaces)
kernel/smpboot.c:168:35:    expected struct task_struct *tsk
kernel/smpboot.c:168:35:    got struct task_struct [noderef] <asn:3>*<noident>
kernel/smpboot.c:187:10: warning: incorrect type in initializer (different address spaces)
kernel/smpboot.c:187:10:    expected void const [noderef] <asn:3>*__vpp_verify
kernel/smpboot.c:187:10:    got struct task_struct [noderef] <asn:3>**<noident>
kernel/smpboot.c:187:38: warning: incorrect type in assignment (different address spaces)
kernel/smpboot.c:187:38:    expected struct task_struct [noderef] <asn:3>*<noident>
kernel/smpboot.c:187:38:    got struct task_struct *[assigned] tsk
kernel/smpboot.c:220:36: warning: incorrect type in initializer (different address spaces)
kernel/smpboot.c:220:36:    expected void const [noderef] <asn:3>*__vpp_verify
kernel/smpboot.c:220:36:    got struct task_struct [noderef] <asn:3>**<noident>
kernel/smpboot.c:220:35: warning: incorrect type in initializer (different address spaces)
kernel/smpboot.c:220:35:    expected struct task_struct *tsk
kernel/smpboot.c:220:35:    got struct task_struct [noderef] <asn:3>*<noident>
kernel/smpboot.c:239:36: warning: incorrect type in initializer (different address spaces)
kernel/smpboot.c:239:36:    expected void const [noderef] <asn:3>*__vpp_verify
kernel/smpboot.c:239:36:    got struct task_struct [noderef] <asn:3>**<noident>
kernel/smpboot.c:239:35: warning: incorrect type in initializer (different address spaces)
kernel/smpboot.c:239:35:    expected struct task_struct *tsk
kernel/smpboot.c:239:35:    got struct task_struct [noderef] <asn:3>*<noident>
kernel/smpboot.c:261:44: warning: incorrect type in initializer (different address spaces)
kernel/smpboot.c:261:44:    expected void const [noderef] <asn:3>*__vpp_verify
kernel/smpboot.c:261:44:    got struct task_struct [noderef] <asn:3>**<noident>
kernel/smpboot.c:261:43: warning: incorrect type in initializer (different address spaces)
kernel/smpboot.c:261:43:    expected struct task_struct *tsk
kernel/smpboot.c:261:43:    got struct task_struct [noderef] <asn:3>*<noident>
kernel/smpboot.c:266:26: warning: incorrect type in initializer (different address spaces)
kernel/smpboot.c:266:26:    expected void const [noderef] <asn:3>*__vpp_verify
kernel/smpboot.c:266:26:    got struct task_struct [noderef] <asn:3>**<noident>
mm/percpu.c:1612:12: warning: symbol 'pcpu_embed_first_chunk' was not declared. Should it be static?
kernel/irq/irqdesc.c:427:17: warning: context imbalance in '__irq_get_desc_lock' - wrong count at exit
kernel/irq/irqdesc.c:451:6: warning: context imbalance in '__irq_put_desc_unlock' - unexpected unlock
mm/compaction.c:1094:37: warning: incorrect type in initializer (different base types)
mm/compaction.c:1094:37:    expected int [signed] may_enter_fs
mm/compaction.c:1094:37:    got restricted gfp_t
mm/compaction.c:1095:39: warning: incorrect type in initializer (different base types)
mm/compaction.c:1095:39:    expected int [signed] may_perform_io
mm/compaction.c:1095:39:    got restricted gfp_t
mm/compaction.c:193:47: warning: context imbalance in 'compact_checklock_irqsave' - unexpected unlock
mm/compaction.c:322:39: warning: context imbalance in 'isolate_freepages_block' - unexpected unlock
mm/compaction.c:486:55: warning: context imbalance in 'isolate_migratepages_range' - unexpected unlock
block/blk-flush.c:276:9: warning: context imbalance in 'flush_end_io' - different lock contexts for basic block
kernel/irq/spurious.c:47:17: warning: context imbalance in 'irq_wait_for_poll' - unexpected unlock
arch/arm/mach-omap2/twl-common.c:94:21: warning: symbol 'consumers' was not declared. Should it be static?
arch/arm/mach-omap2/twl-common.c:98:22: warning: symbol 'init_data' was not declared. Should it be static?
fs/jbd2/transaction.c:190:17: warning: context imbalance in 'add_transaction_credits' - unexpected unlock
fs/jbd2/transaction.c:306:9: warning: context imbalance in 'start_this_handle' - different lock contexts for basic block
block/blk-ioc.c:72:17: warning: Variable length array is used.
block/blk-ioc.c:72:17: error: cannot size expression
block/blk-ioc.c:336:17: error: cannot size expression
mm/fremap.c:137:31: warning: implicit cast to nocast type
kernel/irq/irqdomain.c:468:14: warning: symbol 'irq_create_of_mapping' was not declared. Should it be static?
mm/memory.c:117:15: warning: symbol 'zero_pfn' was not declared. Should it be static?
mm/memory.c:881:5: warning: symbol 'copy_pte_range' was not declared. Should it be static?
mm/memory.c:3533:5: warning: symbol 'numa_migrate_prep' was not declared. Should it be static?
mm/memory.c:3548:5: warning: symbol 'do_numa_page' was not declared. Should it be static?
mm/memory.c:897:17: warning: context imbalance in 'copy_pte_range' - different lock contexts for basic block
mm/memory.c:2064:32: warning: context imbalance in '__get_locked_pte' - different lock contexts for basic block
mm/memory.c:2267:17: warning: context imbalance in 'remap_pte_range' - different lock contexts for basic block
mm/memory.c:2465:17: warning: context imbalance in 'apply_to_pte_range' - unexpected unlock
mm/memory.c:3914:12: warning: context imbalance in '__follow_pte' - different lock contexts for basic block
include/linux/mcs_spinlock.h:85:9: warning: Variable length array is used.
include/linux/mcs_spinlock.h:85:9: error: cannot size expression
include/linux/mcs_spinlock.h:109:9: error: cannot size expression
include/linux/spinlock_api_smp.h:151:27: warning: context imbalance in '__jbd2_log_wait_for_space' - unexpected unlock
fs/jbd2/checkpoint.c:216:36: warning: context imbalance in '__wait_cp_io' - unexpected unlock
fs/jbd2/checkpoint.c:273:23: warning: context imbalance in '__process_buffer' - unexpected unlock
fs/jbd2/checkpoint.c:377:9: warning: context imbalance in 'jbd2_log_do_checkpoint' - different lock contexts for basic block
drivers/ata/libata-scsi.c:1901:9: warning: context imbalance in 'ata_scsi_rbuf_get' - wrong count at exit
drivers/ata/libata-scsi.c:1922:31: warning: context imbalance in 'ata_scsi_rbuf_fill' - unexpected unlock
include/linux/unaligned/be_byteshift.h:31:30: warning: cast truncates bits from constant value (3fffc0 becomes ffc0)
drivers/ata/libata-scsi.c:1920:48: warning: context imbalance in 'atapi_qc_complete' - unexpected unlock
block/blk-lib.c:221:5: warning: symbol '__blkdev_issue_zeroout' was not declared. Should it be static?
/d2/kernels/test_build/build/temp/test_next-20140205/20140204191534/linux/arch/arm/include/asm/spinlock.h:89:9: warning: context imbalance in '_raw_spin_lock' - wrong count at exit
/d2/kernels/test_build/build/temp/test_next-20140205/20140204191534/linux/arch/arm/include/asm/spinlock.h:89:9: warning: context imbalance in '_raw_spin_lock_irqsave' - wrong count at exit
/d2/kernels/test_build/build/temp/test_next-20140205/20140204191534/linux/arch/arm/include/asm/spinlock.h:89:9: warning: context imbalance in '_raw_spin_lock_irq' - wrong count at exit
/d2/kernels/test_build/build/temp/test_next-20140205/20140204191534/linux/arch/arm/include/asm/spinlock.h:89:9: warning: context imbalance in '_raw_spin_lock_bh' - wrong count at exit
kernel/locking/spinlock.c:189:17: warning: context imbalance in '_raw_spin_unlock_irqrestore' - unexpected unlock
kernel/locking/spinlock.c:205:17: warning: context imbalance in '_raw_spin_unlock_bh' - unexpected unlock
kernel/locking/spinlock.c:221:17: warning: context imbalance in '_raw_read_lock' - wrong count at exit
kernel/locking/spinlock.c:229:26: warning: context imbalance in '_raw_read_lock_irqsave' - wrong count at exit
kernel/locking/spinlock.c:237:17: warning: context imbalance in '_raw_read_lock_irq' - wrong count at exit
kernel/locking/spinlock.c:245:17: warning: context imbalance in '_raw_read_lock_bh' - wrong count at exit
include/linux/rwlock_api_smp.h:234:9: warning: context imbalance in '_raw_read_unlock_irqrestore' - unexpected unlock
include/linux/rwlock_api_smp.h:250:9: warning: context imbalance in '_raw_read_unlock_bh' - unexpected unlock
kernel/locking/spinlock.c:293:17: warning: context imbalance in '_raw_write_lock' - wrong count at exit
kernel/locking/spinlock.c:301:26: warning: context imbalance in '_raw_write_lock_irqsave' - wrong count at exit
kernel/locking/spinlock.c:309:17: warning: context imbalance in '_raw_write_lock_irq' - wrong count at exit
kernel/locking/spinlock.c:317:17: warning: context imbalance in '_raw_write_lock_bh' - wrong count at exit
kernel/locking/spinlock.c:333:17: warning: context imbalance in '_raw_write_unlock_irqrestore' - unexpected unlock
kernel/locking/spinlock.c:349:17: warning: context imbalance in '_raw_write_unlock_bh' - unexpected unlock
sound/core/pcm_native.c:172:37: warning: Variable length array is used.
fs/jbd2/journal.c:125:5: warning: symbol 'jbd2_verify_csum_type' was not declared. Should it be static?
fs/jbd2/journal.c:146:5: warning: symbol 'jbd2_superblock_csum_verify' was not declared. Should it be static?
fs/jbd2/journal.c:154:6: warning: symbol 'jbd2_superblock_csum_set' was not declared. Should it be static?
sound/core/pcm_native.c:752:17: warning: context imbalance in 'snd_pcm_action_group' - different lock contexts for basic block
block/blk-mq.c:33:16: warning: incorrect type in initializer (different address spaces)
block/blk-mq.c:33:16:    expected void const [noderef] <asn:3>*__vpp_verify
block/blk-mq.c:33:16:    got struct blk_mq_ctx *<noident>
block/blk-mq.c:1269:44: warning: incorrect type in initializer (different address spaces)
block/blk-mq.c:1269:44:    expected void const [noderef] <asn:3>*__vpp_verify
block/blk-mq.c:1269:44:    got struct blk_mq_ctx *<noident>
block/blk-mq.c:1307:9: warning: incorrect type in initializer (different address spaces)
block/blk-mq.c:1307:9:    expected void const [noderef] <asn:3>*__vpp_verify
block/blk-mq.c:1307:9:    got struct blk_mq_ctx *<noident>
block/blk-mq.c:1338:13: warning: incorrect type in assignment (different address spaces)
block/blk-mq.c:1338:13:    expected struct blk_mq_ctx *ctx
block/blk-mq.c:1338:13:    got struct blk_mq_ctx [noderef] <asn:3>*<noident>
block/blk-mq.c:1407:21: warning: incorrect type in argument 1 (different address spaces)
block/blk-mq.c:1407:21:    expected void [noderef] <asn:3>*__pdata
block/blk-mq.c:1407:21:    got struct blk_mq_ctx *ctx
block/blk-mq.c:1427:22: warning: incorrect type in argument 1 (different address spaces)
block/blk-mq.c:1427:22:    expected void [noderef] <asn:3>*__pdata
block/blk-mq.c:1427:22:    got struct blk_mq_ctx *queue_ctx
mm/mlock.c:629:37: warning: implicit cast to nocast type
mm/mlock.c:777:37: warning: implicit cast to nocast type
include/linux/mm.h:1310:21: warning: context imbalance in '__munlock_pagevec_fill' - different lock contexts for basic block
mm/mmap.c:1305:47: warning: implicit cast to nocast type
mm/mmap.c:1307:45: warning: implicit cast to nocast type
mm/mmap.c:1316:45: warning: implicit cast to nocast type
mm/mmap.c:1337:47: warning: implicit cast to nocast type
mm/mmap.c:1357:37: warning: implicit cast to nocast type
mm/mmap.c:1361:37: warning: implicit cast to nocast type
mm/mmap.c:1405:33: warning: implicit cast to nocast type
mm/mmap.c:1536:29: warning: implicit cast to nocast type
mm/mmap.c:817:9: warning: context imbalance in 'vma_adjust' - different lock contexts for basic block
kernel/power/main.c:49:5: warning: symbol 'pm_async_enabled' was not declared. Should it be static?
kernel/power/main.c:620:25: warning: symbol 'pm_wq' was not declared. Should it be static?
sound/core/pcm_lib.c:1916:42: warning: context imbalance in 'wait_for_avail' - unexpected unlock
fs/kernfs/dir.c:392:6: warning: context imbalance in 'kernfs_addrm_start' - wrong count at exit
fs/kernfs/dir.c:519:9: warning: context imbalance in 'kernfs_addrm_finish' - wrong count at exit
include/linux/rculist.h:54:9: warning: Variable length array is used.
include/linux/rculist.h:54:9: error: cannot size expression
mm/mremap.c:154:9: warning: context imbalance in 'move_ptes' - different lock contexts for basic block
kernel/printk/printk.c:215:1: warning: symbol 'log_wait' was not declared. Should it be static?
drivers/ata/libata-sff.c:1302:9: warning: context imbalance in 'ata_sff_hsm_move' - different lock contexts for basic block
include/linux/rculist.h:54:9: warning: Variable length array is used.
include/linux/rculist.h:54:9: error: cannot size expression
block/genhd.c:1396:10: error: bad integer constant expression
block/genhd.c:1397:10: error: bad integer constant expression
block/genhd.c:1401:10: error: bad integer constant expression
block/genhd.c:1402:10: error: bad integer constant expression
block/genhd.c:231:25: error: cannot size expression
block/genhd.c:1045:9: error: cannot size expression
block/genhd.c:1048:17: error: cannot size expression
block/genhd.c:1091:17: error: cannot size expression
mm/rmap.c:604:23: warning: Using plain integer as NULL pointer
mm/rmap.c:1435:6: warning: symbol 'is_vma_temporary_stack' was not declared. Should it be static?
mm/rmap.c:595:7: warning: context imbalance in '__page_check_address' - wrong count at exit
include/linux/rculist.h:54:9: warning: Variable length array is used.
include/linux/rculist.h:54:9: error: cannot size expression
kernel/rcu/tree.c:3246:21: warning: incorrect type in argument 1 (different modifiers)
kernel/rcu/tree.c:3246:21:    expected int ( *threadfn )( ... )
kernel/rcu/tree.c:3246:21:    got int ( static [toplevel] [noreturn] *<noident> )( ... )
kernel/rcu/tree.c:1207:9: warning: context imbalance in 'rcu_start_future_gp' - different lock contexts for basic block
kernel/rcu/tree.c:2068:17: warning: context imbalance in 'rcu_cleanup_dead_cpu' - unexpected unlock
kernel/rcu/tree.c:2249:9: warning: context imbalance in 'force_qs_rnp' - different lock contexts for basic block
kernel/rcu/tree.c:2305:25: warning: context imbalance in 'force_quiescent_state' - unexpected unlock
kernel/rcu/tree_plugin.h:1023:13: warning: context imbalance in 'rcu_report_unblock_qs_rnp' - unexpected unlock
kernel/rcu/tree_plugin.h:1542:13: warning: context imbalance in 'rcu_initiate_boost' - unexpected unlock
drivers/ata/ahci_platform.c:87:9: warning: Initializer entry defined twice
drivers/ata/ahci_platform.c:87:9:   also defined here
block/partition-generic.c:252:9: warning: Variable length array is used.
block/partition-generic.c:252:9: error: cannot size expression
block/partition-generic.c:253:9: error: cannot size expression
block/partition-generic.c:353:9: error: cannot size expression
drivers/ata/libahci.c:1390:5: warning: symbol 'ahci_pmp_retry_softreset' was not declared. Should it be static?
kernel/sched/core.c:851:6: warning: symbol 'sched_set_stop_task' was not declared. Should it be static?
kernel/sched/core.c:1083:5: warning: symbol 'migrate_swap' was not declared. Should it be static?
kernel/sched/core.c:2824:25: warning: symbol 'preempt_schedule_irq' was not declared. Should it be static?
kernel/sched/core.c:5484:9: warning: Variable length array is used.
kernel/sched/core.c:5484:9: error: cannot size expression
kernel/sched/core.c:5486:9: error: cannot size expression
kernel/sched/core.c:5491:9: error: cannot size expression
kernel/sched/core.c:5494:9: error: cannot size expression
kernel/sched/core.c:5541:9: error: cannot size expression
drivers/ata/sata_highbank.c:456:9: warning: Initializer entry defined twice
drivers/ata/sata_highbank.c:456:9:   also defined here
mm/nobootmem.c:337:6: warning: symbol '___alloc_bootmem_node' was not declared. Should it be static?
mm/memblock.c:1139:6: warning: symbol 'memblock_virt_alloc_try_nid_nopanic' was not declared. Should it be static?
mm/memblock.c:1169:6: warning: symbol 'memblock_virt_alloc_try_nid' was not declared. Should it be static?
mm/memblock.c:1198:13: warning: symbol '__memblock_free_early' was not declared. Should it be static?
mm/memblock.c:1216:13: warning: symbol '__memblock_free_late' was not declared. Should it be static?
drivers/ata/sata_mv.c:984:26: warning: cast removes address space of expression
drivers/ata/sata_mv.c:984:26: warning: cast removes address space of expression
drivers/ata/sata_mv.c:984:26: warning: cast removes address space of expression
drivers/ata/sata_mv.c:984:26: warning: cast removes address space of expression
drivers/ata/sata_mv.c:677:9: warning: Initializer entry defined twice
drivers/ata/sata_mv.c:678:10:   also defined here
mm/page_io.c:263:41: warning: incorrect type in initializer (different address spaces)
mm/page_io.c:263:41:    expected void [noderef] <asn:1>*iov_base
mm/page_io.c:263:41:    got void *
include/linux/rculist.h:54:9: warning: Variable length array is used.
include/linux/rculist.h:54:9: error: cannot size expression
mm/swapfile.c:603:20: warning: context imbalance in 'scan_swap_map' - unexpected unlock
mm/swapfile.c:733:32: warning: context imbalance in 'swap_info_get' - different lock contexts for basic block
mm/swapfile.c:858:17: warning: context imbalance in 'swap_free' - unexpected unlock
mm/swapfile.c:876:28: warning: context imbalance in 'swapcache_free' - unexpected unlock
mm/swapfile.c:894:35: warning: context imbalance in 'page_swapcount' - unexpected unlock
mm/swapfile.c:984:28: warning: context imbalance in 'free_swap_and_cache' - unexpected unlock
mm/swapfile.c:2841:20: warning: context imbalance in 'add_swap_count_continuation' - unexpected unlock
sound/soc/soc-core.c:109:25: warning: Variable length array is used.
sound/soc/soc-core.c:110:29: warning: Variable length array is used.
sound/soc/soc-core.c:253:20: error: incompatible types in comparison expression (different type sizes)
kernel/sched/clock.c:76:19: warning: symbol 'sched_clock_running' was not declared. Should it be static?
kernel/sched/cputime.c:297:34: warning: incorrect type in argument 2 (different modifiers)
kernel/sched/cputime.c:297:34:    expected unsigned long [nocast] [usertype] *utime
kernel/sched/cputime.c:297:34:    got unsigned long *<noident>
kernel/sched/cputime.c:297:34: warning: implicit cast to nocast type
kernel/sched/cputime.c:297:42: warning: incorrect type in argument 3 (different modifiers)
kernel/sched/cputime.c:297:42:    expected unsigned long [nocast] [usertype] *stime
kernel/sched/cputime.c:297:42:    got unsigned long *<noident>
kernel/sched/cputime.c:297:42: warning: implicit cast to nocast type
kernel/sched/cputime.c:610:26: warning: incorrect type in argument 2 (different modifiers)
kernel/sched/cputime.c:610:26:    expected unsigned long [nocast] [usertype] *utime
kernel/sched/cputime.c:610:26:    got unsigned long *<noident>
kernel/sched/cputime.c:610:26: warning: implicit cast to nocast type
kernel/sched/cputime.c:610:42: warning: incorrect type in argument 3 (different modifiers)
kernel/sched/cputime.c:610:42:    expected unsigned long [nocast] [usertype] *stime
kernel/sched/cputime.c:610:42:    got unsigned long *<noident>
kernel/sched/cputime.c:610:42: warning: implicit cast to nocast type
kernel/sched/fair.c:50:14: warning: symbol 'normalized_sysctl_sched_latency' was not declared. Should it be static?
kernel/sched/fair.c:69:14: warning: symbol 'normalized_sysctl_sched_min_granularity' was not declared. Should it be static?
kernel/sched/fair.c:91:14: warning: symbol 'normalized_sysctl_sched_wakeup_granularity' was not declared. Should it be static?
kernel/sched/fair.c:3732:35: error: marked inline, but without a definition
mm/slub.c:1108:40: warning: context imbalance in 'free_debug_processing' - different lock contexts for basic block
include/linux/spinlock_api_smp.h:151:27: warning: context imbalance in 'deactivate_slab' - unexpected unlock
include/linux/spinlock_api_smp.h:151:27: warning: context imbalance in 'unfreeze_partials' - unexpected unlock
mm/slub.c:2547:47: warning: context imbalance in '__slab_free' - unexpected unlock
net/socket.c:2608:17: warning: Variable length array is used.
net/socket.c:2608:17: error: cannot size expression
include/net/sock.h:1784:9: warning: Variable length array is used.
include/net/sock.h:1784:9: error: cannot size expression
kernel/sched/rt.c:222:6: warning: symbol 'free_rt_sched_group' was not declared. Should it be static?
kernel/sched/rt.c:224:5: warning: symbol 'alloc_rt_sched_group' was not declared. Should it be static?
include/linux/spinlock_api_smp.h:151:27: warning: context imbalance in 'find_lock_lowest_rq' - unexpected unlock
kernel/sched/rt.c:1614:9: warning: context imbalance in 'push_rt_task' - unexpected unlock
include/linux/spinlock_api_smp.h:151:27: warning: context imbalance in 'pull_rt_task' - unexpected unlock
mm/migrate.c:115:24: warning: Using plain integer as NULL pointer
include/linux/radix-tree.h:216:9: warning: Variable length array is used.
include/linux/radix-tree.h:216:9: error: cannot size expression
kernel/sched/deadline.c:62:6: warning: symbol 'init_dl_bw' was not declared. Should it be static?
kernel/sched/deadline.c:993:20: warning: symbol 'pick_next_task_dl' was not declared. Should it be static?
include/linux/spinlock_api_smp.h:151:27: warning: context imbalance in 'find_lock_later_rq' - unexpected unlock
kernel/sched/deadline.c:1329:9: warning: context imbalance in 'push_dl_task' - unexpected unlock
include/linux/spinlock_api_smp.h:151:27: warning: context imbalance in 'pull_dl_task' - unexpected unlock
include/linux/rculist.h:401:9: warning: Variable length array is used.
include/linux/rculist.h:401:9: error: cannot size expression
include/linux/rculist.h:429:9: error: cannot size expression
include/linux/rculist.h:456:9: error: cannot size expression
drivers/base/devtmpfs.c:357:25: warning: incorrect type in argument 1 (different address spaces)
drivers/base/devtmpfs.c:357:25:    expected char [noderef] <asn:1>*dev_name
drivers/base/devtmpfs.c:357:25:    got char static *<noident>
drivers/base/devtmpfs.c:357:38: warning: incorrect type in argument 2 (different address spaces)
drivers/base/devtmpfs.c:357:38:    expected char [noderef] <asn:1>*dir_name
drivers/base/devtmpfs.c:357:38:    got char *<noident>
drivers/base/devtmpfs.c:357:53: warning: incorrect type in argument 3 (different address spaces)
drivers/base/devtmpfs.c:357:53:    expected char [noderef] <asn:1>*type
drivers/base/devtmpfs.c:357:53:    got char static *<noident>
drivers/base/devtmpfs.c:383:26: warning: incorrect type in argument 1 (different address spaces)
drivers/base/devtmpfs.c:383:26:    expected char [noderef] <asn:1>*dev_name
drivers/base/devtmpfs.c:383:26:    got char static *<noident>
drivers/base/devtmpfs.c:383:38: warning: incorrect type in argument 2 (different address spaces)
drivers/base/devtmpfs.c:383:38:    expected char [noderef] <asn:1>*dir_name
drivers/base/devtmpfs.c:383:38:    got char static *<noident>
drivers/base/devtmpfs.c:383:43: warning: incorrect type in argument 3 (different address spaces)
drivers/base/devtmpfs.c:383:43:    expected char [noderef] <asn:1>*type
drivers/base/devtmpfs.c:383:43:    got char static *<noident>
drivers/base/devtmpfs.c:383:66: warning: incorrect type in argument 5 (different address spaces)
drivers/base/devtmpfs.c:383:66:    expected void [noderef] <asn:1>*data
drivers/base/devtmpfs.c:383:66:    got char *<noident>
drivers/base/devtmpfs.c:386:19: warning: incorrect type in argument 1 (different address spaces)
drivers/base/devtmpfs.c:386:19:    expected char const [noderef] <asn:1>*filename
drivers/base/devtmpfs.c:386:19:    got char static *<noident>
drivers/base/devtmpfs.c:387:20: warning: incorrect type in argument 1 (different address spaces)
drivers/base/devtmpfs.c:387:20:    expected char const [noderef] <asn:1>*filename
drivers/base/devtmpfs.c:387:20:    got char static *<noident>
arch/arm/lib/delay.c:89:15: warning: symbol 'calibrate_delay_is_known' was not declared. Should it be static?
include/linux/rculist.h:401:9: warning: Variable length array is used.
include/linux/rculist.h:401:9: error: cannot size expression
include/linux/rculist.h:429:9: error: cannot size expression
include/linux/rculist.h:456:9: error: cannot size expression
fs/notify/fdinfo.c:103:5: warning: symbol 'inotify_show_fdinfo' was not declared. Should it be static?
kernel/sched/debug.c:246:6: warning: symbol 'print_rt_rq' was not declared. Should it be static?
lib/lockref.c:97:5: warning: context imbalance in 'lockref_get_or_lock' - different lock contexts for basic block
lib/lockref.c:121:5: warning: context imbalance in 'lockref_put_or_lock' - wrong count at exit
lib/bcd.c:4:10: error: symbol '_bcd2bin' redeclared with different type (originally declared at include/linux/bcd.h:19) - different modifiers
lib/bcd.c:10:15: error: symbol '_bin2bcd' redeclared with different type (originally declared at include/linux/bcd.h:20) - different modifiers
lib/div64.c:26:32: warning: symbol '__div64_32' was not declared. Should it be static?
include/linux/rculist.h:54:9: warning: Variable length array is used.
include/linux/rculist.h:54:9: error: cannot size expression
fs/proc/task_mmu.c:534:18: error: bad integer constant expression
fs/proc/task_mmu.c:535:18: error: bad integer constant expression
fs/proc/task_mmu.c:536:18: error: bad integer constant expression
fs/proc/task_mmu.c:537:18: error: bad integer constant expression
fs/proc/task_mmu.c:538:18: error: bad integer constant expression
fs/proc/task_mmu.c:539:18: error: bad integer constant expression
fs/proc/task_mmu.c:540:18: error: bad integer constant expression
fs/proc/task_mmu.c:541:18: error: bad integer constant expression
fs/proc/task_mmu.c:542:18: error: bad integer constant expression
fs/proc/task_mmu.c:543:18: error: bad integer constant expression
fs/proc/task_mmu.c:544:18: error: bad integer constant expression
fs/proc/task_mmu.c:545:18: error: bad integer constant expression
fs/proc/task_mmu.c:546:18: error: bad integer constant expression
fs/proc/task_mmu.c:547:18: error: bad integer constant expression
fs/proc/task_mmu.c:548:18: error: bad integer constant expression
fs/proc/task_mmu.c:549:18: error: bad integer constant expression
fs/proc/task_mmu.c:550:18: error: bad integer constant expression
fs/proc/task_mmu.c:551:18: error: bad integer constant expression
fs/proc/task_mmu.c:552:18: error: bad integer constant expression
fs/proc/task_mmu.c:553:18: error: bad integer constant expression
fs/proc/task_mmu.c:554:18: error: bad integer constant expression
fs/proc/task_mmu.c:555:18: error: bad integer constant expression
fs/proc/task_mmu.c:556:18: error: bad integer constant expression
fs/proc/task_mmu.c:560:18: error: bad integer constant expression
fs/proc/task_mmu.c:561:18: error: bad integer constant expression
fs/proc/task_mmu.c:562:18: error: bad integer constant expression
fs/proc/task_mmu.c:563:18: error: bad integer constant expression
fs/proc/task_mmu.c:1204:23: error: incompatible types in comparison expression (different type sizes)
include/linux/rculist.h:54:9: warning: Variable length array is used.
include/linux/rculist.h:54:9: error: cannot size expression
include/linux/rculist.h:176:9: error: cannot size expression
lib/gcd.c:6:15: error: symbol 'gcd' redeclared with different type (originally declared at include/linux/gcd.h:6) - different modifiers
lib/lcm.c:7:15: error: symbol 'lcm' redeclared with different type (originally declared at include/linux/lcm.h:6) - different modifiers
fs/proc/inode.c:50:17: warning: Variable length array is used.
fs/proc/inode.c:50:17: error: cannot size expression
include/net/sock.h:1540:31: warning: context imbalance in 'skb_free_datagram_locked' - unexpected unlock
lib/clz_ctz.c:16:12: warning: symbol '__ctzsi2' was not declared. Should it be static?
lib/clz_ctz.c:22:12: warning: symbol '__clzsi2' was not declared. Should it be static?
lib/clz_ctz.c:30:12: warning: symbol '__clzdi2' was not declared. Should it be static?
lib/clz_ctz.c:36:12: warning: symbol '__ctzdi2' was not declared. Should it be static?
kernel/time/jiffies.c:101:20: warning: symbol 'refined_jiffies' was not declared. Should it be static?
net/core/scm.c:236:26: warning: cast removes address space of expression
net/core/scm.c:236:26: warning: incorrect type in argument 1 (different address spaces)
net/core/scm.c:236:26:    expected void [noderef] <asn:1>*to
net/core/scm.c:236:26:    got void *<noident>
net/core/scm.c:272:48: warning: cast removes address space of expression
net/core/gen_stats.c:58:1: warning: context imbalance in 'gnet_stats_start_copy_compat' - wrong count at exit
net/core/gen_stats.c:35:23: warning: context imbalance in 'gnet_stats_copy_basic' - unexpected unlock
net/core/gen_stats.c:35:23: warning: context imbalance in 'gnet_stats_copy_rate_est' - unexpected unlock
net/core/gen_stats.c:35:23: warning: context imbalance in 'gnet_stats_copy_queue' - unexpected unlock
net/core/gen_stats.c:35:23: warning: context imbalance in 'gnet_stats_copy_app' - unexpected unlock
net/core/gen_stats.c:35:23: warning: context imbalance in 'gnet_stats_finish_copy' - unexpected unlock
include/linux/rculist.h:54:9: warning: Variable length array is used.
include/linux/rculist.h:54:9: error: cannot size expression
net/core/net_namespace.c:83:9: warning: Variable length array is used.
net/core/net_namespace.c:83:9: error: cannot size expression
net/core/net_namespace.c:419:9: error: cannot size expression
include/linux/rculist.h:54:9: error: cannot size expression
lib/kstrtox.c:338:1: error: incompatible types in comparison expression (different type sizes)
lib/kstrtox.c:339:1: error: incompatible types in comparison expression (different type sizes)
lib/kstrtox.c:340:1: error: incompatible types in comparison expression (different type sizes)
lib/kstrtox.c:341:1: error: incompatible types in comparison expression (different type sizes)
lib/kstrtox.c:342:1: error: incompatible types in comparison expression (different type sizes)
lib/kstrtox.c:343:1: error: incompatible types in comparison expression (different type sizes)
lib/kstrtox.c:344:1: error: incompatible types in comparison expression (different type sizes)
lib/kstrtox.c:345:1: error: incompatible types in comparison expression (different type sizes)
lib/kstrtox.c:346:1: error: incompatible types in comparison expression (different type sizes)
lib/kstrtox.c:347:1: error: incompatible types in comparison expression (different type sizes)
net/core/sysctl_net_core.c:77:25: warning: Variable length array is used.
net/core/sysctl_net_core.c:77:25: error: cannot size expression
net/core/sysctl_net_core.c:133:33: error: cannot size expression
net/core/sysctl_net_core.c:155:23: error: incompatible types in comparison expression (different type sizes)
kernel/time/clockevents.c:592:17: warning: symbol 'clockevents_subsys' was not declared. Should it be static?
fs/proc/array.c:417:43: warning: implicit cast to nocast type
fs/proc/array.c:418:26: warning: implicit cast to nocast type
fs/proc/array.c:451:62: warning: incorrect type in argument 2 (different modifiers)
fs/proc/array.c:451:62:    expected unsigned long [nocast] [usertype] *ut
fs/proc/array.c:451:62:    got unsigned long *<noident>
fs/proc/array.c:451:62: warning: implicit cast to nocast type
fs/proc/array.c:451:70: warning: incorrect type in argument 3 (different modifiers)
fs/proc/array.c:451:70:    expected unsigned long [nocast] [usertype] *st
fs/proc/array.c:451:70:    got unsigned long *<noident>
fs/proc/array.c:451:70: warning: implicit cast to nocast type
fs/proc/array.c:467:46: warning: incorrect type in argument 2 (different modifiers)
fs/proc/array.c:467:46:    expected unsigned long [nocast] [usertype] *ut
fs/proc/array.c:467:46:    got unsigned long *<noident>
fs/proc/array.c:467:46: warning: implicit cast to nocast type
fs/proc/array.c:467:54: warning: incorrect type in argument 3 (different modifiers)
fs/proc/array.c:467:54:    expected unsigned long [nocast] [usertype] *st
fs/proc/array.c:467:54:    got unsigned long *<noident>
fs/proc/array.c:467:54: warning: implicit cast to nocast type
include/trace/events/net.h:170:1: error: directive in argument list
include/trace/events/net.h:172:1: error: directive in argument list
include/trace/events/net.h:174:1: error: directive in argument list
include/linux/rculist.h:54:9: error: cannot size expression
include/linux/rculist.h:401:9: error: cannot size expression
net/core/dev.c:1987:9: error: cannot size expression
net/core/dev.c:3460:9: error: cannot size expression
net/core/dev.c:3461:9: error: cannot size expression
lib/devres.c:83:9: warning: cast removes address space of expression
lib/devres.c:117:31: warning: incorrect type in return expression (different address spaces)
lib/devres.c:117:31:    expected void [noderef] <asn:2>*
lib/devres.c:117:31:    got void *
lib/devres.c:125:31: warning: incorrect type in return expression (different address spaces)
lib/devres.c:125:31:    expected void [noderef] <asn:2>*
lib/devres.c:125:31:    got void *
lib/devres.c:136:26: warning: incorrect type in assignment (different address spaces)
lib/devres.c:136:26:    expected void [noderef] <asn:2>*[assigned] dest_ptr
lib/devres.c:136:26:    got void *
fs/proc/fd.c:96:55: warning: incorrect type in initializer (different base types)
fs/proc/fd.c:96:55:    expected unsigned int [unsigned] f_mode
fs/proc/fd.c:96:55:    got restricted fmode_t [usertype] f_mode
fs/proc/fd.c:114:54: warning: restricted fmode_t degrades to integer
fs/proc/fd.c:116:54: warning: restricted fmode_t degrades to integer
fs/proc/proc_tty.c:175:13: warning: symbol 'proc_tty_init' was not declared. Should it be static?
kernel/time/tick-sched.c:366:5: warning: symbol 'tick_nohz_active' was not declared. Should it be static?
include/linux/rculist.h:54:9: warning: Variable length array is used.
include/linux/rculist.h:54:9: error: cannot size expression
fs/proc/meminfo.c:19:28: warning: symbol 'arch_report_meminfo' was not declared. Should it be static?
kernel/time/timekeeping_debug.c:68:6: warning: symbol 'tk_debug_account_sleep_time' was not declared. Should it be static?
drivers/base/dma-coherent.c:46:33: warning: incorrect type in assignment (different address spaces)
drivers/base/dma-coherent.c:46:33:    expected void *virt_base
drivers/base/dma-coherent.c:46:33:    got void [noderef] <asn:2>*[assigned] mem_base
drivers/base/dma-coherent.c:73:20: warning: incorrect type in argument 1 (different address spaces)
drivers/base/dma-coherent.c:73:20:    expected void volatile [noderef] <asn:2>*addr
drivers/base/dma-coherent.c:73:20:    got void *virt_base
fs/proc/namespaces.c:54:32: warning: symbol 'ns_dentry_operations' was not declared. Should it be static?
kernel/futex.c:1176:33: warning: context imbalance in 'futex_wake_op' - different lock contexts for basic block
kernel/futex.c:1442:41: warning: context imbalance in 'futex_requeue' - different lock contexts for basic block
kernel/futex.c:1896:13: warning: context imbalance in 'futex_wait_queue_me' - unexpected unlock
kernel/futex.c:2002:9: warning: context imbalance in 'futex_wait_setup' - different lock contexts for basic block
include/linux/rculist.h:54:9: warning: Variable length array is used.
include/linux/rculist.h:54:9: error: cannot size expression
drivers/base/firmware_class.c:260:9: warning: context imbalance in 'fw_free_buf' - wrong count at exit
lib/xz/xz_dec_stream.c:734:23: warning: function 'xz_dec_run' with external linkage has definition
lib/xz/xz_dec_stream.c:770:25: warning: function 'xz_dec_init' with external linkage has definition
lib/xz/xz_dec_stream.c:800:16: warning: function 'xz_dec_reset' with external linkage has definition
lib/xz/xz_dec_stream.c:812:16: warning: function 'xz_dec_end' with external linkage has definition
lib/xz/xz_dec_lzma2.c:931:23: warning: function 'xz_dec_lzma2_run' with external linkage has definition
lib/xz/xz_dec_lzma2.c:1104:31: warning: function 'xz_dec_lzma2_create' with external linkage has definition
lib/xz/xz_dec_lzma2.c:1128:23: warning: function 'xz_dec_lzma2_reset' with external linkage has definition
lib/xz/xz_dec_lzma2.c:1165:16: warning: function 'xz_dec_lzma2_end' with external linkage has definition
kernel/smp.c:489:13: warning: symbol 'smp_announce' was not declared. Should it be static?
lib/xz/xz_dec_bcj.c:417:23: warning: function 'xz_dec_bcj_run' with external linkage has definition
lib/xz/xz_dec_bcj.c:527:29: warning: function 'xz_dec_bcj_create' with external linkage has definition
lib/xz/xz_dec_bcj.c:536:23: warning: function 'xz_dec_bcj_reset' with external linkage has definition
drivers/block/loop.c:235:38: warning: incorrect type in argument 2 (different address spaces)
drivers/block/loop.c:235:38:    expected char const [noderef] <asn:1>*<noident>
drivers/block/loop.c:235:38:    got unsigned char [usertype] *buf
net/core/neighbour.c:150:33: warning: Variable length array is used.
net/core/neighbour.c:150:33: error: cannot size expression
net/core/neighbour.c:219:25: error: cannot size expression
net/core/neighbour.c:389:25: error: cannot size expression
net/core/neighbour.c:393:25: error: cannot size expression
net/core/neighbour.c:397:9: error: cannot size expression
net/core/neighbour.c:534:9: error: cannot size expression
net/core/neighbour.c:537:9: error: cannot size expression
net/core/neighbour.c:2434:33: error: cannot size expression
kernel/module.c:212:6: error: symbol '__module_put_and_exit' redeclared with different type (originally declared at include/linux/module.h:452) - different modifiers
include/linux/rculist.h:54:9: error: cannot size expression
lib/swiotlb.c:240:1: warning: symbol 'swiotlb_late_init_with_default_size' was not declared. Should it be static?
lib/swiotlb.c:537:13: warning: symbol 'map_single' was not declared. Should it be static?
net/core/rtnetlink.c:1853:41: warning: Variable length array is used.
net/core/rtnetlink.c:1854:49: warning: Variable length array is used.
lib/iommu-helper.c:9:5: warning: symbol 'iommu_is_span_boundary' was not declared. Should it be static?
lib/iommu-helper.c:19:15: warning: symbol 'iommu_area_alloc' was not declared. Should it be static?
net/dns_resolver/dns_key.c:162:9: warning: Variable length array is used.
net/dns_resolver/dns_key.c:162:9: error: cannot size expression
net/ipv4/route.c:671:25: warning: Variable length array is used.
net/ipv4/route.c:671:25: error: cannot size expression
include/net/sock.h:1784:9: error: cannot size expression
net/ipv4/route.c:1285:25: error: cannot size expression
kernel/stop_machine.c:519:36: warning: incorrect type in initializer (different address spaces)
kernel/stop_machine.c:519:36:    expected struct task_struct [noderef] <asn:3>**store
kernel/stop_machine.c:519:36:    got struct task_struct *static [noderef] [toplevel] <asn:3>*<noident>
kernel/hung_task.c:24:19: warning: symbol 'sysctl_hung_task_check_count' was not declared. Should it be static?
kernel/hung_task.c:38:29: warning: symbol 'sysctl_hung_task_timeout_secs' was not declared. Should it be static?
kernel/hung_task.c:40:19: warning: symbol 'sysctl_hung_task_warnings' was not declared. Should it be static?
kernel/hung_task.c:50:28: warning: symbol 'sysctl_hung_task_panic' was not declared. Should it be static?
kernel/hung_task.c:195:5: warning: symbol 'proc_dohung_task_timeout_secs' was not declared. Should it be static?
drivers/char/mem.c:87:13: warning: symbol 'unxlate_dev_mem_ptr' was not declared. Should it be static?
drivers/char/mem.c:214:12: warning: symbol 'phys_mem_access_prot_allowed' was not declared. Should it be static?
kernel/watchdog.c:283:21: warning: expression using sizeof bool
kernel/watchdog.c:288:25: warning: expression using sizeof bool
kernel/watchdog.c:315:21: warning: expression using sizeof bool
kernel/watchdog.c:332:17: warning: expression using sizeof bool
kernel/watchdog.c:334:17: warning: expression using sizeof bool
kernel/watchdog.c:483:36: warning: incorrect type in initializer (different address spaces)
kernel/watchdog.c:483:36:    expected struct task_struct [noderef] <asn:3>**store
kernel/watchdog.c:483:36:    got struct task_struct *static [noderef] [toplevel] <asn:3>*<noident>
drivers/char/random.c:1352:25: error: incompatible types in comparison expression (different type sizes)
net/ipv4/inetpeer.c:513:17: warning: Variable length array is used.
net/ipv4/inetpeer.c:513:17: error: cannot size expression
kernel/elfcore.c:6:17: warning: symbol 'elf_core_extra_phdrs' was not declared. Should it be static?
kernel/elfcore.c:11:12: warning: symbol 'elf_core_write_extra_phdrs' was not declared. Should it be static?
kernel/elfcore.c:16:12: warning: symbol 'elf_core_write_extra_data' was not declared. Should it be static?
kernel/elfcore.c:21:15: warning: symbol 'elf_core_extra_data_size' was not declared. Should it be static?
net/core/filter.c:47:6: warning: symbol 'bpf_internal_load_pointer_neg_helper' was not declared. Should it be static?
net/core/filter.c:682:32: warning: incorrect type in argument 2 (different address spaces)
net/core/filter.c:682:32:    expected void const *<noident>
net/core/filter.c:682:32:    got struct sock_filter [noderef] <asn:1>*filter
net/core/filter.c:748:9: warning: Variable length array is used.
net/core/filter.c:748:9: error: cannot size expression
kernel/irq_work.c:51:13: warning: symbol 'arch_irq_work_raise' was not declared. Should it be static?
lib/dec_and_lock.c:20:5: warning: context imbalance in '_atomic_dec_and_lock' - different lock contexts for basic block
lib/decompress_inflate.c:35:17: warning: symbol 'gunzip' was not declared. Should it be static?
drivers/clk/clk.c:2227:5: warning: symbol '__clk_get' was not declared. Should it be static?
drivers/clk/clk.c:2236:6: warning: symbol '__clk_put' was not declared. Should it be static?
drivers/clk/clk.c:2545:53: warning: incorrect type in initializer (different modifiers)
drivers/clk/clk.c:2545:53:    expected void ( *[usertype] clk_init_cb )( ... )
drivers/clk/clk.c:2545:53:    got void const *const data
drivers/clk/clk.c:66:22: warning: context imbalance in 'clk_enable_lock' - wrong count at exit
drivers/clk/clk.c:91:9: warning: context imbalance in 'clk_enable_unlock' - unexpected unlock
net/core/dev_ioctl.c:148:32: error: incompatible types in comparison expression (different type sizes)
net/core/dev_ioctl.c:268:24: error: incompatible types in comparison expression (different type sizes)
fs/eventpoll.c:1243:9: warning: Variable length array is used.
fs/eventpoll.c:1243:9: error: cannot size expression
include/linux/rculist.h:54:9: error: cannot size expression
lib/idr.c:286:25: warning: Variable length array is used.
lib/idr.c:286:25: error: cannot size expression
lib/idr.c:354:9: error: cannot size expression
lib/idr.c:370:9: error: cannot size expression
lib/idr.c:372:9: error: cannot size expression
lib/idr.c:551:17: error: cannot size expression
lib/idr.c:591:17: error: cannot size expression
lib/idr.c:620:9: error: cannot size expression
lib/idr.c:846:9: error: cannot size expression
lib/idr.c:983:17: error: cannot size expression
drivers/clk/clk-divider.c:213:12: warning: context imbalance in 'clk_divider_set_rate' - different lock contexts for basic block
net/core/net-sysfs.c:610:9: warning: Variable length array is used.
net/core/net-sysfs.c:610:9: error: cannot size expression
net/core/net-sysfs.c:696:9: error: cannot size expression
fs/signalfd.c:107:25: warning: cast removes address space of expression
fs/signalfd.c:115:24: warning: cast removes address space of expression
fs/signalfd.c:141:24: warning: cast removes address space of expression
fs/signalfd.c:150:24: warning: cast removes address space of expression
drivers/clk/clk-gate.c:71:9: warning: context imbalance in 'clk_gate_endisable' - different lock contexts for basic block
include/linux/rculist_nulls.h:97:9: warning: Variable length array is used.
include/linux/rculist_nulls.h:97:9: error: cannot size expression
drivers/clk/clk-mux.c:69:12: warning: context imbalance in 'clk_mux_set_parent' - different lock contexts for basic block
include/linux/rculist.h:54:9: warning: Variable length array is used.
include/linux/rculist.h:54:9: error: cannot size expression
net/ipv4/ip_sockglue.c:289:25: warning: Variable length array is used.
net/ipv4/ip_sockglue.c:289:25: error: cannot size expression
net/ipv4/ip_sockglue.c:312:9: error: cannot size expression
net/ipv4/ip_sockglue.c:549:17: error: cannot size expression
include/net/sock.h:1784:9: error: cannot size expression
include/linux/rculist.h:54:9: warning: Variable length array is used.
include/linux/rculist.h:54:9: error: cannot size expression
net/core/fib_rules.c:407:33: error: cannot size expression
drivers/clk/hisilicon/clkgate-separated.c:48:12: warning: context imbalance in 'clkgate_separated_enable' - different lock contexts for basic block
drivers/clk/hisilicon/clkgate-separated.c:77:9: warning: context imbalance in 'clkgate_separated_disable' - different lock contexts for basic block
fs/aio.c:582:25: warning: Variable length array is used.
fs/aio.c:582:25: error: cannot size expression
fs/aio.c:587:25: error: cannot size expression
fs/aio.c:778:33: error: cannot size expression
drivers/clk/keystone/gate.c:118:12: warning: context imbalance in 'keystone_clk_enable' - different lock contexts for basic block
drivers/clk/keystone/gate.c:148:9: warning: context imbalance in 'keystone_clk_disable' - different lock contexts for basic block
include/linux/rculist_nulls.h:97:9: warning: Variable length array is used.
include/linux/rculist_nulls.h:97:9: error: cannot size expression
lib/radix-tree.c:382:17: warning: Variable length array is used.
lib/radix-tree.c:382:17: error: cannot size expression
lib/radix-tree.c:428:33: error: cannot size expression
lib/radix-tree.c:431:33: error: cannot size expression
lib/radix-tree.c:447:17: error: cannot size expression
lib/radix-tree.c:451:17: error: cannot size expression
include/linux/rculist.h:54:9: warning: Variable length array is used.
include/linux/rculist.h:54:9: error: cannot size expression
net/netlink/af_netlink.c:2456:17: error: cannot size expression
net/netlink/af_netlink.c:2505:17: error: cannot size expression
net/netlink/af_netlink.c:3035:9: error: cannot size expression
drivers/clk/sirf/clk-common.c:59:16: warning: incorrect type in argument 1 (different address spaces)
drivers/clk/sirf/clk-common.c:59:16:    expected void const volatile [noderef] <asn:2>*addr
drivers/clk/sirf/clk-common.c:59:16:    got void *
drivers/clk/sirf/clk-common.c:59:16: warning: incorrect type in argument 1 (different address spaces)
drivers/clk/sirf/clk-common.c:59:16:    expected void const volatile [noderef] <asn:2>*addr
drivers/clk/sirf/clk-common.c:59:16:    got void *
drivers/clk/sirf/clk-common.c:64:9: warning: incorrect type in argument 2 (different address spaces)
drivers/clk/sirf/clk-common.c:64:9:    expected void volatile [noderef] <asn:2>*addr
drivers/clk/sirf/clk-common.c:64:9:    got void *
drivers/clk/sirf/clk-common.c:59:16: warning: incorrect type in argument 1 (different address spaces)
drivers/clk/sirf/clk-common.c:59:16:    expected void const volatile [noderef] <asn:2>*addr
drivers/clk/sirf/clk-common.c:59:16:    got void *
drivers/clk/sirf/clk-common.c:64:9: warning: incorrect type in argument 2 (different address spaces)
drivers/clk/sirf/clk-common.c:64:9:    expected void volatile [noderef] <asn:2>*addr
drivers/clk/sirf/clk-common.c:64:9:    got void *
drivers/clk/sirf/clk-common.c:59:16: warning: incorrect type in argument 1 (different address spaces)
drivers/clk/sirf/clk-common.c:59:16:    expected void const volatile [noderef] <asn:2>*addr
drivers/clk/sirf/clk-common.c:59:16:    got void *
drivers/clk/sirf/clk-common.c:59:16: warning: incorrect type in argument 1 (different address spaces)
drivers/clk/sirf/clk-common.c:59:16:    expected void const volatile [noderef] <asn:2>*addr
drivers/clk/sirf/clk-common.c:59:16:    got void *
drivers/clk/sirf/clk-common.c:64:9: warning: incorrect type in argument 2 (different address spaces)
drivers/clk/sirf/clk-common.c:64:9:    expected void volatile [noderef] <asn:2>*addr
drivers/clk/sirf/clk-common.c:64:9:    got void *
drivers/clk/sirf/clk-common.c:64:9: warning: incorrect type in argument 2 (different address spaces)
drivers/clk/sirf/clk-common.c:64:9:    expected void volatile [noderef] <asn:2>*addr
drivers/clk/sirf/clk-common.c:64:9:    got void *
drivers/clk/sirf/clk-common.c:59:16: warning: incorrect type in argument 1 (different address spaces)
drivers/clk/sirf/clk-common.c:59:16:    expected void const volatile [noderef] <asn:2>*addr
drivers/clk/sirf/clk-common.c:59:16:    got void *
drivers/clk/sirf/clk-common.c:242:19: warning: incorrect type in argument 1 (different address spaces)
drivers/clk/sirf/clk-common.c:242:19:    expected void const volatile [noderef] <asn:2>*addr
drivers/clk/sirf/clk-common.c:242:19:    got void *
drivers/clk/sirf/clk-common.c:244:9: warning: incorrect type in argument 2 (different address spaces)
drivers/clk/sirf/clk-common.c:244:9:    expected void volatile [noderef] <asn:2>*addr
drivers/clk/sirf/clk-common.c:244:9:    got void *
drivers/clk/sirf/clk-common.c:245:18: warning: incorrect type in argument 1 (different address spaces)
drivers/clk/sirf/clk-common.c:245:18:    expected void const volatile [noderef] <asn:2>*addr
drivers/clk/sirf/clk-common.c:245:18:    got void *
drivers/clk/sirf/clk-common.c:254:19: warning: incorrect type in argument 1 (different address spaces)
drivers/clk/sirf/clk-common.c:254:19:    expected void const volatile [noderef] <asn:2>*addr
drivers/clk/sirf/clk-common.c:254:19:    got void *
drivers/clk/sirf/clk-common.c:256:9: warning: incorrect type in argument 2 (different address spaces)
drivers/clk/sirf/clk-common.c:256:9:    expected void volatile [noderef] <asn:2>*addr
drivers/clk/sirf/clk-common.c:256:9:    got void *
drivers/clk/sirf/clk-common.c:261:19: warning: incorrect type in argument 1 (different address spaces)
drivers/clk/sirf/clk-common.c:261:19:    expected void const volatile [noderef] <asn:2>*addr
drivers/clk/sirf/clk-common.c:261:19:    got void *
drivers/clk/sirf/clk-common.c:59:16: warning: incorrect type in argument 1 (different address spaces)
drivers/clk/sirf/clk-common.c:59:16:    expected void const volatile [noderef] <asn:2>*addr
drivers/clk/sirf/clk-common.c:59:16:    got void *
drivers/clk/sirf/clk-common.c:59:16: warning: incorrect type in argument 1 (different address spaces)
drivers/clk/sirf/clk-common.c:59:16:    expected void const volatile [noderef] <asn:2>*addr
drivers/clk/sirf/clk-common.c:59:16:    got void *
drivers/clk/sirf/clk-common.c:64:9: warning: incorrect type in argument 2 (different address spaces)
drivers/clk/sirf/clk-common.c:64:9:    expected void volatile [noderef] <asn:2>*addr
drivers/clk/sirf/clk-common.c:64:9:    got void *
drivers/clk/sirf/clk-common.c:59:16: warning: incorrect type in argument 1 (different address spaces)
drivers/clk/sirf/clk-common.c:59:16:    expected void const volatile [noderef] <asn:2>*addr
drivers/clk/sirf/clk-common.c:59:16:    got void *
drivers/clk/sirf/clk-common.c:59:16: warning: incorrect type in argument 1 (different address spaces)
drivers/clk/sirf/clk-common.c:59:16:    expected void const volatile [noderef] <asn:2>*addr
drivers/clk/sirf/clk-common.c:59:16:    got void *
drivers/clk/sirf/clk-common.c:59:16: warning: incorrect type in argument 1 (different address spaces)
drivers/clk/sirf/clk-common.c:59:16:    expected void const volatile [noderef] <asn:2>*addr
drivers/clk/sirf/clk-common.c:59:16:    got void *
drivers/clk/sirf/clk-common.c:64:9: warning: incorrect type in argument 2 (different address spaces)
drivers/clk/sirf/clk-common.c:64:9:    expected void volatile [noderef] <asn:2>*addr
drivers/clk/sirf/clk-common.c:64:9:    got void *
drivers/clk/sirf/clk-common.c:59:16: warning: incorrect type in argument 1 (different address spaces)
drivers/clk/sirf/clk-common.c:59:16:    expected void const volatile [noderef] <asn:2>*addr
drivers/clk/sirf/clk-common.c:59:16:    got void *
drivers/clk/sirf/clk-prima2.c:122:27: warning: incorrect type in assignment (different address spaces)
drivers/clk/sirf/clk-prima2.c:122:27:    expected void *static [toplevel] sirfsoc_rsc_vbase
drivers/clk/sirf/clk-prima2.c:122:27:    got void [noderef] <asn:2>*
drivers/clk/sirf/clk-prima2.c:127:27: warning: incorrect type in assignment (different address spaces)
drivers/clk/sirf/clk-prima2.c:127:27:    expected void *static [toplevel] sirfsoc_clk_vbase
drivers/clk/sirf/clk-prima2.c:127:27:    got void [noderef] <asn:2>*
include/linux/rculist_nulls.h:97:9: warning: Variable length array is used.
include/linux/rculist_nulls.h:97:9: error: cannot size expression
drivers/clk/sirf/clk-common.c:59:16: warning: incorrect type in argument 1 (different address spaces)
drivers/clk/sirf/clk-common.c:59:16:    expected void const volatile [noderef] <asn:2>*addr
drivers/clk/sirf/clk-common.c:59:16:    got void *
drivers/clk/sirf/clk-common.c:59:16: warning: incorrect type in argument 1 (different address spaces)
drivers/clk/sirf/clk-common.c:59:16:    expected void const volatile [noderef] <asn:2>*addr
drivers/clk/sirf/clk-common.c:59:16:    got void *
drivers/clk/sirf/clk-common.c:64:9: warning: incorrect type in argument 2 (different address spaces)
drivers/clk/sirf/clk-common.c:64:9:    expected void volatile [noderef] <asn:2>*addr
drivers/clk/sirf/clk-common.c:64:9:    got void *
drivers/clk/sirf/clk-common.c:59:16: warning: incorrect type in argument 1 (different address spaces)
drivers/clk/sirf/clk-common.c:59:16:    expected void const volatile [noderef] <asn:2>*addr
drivers/clk/sirf/clk-common.c:59:16:    got void *
drivers/clk/sirf/clk-common.c:64:9: warning: incorrect type in argument 2 (different address spaces)
drivers/clk/sirf/clk-common.c:64:9:    expected void volatile [noderef] <asn:2>*addr
drivers/clk/sirf/clk-common.c:64:9:    got void *
drivers/clk/sirf/clk-common.c:59:16: warning: incorrect type in argument 1 (different address spaces)
drivers/clk/sirf/clk-common.c:59:16:    expected void const volatile [noderef] <asn:2>*addr
drivers/clk/sirf/clk-common.c:59:16:    got void *
drivers/clk/sirf/clk-common.c:59:16: warning: incorrect type in argument 1 (different address spaces)
drivers/clk/sirf/clk-common.c:59:16:    expected void const volatile [noderef] <asn:2>*addr
drivers/clk/sirf/clk-common.c:59:16:    got void *
drivers/clk/sirf/clk-common.c:64:9: warning: incorrect type in argument 2 (different address spaces)
drivers/clk/sirf/clk-common.c:64:9:    expected void volatile [noderef] <asn:2>*addr
drivers/clk/sirf/clk-common.c:64:9:    got void *
drivers/clk/sirf/clk-common.c:64:9: warning: incorrect type in argument 2 (different address spaces)
drivers/clk/sirf/clk-common.c:64:9:    expected void volatile [noderef] <asn:2>*addr
drivers/clk/sirf/clk-common.c:64:9:    got void *
drivers/clk/sirf/clk-common.c:59:16: warning: incorrect type in argument 1 (different address spaces)
drivers/clk/sirf/clk-common.c:59:16:    expected void const volatile [noderef] <asn:2>*addr
drivers/clk/sirf/clk-common.c:59:16:    got void *
drivers/clk/sirf/clk-common.c:242:19: warning: incorrect type in argument 1 (different address spaces)
drivers/clk/sirf/clk-common.c:242:19:    expected void const volatile [noderef] <asn:2>*addr
drivers/clk/sirf/clk-common.c:242:19:    got void *
drivers/clk/sirf/clk-common.c:244:9: warning: incorrect type in argument 2 (different address spaces)
drivers/clk/sirf/clk-common.c:244:9:    expected void volatile [noderef] <asn:2>*addr
drivers/clk/sirf/clk-common.c:244:9:    got void *
drivers/clk/sirf/clk-common.c:245:18: warning: incorrect type in argument 1 (different address spaces)
drivers/clk/sirf/clk-common.c:245:18:    expected void const volatile [noderef] <asn:2>*addr
drivers/clk/sirf/clk-common.c:245:18:    got void *
drivers/clk/sirf/clk-common.c:254:19: warning: incorrect type in argument 1 (different address spaces)
drivers/clk/sirf/clk-common.c:254:19:    expected void const volatile [noderef] <asn:2>*addr
drivers/clk/sirf/clk-common.c:254:19:    got void *
drivers/clk/sirf/clk-common.c:256:9: warning: incorrect type in argument 2 (different address spaces)
drivers/clk/sirf/clk-common.c:256:9:    expected void volatile [noderef] <asn:2>*addr
drivers/clk/sirf/clk-common.c:256:9:    got void *
drivers/clk/sirf/clk-common.c:261:19: warning: incorrect type in argument 1 (different address spaces)
drivers/clk/sirf/clk-common.c:261:19:    expected void const volatile [noderef] <asn:2>*addr
drivers/clk/sirf/clk-common.c:261:19:    got void *
drivers/clk/sirf/clk-common.c:59:16: warning: incorrect type in argument 1 (different address spaces)
drivers/clk/sirf/clk-common.c:59:16:    expected void const volatile [noderef] <asn:2>*addr
drivers/clk/sirf/clk-common.c:59:16:    got void *
drivers/clk/sirf/clk-common.c:59:16: warning: incorrect type in argument 1 (different address spaces)
drivers/clk/sirf/clk-common.c:59:16:    expected void const volatile [noderef] <asn:2>*addr
drivers/clk/sirf/clk-common.c:59:16:    got void *
drivers/clk/sirf/clk-common.c:64:9: warning: incorrect type in argument 2 (different address spaces)
drivers/clk/sirf/clk-common.c:64:9:    expected void volatile [noderef] <asn:2>*addr
drivers/clk/sirf/clk-common.c:64:9:    got void *
drivers/clk/sirf/clk-common.c:59:16: warning: incorrect type in argument 1 (different address spaces)
drivers/clk/sirf/clk-common.c:59:16:    expected void const volatile [noderef] <asn:2>*addr
drivers/clk/sirf/clk-common.c:59:16:    got void *
drivers/clk/sirf/clk-common.c:59:16: warning: incorrect type in argument 1 (different address spaces)
drivers/clk/sirf/clk-common.c:59:16:    expected void const volatile [noderef] <asn:2>*addr
drivers/clk/sirf/clk-common.c:59:16:    got void *
drivers/clk/sirf/clk-common.c:59:16: warning: incorrect type in argument 1 (different address spaces)
drivers/clk/sirf/clk-common.c:59:16:    expected void const volatile [noderef] <asn:2>*addr
drivers/clk/sirf/clk-common.c:59:16:    got void *
drivers/clk/sirf/clk-common.c:64:9: warning: incorrect type in argument 2 (different address spaces)
drivers/clk/sirf/clk-common.c:64:9:    expected void volatile [noderef] <asn:2>*addr
drivers/clk/sirf/clk-common.c:64:9:    got void *
drivers/clk/sirf/clk-common.c:59:16: warning: incorrect type in argument 1 (different address spaces)
drivers/clk/sirf/clk-common.c:59:16:    expected void const volatile [noderef] <asn:2>*addr
drivers/clk/sirf/clk-common.c:59:16:    got void *
drivers/clk/sirf/clk-atlas6.c:123:27: warning: incorrect type in assignment (different address spaces)
drivers/clk/sirf/clk-atlas6.c:123:27:    expected void *static [toplevel] sirfsoc_rsc_vbase
drivers/clk/sirf/clk-atlas6.c:123:27:    got void [noderef] <asn:2>*
drivers/clk/sirf/clk-atlas6.c:128:27: warning: incorrect type in assignment (different address spaces)
drivers/clk/sirf/clk-atlas6.c:128:27:    expected void *static [toplevel] sirfsoc_clk_vbase
drivers/clk/sirf/clk-atlas6.c:128:27:    got void [noderef] <asn:2>*
fs/nfs/delegation.c:252:9: warning: Variable length array is used.
fs/nfs/delegation.c:252:9: error: cannot size expression
include/linux/rculist.h:54:9: error: cannot size expression
fs/nfs/delegation.c:342:9: error: cannot size expression
include/net/sock.h:1784:9: warning: Variable length array is used.
include/net/sock.h:1784:9: error: cannot size expression
drivers/clk/socfpga/clk.c:337:13: warning: symbol 'socfpga_init_clocks' was not declared. Should it be static?
include/net/sock.h:1784:9: warning: Variable length array is used.
include/net/sock.h:1784:9: error: cannot size expression
drivers/clk/spear/clk-aux-synth.c:80:9: warning: context imbalance in 'clk_aux_recalc_rate' - different lock contexts for basic block
drivers/clk/spear/clk-aux-synth.c:99:12: warning: context imbalance in 'clk_aux_set_rate' - different lock contexts for basic block
drivers/clk/sunxi/clk-sunxi.c:493:13: warning: incorrect type in assignment (different address spaces)
drivers/clk/sunxi/clk-sunxi.c:493:13:    expected void *reg
drivers/clk/sunxi/clk-sunxi.c:493:13:    got void [noderef] <asn:2>*
drivers/clk/sunxi/clk-sunxi.c:522:27: warning: incorrect type in assignment (different address spaces)
drivers/clk/sunxi/clk-sunxi.c:522:27:    expected void [noderef] <asn:2>*reg
drivers/clk/sunxi/clk-sunxi.c:522:27:    got void *reg
drivers/clk/sunxi/clk-sunxi.c:538:26: warning: incorrect type in assignment (different address spaces)
drivers/clk/sunxi/clk-sunxi.c:538:26:    expected void [noderef] <asn:2>*reg
drivers/clk/sunxi/clk-sunxi.c:538:26:    got void *reg
drivers/clk/sunxi/clk-sunxi.c:546:22: warning: incorrect type in assignment (different address spaces)
drivers/clk/sunxi/clk-sunxi.c:546:22:    expected void [noderef] <asn:2>*reg
drivers/clk/sunxi/clk-sunxi.c:546:22:    got void *reg
drivers/clk/sunxi/clk-sunxi.c:598:13: warning: incorrect type in assignment (different address spaces)
drivers/clk/sunxi/clk-sunxi.c:598:13:    expected void *reg
drivers/clk/sunxi/clk-sunxi.c:598:13:    got void [noderef] <asn:2>*
drivers/clk/sunxi/clk-sunxi.c:605:58: warning: incorrect type in argument 6 (different address spaces)
drivers/clk/sunxi/clk-sunxi.c:605:58:    expected void [noderef] <asn:2>*reg
drivers/clk/sunxi/clk-sunxi.c:605:58:    got void *reg
drivers/clk/sunxi/clk-sunxi.c:659:13: warning: incorrect type in assignment (different address spaces)
drivers/clk/sunxi/clk-sunxi.c:659:13:    expected void *reg
drivers/clk/sunxi/clk-sunxi.c:659:13:    got void [noderef] <asn:2>*
drivers/clk/sunxi/clk-sunxi.c:664:36: warning: incorrect type in argument 5 (different address spaces)
drivers/clk/sunxi/clk-sunxi.c:664:36:    expected void [noderef] <asn:2>*reg
drivers/clk/sunxi/clk-sunxi.c:664:36:    got void *reg
drivers/clk/sunxi/clk-sunxi.c:690:29: warning: excessive elements in array initializer
drivers/clk/sunxi/clk-sunxi.c:694:30: warning: excessive elements in array initializer
drivers/clk/sunxi/clk-sunxi.c:698:30: warning: excessive elements in array initializer
drivers/clk/sunxi/clk-sunxi.c:702:30: warning: excessive elements in array initializer
drivers/clk/sunxi/clk-sunxi.c:706:31: warning: excessive elements in array initializer
drivers/clk/sunxi/clk-sunxi.c:761:13: warning: incorrect type in assignment (different address spaces)
drivers/clk/sunxi/clk-sunxi.c:761:13:    expected void *reg
drivers/clk/sunxi/clk-sunxi.c:761:13:    got void [noderef] <asn:2>*
drivers/clk/sunxi/clk-sunxi.c:785:59: warning: incorrect type in argument 5 (different address spaces)
drivers/clk/sunxi/clk-sunxi.c:785:59:    expected void [noderef] <asn:2>*reg
drivers/clk/sunxi/clk-sunxi.c:785:59:    got void *
drivers/clk/sunxi/clk-sunxi.c:872:13: warning: incorrect type in assignment (different address spaces)
drivers/clk/sunxi/clk-sunxi.c:872:13:    expected void *reg
drivers/clk/sunxi/clk-sunxi.c:872:13:    got void [noderef] <asn:2>*
drivers/clk/sunxi/clk-sunxi.c:903:35: warning: incorrect type in assignment (different address spaces)
drivers/clk/sunxi/clk-sunxi.c:903:35:    expected void [noderef] <asn:2>*reg
drivers/clk/sunxi/clk-sunxi.c:903:35:    got void *reg
drivers/clk/sunxi/clk-sunxi.c:928:38: warning: incorrect type in assignment (different address spaces)
drivers/clk/sunxi/clk-sunxi.c:928:38:    expected void [noderef] <asn:2>*reg
drivers/clk/sunxi/clk-sunxi.c:928:38:    got void *reg
drivers/clk/spear/clk-frac-synth.c:83:9: warning: context imbalance in 'clk_frac_recalc_rate' - different lock contexts for basic block
drivers/clk/spear/clk-frac-synth.c:95:12: warning: context imbalance in 'clk_frac_set_rate' - different lock contexts for basic block
drivers/clk/spear/clk-gpt-synth.c:70:9: warning: context imbalance in 'clk_gpt_recalc_rate' - different lock contexts for basic block
drivers/clk/spear/clk-gpt-synth.c:80:12: warning: context imbalance in 'clk_gpt_set_rate' - different lock contexts for basic block
drivers/clk/sunxi/clk-factors.c:80:12: warning: context imbalance in 'clk_factors_set_rate' - different lock contexts for basic block
drivers/clk/spear/clk-vco-pll.c:139:9: warning: context imbalance in 'clk_pll_recalc_rate' - different lock contexts for basic block
drivers/clk/spear/clk-vco-pll.c:144:12: warning: context imbalance in 'clk_pll_set_rate' - different lock contexts for basic block
drivers/clk/spear/clk-vco-pll.c:209:9: warning: context imbalance in 'clk_vco_recalc_rate' - different lock contexts for basic block
drivers/clk/spear/clk-vco-pll.c:230:12: warning: context imbalance in 'clk_vco_set_rate' - different lock contexts for basic block
fs/binfmt_elf.c:153:32: error: incompatible types in comparison expression (different type sizes)
lib/vsprintf.c:694:18: warning: Variable length array is used.
lib/vsprintf.c:697:38: error: cannot size expression
drivers/clk/spear/spear1310_clock.c:386:13: warning: symbol 'spear1310_clk_init' was not declared. Should it be static?
drivers/clk/tegra/clk-divider.c:141:9: warning: context imbalance in 'clk_frac_div_set_rate' - different lock contexts for basic block
net/packet/af_packet.c:373:39: warning: incorrect type in return expression (different modifiers)
net/packet/af_packet.c:373:39:    expected struct page [pure] *
net/packet/af_packet.c:373:39:    got struct page *
net/packet/af_packet.c:374:16: warning: incorrect type in return expression (different modifiers)
net/packet/af_packet.c:374:16:    expected struct page [pure] *
net/packet/af_packet.c:374:16:    got struct page *
net/packet/af_packet.c:2031:54: warning: incorrect type in argument 1 (different modifiers)
net/packet/af_packet.c:2031:54:    expected struct page *<noident>
net/packet/af_packet.c:2031:54:    got struct page [pure] *
net/packet/af_packet.c:298:9: warning: Variable length array is used.
net/packet/af_packet.c:298:9: error: cannot size expression
include/linux/rculist.h:401:9: error: cannot size expression
drivers/clk/tegra/clk-periph.c:133:22: warning: symbol 'tegra_clk_periph_no_gate_ops' was not declared. Should it be static?
drivers/clk/spear/spear1340_clock.c:443:13: warning: symbol 'spear1340_clk_init' was not declared. Should it be static?
drivers/clk/tegra/clk-pll.c:302:12: warning: context imbalance in 'clk_pll_enable' - different lock contexts for basic block
drivers/clk/tegra/clk-pll.c:331:9: warning: context imbalance in 'clk_pll_disable' - different lock contexts for basic block
drivers/clk/tegra/clk-pll.c:600:9: warning: context imbalance in 'clk_pll_set_rate' - different lock contexts for basic block
drivers/clk/tegra/clk-pll.c:847:12: warning: context imbalance in 'clk_pll_iddq_enable' - different lock contexts for basic block
drivers/clk/tegra/clk-pll.c:889:9: warning: context imbalance in 'clk_pll_iddq_disable' - different lock contexts for basic block
drivers/clk/tegra/clk-pll.c:974:9: warning: context imbalance in 'clk_pllxc_set_rate' - different lock contexts for basic block
drivers/clk/tegra/clk-pll.c:1029:9: warning: context imbalance in 'clk_pllm_set_rate' - different lock contexts for basic block
drivers/clk/tegra/clk-pll.c:1045:12: warning: context imbalance in 'clk_pllc_enable' - different lock contexts for basic block
drivers/clk/tegra/clk-pll.c:1096:9: warning: context imbalance in 'clk_pllc_disable' - different lock contexts for basic block
drivers/clk/tegra/clk-pll.c:1176:9: warning: context imbalance in 'clk_pllc_set_rate' - different lock contexts for basic block
drivers/clk/tegra/clk-pll.c:1230:9: warning: context imbalance in 'clk_pllre_set_rate' - different lock contexts for basic block
drivers/clk/tegra/clk-pll.c:1327:9: warning: context imbalance in 'clk_plle_tegra114_enable' - different lock contexts for basic block
drivers/clk/tegra/clk-pll.c:1346:9: warning: context imbalance in 'clk_plle_tegra114_disable' - different lock contexts for basic block
fs/posix_acl.c:64:9: warning: Variable length array is used.
fs/posix_acl.c:64:9: error: cannot size expression
lib/crc32.c:263:12: error: symbol 'crc32_le' redeclared with different type (originally declared at include/linux/crc32.h:11) - different modifiers
lib/crc32.c:268:12: error: symbol '__crc32c_le' redeclared with different type (originally declared at include/linux/crc32.h:34) - different modifiers
lib/crc32.c:274:12: error: symbol 'crc32_le_combine' redeclared with different type (originally declared at include/linux/crc32.h:32) - different modifiers
lib/crc32.c:279:12: error: symbol '__crc32c_le_combine' redeclared with different type (originally declared at include/linux/crc32.h:54) - different modifiers
lib/crc32.c:343:12: error: symbol 'crc32_be' redeclared with different type (originally declared at include/linux/crc32.h:12) - different modifiers
drivers/clk/tegra/clk-pll-out.c:42:12: warning: context imbalance in 'clk_pll_out_enable' - different lock contexts for basic block
drivers/clk/tegra/clk-pll-out.c:80:9: warning: context imbalance in 'clk_pll_out_disable' - different lock contexts for basic block
drivers/clk/tegra/clk-super.c:122:9: warning: context imbalance in 'clk_super_set_parent' - different lock contexts for basic block
fs/coredump.c:46:5: warning: symbol 'core_uses_pid' was not declared. Should it be static?
fs/coredump.c:47:14: warning: symbol 'core_pipe_limit' was not declared. Should it be static?
fs/coredump.c:48:6: warning: symbol 'core_pattern' was not declared. Should it be static?
include/linux/sched.h:2441:37: warning: context imbalance in 'zap_threads' - different lock contexts for basic block
drivers/clk/ti/divider.c:211:12: warning: context imbalance in 'ti_clk_divider_set_rate' - different lock contexts for basic block
net/rfkill/core.c:1146:17: error: incompatible types in comparison expression (different type sizes)
include/net/sock.h:1767:25: warning: Variable length array is used.
include/net/sock.h:1767:25: error: cannot size expression
include/net/sock.h:1784:9: error: cannot size expression
net/ipv4/tcp_ipv4.c:1652:9: warning: Variable length array is used.
net/ipv4/tcp_ipv4.c:1652:9: error: cannot size expression
drivers/clk/tegra/clk-tegra-periph.c:504:9: warning: Using plain integer as NULL pointer
drivers/clk/tegra/clk-tegra-periph.c:505:9: warning: Using plain integer as NULL pointer
drivers/clk/tegra/clk-tegra-periph.c:506:9: warning: Using plain integer as NULL pointer
drivers/clk/tegra/clk-tegra-periph.c:507:9: warning: Using plain integer as NULL pointer
drivers/clk/tegra/clk-tegra-periph.c:508:9: warning: Using plain integer as NULL pointer
drivers/clk/tegra/clk-tegra-periph.c:509:9: warning: Using plain integer as NULL pointer
drivers/clk/tegra/clk-tegra-periph.c:510:9: warning: Using plain integer as NULL pointer
drivers/clk/tegra/clk-tegra-periph.c:511:9: warning: Using plain integer as NULL pointer
drivers/clk/tegra/clk-tegra-periph.c:512:9: warning: Using plain integer as NULL pointer
drivers/clk/tegra/clk-tegra-periph.c:513:9: warning: Using plain integer as NULL pointer
drivers/clk/tegra/clk-tegra-periph.c:514:9: warning: Using plain integer as NULL pointer
drivers/clk/tegra/clk-tegra-periph.c:515:9: warning: Using plain integer as NULL pointer
drivers/clk/tegra/clk-tegra-periph.c:516:9: warning: Using plain integer as NULL pointer
drivers/clk/tegra/clk-tegra-periph.c:517:9: warning: Using plain integer as NULL pointer
drivers/clk/tegra/clk-tegra-periph.c:518:9: warning: Using plain integer as NULL pointer
drivers/clk/tegra/clk-tegra-periph.c:519:9: warning: Using plain integer as NULL pointer
drivers/clk/tegra/clk-tegra-periph.c:520:9: warning: Using plain integer as NULL pointer
drivers/clk/tegra/clk-tegra-periph.c:521:9: warning: Using plain integer as NULL pointer
drivers/clk/tegra/clk-tegra-periph.c:522:9: warning: Using plain integer as NULL pointer
drivers/clk/tegra/clk-tegra-periph.c:523:9: warning: Using plain integer as NULL pointer
drivers/clk/tegra/clk-tegra-periph.c:524:9: warning: Using plain integer as NULL pointer
drivers/clk/tegra/clk-tegra-periph.c:525:9: warning: Using plain integer as NULL pointer
drivers/clk/tegra/clk-tegra-periph.c:526:9: warning: Using plain integer as NULL pointer
drivers/clk/tegra/clk-tegra-periph.c:527:9: warning: Using plain integer as NULL pointer
drivers/clk/tegra/clk-tegra-periph.c:528:9: warning: Using plain integer as NULL pointer
drivers/clk/tegra/clk-tegra-periph.c:529:9: warning: Using plain integer as NULL pointer
drivers/clk/tegra/clk-tegra-periph.c:530:9: warning: Using plain integer as NULL pointer
drivers/clk/tegra/clk-tegra-periph.c:531:9: warning: Using plain integer as NULL pointer
drivers/clk/tegra/clk-tegra-periph.c:532:9: warning: Using plain integer as NULL pointer
drivers/clk/tegra/clk-tegra-periph.c:533:9: warning: Using plain integer as NULL pointer
drivers/clk/tegra/clk-tegra-periph.c:534:9: warning: Using plain integer as NULL pointer
drivers/clk/tegra/clk-tegra-periph.c:535:9: warning: Using plain integer as NULL pointer
drivers/clk/tegra/clk-tegra-periph.c:536:9: warning: Using plain integer as NULL pointer
drivers/clk/tegra/clk-tegra-periph.c:537:9: warning: Using plain integer as NULL pointer
drivers/clk/tegra/clk-tegra-periph.c:538:9: warning: Using plain integer as NULL pointer
drivers/clk/ti/mux.c:67:12: warning: context imbalance in 'ti_clk_mux_set_parent' - different lock contexts for basic block
drivers/clk/ux500/u8500_of_clk.c:32:12: warning: symbol 'ux500_twocell_get' was not declared. Should it be static?
net/ipv4/tcp_minisocks.c:757:9: warning: context imbalance in 'tcp_child_process' - unexpected unlock
net/sched/sch_generic.c:680:9: warning: Variable length array is used.
net/sched/sch_generic.c:680:9: error: cannot size expression
net/sched/sch_generic.c:737:9: error: cannot size expression
net/sched/sch_generic.c:786:17: error: cannot size expression
net/sched/sch_generic.c:894:17: error: cannot size expression
include/linux/rculist.h:54:9: warning: Variable length array is used.
include/linux/rculist.h:54:9: error: cannot size expression
net/ipv4/tcp_metrics.c:196:17: warning: Variable length array is used.
net/ipv4/tcp_metrics.c:196:17: error: cannot size expression
net/sunrpc/clnt.c:281:9: warning: Variable length array is used.
net/sunrpc/clnt.c:281:9: error: cannot size expression
net/ipv4/tcp_fastopen.c:67:9: warning: Variable length array is used.
net/ipv4/tcp_fastopen.c:67:9: error: cannot size expression
include/net/sock.h:1784:9: warning: Variable length array is used.
include/net/sock.h:1784:9: error: cannot size expression
drivers/clk/versatile/clk-sp810.c:159:29: error: incompatible types for operation (<=)
drivers/clk/versatile/clk-sp810.c:159:29:    left side has type char const *<noident>
drivers/clk/versatile/clk-sp810.c:159:29:    right side has type int
drivers/clk/versatile/clk-sp810.c:159:53: error: incompatible types for operation (<=)
drivers/clk/versatile/clk-sp810.c:159:53:    left side has type char const *<noident>
drivers/clk/versatile/clk-sp810.c:159:53:    right side has type int
include/net/sock.h:1784:9: warning: Variable length array is used.
include/net/sock.h:1784:9: error: cannot size expression
include/linux/rculist_nulls.h:97:9: warning: Variable length array is used.
include/linux/rculist_nulls.h:97:9: error: cannot size expression
include/net/sock.h:1784:9: error: cannot size expression
drivers/clocksource/clksrc-of.c:37:27: warning: incorrect type in assignment (different modifiers)
drivers/clocksource/clksrc-of.c:37:27:    expected void ( *[usertype] init_func )( ... )
drivers/clocksource/clksrc-of.c:37:27:    got void const *const data
drivers/cpufreq/cpufreq.c:42:1: warning: symbol 'cpufreq_governor_lock' was not declared. Should it be static?
drivers/cpufreq/cpufreq.c:355:9: warning: symbol 'show_boost' was not declared. Should it be static?
net/ipv4/udp_offload.c:112:9: warning: Variable length array is used.
net/ipv4/udp_offload.c:112:9: error: cannot size expression
net/ipv4/udp_offload.c:113:9: error: cannot size expression
net/ipv4/udp_offload.c:138:25: error: cannot size expression
net/ipv4/icmp.c:331:13: warning: context imbalance in 'icmp_reply' - different lock contexts for basic block
net/ipv4/icmp.c:484:6: warning: context imbalance in 'icmp_send' - different lock contexts for basic block
include/linux/rculist.h:401:9: warning: Variable length array is used.
include/linux/rculist.h:401:9: error: cannot size expression
net/ipv4/devinet.c:264:9: error: cannot size expression
include/net/sock.h:1784:9: warning: Variable length array is used.
include/net/sock.h:1784:9: error: cannot size expression
include/linux/rculist.h:54:9: error: cannot size expression
drivers/cpufreq/freq_table.c:274:1: warning: symbol 'cpufreq_freq_attr_scaling_boost_freqs' was not declared. Should it be static?
net/ipv4/igmp.c:1263:17: warning: Variable length array is used.
net/ipv4/igmp.c:1263:17: error: cannot size expression
net/ipv4/igmp.c:1282:9: error: cannot size expression
net/ipv4/igmp.c:1338:9: error: cannot size expression
net/ipv4/igmp.c:1909:9: error: cannot size expression
net/ipv4/igmp.c:2097:17: error: cannot size expression
net/ipv4/igmp.c:2200:9: error: cannot size expression
include/linux/rculist.h:401:9: warning: Variable length array is used.
include/linux/rculist.h:401:9: error: cannot size expression
net/ipv4/fib_trie.c:520:9: warning: Variable length array is used.
net/ipv4/fib_trie.c:520:9: error: cannot size expression
include/linux/rculist.h:401:9: error: cannot size expression
include/linux/rculist.h:456:9: error: cannot size expression
include/linux/rculist.h:429:9: error: cannot size expression
net/ipv4/fib_trie.c:1001:25: error: cannot size expression
net/ipv4/fib_trie.c:1013:9: error: cannot size expression
net/ipv4/fib_trie.c:1145:25: error: cannot size expression
include/linux/rculist.h:176:9: error: cannot size expression
include/linux/rculist.h:54:9: error: cannot size expression
include/net/sock.h:1784:9: warning: Variable length array is used.
include/net/sock.h:1784:9: error: cannot size expression
drivers/clocksource/tegra20_timer.c:249:6: warning: symbol 'tegra_timer_suspend' was not declared. Should it be static?
drivers/clocksource/tegra20_timer.c:254:6: warning: symbol 'tegra_timer_resume' was not declared. Should it be static?
drivers/clocksource/bcm_kona_timer.c:143:38: warning: incorrect type in argument 1 (different address spaces)
drivers/clocksource/bcm_kona_timer.c:143:38:    expected void *timer_base
drivers/clocksource/bcm_kona_timer.c:143:38:    got void [noderef] <asn:2>*static [toplevel] [assigned] tmr_regs
net/unix/af_unix.c:943:13: warning: context imbalance in 'unix_state_double_lock' - wrong count at exit
include/linux/spinlock_api_smp.h:151:27: warning: context imbalance in 'unix_state_double_unlock' - unexpected unlock
net/unix/af_unix.c:1051:54: warning: context imbalance in 'unix_wait_for_peer' - unexpected unlock
net/unix/af_unix.c:1230:9: warning: context imbalance in 'unix_stream_connect' - different lock contexts for basic block
net/unix/af_unix.c:1612:9: warning: context imbalance in 'unix_dgram_sendmsg' - different lock contexts for basic block
net/ipv4/xfrm4_mode_tunnel.c:43:9: warning: Variable length array is used.
net/ipv4/xfrm4_mode_tunnel.c:43:9: error: cannot size expression
net/ipv4/ipconfig.c:139:8: warning: symbol 'ic_addrservaddr' was not declared. Should it be static?
net/ipv4/ipconfig.c:146:8: warning: symbol 'ic_dev_xid' was not declared. Should it be static?
include/linux/rculist.h:401:9: warning: Variable length array is used.
include/linux/rculist.h:401:9: error: cannot size expression
drivers/cpuidle/cpuidle.c:27:1: warning: symbol 'cpuidle_dev' was not declared. Should it be static?
drivers/crypto/tegra-aes.c:455:26: warning: incorrect type in argument 1 (different address spaces)
drivers/crypto/tegra-aes.c:455:26:    expected void *<noident>
drivers/crypto/tegra-aes.c:455:26:    got void [noderef] <asn:2>*ivkey_base
drivers/crypto/tegra-aes.c:456:17: warning: incorrect type in initializer (different address spaces)
drivers/crypto/tegra-aes.c:456:17:    expected void *__p
drivers/crypto/tegra-aes.c:456:17:    got void [noderef] <asn:2>*
drivers/crypto/tegra-aes.c:752:18: warning: incorrect type in argument 1 (different address spaces)
drivers/crypto/tegra-aes.c:752:18:    expected void *<noident>
drivers/crypto/tegra-aes.c:752:18:    got void [noderef] <asn:2>*ivkey_base
drivers/crypto/tegra-aes.c:753:9: warning: incorrect type in initializer (different address spaces)
drivers/crypto/tegra-aes.c:753:9:    expected void *__p
drivers/crypto/tegra-aes.c:753:9:    got void [noderef] <asn:2>*
drivers/crypto/tegra-aes.c:938:24: warning: incorrect type in assignment (different address spaces)
drivers/crypto/tegra-aes.c:938:24:    expected void [noderef] <asn:2>*ivkey_base
drivers/crypto/tegra-aes.c:938:24:    got void *
drivers/crypto/tegra-aes.c:1021:17: warning: incorrect type in argument 3 (different address spaces)
drivers/crypto/tegra-aes.c:1021:17:    expected void *cpu_addr
drivers/crypto/tegra-aes.c:1021:17:    got void [noderef] <asn:2>*ivkey_base
drivers/crypto/tegra-aes.c:1056:9: warning: incorrect type in argument 3 (different address spaces)
drivers/crypto/tegra-aes.c:1056:9:    expected void *cpu_addr
drivers/crypto/tegra-aes.c:1056:9:    got void [noderef] <asn:2>*ivkey_base
net/xfrm/xfrm_policy.c:2719:17: warning: Variable length array is used.
net/xfrm/xfrm_policy.c:2719:17: error: cannot size expression
include/linux/rculist.h:54:9: warning: Variable length array is used.
include/linux/rculist.h:54:9: error: cannot size expression
net/xfrm/xfrm_state.c:1868:17: error: cannot size expression
include/linux/rculist.h:54:9: warning: Variable length array is used.
include/linux/rculist.h:54:9: error: cannot size expression
drivers/dma/virt-dma.c:22:14: warning: symbol 'vchan_tx_submit' was not declared. Should it be static?
include/linux/rculist.h:54:9: warning: Variable length array is used.
include/linux/rculist.h:54:9: error: cannot size expression
include/linux/rculist.h:54:9: warning: Variable length array is used.
include/linux/rculist.h:54:9: error: cannot size expression
drivers/edac/edac_mc_sysfs.c:308:1: warning: symbol 'dev_attr_legacy_ch0_dimm_label' was not declared. Should it be static?
drivers/edac/edac_mc_sysfs.c:310:1: warning: symbol 'dev_attr_legacy_ch1_dimm_label' was not declared. Should it be static?
drivers/edac/edac_mc_sysfs.c:312:1: warning: symbol 'dev_attr_legacy_ch2_dimm_label' was not declared. Should it be static?
drivers/edac/edac_mc_sysfs.c:314:1: warning: symbol 'dev_attr_legacy_ch3_dimm_label' was not declared. Should it be static?
drivers/edac/edac_mc_sysfs.c:316:1: warning: symbol 'dev_attr_legacy_ch4_dimm_label' was not declared. Should it be static?
drivers/edac/edac_mc_sysfs.c:318:1: warning: symbol 'dev_attr_legacy_ch5_dimm_label' was not declared. Should it be static?
drivers/edac/edac_mc_sysfs.c:332:1: warning: symbol 'dev_attr_legacy_ch0_ce_count' was not declared. Should it be static?
drivers/edac/edac_mc_sysfs.c:334:1: warning: symbol 'dev_attr_legacy_ch1_ce_count' was not declared. Should it be static?
drivers/edac/edac_mc_sysfs.c:336:1: warning: symbol 'dev_attr_legacy_ch2_ce_count' was not declared. Should it be static?
drivers/edac/edac_mc_sysfs.c:338:1: warning: symbol 'dev_attr_legacy_ch3_ce_count' was not declared. Should it be static?
drivers/edac/edac_mc_sysfs.c:340:1: warning: symbol 'dev_attr_legacy_ch4_ce_count' was not declared. Should it be static?
drivers/edac/edac_mc_sysfs.c:342:1: warning: symbol 'dev_attr_legacy_ch5_ce_count' was not declared. Should it be static?
drivers/edac/edac_mc_sysfs.c:849:1: warning: symbol 'dev_attr_reset_counters' was not declared. Should it be static?
drivers/edac/edac_mc_sysfs.c:852:1: warning: symbol 'dev_attr_mc_name' was not declared. Should it be static?
drivers/edac/edac_mc_sysfs.c:853:1: warning: symbol 'dev_attr_size_mb' was not declared. Should it be static?
drivers/edac/edac_mc_sysfs.c:854:1: warning: symbol 'dev_attr_seconds_since_reset' was not declared. Should it be static?
drivers/edac/edac_mc_sysfs.c:855:1: warning: symbol 'dev_attr_ue_noinfo_count' was not declared. Should it be static?
drivers/edac/edac_mc_sysfs.c:856:1: warning: symbol 'dev_attr_ce_noinfo_count' was not declared. Should it be static?
drivers/edac/edac_mc_sysfs.c:857:1: warning: symbol 'dev_attr_ue_count' was not declared. Should it be static?
drivers/edac/edac_mc_sysfs.c:858:1: warning: symbol 'dev_attr_ce_count' was not declared. Should it be static?
drivers/edac/edac_mc_sysfs.c:859:1: warning: symbol 'dev_attr_max_location' was not declared. Should it be static?
drivers/edac/edac_mc_sysfs.c:862:1: warning: symbol 'dev_attr_sdram_scrub_rate' was not declared. Should it be static?
net/sunrpc/svc_xprt.c:574:5: warning: symbol 'svc_alloc_arg' was not declared. Should it be static?
net/sunrpc/svc_xprt.c:615:17: warning: symbol 'svc_get_next_xprt' was not declared. Should it be static?
net/sunrpc/svc_xprt.c:694:6: warning: symbol 'svc_add_new_temp_xprt' was not declared. Should it be static?
net/sunrpc/sysctl.c:28:17: warning: symbol 'rpc_debug' was not declared. Should it be static?
net/sunrpc/sysctl.c:31:17: warning: symbol 'nfs_debug' was not declared. Should it be static?
net/sunrpc/sysctl.c:34:17: warning: symbol 'nfsd_debug' was not declared. Should it be static?
net/sunrpc/sysctl.c:37:17: warning: symbol 'nlm_debug' was not declared. Should it be static?
net/sunrpc/auth_gss/auth_gss.c:143:9: warning: Variable length array is used.
net/sunrpc/auth_gss/auth_gss.c:143:9: error: cannot size expression
include/linux/rculist.h:54:9: warning: Variable length array is used.
include/linux/rculist.h:54:9: error: cannot size expression
drivers/edac/highbank_mc_edac.c:228:47: warning: cast truncates bits from constant value (10000000000000 becomes 0)
drivers/gpu/drm/drm_bufs.c:217:45: warning: incorrect type in assignment (different address spaces)
drivers/gpu/drm/drm_bufs.c:217:45:    expected void *handle
drivers/gpu/drm/drm_bufs.c:217:45:    got void [noderef] <asn:2>*
drivers/gpu/drm/drm_bufs.c:220:45: warning: incorrect type in assignment (different address spaces)
drivers/gpu/drm/drm_bufs.c:220:45:    expected void *handle
drivers/gpu/drm/drm_bufs.c:220:45:    got void [noderef] <asn:2>*
drivers/gpu/drm/drm_bufs.c:335:36: warning: incorrect type in argument 1 (different address spaces)
drivers/gpu/drm/drm_bufs.c:335:36:    expected void volatile [noderef] <asn:2>*addr
drivers/gpu/drm/drm_bufs.c:335:36:    got void *handle
drivers/gpu/drm/drm_bufs.c:352:36: warning: incorrect type in argument 1 (different address spaces)
drivers/gpu/drm/drm_bufs.c:352:36:    expected void volatile [noderef] <asn:2>*addr
drivers/gpu/drm/drm_bufs.c:352:36:    got void *handle
drivers/gpu/drm/drm_bufs.c:459:28: warning: incorrect type in argument 1 (different address spaces)
drivers/gpu/drm/drm_bufs.c:459:28:    expected void volatile [noderef] <asn:2>*addr
drivers/gpu/drm/drm_bufs.c:459:28:    got void *handle
drivers/i2c/i2c-core.c:2088:36: warning: dubious: x | !y
drivers/gpu/host1x/job.c:513:9: warning: Variable length array is used.
drivers/dma/edma.c:899:6: warning: symbol 'edma_filter_fn' was not declared. Should it be static?
drivers/dma/ste_dma40.c:1466:28: warning: incorrect type in argument 1 (different address spaces)
drivers/dma/ste_dma40.c:1466:28:    expected void const volatile [noderef] <asn:2>*addr
drivers/dma/ste_dma40.c:1466:28:    got unsigned int *<noident>
drivers/dma/ste_dma40.c:1482:27: warning: incorrect type in argument 1 (different address spaces)
drivers/dma/ste_dma40.c:1482:27:    expected void const volatile [noderef] <asn:2>*addr
drivers/dma/ste_dma40.c:1482:27:    got unsigned int *<noident>
drivers/dma/ste_dma40.c:1714:32: warning: Variable length array is used.
drivers/dma/ste_dma40.c:3603:25: warning: incorrect type in assignment (different address spaces)
drivers/dma/ste_dma40.c:3603:25:    expected void *lcpa_base
drivers/dma/ste_dma40.c:3603:25:    got void [noderef] <asn:2>*
drivers/dma/ste_dma40.c:3619:38: warning: incorrect type in assignment (different address spaces)
drivers/dma/ste_dma40.c:3619:38:    expected void *base
drivers/dma/ste_dma40.c:3619:38:    got void [noderef] <asn:2>*
drivers/dma/ste_dma40.c:3704:48: warning: incorrect type in argument 1 (different address spaces)
drivers/dma/ste_dma40.c:3704:48:    expected void volatile [noderef] <asn:2>*addr
drivers/dma/ste_dma40.c:3704:48:    got void *base
drivers/input/input.c:526:9: warning: Variable length array is used.
drivers/input/input.c:526:9: error: cannot size expression
drivers/input/input.c:542:17: error: cannot size expression
include/linux/rculist.h:54:9: error: cannot size expression
drivers/iio/industrialio-event.c:65:26: warning: cast to non-scalar
drivers/iio/industrialio-event.c:65:26: warning: cast from non-scalar
drivers/dma/ste_dma40_ll.c:13:4: warning: symbol 'd40_width_to_bits' was not declared. Should it be static?
drivers/dma/ste_dma40_ll.c:342:9: warning: incorrect type in argument 2 (different address spaces)
drivers/dma/ste_dma40_ll.c:342:9:    expected void volatile [noderef] <asn:2>*addr
drivers/dma/ste_dma40_ll.c:342:9:    got unsigned int *<noident>
drivers/dma/ste_dma40_ll.c:343:9: warning: incorrect type in argument 2 (different address spaces)
drivers/dma/ste_dma40_ll.c:343:9:    expected void volatile [noderef] <asn:2>*addr
drivers/dma/ste_dma40_ll.c:343:9:    got unsigned int *<noident>
drivers/dma/ste_dma40_ll.c:344:9: warning: incorrect type in argument 2 (different address spaces)
drivers/dma/ste_dma40_ll.c:344:9:    expected void volatile [noderef] <asn:2>*addr
drivers/dma/ste_dma40_ll.c:344:9:    got unsigned int *<noident>
drivers/dma/ste_dma40_ll.c:345:9: warning: incorrect type in argument 2 (different address spaces)
drivers/dma/ste_dma40_ll.c:345:9:    expected void volatile [noderef] <asn:2>*addr
drivers/dma/ste_dma40_ll.c:345:9:    got unsigned int *<noident>
drivers/dma/ste_dma40_ll.c:355:9: warning: incorrect type in argument 2 (different address spaces)
drivers/dma/ste_dma40_ll.c:355:9:    expected void volatile [noderef] <asn:2>*addr
drivers/dma/ste_dma40_ll.c:355:9:    got unsigned int *<noident>
drivers/dma/ste_dma40_ll.c:356:9: warning: incorrect type in argument 2 (different address spaces)
drivers/dma/ste_dma40_ll.c:356:9:    expected void volatile [noderef] <asn:2>*addr
drivers/dma/ste_dma40_ll.c:356:9:    got unsigned int *<noident>
drivers/dma/ste_dma40_ll.c:357:9: warning: incorrect type in argument 2 (different address spaces)
drivers/dma/ste_dma40_ll.c:357:9:    expected void volatile [noderef] <asn:2>*addr
drivers/dma/ste_dma40_ll.c:357:9:    got unsigned int *<noident>
drivers/dma/ste_dma40_ll.c:358:9: warning: incorrect type in argument 2 (different address spaces)
drivers/dma/ste_dma40_ll.c:358:9:    expected void volatile [noderef] <asn:2>*addr
drivers/dma/ste_dma40_ll.c:358:9:    got unsigned int *<noident>
drivers/dma/tegra20-apb-dma.c:365:9: warning: context imbalance in 'tegra_dma_global_pause' - wrong count at exit
drivers/dma/tegra20-apb-dma.c:234:9: warning: context imbalance in 'tegra_dma_global_resume' - unexpected unlock
drivers/gpu/drm/drm_drv.c:64:9: error: bad integer constant expression
drivers/gpu/drm/drm_drv.c:65:9: error: bad integer constant expression
drivers/gpu/drm/drm_drv.c:66:9: error: bad integer constant expression
drivers/gpu/drm/drm_drv.c:67:9: error: bad integer constant expression
drivers/gpu/drm/drm_drv.c:68:9: error: bad integer constant expression
drivers/gpu/drm/drm_drv.c:69:9: error: bad integer constant expression
drivers/gpu/drm/drm_drv.c:70:9: error: bad integer constant expression
drivers/gpu/drm/drm_drv.c:71:9: error: bad integer constant expression
drivers/gpu/drm/drm_drv.c:72:9: error: bad integer constant expression
drivers/gpu/drm/drm_drv.c:73:9: error: bad integer constant expression
drivers/gpu/drm/drm_drv.c:75:9: error: bad integer constant expression
drivers/gpu/drm/drm_drv.c:76:9: error: bad integer constant expression
drivers/gpu/drm/drm_drv.c:77:9: error: bad integer constant expression
drivers/gpu/drm/drm_drv.c:78:9: error: bad integer constant expression
drivers/gpu/drm/drm_drv.c:80:9: error: bad integer constant expression
drivers/gpu/drm/drm_drv.c:81:9: error: bad integer constant expression
drivers/gpu/drm/drm_drv.c:83:9: error: bad integer constant expression
drivers/gpu/drm/drm_drv.c:84:9: error: bad integer constant expression
drivers/gpu/drm/drm_drv.c:89:9: error: bad integer constant expression
drivers/gpu/drm/drm_drv.c:90:9: error: bad integer constant expression
drivers/gpu/drm/drm_drv.c:91:9: error: bad integer constant expression
drivers/gpu/drm/drm_drv.c:92:9: error: bad integer constant expression
drivers/gpu/drm/drm_drv.c:93:9: error: bad integer constant expression
drivers/gpu/drm/drm_drv.c:94:9: error: bad integer constant expression
drivers/gpu/drm/drm_drv.c:95:9: error: bad integer constant expression
drivers/gpu/drm/drm_drv.c:97:9: error: bad integer constant expression
drivers/gpu/drm/drm_drv.c:98:9: error: bad integer constant expression
drivers/gpu/drm/drm_drv.c:100:9: error: bad integer constant expression
drivers/gpu/drm/drm_drv.c:101:9: error: bad integer constant expression
drivers/gpu/drm/drm_drv.c:103:9: error: bad integer constant expression
drivers/gpu/drm/drm_drv.c:105:9: error: bad integer constant expression
drivers/gpu/drm/drm_drv.c:106:9: error: bad integer constant expression
drivers/gpu/drm/drm_drv.c:107:9: error: bad integer constant expression
drivers/gpu/drm/drm_drv.c:108:9: error: bad integer constant expression
drivers/gpu/drm/drm_drv.c:109:9: error: bad integer constant expression
drivers/gpu/drm/drm_drv.c:110:9: error: bad integer constant expression
drivers/gpu/drm/drm_drv.c:112:9: error: bad integer constant expression
drivers/gpu/drm/drm_drv.c:125:9: error: bad integer constant expression
drivers/gpu/drm/drm_drv.c:126:9: error: bad integer constant expression
drivers/gpu/drm/drm_drv.c:128:9: error: bad integer constant expression
drivers/gpu/drm/drm_drv.c:130:9: error: bad integer constant expression
drivers/gpu/drm/drm_drv.c:132:9: error: bad integer constant expression
drivers/gpu/drm/drm_drv.c:134:9: error: bad integer constant expression
drivers/gpu/drm/drm_drv.c:135:9: error: bad integer constant expression
drivers/gpu/drm/drm_drv.c:136:9: error: bad integer constant expression
drivers/gpu/drm/drm_drv.c:138:9: error: bad integer constant expression
drivers/gpu/drm/drm_drv.c:140:9: error: bad integer constant expression
drivers/gpu/drm/drm_drv.c:141:9: error: bad integer constant expression
drivers/gpu/drm/drm_drv.c:143:9: error: bad integer constant expression
drivers/gpu/drm/drm_drv.c:144:9: error: bad integer constant expression
drivers/gpu/drm/drm_drv.c:145:9: error: bad integer constant expression
drivers/gpu/drm/drm_drv.c:146:9: error: bad integer constant expression
drivers/gpu/drm/drm_drv.c:147:9: error: bad integer constant expression
drivers/gpu/drm/drm_drv.c:148:9: error: bad integer constant expression
drivers/gpu/drm/drm_drv.c:149:9: error: bad integer constant expression
drivers/gpu/drm/drm_drv.c:150:9: error: bad integer constant expression
drivers/gpu/drm/drm_drv.c:151:9: error: bad integer constant expression
drivers/gpu/drm/drm_drv.c:152:9: error: bad integer constant expression
drivers/gpu/drm/drm_drv.c:153:9: error: bad integer constant expression
drivers/gpu/drm/drm_drv.c:154:9: error: bad integer constant expression
drivers/gpu/drm/drm_drv.c:155:9: error: bad integer constant expression
drivers/gpu/drm/drm_drv.c:156:9: error: bad integer constant expression
drivers/gpu/drm/drm_drv.c:157:9: error: bad integer constant expression
drivers/gpu/drm/drm_drv.c:158:9: error: bad integer constant expression
drivers/gpu/drm/drm_drv.c:159:9: error: bad integer constant expression
drivers/gpu/drm/drm_drv.c:160:9: error: bad integer constant expression
drivers/gpu/drm/drm_drv.c:161:9: error: bad integer constant expression
drivers/gpu/drm/drm_drv.c:162:9: error: bad integer constant expression
drivers/gpu/drm/drm_drv.c:163:9: error: bad integer constant expression
drivers/gpu/drm/drm_drv.c:164:9: error: bad integer constant expression
drivers/gpu/drm/drm_drv.c:165:9: error: bad integer constant expression
drivers/gpu/drm/drm_drv.c:166:9: error: bad integer constant expression
drivers/gpu/drm/drm_drv.c:167:9: error: bad integer constant expression
drivers/gpu/drm/drm_drv.c:168:9: error: bad integer constant expression
drivers/gpu/drm/drm_drv.c:169:9: error: bad integer constant expression
include/linux/rculist.h:54:9: warning: Variable length array is used.
include/linux/rculist.h:54:9: error: cannot size expression
drivers/input/evdev.c:281:9: warning: Variable length array is used.
drivers/input/evdev.c:281:9: error: cannot size expression
drivers/input/evdev.c:294:9: error: cannot size expression
include/linux/rculist.h:54:9: error: cannot size expression
drivers/input/mouse/lifebook.h:22:12: warning: symbol 'lifebook_detect' was not declared. Should it be static?
drivers/input/mouse/sentelic.h:126:12: warning: symbol 'fsp_detect' was not declared. Should it be static?
drivers/input/keyboard/cros_ec_keyb.c:204:31: warning: Variable length array is used.
drivers/input/keyboard/cros_ec_keyb.c:285:32: warning: Variable length array is used.
drivers/input/keyboard/cros_ec_keyb.c:286:32: warning: Variable length array is used.
drivers/input/keyboard/cros_ec_keyb.c:299:46: error: cannot size expression
drivers/input/keyboard/cros_ec_keyb.c:301:55: error: cannot size expression
drivers/irqchip/irqchip.c:27:13: warning: symbol 'irqchip_init' was not declared. Should it be static?
drivers/irqchip/irq-armada-370-xp.c:316:6: warning: symbol 'armada_mpic_send_doorbell' was not declared. Should it be static?
drivers/irqchip/irq-armada-370-xp.c:336:6: warning: symbol 'armada_xp_mpic_smp_cpu_init' was not declared. Should it be static?
drivers/iommu/tegra-smmu.c:1186:43: warning: cast removes address space of expression
drivers/irqchip/irq-gic.c:53:23: warning: duplicate [noderef] 
drivers/irqchip/irq-gic.c:651:6: warning: symbol 'gic_raise_softirq' was not declared. Should it be static?
drivers/irqchip/irq-gic.c:872:29: warning: symbol 'gic_irq_domain_ops' was not declared. Should it be static?
drivers/irqchip/irq-gic.c:977:12: warning: symbol 'gic_of_init' was not declared. Should it be static?
drivers/irqchip/irq-sirfsoc.c:52:47: warning: incorrect type in initializer (different address spaces)
drivers/irqchip/irq-sirfsoc.c:52:47:    expected void [noderef] <asn:2>*base
drivers/irqchip/irq-sirfsoc.c:52:47:    got void *host_data
drivers/irqchip/irq-sirfsoc.c:68:40: warning: incorrect type in argument 4 (different address spaces)
drivers/irqchip/irq-sirfsoc.c:68:40:    expected void *host_data
drivers/irqchip/irq-sirfsoc.c:68:40:    got void [noderef] <asn:2>*base
drivers/irqchip/irq-sirfsoc.c:96:47: warning: incorrect type in initializer (different address spaces)
drivers/irqchip/irq-sirfsoc.c:96:47:    expected void [noderef] <asn:2>*base
drivers/irqchip/irq-sirfsoc.c:96:47:    got void *host_data
drivers/irqchip/irq-sirfsoc.c:108:47: warning: incorrect type in initializer (different address spaces)
drivers/irqchip/irq-sirfsoc.c:108:47:    expected void [noderef] <asn:2>*base
drivers/irqchip/irq-sirfsoc.c:108:47:    got void *host_data
drivers/media/v4l2-core/v4l2-ioctl.c:1982:9: error: bad integer constant expression
drivers/media/v4l2-core/v4l2-ioctl.c:1983:9: error: bad integer constant expression
drivers/media/v4l2-core/v4l2-ioctl.c:1984:9: error: bad integer constant expression
drivers/media/v4l2-core/v4l2-ioctl.c:1985:9: error: bad integer constant expression
drivers/media/v4l2-core/v4l2-ioctl.c:1986:9: error: bad integer constant expression
drivers/media/v4l2-core/v4l2-ioctl.c:1987:9: error: bad integer constant expression
drivers/media/v4l2-core/v4l2-ioctl.c:1988:9: error: bad integer constant expression
drivers/media/v4l2-core/v4l2-ioctl.c:1989:9: error: bad integer constant expression
drivers/media/v4l2-core/v4l2-ioctl.c:1990:9: error: bad integer constant expression
drivers/media/v4l2-core/v4l2-ioctl.c:1991:9: error: bad integer constant expression
drivers/media/v4l2-core/v4l2-ioctl.c:1992:9: error: bad integer constant expression
drivers/media/v4l2-core/v4l2-ioctl.c:1993:9: error: bad integer constant expression
drivers/media/v4l2-core/v4l2-ioctl.c:1994:9: error: bad integer constant expression
drivers/media/v4l2-core/v4l2-ioctl.c:1995:9: error: bad integer constant expression
drivers/media/v4l2-core/v4l2-ioctl.c:1996:9: error: bad integer constant expression
drivers/media/v4l2-core/v4l2-ioctl.c:1997:9: error: bad integer constant expression
drivers/media/v4l2-core/v4l2-ioctl.c:1998:9: error: bad integer constant expression
drivers/media/v4l2-core/v4l2-ioctl.c:1999:9: error: bad integer constant expression
drivers/media/v4l2-core/v4l2-ioctl.c:2000:9: error: bad integer constant expression
drivers/media/v4l2-core/v4l2-ioctl.c:2001:9: error: bad integer constant expression
drivers/media/v4l2-core/v4l2-ioctl.c:2002:9: error: bad integer constant expression
drivers/media/v4l2-core/v4l2-ioctl.c:2003:9: error: bad integer constant expression
drivers/media/v4l2-core/v4l2-ioctl.c:2004:9: error: bad integer constant expression
drivers/media/v4l2-core/v4l2-ioctl.c:2005:9: error: bad integer constant expression
drivers/media/v4l2-core/v4l2-ioctl.c:2006:9: error: bad integer constant expression
drivers/media/v4l2-core/v4l2-ioctl.c:2007:9: error: bad integer constant expression
drivers/media/v4l2-core/v4l2-ioctl.c:2008:9: error: bad integer constant expression
drivers/media/v4l2-core/v4l2-ioctl.c:2009:9: error: bad integer constant expression
drivers/media/v4l2-core/v4l2-ioctl.c:2010:9: error: bad integer constant expression
drivers/media/v4l2-core/v4l2-ioctl.c:2011:9: error: bad integer constant expression
drivers/media/v4l2-core/v4l2-ioctl.c:2012:9: error: bad integer constant expression
drivers/media/v4l2-core/v4l2-ioctl.c:2013:9: error: bad integer constant expression
drivers/media/v4l2-core/v4l2-ioctl.c:2014:9: error: bad integer constant expression
drivers/media/v4l2-core/v4l2-ioctl.c:2015:9: error: bad integer constant expression
drivers/media/v4l2-core/v4l2-ioctl.c:2016:9: error: bad integer constant expression
drivers/media/v4l2-core/v4l2-ioctl.c:2017:9: error: bad integer constant expression
drivers/media/v4l2-core/v4l2-ioctl.c:2018:9: error: bad integer constant expression
drivers/media/v4l2-core/v4l2-ioctl.c:2019:9: error: bad integer constant expression
drivers/media/v4l2-core/v4l2-ioctl.c:2020:9: error: bad integer constant expression
drivers/media/v4l2-core/v4l2-ioctl.c:2021:9: error: bad integer constant expression
drivers/media/v4l2-core/v4l2-ioctl.c:2022:9: error: bad integer constant expression
drivers/media/v4l2-core/v4l2-ioctl.c:2023:9: error: bad integer constant expression
drivers/media/v4l2-core/v4l2-ioctl.c:2024:9: error: bad integer constant expression
drivers/media/v4l2-core/v4l2-ioctl.c:2025:9: error: bad integer constant expression
drivers/media/v4l2-core/v4l2-ioctl.c:2026:9: error: bad integer constant expression
drivers/media/v4l2-core/v4l2-ioctl.c:2027:9: error: bad integer constant expression
drivers/media/v4l2-core/v4l2-ioctl.c:2028:9: error: bad integer constant expression
drivers/media/v4l2-core/v4l2-ioctl.c:2029:9: error: bad integer constant expression
drivers/media/v4l2-core/v4l2-ioctl.c:2030:9: error: bad integer constant expression
drivers/media/v4l2-core/v4l2-ioctl.c:2031:9: error: bad integer constant expression
drivers/media/v4l2-core/v4l2-ioctl.c:2032:9: error: bad integer constant expression
drivers/media/v4l2-core/v4l2-ioctl.c:2033:9: error: bad integer constant expression
drivers/media/v4l2-core/v4l2-ioctl.c:2034:9: error: bad integer constant expression
drivers/media/v4l2-core/v4l2-ioctl.c:2036:9: error: bad integer constant expression
drivers/media/v4l2-core/v4l2-ioctl.c:2037:9: error: bad integer constant expression
drivers/media/v4l2-core/v4l2-ioctl.c:2038:9: error: bad integer constant expression
drivers/media/v4l2-core/v4l2-ioctl.c:2039:9: error: bad integer constant expression
drivers/media/v4l2-core/v4l2-ioctl.c:2040:9: error: bad integer constant expression
drivers/media/v4l2-core/v4l2-ioctl.c:2041:9: error: bad integer constant expression
drivers/media/v4l2-core/v4l2-ioctl.c:2042:9: error: bad integer constant expression
drivers/media/v4l2-core/v4l2-ioctl.c:2043:9: error: bad integer constant expression
drivers/media/v4l2-core/v4l2-ioctl.c:2044:9: error: bad integer constant expression
drivers/media/v4l2-core/v4l2-ioctl.c:2045:9: error: bad integer constant expression
drivers/media/v4l2-core/v4l2-ioctl.c:2046:9: error: bad integer constant expression
drivers/media/v4l2-core/v4l2-ioctl.c:2047:9: error: bad integer constant expression
drivers/media/v4l2-core/v4l2-ioctl.c:2048:9: error: bad integer constant expression
drivers/media/v4l2-core/v4l2-ioctl.c:2049:9: error: bad integer constant expression
drivers/media/v4l2-core/v4l2-ioctl.c:2050:9: error: bad integer constant expression
drivers/media/v4l2-core/v4l2-ioctl.c:2051:9: error: bad integer constant expression
drivers/media/v4l2-core/v4l2-ioctl.c:2052:9: error: bad integer constant expression
drivers/media/v4l2-core/v4l2-ioctl.c:2053:9: error: bad integer constant expression
drivers/media/v4l2-core/v4l2-ioctl.c:2054:9: error: bad integer constant expression
drivers/media/v4l2-core/v4l2-ioctl.c:2055:9: error: bad integer constant expression
drivers/media/v4l2-core/v4l2-ioctl.c:2056:9: error: bad integer constant expression
drivers/media/v4l2-core/v4l2-ioctl.c:2057:9: error: bad integer constant expression
drivers/media/v4l2-core/v4l2-ioctl.c:2058:9: error: bad integer constant expression
drivers/media/v4l2-core/v4l2-ioctl.c:2059:9: error: bad integer constant expression
drivers/media/v4l2-core/v4l2-ioctl.c:2060:9: error: bad integer constant expression
drivers/media/v4l2-core/v4l2-ioctl.c:231:9: error: cannot size expression
drivers/media/v4l2-core/v4l2-ioctl.c:250:9: error: cannot size expression
drivers/media/v4l2-core/v4l2-ioctl.c:255:17: error: cannot size expression
drivers/media/v4l2-core/v4l2-ioctl.c:270:17: error: cannot size expression
drivers/media/v4l2-core/v4l2-ioctl.c:291:17: error: cannot size expression
drivers/media/v4l2-core/v4l2-ioctl.c:343:9: error: cannot size expression
drivers/media/v4l2-core/v4l2-ioctl.c:414:9: error: cannot size expression
drivers/media/v4l2-core/v4l2-ioctl.c:427:9: error: cannot size expression
drivers/media/v4l2-core/v4l2-ioctl.c:427:9: error: cannot size expression
drivers/media/v4l2-core/v4l2-ioctl.c:463:9: error: cannot size expression
drivers/media/v4l2-core/v4l2-ioctl.c:482:9: error: cannot size expression
drivers/media/v4l2-core/v4l2-ioctl.c:554:9: error: cannot size expression
drivers/media/v4l2-core/v4l2-ioctl.c:569:9: error: cannot size expression
drivers/media/v4l2-core/v4l2-ioctl.c:579:9: error: cannot size expression
drivers/media/v4l2-core/v4l2-ioctl.c:783:25: error: cannot size expression
drivers/media/v4l2-core/v4l2-ioctl.c:818:9: error: cannot size expression
drivers/gpu/drm/drm_memory.c:116:29: warning: incorrect type in assignment (different address spaces)
drivers/gpu/drm/drm_memory.c:116:29:    expected void *handle
drivers/gpu/drm/drm_memory.c:116:29:    got void [noderef] <asn:2>*
drivers/gpu/drm/drm_memory.c:125:29: warning: incorrect type in assignment (different address spaces)
drivers/gpu/drm/drm_memory.c:125:29:    expected void *handle
drivers/gpu/drm/drm_memory.c:125:29:    got void [noderef] <asn:2>*
drivers/gpu/drm/drm_memory.c:137:28: warning: incorrect type in argument 1 (different address spaces)
drivers/gpu/drm/drm_memory.c:137:28:    expected void volatile [noderef] <asn:2>*addr
drivers/gpu/drm/drm_memory.c:137:28:    got void *handle
drivers/mmc/card/block.c:2372:9: warning: Using plain integer as NULL pointer
drivers/media/v4l2-core/v4l2-ctrls.c:1152:38: warning: incorrect type in argument 1 (different address spaces)
drivers/media/v4l2-core/v4l2-ctrls.c:1152:38:    expected void [noderef] <asn:1>*to
drivers/media/v4l2-core/v4l2-ctrls.c:1152:38:    got char *string
drivers/media/v4l2-core/v4l2-ctrls.c:1182:53: warning: incorrect type in argument 2 (different address spaces)
drivers/media/v4l2-core/v4l2-ctrls.c:1182:53:    expected void const [noderef] <asn:1>*from
drivers/media/v4l2-core/v4l2-ctrls.c:1182:53:    got char *string
drivers/media/v4l2-core/v4l2-ctrls.c:1213:38: warning: incorrect type in argument 1 (different address spaces)
drivers/media/v4l2-core/v4l2-ctrls.c:1213:38:    expected void [noderef] <asn:1>*to
drivers/media/v4l2-core/v4l2-ctrls.c:1213:38:    got char *string
drivers/gpu/drm/drm_vm.c:254:44: warning: incorrect type in argument 1 (different address spaces)
drivers/gpu/drm/drm_vm.c:254:44:    expected void volatile [noderef] <asn:2>*addr
drivers/gpu/drm/drm_vm.c:254:44:    got void *handle
drivers/gpu/drm/drm_vm.c:493:51: error: undefined identifier '_PAGE_RW'
drivers/gpu/drm/drm_vm.c:577:51: error: undefined identifier '_PAGE_RW'
drivers/media/v4l2-core/v4l2-dv-timings.c:30:9: error: unknown field name in initializer
drivers/media/v4l2-core/v4l2-dv-timings.c:31:9: error: unknown field name in initializer
drivers/media/v4l2-core/v4l2-dv-timings.c:32:9: error: unknown field name in initializer
drivers/media/v4l2-core/v4l2-dv-timings.c:33:9: error: unknown field name in initializer
drivers/media/v4l2-core/v4l2-dv-timings.c:34:9: error: unknown field name in initializer
drivers/media/v4l2-core/v4l2-dv-timings.c:35:9: error: unknown field name in initializer
drivers/media/v4l2-core/v4l2-dv-timings.c:36:9: error: unknown field name in initializer
drivers/media/v4l2-core/v4l2-dv-timings.c:37:9: error: unknown field name in initializer
drivers/media/v4l2-core/v4l2-dv-timings.c:38:9: error: unknown field name in initializer
drivers/media/v4l2-core/v4l2-dv-timings.c:39:9: error: unknown field name in initializer
drivers/media/v4l2-core/v4l2-dv-timings.c:40:9: error: unknown field name in initializer
drivers/media/v4l2-core/v4l2-dv-timings.c:41:9: error: unknown field name in initializer
drivers/media/v4l2-core/v4l2-dv-timings.c:42:9: error: unknown field name in initializer
drivers/media/v4l2-core/v4l2-dv-timings.c:43:9: error: unknown field name in initializer
drivers/media/v4l2-core/v4l2-dv-timings.c:44:9: error: unknown field name in initializer
drivers/media/v4l2-core/v4l2-dv-timings.c:45:9: error: unknown field name in initializer
drivers/media/v4l2-core/v4l2-dv-timings.c:46:9: error: unknown field name in initializer
drivers/media/v4l2-core/v4l2-dv-timings.c:47:9: error: unknown field name in initializer
drivers/media/v4l2-core/v4l2-dv-timings.c:48:9: error: unknown field name in initializer
drivers/media/v4l2-core/v4l2-dv-timings.c:49:9: error: unknown field name in initializer
drivers/media/v4l2-core/v4l2-dv-timings.c:50:9: error: unknown field name in initializer
drivers/media/v4l2-core/v4l2-dv-timings.c:51:9: error: unknown field name in initializer
drivers/media/v4l2-core/v4l2-dv-timings.c:52:9: error: unknown field name in initializer
drivers/media/v4l2-core/v4l2-dv-timings.c:53:9: error: unknown field name in initializer
drivers/media/v4l2-core/v4l2-dv-timings.c:54:9: error: unknown field name in initializer
drivers/media/v4l2-core/v4l2-dv-timings.c:55:9: error: unknown field name in initializer
drivers/media/v4l2-core/v4l2-dv-timings.c:56:9: error: unknown field name in initializer
drivers/media/v4l2-core/v4l2-dv-timings.c:57:9: error: unknown field name in initializer
drivers/media/v4l2-core/v4l2-dv-timings.c:58:9: error: unknown field name in initializer
drivers/media/v4l2-core/v4l2-dv-timings.c:59:9: error: unknown field name in initializer
drivers/media/v4l2-core/v4l2-dv-timings.c:60:9: error: unknown field name in initializer
drivers/media/v4l2-core/v4l2-dv-timings.c:61:9: error: unknown field name in initializer
drivers/media/v4l2-core/v4l2-dv-timings.c:62:9: error: unknown field name in initializer
drivers/media/v4l2-core/v4l2-dv-timings.c:63:9: error: unknown field name in initializer
drivers/media/v4l2-core/v4l2-dv-timings.c:64:9: error: unknown field name in initializer
drivers/media/v4l2-core/v4l2-dv-timings.c:65:9: error: unknown field name in initializer
drivers/media/v4l2-core/v4l2-dv-timings.c:66:9: error: unknown field name in initializer
drivers/media/v4l2-core/v4l2-dv-timings.c:67:9: error: unknown field name in initializer
drivers/media/v4l2-core/v4l2-dv-timings.c:68:9: error: unknown field name in initializer
drivers/media/v4l2-core/v4l2-dv-timings.c:69:9: error: unknown field name in initializer
drivers/media/v4l2-core/v4l2-dv-timings.c:70:9: error: unknown field name in initializer
drivers/media/v4l2-core/v4l2-dv-timings.c:71:9: error: unknown field name in initializer
drivers/media/v4l2-core/v4l2-dv-timings.c:72:9: error: unknown field name in initializer
drivers/media/v4l2-core/v4l2-dv-timings.c:73:9: error: unknown field name in initializer
drivers/media/v4l2-core/v4l2-dv-timings.c:74:9: error: unknown field name in initializer
drivers/media/v4l2-core/v4l2-dv-timings.c:75:9: error: unknown field name in initializer
drivers/media/v4l2-core/v4l2-dv-timings.c:76:9: error: unknown field name in initializer
drivers/media/v4l2-core/v4l2-dv-timings.c:77:9: error: unknown field name in initializer
drivers/media/v4l2-core/v4l2-dv-timings.c:78:9: error: unknown field name in initializer
drivers/media/v4l2-core/v4l2-dv-timings.c:79:9: error: unknown field name in initializer
drivers/media/v4l2-core/v4l2-dv-timings.c:80:9: error: unknown field name in initializer
drivers/media/v4l2-core/v4l2-dv-timings.c:81:9: error: unknown field name in initializer
drivers/media/v4l2-core/v4l2-dv-timings.c:82:9: error: unknown field name in initializer
drivers/media/v4l2-core/v4l2-dv-timings.c:83:9: error: unknown field name in initializer
drivers/media/v4l2-core/v4l2-dv-timings.c:84:9: error: unknown field name in initializer
drivers/media/v4l2-core/v4l2-dv-timings.c:85:9: error: unknown field name in initializer
drivers/media/v4l2-core/v4l2-dv-timings.c:86:9: error: unknown field name in initializer
drivers/media/v4l2-core/v4l2-dv-timings.c:87:9: error: unknown field name in initializer
drivers/media/v4l2-core/v4l2-dv-timings.c:88:9: error: unknown field name in initializer
drivers/media/v4l2-core/v4l2-dv-timings.c:89:9: error: unknown field name in initializer
drivers/media/v4l2-core/v4l2-dv-timings.c:90:9: error: unknown field name in initializer
drivers/media/v4l2-core/v4l2-dv-timings.c:91:9: error: unknown field name in initializer
drivers/media/v4l2-core/v4l2-dv-timings.c:92:9: error: unknown field name in initializer
drivers/media/v4l2-core/v4l2-dv-timings.c:93:9: error: unknown field name in initializer
drivers/media/v4l2-core/v4l2-dv-timings.c:94:9: error: unknown field name in initializer
drivers/media/v4l2-core/v4l2-dv-timings.c:95:9: error: unknown field name in initializer
drivers/media/v4l2-core/v4l2-dv-timings.c:96:9: error: unknown field name in initializer
drivers/media/v4l2-core/v4l2-dv-timings.c:97:9: error: unknown field name in initializer
drivers/media/v4l2-core/v4l2-dv-timings.c:98:9: error: unknown field name in initializer
drivers/media/v4l2-core/v4l2-dv-timings.c:99:9: error: unknown field name in initializer
drivers/media/v4l2-core/v4l2-dv-timings.c:100:9: error: unknown field name in initializer
drivers/media/v4l2-core/v4l2-dv-timings.c:101:9: error: unknown field name in initializer
drivers/media/v4l2-core/v4l2-dv-timings.c:102:9: error: unknown field name in initializer
drivers/media/v4l2-core/v4l2-dv-timings.c:103:9: error: unknown field name in initializer
drivers/media/v4l2-core/v4l2-dv-timings.c:104:9: error: unknown field name in initializer
drivers/media/v4l2-core/v4l2-dv-timings.c:105:9: error: unknown field name in initializer
drivers/media/v4l2-core/v4l2-dv-timings.c:106:9: error: unknown field name in initializer
drivers/media/v4l2-core/v4l2-dv-timings.c:107:9: error: unknown field name in initializer
drivers/media/v4l2-core/v4l2-dv-timings.c:108:9: error: unknown field name in initializer
drivers/media/v4l2-core/v4l2-dv-timings.c:109:9: error: unknown field name in initializer
drivers/media/v4l2-core/v4l2-dv-timings.c:110:9: error: unknown field name in initializer
drivers/media/v4l2-core/v4l2-dv-timings.c:111:9: error: unknown field name in initializer
drivers/media/v4l2-core/v4l2-dv-timings.c:112:9: error: unknown field name in initializer
drivers/media/v4l2-core/v4l2-dv-timings.c:113:9: error: unknown field name in initializer
drivers/media/v4l2-core/v4l2-dv-timings.c:114:9: error: unknown field name in initializer
drivers/media/v4l2-core/v4l2-dv-timings.c:115:9: error: unknown field name in initializer
drivers/media/v4l2-core/v4l2-dv-timings.c:116:9: error: unknown field name in initializer
drivers/media/v4l2-core/v4l2-dv-timings.c:117:9: error: unknown field name in initializer
drivers/media/v4l2-core/v4l2-dv-timings.c:118:9: error: unknown field name in initializer
drivers/media/v4l2-core/v4l2-dv-timings.c:119:9: error: unknown field name in initializer
drivers/media/v4l2-core/v4l2-dv-timings.c:120:9: error: unknown field name in initializer
drivers/media/v4l2-core/v4l2-dv-timings.c:121:9: error: unknown field name in initializer
drivers/media/v4l2-core/v4l2-dv-timings.c:122:9: error: unknown field name in initializer
drivers/media/v4l2-core/v4l2-dv-timings.c:123:9: error: unknown field name in initializer
drivers/media/v4l2-core/v4l2-dv-timings.c:124:9: error: unknown field name in initializer
drivers/media/v4l2-core/v4l2-dv-timings.c:125:9: error: unknown field name in initializer
drivers/media/v4l2-core/v4l2-dv-timings.c:126:9: error: unknown field name in initializer
drivers/media/v4l2-core/v4l2-dv-timings.c:127:9: error: unknown field name in initializer
drivers/media/v4l2-core/v4l2-dv-timings.c:128:9: error: unknown field name in initializer
drivers/media/v4l2-core/v4l2-dv-timings.c:129:9: error: unknown field name in initializer
drivers/mfd/ab8500-debugfs.c:1390:6: warning: symbol 'ab8500_dump_all_banks_to_mem' was not declared. Should it be static?
drivers/mfd/ab8500-debugfs.c:1581:28: warning: symbol 'suspend_test_wake_cause_interrupt_is_mine' was not declared. Should it be static?
drivers/mfd/ab8500-debugfs.c:2723:20: error: incompatible types in comparison expression (different type sizes)
drivers/mfd/db8500-prcmu.c:680:5: warning: symbol 'prcmu_get_boot_status' was not declared. Should it be static?
include/linux/rculist.h:456:9: warning: Variable length array is used.
include/linux/rculist.h:456:9: error: cannot size expression
include/linux/rculist.h:401:9: error: cannot size expression
drivers/mtd/mtdchar.c:566:26: warning: incorrect type in argument 1 (different base types)
drivers/mtd/mtdchar.c:566:26:    expected void const volatile [noderef] <asn:1>*<noident>
drivers/mtd/mtdchar.c:566:26:    got unsigned long long [unsigned] [addressable] [usertype] usr_data
drivers/mtd/mtdchar.c:567:26: warning: incorrect type in argument 1 (different base types)
drivers/mtd/mtdchar.c:567:26:    expected void const volatile [noderef] <asn:1>*<noident>
drivers/mtd/mtdchar.c:567:26:    got unsigned long long [unsigned] [addressable] [usertype] usr_oob
drivers/mfd/omap-usb-tll.c:255:65: warning: Variable length array is used.
drivers/mfd/omap-usb-tll.c:255:41: error: cannot size expression
drivers/mfd/vexpress-config.c:35:3: warning: symbol 'vexpress_config_bridges' was not declared. Should it be static?
drivers/mfd/vexpress-config.c:244:5: warning: symbol 'vexpress_config_wait' was not declared. Should it be static?
drivers/mfd/vexpress-sysreg.c:111:14: error: symbol 'vexpress_get_24mhz_clock_base' redeclared with different type (originally declared at include/linux/vexpress.h:109) - different address spaces
drivers/net/ethernet/freescale/fec_main.c:682:9: warning: context imbalance in 'fec_restart' - different lock contexts for basic block
drivers/of/fdt.c:386:55: warning: Using plain integer as NULL pointer
drivers/gpu/drm/ati_pcigart.c:192:9: error: undefined identifier 'wbinvd'
drivers/gpu/drm/drm_fb_helper.c:1452:27: warning: expression using sizeof bool
drivers/pci/pci.c:35:5: warning: symbol 'isa_dma_bridge_buggy' was not declared. Should it be static?
drivers/pci/pci.c:4291:1: warning: symbol 'bus_attr_resource_alignment' was not declared. Should it be static?
drivers/gpu/drm/tegra/gem.c:177:17: warning: symbol 'tegra_bo_import' was not declared. Should it be static?
drivers/net/ethernet/marvell/mvneta.c:509:29: warning: incorrect type in initializer (different address spaces)
drivers/net/ethernet/marvell/mvneta.c:509:29:    expected void const [noderef] <asn:3>*__vpp_verify
drivers/net/ethernet/marvell/mvneta.c:509:29:    got struct mvneta_pcpu_stats *<noident>
drivers/net/ethernet/marvell/mvneta.c:495:26: warning: symbol 'mvneta_get_stats64' was not declared. Should it be static?
drivers/net/ethernet/marvell/mvneta.c:1535:51: warning: incorrect type in initializer (different address spaces)
drivers/net/ethernet/marvell/mvneta.c:1535:51:    expected void const [noderef] <asn:3>*__vpp_verify
drivers/net/ethernet/marvell/mvneta.c:1535:51:    got struct mvneta_pcpu_stats *<noident>
drivers/net/ethernet/marvell/mvneta.c:1673:51: warning: incorrect type in initializer (different address spaces)
drivers/net/ethernet/marvell/mvneta.c:1673:51:    expected void const [noderef] <asn:3>*__vpp_verify
drivers/net/ethernet/marvell/mvneta.c:1673:51:    got struct mvneta_pcpu_stats *<noident>
drivers/net/ethernet/marvell/mvneta.c:2539:5: warning: symbol 'mvneta_ethtool_get_settings' was not declared. Should it be static?
drivers/net/ethernet/marvell/mvneta.c:2550:5: warning: symbol 'mvneta_ethtool_set_settings' was not declared. Should it be static?
drivers/net/ethernet/marvell/mvneta.c:2656:26: warning: symbol 'mvneta_eth_tool_ops' was not declared. Should it be static?
drivers/net/ethernet/marvell/mvneta.c:2848:19: warning: incorrect type in assignment (different address spaces)
drivers/net/ethernet/marvell/mvneta.c:2848:19:    expected struct mvneta_pcpu_stats *stats
drivers/net/ethernet/marvell/mvneta.c:2848:19:    got struct mvneta_pcpu_stats [noderef] <asn:3>*<noident>
drivers/net/ethernet/marvell/mvneta.c:2856:25: warning: incorrect type in initializer (different address spaces)
drivers/net/ethernet/marvell/mvneta.c:2856:25:    expected void const [noderef] <asn:3>*__vpp_verify
drivers/net/ethernet/marvell/mvneta.c:2856:25:    got struct mvneta_pcpu_stats *<noident>
drivers/net/ethernet/marvell/mvneta.c:2915:23: warning: incorrect type in argument 1 (different address spaces)
drivers/net/ethernet/marvell/mvneta.c:2915:23:    expected void [noderef] <asn:3>*__pdata
drivers/net/ethernet/marvell/mvneta.c:2915:23:    got struct mvneta_pcpu_stats *stats
drivers/net/ethernet/marvell/mvneta.c:2936:23: warning: incorrect type in argument 1 (different address spaces)
drivers/net/ethernet/marvell/mvneta.c:2936:23:    expected void [noderef] <asn:3>*__pdata
drivers/net/ethernet/marvell/mvneta.c:2936:23:    got struct mvneta_pcpu_stats *stats
drivers/pinctrl/pinconf.c:497:20: error: incompatible types in comparison expression (different type sizes)
drivers/mmc/core/quirks.c:69:9: warning: Using plain integer as NULL pointer
drivers/pci/rom.c:218:36: warning: incorrect type in return expression (different address spaces)
drivers/pci/rom.c:218:36:    expected void [noderef] <asn:2>*
drivers/pci/rom.c:218:36:    got void *
drivers/power/reset/vexpress-poweroff.c:74:1: warning: symbol 'dev_attr_active' was not declared. Should it be static?
drivers/mmc/host/sdhci.c:2564:6: warning: symbol 'sdhci_disable_irq_wakeups' was not declared. Should it be static?
drivers/pinctrl/pinctrl-nomadik.c:632:5: warning: symbol 'nmk_gpio_get_mode' was not declared. Should it be static?
drivers/pinctrl/pinctrl-nomadik.c:1124:6: warning: symbol 'nmk_gpio_clocks_enable' was not declared. Should it be static?
drivers/pinctrl/pinctrl-nomadik.c:1138:6: warning: symbol 'nmk_gpio_clocks_disable' was not declared. Should it be static?
drivers/pinctrl/pinctrl-nomadik.c:1161:6: warning: symbol 'nmk_gpio_wakeups_suspend' was not declared. Should it be static?
drivers/pinctrl/pinctrl-nomadik.c:1182:6: warning: symbol 'nmk_gpio_wakeups_resume' was not declared. Should it be static?
drivers/pinctrl/pinctrl-nomadik.c:1208:6: warning: symbol 'nmk_gpio_read_pull' was not declared. Should it be static?
drivers/pinctrl/pinctrl-nomadik.c:1827:9: warning: context imbalance in 'nmk_pmx_enable' - different lock contexts for basic block
drivers/reset/core.c:46:5: warning: symbol 'of_reset_simple_xlate' was not declared. Should it be static?
drivers/reset/core.c:262:6: warning: symbol 'devm_reset_control_put' was not declared. Should it be static?
drivers/reset/reset-sunxi.c:128:13: warning: symbol 'sun6i_reset_init' was not declared. Should it be static?
drivers/mmc/host/omap.c:855:6: warning: symbol 'omap_mmc_notify_cover_event' was not declared. Should it be static?
drivers/mmc/host/omap_hsmmc.c:608:53: warning: dubious: !x & y
drivers/regulator/as3722-regulator.c:221:18: warning: Initializer entry defined twice
drivers/regulator/as3722-regulator.c:222:18:   also defined here
drivers/regulator/as3722-regulator.c:233:18: warning: Initializer entry defined twice
drivers/regulator/as3722-regulator.c:234:18:   also defined here
drivers/pci/msi.c:202:12: warning: symbol 'arch_msi_mask_irq' was not declared. Should it be static?
drivers/pci/msi.c:232:12: warning: symbol 'arch_msix_mask_irq' was not declared. Should it be static?
drivers/mmc/host/wmt-sdmmc.c:838:33: warning: incorrect type in argument 4 (different base types)
drivers/mmc/host/wmt-sdmmc.c:838:33:    expected restricted gfp_t [usertype] flag
drivers/mmc/host/wmt-sdmmc.c:838:33:    got int
drivers/pci/host/pci-mvebu.c:774:31: warning: incorrect type in return expression (different address spaces)
drivers/pci/host/pci-mvebu.c:774:31:    expected void [noderef] <asn:2>*
drivers/pci/host/pci-mvebu.c:774:31:    got void *
drivers/scsi/scsi_lib.c:466:6: warning: symbol 'scsi_requeue_run_queue' was not declared. Should it be static?
drivers/scsi/scsi_lib.c:2266:6: warning: symbol 'scsi_evt_thread' was not declared. Should it be static?
drivers/scsi/scsi_lib.c:1585:17: warning: context imbalance in 'scsi_request_fn' - unexpected unlock
drivers/staging/nvec/nvec_ps2.c:170:14: warning: duplicate const 
drivers/staging/nvec/nvec.c:966:14: warning: duplicate const 
drivers/staging/nvec/nvec.c:899:57: warning: incorrect type in argument 5 (different address spaces)
drivers/staging/nvec/nvec.c:899:57:    expected struct resource *mem_base
drivers/staging/nvec/nvec.c:899:57:    got void [noderef] <asn:2>*[assigned] base
drivers/scsi/scsi_sysfs.c:201:25: warning: symbol 'dev_attr_hstate' was not declared. Should it be static?
drivers/scsi/scsi_sysfs.c:365:24: warning: symbol 'scsi_shost_attr_group' was not declared. Should it be static?
drivers/tty/tty_io.c:119:17: warning: too long initializer-string for array of char
drivers/tty/tty_io.c:1047:6: warning: context imbalance in 'tty_write_unlock' - wrong count at exit
drivers/tty/tty_io.c:1054:5: warning: context imbalance in 'tty_write_lock' - wrong count at exit
drivers/tty/tty_io.c:1175:17: warning: context imbalance in 'tty_write_message' - unexpected unlock
drivers/tty/tty_io.c:1197:16: warning: context imbalance in 'tty_write' - different lock contexts for basic block
drivers/tty/tty_io.c:2590:12: warning: context imbalance in 'send_break' - different lock contexts for basic block
drivers/net/ethernet/stmicro/stmmac/enh_desc.c:381:30: warning: symbol 'enh_desc_ops' was not declared. Should it be static?
drivers/net/ethernet/stmicro/stmmac/norm_desc.c:253:30: warning: symbol 'ndesc_ops' was not declared. Should it be static?
drivers/net/ethernet/stmicro/stmmac/stmmac_hwtstamp.c:141:33: warning: symbol 'stmmac_ptp' was not declared. Should it be static?
drivers/net/ethernet/stmicro/stmmac/dwmac-sunxi.c:133:29: warning: symbol 'sun7i_gmac_data' was not declared. Should it be static?
drivers/net/ethernet/ti/davinci_cpdma.c:184:29: warning: incorrect type in assignment (different address spaces)
drivers/net/ethernet/ti/davinci_cpdma.c:184:29:    expected void [noderef] <asn:2>*iomap
drivers/net/ethernet/ti/davinci_cpdma.c:184:29:    got void *cpumap
drivers/net/ethernet/ti/cpsw-phy-sel.c:135:28: warning: incorrect type in assignment (different modifiers)
drivers/net/ethernet/ti/cpsw-phy-sel.c:135:28:    expected void ( *cpsw_phy_sel )( ... )
drivers/net/ethernet/ti/cpsw-phy-sel.c:135:28:    got void const *const data
drivers/net/ethernet/ti/cpsw_ale.c:151:5: warning: symbol 'cpsw_ale_match_addr' was not declared. Should it be static?
drivers/net/ethernet/ti/cpsw_ale.c:172:5: warning: symbol 'cpsw_ale_match_vlan' was not declared. Should it be static?
drivers/tty/sysrq.c:57:16: warning: symbol 'platform_sysrq_reset_seq' was not declared. Should it be static?
drivers/tty/sysrq.c:58:5: warning: symbol 'sysrq_reset_downtime_ms' was not declared. Should it be static?
drivers/tty/serial/serial_core.c:612:22: warning: invalid assignment: |=
drivers/tty/serial/serial_core.c:612:22:    left side has type unsigned int
drivers/tty/serial/serial_core.c:612:22:    right side has type restricted upf_t
drivers/tty/serial/serial_core.c:614:22: warning: invalid assignment: |=
drivers/tty/serial/serial_core.c:614:22:    left side has type unsigned int
drivers/tty/serial/serial_core.c:614:22:    right side has type restricted upf_t
drivers/tty/serial/serial_core.c:616:17: warning: restricted upf_t degrades to integer
drivers/tty/serial/serial_core.c:618:22: warning: invalid assignment: &=
drivers/tty/serial/serial_core.c:618:22:    left side has type unsigned int
drivers/tty/serial/serial_core.c:618:22:    right side has type restricted upf_t
drivers/tty/serial/serial_core.c:621:20: warning: restricted upf_t degrades to integer
drivers/tty/serial/serial_core.c:624:20: warning: restricted upf_t degrades to integer
drivers/tty/serial/serial_core.c:635:22: warning: invalid assignment: |=
drivers/tty/serial/serial_core.c:635:22:    left side has type unsigned int
drivers/tty/serial/serial_core.c:635:22:    right side has type restricted upf_t
drivers/tty/serial/serial_core.c:637:22: warning: invalid assignment: |=
drivers/tty/serial/serial_core.c:637:22:    left side has type unsigned int
drivers/tty/serial/serial_core.c:637:22:    right side has type restricted upf_t
drivers/tty/serial/serial_core.c:639:17: warning: restricted upf_t degrades to integer
drivers/tty/serial/serial_core.c:641:22: warning: invalid assignment: &=
drivers/tty/serial/serial_core.c:641:22:    left side has type unsigned int
drivers/tty/serial/serial_core.c:641:22:    right side has type restricted upf_t
drivers/tty/serial/serial_core.c:644:20: warning: restricted upf_t degrades to integer
drivers/tty/serial/serial_core.c:651:20: warning: restricted upf_t degrades to integer
drivers/tty/serial/serial_core.c:669:29: warning: incorrect type in assignment (different base types)
drivers/tty/serial/serial_core.c:669:29:    expected int [signed] flags
drivers/tty/serial/serial_core.c:669:29:    got restricted upf_t [usertype] flags
drivers/tty/serial/serial_core.c:743:19: warning: incorrect type in assignment (different base types)
drivers/tty/serial/serial_core.c:743:19:    expected restricted upf_t [usertype] new_flags
drivers/tty/serial/serial_core.c:743:19:    got int [signed] flags
drivers/tty/serial/8250/8250_core.c:2794:32: warning: incorrect type in assignment (different base types)
drivers/tty/serial/8250/8250_core.c:2794:32:    expected restricted upf_t [usertype] flags
drivers/tty/serial/8250/8250_core.c:2794:32:    got unsigned int const [unsigned] flags
drivers/tty/serial/8250/8250_core.c:2796:32: warning: incorrect type in assignment (different address spaces)
drivers/tty/serial/8250/8250_core.c:2796:32:    expected unsigned char [noderef] <asn:2>*membase
drivers/tty/serial/8250/8250_core.c:2796:32:    got unsigned char *const iomem_base
include/linux/spinlock_api_smp.h:151:27: warning: context imbalance in 'serial8250_console_write' - unexpected unlock
drivers/video/backlight/generic_bl.c:59:6: warning: symbol 'genericbl_limit_intensity' was not declared. Should it be static?
drivers/tty/vt/vt.c:223:5: warning: symbol 'console_blank_hook' was not declared. Should it be static?
drivers/tty/vt/vt.c:2398:19: warning: symbol 'console_driver' was not declared. Should it be static?
drivers/tty/vt/consolemap_deftbl.c:10:4: warning: symbol 'dfont_unicount' was not declared. Should it be static?
drivers/tty/vt/consolemap_deftbl.c:46:5: warning: symbol 'dfont_unitable' was not declared. Should it be static?
drivers/tty/vt/defkeymap.c:27:9: warning: symbol 'shift_map' was not declared. Should it be static?
drivers/tty/vt/defkeymap.c:46:9: warning: symbol 'altgr_map' was not declared. Should it be static?
drivers/tty/vt/defkeymap.c:65:9: warning: symbol 'ctrl_map' was not declared. Should it be static?
drivers/tty/vt/defkeymap.c:84:9: warning: symbol 'shift_ctrl_map' was not declared. Should it be static?
drivers/tty/vt/defkeymap.c:103:9: warning: symbol 'alt_map' was not declared. Should it be static?
drivers/tty/vt/defkeymap.c:122:9: warning: symbol 'ctrl_alt_map' was not declared. Should it be static?
drivers/tty/vt/defkeymap.c:148:14: warning: symbol 'keymap_count' was not declared. Should it be static?
drivers/tty/vt/defkeymap.c:156:6: warning: symbol 'func_buf' was not declared. Should it be static?
drivers/tty/vt/defkeymap.c:187:6: warning: symbol 'funcbufptr' was not declared. Should it be static?
drivers/tty/vt/defkeymap.c:188:5: warning: symbol 'funcbufsize' was not declared. Should it be static?
drivers/tty/vt/defkeymap.c:189:5: warning: symbol 'funcbufleft' was not declared. Should it be static?
drivers/tty/vt/defkeymap.c:191:6: warning: symbol 'func_table' was not declared. Should it be static?
drivers/tty/vt/defkeymap.c:225:18: warning: symbol 'accent_table' was not declared. Should it be static?
drivers/tty/vt/defkeymap.c:262:14: warning: symbol 'accent_table_size' was not declared. Should it be static?
drivers/tty/serial/8250/8250_dw.c:238:46: warning: restricted upf_t degrades to integer
drivers/tty/serial/8250/8250_dw.c:238:62: warning: restricted upf_t degrades to integer
drivers/tty/serial/8250/8250_dw.c:238:26: warning: incorrect type in assignment (different base types)
drivers/tty/serial/8250/8250_dw.c:238:26:    expected restricted upf_t [usertype] flags
drivers/tty/serial/8250/8250_dw.c:238:26:    got unsigned int
include/linux/spinlock_api_smp.h:151:27: warning: context imbalance in 'pl011_console_write' - unexpected unlock
drivers/tty/serial/imx.c:1698:39: warning: context imbalance in 'imx_console_write' - unexpected unlock
drivers/tty/serial/of_serial.c:32:6: warning: symbol 'tegra_serial_handle_break' was not declared. Should it be static?
drivers/tty/serial/omap-serial.c:1414:49: warning: incorrect type in argument 2 (different address spaces)
drivers/tty/serial/omap-serial.c:1414:49:    expected void const [noderef] <asn:1>*from
drivers/tty/serial/omap-serial.c:1414:49:    got struct serial_rs485 *<noident>
drivers/tty/serial/omap-serial.c:1422:35: warning: incorrect type in argument 1 (different address spaces)
drivers/tty/serial/omap-serial.c:1422:35:    expected void [noderef] <asn:1>*to
drivers/tty/serial/omap-serial.c:1422:35:    got struct serial_rs485 *<noident>
include/linux/spinlock_api_smp.h:151:27: warning: context imbalance in 'serial_omap_console_write' - unexpected unlock
drivers/usb/host/pci-quirks.c:252:5: warning: symbol 'usb_hcd_amd_remote_wakeup_quirk' was not declared. Should it be static?
include/linux/spinlock_api_smp.h:151:27: warning: context imbalance in 'asc_console_write' - unexpected unlock
drivers/video/wm8505fb.c:346:41: warning: incorrect type in assignment (different address spaces)
drivers/video/wm8505fb.c:346:41:    expected char [noderef] <asn:2>*screen_base
drivers/video/wm8505fb.c:346:41:    got void *[assigned] fb_mem_virt
drivers/video/mx3fb.c:1264:26: warning: incorrect type in assignment (different address spaces)
drivers/video/mx3fb.c:1264:26:    expected char [noderef] <asn:2>*screen_base
drivers/video/mx3fb.c:1264:26:    got void *
drivers/video/mx3fb.c:1288:9: warning: cast removes address space of expression
drivers/video/mx3fb.c:1307:34: warning: incorrect type in argument 3 (different address spaces)
drivers/video/mx3fb.c:1307:34:    expected void *cpu_addr
drivers/video/mx3fb.c:1307:34:    got char [noderef] <asn:2>*screen_base
drivers/video/mx3fb.c:1022:17: warning: cast removes address space of expression
drivers/tty/serial/xilinx_uartps.c:483:17: warning: context imbalance in 'xuartps_clk_notifier_cb' - different lock contexts for basic block
drivers/tty/serial/xilinx_uartps.c:1145:9: warning: context imbalance in 'xuartps_console_write' - different lock contexts for basic block
drivers/tty/serial/sirfsoc_uart.h:108:5: warning: symbol 'usp_ff_full' was not declared. Should it be static?
drivers/tty/serial/sirfsoc_uart.h:112:5: warning: symbol 'usp_ff_empty' was not declared. Should it be static?
drivers/tty/serial/sirfsoc_uart.h:116:5: warning: symbol 'uart_ff_full' was not declared. Should it be static?
drivers/tty/serial/sirfsoc_uart.h:120:5: warning: symbol 'uart_ff_empty' was not declared. Should it be static?
drivers/tty/serial/sirfsoc_uart.h:124:30: warning: symbol 'sirfsoc_usp' was not declared. Should it be static?
drivers/tty/serial/sirfsoc_uart.h:191:30: warning: symbol 'sirfsoc_uart' was not declared. Should it be static?
drivers/usb/phy/phy-tegra-usb.c:885:17: warning: expression using sizeof(void)
init/do_mounts.c:8:2: warning: "Sparse checking disabled for this file"
init/do_mounts_initrd.c:8:2: warning: "Sparse checking disabled for this file"
init/initramfs.c:8:2: warning: "Sparse checking disabled for this file"
init/calibrate.c:260:37: warning: symbol 'calibrate_delay_is_known' was not declared. Should it be static?
init/init_task.c:14:44: warning: implicit cast to nocast type
init/init_task.c:14:44: warning: implicit cast to nocast type
init/main.c:162:12: warning: symbol 'envp_init' was not declared. Should it be static?
arch/arm/boot/compressed/misc.c:19:14: warning: symbol '__machine_arch_type' was not declared. Should it be static?
arch/arm/boot/compressed/misc.c:105:15: warning: symbol 'output_data' was not declared. Should it be static?
arch/arm/boot/compressed/misc.c:107:15: warning: symbol 'free_mem_ptr' was not declared. Should it be static?
arch/arm/boot/compressed/misc.c:108:15: warning: symbol 'free_mem_end_ptr' was not declared. Should it be static?
arch/arm/boot/compressed/misc.c:125:17: warning: symbol '__div0' was not declared. Should it be static?
arch/arm/boot/compressed/misc.c:130:15: warning: symbol '__stack_chk_guard' was not declared. Should it be static?
arch/arm/boot/compressed/misc.c:132:6: warning: symbol '__stack_chk_guard_setup' was not declared. Should it be static?
arch/arm/boot/compressed/misc.c:137:6: warning: symbol '__stack_chk_fail' was not declared. Should it be static?
arch/arm/boot/compressed/misc.c:146:1: warning: symbol 'decompress_kernel' was not declared. Should it be static?
include/linux/decompress/mm.h:30:30: warning: symbol 'malloc_ptr' was not declared. Should it be static?
include/linux/decompress/mm.h:31:20: warning: symbol 'malloc_count' was not declared. Should it be static?
arch/arm/boot/compressed/decompress.c:58:5: warning: symbol 'do_decompress' was not declared. Should it be static?
arch/arm/boot/compressed/atags_to_fdt.c:106:5: warning: symbol 'atags_to_fdt' was not declared. Should it be static?
test_sparse: Tue Feb 4 19:29:32 PST 2014: succeeded on multi_v7_defconfig test_next-20140205
test_sparse: Tue Feb 4 19:29:32 PST 2014: ended on multi_v7_defconfig test_next-20140205
