test_sparse: Mon Mar 30 03:21:39 PDT 2015: started on tegra_defconfig test_next-20150330 (42bffc802c48648274164b62e3255bb143c0bff0)
test_sparse: Mon Mar 30 03:21:39 PDT 2015: serial is 20150330031533
test_sparse: sparse version unknown (checksum d41d8cd98f00b204e9800998ecf8427e)
/bin/sh: 1: sparse: not found
make[2]: *** [scripts/mod/empty.o] Error 127
make[2]: *** Waiting for unfinished jobs....
make[1]: *** [scripts/mod] Error 2
make[1]: *** Waiting for unfinished jobs....
make: *** [scripts] Error 2
make: *** Waiting for unfinished jobs....
test_sparse: Mon Mar 30 03:21:42 PDT 2015: FAILED on tegra_defconfig test_next-20150330
test_sparse: Mon Mar 30 03:21:42 PDT 2015: ended on tegra_defconfig test_next-20150330
