test_sparse: Thu Apr 30 21:52:23 PDT 2015: started on tegra_defconfig test_next-20150501 (ba5ed02bec86490224b8d162ef1911869516d51e)
test_sparse: Thu Apr 30 21:52:23 PDT 2015: serial is 20150430214533
test_sparse: sparse version unknown (checksum d41d8cd98f00b204e9800998ecf8427e)
/bin/sh: 1: sparse: not found
make[2]: *** [scripts/mod/empty.o] Error 127
make[1]: *** [scripts/mod] Error 2
make[1]: *** Waiting for unfinished jobs....
make: *** [scripts] Error 2
make: *** Waiting for unfinished jobs....
test_sparse: Thu Apr 30 21:52:28 PDT 2015: FAILED on tegra_defconfig test_next-20150501
test_sparse: Thu Apr 30 21:52:28 PDT 2015: ended on tegra_defconfig test_next-20150501
