test_build: Thu Mar 26 00:45:04 PDT 2015: started on tegra_defconfig%tegra20,114_mergeconfig test_next-20150325 (b2dfdab2f61ed5eb57317136d6efbb973f79210e)
test_build: Thu Mar 26 00:45:04 PDT 2015: serial is 20150326004301
sound/soc/soc-dapm.c: In function ‘snd_soc_dapm_new_pcm’:
sound/soc/soc-dapm.c:3390:5: warning: passing argument 1 of ‘snprintf’ discards ‘const’ qualifier from pointer target type [enabled by default]
In file included from include/linux/list.h:8:0,
                 from include/linux/module.h:9,
                 from sound/soc/soc-dapm.c:26:
include/linux/kernel.h:404:5: note: expected ‘char *’ but argument is of type ‘const char *’
mm/migrate.c: In function ‘migrate_pages’:
mm/migrate.c:1148:1: internal compiler error: in push_minipool_fix, at config/arm/arm.c:13498
Please submit a full bug report,
with preprocessed source if appropriate.
See <https://bugs.launchpad.net/gcc-linaro> for instructions.
make[1]: *** [mm/migrate.o] Error 1
make[1]: *** Waiting for unfinished jobs....
make: *** [mm] Error 2
make: *** Waiting for unfinished jobs....
test_build: Thu Mar 26 00:46:47 PDT 2015: FAILED on tegra_defconfig%tegra20,114_mergeconfig test_next-20150325
test_build: Thu Mar 26 00:46:47 PDT 2015: ended on tegra_defconfig%tegra20,114_mergeconfig test_next-20150325
test_build: Thu Mar 26 00:46:53 PDT 2015: started on tegra_defconfig%tegra30,114_mergeconfig test_next-20150325 (b2dfdab2f61ed5eb57317136d6efbb973f79210e)
test_build: Thu Mar 26 00:46:53 PDT 2015: serial is 20150326004301
sound/soc/soc-dapm.c: In function ‘snd_soc_dapm_new_pcm’:
sound/soc/soc-dapm.c:3390:5: warning: passing argument 1 of ‘snprintf’ discards ‘const’ qualifier from pointer target type [enabled by default]
In file included from include/linux/list.h:8:0,
                 from include/linux/module.h:9,
                 from sound/soc/soc-dapm.c:26:
include/linux/kernel.h:404:5: note: expected ‘char *’ but argument is of type ‘const char *’
mm/migrate.c: In function ‘migrate_pages’:
mm/migrate.c:1148:1: internal compiler error: in push_minipool_fix, at config/arm/arm.c:13498
Please submit a full bug report,
with preprocessed source if appropriate.
See <https://bugs.launchpad.net/gcc-linaro> for instructions.
make[1]: *** [mm/migrate.o] Error 1
make[1]: *** Waiting for unfinished jobs....
make: *** [mm] Error 2
make: *** Waiting for unfinished jobs....
test_build: Thu Mar 26 00:48:38 PDT 2015: FAILED on tegra_defconfig%tegra30,114_mergeconfig test_next-20150325
test_build: Thu Mar 26 00:48:38 PDT 2015: ended on tegra_defconfig%tegra30,114_mergeconfig test_next-20150325
test_build: Thu Mar 26 00:44:24 PDT 2015: started on tegra_defconfig%tegra30_mergeconfig test_next-20150325 (b2dfdab2f61ed5eb57317136d6efbb973f79210e)
test_build: Thu Mar 26 00:44:24 PDT 2015: serial is 20150326004301
mm/migrate.c: In function ‘migrate_pages’:
mm/migrate.c:1148:1: internal compiler error: in push_minipool_fix, at config/arm/arm.c:13498
Please submit a full bug report,
with preprocessed source if appropriate.
See <https://bugs.launchpad.net/gcc-linaro> for instructions.
make[1]: *** [mm/migrate.o] Error 1
make: *** [mm] Error 2
make: *** Waiting for unfinished jobs....
sound/soc/soc-dapm.c: In function ‘snd_soc_dapm_new_pcm’:
sound/soc/soc-dapm.c:3390:5: warning: passing argument 1 of ‘snprintf’ discards ‘const’ qualifier from pointer target type [enabled by default]
In file included from include/linux/list.h:8:0,
                 from include/linux/module.h:9,
                 from sound/soc/soc-dapm.c:26:
include/linux/kernel.h:404:5: note: expected ‘char *’ but argument is of type ‘const char *’
test_build: Thu Mar 26 00:46:11 PDT 2015: FAILED on tegra_defconfig%tegra30_mergeconfig test_next-20150325
test_build: Thu Mar 26 00:46:11 PDT 2015: ended on tegra_defconfig%tegra30_mergeconfig test_next-20150325
test_build: Thu Mar 26 00:46:16 PDT 2015: started on tegra_defconfig%tegra20,30_mergeconfig test_next-20150325 (b2dfdab2f61ed5eb57317136d6efbb973f79210e)
test_build: Thu Mar 26 00:46:16 PDT 2015: serial is 20150326004301
mm/migrate.c: In function ‘migrate_pages’:
mm/migrate.c:1148:1: internal compiler error: in push_minipool_fix, at config/arm/arm.c:13498
Please submit a full bug report,
with preprocessed source if appropriate.
See <https://bugs.launchpad.net/gcc-linaro> for instructions.
make[1]: *** [mm/migrate.o] Error 1
make[1]: *** Waiting for unfinished jobs....
make: *** [mm] Error 2
make: *** Waiting for unfinished jobs....
sound/soc/soc-dapm.c: In function ‘snd_soc_dapm_new_pcm’:
sound/soc/soc-dapm.c:3390:5: warning: passing argument 1 of ‘snprintf’ discards ‘const’ qualifier from pointer target type [enabled by default]
In file included from include/linux/list.h:8:0,
                 from include/linux/module.h:9,
                 from sound/soc/soc-dapm.c:26:
include/linux/kernel.h:404:5: note: expected ‘char *’ but argument is of type ‘const char *’
test_build: Thu Mar 26 00:48:10 PDT 2015: FAILED on tegra_defconfig%tegra20,30_mergeconfig test_next-20150325
test_build: Thu Mar 26 00:48:10 PDT 2015: ended on tegra_defconfig%tegra20,30_mergeconfig test_next-20150325
test_build: Thu Mar 26 00:47:53 PDT 2015: started on tegra_defconfig%tegra124_mergeconfig test_next-20150325 (b2dfdab2f61ed5eb57317136d6efbb973f79210e)
test_build: Thu Mar 26 00:47:53 PDT 2015: serial is 20150326004301
mm/migrate.c: In function ‘migrate_pages’:
mm/migrate.c:1148:1: internal compiler error: in push_minipool_fix, at config/arm/arm.c:13498
Please submit a full bug report,
with preprocessed source if appropriate.
See <https://bugs.launchpad.net/gcc-linaro> for instructions.
make[1]: *** [mm/migrate.o] Error 1
make[1]: *** Waiting for unfinished jobs....
make: *** [mm] Error 2
make: *** Waiting for unfinished jobs....
test_build: Thu Mar 26 00:50:47 PDT 2015: FAILED on tegra_defconfig%tegra124_mergeconfig test_next-20150325
test_build: Thu Mar 26 00:50:47 PDT 2015: ended on tegra_defconfig%tegra124_mergeconfig test_next-20150325
test_build: Thu Mar 26 00:44:50 PDT 2015: started on tegra_defconfig%tegra114_mergeconfig test_next-20150325 (b2dfdab2f61ed5eb57317136d6efbb973f79210e)
test_build: Thu Mar 26 00:44:50 PDT 2015: serial is 20150326004301
mm/migrate.c: In function ‘migrate_pages’:
mm/migrate.c:1148:1: internal compiler error: in push_minipool_fix, at config/arm/arm.c:13498
Please submit a full bug report,
with preprocessed source if appropriate.
See <https://bugs.launchpad.net/gcc-linaro> for instructions.
make[1]: *** [mm/migrate.o] Error 1
make: *** [mm] Error 2
make: *** Waiting for unfinished jobs....
test_build: Thu Mar 26 00:47:45 PDT 2015: FAILED on tegra_defconfig%tegra114_mergeconfig test_next-20150325
test_build: Thu Mar 26 00:47:45 PDT 2015: ended on tegra_defconfig%tegra114_mergeconfig test_next-20150325
test_build: Thu Mar 26 00:43:07 PDT 2015: started on multi_v7_defconfig test_next-20150325 (b2dfdab2f61ed5eb57317136d6efbb973f79210e)
test_build: Thu Mar 26 00:43:07 PDT 2015: serial is 20150326004301
mm/migrate.c: In function ‘migrate_pages’:
mm/migrate.c:1148:1: internal compiler error: in push_minipool_fix, at config/arm/arm.c:13498
Please submit a full bug report,
with preprocessed source if appropriate.
See <https://bugs.launchpad.net/gcc-linaro> for instructions.
make[1]: *** [mm/migrate.o] Error 1
make[1]: *** Waiting for unfinished jobs....
make: *** [mm] Error 2
make: *** Waiting for unfinished jobs....
sound/soc/soc-dapm.c: In function ‘snd_soc_dapm_new_pcm’:
sound/soc/soc-dapm.c:3390:5: warning: passing argument 1 of ‘snprintf’ discards ‘const’ qualifier from pointer target type [enabled by default]
In file included from include/linux/list.h:8:0,
                 from include/linux/module.h:9,
                 from sound/soc/soc-dapm.c:26:
include/linux/kernel.h:404:5: note: expected ‘char *’ but argument is of type ‘const char *’
In file included from drivers/dma/xilinx/xilinx_vdma.c:26:0:
include/linux/dmapool.h:18:4: warning: ‘struct device’ declared inside parameter list [enabled by default]
include/linux/dmapool.h:18:4: warning: its scope is only this definition or declaration, which is probably not what you want [enabled by default]
include/linux/dmapool.h:31:7: warning: ‘struct device’ declared inside parameter list [enabled by default]
drivers/dma/xilinx/xilinx_vdma.c: In function ‘xilinx_vdma_alloc_chan_resources’:
drivers/dma/xilinx/xilinx_vdma.c:504:24: warning: passing argument 2 of ‘dma_pool_create’ from incompatible pointer type [enabled by default]
In file included from drivers/dma/xilinx/xilinx_vdma.c:26:0:
include/linux/dmapool.h:17:18: note: expected ‘struct device *’ but argument is of type ‘struct device *’
test_build: Thu Mar 26 00:44:58 PDT 2015: FAILED on multi_v7_defconfig test_next-20150325
test_build: Thu Mar 26 00:44:58 PDT 2015: ended on multi_v7_defconfig test_next-20150325
test_build: Thu Mar 26 00:43:09 PDT 2015: started on tegra_defconfig%tegra20_mergeconfig test_next-20150325 (b2dfdab2f61ed5eb57317136d6efbb973f79210e)
test_build: Thu Mar 26 00:43:09 PDT 2015: serial is 20150326004301
mm/migrate.c: In function ‘migrate_pages’:
mm/migrate.c:1148:1: internal compiler error: in push_minipool_fix, at config/arm/arm.c:13498
Please submit a full bug report,
with preprocessed source if appropriate.
See <https://bugs.launchpad.net/gcc-linaro> for instructions.
make[1]: *** [mm/migrate.o] Error 1
make[1]: *** Waiting for unfinished jobs....
make: *** [mm] Error 2
make: *** Waiting for unfinished jobs....
test_build: Thu Mar 26 00:44:42 PDT 2015: FAILED on tegra_defconfig%tegra20_mergeconfig test_next-20150325
test_build: Thu Mar 26 00:44:42 PDT 2015: ended on tegra_defconfig%tegra20_mergeconfig test_next-20150325
test_build: Thu Mar 26 00:43:06 PDT 2015: started on tegra_defconfig test_next-20150325 (b2dfdab2f61ed5eb57317136d6efbb973f79210e)
test_build: Thu Mar 26 00:43:06 PDT 2015: serial is 20150326004301
mm/migrate.c: In function ‘migrate_pages’:
mm/migrate.c:1148:1: internal compiler error: in push_minipool_fix, at config/arm/arm.c:13498
Please submit a full bug report,
with preprocessed source if appropriate.
See <https://bugs.launchpad.net/gcc-linaro> for instructions.
make[1]: *** [mm/migrate.o] Error 1
make[1]: *** Waiting for unfinished jobs....
make: *** [mm] Error 2
make: *** Waiting for unfinished jobs....
test_build: Thu Mar 26 00:44:00 PDT 2015: FAILED on tegra_defconfig test_next-20150325
test_build: Thu Mar 26 00:44:00 PDT 2015: ended on tegra_defconfig test_next-20150325
