test_sparse: Tue Jun 2 05:26:57 PDT 2015: started on tegra_defconfig test_next-20150602 (0dfc0e41172cd9f50f5f6f0182081fa03c44e0e9)
test_sparse: Tue Jun 2 05:26:57 PDT 2015: serial is 20150602051534
test_sparse: sparse version unknown (checksum d41d8cd98f00b204e9800998ecf8427e)
/bin/sh: 1: sparse: not found
make[2]: *** [scripts/mod/empty.o] Error 127
make[1]: *** [scripts/mod] Error 2
make[1]: *** Waiting for unfinished jobs....
make: *** [scripts] Error 2
make: *** Waiting for unfinished jobs....
test_sparse: Tue Jun 2 05:27:02 PDT 2015: FAILED on tegra_defconfig test_next-20150602
test_sparse: Tue Jun 2 05:27:02 PDT 2015: ended on tegra_defconfig test_next-20150602
