test_sparse: Tue Apr 7 05:57:22 PDT 2015: started on tegra_defconfig test_next-20150407 (44bf159dfed5558083f97d792cb4bebdbcbf3061)
test_sparse: Tue Apr 7 05:57:22 PDT 2015: serial is 20150407054533
test_sparse: sparse version unknown (checksum d41d8cd98f00b204e9800998ecf8427e)
/bin/sh: 1: sparse: not found
make[2]: *** [scripts/mod/empty.o] Error 127
make[1]: *** [scripts/mod] Error 2
make[1]: *** Waiting for unfinished jobs....
make: *** [scripts] Error 2
make: *** Waiting for unfinished jobs....
test_sparse: Tue Apr 7 05:57:30 PDT 2015: FAILED on tegra_defconfig test_next-20150407
test_sparse: Tue Apr 7 05:57:30 PDT 2015: ended on tegra_defconfig test_next-20150407
