test_sparse: Thu Jul 23 23:18:29 PDT 2015: started on defconfig test_next-20150724 (e8e9cc31b0769f2152a6825560e4005b84b2c768)
test_sparse: Thu Jul 23 23:18:29 PDT 2015: serial is 20150723231532
test_sparse: sparse version unknown (checksum d41d8cd98f00b204e9800998ecf8427e)
/bin/sh: 1: sparse: not found
make[2]: *** [scripts/mod/empty.o] Error 127
make[1]: *** [scripts/mod] Error 2
make[1]: *** Waiting for unfinished jobs....
make: *** [scripts] Error 2
make: *** Waiting for unfinished jobs....
<stdin>:1253:2: warning: #warning syscall userfaultfd not implemented [-Wcpp]
test_sparse: Thu Jul 23 23:18:36 PDT 2015: FAILED on defconfig test_next-20150724
test_sparse: Thu Jul 23 23:18:36 PDT 2015: ended on defconfig test_next-20150724
