test_sparse: Thu Nov 6 01:25:26 PST 2014: started on tegra_defconfig test_next-20141106 (5579b4b0f01b0e8a04201a7e05773066ef9909ac)
test_sparse: Thu Nov 6 01:25:26 PST 2014: serial is 20141106011533
test_sparse: sparse version unknown (checksum d41d8cd98f00b204e9800998ecf8427e)
init/do_mounts.c:8:2: warning: "Sparse checking disabled for this file"
init/do_mounts_initrd.c:8:2: warning: "Sparse checking disabled for this file"
init/initramfs.c:8:2: warning: "Sparse checking disabled for this file"
init/calibrate.c:260:37: warning: symbol 'calibrate_delay_is_known' was not declared. Should it be static?
init/calibrate.c:270:28: warning: symbol 'calibration_delay_done' was not declared. Should it be static?
arch/arm/vfp/vfpmodule.c:41:6: warning: symbol 'vfp_vector' was not declared. Should it be static?
arch/arm/vfp/vfpmodule.c:48:14: warning: symbol 'VFP_arch' was not declared. Should it be static?
arch/arm/vfp/vfpmodule.c:59:17: warning: symbol 'vfp_current_hw_state' was not declared. Should it be static?
arch/arm/vfp/vfpmodule.c:336:6: warning: symbol 'VFP_bounce' was not declared. Should it be static?
arch/arm/vfp/vfpmodule.c:652:6: warning: symbol 'vfp_kmode_exception' was not declared. Should it be static?
init/main.c:162:12: warning: symbol 'envp_init' was not declared. Should it be static?
init/init_task.c:14:44: warning: implicit cast to nocast type
init/init_task.c:14:44: warning: implicit cast to nocast type
arch/arm/mm/fault.c:546:1: warning: symbol 'do_DataAbort' was not declared. Should it be static?
arch/arm/mm/fault.c:578:1: warning: symbol 'do_PrefetchAbort' was not declared. Should it be static?
arch/arm/kernel/irq.c:46:15: warning: symbol 'irq_err_count' was not declared. Should it be static?
arch/arm/mm/iomap.c:12:15: warning: symbol 'vga_base' was not declared. Should it be static?
arch/arm/mm/init.c:172:13: warning: symbol 'setup_dma_zone' was not declared. Should it be static?
arch/arm/kernel/process.c:311:1: warning: symbol 'thread_notify_head' was not declared. Should it be static?
arch/arm/kernel/ptrace.c:931:16: warning: symbol 'syscall_trace_enter' was not declared. Should it be static?
arch/arm/kernel/ptrace.c:958:17: warning: symbol 'syscall_trace_exit' was not declared. Should it be static?
arch/arm/mm/flush.c:373:6: warning: symbol '__flush_anon_page' was not declared. Should it be static?
arch/arm/kernel/signal.c:189:16: warning: symbol 'sys_sigreturn' was not declared. Should it be static?
arch/arm/kernel/signal.c:219:16: warning: symbol 'sys_rt_sigreturn' was not declared. Should it be static?
arch/arm/kernel/signal.c:574:1: warning: symbol 'do_work_pending' was not declared. Should it be static?
arch/arm/kernel/setup.c:90:14: warning: symbol '__atags_pointer' was not declared. Should it be static?
arch/arm/kernel/signal.c:608:13: warning: symbol 'get_signal_page' was not declared. Should it be static?
arch/arm/kernel/setup.c:130:5: warning: symbol '__cpu_architecture' was not declared. Should it be static?
arch/arm/kernel/setup.c:1103:29: warning: symbol 'cpuinfo_op' was not declared. Should it be static?
arch/arm/kernel/sys_arm.c:35:17: warning: symbol 'sys_arm_fadvise64_64' was not declared. Should it be static?
arch/arm/mm/mmu.c:130:13: warning: symbol 'init_default_cache_policy' was not declared. Should it be static?
arch/arm/mm/mmu.c:1075:13: warning: symbol 'sanity_check_meminfo' was not declared. Should it be static?
arch/arm/mm/mmu.c:1501:13: warning: symbol 'early_paging_init' was not declared. Should it be static?
arch/arm/mm/mmu.c:1514:13: warning: symbol 'paging_init' was not declared. Should it be static?
arch/arm/kernel/time.c:115:13: warning: symbol 'time_init' was not declared. Should it be static?
arch/arm/kernel/traps.c:123:37: warning: incorrect type in argument 1 (different address spaces)
arch/arm/kernel/traps.c:123:37:    expected void const volatile [noderef] <asn:1>*<noident>
arch/arm/kernel/traps.c:123:37:    got unsigned long *<noident>
arch/arm/kernel/traps.c:156:31: warning: incorrect type in argument 1 (different address spaces)
arch/arm/kernel/traps.c:156:31:    expected void const volatile [noderef] <asn:1>*<noident>
arch/arm/kernel/traps.c:156:31:    got unsigned short [usertype] *
arch/arm/kernel/traps.c:158:31: warning: incorrect type in argument 1 (different address spaces)
arch/arm/kernel/traps.c:158:31:    expected void const volatile [noderef] <asn:1>*<noident>
arch/arm/kernel/traps.c:158:31:    got unsigned int [usertype] *
arch/arm/kernel/traps.c:425:33: warning: cast removes address space of expression
arch/arm/kernel/traps.c:406:29: warning: symbol 'do_undefinstr' was not declared. Should it be static?
arch/arm/kernel/traps.c:476:39: warning: symbol 'handle_fiq_as_nmi' was not declared. Should it be static?
arch/arm/kernel/traps.c:495:17: warning: symbol 'bad_mode' was not declared. Should it be static?
arch/arm/kernel/traps.c:591:14: warning: incorrect type in argument 1 (different base types)
arch/arm/kernel/traps.c:591:14:    expected void const volatile [noderef] <asn:1>*<noident>
arch/arm/kernel/traps.c:591:14:    got unsigned long [unsigned] start
arch/arm/kernel/traps.c:602:16: warning: symbol 'arm_syscall' was not declared. Should it be static?
arch/arm/kernel/traps.c:781:6: warning: symbol '__bad_xchg' was not declared. Should it be static?
arch/arm/kernel/traps.c:794:1: warning: symbol 'baddataabort' was not declared. Should it be static?
arch/arm/kernel/traps.c:816:6: warning: symbol '__readwrite_bug' was not declared. Should it be static?
arch/arm/kernel/traps.c:838:17: warning: symbol '__div0' was not declared. Should it be static?
arch/arm/kernel/traps.c:845:6: warning: symbol 'abort' was not declared. Should it be static?
arch/arm/kernel/atags_proc.c:27:13: warning: symbol 'save_atags' was not declared. Should it be static?
arch/arm/mm/copypage-v6.c:125:21: warning: symbol 'v6_user_fns' was not declared. Should it be static?
arch/arm/kernel/cpuidle.c:15:5: warning: symbol 'arm_cpuidle_simple_enter' was not declared. Should it be static?
arch/arm/kernel/bios32.c:58:6: warning: symbol 'pcibios_report_status' was not declared. Should it be static?
arch/arm/kernel/suspend.c:59:6: warning: symbol '__cpu_suspend_save' was not declared. Should it be static?
arch/arm/kernel/smp.c:500:6: warning: symbol 'arch_irq_work_raise' was not declared. Should it be static?
arch/arm/kernel/smp.c:655:5: warning: symbol 'setup_profiling_timer' was not declared. Should it be static?
arch/arm/kernel/arch_timer.c:34:12: warning: symbol 'arch_timer_arch_init' was not declared. Should it be static?
arch/arm/kernel/machine_kexec.c:62:23: warning: cast removes address space of expression
arch/arm/kernel/machine_kexec.c:62:23: warning: cast removes address space of expression
arch/arm/kernel/machine_kexec.c:62:23: warning: incorrect type in initializer (different address spaces)
arch/arm/kernel/machine_kexec.c:62:23:    expected unsigned int const [noderef] <asn:1>*register __p
arch/arm/kernel/machine_kexec.c:62:23:    got unsigned int [usertype] *<noident>
arch/arm/kernel/machine_kexec.c:62:23: warning: cast removes address space of expression
arch/arm/kernel/machine_kexec.c:76:6: warning: symbol 'machine_crash_nonpanic_core' was not declared. Should it be static?
arch/arm/kernel/unwind.c:53:6: warning: symbol '__aeabi_unwind_cpp_pr0' was not declared. Should it be static?
arch/arm/kernel/unwind.c:58:6: warning: symbol '__aeabi_unwind_cpp_pr1' was not declared. Should it be static?
arch/arm/kernel/unwind.c:63:6: warning: symbol '__aeabi_unwind_cpp_pr2' was not declared. Should it be static?
arch/arm/kernel/devtree.c:69:13: warning: symbol 'arm_dt_init_cpu_maps' was not declared. Should it be static?
arch/arm/kernel/devtree.c:204:27: warning: symbol 'setup_machine_fdt' was not declared. Should it be static?
arch/arm/kernel/swp_emulate.c:123:23: warning: incorrect type in assignment (different address spaces)
arch/arm/kernel/swp_emulate.c:123:23:    expected void [noderef] <asn:1>*[assigned] [usertype] _addr
arch/arm/kernel/swp_emulate.c:123:23:    got void *<noident>
arch/arm/kernel/swp_emulate.c:210:14: warning: incorrect type in argument 1 (different base types)
arch/arm/kernel/swp_emulate.c:210:14:    expected void const volatile [noderef] <asn:1>*<noident>
arch/arm/kernel/swp_emulate.c:210:14:    got unsigned int
arch/arm/mach-tegra/irq.c:73:6: warning: symbol 'tegra_pending_sgi' was not declared. Should it be static?
arch/arm/mach-tegra/irq.c:213:5: warning: symbol 'tegra_legacy_irq_syscore_init' was not declared. Should it be static?
kernel/fork.c:96:5: warning: symbol 'max_threads' was not declared. Should it be static?
kernel/fork.c:121:13: warning: symbol 'arch_release_task_struct' was not declared. Should it be static?
kernel/fork.c:139:13: warning: symbol 'arch_release_thread_info' was not declared. Should it be static?
kernel/fork.c:254:20: warning: symbol 'arch_task_cache_init' was not declared. Should it be static?
kernel/fork.c:256:13: warning: symbol 'fork_init' was not declared. Should it be static?
kernel/fork.c:290:12: warning: symbol 'arch_dup_task_struct' was not declared. Should it be static?
kernel/fork.c:1163:41: warning: implicit cast to nocast type
kernel/fork.c:1164:41: warning: implicit cast to nocast type
kernel/fork.c:1291:42: warning: implicit cast to nocast type
kernel/fork.c:1292:43: warning: implicit cast to nocast type
kernel/fork.c:1294:57: warning: implicit cast to nocast type
arch/arm/kernel/perf_event_v7.c:151:9: warning: Initializer entry defined twice
arch/arm/kernel/perf_event_v7.c:152:10:   also defined here
arch/arm/kernel/perf_event_v7.c:164:9: warning: Initializer entry defined twice
arch/arm/kernel/perf_event_v7.c:171:10:   also defined here
arch/arm/kernel/perf_event_v7.c:200:9: warning: Initializer entry defined twice
arch/arm/kernel/perf_event_v7.c:201:10:   also defined here
arch/arm/kernel/perf_event_v7.c:214:9: warning: Initializer entry defined twice
arch/arm/kernel/perf_event_v7.c:221:10:   also defined here
arch/arm/kernel/perf_event_v7.c:244:9: warning: Initializer entry defined twice
arch/arm/kernel/perf_event_v7.c:245:10:   also defined here
arch/arm/kernel/perf_event_v7.c:256:9: warning: Initializer entry defined twice
arch/arm/kernel/perf_event_v7.c:258:10:   also defined here
arch/arm/kernel/perf_event_v7.c:290:9: warning: Initializer entry defined twice
arch/arm/kernel/perf_event_v7.c:291:10:   also defined here
arch/arm/kernel/perf_event_v7.c:303:9: warning: Initializer entry defined twice
arch/arm/kernel/perf_event_v7.c:305:10:   also defined here
arch/arm/kernel/perf_event_v7.c:339:9: warning: Initializer entry defined twice
arch/arm/kernel/perf_event_v7.c:340:10:   also defined here
arch/arm/kernel/perf_event_v7.c:352:9: warning: Initializer entry defined twice
arch/arm/kernel/perf_event_v7.c:359:10:   also defined here
arch/arm/kernel/perf_event_v7.c:388:9: warning: Initializer entry defined twice
arch/arm/kernel/perf_event_v7.c:389:10:   also defined here
arch/arm/kernel/perf_event_v7.c:401:9: warning: Initializer entry defined twice
arch/arm/kernel/perf_event_v7.c:403:10:   also defined here
arch/arm/kernel/perf_event_v7.c:438:9: warning: Initializer entry defined twice
arch/arm/kernel/perf_event_v7.c:439:10:   also defined here
arch/arm/kernel/perf_event_v7.c:447:9: warning: Initializer entry defined twice
arch/arm/kernel/perf_event_v7.c:448:10:   also defined here
arch/arm/kernel/perf_event_v7.c:457:9: warning: Initializer entry defined twice
arch/arm/kernel/perf_event_v7.c:464:10:   also defined here
arch/arm/mach-tegra/pm.c:124:27: warning: incorrect type in initializer (different address spaces)
arch/arm/mach-tegra/pm.c:124:27:    expected unsigned int [usertype] *cpu_in_lp2
arch/arm/mach-tegra/pm.c:124:27:    got void [noderef] <asn:2>*
arch/arm/mach-tegra/pm.c:138:35: warning: incorrect type in initializer (different address spaces)
arch/arm/mach-tegra/pm.c:138:35:    expected struct cpumask [usertype] *cpu_lp2_mask
arch/arm/mach-tegra/pm.c:138:35:    got void [noderef] <asn:2>*
arch/arm/mach-tegra/pm.c:139:27: warning: incorrect type in initializer (different address spaces)
arch/arm/mach-tegra/pm.c:139:27:    expected unsigned int [usertype] *cpu_in_lp2
arch/arm/mach-tegra/pm.c:139:27:    got void [noderef] <asn:2>*
arch/arm/mach-tegra/pm.c:155:5: warning: symbol 'tegra_cpu_do_idle' was not declared. Should it be static?
arch/arm/mach-tegra/pm.c:293:32: warning: incorrect type in argument 2 (different address spaces)
arch/arm/mach-tegra/pm.c:293:32:    expected void const *<noident>
arch/arm/mach-tegra/pm.c:293:32:    got void [noderef] <asn:2>*
arch/arm/mach-tegra/pm.c:295:16: warning: incorrect type in argument 1 (different address spaces)
arch/arm/mach-tegra/pm.c:295:16:    expected void *<noident>
arch/arm/mach-tegra/pm.c:295:16:    got void [noderef] <asn:2>*
arch/arm/mach-tegra/pm.c:298:12: warning: cast removes address space of expression
arch/arm/mach-tegra/pm.c:304:16: warning: incorrect type in argument 1 (different address spaces)
arch/arm/mach-tegra/pm.c:304:16:    expected void *<noident>
arch/arm/mach-tegra/pm.c:304:16:    got void [noderef] <asn:2>*
arch/arm/mach-tegra/pm.c:307:11: warning: cast removes address space of expression
arch/arm/mach-tegra/reset.c:71:9: error: subtraction of functions? Share your drugs
arch/arm/mach-tegra/reset.c:74:25: error: subtraction of functions? Share your drugs
arch/arm/kernel/topology.c:45:15: warning: symbol 'arch_scale_cpu_capacity' was not declared. Should it be static?
arch/arm/kernel/topology.c:192:22: warning: symbol 'cpu_corepower_mask' was not declared. Should it be static?
mm/filemap.c:2090:35: warning: symbol 'generic_file_vm_ops' was not declared. Should it be static?
include/linux/rcupdate.h:936:9: warning: context imbalance in 'find_lock_task_mm' - wrong count at exit
mm/oom_kill.c:164:28: warning: context imbalance in 'oom_badness' - unexpected unlock
mm/oom_kill.c:363:9: warning: context imbalance in 'dump_tasks' - different lock contexts for basic block
include/linux/rcupdate.h:936:9: warning: context imbalance in 'oom_kill_process' - unexpected unlock
arch/arm/mach-tegra/tegra.c:65:5: warning: symbol 'tegra_uart_config' was not declared. Should it be static?
arch/arm/mach-tegra/cpuidle.c:51:6: warning: symbol 'tegra_cpuidle_pcie_irqs_in_use' was not declared. Should it be static?
mm/page_alloc.c:5524:1: error: directive in argument list
mm/page_alloc.c:5526:1: error: directive in argument list
mm/page_alloc.c:5533:1: error: directive in argument list
mm/page_alloc.c:5535:1: error: directive in argument list
fs/open.c:885:18: warning: restricted fmode_t degrades to integer
arch/arm/mach-tegra/cpuidle-tegra20.c:219:6: warning: symbol 'tegra20_cpuidle_pcie_irqs_in_use' was not declared. Should it be static?
arch/arm/mach-tegra/cpuidle-tegra20.c:226:12: warning: symbol 'tegra20_cpuidle_init' was not declared. Should it be static?
mm/swap.c:425:55: warning: context imbalance in 'pagevec_lru_move_fn' - unexpected unlock
mm/swap.c:913:55: warning: context imbalance in 'release_pages' - unexpected unlock
arch/arm/mach-tegra/cpuidle-tegra30.c:146:12: warning: symbol 'tegra30_cpuidle_init' was not declared. Should it be static?
kernel/panic.c:58:13: warning: symbol 'panic_smp_self_stop' was not declared. Should it be static?
kernel/panic.c:72:6: error: symbol 'panic' redeclared with different type (originally declared at include/linux/kernel.h:243) - different modifiers
fs/read_write.c:42:29: warning: incorrect type in return expression (different base types)
fs/read_write.c:42:29:    expected int
fs/read_write.c:42:29:    got restricted fmode_t
fs/read_write.c:42:29: warning: incorrect type in return expression (different base types)
fs/read_write.c:42:29:    expected int
fs/read_write.c:42:29:    got restricted fmode_t
fs/read_write.c:42:29: warning: incorrect type in return expression (different base types)
fs/read_write.c:42:29:    expected int
fs/read_write.c:42:29:    got restricted fmode_t
fs/read_write.c:42:29: warning: incorrect type in return expression (different base types)
fs/read_write.c:42:29:    expected int
fs/read_write.c:42:29:    got restricted fmode_t
mm/vmscan.c:2643:9: warning: incorrect type in argument 2 (different base types)
mm/vmscan.c:2643:9:    expected int enum zone_type [signed] highest_zoneidx
mm/vmscan.c:2643:9:    got restricted gfp_t [usertype] gfp_mask
mm/vmscan.c:2643:9: warning: incorrect type in argument 2 (different base types)
mm/vmscan.c:2643:9:    expected int enum zone_type [signed] highest_zoneidx
mm/vmscan.c:2643:9:    got restricted gfp_t [usertype] gfp_mask
mm/vmscan.c:3775:48: warning: context imbalance in 'check_move_unevictable_pages' - unexpected unlock
kernel/cpu.c:294:9: warning: context imbalance in 'clear_tasks_mm_cpumask' - different lock contexts for basic block
arch/arm/mach-tegra/hotplug.c:24:5: warning: symbol 'tegra_cpu_kill' was not declared. Should it be static?
arch/arm/mach-tegra/hotplug.c:40:12: warning: symbol 'tegra_cpu_die' was not declared. Should it be static?
arch/arm/mach-tegra/cpuidle-tegra114.c:86:12: warning: symbol 'tegra114_cpuidle_init' was not declared. Should it be static?
kernel/exit.c:129:28: warning: incorrect type in argument 2 (different modifiers)
kernel/exit.c:129:28:    expected unsigned long [nocast] [usertype] *utime
kernel/exit.c:129:28:    got unsigned long *<noident>
kernel/exit.c:129:28: warning: implicit cast to nocast type
kernel/exit.c:129:36: warning: incorrect type in argument 3 (different modifiers)
kernel/exit.c:129:36:    expected unsigned long [nocast] [usertype] *stime
kernel/exit.c:129:36:    got unsigned long *<noident>
kernel/exit.c:129:36: warning: implicit cast to nocast type
kernel/exit.c:667:6: error: symbol 'do_exit' redeclared with different type (originally declared at include/linux/kernel.h:249) - different modifiers
kernel/exit.c:848:6: error: symbol 'complete_and_exit' redeclared with different type (originally declared at include/linux/kernel.h:251) - different modifiers
ipc/util.c:152:29: warning: context imbalance in 'ipc_findkey' - wrong count at exit
ipc/util.c:220:5: warning: context imbalance in 'ipc_addid' - different lock contexts for basic block
ipc/util.c:372:27: warning: context imbalance in 'ipcget_public' - unexpected unlock
ipc/util.c:582:22: warning: context imbalance in 'ipc_lock' - different lock contexts for basic block
ipc/util.c:746:29: warning: context imbalance in 'sysvipc_find_ipc' - different lock contexts for basic block
ipc/util.c:784:27: warning: context imbalance in 'sysvipc_proc_next' - unexpected unlock
ipc/util.c:828:27: warning: context imbalance in 'sysvipc_proc_stop' - unexpected unlock
mm/backing-dev.c:45:9: warning: context imbalance in 'bdi_lock_two' - wrong count at exit
mm/backing-dev.c:531:28: warning: context imbalance in 'bdi_destroy' - unexpected unlock
mm/mm_init.c:153:5: warning: symbol 'vm_committed_as_batch' was not declared. Should it be static?
ipc/msgutil.c:54:16: error: incompatible types in comparison expression (different type sizes)
ipc/msgutil.c:66:24: error: incompatible types in comparison expression (different type sizes)
ipc/msgutil.c:94:16: error: incompatible types in comparison expression (different type sizes)
ipc/msgutil.c:101:24: error: incompatible types in comparison expression (different type sizes)
ipc/msgutil.c:155:16: error: incompatible types in comparison expression (different type sizes)
ipc/msgutil.c:162:24: error: incompatible types in comparison expression (different type sizes)
mm/percpu.c:1945:12: warning: symbol 'pcpu_embed_first_chunk' was not declared. Should it be static?
mm/compaction.c:1326:37: warning: incorrect type in initializer (different base types)
mm/compaction.c:1326:37:    expected int [signed] may_enter_fs
mm/compaction.c:1326:37:    got restricted gfp_t
mm/compaction.c:1327:39: warning: incorrect type in initializer (different base types)
mm/compaction.c:1327:39:    expected int [signed] may_perform_io
mm/compaction.c:1327:39:    got restricted gfp_t
mm/compaction.c:230:13: warning: context imbalance in 'compact_trylock_irqsave' - wrong count at exit
include/linux/spinlock.h:364:9: warning: context imbalance in 'compact_unlock_should_abort' - unexpected unlock
mm/compaction.c:436:39: warning: context imbalance in 'isolate_freepages_block' - unexpected unlock
mm/compaction.c:733:39: warning: context imbalance in 'isolate_migratepages_block' - unexpected unlock
ipc/msg.c:147:9: warning: context imbalance in 'newque' - unexpected unlock
ipc/msg.c:212:13: warning: context imbalance in 'freeque' - unexpected unlock
ipc/msg.c:408:9: warning: context imbalance in 'msgctl_down' - different lock contexts for basic block
kernel/softirq.c:745:36: warning: incorrect type in initializer (different address spaces)
kernel/softirq.c:745:36:    expected struct task_struct [noderef] <asn:3>**store
kernel/softirq.c:745:36:    got struct task_struct *[noderef] [toplevel] <asn:3>*<noident>
mm/workingset.c:362:20: warning: context imbalance in 'shadow_lru_isolate' - unexpected unlock
mm/debug.c:173:1: error: directive in argument list
mm/debug.c:175:1: error: directive in argument list
mm/debug.c:184:1: error: directive in argument list
mm/debug.c:186:1: error: directive in argument list
mm/debug.c:187:1: error: directive in argument list
mm/debug.c:189:1: error: directive in argument list
mm/debug.c:191:1: error: directive in argument list
mm/debug.c:193:1: error: directive in argument list
mm/debug.c:194:1: error: directive in argument list
mm/debug.c:196:1: error: directive in argument list
mm/debug.c:197:1: error: directive in argument list
mm/debug.c:199:1: error: directive in argument list
mm/debug.c:203:1: error: directive in argument list
mm/debug.c:205:1: error: directive in argument list
mm/debug.c:217:1: error: directive in argument list
mm/debug.c:219:1: error: directive in argument list
mm/debug.c:220:1: error: directive in argument list
mm/debug.c:222:1: error: directive in argument list
mm/debug.c:224:1: error: directive in argument list
mm/debug.c:226:1: error: directive in argument list
mm/debug.c:227:1: error: directive in argument list
mm/debug.c:229:1: error: directive in argument list
mm/debug.c:230:1: error: directive in argument list
mm/debug.c:232:1: error: directive in argument list
mm/gup.c:564:53: warning: implicit cast to nocast type
ipc/sem.c:532:9: warning: context imbalance in 'newary' - unexpected unlock
ipc/sem.c:1119:17: warning: context imbalance in 'freeary' - unexpected unlock
ipc/sem.c:1572:9: warning: context imbalance in 'semctl_down' - different lock contexts for basic block
ipc/sem.c:1677:24: warning: context imbalance in 'find_alloc_undo' - wrong count at exit
include/linux/rcupdate.h:936:9: warning: context imbalance in 'SyS_semtimedop' - unexpected unlock
mm/highmem.c:101:16: warning: Initializer entry defined twice
mm/highmem.c:101:16:   also defined here
mm/memory.c:118:15: warning: symbol 'zero_pfn' was not declared. Should it be static?
mm/memory.c:905:17: warning: context imbalance in 'copy_pte_range' - different lock contexts for basic block
mm/memory.c:1466:32: warning: context imbalance in '__get_locked_pte' - different lock contexts for basic block
mm/memory.c:1669:17: warning: context imbalance in 'remap_pte_range' - different lock contexts for basic block
mm/memory.c:1867:17: warning: context imbalance in 'apply_to_pte_range' - unexpected unlock
mm/memory.c:3445:12: warning: context imbalance in '__follow_pte' - different lock contexts for basic block
mm/mlock.c:640:37: warning: implicit cast to nocast type
mm/mlock.c:788:37: warning: implicit cast to nocast type
include/linux/mm.h:1385:21: warning: context imbalance in '__munlock_pagevec_fill' - different lock contexts for basic block
mm/mmap.c:1338:47: warning: implicit cast to nocast type
mm/mmap.c:1340:45: warning: implicit cast to nocast type
mm/mmap.c:1349:45: warning: implicit cast to nocast type
mm/mmap.c:1370:47: warning: implicit cast to nocast type
mm/mmap.c:1390:37: warning: implicit cast to nocast type
mm/mmap.c:1394:37: warning: implicit cast to nocast type
mm/mmap.c:1438:33: warning: implicit cast to nocast type
mm/mmap.c:1574:29: warning: implicit cast to nocast type
mm/mmap.c:850:9: warning: context imbalance in 'vma_adjust' - different lock contexts for basic block
fs/exec.c:414:31: warning: incorrect type in return expression (different address spaces)
fs/exec.c:414:31:    expected char const [noderef] <asn:1>*
fs/exec.c:414:31:    got void *
mm/mprotect.c:39:14: warning: context imbalance in 'lock_pte_protection' - different lock contexts for basic block
mm/mprotect.c:128:9: warning: context imbalance in 'change_pte_range' - unexpected unlock
mm/mremap.c:155:9: warning: context imbalance in 'move_ptes' - different lock contexts for basic block
ipc/shm.c:493:31: warning: implicit cast to nocast type
ipc/shm.c:534:36: warning: implicit cast to nocast type
ipc/shm.c:545:36: warning: implicit cast to nocast type
ipc/shm.c:95:17: warning: context imbalance in 'do_shm_rmid' - unexpected unlock
ipc/shm.c:195:9: warning: context imbalance in 'shm_open' - unexpected unlock
ipc/shm.c:210:13: warning: context imbalance in 'shm_destroy' - unexpected unlock
ipc/shm.c:267:17: warning: context imbalance in 'shm_close' - unexpected unlock
ipc/shm.c:272:12: warning: context imbalance in 'shm_try_destroy_orphaned' - different lock contexts for basic block
ipc/shm.c:335:9: warning: context imbalance in 'exit_shm' - different lock contexts for basic block
./arch/arm/include/asm/thread_info.h:115:9: warning: context imbalance in 'newseg' - unexpected unlock
ipc/shm.c:827:9: warning: context imbalance in 'shmctl_down' - different lock contexts for basic block
ipc/shm.c:1198:17: warning: context imbalance in 'do_shmat' - unexpected unlock
mm/rmap.c:609:23: warning: Using plain integer as NULL pointer
mm/rmap.c:1481:6: warning: symbol 'is_vma_temporary_stack' was not declared. Should it be static?
mm/rmap.c:600:7: warning: context imbalance in '__page_check_address' - wrong count at exit
mm/vmalloc.c:580:6: warning: symbol 'set_iounmap_nonlazy' was not declared. Should it be static?
include/linux/rcupdate.h:936:9: warning: context imbalance in 'unlazy_walk' - unexpected unlock
include/linux/rcupdate.h:936:9: warning: context imbalance in 'complete_walk' - unexpected unlock
include/linux/rcupdate.h:936:9: warning: context imbalance in 'follow_dotdot_rcu' - unexpected unlock
include/linux/rcupdate.h:936:9: warning: context imbalance in 'terminate_walk' - unexpected unlock
fs/namei.c:1823:12: warning: context imbalance in 'path_init' - different lock contexts for basic block
mm/memblock.c:1219:6: warning: symbol 'memblock_virt_alloc_try_nid_nopanic' was not declared. Should it be static?
mm/memblock.c:1249:6: warning: symbol 'memblock_virt_alloc_try_nid' was not declared. Should it be static?
mm/memblock.c:1278:13: warning: symbol '__memblock_free_early' was not declared. Should it be static?
mm/memblock.c:1296:13: warning: symbol '__memblock_free_late' was not declared. Should it be static?
block/bio.c:1568:33: warning: incorrect type in initializer (different address spaces)
block/bio.c:1568:33:    expected char *p
block/bio.c:1568:33:    got void [noderef] <asn:1>*iov_base
crypto/cipher.c:70:24: warning: Variable length array is used.
kernel/ptrace.c:1008:9: warning: context imbalance in 'ptrace_request' - different lock contexts for basic block
mm/swapfile.c:601:20: warning: context imbalance in 'scan_swap_map' - unexpected unlock
mm/swapfile.c:725:32: warning: context imbalance in 'swap_info_get' - different lock contexts for basic block
mm/swapfile.c:838:17: warning: context imbalance in 'swap_free' - unexpected unlock
mm/swapfile.c:852:17: warning: context imbalance in 'swapcache_free' - unexpected unlock
mm/swapfile.c:871:35: warning: context imbalance in 'page_swapcount' - unexpected unlock
mm/swapfile.c:961:28: warning: context imbalance in 'free_swap_and_cache' - unexpected unlock
mm/swapfile.c:2827:20: warning: context imbalance in 'add_swap_count_continuation' - unexpected unlock
mm/slab.c:3260:25: error: undefined identifier 'slab_free'
mm/slab.c:3260:34: error: not a function <noident>
mm/slab.c:3260:34: error: not a function <noident>
mm/migrate.c:115:24: warning: Using plain integer as NULL pointer
kernel/user.c:73:19: warning: symbol 'uidhash_table' was not declared. Should it be static?
mm/slab.c: In function ‘slab_alloc’:
mm/slab.c:3260:4: error: implicit declaration of function ‘slab_free’ [-Werror=implicit-function-declaration]
mm/slab.c: At top level:
mm/slab.c:3534:29: warning: conflicting types for ‘slab_free’ [enabled by default]
mm/slab.c:3534:29: error: static declaration of ‘slab_free’ follows non-static declaration
mm/slab.c:3260:4: note: previous implicit declaration of ‘slab_free’ was here
cc1: some warnings being treated as errors
make[1]: *** [mm/slab.o] Error 1
make[1]: *** Waiting for unfinished jobs....
block/blk-core.c:1015:24: warning: context imbalance in '__get_request' - unexpected unlock
block/blk-core.c:1153:23: warning: context imbalance in 'blk_old_get_request' - different lock contexts for basic block
block/blk-core.c:1544:6: warning: context imbalance in 'blk_queue_bio' - different lock contexts for basic block
block/blk-core.c:3148:17: warning: context imbalance in 'blk_flush_plug_list' - unexpected unlock
kernel/signal.c:1667:28: warning: incorrect type in argument 2 (different modifiers)
kernel/signal.c:1667:28:    expected unsigned long [nocast] [usertype] *utime
kernel/signal.c:1667:28:    got unsigned long *<noident>
kernel/signal.c:1667:28: warning: implicit cast to nocast type
kernel/signal.c:1667:36: warning: incorrect type in argument 3 (different modifiers)
kernel/signal.c:1667:36:    expected unsigned long [nocast] [usertype] *stime
kernel/signal.c:1667:36:    got unsigned long *<noident>
kernel/signal.c:1667:36: warning: implicit cast to nocast type
kernel/signal.c:1752:28: warning: incorrect type in argument 2 (different modifiers)
kernel/signal.c:1752:28:    expected unsigned long [nocast] [usertype] *utime
kernel/signal.c:1752:28:    got unsigned long *<noident>
kernel/signal.c:1752:28: warning: implicit cast to nocast type
kernel/signal.c:1752:36: warning: incorrect type in argument 3 (different modifiers)
kernel/signal.c:1752:36:    expected unsigned long [nocast] [usertype] *stime
kernel/signal.c:1752:36:    got unsigned long *<noident>
kernel/signal.c:1752:36: warning: implicit cast to nocast type
kernel/signal.c:1260:23: warning: context imbalance in '__lock_task_sighand' - different lock contexts for basic block
kernel/signal.c:1997:13: warning: context imbalance in 'do_signal_stop' - different lock contexts for basic block
kernel/signal.c:2246:25: warning: context imbalance in 'get_signal' - unexpected unlock
kernel/sys.c:872:49: warning: incorrect type in argument 2 (different modifiers)
kernel/sys.c:872:49:    expected unsigned long [nocast] [usertype] *ut
kernel/sys.c:872:49:    got unsigned long *<noident>
kernel/sys.c:872:49: warning: implicit cast to nocast type
kernel/sys.c:872:59: warning: incorrect type in argument 3 (different modifiers)
kernel/sys.c:872:59:    expected unsigned long [nocast] [usertype] *st
kernel/sys.c:872:59:    got unsigned long *<noident>
kernel/sys.c:872:59: warning: implicit cast to nocast type
kernel/sys.c:1535:25: warning: implicit cast to nocast type
kernel/sys.c:1538:49: warning: incorrect type in argument 2 (different modifiers)
kernel/sys.c:1538:49:    expected unsigned long [nocast] [usertype] *ut
kernel/sys.c:1538:49:    got unsigned long *<noident>
kernel/sys.c:1538:49: warning: implicit cast to nocast type
kernel/sys.c:1538:57: warning: incorrect type in argument 3 (different modifiers)
kernel/sys.c:1538:57:    expected unsigned long [nocast] [usertype] *st
kernel/sys.c:1538:57:    got unsigned long *<noident>
kernel/sys.c:1538:57: warning: implicit cast to nocast type
kernel/sys.c:1564:51: warning: incorrect type in argument 2 (different modifiers)
kernel/sys.c:1564:51:    expected unsigned long [nocast] [usertype] *ut
kernel/sys.c:1564:51:    got unsigned long *<noident>
kernel/sys.c:1564:51: warning: implicit cast to nocast type
kernel/sys.c:1564:61: warning: incorrect type in argument 3 (different modifiers)
kernel/sys.c:1564:61:    expected unsigned long [nocast] [usertype] *st
kernel/sys.c:1564:61:    got unsigned long *<noident>
kernel/sys.c:1564:61: warning: implicit cast to nocast type
make: *** [mm] Error 2
make: *** Waiting for unfinished jobs....
kernel/workqueue.c:4372:61: warning: expression using sizeof bool
kernel/pid.c:48:5: warning: symbol 'pid_max' was not declared. Should it be static?
kernel/pid.c:52:5: warning: symbol 'pid_max_min' was not declared. Should it be static?
kernel/pid.c:53:5: warning: symbol 'pid_max_max' was not declared. Should it be static?
block/blk-flush.c:266:9: warning: context imbalance in 'flush_end_io' - different lock contexts for basic block
fs/dcache.c:311:9: warning: context imbalance in 'dentry_iput' - different lock contexts for basic block
fs/dcache.c:505:28: warning: context imbalance in '__dentry_kill' - unexpected unlock
fs/dcache.c:532:22: warning: context imbalance in 'dentry_kill' - wrong count at exit
fs/dcache.c:646:9: warning: context imbalance in 'dput' - unexpected unlock
fs/dcache.c:773:18: warning: context imbalance in 'd_prune_aliases' - different lock contexts for basic block
fs/dcache.c:815:44: warning: context imbalance in 'shrink_dentry_list' - unexpected unlock
fs/dcache.c:954:24: warning: context imbalance in 'dentry_lru_isolate_shrink' - different lock contexts for basic block
fs/dcache.c:1114:22: warning: context imbalance in 'd_walk' - different lock contexts for basic block
fs/dcache.c:1611:31: warning: context imbalance in 'd_instantiate' - different lock contexts for basic block
fs/dcache.c:1678:9: warning: context imbalance in 'd_instantiate_unique' - different lock contexts for basic block
fs/dcache.c:2408:9: warning: context imbalance in 'dentry_lock_for_move' - wrong count at exit
fs/dcache.c:2420:28: warning: context imbalance in 'dentry_unlock_for_move' - unexpected unlock
fs/dcache.c:2599:20: warning: context imbalance in '__d_unalias' - unexpected unlock
fs/dcache.c:2670:25: warning: context imbalance in 'd_splice_alias' - different lock contexts for basic block
fs/dcache.c:2833:9: warning: context imbalance in 'prepend_path' - wrong count at exit
include/linux/err.h:23:20: warning: context imbalance in '__dentry_path' - different lock contexts for basic block
kernel/extable.c:39:26: warning: symbol 'main_extable_sort_needed' was not declared. Should it be static?
fs/inode.c:719:17: warning: context imbalance in 'inode_lru_isolate' - unexpected unlock
fs/inode.c:776:9: warning: context imbalance in 'find_inode' - different lock contexts for basic block
fs/inode.c:803:9: warning: context imbalance in 'find_inode_fast' - different lock contexts for basic block
fs/inode.c:1283:5: warning: context imbalance in 'insert_inode_locked' - wrong count at exit
fs/inode.c:1325:5: warning: context imbalance in 'insert_inode_locked4' - wrong count at exit
fs/inode.c:1417:20: warning: context imbalance in 'iput_final' - unexpected unlock
fs/inode.c:1433:9: warning: context imbalance in 'iput' - wrong count at exit
fs/inode.c:1710:13: warning: context imbalance in '__wait_on_freeing_inode' - unexpected unlock
fs/file.c:27:5: warning: symbol 'sysctl_nr_open_min' was not declared. Should it be static?
fs/file.c:30:5: warning: symbol 'sysctl_nr_open_max' was not declared. Should it be static?
fs/file.c:430:21: warning: symbol 'init_files' was not declared. Should it be static?
crypto/shash.c:82:40: warning: Variable length array is used.
crypto/shash.c:118:40: warning: Variable length array is used.
kernel/smpboot.c:169:36: warning: incorrect type in initializer (different address spaces)
kernel/smpboot.c:169:36:    expected void const [noderef] <asn:3>*__vpp_verify
kernel/smpboot.c:169:36:    got struct task_struct [noderef] <asn:3>**<noident>
kernel/smpboot.c:169:35: warning: incorrect type in initializer (different address spaces)
kernel/smpboot.c:169:35:    expected struct task_struct *tsk
kernel/smpboot.c:169:35:    got struct task_struct [noderef] <asn:3>*<noident>
kernel/smpboot.c:188:10: warning: incorrect type in initializer (different address spaces)
kernel/smpboot.c:188:10:    expected void const [noderef] <asn:3>*__vpp_verify
kernel/smpboot.c:188:10:    got struct task_struct [noderef] <asn:3>**<noident>
kernel/smpboot.c:188:38: warning: incorrect type in assignment (different address spaces)
kernel/smpboot.c:188:38:    expected struct task_struct [noderef] <asn:3>*<noident>
kernel/smpboot.c:188:38:    got struct task_struct *[assigned] tsk
kernel/smpboot.c:221:36: warning: incorrect type in initializer (different address spaces)
kernel/smpboot.c:221:36:    expected void const [noderef] <asn:3>*__vpp_verify
kernel/smpboot.c:221:36:    got struct task_struct [noderef] <asn:3>**<noident>
kernel/smpboot.c:221:35: warning: incorrect type in initializer (different address spaces)
kernel/smpboot.c:221:35:    expected struct task_struct *tsk
kernel/smpboot.c:221:35:    got struct task_struct [noderef] <asn:3>*<noident>
kernel/smpboot.c:240:36: warning: incorrect type in initializer (different address spaces)
kernel/smpboot.c:240:36:    expected void const [noderef] <asn:3>*__vpp_verify
kernel/smpboot.c:240:36:    got struct task_struct [noderef] <asn:3>**<noident>
kernel/smpboot.c:240:35: warning: incorrect type in initializer (different address spaces)
kernel/smpboot.c:240:35:    expected struct task_struct *tsk
kernel/smpboot.c:240:35:    got struct task_struct [noderef] <asn:3>*<noident>
kernel/smpboot.c:262:44: warning: incorrect type in initializer (different address spaces)
kernel/smpboot.c:262:44:    expected void const [noderef] <asn:3>*__vpp_verify
kernel/smpboot.c:262:44:    got struct task_struct [noderef] <asn:3>**<noident>
kernel/smpboot.c:262:43: warning: incorrect type in initializer (different address spaces)
kernel/smpboot.c:262:43:    expected struct task_struct *tsk
kernel/smpboot.c:262:43:    got struct task_struct [noderef] <asn:3>*<noident>
kernel/smpboot.c:267:26: warning: incorrect type in initializer (different address spaces)
kernel/smpboot.c:267:26:    expected void const [noderef] <asn:3>*__vpp_verify
kernel/smpboot.c:267:26:    got struct task_struct [noderef] <asn:3>**<noident>
kernel/bpf/core.c:430:43: error: arithmetics on pointers to functions
kernel/events/core.c:320:26: warning: function 'perf_pmu_name' with external linkage has definition
kernel/events/core.c:194:6: warning: symbol 'update_perf_cpu_limits' was not declared. Should it be static?
kernel/events/core.c:735:1: warning: symbol 'perf_cgroup_switch' was not declared. Should it be static?
kernel/events/core.c:807:26: warning: incorrect type in initializer (different address spaces)
kernel/events/core.c:807:26:    expected void const [noderef] <asn:3>*__vpp_verify
kernel/events/core.c:807:26:    got struct perf_cpu_context *<noident>
kernel/events/core.c:793:6: warning: symbol 'perf_cpu_hrtimer_cancel' was not declared. Should it be static?
kernel/events/core.c:863:22: warning: incorrect type in initializer (different address spaces)
kernel/events/core.c:863:22:    expected void const [noderef] <asn:3>*__vpp_verify
kernel/events/core.c:863:22:    got int *<noident>
kernel/events/core.c:870:22: warning: incorrect type in initializer (different address spaces)
kernel/events/core.c:870:22:    expected void const [noderef] <asn:3>*__vpp_verify
kernel/events/core.c:870:22:    got int *<noident>
kernel/events/core.c:884:43: warning: incorrect type in initializer (different address spaces)
kernel/events/core.c:884:43:    expected void const [noderef] <asn:3>*__vpp_verify
kernel/events/core.c:884:43:    got struct perf_cpu_context *<noident>
kernel/events/core.c:333:16: warning: incorrect type in initializer (different address spaces)
kernel/events/core.c:333:16:    expected void const [noderef] <asn:3>*__vpp_verify
kernel/events/core.c:333:16:    got struct perf_cpu_context *<noident>
kernel/events/core.c:333:16: warning: incorrect type in initializer (different address spaces)
kernel/events/core.c:333:16:    expected void const [noderef] <asn:3>*__vpp_verify
kernel/events/core.c:333:16:    got struct perf_cpu_context *<noident>
kernel/events/core.c:333:16: warning: incorrect type in initializer (different address spaces)
kernel/events/core.c:333:16:    expected void const [noderef] <asn:3>*__vpp_verify
kernel/events/core.c:333:16:    got struct perf_cpu_context *<noident>
kernel/events/core.c:333:16: warning: incorrect type in initializer (different address spaces)
kernel/events/core.c:333:16:    expected void const [noderef] <asn:3>*__vpp_verify
kernel/events/core.c:333:16:    got struct perf_cpu_context *<noident>
kernel/events/core.c:333:16: warning: incorrect type in initializer (different address spaces)
kernel/events/core.c:333:16:    expected void const [noderef] <asn:3>*__vpp_verify
kernel/events/core.c:333:16:    got struct perf_cpu_context *<noident>
kernel/events/core.c:333:16: warning: incorrect type in initializer (different address spaces)
kernel/events/core.c:333:16:    expected void const [noderef] <asn:3>*__vpp_verify
kernel/events/core.c:333:16:    got struct perf_cpu_context *<noident>
kernel/events/core.c:333:16: warning: incorrect type in initializer (different address spaces)
kernel/events/core.c:333:16:    expected void const [noderef] <asn:3>*__vpp_verify
kernel/events/core.c:333:16:    got struct perf_cpu_context *<noident>
kernel/events/core.c:333:16: warning: incorrect type in initializer (different address spaces)
kernel/events/core.c:333:16:    expected void const [noderef] <asn:3>*__vpp_verify
kernel/events/core.c:333:16:    got struct perf_cpu_context *<noident>
kernel/events/core.c:2653:26: warning: incorrect type in initializer (different address spaces)
kernel/events/core.c:2653:26:    expected void const [noderef] <asn:3>*__vpp_verify
kernel/events/core.c:2653:26:    got struct perf_cpu_context *<noident>
kernel/events/core.c:333:16: warning: incorrect type in initializer (different address spaces)
kernel/events/core.c:333:16:    expected void const [noderef] <asn:3>*__vpp_verify
kernel/events/core.c:333:16:    got struct perf_cpu_context *<noident>
kernel/events/core.c:3223:26: warning: incorrect type in initializer (different address spaces)
kernel/events/core.c:3223:26:    expected void const [noderef] <asn:3>*__vpp_verify
kernel/events/core.c:3223:26:    got struct perf_cpu_context *<noident>
kernel/events/core.c:3950:13: warning: symbol 'arch_perf_update_userpage' was not declared. Should it be static?
kernel/events/internal.h:139:46: warning: incorrect type in argument 2 (different address spaces)
kernel/events/internal.h:139:46:    expected void const [noderef] <asn:1>*from
kernel/events/internal.h:139:46:    got void const *src
kernel/events/core.c:5059:26: warning: incorrect type in initializer (different address spaces)
kernel/events/core.c:5059:26:    expected void const [noderef] <asn:3>*__vpp_verify
kernel/events/core.c:5059:26:    got struct perf_cpu_context *<noident>
crypto/hmac.c:55:9: warning: Variable length array is used.
kernel/events/core.c:6548:35: warning: incorrect type in return expression (different address spaces)
kernel/events/core.c:6548:35:    expected struct perf_cpu_context [noderef] <asn:3>*
kernel/events/core.c:6548:35:    got struct perf_cpu_context *[noderef] pmu_cpu_context
kernel/events/core.c:6561:26: warning: incorrect type in initializer (different address spaces)
kernel/events/core.c:6561:26:    expected void const [noderef] <asn:3>*__vpp_verify
kernel/events/core.c:6561:26:    got struct perf_cpu_context *<noident>
kernel/events/core.c:6583:24: warning: incorrect type in argument 1 (different address spaces)
kernel/events/core.c:6583:24:    expected void [noderef] <asn:3>*__pdata
kernel/events/core.c:6583:24:    got struct perf_cpu_context *[noderef] pmu_cpu_context
kernel/events/core.c:6632:26: warning: incorrect type in initializer (different address spaces)
kernel/events/core.c:6632:26:    expected void const [noderef] <asn:3>*__vpp_verify
kernel/events/core.c:6632:26:    got struct perf_cpu_context *<noident>
kernel/events/core.c:6699:32: warning: incorrect type in assignment (different address spaces)
kernel/events/core.c:6699:32:    expected int *[noderef] pmu_disable_count
kernel/events/core.c:6699:32:    got int [noderef] <asn:3>*<noident>
kernel/events/core.c:6724:30: warning: incorrect type in assignment (different address spaces)
kernel/events/core.c:6724:30:    expected struct perf_cpu_context *[noderef] pmu_cpu_context
kernel/events/core.c:6724:30:    got struct perf_cpu_context [noderef] <asn:3>*
kernel/events/core.c:6729:30: warning: incorrect type in assignment (different address spaces)
kernel/events/core.c:6729:30:    expected struct perf_cpu_context *[noderef] pmu_cpu_context
kernel/events/core.c:6729:30:    got struct perf_cpu_context [noderef] <asn:3>*<noident>
kernel/events/core.c:6736:26: warning: incorrect type in initializer (different address spaces)
kernel/events/core.c:6736:26:    expected void const [noderef] <asn:3>*__vpp_verify
kernel/events/core.c:6736:26:    got struct perf_cpu_context *<noident>
kernel/events/core.c:6791:24: warning: incorrect type in argument 1 (different address spaces)
kernel/events/core.c:6791:24:    expected void [noderef] <asn:3>*__pdata
kernel/events/core.c:6791:24:    got int *[noderef] pmu_disable_count
kernel/events/core.c:6809:24: warning: incorrect type in argument 1 (different address spaces)
kernel/events/core.c:6809:24:    expected void [noderef] <asn:3>*__pdata
kernel/events/core.c:6809:24:    got int *[noderef] pmu_disable_count
kernel/events/core.c:6818:12: warning: symbol 'perf_init_event' was not declared. Should it be static?
kernel/events/core.c:7551:20: warning: incorrect type in initializer (different address spaces)
kernel/events/core.c:7551:20:    expected void const [noderef] <asn:3>*__vpp_verify
kernel/events/core.c:7551:20:    got struct perf_cpu_context *<noident>
kernel/events/core.c:7552:20: warning: incorrect type in initializer (different address spaces)
kernel/events/core.c:7552:20:    expected void const [noderef] <asn:3>*__vpp_verify
kernel/events/core.c:7552:20:    got struct perf_cpu_context *<noident>
kernel/events/core.c:8111:43: warning: incorrect type in initializer (different address spaces)
kernel/events/core.c:8111:43:    expected void const [noderef] <asn:3>*__vpp_verify
kernel/events/core.c:8111:43:    got struct perf_cpu_context *<noident>
kernel/events/core.c:8139:24: warning: incorrect type in initializer (different address spaces)
kernel/events/core.c:8139:24:    expected void const [noderef] <asn:3>*__vpp_verify
kernel/events/core.c:8139:24:    got struct perf_cpu_context *<noident>
kernel/events/core.c:340:9: warning: context imbalance in 'perf_ctx_lock' - wrong count at exit
kernel/events/core.c:348:17: warning: context imbalance in 'perf_ctx_unlock' - unexpected unlock
kernel/events/core.c:1013:9: warning: context imbalance in 'perf_lock_task_context' - wrong count at exit
kernel/events/core.c:1029:17: warning: context imbalance in 'perf_pin_task_context' - unexpected unlock
kernel/events/core.c:1958:25: warning: context imbalance in '__perf_install_in_context' - unexpected unlock
kernel/events/core.c:3239:17: warning: context imbalance in 'find_get_context' - unexpected unlock
kernel/events/core.c:5072:17: warning: dereference of noderef expression
kernel/events/core.c:6548:32: warning: dereference of noderef expression
kernel/events/core.c:6577:21: warning: dereference of noderef expression
kernel/events/core.c:6577:43: warning: dereference of noderef expression
kernel/events/core.c:6583:21: warning: dereference of noderef expression
kernel/events/core.c:6700:14: warning: dereference of noderef expression
kernel/events/core.c:6725:13: warning: dereference of noderef expression
kernel/events/core.c:6730:14: warning: dereference of noderef expression
kernel/events/core.c:6791:21: warning: dereference of noderef expression
kernel/events/core.c:6809:21: warning: dereference of noderef expression
fs/libfs.c:846:16: error: incompatible types in comparison expression (different type sizes)
fs/fs-writeback.c:1104:9: warning: context imbalance in 'block_dump___mark_inode_dirty' - different lock contexts for basic block
crypto/cbc.c:149:20: warning: Variable length array is used.
kernel/irq/irqdesc.c:522:17: warning: context imbalance in '__irq_get_desc_lock' - wrong count at exit
kernel/irq/irqdesc.c:546:6: warning: context imbalance in '__irq_put_desc_unlock' - unexpected unlock
crypto/ctr.c:61:22: warning: Variable length array is used.
crypto/ctr.c:110:22: warning: Variable length array is used.
block/genhd.c:1398:10: error: bad integer constant expression
block/genhd.c:1399:10: error: bad integer constant expression
block/genhd.c:1403:10: error: bad integer constant expression
block/genhd.c:1404:10: error: bad integer constant expression
fs/fs_struct.c:161:18: warning: symbol 'init_fs' was not declared. Should it be static?
kernel/irq/spurious.c:47:17: warning: context imbalance in 'irq_wait_for_poll' - unexpected unlock
fs/buffer.c:1073:20: warning: symbol '__getblk_slow' was not declared. Should it be static?
fs/buffer.c:2964:6: warning: symbol 'guard_bio_eod' was not declared. Should it be static?
kernel/events/ring_buffer.c:104:5: warning: context imbalance in 'perf_output_begin' - different lock contexts for basic block
kernel/events/ring_buffer.c:217:6: warning: context imbalance in 'perf_output_end' - unexpected unlock
kernel/events/hw_breakpoint.c:83:12: warning: symbol 'hw_breakpoint_weight' was not declared. Should it be static?
kernel/events/hw_breakpoint.c:231:13: warning: symbol 'arch_unregister_hw_breakpoint' was not declared. Should it be static?
./arch/arm/include/asm/spinlock.h:80:9: warning: context imbalance in '_raw_spin_lock' - wrong count at exit
./arch/arm/include/asm/spinlock.h:80:9: warning: context imbalance in '_raw_spin_lock_irqsave' - wrong count at exit
./arch/arm/include/asm/spinlock.h:80:9: warning: context imbalance in '_raw_spin_lock_irq' - wrong count at exit
./arch/arm/include/asm/spinlock.h:80:9: warning: context imbalance in '_raw_spin_lock_bh' - wrong count at exit
kernel/locking/spinlock.c:181:17: warning: context imbalance in '_raw_spin_unlock' - unexpected unlock
kernel/locking/spinlock.c:189:17: warning: context imbalance in '_raw_spin_unlock_irqrestore' - unexpected unlock
kernel/locking/spinlock.c:197:17: warning: context imbalance in '_raw_spin_unlock_irq' - unexpected unlock
kernel/locking/spinlock.c:205:17: warning: context imbalance in '_raw_spin_unlock_bh' - unexpected unlock
kernel/locking/spinlock.c:221:17: warning: context imbalance in '_raw_read_lock' - wrong count at exit
kernel/locking/spinlock.c:229:26: warning: context imbalance in '_raw_read_lock_irqsave' - wrong count at exit
kernel/locking/spinlock.c:237:17: warning: context imbalance in '_raw_read_lock_irq' - wrong count at exit
kernel/locking/spinlock.c:245:17: warning: context imbalance in '_raw_read_lock_bh' - wrong count at exit
include/linux/rwlock_api_smp.h:226:9: warning: context imbalance in '_raw_read_unlock' - unexpected unlock
include/linux/rwlock_api_smp.h:234:9: warning: context imbalance in '_raw_read_unlock_irqrestore' - unexpected unlock
include/linux/rwlock_api_smp.h:242:9: warning: context imbalance in '_raw_read_unlock_irq' - unexpected unlock
include/linux/rwlock_api_smp.h:250:9: warning: context imbalance in '_raw_read_unlock_bh' - unexpected unlock
kernel/locking/spinlock.c:293:17: warning: context imbalance in '_raw_write_lock' - wrong count at exit
kernel/locking/spinlock.c:301:26: warning: context imbalance in '_raw_write_lock_irqsave' - wrong count at exit
kernel/locking/spinlock.c:309:17: warning: context imbalance in '_raw_write_lock_irq' - wrong count at exit
kernel/locking/spinlock.c:317:17: warning: context imbalance in '_raw_write_lock_bh' - wrong count at exit
kernel/locking/spinlock.c:325:17: warning: context imbalance in '_raw_write_unlock' - unexpected unlock
kernel/locking/spinlock.c:333:17: warning: context imbalance in '_raw_write_unlock_irqrestore' - unexpected unlock
kernel/locking/spinlock.c:341:17: warning: context imbalance in '_raw_write_unlock_irq' - unexpected unlock
kernel/locking/spinlock.c:349:17: warning: context imbalance in '_raw_write_unlock_bh' - unexpected unlock
fs/direct-io.c:1109:36: warning: Using plain integer as NULL pointer
fs/direct-io.c:161:58: warning: cast truncates bits from constant value (7fffffffffffffff becomes ffffffff)
kernel/power/main.c:49:5: warning: symbol 'pm_async_enabled' was not declared. Should it be static?
kernel/power/main.c:619:25: warning: symbol 'pm_wq' was not declared. Should it be static?
kernel/printk/printk.c:233:1: warning: symbol 'log_wait' was not declared. Should it be static?
kernel/printk/printk.c:918:15: warning: memcpy with byte count of 131072
fs/debugfs/file.c:472:20: error: incompatible types in comparison expression (different type sizes)
kernel/sched/core.c:922:6: warning: symbol 'sched_set_stop_task' was not declared. Should it be static?
kernel/sched/core.c:1158:5: warning: symbol 'migrate_swap' was not declared. Should it be static?
kernel/sched/core.c:2978:35: warning: symbol 'preempt_schedule_irq' was not declared. Should it be static?
kernel/sched/core.c:5893:28: warning: incorrect type in initializer (different address spaces)
kernel/sched/core.c:5893:28:    expected void const [noderef] <asn:3>*__vpp_verify
kernel/sched/core.c:5893:28:    got struct sched_domain **<noident>
kernel/sched/core.c:5928:28: warning: incorrect type in initializer (different address spaces)
kernel/sched/core.c:5928:28:    expected void const [noderef] <asn:3>*__vpp_verify
kernel/sched/core.c:5928:28:    got struct sched_domain **<noident>
kernel/sched/core.c:5948:28: warning: incorrect type in initializer (different address spaces)
kernel/sched/core.c:5948:28:    expected void const [noderef] <asn:3>*__vpp_verify
kernel/sched/core.c:5948:28:    got struct sched_group_capacity **<noident>
kernel/sched/core.c:5988:36: warning: incorrect type in initializer (different address spaces)
kernel/sched/core.c:5988:36:    expected void const [noderef] <asn:3>*__vpp_verify
kernel/sched/core.c:5988:36:    got struct sched_domain **<noident>
kernel/sched/core.c:5995:24: warning: incorrect type in initializer (different address spaces)
kernel/sched/core.c:5995:24:    expected void const [noderef] <asn:3>*__vpp_verify
kernel/sched/core.c:5995:24:    got struct sched_group **<noident>
kernel/sched/core.c:5996:31: warning: incorrect type in initializer (different address spaces)
kernel/sched/core.c:5996:31:    expected void const [noderef] <asn:3>*__vpp_verify
kernel/sched/core.c:5996:31:    got struct sched_group_capacity **<noident>
kernel/sched/core.c:6682:39: warning: incorrect type in initializer (different address spaces)
kernel/sched/core.c:6682:39:    expected void const [noderef] <asn:3>*__vpp_verify
kernel/sched/core.c:6682:39:    got struct sched_domain **<noident>
kernel/sched/core.c:6685:40: warning: incorrect type in initializer (different address spaces)
kernel/sched/core.c:6685:40:    expected void const [noderef] <asn:3>*__vpp_verify
kernel/sched/core.c:6685:40:    got struct sched_domain **<noident>
kernel/sched/core.c:6689:40: warning: incorrect type in initializer (different address spaces)
kernel/sched/core.c:6689:40:    expected void const [noderef] <asn:3>*__vpp_verify
kernel/sched/core.c:6689:40:    got struct sched_group **<noident>
kernel/sched/core.c:6691:40: warning: incorrect type in initializer (different address spaces)
kernel/sched/core.c:6691:40:    expected void const [noderef] <asn:3>*__vpp_verify
kernel/sched/core.c:6691:40:    got struct sched_group_capacity **<noident>
kernel/sched/core.c:6693:32: warning: incorrect type in argument 1 (different address spaces)
kernel/sched/core.c:6693:32:    expected void [noderef] <asn:3>*__pdata
kernel/sched/core.c:6693:32:    got struct sched_domain **[noderef] sd
kernel/sched/core.c:6695:32: warning: incorrect type in argument 1 (different address spaces)
kernel/sched/core.c:6695:32:    expected void [noderef] <asn:3>*__pdata
kernel/sched/core.c:6695:32:    got struct sched_group **[noderef] sg
kernel/sched/core.c:6697:32: warning: incorrect type in argument 1 (different address spaces)
kernel/sched/core.c:6697:32:    expected void [noderef] <asn:3>*__pdata
kernel/sched/core.c:6697:32:    got struct sched_group_capacity **[noderef] sgc
kernel/sched/core.c:6625:25: warning: incorrect type in assignment (different address spaces)
kernel/sched/core.c:6625:25:    expected struct sched_domain **[noderef] sd
kernel/sched/core.c:6625:25:    got struct sched_domain *[noderef] <asn:3>*<noident>
kernel/sched/core.c:6629:25: warning: incorrect type in assignment (different address spaces)
kernel/sched/core.c:6629:25:    expected struct sched_group **[noderef] sg
kernel/sched/core.c:6629:25:    got struct sched_group *[noderef] <asn:3>*<noident>
kernel/sched/core.c:6633:26: warning: incorrect type in assignment (different address spaces)
kernel/sched/core.c:6633:26:    expected struct sched_group_capacity **[noderef] sgc
kernel/sched/core.c:6633:26:    got struct sched_group_capacity *[noderef] <asn:3>*<noident>
kernel/sched/core.c:6647:26: warning: incorrect type in initializer (different address spaces)
kernel/sched/core.c:6647:26:    expected void const [noderef] <asn:3>*__vpp_verify
kernel/sched/core.c:6647:26:    got struct sched_domain **<noident>
kernel/sched/core.c:6656:26: warning: incorrect type in initializer (different address spaces)
kernel/sched/core.c:6656:26:    expected void const [noderef] <asn:3>*__vpp_verify
kernel/sched/core.c:6656:26:    got struct sched_group **<noident>
kernel/sched/core.c:6663:26: warning: incorrect type in initializer (different address spaces)
kernel/sched/core.c:6663:26:    expected void const [noderef] <asn:3>*__vpp_verify
kernel/sched/core.c:6663:26:    got struct sched_group_capacity **<noident>
kernel/sched/core.c:6136:30: warning: incorrect type in argument 1 (different address spaces)
kernel/sched/core.c:6136:30:    expected void [noderef] <asn:3>*__pdata
kernel/sched/core.c:6136:30:    got struct sched_domain **[noderef] sd
kernel/sched/core.c:6151:15: warning: incorrect type in assignment (different address spaces)
kernel/sched/core.c:6151:15:    expected struct sched_domain **[noderef] sd
kernel/sched/core.c:6151:15:    got struct sched_domain *[noderef] <asn:3>*<noident>
kernel/sched/core.c:6169:9: warning: incorrect type in initializer (different address spaces)
kernel/sched/core.c:6169:9:    expected void const [noderef] <asn:3>*__vpp_verify
kernel/sched/core.c:6169:9:    got struct sched_domain **<noident>
kernel/sched/core.c:6170:10: warning: incorrect type in initializer (different address spaces)
kernel/sched/core.c:6170:10:    expected void const [noderef] <asn:3>*__vpp_verify
kernel/sched/core.c:6170:10:    got struct sched_domain **<noident>
kernel/sched/core.c:6172:13: warning: incorrect type in initializer (different address spaces)
kernel/sched/core.c:6172:13:    expected void const [noderef] <asn:3>*__vpp_verify
kernel/sched/core.c:6172:13:    got struct sched_group **<noident>
kernel/sched/core.c:6172:13: warning: incorrect type in initializer (different address spaces)
kernel/sched/core.c:6172:13:    expected void const [noderef] <asn:3>*__vpp_verify
kernel/sched/core.c:6172:13:    got struct sched_group **<noident>
kernel/sched/core.c:6173:18: warning: incorrect type in initializer (different address spaces)
kernel/sched/core.c:6173:18:    expected void const [noderef] <asn:3>*__vpp_verify
kernel/sched/core.c:6173:18:    got struct sched_group **<noident>
kernel/sched/core.c:6175:13: warning: incorrect type in initializer (different address spaces)
kernel/sched/core.c:6175:13:    expected void const [noderef] <asn:3>*__vpp_verify
kernel/sched/core.c:6175:13:    got struct sched_group_capacity **<noident>
kernel/sched/core.c:6175:13: warning: incorrect type in initializer (different address spaces)
kernel/sched/core.c:6175:13:    expected void const [noderef] <asn:3>*__vpp_verify
kernel/sched/core.c:6175:13:    got struct sched_group_capacity **<noident>
kernel/sched/core.c:6176:18: warning: incorrect type in initializer (different address spaces)
kernel/sched/core.c:6176:18:    expected void const [noderef] <asn:3>*__vpp_verify
kernel/sched/core.c:6176:18:    got struct sched_group_capacity **<noident>
kernel/sched/core.c:6209:36: warning: incorrect type in initializer (different address spaces)
kernel/sched/core.c:6209:36:    expected void const [noderef] <asn:3>*__vpp_verify
kernel/sched/core.c:6209:36:    got struct sched_domain **<noident>
kernel/sched/core.c:6702:21: warning: symbol 'build_sched_domain' was not declared. Should it be static?
kernel/sched/core.c:6760:34: warning: incorrect type in initializer (different address spaces)
kernel/sched/core.c:6760:34:    expected void const [noderef] <asn:3>*__vpp_verify
kernel/sched/core.c:6760:34:    got struct sched_domain **<noident>
kernel/sched/core.c:6770:28: warning: incorrect type in initializer (different address spaces)
kernel/sched/core.c:6770:28:    expected void const [noderef] <asn:3>*__vpp_verify
kernel/sched/core.c:6770:28:    got struct sched_domain **<noident>
kernel/sched/core.c:6787:28: warning: incorrect type in initializer (different address spaces)
kernel/sched/core.c:6787:28:    expected void const [noderef] <asn:3>*__vpp_verify
kernel/sched/core.c:6787:28:    got struct sched_domain **<noident>
kernel/sched/core.c:6796:23: warning: incorrect type in initializer (different address spaces)
kernel/sched/core.c:6796:23:    expected void const [noderef] <asn:3>*__vpp_verify
kernel/sched/core.c:6796:23:    got struct sched_domain **<noident>
kernel/sched/core.c:4204:1: warning: context imbalance in 'sys_sched_yield' - unexpected unlock
kernel/sched/core.c:4258:28: warning: context imbalance in '__cond_resched_lock' - unexpected unlock
kernel/sched/core.c:6136:29: warning: dereference of noderef expression
kernel/sched/core.c:6152:14: warning: dereference of noderef expression
kernel/sched/core.c:6626:22: warning: dereference of noderef expression
kernel/sched/core.c:6630:22: warning: dereference of noderef expression
kernel/sched/core.c:6634:22: warning: dereference of noderef expression
kernel/sched/core.c:6681:29: warning: dereference of noderef expression
kernel/sched/core.c:6688:29: warning: dereference of noderef expression
kernel/sched/core.c:6690:29: warning: dereference of noderef expression
kernel/sched/core.c:6693:29: warning: dereference of noderef expression
kernel/sched/core.c:6694:17: warning: dereference of noderef expression
kernel/sched/core.c:6695:29: warning: dereference of noderef expression
kernel/sched/core.c:6696:17: warning: dereference of noderef expression
kernel/sched/core.c:6697:29: warning: dereference of noderef expression
kernel/sched/core.c:6698:17: warning: dereference of noderef expression
kernel/rcu/tree_plugin.h:633:13: warning: expression using sizeof bool
kernel/rcu/tree_plugin.h:634:14: warning: expression using sizeof bool
kernel/rcu/tree.c:189:14: warning: expression using sizeof bool
kernel/rcu/tree.c:193:17: warning: expression using sizeof bool
kernel/rcu/tree.c:199:14: warning: expression using sizeof bool
kernel/rcu/tree.c:203:17: warning: expression using sizeof bool
kernel/rcu/tree.c:3544:21: warning: incorrect type in argument 1 (different modifiers)
kernel/rcu/tree.c:3544:21:    expected int ( *threadfn )( ... )
kernel/rcu/tree.c:3544:21:    got int ( static [toplevel] [noreturn] *<noident> )( ... )
kernel/rcu/tree_plugin.h:146:14: warning: expression using sizeof bool
kernel/rcu/tree_plugin.h:150:17: warning: expression using sizeof bool
kernel/rcu/tree.c:1364:9: warning: context imbalance in 'rcu_start_future_gp' - different lock contexts for basic block
kernel/rcu/tree.c:2253:17: warning: context imbalance in 'rcu_cleanup_dead_cpu' - unexpected unlock
kernel/rcu/tree.c:2436:9: warning: context imbalance in 'force_qs_rnp' - different lock contexts for basic block
kernel/rcu/tree.c:2492:25: warning: context imbalance in 'force_quiescent_state' - unexpected unlock
kernel/rcu/tree_plugin.h:781:9: warning: context imbalance in 'sync_rcu_preempt_exp_init' - different lock contexts for basic block
kernel/time/hrtimer.c:67:1: warning: symbol 'hrtimer_bases' was not declared. Should it be static?
kernel/time/hrtimer.c:152:27: warning: context imbalance in 'lock_hrtimer_base' - wrong count at exit
kernel/time/hrtimer.c:979:25: warning: context imbalance in '__hrtimer_start_range_ns' - unexpected unlock
kernel/time/hrtimer.c:778:9: warning: context imbalance in 'hrtimer_try_to_cancel' - unexpected unlock
kernel/time/hrtimer.c:1084:9: warning: context imbalance in 'hrtimer_get_remaining' - unexpected unlock
kernel/time/itimer.c:126:59: warning: implicit cast to nocast type
kernel/time/itimer.c:167:55: warning: incorrect type in argument 3 (different modifiers)
kernel/time/itimer.c:167:55:    expected unsigned long [nocast] [usertype] *newval
kernel/time/itimer.c:167:55:    got unsigned long *<noident>
kernel/time/itimer.c:167:55: warning: implicit cast to nocast type
kernel/time/itimer.c:167:62: warning: incorrect type in argument 4 (different modifiers)
kernel/time/itimer.c:167:62:    expected unsigned long [nocast] [usertype] *oldval
kernel/time/itimer.c:167:62:    got unsigned long *<noident>
kernel/time/itimer.c:167:62: warning: implicit cast to nocast type
kernel/time/itimer.c:226:56: warning: implicit cast to nocast type
./arch/arm/include/asm/futex.h:51:19: warning: incorrect type in argument 1 (different address spaces)
./arch/arm/include/asm/futex.h:51:19:    expected void const *ptr
./arch/arm/include/asm/futex.h:51:19:    got unsigned int [noderef] [usertype] <asn:1>*uaddr
./arch/arm/include/asm/futex.h:131:17: warning: incorrect type in argument 1 (different address spaces)
./arch/arm/include/asm/futex.h:131:17:    expected void const *ptr
./arch/arm/include/asm/futex.h:131:17:    got unsigned int [noderef] [usertype] <asn:1>*uaddr
./arch/arm/include/asm/futex.h:134:17: warning: incorrect type in argument 1 (different address spaces)
./arch/arm/include/asm/futex.h:134:17:    expected void const *ptr
./arch/arm/include/asm/futex.h:134:17:    got unsigned int [noderef] [usertype] <asn:1>*uaddr
./arch/arm/include/asm/futex.h:137:17: warning: incorrect type in argument 1 (different address spaces)
./arch/arm/include/asm/futex.h:137:17:    expected void const *ptr
./arch/arm/include/asm/futex.h:137:17:    got unsigned int [noderef] [usertype] <asn:1>*uaddr
./arch/arm/include/asm/futex.h:140:17: warning: incorrect type in argument 1 (different address spaces)
./arch/arm/include/asm/futex.h:140:17:    expected void const *ptr
./arch/arm/include/asm/futex.h:140:17:    got unsigned int [noderef] [usertype] <asn:1>*uaddr
./arch/arm/include/asm/futex.h:143:17: warning: incorrect type in argument 1 (different address spaces)
./arch/arm/include/asm/futex.h:143:17:    expected void const *ptr
./arch/arm/include/asm/futex.h:143:17:    got unsigned int [noderef] [usertype] <asn:1>*uaddr
kernel/futex.c:1289:33: warning: context imbalance in 'futex_wake_op' - different lock contexts for basic block
kernel/futex.c:1566:41: warning: context imbalance in 'futex_requeue' - different lock contexts for basic block
kernel/futex.c:2053:13: warning: context imbalance in 'futex_wait_queue_me' - unexpected unlock
kernel/futex.c:2159:9: warning: context imbalance in 'futex_wait_setup' - different lock contexts for basic block
kernel/futex.c:2603:29: warning: context imbalance in 'futex_wait_requeue_pi' - unexpected unlock
kernel/time/posix-timers.c:395:9: warning: context imbalance in 'do_schedule_next_timer' - different lock contexts for basic block
kernel/time/posix-timers.c:686:24: warning: context imbalance in '__lock_timer' - different lock contexts for basic block
kernel/time/posix-cpu-timers.c:27:53: warning: incorrect type in argument 3 (different modifiers)
kernel/time/posix-cpu-timers.c:27:53:    expected unsigned long [nocast] [usertype] *newval
kernel/time/posix-cpu-timers.c:27:53:    got unsigned long *<noident>
kernel/time/posix-cpu-timers.c:27:53: warning: implicit cast to nocast type
kernel/time/posix-cpu-timers.c:130:26: warning: incorrect type in argument 2 (different modifiers)
kernel/time/posix-cpu-timers.c:130:26:    expected unsigned long [nocast] [usertype] *utime
kernel/time/posix-cpu-timers.c:130:26:    got unsigned long *<noident>
kernel/time/posix-cpu-timers.c:130:26: warning: implicit cast to nocast type
kernel/time/posix-cpu-timers.c:130:34: warning: incorrect type in argument 3 (different modifiers)
kernel/time/posix-cpu-timers.c:130:34:    expected unsigned long [nocast] [usertype] *stime
kernel/time/posix-cpu-timers.c:130:34:    got unsigned long *<noident>
kernel/time/posix-cpu-timers.c:130:34: warning: implicit cast to nocast type
kernel/time/posix-cpu-timers.c:138:26: warning: incorrect type in argument 2 (different modifiers)
kernel/time/posix-cpu-timers.c:138:26:    expected unsigned long [nocast] [usertype] *utime
kernel/time/posix-cpu-timers.c:138:26:    got unsigned long *<noident>
kernel/time/posix-cpu-timers.c:138:26: warning: implicit cast to nocast type
kernel/time/posix-cpu-timers.c:130:26: warning: incorrect type in argument 2 (different modifiers)
kernel/time/posix-cpu-timers.c:130:26:    expected unsigned long [nocast] [usertype] *utime
kernel/time/posix-cpu-timers.c:130:26:    got unsigned long *<noident>
kernel/time/posix-cpu-timers.c:130:26: warning: implicit cast to nocast type
kernel/time/posix-cpu-timers.c:130:34: warning: incorrect type in argument 3 (different modifiers)
kernel/time/posix-cpu-timers.c:130:34:    expected unsigned long [nocast] [usertype] *stime
kernel/time/posix-cpu-timers.c:130:34:    got unsigned long *<noident>
kernel/time/posix-cpu-timers.c:130:34: warning: implicit cast to nocast type
kernel/time/posix-cpu-timers.c:138:26: warning: incorrect type in argument 2 (different modifiers)
kernel/time/posix-cpu-timers.c:138:26:    expected unsigned long [nocast] [usertype] *utime
kernel/time/posix-cpu-timers.c:138:26:    got unsigned long *<noident>
kernel/time/posix-cpu-timers.c:138:26: warning: implicit cast to nocast type
kernel/time/posix-cpu-timers.c:904:27: warning: implicit cast from nocast type
kernel/time/posix-cpu-timers.c:913:39: warning: implicit cast to nocast type
kernel/time/posix-cpu-timers.c:918:62: warning: implicit cast to nocast type
kernel/time/posix-cpu-timers.c:922:44: warning: implicit cast from nocast type
kernel/time/posix-cpu-timers.c:923:30: warning: implicit cast from nocast type
kernel/time/posix-cpu-timers.c:986:38: warning: implicit cast from nocast type
kernel/time/posix-cpu-timers.c:987:40: warning: implicit cast from nocast type
kernel/time/posix-cpu-timers.c:1100:28: warning: incorrect type in argument 2 (different modifiers)
kernel/time/posix-cpu-timers.c:1100:28:    expected unsigned long [nocast] [usertype] *utime
kernel/time/posix-cpu-timers.c:1100:28:    got unsigned long *<noident>
kernel/time/posix-cpu-timers.c:1100:28: warning: implicit cast to nocast type
kernel/time/posix-cpu-timers.c:1100:36: warning: incorrect type in argument 3 (different modifiers)
kernel/time/posix-cpu-timers.c:1100:36:    expected unsigned long [nocast] [usertype] *stime
kernel/time/posix-cpu-timers.c:1100:36:    got unsigned long *<noident>
kernel/time/posix-cpu-timers.c:1100:36: warning: implicit cast to nocast type
kernel/time/posix-cpu-timers.c:1216:29: warning: implicit cast from nocast type
kernel/time/posix-cpu-timers.c:1220:44: warning: implicit cast to nocast type
kernel/time/posix-cpu-timers.c:1226:28: warning: implicit cast to nocast type
kernel/smp.c:543:13: warning: symbol 'smp_announce' was not declared. Should it be static?
kernel/module.c:211:6: error: symbol '__module_put_and_exit' redeclared with different type (originally declared at include/linux/module.h:456) - different modifiers
kernel/sched/clock.c:77:19: warning: symbol 'sched_clock_running' was not declared. Should it be static?
kernel/sched/cputime.c:305:42: warning: incorrect type in argument 2 (different modifiers)
kernel/sched/cputime.c:305:42:    expected unsigned long [nocast] [usertype] *utime
kernel/sched/cputime.c:305:42:    got unsigned long *<noident>
kernel/sched/cputime.c:305:42: warning: implicit cast to nocast type
kernel/sched/cputime.c:305:50: warning: incorrect type in argument 3 (different modifiers)
kernel/sched/cputime.c:305:50:    expected unsigned long [nocast] [usertype] *stime
kernel/sched/cputime.c:305:50:    got unsigned long *<noident>
kernel/sched/cputime.c:305:50: warning: implicit cast to nocast type
kernel/sched/cputime.c:570:29: warning: implicit cast to nocast type
kernel/sched/cputime.c:571:17: warning: implicit cast from nocast type
kernel/sched/cputime.c:619:26: warning: incorrect type in argument 1 (different modifiers)
kernel/sched/cputime.c:619:26:    expected unsigned long [nocast] [usertype] *counter
kernel/sched/cputime.c:619:26:    got unsigned long *<noident>
kernel/sched/cputime.c:619:26: warning: implicit cast to nocast type
kernel/sched/cputime.c:620:26: warning: incorrect type in argument 1 (different modifiers)
kernel/sched/cputime.c:620:26:    expected unsigned long [nocast] [usertype] *counter
kernel/sched/cputime.c:620:26:    got unsigned long *<noident>
kernel/sched/cputime.c:620:26: warning: implicit cast to nocast type
kernel/sched/cputime.c:633:26: warning: incorrect type in argument 2 (different modifiers)
kernel/sched/cputime.c:633:26:    expected unsigned long [nocast] [usertype] *utime
kernel/sched/cputime.c:633:26:    got unsigned long *<noident>
kernel/sched/cputime.c:633:26: warning: implicit cast to nocast type
kernel/sched/cputime.c:633:42: warning: incorrect type in argument 3 (different modifiers)
kernel/sched/cputime.c:633:42:    expected unsigned long [nocast] [usertype] *stime
kernel/sched/cputime.c:633:42:    got unsigned long *<noident>
kernel/sched/cputime.c:633:42: warning: implicit cast to nocast type
kernel/sched/cputime.c:313:33: warning: context imbalance in 'thread_group_cputime' - different lock contexts for basic block
kernel/time/jiffies.c:107:20: warning: symbol 'refined_jiffies' was not declared. Should it be static?
fs/jbd/commit.c:108:28: warning: context imbalance in 'inverted_lock' - unexpected unlock
fs/jbd/commit.c:205:9: warning: context imbalance in 'journal_submit_data_buffers' - different lock contexts for basic block
fs/jbd/commit.c:456:9: warning: context imbalance in 'journal_commit_transaction' - different lock contexts for basic block
kernel/sched/fair.c:51:14: warning: symbol 'normalized_sysctl_sched_latency' was not declared. Should it be static?
kernel/sched/fair.c:70:14: warning: symbol 'normalized_sysctl_sched_min_granularity' was not declared. Should it be static?
kernel/sched/fair.c:92:14: warning: symbol 'normalized_sysctl_sched_wakeup_granularity' was not declared. Should it be static?
kernel/sched/fair.c:4048:35: error: marked inline, but without a definition
kernel/sched/rt.c:601:6: warning: symbol 'sched_rt_bandwidth_account' was not declared. Should it be static?
kernel/sched/sched.h:1425:17: warning: context imbalance in 'find_lock_lowest_rq' - unexpected unlock
kernel/sched/rt.c:1744:9: warning: context imbalance in 'push_rt_task' - unexpected unlock
kernel/sched/sched.h:1425:17: warning: context imbalance in 'pull_rt_task' - unexpected unlock
include/linux/bit_spinlock.h:65:9: warning: context imbalance in '__try_to_free_cp_buf' - unexpected unlock
fs/jbd/checkpoint.c:155:36: warning: context imbalance in '__log_wait_for_space' - unexpected unlock
include/linux/bit_spinlock.h:65:9: warning: context imbalance in '__wait_cp_io' - unexpected unlock
fs/jbd/checkpoint.c:294:23: warning: context imbalance in '__process_buffer' - unexpected unlock
fs/jbd/checkpoint.c:439:20: warning: context imbalance in 'log_do_checkpoint' - unexpected unlock
fs/jbd/checkpoint.c:557:12: warning: context imbalance in 'journal_clean_one_cp_list' - different lock contexts for basic block
kernel/sched/deadline.c:60:6: warning: symbol 'init_dl_bw' was not declared. Should it be static?
kernel/sched/deadline.c:1032:20: warning: symbol 'pick_next_task_dl' was not declared. Should it be static?
kernel/sched/sched.h:1425:17: warning: context imbalance in 'find_lock_later_rq' - unexpected unlock
kernel/sched/deadline.c:1392:9: warning: context imbalance in 'push_dl_task' - unexpected unlock
kernel/sched/sched.h:1425:17: warning: context imbalance in 'pull_dl_task' - unexpected unlock
kernel/time/clockevents.c:614:17: warning: symbol 'clockevents_subsys' was not declared. Should it be static?
fs/jbd2/transaction.c:190:17: warning: context imbalance in 'add_transaction_credits' - unexpected unlock
fs/jbd2/transaction.c:306:9: warning: context imbalance in 'start_this_handle' - different lock contexts for basic block
fs/jbd2/transaction.c:1102:20: warning: context imbalance in 'jbd2_journal_get_create_access' - different lock contexts for basic block
kernel/sched/debug.c:242:6: warning: symbol 'print_rt_rq' was not declared. Should it be static?
kernel/sched/debug.c:264:6: warning: symbol 'print_dl_rq' was not declared. Should it be static?
kernel/time/tick-sched.c:409:5: warning: symbol 'tick_nohz_active' was not declared. Should it be static?
kernel/kexec.c:64:13: warning: symbol 'kexec_purgatory' was not declared. Should it be static?
kernel/kexec.c:65:15: warning: symbol 'kexec_purgatory_size' was not declared. Should it be static?
kernel/cgroup.c:3582:9: warning: context imbalance in 'css_task_iter_start' - wrong count at exit
kernel/cgroup.c:3629:6: warning: context imbalance in 'css_task_iter_end' - wrong count at exit
fs/jbd2/checkpoint.c:146:36: warning: context imbalance in '__jbd2_log_wait_for_space' - unexpected unlock
kernel/stop_machine.c:520:36: warning: incorrect type in initializer (different address spaces)
kernel/stop_machine.c:520:36:    expected struct task_struct [noderef] <asn:3>**store
kernel/stop_machine.c:520:36:    got struct task_struct *static [noderef] [toplevel] <asn:3>*<noident>
kernel/hung_task.c:24:19: warning: symbol 'sysctl_hung_task_check_count' was not declared. Should it be static?
kernel/hung_task.c:38:29: warning: symbol 'sysctl_hung_task_timeout_secs' was not declared. Should it be static?
kernel/hung_task.c:40:19: warning: symbol 'sysctl_hung_task_warnings' was not declared. Should it be static?
kernel/hung_task.c:50:28: warning: symbol 'sysctl_hung_task_panic' was not declared. Should it be static?
kernel/hung_task.c:197:5: warning: symbol 'proc_dohung_task_timeout_secs' was not declared. Should it be static?
kernel/elfcore.c:6:17: warning: symbol 'elf_core_extra_phdrs' was not declared. Should it be static?
kernel/elfcore.c:11:12: warning: symbol 'elf_core_write_extra_phdrs' was not declared. Should it be static?
kernel/elfcore.c:16:12: warning: symbol 'elf_core_write_extra_data' was not declared. Should it be static?
kernel/elfcore.c:21:15: warning: symbol 'elf_core_extra_data_size' was not declared. Should it be static?
kernel/irq_work.c:52:13: warning: symbol 'arch_irq_work_raise' was not declared. Should it be static?
kernel/config_data.h:1477:10: warning: trying to concatenate 47212-character string (8191 bytes max)
fs/notify/fdinfo.c:52:87: warning: Using plain integer as NULL pointer
fs/notify/fdinfo.c:103:5: warning: symbol 'inotify_show_fdinfo' was not declared. Should it be static?
fs/proc/task_mmu.c:573:18: error: bad integer constant expression
fs/proc/task_mmu.c:574:18: error: bad integer constant expression
fs/proc/task_mmu.c:575:18: error: bad integer constant expression
fs/proc/task_mmu.c:576:18: error: bad integer constant expression
fs/proc/task_mmu.c:577:18: error: bad integer constant expression
fs/proc/task_mmu.c:578:18: error: bad integer constant expression
fs/proc/task_mmu.c:579:18: error: bad integer constant expression
fs/proc/task_mmu.c:580:18: error: bad integer constant expression
fs/proc/task_mmu.c:581:18: error: bad integer constant expression
fs/proc/task_mmu.c:582:18: error: bad integer constant expression
fs/proc/task_mmu.c:583:18: error: bad integer constant expression
fs/proc/task_mmu.c:584:18: error: bad integer constant expression
fs/proc/task_mmu.c:585:18: error: bad integer constant expression
fs/proc/task_mmu.c:586:18: error: bad integer constant expression
fs/proc/task_mmu.c:587:18: error: bad integer constant expression
fs/proc/task_mmu.c:588:18: error: bad integer constant expression
fs/proc/task_mmu.c:589:18: error: bad integer constant expression
fs/proc/task_mmu.c:590:18: error: bad integer constant expression
fs/proc/task_mmu.c:591:18: error: bad integer constant expression
fs/proc/task_mmu.c:592:18: error: bad integer constant expression
fs/proc/task_mmu.c:593:18: error: bad integer constant expression
fs/proc/task_mmu.c:594:18: error: bad integer constant expression
fs/proc/task_mmu.c:595:18: error: bad integer constant expression
fs/proc/task_mmu.c:599:18: error: bad integer constant expression
fs/proc/task_mmu.c:600:18: error: bad integer constant expression
fs/proc/task_mmu.c:601:18: error: bad integer constant expression
fs/proc/task_mmu.c:602:18: error: bad integer constant expression
fs/proc/task_mmu.c:1294:23: error: incompatible types in comparison expression (different type sizes)
fs/proc/fd.c:98:55: warning: incorrect type in initializer (different base types)
fs/proc/fd.c:98:55:    expected unsigned int [unsigned] f_mode
fs/proc/fd.c:98:55:    got restricted fmode_t [usertype] f_mode
fs/proc/fd.c:116:54: warning: restricted fmode_t degrades to integer
fs/proc/fd.c:118:54: warning: restricted fmode_t degrades to integer
fs/proc/proc_tty.c:175:13: warning: symbol 'proc_tty_init' was not declared. Should it be static?
fs/proc/array.c:408:43: warning: implicit cast to nocast type
fs/proc/array.c:409:26: warning: implicit cast to nocast type
fs/proc/array.c:442:62: warning: incorrect type in argument 2 (different modifiers)
fs/proc/array.c:442:62:    expected unsigned long [nocast] [usertype] *ut
fs/proc/array.c:442:62:    got unsigned long *<noident>
fs/proc/array.c:442:62: warning: implicit cast to nocast type
fs/proc/array.c:442:70: warning: incorrect type in argument 3 (different modifiers)
fs/proc/array.c:442:70:    expected unsigned long [nocast] [usertype] *st
fs/proc/array.c:442:70:    got unsigned long *<noident>
fs/proc/array.c:442:70: warning: implicit cast to nocast type
fs/proc/array.c:458:46: warning: incorrect type in argument 2 (different modifiers)
fs/proc/array.c:458:46:    expected unsigned long [nocast] [usertype] *ut
fs/proc/array.c:458:46:    got unsigned long *<noident>
fs/proc/array.c:458:46: warning: implicit cast to nocast type
fs/proc/array.c:458:54: warning: incorrect type in argument 3 (different modifiers)
fs/proc/array.c:458:54:    expected unsigned long [nocast] [usertype] *st
fs/proc/array.c:458:54:    got unsigned long *<noident>
fs/proc/array.c:458:54: warning: implicit cast to nocast type
fs/proc/meminfo.c:22:28: warning: symbol 'arch_report_meminfo' was not declared. Should it be static?
fs/proc/namespaces.c:54:32: warning: symbol 'ns_dentry_operations' was not declared. Should it be static?
fs/signalfd.c:107:25: warning: cast removes address space of expression
fs/signalfd.c:115:24: warning: cast removes address space of expression
fs/signalfd.c:141:24: warning: cast removes address space of expression
fs/signalfd.c:150:24: warning: cast removes address space of expression
fs/mbcache.c:754:53: warning: context imbalance in '__mb_cache_entry_find' - unexpected unlock
fs/mbcache.c:801:9: warning: context imbalance in 'mb_cache_entry_find_first' - different lock contexts for basic block
include/linux/bit_spinlock.h:34:9: warning: context imbalance in 'mb_cache_entry_find_next' - wrong count at exit
fs/coredump.c:46:5: warning: symbol 'core_uses_pid' was not declared. Should it be static?
fs/coredump.c:47:14: warning: symbol 'core_pipe_limit' was not declared. Should it be static?
fs/coredump.c:48:6: warning: symbol 'core_pattern' was not declared. Should it be static?
include/linux/sched.h:2603:37: warning: context imbalance in 'zap_threads' - different lock contexts for basic block
test_sparse: Thu Nov 6 01:26:30 PST 2014: FAILED on tegra_defconfig test_next-20141106
test_sparse: Thu Nov 6 01:26:30 PST 2014: ended on tegra_defconfig test_next-20141106
