test_sparse: Thu Jul 18 15:05:28 PDT 2013: started on tegra_defconfig test_next-20130718 (cfda1b6df147474e77275549c9ff8335a3caa289)
test_sparse: Thu Jul 18 15:05:28 PDT 2013: serial is 20130718144136
test_sparse: sparse version unknown (checksum d41d8cd98f00b204e9800998ecf8427e)
init/do_mounts.c:8:2: warning: "Sparse checking disabled for this file"
init/do_mounts_initrd.c:8:2: warning: "Sparse checking disabled for this file"
init/initramfs.c:8:2: warning: "Sparse checking disabled for this file"
init/calibrate.c:260:37: warning: symbol 'calibrate_delay_is_known' was not declared. Should it be static?
arch/arm/vfp/vfpmodule.c:40:6: warning: symbol 'vfp_vector' was not declared. Should it be static?
arch/arm/vfp/vfpmodule.c:47:14: warning: symbol 'VFP_arch' was not declared. Should it be static?
arch/arm/vfp/vfpmodule.c:58:17: warning: symbol 'vfp_current_hw_state' was not declared. Should it be static?
arch/arm/vfp/vfpmodule.c:335:6: warning: symbol 'VFP_bounce' was not declared. Should it be static?
init/main.c:158:12: warning: symbol 'envp_init' was not declared. Should it be static?
arch/arm/kernel/irq.c:45:15: warning: symbol 'irq_err_count' was not declared. Should it be static?
init/init_task.c:14:44: warning: implicit cast to nocast type
init/init_task.c:14:44: warning: implicit cast to nocast type
arch/arm/mm/dma-mapping.c:405:13: warning: symbol 'dma_contiguous_early_fixup' was not declared. Should it be static?
arch/arm/kernel/process.c:98:6: warning: symbol 'soft_restart' was not declared. Should it be static?
arch/arm/kernel/process.c:127:6: warning: symbol 'arm_pm_restart' was not declared. Should it be static?
arch/arm/kernel/process.c:134:6: warning: symbol 'arm_pm_idle' was not declared. Should it be static?
arch/arm/kernel/process.c:311:1: warning: symbol 'thread_notify_head' was not declared. Should it be static?
arch/arm/kernel/ptrace.c:932:16: warning: symbol 'syscall_trace_enter' was not declared. Should it be static?
arch/arm/kernel/ptrace.c:952:17: warning: symbol 'syscall_trace_exit' was not declared. Should it be static?
arch/arm/kernel/return_address.c:63:2: warning: "TODO: return_address should use unwind tables"
arch/arm/kernel/return_address.c:66:6: warning: symbol 'return_address' was not declared. Should it be static?
arch/arm/kernel/setup.c:87:14: warning: symbol '__atags_pointer' was not declared. Should it be static?
arch/arm/kernel/setup.c:124:5: warning: symbol '__cpu_architecture' was not declared. Should it be static?
arch/arm/kernel/setup.c:1056:29: warning: symbol 'cpuinfo_op' was not declared. Should it be static?
arch/arm/kernel/return_address.c:63:2: warning: #warning "TODO: return_address should use unwind tables"
arch/arm/kernel/signal.c:208:16: warning: symbol 'sys_sigreturn' was not declared. Should it be static?
arch/arm/kernel/signal.c:238:16: warning: symbol 'sys_rt_sigreturn' was not declared. Should it be static?
arch/arm/kernel/signal.c:581:1: warning: symbol 'do_work_pending' was not declared. Should it be static?
arch/arm/mm/fault.c:543:1: warning: symbol 'do_DataAbort' was not declared. Should it be static?
arch/arm/mm/fault.c:575:1: warning: symbol 'do_PrefetchAbort' was not declared. Should it be static?
arch/arm/mm/init.c:234:13: warning: symbol 'setup_dma_zone' was not declared. Should it be static?
arch/arm/mm/iomap.c:12:15: warning: symbol 'vga_base' was not declared. Should it be static?
arch/arm/kernel/sys_arm.c:35:17: warning: symbol 'sys_arm_fadvise64_64' was not declared. Should it be static?
arch/arm/mach-tegra/common.c:50:5: warning: symbol 'tegra_uart_config' was not declared. Should it be static?
arch/arm/kernel/time.c:117:13: warning: symbol 'time_init' was not declared. Should it be static?
arch/arm/kernel/traps.c:115:37: warning: incorrect type in argument 1 (different address spaces)
arch/arm/kernel/traps.c:115:37:    expected void const volatile [noderef] <asn:1>*<noident>
arch/arm/kernel/traps.c:115:37:    got unsigned long *<noident>
arch/arm/kernel/traps.c:148:31: warning: incorrect type in argument 1 (different address spaces)
arch/arm/kernel/traps.c:148:31:    expected void const volatile [noderef] <asn:1>*<noident>
arch/arm/kernel/traps.c:148:31:    got unsigned short [usertype] *
arch/arm/kernel/traps.c:150:31: warning: incorrect type in argument 1 (different address spaces)
arch/arm/kernel/traps.c:150:31:    expected void const volatile [noderef] <asn:1>*<noident>
arch/arm/kernel/traps.c:150:31:    got unsigned int [usertype] *
arch/arm/kernel/traps.c:414:35: warning: cast removes address space of expression
arch/arm/kernel/traps.c:396:29: warning: symbol 'do_undefinstr' was not declared. Should it be static?
arch/arm/kernel/traps.c:449:17: warning: symbol 'do_unexp_fiq' was not declared. Should it be static?
arch/arm/kernel/traps.c:461:17: warning: symbol 'bad_mode' was not declared. Should it be static?
arch/arm/kernel/traps.c:531:16: warning: symbol 'arm_syscall' was not declared. Should it be static?
arch/arm/kernel/traps.c:725:6: warning: symbol '__bad_xchg' was not declared. Should it be static?
arch/arm/kernel/traps.c:738:1: warning: symbol 'baddataabort' was not declared. Should it be static?
arch/arm/kernel/traps.c:760:6: warning: symbol '__readwrite_bug' was not declared. Should it be static?
arch/arm/kernel/traps.c:782:17: warning: symbol '__div0' was not declared. Should it be static?
arch/arm/kernel/traps.c:789:6: warning: symbol 'abort' was not declared. Should it be static?
arch/arm/mach-tegra/irq.c:70:6: warning: symbol 'tegra_pending_sgi' was not declared. Should it be static?
arch/arm/mach-tegra/irq.c:210:5: warning: symbol 'tegra_legacy_irq_syscore_init' was not declared. Should it be static?
arch/arm/mm/flush.c:350:6: warning: symbol '__flush_anon_page' was not declared. Should it be static?
arch/arm/mach-tegra/powergate.c:173:5: warning: symbol 'tegra_cpu_powergate_id' was not declared. Should it be static?
arch/arm/mach-tegra/powergate.c:181:12: warning: symbol 'tegra_powergate_init' was not declared. Should it be static?
arch/arm/mach-tegra/powergate.c:257:12: warning: symbol 'tegra_powergate_debugfs_init' was not declared. Should it be static?
arch/arm/kernel/atags_proc.c:27:13: warning: symbol 'save_atags' was not declared. Should it be static?
arch/arm/mach-tegra/pm.c:45:6: warning: symbol 'tegra_tear_down_cpu' was not declared. Should it be static?
arch/arm/mach-tegra/pm.c:111:27: warning: incorrect type in initializer (different address spaces)
arch/arm/mach-tegra/pm.c:111:27:    expected unsigned int [usertype] *cpu_in_lp2
arch/arm/mach-tegra/pm.c:111:27:    got void [noderef] <asn:2>*
arch/arm/mach-tegra/pm.c:108:6: warning: symbol 'tegra_clear_cpu_in_lp2' was not declared. Should it be static?
arch/arm/mach-tegra/pm.c:125:35: warning: incorrect type in initializer (different address spaces)
arch/arm/mach-tegra/pm.c:125:35:    expected struct cpumask [usertype] *cpu_lp2_mask
arch/arm/mach-tegra/pm.c:125:35:    got void [noderef] <asn:2>*
arch/arm/mach-tegra/pm.c:126:27: warning: incorrect type in initializer (different address spaces)
arch/arm/mach-tegra/pm.c:126:27:    expected unsigned int [usertype] *cpu_in_lp2
arch/arm/mach-tegra/pm.c:126:27:    got void [noderef] <asn:2>*
arch/arm/mach-tegra/pm.c:121:6: warning: symbol 'tegra_set_cpu_in_lp2' was not declared. Should it be static?
arch/arm/mach-tegra/pm.c:142:5: warning: symbol 'tegra_cpu_do_idle' was not declared. Should it be static?
arch/arm/mach-tegra/pm.c:158:6: warning: symbol 'tegra_idle_lp2_last' was not declared. Should it be static?
arch/arm/mach-tegra/pm.c:171:25: warning: symbol 'tegra_pm_validate_suspend_mode' was not declared. Should it be static?
arch/arm/mach-tegra/pm.c:238:13: warning: symbol 'tegra_init_suspend' was not declared. Should it be static?
arch/arm/mach-tegra/reset.c:45:9: error: subtraction of functions? Share your drugs
arch/arm/mach-tegra/reset.c:48:25: error: subtraction of functions? Share your drugs
arch/arm/kernel/cpuidle.c:15:5: warning: symbol 'arm_cpuidle_simple_enter' was not declared. Should it be static?
arch/arm/mm/mmu.c:990:13: warning: symbol 'sanity_check_meminfo' was not declared. Should it be static?
arch/arm/mm/mmu.c:1275:13: warning: symbol 'paging_init' was not declared. Should it be static?
arch/arm/kernel/bios32.c:58:6: warning: symbol 'pcibios_report_status' was not declared. Should it be static?
arch/arm/mach-tegra/cpuidle-tegra20.c:214:12: warning: symbol 'tegra20_cpuidle_init' was not declared. Should it be static?
arch/arm/mach-tegra/cpuidle-tegra30.c:146:12: warning: symbol 'tegra30_cpuidle_init' was not declared. Should it be static?
arch/arm/kernel/suspend.c:57:6: warning: symbol '__cpu_suspend_save' was not declared. Should it be static?
arch/arm/kernel/smp.c:689:5: warning: symbol 'setup_profiling_timer' was not declared. Should it be static?
arch/arm/mach-tegra/hotplug.c:21:5: warning: symbol 'tegra_cpu_kill' was not declared. Should it be static?
arch/arm/mach-tegra/hotplug.c:37:12: warning: symbol 'tegra_cpu_die' was not declared. Should it be static?
arch/arm/mach-tegra/hotplug.c:49:5: warning: symbol 'tegra_cpu_disable' was not declared. Should it be static?
arch/arm/mm/copypage-v6.c:125:21: warning: symbol 'v6_user_fns' was not declared. Should it be static?
arch/arm/mach-tegra/cpuidle-tegra114.c:32:12: warning: symbol 'tegra114_cpuidle_init' was not declared. Should it be static?
arch/arm/kernel/smp_twd.c:109:34: warning: incorrect type in initializer (different address spaces)
arch/arm/kernel/smp_twd.c:109:34:    expected void const [noderef] <asn:3>*__vpp_verify
arch/arm/kernel/smp_twd.c:109:34:    got struct clock_event_device [noderef] <asn:3>**<noident>
arch/arm/kernel/smp_twd.c:109:33: warning: incorrect type in argument 1 (different address spaces)
arch/arm/kernel/smp_twd.c:109:33:    expected struct clock_event_device *ce
arch/arm/kernel/smp_twd.c:109:33:    got struct clock_event_device [noderef] <asn:3>*<noident>
arch/arm/kernel/smp_twd.c:135:25: warning: incorrect type in initializer (different address spaces)
arch/arm/kernel/smp_twd.c:135:25:    expected void const [noderef] <asn:3>*__vpp_verify
arch/arm/kernel/smp_twd.c:135:25:    got struct clock_event_device [noderef] <asn:3>**<noident>
arch/arm/kernel/smp_twd.c:279:46: warning: incorrect type in initializer (different address spaces)
arch/arm/kernel/smp_twd.c:279:46:    expected void const [noderef] <asn:3>*__vpp_verify
arch/arm/kernel/smp_twd.c:279:46:    got struct clock_event_device [noderef] <asn:3>**<noident>
arch/arm/kernel/smp_twd.c:279:45: warning: incorrect type in argument 1 (different address spaces)
arch/arm/kernel/smp_twd.c:279:45:    expected struct clock_event_device *dev
arch/arm/kernel/smp_twd.c:279:45:    got struct clock_event_device [noderef] <asn:3>*<noident>
arch/arm/kernel/smp_twd.c:301:24: warning: incorrect type in initializer (different address spaces)
arch/arm/kernel/smp_twd.c:301:24:    expected void const [noderef] <asn:3>*__vpp_verify
arch/arm/kernel/smp_twd.c:301:24:    got struct clock_event_device [noderef] <asn:3>**<noident>
arch/arm/kernel/smp_twd.c:301:22: warning: incorrect type in assignment (different address spaces)
arch/arm/kernel/smp_twd.c:301:22:    expected struct clock_event_device **this_cpu_clk
arch/arm/kernel/smp_twd.c:301:22:    got struct clock_event_device [noderef] <asn:3>**<noident>
arch/arm/kernel/smp_twd.c:320:17: warning: incorrect type in assignment (different address spaces)
arch/arm/kernel/smp_twd.c:320:17:    expected struct clock_event_device [noderef] <asn:3>**static [toplevel] twd_evt
arch/arm/kernel/smp_twd.c:320:17:    got struct clock_event_device *[noderef] <asn:3>*<noident>
arch/arm/kernel/smp_twd.c:326:63: warning: incorrect type in argument 4 (different address spaces)
arch/arm/kernel/smp_twd.c:326:63:    expected void [noderef] <asn:3>*percpu_dev_id
arch/arm/kernel/smp_twd.c:326:63:    got struct clock_event_device [noderef] <asn:3>**static [toplevel] twd_evt
arch/arm/kernel/smp_twd.c:341:34: warning: incorrect type in argument 2 (different address spaces)
arch/arm/kernel/smp_twd.c:341:34:    expected void [noderef] <asn:3>*<noident>
arch/arm/kernel/smp_twd.c:341:34:    got struct clock_event_device [noderef] <asn:3>**static [toplevel] twd_evt
arch/arm/kernel/smp_twd.c:345:21: warning: incorrect type in argument 1 (different address spaces)
arch/arm/kernel/smp_twd.c:345:21:    expected void [noderef] <asn:3>*__pdata
arch/arm/kernel/smp_twd.c:345:21:    got struct clock_event_device [noderef] <asn:3>**static [toplevel] twd_evt
arch/arm/kernel/arch_timer.c:42:12: warning: symbol 'arch_timer_arch_init' was not declared. Should it be static?
arch/arm/kernel/machine_kexec.c:52:23: warning: cast removes address space of expression
arch/arm/kernel/machine_kexec.c:52:23: warning: cast removes address space of expression
arch/arm/kernel/machine_kexec.c:52:23: warning: incorrect type in initializer (different address spaces)
arch/arm/kernel/machine_kexec.c:52:23:    expected unsigned int const [noderef] <asn:1>*register __p
arch/arm/kernel/machine_kexec.c:52:23:    got unsigned int [usertype] *<noident>
arch/arm/kernel/machine_kexec.c:52:23: warning: cast removes address space of expression
arch/arm/kernel/machine_kexec.c:66:6: warning: symbol 'machine_crash_nonpanic_core' was not declared. Should it be static?
arch/arm/kernel/unwind.c:53:6: warning: symbol '__aeabi_unwind_cpp_pr0' was not declared. Should it be static?
arch/arm/kernel/unwind.c:58:6: warning: symbol '__aeabi_unwind_cpp_pr1' was not declared. Should it be static?
arch/arm/kernel/unwind.c:63:6: warning: symbol '__aeabi_unwind_cpp_pr2' was not declared. Should it be static?
kernel/exec_domain.c:182:1: warning: symbol 'SyS_personality' was not declared. Should it be static?
kernel/fork.c:93:5: warning: symbol 'max_threads' was not declared. Should it be static?
kernel/fork.c:118:13: warning: symbol 'arch_release_task_struct' was not declared. Should it be static?
kernel/fork.c:136:13: warning: symbol 'arch_release_thread_info' was not declared. Should it be static?
kernel/fork.c:250:20: warning: symbol 'arch_task_cache_init' was not declared. Should it be static?
kernel/fork.c:252:13: warning: symbol 'fork_init' was not declared. Should it be static?
kernel/fork.c:286:27: warning: symbol 'arch_dup_task_struct' was not declared. Should it be static?
kernel/fork.c:1084:1: warning: symbol 'SyS_set_tid_address' was not declared. Should it be static?
kernel/fork.c:1112:41: warning: implicit cast to nocast type
kernel/fork.c:1113:41: warning: implicit cast to nocast type
kernel/fork.c:1237:42: warning: implicit cast to nocast type
kernel/fork.c:1238:43: warning: implicit cast to nocast type
kernel/fork.c:1240:57: warning: implicit cast to nocast type
kernel/fork.c:1673:1: warning: symbol 'SyS_clone' was not declared. Should it be static?
kernel/fork.c:1806:1: warning: symbol 'SyS_unshare' was not declared. Should it be static?
arch/arm/kernel/swp_emulate.c:122:23: warning: incorrect type in assignment (different address spaces)
arch/arm/kernel/swp_emulate.c:122:23:    expected void [noderef] <asn:1>*[assigned] [usertype] _addr
arch/arm/kernel/swp_emulate.c:122:23:    got void *<noident>
arch/arm/kernel/swp_emulate.c:224:14: warning: incorrect type in argument 1 (different base types)
arch/arm/kernel/swp_emulate.c:224:14:    expected void const volatile [noderef] <asn:1>*<noident>
arch/arm/kernel/swp_emulate.c:224:14:    got unsigned int
mm/filemap.c:1756:35: warning: symbol 'generic_file_vm_ops' was not declared. Should it be static?
arch/arm/kernel/perf_event_cpu.c:273:25: warning: incorrect type in assignment (different modifiers)
arch/arm/kernel/perf_event_cpu.c:273:25:    expected int ( *init_fn )( ... )
arch/arm/kernel/perf_event_cpu.c:273:25:    got void const *const data
kernel/panic.c:55:13: warning: symbol 'panic_smp_self_stop' was not declared. Should it be static?
kernel/panic.c:69:6: error: symbol 'panic' redeclared with different type (originally declared at include/linux/kernel.h:205) - different modifiers
arch/arm/kernel/topology.c:45:15: warning: symbol 'arch_scale_freq_power' was not declared. Should it be static?
arch/arm/kernel/topology.c:71:23: warning: symbol 'table_efficiency' was not declared. Should it be static?
arch/arm/kernel/topology.c:82:21: warning: symbol 'cpu_capacity' was not declared. Should it be static?
arch/arm/kernel/topology.c:84:15: warning: symbol 'middle_capacity' was not declared. Should it be static?
arch/arm/kernel/topology.c:173:6: warning: symbol 'update_cpu_power' was not declared. Should it be static?
arch/arm/kernel/topology.c:211:6: warning: symbol 'update_siblings_masks' was not declared. Should it be static?
fs/open.c:139:1: warning: symbol 'SyS_truncate' was not declared. Should it be static?
fs/open.c:198:1: warning: symbol 'SyS_ftruncate' was not declared. Should it be static?
fs/open.c:212:1: warning: symbol 'SyS_truncate64' was not declared. Should it be static?
fs/open.c:217:1: warning: symbol 'SyS_ftruncate64' was not declared. Should it be static?
fs/open.c:282:1: warning: symbol 'SyS_fallocate' was not declared. Should it be static?
fs/open.c:299:1: warning: symbol 'SyS_faccessat' was not declared. Should it be static?
fs/open.c:375:1: warning: symbol 'SyS_access' was not declared. Should it be static?
fs/open.c:380:1: warning: symbol 'SyS_chdir' was not declared. Should it be static?
fs/open.c:406:1: warning: symbol 'SyS_fchdir' was not declared. Should it be static?
fs/open.c:431:1: warning: symbol 'SyS_chroot' was not declared. Should it be static?
fs/open.c:486:1: warning: symbol 'SyS_fchmod' was not declared. Should it be static?
fs/open.c:500:1: warning: symbol 'SyS_fchmodat' was not declared. Should it be static?
fs/open.c:518:1: warning: symbol 'SyS_chmod' was not declared. Should it be static?
fs/open.c:559:1: warning: symbol 'SyS_fchownat' was not declared. Should it be static?
fs/open.c:591:1: warning: symbol 'SyS_chown' was not declared. Should it be static?
fs/open.c:596:1: warning: symbol 'SyS_lchown' was not declared. Should it be static?
fs/open.c:602:1: warning: symbol 'SyS_fchown' was not declared. Should it be static?
fs/open.c:832:18: warning: restricted fmode_t degrades to integer
fs/open.c:967:1: warning: symbol 'SyS_open' was not declared. Should it be static?
fs/open.c:975:1: warning: symbol 'SyS_openat' was not declared. Should it be static?
fs/open.c:990:1: warning: symbol 'SyS_creat' was not declared. Should it be static?
fs/open.c:1028:1: warning: symbol 'SyS_close' was not declared. Should it be static?
kernel/printk.c:220:1: warning: symbol 'log_wait' was not declared. Should it be static?
kernel/printk.c:1259:1: warning: symbol 'SyS_syslog' was not declared. Should it be static?
kernel/printk.c:786:15: warning: memcpy with byte count of 131072
ipc/util.c:183:29: warning: context imbalance in 'ipc_findkey' - wrong count at exit
ipc/util.c:251:5: warning: context imbalance in 'ipc_addid' - different lock contexts for basic block
ipc/util.c:403:27: warning: context imbalance in 'ipcget_public' - unexpected unlock
ipc/util.c:632:22: warning: context imbalance in 'ipc_lock' - different lock contexts for basic block
ipc/util.c:689:27: warning: context imbalance in 'ipc_lock_check' - unexpected unlock
ipc/util.c:754:22: warning: context imbalance in 'ipcctl_pre_down' - different lock contexts for basic block
ipc/util.c:829:29: warning: context imbalance in 'sysvipc_find_ipc' - different lock contexts for basic block
ipc/util.c:866:27: warning: context imbalance in 'sysvipc_proc_next' - unexpected unlock
ipc/util.c:910:27: warning: context imbalance in 'sysvipc_proc_stop' - unexpected unlock
fs/read_write.c:41:29: warning: incorrect type in return expression (different base types)
fs/read_write.c:41:29:    expected int
fs/read_write.c:41:29:    got restricted fmode_t
fs/read_write.c:41:29: warning: incorrect type in return expression (different base types)
fs/read_write.c:41:29:    expected int
fs/read_write.c:41:29:    got restricted fmode_t
fs/read_write.c:267:1: warning: symbol 'SyS_lseek' was not declared. Should it be static?
fs/read_write.c:293:1: warning: symbol 'SyS_llseek' was not declared. Should it be static?
fs/read_write.c:41:29: warning: incorrect type in return expression (different base types)
fs/read_write.c:41:29:    expected int
fs/read_write.c:41:29:    got restricted fmode_t
fs/read_write.c:41:29: warning: incorrect type in return expression (different base types)
fs/read_write.c:41:29:    expected int
fs/read_write.c:41:29:    got restricted fmode_t
fs/read_write.c:501:1: warning: symbol 'SyS_read' was not declared. Should it be static?
fs/read_write.c:516:1: warning: symbol 'SyS_write' was not declared. Should it be static?
fs/read_write.c:533:1: warning: symbol 'SyS_pread64' was not declared. Should it be static?
fs/read_write.c:553:1: warning: symbol 'SyS_pwrite64' was not declared. Should it be static?
fs/read_write.c:805:1: warning: symbol 'SyS_readv' was not declared. Should it be static?
fs/read_write.c:825:1: warning: symbol 'SyS_writev' was not declared. Should it be static?
fs/read_write.c:851:1: warning: symbol 'SyS_preadv' was not declared. Should it be static?
fs/read_write.c:875:1: warning: symbol 'SyS_pwritev' was not declared. Should it be static?
fs/read_write.c:1196:1: warning: symbol 'SyS_sendfile' was not declared. Should it be static?
fs/read_write.c:1215:1: warning: symbol 'SyS_sendfile64' was not declared. Should it be static?
kernel/cpu.c:252:34: warning: incorrect type in argument 2 (different modifiers)
kernel/cpu.c:252:34:    expected unsigned long [nocast] [usertype] *utime
kernel/cpu.c:252:34:    got unsigned long *<noident>
kernel/cpu.c:252:34: warning: implicit cast to nocast type
kernel/cpu.c:252:42: warning: incorrect type in argument 3 (different modifiers)
kernel/cpu.c:252:42:    expected unsigned long [nocast] [usertype] *stime
kernel/cpu.c:252:42:    got unsigned long *<noident>
kernel/cpu.c:252:42: warning: implicit cast to nocast type
kernel/cpu.c:518:13: warning: symbol 'arch_enable_nonboot_cpus_begin' was not declared. Should it be static?
kernel/cpu.c:522:13: warning: symbol 'arch_enable_nonboot_cpus_end' was not declared. Should it be static?
kernel/cpu.c:229:9: warning: context imbalance in 'clear_tasks_mm_cpumask' - different lock contexts for basic block
fs/stat.c:247:1: warning: symbol 'SyS_newstat' was not declared. Should it be static?
fs/stat.c:258:1: warning: symbol 'SyS_newlstat' was not declared. Should it be static?
fs/stat.c:285:1: warning: symbol 'SyS_newfstat' was not declared. Should it be static?
fs/stat.c:296:1: warning: symbol 'SyS_readlinkat' was not declared. Should it be static?
fs/stat.c:330:1: warning: symbol 'SyS_readlink' was not declared. Should it be static?
fs/stat.c:381:1: warning: symbol 'SyS_stat64' was not declared. Should it be static?
fs/stat.c:393:1: warning: symbol 'SyS_lstat64' was not declared. Should it be static?
fs/stat.c:405:1: warning: symbol 'SyS_fstat64' was not declared. Should it be static?
fs/stat.c:416:1: warning: symbol 'SyS_fstatat64' was not declared. Should it be static?
kernel/exit.c:127:36: warning: incorrect type in argument 2 (different modifiers)
kernel/exit.c:127:36:    expected unsigned long [nocast] [usertype] *utime
kernel/exit.c:127:36:    got unsigned long *<noident>
kernel/exit.c:127:36: warning: implicit cast to nocast type
kernel/exit.c:127:44: warning: incorrect type in argument 3 (different modifiers)
kernel/exit.c:127:44:    expected unsigned long [nocast] [usertype] *stime
kernel/exit.c:127:44:    got unsigned long *<noident>
kernel/exit.c:127:44: warning: implicit cast to nocast type
kernel/exit.c:696:6: error: symbol 'do_exit' redeclared with different type (originally declared at include/linux/kernel.h:211) - different modifiers
kernel/exit.c:878:6: error: symbol 'complete_and_exit' redeclared with different type (originally declared at include/linux/kernel.h:213) - different modifiers
ipc/msg.c:294:1: warning: symbol 'SyS_msgget' was not declared. Should it be static?
ipc/msg.c:576:1: warning: symbol 'SyS_msgctl' was not declared. Should it be static?
ipc/msg.c:761:1: warning: symbol 'SyS_msgsnd' was not declared. Should it be static?
ipc/msg.c:1017:1: warning: symbol 'SyS_msgrcv' was not declared. Should it be static?
ipc/msg.c:206:9: warning: context imbalance in 'newque' - unexpected unlock
ipc/msg.c:265:13: warning: context imbalance in 'freeque' - unexpected unlock
ipc/msg.c:462:9: warning: context imbalance in 'msgctl_down' - different lock contexts for basic block
fs/exec.c:105:1: warning: symbol 'SyS_uselib' was not declared. Should it be static?
fs/exec.c:416:31: warning: incorrect type in return expression (different address spaces)
fs/exec.c:416:31:    expected char const [noderef] <asn:1>*
fs/exec.c:416:31:    got void *
fs/exec.c:1678:1: warning: symbol 'SyS_execve' was not declared. Should it be static?
mm/oom_kill.c:98:20: warning: context imbalance in 'find_lock_task_mm' - wrong count at exit
mm/oom_kill.c:156:28: warning: context imbalance in 'oom_badness' - unexpected unlock
mm/oom_kill.c:353:9: warning: context imbalance in 'dump_tasks' - different lock contexts for basic block
include/linux/rcupdate.h:798:9: warning: context imbalance in 'oom_kill_process' - unexpected unlock
kernel/itimer.c:103:1: warning: symbol 'SyS_getitimer' was not declared. Should it be static?
kernel/itimer.c:126:59: warning: implicit cast to nocast type
kernel/itimer.c:167:55: warning: incorrect type in argument 3 (different modifiers)
kernel/itimer.c:167:55:    expected unsigned long [nocast] [usertype] *newval
kernel/itimer.c:167:55:    got unsigned long *<noident>
kernel/itimer.c:167:55: warning: implicit cast to nocast type
kernel/itimer.c:167:62: warning: incorrect type in argument 4 (different modifiers)
kernel/itimer.c:167:62:    expected unsigned long [nocast] [usertype] *oldval
kernel/itimer.c:167:62:    got unsigned long *<noident>
kernel/itimer.c:167:62: warning: implicit cast to nocast type
kernel/itimer.c:226:56: warning: implicit cast to nocast type
kernel/itimer.c:278:1: warning: symbol 'SyS_setitimer' was not declared. Should it be static?
fs/pipe.c:969:1: warning: symbol 'SyS_pipe2' was not declared. Should it be static?
fs/pipe.c:991:1: warning: symbol 'SyS_pipe' was not declared. Should it be static?
fs/namei.c:3209:1: warning: symbol 'SyS_mknodat' was not declared. Should it be static?
fs/namei.c:3251:1: warning: symbol 'SyS_mknod' was not declared. Should it be static?
fs/namei.c:3281:1: warning: symbol 'SyS_mkdirat' was not declared. Should it be static?
fs/namei.c:3306:1: warning: symbol 'SyS_mkdir' was not declared. Should it be static?
fs/namei.c:3429:1: warning: symbol 'SyS_rmdir' was not declared. Should it be static?
fs/namei.c:3532:1: warning: symbol 'SyS_unlinkat' was not declared. Should it be static?
fs/namei.c:3543:1: warning: symbol 'SyS_unlink' was not declared. Should it be static?
fs/namei.c:3568:1: warning: symbol 'SyS_symlinkat' was not declared. Should it be static?
fs/namei.c:3599:1: warning: symbol 'SyS_symlink' was not declared. Should it be static?
fs/namei.c:3663:1: warning: symbol 'SyS_linkat' was not declared. Should it be static?
fs/namei.c:3719:1: warning: symbol 'SyS_link' was not declared. Should it be static?
fs/namei.c:3876:1: warning: symbol 'SyS_renameat' was not declared. Should it be static?
fs/namei.c:3983:1: warning: symbol 'SyS_rename' was not declared. Should it be static?
fs/namei.c:560:28: warning: context imbalance in 'unlazy_walk' - unexpected unlock
fs/namei.c:590:36: warning: context imbalance in 'complete_walk' - unexpected unlock
include/linux/rcupdate.h:798:9: warning: context imbalance in 'follow_dotdot_rcu' - unexpected unlock
include/linux/rcupdate.h:798:9: warning: context imbalance in 'terminate_walk' - unexpected unlock
fs/namei.c:1831:12: warning: context imbalance in 'path_init' - different lock contexts for basic block
ipc/sem.c:520:1: warning: symbol 'SyS_semget' was not declared. Should it be static?
ipc/sem.c:1494:1: warning: symbol 'SyS_semctl' was not declared. Should it be static?
ipc/sem.c:1699:1: warning: symbol 'SyS_semtimedop' was not declared. Should it be static?
ipc/sem.c:1922:1: warning: symbol 'SyS_semop' was not declared. Should it be static?
ipc/sem.c:481:9: warning: context imbalance in 'newary' - unexpected unlock
ipc/sem.c:1044:17: warning: context imbalance in 'freeary' - unexpected unlock
ipc/sem.c:1490:9: warning: context imbalance in 'semctl_down' - different lock contexts for basic block
ipc/sem.c:1595:24: warning: context imbalance in 'find_alloc_undo' - wrong count at exit
include/linux/rcupdate.h:798:9: warning: context imbalance in 'SyS_semtimedop' - unexpected unlock
crypto/cipher.c:70:24: warning: Variable length array is used.
kernel/softirq.c:853:36: warning: incorrect type in initializer (different address spaces)
kernel/softirq.c:853:36:    expected struct task_struct [noderef] <asn:3>**store
kernel/softirq.c:853:36:    got struct task_struct *[noderef] [toplevel] <asn:3>*<noident>
mm/fadvise.c:28:1: warning: symbol 'SyS_fadvise64_64' was not declared. Should it be static?
fs/fcntl.c:349:1: warning: symbol 'SyS_fcntl' was not declared. Should it be static?
fs/fcntl.c:373:1: warning: symbol 'SyS_fcntl64' was not declared. Should it be static?
kernel/resource.c:518:5: warning: symbol 'reallocate_resource' was not declared. Should it be static?
fs/ioctl.c:604:1: warning: symbol 'SyS_ioctl' was not declared. Should it be static?
mm/page_alloc.c:120:5: warning: symbol 'percpu_pagelist_fraction' was not declared. Should it be static?
mm/page_alloc.c:207:5: warning: symbol 'user_min_free_kbytes' was not declared. Should it be static?
mm/page_alloc.c:5974:6: warning: symbol 'is_pageblock_removable_nolock' was not declared. Should it be static?
fs/readdir.c:192:1: warning: symbol 'SyS_getdents' was not declared. Should it be static?
fs/readdir.c:272:1: warning: symbol 'SyS_getdents64' was not declared. Should it be static?
kernel/sysctl_binary.c:1419:1: warning: symbol 'SyS_sysctl' was not declared. Should it be static?
fs/select.c:623:1: warning: symbol 'SyS_select' was not declared. Should it be static?
fs/select.c:701:1: warning: symbol 'SyS_pselect6' was not declared. Should it be static?
fs/select.c:726:1: warning: symbol 'SyS_old_select' was not declared. Should it be static?
fs/select.c:958:1: warning: symbol 'SyS_poll' was not declared. Should it be static?
fs/select.c:992:1: warning: symbol 'SyS_ppoll' was not declared. Should it be static?
ipc/shm.c:469:31: warning: implicit cast to nocast type
ipc/shm.c:506:36: warning: implicit cast to nocast type
ipc/shm.c:517:36: warning: implicit cast to nocast type
ipc/shm.c:588:1: warning: symbol 'SyS_shmget' was not declared. Should it be static?
ipc/shm.c:801:1: warning: symbol 'SyS_shmctl' was not declared. Should it be static?
ipc/shm.c:1136:1: warning: symbol 'SyS_shmat' was not declared. Should it be static?
ipc/shm.c:1152:1: warning: symbol 'SyS_shmdt' was not declared. Should it be static?
ipc/shm.c:92:17: warning: context imbalance in 'do_shm_rmid' - unexpected unlock
ipc/shm.c:173:9: warning: context imbalance in 'shm_open' - unexpected unlock
ipc/shm.c:188:13: warning: context imbalance in 'shm_destroy' - unexpected unlock
ipc/shm.c:243:17: warning: context imbalance in 'shm_close' - unexpected unlock
ipc/shm.c:248:12: warning: context imbalance in 'shm_try_destroy_current' - different lock contexts for basic block
ipc/shm.c:279:12: warning: context imbalance in 'shm_try_destroy_orphaned' - different lock contexts for basic block
/home/pwalmsley/test_build/build/temp/test_next-20130718/20130718144136/linux/arch/arm/include/asm/thread_info.h:99:9: warning: context imbalance in 'newseg' - unexpected unlock
ipc/shm.c:797:9: warning: context imbalance in 'shmctl_down' - different lock contexts for basic block
ipc/shm.c:971:9: warning: context imbalance in 'SyS_shmctl' - unexpected unlock
ipc/shm.c:1126:9: warning: context imbalance in 'do_shmat' - unexpected unlock
fs/dcache.c:2889:1: warning: symbol 'SyS_getcwd' was not declared. Should it be static?
fs/dcache.c:292:9: warning: context imbalance in 'dentry_iput' - different lock contexts for basic block
fs/dcache.c:383:9: warning: context imbalance in 'd_kill' - different lock contexts for basic block
fs/dcache.c:462:36: warning: context imbalance in 'dput' - different lock contexts for basic block
fs/dcache.c:462:36: warning: context imbalance in 'try_prune_one_dentry' - different lock contexts for basic block
fs/dcache.c:791:26: warning: context imbalance in 'shrink_dentry_list' - different lock contexts for basic block
include/linux/rcupdate.h:798:9: warning: context imbalance in 'try_to_ascend' - unexpected unlock
fs/dcache.c:1171:32: warning: context imbalance in 'have_submounts' - unexpected unlock
fs/dcache.c:1274:32: warning: context imbalance in 'select_parent' - unexpected unlock
fs/dcache.c:1483:31: warning: context imbalance in 'd_instantiate' - different lock contexts for basic block
fs/dcache.c:1550:9: warning: context imbalance in 'd_instantiate_unique' - different lock contexts for basic block
fs/dcache.c:2285:9: warning: context imbalance in 'dentry_lock_for_move' - wrong count at exit
fs/dcache.c:2298:28: warning: context imbalance in 'dentry_unlock_parents_for_move' - unexpected unlock
fs/dcache.c:2368:17: warning: context imbalance in '__d_move' - unexpected unlock
fs/dcache.c:2447:20: warning: context imbalance in '__d_unalias' - unexpected unlock
fs/dcache.c:2460:13: warning: context imbalance in '__d_materialise_dentry' - unexpected unlock
fs/dcache.c:2562:9: warning: context imbalance in 'd_materialise_unique' - unexpected unlock
fs/dcache.c:2850:6: warning: context imbalance in 'dentry_path' - wrong count at exit
fs/dcache.c:2993:9: warning: context imbalance in 'd_genocide' - different lock contexts for basic block
kernel/capability.c:158:1: warning: symbol 'SyS_capget' was not declared. Should it be static?
kernel/capability.c:232:1: warning: symbol 'SyS_capset' was not declared. Should it be static?
fs/inode.c:718:17: warning: context imbalance in 'inode_lru_isolate' - unexpected unlock
fs/inode.c:775:9: warning: context imbalance in 'find_inode' - different lock contexts for basic block
fs/inode.c:806:9: warning: context imbalance in 'find_inode_fast' - different lock contexts for basic block
fs/inode.c:1255:5: warning: context imbalance in 'insert_inode_locked' - wrong count at exit
fs/inode.c:1297:5: warning: context imbalance in 'insert_inode_locked4' - wrong count at exit
fs/inode.c:1389:20: warning: context imbalance in 'iput_final' - unexpected unlock
fs/inode.c:1405:9: warning: context imbalance in 'iput' - wrong count at exit
fs/inode.c:1685:13: warning: context imbalance in '__wait_on_freeing_inode' - unexpected unlock
kernel/ptrace.c:1036:1: warning: symbol 'SyS_ptrace' was not declared. Should it be static?
kernel/ptrace.c:1014:9: warning: context imbalance in 'ptrace_request' - different lock contexts for basic block
fs/file.c:27:5: warning: symbol 'sysctl_nr_open_min' was not declared. Should it be static?
fs/file.c:28:5: warning: symbol 'sysctl_nr_open_max' was not declared. Should it be static?
fs/file.c:442:30: error: incompatible types in comparison expression (different type sizes)
kernel/user.c:71:19: warning: symbol 'uidhash_table' was not declared. Should it be static?
fs/filesystems.c:183:1: warning: symbol 'SyS_sysfs' was not declared. Should it be static?
fs/namespace.c:1305:1: warning: symbol 'SyS_umount' was not declared. Should it be static?
fs/namespace.c:2503:1: warning: symbol 'SyS_mount' was not declared. Should it be static?
fs/namespace.c:2594:1: warning: symbol 'SyS_pivot_root' was not declared. Should it be static?
kernel/signal.c:1678:28: warning: incorrect type in argument 2 (different modifiers)
kernel/signal.c:1678:28:    expected unsigned long [nocast] [usertype] *utime
kernel/signal.c:1678:28:    got unsigned long *<noident>
kernel/signal.c:1678:28: warning: implicit cast to nocast type
kernel/signal.c:1678:36: warning: incorrect type in argument 3 (different modifiers)
kernel/signal.c:1678:36:    expected unsigned long [nocast] [usertype] *stime
kernel/signal.c:1678:36:    got unsigned long *<noident>
kernel/signal.c:1678:36: warning: implicit cast to nocast type
kernel/signal.c:1763:28: warning: incorrect type in argument 2 (different modifiers)
kernel/signal.c:1763:28:    expected unsigned long [nocast] [usertype] *utime
kernel/signal.c:1763:28:    got unsigned long *<noident>
kernel/signal.c:1763:28: warning: implicit cast to nocast type
kernel/signal.c:1763:36: warning: incorrect type in argument 3 (different modifiers)
kernel/signal.c:1763:36:    expected unsigned long [nocast] [usertype] *stime
kernel/signal.c:1763:36:    got unsigned long *<noident>
kernel/signal.c:1763:36: warning: implicit cast to nocast type
kernel/signal.c:2604:1: warning: symbol 'SyS_rt_sigprocmask' was not declared. Should it be static?
kernel/signal.c:2694:1: warning: symbol 'SyS_rt_sigpending' was not declared. Should it be static?
kernel/signal.c:2873:1: warning: symbol 'SyS_rt_sigtimedwait' was not declared. Should it be static?
kernel/signal.c:2909:1: warning: symbol 'SyS_kill' was not declared. Should it be static?
kernel/signal.c:2975:1: warning: symbol 'SyS_tgkill' was not declared. Should it be static?
kernel/signal.c:2991:1: warning: symbol 'SyS_tkill' was not declared. Should it be static?
kernel/signal.c:3023:1: warning: symbol 'SyS_rt_sigqueueinfo' was not declared. Should it be static?
kernel/signal.c:3066:1: warning: symbol 'SyS_rt_tgsigqueueinfo' was not declared. Should it be static?
kernel/signal.c:3202:1: warning: symbol 'SyS_sigaltstack' was not declared. Should it be static?
kernel/signal.c:3279:1: warning: symbol 'SyS_sigpending' was not declared. Should it be static?
kernel/signal.c:3297:1: warning: symbol 'SyS_sigprocmask' was not declared. Should it be static?
kernel/signal.c:3345:1: warning: symbol 'SyS_rt_sigaction' was not declared. Should it be static?
kernel/signal.c:3421:1: warning: symbol 'SyS_sigaction' was not declared. Should it be static?
kernel/signal.c:3570:1: warning: symbol 'SyS_rt_sigsuspend' was not declared. Should it be static?
kernel/signal.c:3614:1: warning: symbol 'SyS_sigsuspend' was not declared. Should it be static?
kernel/signal.c:1283:23: warning: context imbalance in '__lock_task_sighand' - different lock contexts for basic block
kernel/signal.c:2008:13: warning: context imbalance in 'do_signal_stop' - different lock contexts for basic block
kernel/signal.c:2258:25: warning: context imbalance in 'get_signal_to_deliver' - unexpected unlock
fs/xattr.c:367:1: warning: symbol 'SyS_setxattr' was not declared. Should it be static?
fs/xattr.c:391:1: warning: symbol 'SyS_lsetxattr' was not declared. Should it be static?
fs/xattr.c:415:1: warning: symbol 'SyS_fsetxattr' was not declared. Should it be static?
fs/xattr.c:484:1: warning: symbol 'SyS_getxattr' was not declared. Should it be static?
fs/xattr.c:503:1: warning: symbol 'SyS_lgetxattr' was not declared. Should it be static?
fs/xattr.c:522:1: warning: symbol 'SyS_fgetxattr' was not declared. Should it be static?
fs/xattr.c:574:1: warning: symbol 'SyS_listxattr' was not declared. Should it be static?
fs/xattr.c:593:1: warning: symbol 'SyS_llistxattr' was not declared. Should it be static?
fs/xattr.c:612:1: warning: symbol 'SyS_flistxattr' was not declared. Should it be static?
fs/xattr.c:643:1: warning: symbol 'SyS_removexattr' was not declared. Should it be static?
fs/xattr.c:666:1: warning: symbol 'SyS_lremovexattr' was not declared. Should it be static?
fs/xattr.c:689:1: warning: symbol 'SyS_fremovexattr' was not declared. Should it be static?
fs/libfs.c:809:16: error: incompatible types in comparison expression (different type sizes)
fs/fs-writeback.c:1068:9: warning: context imbalance in 'block_dump___mark_inode_dirty' - different lock contexts for basic block
block/blk-core.c:2843:5: warning: symbol 'kblockd_schedule_delayed_work' was not declared. Should it be static?
block/blk-core.c:974:24: warning: context imbalance in '__get_request' - unexpected unlock
block/blk-core.c:1112:16: warning: context imbalance in 'blk_get_request' - wrong count at exit
block/blk-core.c:1465:6: warning: context imbalance in 'blk_queue_bio' - different lock contexts for basic block
block/blk-core.c:3022:17: warning: context imbalance in 'blk_flush_plug_list' - unexpected unlock
crypto/shash.c:81:40: warning: Variable length array is used.
crypto/shash.c:117:40: warning: Variable length array is used.
fs/splice.c:1683:1: warning: symbol 'SyS_vmsplice' was not declared. Should it be static?
fs/splice.c:1729:1: warning: symbol 'SyS_splice' was not declared. Should it be static?
fs/splice.c:2062:1: warning: symbol 'SyS_tee' was not declared. Should it be static?
fs/sync.c:149:1: warning: symbol 'SyS_syncfs' was not declared. Should it be static?
fs/sync.c:212:1: warning: symbol 'SyS_fsync' was not declared. Should it be static?
fs/sync.c:217:1: warning: symbol 'SyS_fdatasync' was not declared. Should it be static?
fs/sync.c:286:1: warning: symbol 'SyS_sync_file_range' was not declared. Should it be static?
fs/sync.c:371:1: warning: symbol 'SyS_sync_file_range2' was not declared. Should it be static?
fs/utimes.c:178:1: warning: symbol 'SyS_utimensat' was not declared. Should it be static?
fs/utimes.c:196:1: warning: symbol 'SyS_futimesat' was not declared. Should it be static?
fs/utimes.c:224:1: warning: symbol 'SyS_utimes' was not declared. Should it be static?
mm/readahead.c:579:1: warning: symbol 'SyS_readahead' was not declared. Should it be static?
fs/fs_struct.c:161:18: warning: symbol 'init_fs' was not declared. Should it be static?
kernel/sys.c:164:1: warning: symbol 'SyS_setpriority' was not declared. Should it be static?
kernel/sys.c:233:1: warning: symbol 'SyS_getpriority' was not declared. Should it be static?
kernel/sys.c:315:1: warning: symbol 'SyS_setregid' was not declared. Should it be static?
kernel/sys.c:372:1: warning: symbol 'SyS_setgid' was not declared. Should it be static?
kernel/sys.c:448:1: warning: symbol 'SyS_setreuid' was not declared. Should it be static?
kernel/sys.c:519:1: warning: symbol 'SyS_setuid' was not declared. Should it be static?
kernel/sys.c:566:1: warning: symbol 'SyS_setresuid' was not declared. Should it be static?
kernel/sys.c:631:1: warning: symbol 'SyS_getresuid' was not declared. Should it be static?
kernel/sys.c:651:1: warning: symbol 'SyS_setresgid' was not declared. Should it be static?
kernel/sys.c:703:1: warning: symbol 'SyS_getresgid' was not declared. Should it be static?
kernel/sys.c:727:1: warning: symbol 'SyS_setfsuid' was not declared. Should it be static?
kernel/sys.c:766:1: warning: symbol 'SyS_setfsgid' was not declared. Should it be static?
kernel/sys.c:867:49: warning: incorrect type in argument 2 (different modifiers)
kernel/sys.c:867:49:    expected unsigned long [nocast] [usertype] *ut
kernel/sys.c:867:49:    got unsigned long *<noident>
kernel/sys.c:867:49: warning: implicit cast to nocast type
kernel/sys.c:867:59: warning: incorrect type in argument 3 (different modifiers)
kernel/sys.c:867:59:    expected unsigned long [nocast] [usertype] *st
kernel/sys.c:867:59:    got unsigned long *<noident>
kernel/sys.c:867:59: warning: implicit cast to nocast type
kernel/sys.c:877:1: warning: symbol 'SyS_times' was not declared. Should it be static?
kernel/sys.c:902:1: warning: symbol 'SyS_setpgid' was not declared. Should it be static?
kernel/sys.c:973:1: warning: symbol 'SyS_getpgid' was not declared. Should it be static?
kernel/sys.c:1010:1: warning: symbol 'SyS_getsid' was not declared. Should it be static?
kernel/sys.c:1123:1: warning: symbol 'SyS_newuname' was not declared. Should it be static?
kernel/sys.c:1197:1: warning: symbol 'SyS_sethostname' was not declared. Should it be static?
kernel/sys.c:1223:1: warning: symbol 'SyS_gethostname' was not declared. Should it be static?
kernel/sys.c:1248:1: warning: symbol 'SyS_setdomainname' was not declared. Should it be static?
kernel/sys.c:1272:1: warning: symbol 'SyS_getrlimit' was not declared. Should it be static?
kernel/sys.c:1431:1: warning: symbol 'SyS_prlimit64' was not declared. Should it be static?
kernel/sys.c:1473:1: warning: symbol 'SyS_setrlimit' was not declared. Should it be static?
kernel/sys.c:1533:25: warning: implicit cast to nocast type
kernel/sys.c:1536:49: warning: incorrect type in argument 2 (different modifiers)
kernel/sys.c:1536:49:    expected unsigned long [nocast] [usertype] *ut
kernel/sys.c:1536:49:    got unsigned long *<noident>
kernel/sys.c:1536:49: warning: implicit cast to nocast type
kernel/sys.c:1536:57: warning: incorrect type in argument 3 (different modifiers)
kernel/sys.c:1536:57:    expected unsigned long [nocast] [usertype] *st
kernel/sys.c:1536:57:    got unsigned long *<noident>
kernel/sys.c:1536:57: warning: implicit cast to nocast type
kernel/sys.c:1562:59: warning: incorrect type in argument 2 (different modifiers)
kernel/sys.c:1562:59:    expected unsigned long [nocast] [usertype] *ut
kernel/sys.c:1562:59:    got unsigned long *<noident>
kernel/sys.c:1562:59: warning: implicit cast to nocast type
kernel/sys.c:1562:69: warning: incorrect type in argument 3 (different modifiers)
kernel/sys.c:1562:69:    expected unsigned long [nocast] [usertype] *st
kernel/sys.c:1562:69:    got unsigned long *<noident>
kernel/sys.c:1562:69: warning: implicit cast to nocast type
kernel/sys.c:1606:1: warning: symbol 'SyS_getrusage' was not declared. Should it be static?
kernel/sys.c:1628:1: warning: symbol 'SyS_umask' was not declared. Should it be static?
kernel/sys.c:1839:1: warning: symbol 'SyS_prctl' was not declared. Should it be static?
kernel/sys.c:2009:1: warning: symbol 'SyS_getcpu' was not declared. Should it be static?
kernel/sys.c:2087:1: warning: symbol 'SyS_sysinfo' was not declared. Should it be static?
fs/statfs.c:172:1: warning: symbol 'SyS_statfs' was not declared. Should it be static?
fs/statfs.c:181:1: warning: symbol 'SyS_statfs64' was not declared. Should it be static?
fs/statfs.c:193:1: warning: symbol 'SyS_fstatfs' was not declared. Should it be static?
fs/statfs.c:202:1: warning: symbol 'SyS_fstatfs64' was not declared. Should it be static?
fs/statfs.c:228:1: warning: symbol 'SyS_ustat' was not declared. Should it be static?
fs/buffer.c:3269:1: warning: symbol 'SyS_bdflush' was not declared. Should it be static?
mm/swap.c:310:55: warning: context imbalance in 'pagevec_lru_move_fn' - unexpected unlock
mm/swap.c:715:55: warning: context imbalance in 'release_pages' - unexpected unlock
fs/bio.c:1522:33: warning: incorrect type in initializer (different address spaces)
fs/bio.c:1522:33:    expected char *p
fs/bio.c:1522:33:    got void [noderef] <asn:1>*iov_base
fs/block_dev.c:73:20: warning: context imbalance in 'bdev_inode_switch_bdi' - unexpected unlock
crypto/hmac.c:57:47: warning: Variable length array is used.
fs/direct-io.c:1059:36: warning: Using plain integer as NULL pointer
kernel/workqueue.c:309:25: warning: symbol 'system_highpri_wq' was not declared. Should it be static?
kernel/workqueue.c:4462:61: warning: expression using sizeof bool
mm/vmscan.c:3693:48: warning: context imbalance in 'check_move_unevictable_pages' - unexpected unlock
fs/ioprio.c:61:1: warning: symbol 'SyS_ioprio_set' was not declared. Should it be static?
fs/ioprio.c:176:1: warning: symbol 'SyS_ioprio_get' was not declared. Should it be static?
crypto/cbc.c:149:20: warning: Variable length array is used.
fs/debugfs/file.c:472:20: error: incompatible types in comparison expression (different type sizes)
kernel/pid.c:48:5: warning: symbol 'pid_max' was not declared. Should it be static?
kernel/pid.c:52:5: warning: symbol 'pid_max_min' was not declared. Should it be static?
kernel/pid.c:53:5: warning: symbol 'pid_max_max' was not declared. Should it be static?
mm/backing-dev.c:45:9: warning: context imbalance in 'bdi_lock_two' - wrong count at exit
mm/backing-dev.c:488:28: warning: context imbalance in 'bdi_destroy' - unexpected unlock
kernel/rcupdate.c:301:5: warning: symbol 'rcu_cpu_stall_timeout' was not declared. Should it be static?
kernel/extable.c:39:16: warning: symbol 'main_extable_sort_needed' was not declared. Should it be static?
mm/mm_init.c:153:5: warning: symbol 'vm_committed_as_batch' was not declared. Should it be static?
mm/percpu.c:1609:12: warning: symbol 'pcpu_embed_first_chunk' was not declared. Should it be static?
block/blk-lib.c:223:5: warning: symbol '__blkdev_issue_zeroout' was not declared. Should it be static?
kernel/posix-timers.c:593:1: warning: symbol 'SyS_timer_create' was not declared. Should it be static?
kernel/posix-timers.c:767:1: warning: symbol 'SyS_timer_gettime' was not declared. Should it be static?
kernel/posix-timers.c:803:1: warning: symbol 'SyS_timer_getoverrun' was not declared. Should it be static?
kernel/posix-timers.c:871:1: warning: symbol 'SyS_timer_settime' was not declared. Should it be static?
kernel/posix-timers.c:934:1: warning: symbol 'SyS_timer_delete' was not declared. Should it be static?
kernel/posix-timers.c:1002:1: warning: symbol 'SyS_clock_settime' was not declared. Should it be static?
kernel/posix-timers.c:1017:1: warning: symbol 'SyS_clock_gettime' was not declared. Should it be static?
kernel/posix-timers.c:1035:1: warning: symbol 'SyS_clock_adjtime' was not declared. Should it be static?
kernel/posix-timers.c:1058:1: warning: symbol 'SyS_clock_getres' was not declared. Should it be static?
kernel/posix-timers.c:1087:1: warning: symbol 'SyS_clock_nanosleep' was not declared. Should it be static?
kernel/posix-timers.c:393:9: warning: context imbalance in 'do_schedule_next_timer' - different lock contexts for basic block
kernel/posix-timers.c:683:24: warning: context imbalance in '__lock_timer' - different lock contexts for basic block
mm/compaction.c:1055:37: warning: incorrect type in initializer (different base types)
mm/compaction.c:1055:37:    expected int [signed] may_enter_fs
mm/compaction.c:1055:37:    got restricted gfp_t
mm/compaction.c:1056:39: warning: incorrect type in initializer (different base types)
mm/compaction.c:1056:39:    expected int [signed] may_perform_io
mm/compaction.c:1056:39:    got restricted gfp_t
mm/compaction.c:189:47: warning: context imbalance in 'compact_checklock_irqsave' - unexpected unlock
mm/compaction.c:319:39: warning: context imbalance in 'isolate_freepages_block' - unexpected unlock
mm/compaction.c:482:55: warning: context imbalance in 'isolate_migratepages_range' - unexpected unlock
block/genhd.c:1397:10: error: bad integer constant expression
block/genhd.c:1398:10: error: bad integer constant expression
block/genhd.c:1402:10: error: bad integer constant expression
block/genhd.c:1403:10: error: bad integer constant expression
fs/ext3/dir.c:278:8: warning: symbol 'ext3_dir_llseek' was not declared. Should it be static?
kernel/posix-cpu-timers.c:27:53: warning: incorrect type in argument 3 (different modifiers)
kernel/posix-cpu-timers.c:27:53:    expected unsigned long [nocast] [usertype] *newval
kernel/posix-cpu-timers.c:27:53:    got unsigned long *<noident>
kernel/posix-cpu-timers.c:27:53: warning: implicit cast to nocast type
kernel/posix-cpu-timers.c:130:26: warning: incorrect type in argument 2 (different modifiers)
kernel/posix-cpu-timers.c:130:26:    expected unsigned long [nocast] [usertype] *utime
kernel/posix-cpu-timers.c:130:26:    got unsigned long *<noident>
kernel/posix-cpu-timers.c:130:26: warning: implicit cast to nocast type
kernel/posix-cpu-timers.c:130:34: warning: incorrect type in argument 3 (different modifiers)
kernel/posix-cpu-timers.c:130:34:    expected unsigned long [nocast] [usertype] *stime
kernel/posix-cpu-timers.c:130:34:    got unsigned long *<noident>
kernel/posix-cpu-timers.c:130:34: warning: implicit cast to nocast type
kernel/posix-cpu-timers.c:138:26: warning: incorrect type in argument 2 (different modifiers)
kernel/posix-cpu-timers.c:138:26:    expected unsigned long [nocast] [usertype] *utime
kernel/posix-cpu-timers.c:138:26:    got unsigned long *<noident>
kernel/posix-cpu-timers.c:138:26: warning: implicit cast to nocast type
kernel/posix-cpu-timers.c:440:28: warning: incorrect type in argument 2 (different modifiers)
kernel/posix-cpu-timers.c:440:28:    expected unsigned long [nocast] [usertype] *utime
kernel/posix-cpu-timers.c:440:28:    got unsigned long *<noident>
kernel/posix-cpu-timers.c:440:28: warning: implicit cast to nocast type
kernel/posix-cpu-timers.c:440:36: warning: incorrect type in argument 3 (different modifiers)
kernel/posix-cpu-timers.c:440:36:    expected unsigned long [nocast] [usertype] *stime
kernel/posix-cpu-timers.c:440:36:    got unsigned long *<noident>
kernel/posix-cpu-timers.c:440:36: warning: implicit cast to nocast type
kernel/posix-cpu-timers.c:450:28: warning: incorrect type in argument 2 (different modifiers)
kernel/posix-cpu-timers.c:450:28:    expected unsigned long [nocast] [usertype] *utime
kernel/posix-cpu-timers.c:450:28:    got unsigned long *<noident>
kernel/posix-cpu-timers.c:450:28: warning: implicit cast to nocast type
kernel/posix-cpu-timers.c:450:36: warning: incorrect type in argument 3 (different modifiers)
kernel/posix-cpu-timers.c:450:36:    expected unsigned long [nocast] [usertype] *stime
kernel/posix-cpu-timers.c:450:36:    got unsigned long *<noident>
kernel/posix-cpu-timers.c:450:36: warning: implicit cast to nocast type
kernel/posix-cpu-timers.c:130:26: warning: incorrect type in argument 2 (different modifiers)
kernel/posix-cpu-timers.c:130:26:    expected unsigned long [nocast] [usertype] *utime
kernel/posix-cpu-timers.c:130:26:    got unsigned long *<noident>
kernel/posix-cpu-timers.c:130:26: warning: implicit cast to nocast type
kernel/posix-cpu-timers.c:130:34: warning: incorrect type in argument 3 (different modifiers)
kernel/posix-cpu-timers.c:130:34:    expected unsigned long [nocast] [usertype] *stime
kernel/posix-cpu-timers.c:130:34:    got unsigned long *<noident>
kernel/posix-cpu-timers.c:130:34: warning: implicit cast to nocast type
kernel/posix-cpu-timers.c:138:26: warning: incorrect type in argument 2 (different modifiers)
kernel/posix-cpu-timers.c:138:26:    expected unsigned long [nocast] [usertype] *utime
kernel/posix-cpu-timers.c:138:26:    got unsigned long *<noident>
kernel/posix-cpu-timers.c:138:26: warning: implicit cast to nocast type
kernel/posix-cpu-timers.c:962:27: warning: implicit cast from nocast type
kernel/posix-cpu-timers.c:971:39: warning: implicit cast to nocast type
kernel/posix-cpu-timers.c:976:62: warning: implicit cast to nocast type
kernel/posix-cpu-timers.c:980:44: warning: implicit cast from nocast type
kernel/posix-cpu-timers.c:981:30: warning: implicit cast from nocast type
kernel/posix-cpu-timers.c:1044:38: warning: implicit cast from nocast type
kernel/posix-cpu-timers.c:1045:40: warning: implicit cast from nocast type
kernel/posix-cpu-timers.c:1164:28: warning: incorrect type in argument 2 (different modifiers)
kernel/posix-cpu-timers.c:1164:28:    expected unsigned long [nocast] [usertype] *utime
kernel/posix-cpu-timers.c:1164:28:    got unsigned long *<noident>
kernel/posix-cpu-timers.c:1164:28: warning: implicit cast to nocast type
kernel/posix-cpu-timers.c:1164:36: warning: incorrect type in argument 3 (different modifiers)
kernel/posix-cpu-timers.c:1164:36:    expected unsigned long [nocast] [usertype] *stime
kernel/posix-cpu-timers.c:1164:36:    got unsigned long *<noident>
kernel/posix-cpu-timers.c:1164:36: warning: implicit cast to nocast type
kernel/posix-cpu-timers.c:1287:29: warning: implicit cast from nocast type
kernel/posix-cpu-timers.c:1291:44: warning: implicit cast to nocast type
kernel/posix-cpu-timers.c:1297:28: warning: implicit cast to nocast type
fs/ext2/xattr_security.c:45:5: warning: symbol 'ext2_initxattrs' was not declared. Should it be static?
mm/fremap.c:132:31: warning: implicit cast to nocast type
mm/fremap.c:124:1: warning: symbol 'SyS_remap_file_pages' was not declared. Should it be static?
mm/madvise.c:459:1: warning: symbol 'SyS_madvise' was not declared. Should it be static?
kernel/hrtimer.c:64:1: warning: symbol 'hrtimer_bases' was not declared. Should it be static?
kernel/hrtimer.c:1647:1: warning: symbol 'SyS_nanosleep' was not declared. Should it be static?
kernel/hrtimer.c:152:27: warning: context imbalance in 'lock_hrtimer_base' - wrong count at exit
kernel/hrtimer.c:1019:25: warning: context imbalance in '__hrtimer_start_range_ns' - unexpected unlock
kernel/hrtimer.c:829:9: warning: context imbalance in 'hrtimer_try_to_cancel' - unexpected unlock
kernel/hrtimer.c:1123:9: warning: context imbalance in 'hrtimer_get_remaining' - unexpected unlock
sound/core/pcm_native.c:172:37: warning: Variable length array is used.
sound/core/pcm_native.c:752:17: warning: context imbalance in 'snd_pcm_action_group' - different lock contexts for basic block
mm/memory.c:116:15: warning: symbol 'zero_pfn' was not declared. Should it be static?
mm/memory.c:904:5: warning: symbol 'copy_pte_range' was not declared. Should it be static?
mm/memory.c:3519:5: warning: symbol 'numa_migrate_prep' was not declared. Should it be static?
mm/memory.c:3531:5: warning: symbol 'do_numa_page' was not declared. Should it be static?
mm/memory.c:3696:5: warning: symbol 'handle_pte_fault' was not declared. Should it be static?
mm/memory.c:920:17: warning: context imbalance in 'copy_pte_range' - different lock contexts for basic block
mm/memory.c:2064:32: warning: context imbalance in '__get_locked_pte' - different lock contexts for basic block
mm/memory.c:2267:17: warning: context imbalance in 'remap_pte_range' - different lock contexts for basic block
mm/memory.c:2465:17: warning: context imbalance in 'apply_to_pte_range' - unexpected unlock
mm/memory.c:3942:12: warning: context imbalance in '__follow_pte' - different lock contexts for basic block
kernel/nsproxy.c:239:1: warning: symbol 'SyS_setns' was not declared. Should it be static?
net/socket.c:1377:1: warning: symbol 'SyS_socket' was not declared. Should it be static?
net/socket.c:1418:1: warning: symbol 'SyS_socketpair' was not declared. Should it be static?
net/socket.c:1514:1: warning: symbol 'SyS_bind' was not declared. Should it be static?
net/socket.c:1543:1: warning: symbol 'SyS_listen' was not declared. Should it be static?
net/socket.c:1576:1: warning: symbol 'SyS_accept4' was not declared. Should it be static?
net/socket.c:1657:1: warning: symbol 'SyS_accept' was not declared. Should it be static?
net/socket.c:1675:1: warning: symbol 'SyS_connect' was not declared. Should it be static?
net/socket.c:1707:1: warning: symbol 'SyS_getsockname' was not declared. Should it be static?
net/socket.c:1738:1: warning: symbol 'SyS_getpeername' was not declared. Should it be static?
net/socket.c:1770:1: warning: symbol 'SyS_sendto' was not declared. Should it be static?
net/socket.c:1817:1: warning: symbol 'SyS_send' was not declared. Should it be static?
net/socket.c:1829:1: warning: symbol 'SyS_recvfrom' was not declared. Should it be static?
net/socket.c:1885:1: warning: symbol 'SyS_setsockopt' was not declared. Should it be static?
net/socket.c:1919:1: warning: symbol 'SyS_getsockopt' was not declared. Should it be static?
net/socket.c:1949:1: warning: symbol 'SyS_shutdown' was not declared. Should it be static?
net/socket.c:2108:1: warning: symbol 'SyS_sendmsg' was not declared. Should it be static?
net/socket.c:2175:1: warning: symbol 'SyS_sendmmsg' was not declared. Should it be static?
net/socket.c:2292:1: warning: symbol 'SyS_recvmsg' was not declared. Should it be static?
net/socket.c:2408:1: warning: symbol 'SyS_recvmmsg' was not declared. Should it be static?
mm/mincore.c:267:1: warning: symbol 'SyS_mincore' was not declared. Should it be static?
kernel/ksysfs.c:143:5: warning: symbol 'rcu_expedited' was not declared. Should it be static?
mm/mlock.c:361:37: warning: implicit cast to nocast type
mm/mlock.c:447:1: warning: symbol 'SyS_mlock' was not declared. Should it be static?
mm/mlock.c:477:1: warning: symbol 'SyS_munlock' was not declared. Should it be static?
mm/mlock.c:505:37: warning: implicit cast to nocast type
mm/mlock.c:514:1: warning: symbol 'SyS_mlockall' was not declared. Should it be static?
mm/mmap.c:261:1: warning: symbol 'SyS_brk' was not declared. Should it be static?
mm/mmap.c:1289:47: warning: implicit cast to nocast type
mm/mmap.c:1291:45: warning: implicit cast to nocast type
mm/mmap.c:1300:45: warning: implicit cast to nocast type
mm/mmap.c:1317:47: warning: implicit cast to nocast type
mm/mmap.c:1337:37: warning: implicit cast to nocast type
mm/mmap.c:1341:37: warning: implicit cast to nocast type
mm/mmap.c:1385:33: warning: implicit cast to nocast type
mm/mmap.c:1352:1: warning: symbol 'SyS_mmap_pgoff' was not declared. Should it be static?
mm/mmap.c:1412:1: warning: symbol 'SyS_old_mmap' was not declared. Should it be static?
mm/mmap.c:1518:29: warning: implicit cast to nocast type
mm/mmap.c:2559:1: warning: symbol 'SyS_munmap' was not declared. Should it be static?
mm/mmap.c:818:9: warning: context imbalance in 'vma_adjust' - different lock contexts for basic block
kernel/reboot.c:192:1: warning: symbol 'SyS_reboot' was not declared. Should it be static?
fs/ext3/xattr_security.c:46:5: warning: symbol 'ext3_initxattrs' was not declared. Should it be static?
drivers/base/devtmpfs.c:357:25: warning: incorrect type in argument 1 (different address spaces)
drivers/base/devtmpfs.c:357:25:    expected char [noderef] <asn:1>*dev_name
drivers/base/devtmpfs.c:357:25:    got char static *<noident>
drivers/base/devtmpfs.c:357:38: warning: incorrect type in argument 2 (different address spaces)
drivers/base/devtmpfs.c:357:38:    expected char [noderef] <asn:1>*dir_name
drivers/base/devtmpfs.c:357:38:    got char *<noident>
drivers/base/devtmpfs.c:357:53: warning: incorrect type in argument 3 (different address spaces)
drivers/base/devtmpfs.c:357:53:    expected char [noderef] <asn:1>*type
drivers/base/devtmpfs.c:357:53:    got char static *<noident>
drivers/base/devtmpfs.c:383:26: warning: incorrect type in argument 1 (different address spaces)
drivers/base/devtmpfs.c:383:26:    expected char [noderef] <asn:1>*dev_name
drivers/base/devtmpfs.c:383:26:    got char static *<noident>
drivers/base/devtmpfs.c:383:38: warning: incorrect type in argument 2 (different address spaces)
drivers/base/devtmpfs.c:383:38:    expected char [noderef] <asn:1>*dir_name
drivers/base/devtmpfs.c:383:38:    got char static *<noident>
drivers/base/devtmpfs.c:383:43: warning: incorrect type in argument 3 (different address spaces)
drivers/base/devtmpfs.c:383:43:    expected char [noderef] <asn:1>*type
drivers/base/devtmpfs.c:383:43:    got char static *<noident>
drivers/base/devtmpfs.c:383:66: warning: incorrect type in argument 5 (different address spaces)
drivers/base/devtmpfs.c:383:66:    expected void [noderef] <asn:1>*data
drivers/base/devtmpfs.c:383:66:    got char *<noident>
drivers/base/devtmpfs.c:386:19: warning: incorrect type in argument 1 (different address spaces)
drivers/base/devtmpfs.c:386:19:    expected char const [noderef] <asn:1>*filename
drivers/base/devtmpfs.c:386:19:    got char static *<noident>
drivers/base/devtmpfs.c:387:20: warning: incorrect type in argument 1 (different address spaces)
drivers/base/devtmpfs.c:387:20:    expected char const [noderef] <asn:1>*filename
drivers/base/devtmpfs.c:387:20:    got char static *<noident>
kernel/groups.c:202:1: warning: symbol 'SyS_getgroups' was not declared. Should it be static?
kernel/groups.c:231:1: warning: symbol 'SyS_setgroups' was not declared. Should it be static?
kernel/smpboot.c:168:36: warning: incorrect type in initializer (different address spaces)
kernel/smpboot.c:168:36:    expected void const [noderef] <asn:3>*__vpp_verify
kernel/smpboot.c:168:36:    got struct task_struct [noderef] <asn:3>**<noident>
kernel/smpboot.c:168:35: warning: incorrect type in initializer (different address spaces)
kernel/smpboot.c:168:35:    expected struct task_struct *tsk
kernel/smpboot.c:168:35:    got struct task_struct [noderef] <asn:3>*<noident>
kernel/smpboot.c:187:10: warning: incorrect type in initializer (different address spaces)
kernel/smpboot.c:187:10:    expected void const [noderef] <asn:3>*__vpp_verify
kernel/smpboot.c:187:10:    got struct task_struct [noderef] <asn:3>**<noident>
kernel/smpboot.c:187:38: warning: incorrect type in assignment (different address spaces)
kernel/smpboot.c:187:38:    expected struct task_struct [noderef] <asn:3>*<noident>
kernel/smpboot.c:187:38:    got struct task_struct *[assigned] tsk
kernel/smpboot.c:220:36: warning: incorrect type in initializer (different address spaces)
kernel/smpboot.c:220:36:    expected void const [noderef] <asn:3>*__vpp_verify
kernel/smpboot.c:220:36:    got struct task_struct [noderef] <asn:3>**<noident>
kernel/smpboot.c:220:35: warning: incorrect type in initializer (different address spaces)
kernel/smpboot.c:220:35:    expected struct task_struct *tsk
kernel/smpboot.c:220:35:    got struct task_struct [noderef] <asn:3>*<noident>
kernel/smpboot.c:239:36: warning: incorrect type in initializer (different address spaces)
kernel/smpboot.c:239:36:    expected void const [noderef] <asn:3>*__vpp_verify
kernel/smpboot.c:239:36:    got struct task_struct [noderef] <asn:3>**<noident>
kernel/smpboot.c:239:35: warning: incorrect type in initializer (different address spaces)
kernel/smpboot.c:239:35:    expected struct task_struct *tsk
kernel/smpboot.c:239:35:    got struct task_struct [noderef] <asn:3>*<noident>
kernel/smpboot.c:261:44: warning: incorrect type in initializer (different address spaces)
kernel/smpboot.c:261:44:    expected void const [noderef] <asn:3>*__vpp_verify
kernel/smpboot.c:261:44:    got struct task_struct [noderef] <asn:3>**<noident>
kernel/smpboot.c:261:43: warning: incorrect type in initializer (different address spaces)
kernel/smpboot.c:261:43:    expected struct task_struct *tsk
kernel/smpboot.c:261:43:    got struct task_struct [noderef] <asn:3>*<noident>
kernel/smpboot.c:266:26: warning: incorrect type in initializer (different address spaces)
kernel/smpboot.c:266:26:    expected void const [noderef] <asn:3>*__vpp_verify
kernel/smpboot.c:266:26:    got struct task_struct [noderef] <asn:3>**<noident>
mm/mprotect.c:321:1: warning: symbol 'SyS_mprotect' was not declared. Should it be static?
kernel/events/core.c:287:26: warning: function 'perf_pmu_name' with external linkage has definition
kernel/events/core.c:180:6: warning: symbol 'update_perf_cpu_limits' was not declared. Should it be static?
kernel/events/core.c:230:1: warning: symbol 'running_sample_length' was not declared. Should it be static?
kernel/events/core.c:718:1: warning: symbol 'perf_cgroup_switch' was not declared. Should it be static?
kernel/events/core.c:790:26: warning: incorrect type in initializer (different address spaces)
kernel/events/core.c:790:26:    expected void const [noderef] <asn:3>*__vpp_verify
kernel/events/core.c:790:26:    got struct perf_cpu_context *<noident>
kernel/events/core.c:776:6: warning: symbol 'perf_cpu_hrtimer_cancel' was not declared. Should it be static?
kernel/events/core.c:846:22: warning: incorrect type in initializer (different address spaces)
kernel/events/core.c:846:22:    expected void const [noderef] <asn:3>*__vpp_verify
kernel/events/core.c:846:22:    got int *<noident>
kernel/events/core.c:853:22: warning: incorrect type in initializer (different address spaces)
kernel/events/core.c:853:22:    expected void const [noderef] <asn:3>*__vpp_verify
kernel/events/core.c:853:22:    got int *<noident>
kernel/events/core.c:867:43: warning: incorrect type in initializer (different address spaces)
kernel/events/core.c:867:43:    expected void const [noderef] <asn:3>*__vpp_verify
kernel/events/core.c:867:43:    got struct perf_cpu_context *<noident>
kernel/events/core.c:300:16: warning: incorrect type in initializer (different address spaces)
kernel/events/core.c:300:16:    expected void const [noderef] <asn:3>*__vpp_verify
kernel/events/core.c:300:16:    got struct perf_cpu_context *<noident>
kernel/events/core.c:300:16: warning: incorrect type in initializer (different address spaces)
kernel/events/core.c:300:16:    expected void const [noderef] <asn:3>*__vpp_verify
kernel/events/core.c:300:16:    got struct perf_cpu_context *<noident>
kernel/events/core.c:300:16: warning: incorrect type in initializer (different address spaces)
kernel/events/core.c:300:16:    expected void const [noderef] <asn:3>*__vpp_verify
kernel/events/core.c:300:16:    got struct perf_cpu_context *<noident>
kernel/events/core.c:300:16: warning: incorrect type in initializer (different address spaces)
kernel/events/core.c:300:16:    expected void const [noderef] <asn:3>*__vpp_verify
kernel/events/core.c:300:16:    got struct perf_cpu_context *<noident>
kernel/events/core.c:300:16: warning: incorrect type in initializer (different address spaces)
kernel/events/core.c:300:16:    expected void const [noderef] <asn:3>*__vpp_verify
kernel/events/core.c:300:16:    got struct perf_cpu_context *<noident>
kernel/events/core.c:300:16: warning: incorrect type in initializer (different address spaces)
kernel/events/core.c:300:16:    expected void const [noderef] <asn:3>*__vpp_verify
kernel/events/core.c:300:16:    got struct perf_cpu_context *<noident>
kernel/events/core.c:300:16: warning: incorrect type in initializer (different address spaces)
kernel/events/core.c:300:16:    expected void const [noderef] <asn:3>*__vpp_verify
kernel/events/core.c:300:16:    got struct perf_cpu_context *<noident>
kernel/events/core.c:300:16: warning: incorrect type in initializer (different address spaces)
kernel/events/core.c:300:16:    expected void const [noderef] <asn:3>*__vpp_verify
kernel/events/core.c:300:16:    got struct perf_cpu_context *<noident>
kernel/events/core.c:2512:26: warning: incorrect type in initializer (different address spaces)
kernel/events/core.c:2512:26:    expected void const [noderef] <asn:3>*__vpp_verify
kernel/events/core.c:2512:26:    got struct perf_cpu_context *<noident>
kernel/events/core.c:300:16: warning: incorrect type in initializer (different address spaces)
kernel/events/core.c:300:16:    expected void const [noderef] <asn:3>*__vpp_verify
kernel/events/core.c:300:16:    got struct perf_cpu_context *<noident>
kernel/events/core.c:3058:26: warning: incorrect type in initializer (different address spaces)
kernel/events/core.c:3058:26:    expected void const [noderef] <asn:3>*__vpp_verify
kernel/events/core.c:3058:26:    got struct perf_cpu_context *<noident>
kernel/events/core.c:3628:13: warning: symbol 'arch_perf_update_userpage' was not declared. Should it be static?
kernel/events/internal.h:129:1: warning: incorrect type in argument 2 (different address spaces)
kernel/events/internal.h:129:1:    expected void const [noderef] <asn:1>*from
kernel/events/internal.h:129:1:    got void const *buf
kernel/events/core.c:4717:26: warning: incorrect type in initializer (different address spaces)
kernel/events/core.c:4717:26:    expected void const [noderef] <asn:3>*__vpp_verify
kernel/events/core.c:4717:26:    got struct perf_cpu_context *<noident>
kernel/events/core.c:6157:26: warning: incorrect type in initializer (different address spaces)
kernel/events/core.c:6157:26:    expected void const [noderef] <asn:3>*__vpp_verify
kernel/events/core.c:6157:26:    got struct perf_cpu_context *<noident>
kernel/events/core.c:6179:24: warning: incorrect type in argument 1 (different address spaces)
kernel/events/core.c:6179:24:    expected void [noderef] <asn:3>*__pdata
kernel/events/core.c:6179:24:    got struct perf_cpu_context *[noderef] pmu_cpu_context
kernel/events/core.c:6227:26: warning: incorrect type in initializer (different address spaces)
kernel/events/core.c:6227:26:    expected void const [noderef] <asn:3>*__vpp_verify
kernel/events/core.c:6227:26:    got struct perf_cpu_context *<noident>
kernel/events/core.c:6292:32: warning: incorrect type in assignment (different address spaces)
kernel/events/core.c:6292:32:    expected int *[noderef] pmu_disable_count
kernel/events/core.c:6292:32:    got int [noderef] <asn:3>*<noident>
kernel/events/core.c:6322:30: warning: incorrect type in assignment (different address spaces)
kernel/events/core.c:6322:30:    expected struct perf_cpu_context *[noderef] pmu_cpu_context
kernel/events/core.c:6322:30:    got struct perf_cpu_context [noderef] <asn:3>*<noident>
kernel/events/core.c:6329:26: warning: incorrect type in initializer (different address spaces)
kernel/events/core.c:6329:26:    expected void const [noderef] <asn:3>*__vpp_verify
kernel/events/core.c:6329:26:    got struct perf_cpu_context *<noident>
kernel/events/core.c:6384:24: warning: incorrect type in argument 1 (different address spaces)
kernel/events/core.c:6384:24:    expected void [noderef] <asn:3>*__pdata
kernel/events/core.c:6384:24:    got int *[noderef] pmu_disable_count
kernel/events/core.c:6401:24: warning: incorrect type in argument 1 (different address spaces)
kernel/events/core.c:6401:24:    expected void [noderef] <asn:3>*__pdata
kernel/events/core.c:6401:24:    got int *[noderef] pmu_disable_count
kernel/events/core.c:6409:12: warning: symbol 'perf_init_event' was not declared. Should it be static?
kernel/events/core.c:6790:1: warning: symbol 'SyS_perf_event_open' was not declared. Should it be static?
kernel/events/core.c:7102:20: warning: incorrect type in initializer (different address spaces)
kernel/events/core.c:7102:20:    expected void const [noderef] <asn:3>*__vpp_verify
kernel/events/core.c:7102:20:    got struct perf_cpu_context *<noident>
kernel/events/core.c:7103:20: warning: incorrect type in initializer (different address spaces)
kernel/events/core.c:7103:20:    expected void const [noderef] <asn:3>*__vpp_verify
kernel/events/core.c:7103:20:    got struct perf_cpu_context *<noident>
kernel/events/core.c:7507:5: warning: symbol 'perf_event_init_context' was not declared. Should it be static?
kernel/events/core.c:7649:43: warning: incorrect type in initializer (different address spaces)
kernel/events/core.c:7649:43:    expected void const [noderef] <asn:3>*__vpp_verify
kernel/events/core.c:7649:43:    got struct perf_cpu_context *<noident>
kernel/events/core.c:7677:24: warning: incorrect type in initializer (different address spaces)
kernel/events/core.c:7677:24:    expected void const [noderef] <asn:3>*__vpp_verify
kernel/events/core.c:7677:24:    got struct perf_cpu_context *<noident>
kernel/events/core.c:307:9: warning: context imbalance in 'perf_ctx_lock' - wrong count at exit
kernel/events/core.c:315:17: warning: context imbalance in 'perf_ctx_unlock' - unexpected unlock
kernel/events/core.c:989:9: warning: context imbalance in 'perf_lock_task_context' - wrong count at exit
kernel/events/core.c:1005:17: warning: context imbalance in 'perf_pin_task_context' - unexpected unlock
kernel/events/core.c:1847:25: warning: context imbalance in '__perf_install_in_context' - unexpected unlock
kernel/events/core.c:3074:17: warning: context imbalance in 'find_get_context' - unexpected unlock
kernel/events/core.c:4730:17: warning: dereference of noderef expression
kernel/events/core.c:6144:32: warning: dereference of noderef expression
kernel/events/core.c:6173:21: warning: dereference of noderef expression
kernel/events/core.c:6173:43: warning: dereference of noderef expression
kernel/events/core.c:6179:21: warning: dereference of noderef expression
kernel/events/core.c:6293:14: warning: dereference of noderef expression
kernel/events/core.c:6317:9: warning: dereference of noderef expression
kernel/events/core.c:6318:13: warning: dereference of noderef expression
kernel/events/core.c:6323:14: warning: dereference of noderef expression
kernel/events/core.c:6384:21: warning: dereference of noderef expression
kernel/events/core.c:6401:21: warning: dereference of noderef expression
kernel/irq/irqdesc.c:427:17: warning: context imbalance in '__irq_get_desc_lock' - wrong count at exit
kernel/irq/irqdesc.c:451:6: warning: context imbalance in '__irq_put_desc_unlock' - unexpected unlock
mm/mremap.c:449:1: warning: symbol 'SyS_mremap' was not declared. Should it be static?
mm/mremap.c:136:9: warning: context imbalance in 'move_ptes' - different lock contexts for basic block
mm/msync.c:31:1: warning: symbol 'SyS_msync' was not declared. Should it be static?
mm/rmap.c:603:23: warning: Using plain integer as NULL pointer
mm/rmap.c:1423:6: warning: symbol 'is_vma_temporary_stack' was not declared. Should it be static?
mm/rmap.c:595:7: warning: context imbalance in '__page_check_address' - wrong count at exit
kernel/irq/spurious.c:47:17: warning: context imbalance in 'irq_wait_for_poll' - unexpected unlock
mm/vmalloc.c:573:6: warning: symbol 'set_iounmap_nonlazy' was not declared. Should it be static?
drivers/base/regmap/regmap.c:305:13: warning: context imbalance in 'regmap_lock_spinlock' - wrong count at exit
drivers/base/regmap/regmap.c:314:13: warning: context imbalance in 'regmap_unlock_spinlock' - unexpected unlock
kernel/events/ring_buffer.c:112:5: warning: context imbalance in 'perf_output_begin' - different lock contexts for basic block
kernel/events/ring_buffer.c:209:6: warning: context imbalance in 'perf_output_end' - unexpected unlock
kernel/irq/irqdomain.c:468:14: warning: symbol 'irq_create_of_mapping' was not declared. Should it be static?
kernel/events/callchain.c:137:39: warning: incorrect type in argument 1 (different modifiers)
kernel/events/callchain.c:137:39:    expected int *recursion
kernel/events/callchain.c:137:39:    got int [noderef] *<noident>
kernel/events/callchain.c:153:31: warning: incorrect type in argument 1 (different modifiers)
kernel/events/callchain.c:153:31:    expected int *recursion
kernel/events/callchain.c:153:31:    got int [noderef] *<noident>
kernel/events/hw_breakpoint.c:83:12: warning: symbol 'hw_breakpoint_weight' was not declared. Should it be static?
kernel/events/hw_breakpoint.c:231:13: warning: symbol 'arch_unregister_hw_breakpoint' was not declared. Should it be static?
mm/process_vm_access.c:398:1: warning: symbol 'SyS_process_vm_readv' was not declared. Should it be static?
mm/process_vm_access.c:405:1: warning: symbol 'SyS_process_vm_writev' was not declared. Should it be static?
kernel/sched/core.c:857:6: warning: symbol 'sched_set_stop_task' was not declared. Should it be static?
kernel/sched/core.c:2542:25: warning: symbol 'preempt_schedule_irq' was not declared. Should it be static?
kernel/sched/core.c:3148:1: warning: symbol 'SyS_nice' was not declared. Should it be static?
kernel/sched/core.c:3489:1: warning: symbol 'SyS_sched_setscheduler' was not declared. Should it be static?
kernel/sched/core.c:3504:1: warning: symbol 'SyS_sched_setparam' was not declared. Should it be static?
kernel/sched/core.c:3513:1: warning: symbol 'SyS_sched_getscheduler' was not declared. Should it be static?
kernel/sched/core.c:3539:1: warning: symbol 'SyS_sched_getparam' was not declared. Should it be static?
kernel/sched/core.c:3663:1: warning: symbol 'SyS_sched_setaffinity' was not declared. Should it be static?
kernel/sched/core.c:3714:1: warning: symbol 'SyS_sched_getaffinity' was not declared. Should it be static?
kernel/sched/core.c:3978:1: warning: symbol 'SyS_sched_get_priority_max' was not declared. Should it be static?
kernel/sched/core.c:4003:1: warning: symbol 'SyS_sched_get_priority_min' was not declared. Should it be static?
kernel/sched/core.c:4028:1: warning: symbol 'SyS_sched_rr_get_interval' was not declared. Should it be static?
kernel/sched/core.c:5216:28: warning: incorrect type in initializer (different address spaces)
kernel/sched/core.c:5216:28:    expected void const [noderef] <asn:3>*__vpp_verify
kernel/sched/core.c:5216:28:    got struct sched_domain **<noident>
kernel/sched/core.c:5251:26: warning: incorrect type in initializer (different address spaces)
kernel/sched/core.c:5251:26:    expected void const [noderef] <asn:3>*__vpp_verify
kernel/sched/core.c:5251:26:    got struct sched_domain **<noident>
kernel/sched/core.c:5272:28: warning: incorrect type in initializer (different address spaces)
kernel/sched/core.c:5272:28:    expected void const [noderef] <asn:3>*__vpp_verify
kernel/sched/core.c:5272:28:    got struct sched_group_power **<noident>
kernel/sched/core.c:5311:36: warning: incorrect type in initializer (different address spaces)
kernel/sched/core.c:5311:36:    expected void const [noderef] <asn:3>*__vpp_verify
kernel/sched/core.c:5311:36:    got struct sched_domain **<noident>
kernel/sched/core.c:5318:24: warning: incorrect type in initializer (different address spaces)
kernel/sched/core.c:5318:24:    expected void const [noderef] <asn:3>*__vpp_verify
kernel/sched/core.c:5318:24:    got struct sched_group **<noident>
kernel/sched/core.c:5319:31: warning: incorrect type in initializer (different address spaces)
kernel/sched/core.c:5319:31:    expected void const [noderef] <asn:3>*__vpp_verify
kernel/sched/core.c:5319:31:    got struct sched_group_power **<noident>
kernel/sched/core.c:5412:12: warning: symbol 'arch_sd_sibling_asym_packing' was not declared. Should it be static?
kernel/sched/core.c:5439:1: warning: incorrect type in initializer (different address spaces)
kernel/sched/core.c:5439:1:    expected void const [noderef] <asn:3>*__vpp_verify
kernel/sched/core.c:5439:1:    got struct sched_domain **<noident>
kernel/sched/core.c:5923:39: warning: incorrect type in initializer (different address spaces)
kernel/sched/core.c:5923:39:    expected void const [noderef] <asn:3>*__vpp_verify
kernel/sched/core.c:5923:39:    got struct sched_domain **<noident>
kernel/sched/core.c:5926:40: warning: incorrect type in initializer (different address spaces)
kernel/sched/core.c:5926:40:    expected void const [noderef] <asn:3>*__vpp_verify
kernel/sched/core.c:5926:40:    got struct sched_domain **<noident>
kernel/sched/core.c:5930:40: warning: incorrect type in initializer (different address spaces)
kernel/sched/core.c:5930:40:    expected void const [noderef] <asn:3>*__vpp_verify
kernel/sched/core.c:5930:40:    got struct sched_group **<noident>
kernel/sched/core.c:5932:40: warning: incorrect type in initializer (different address spaces)
kernel/sched/core.c:5932:40:    expected void const [noderef] <asn:3>*__vpp_verify
kernel/sched/core.c:5932:40:    got struct sched_group_power **<noident>
kernel/sched/core.c:5934:32: warning: incorrect type in argument 1 (different address spaces)
kernel/sched/core.c:5934:32:    expected void [noderef] <asn:3>*__pdata
kernel/sched/core.c:5934:32:    got struct sched_domain **[noderef] sd
kernel/sched/core.c:5936:32: warning: incorrect type in argument 1 (different address spaces)
kernel/sched/core.c:5936:32:    expected void [noderef] <asn:3>*__pdata
kernel/sched/core.c:5936:32:    got struct sched_group **[noderef] sg
kernel/sched/core.c:5938:32: warning: incorrect type in argument 1 (different address spaces)
kernel/sched/core.c:5938:32:    expected void [noderef] <asn:3>*__pdata
kernel/sched/core.c:5938:32:    got struct sched_group_power **[noderef] sgp
kernel/sched/core.c:5866:25: warning: incorrect type in assignment (different address spaces)
kernel/sched/core.c:5866:25:    expected struct sched_domain **[noderef] sd
kernel/sched/core.c:5866:25:    got struct sched_domain *[noderef] <asn:3>*<noident>
kernel/sched/core.c:5870:25: warning: incorrect type in assignment (different address spaces)
kernel/sched/core.c:5870:25:    expected struct sched_group **[noderef] sg
kernel/sched/core.c:5870:25:    got struct sched_group *[noderef] <asn:3>*<noident>
kernel/sched/core.c:5874:26: warning: incorrect type in assignment (different address spaces)
kernel/sched/core.c:5874:26:    expected struct sched_group_power **[noderef] sgp
kernel/sched/core.c:5874:26:    got struct sched_group_power *[noderef] <asn:3>*<noident>
kernel/sched/core.c:5888:26: warning: incorrect type in initializer (different address spaces)
kernel/sched/core.c:5888:26:    expected void const [noderef] <asn:3>*__vpp_verify
kernel/sched/core.c:5888:26:    got struct sched_domain **<noident>
kernel/sched/core.c:5897:26: warning: incorrect type in initializer (different address spaces)
kernel/sched/core.c:5897:26:    expected void const [noderef] <asn:3>*__vpp_verify
kernel/sched/core.c:5897:26:    got struct sched_group **<noident>
kernel/sched/core.c:5904:26: warning: incorrect type in initializer (different address spaces)
kernel/sched/core.c:5904:26:    expected void const [noderef] <asn:3>*__vpp_verify
kernel/sched/core.c:5904:26:    got struct sched_group_power **<noident>
kernel/sched/core.c:5494:30: warning: incorrect type in argument 1 (different address spaces)
kernel/sched/core.c:5494:30:    expected void [noderef] <asn:3>*__pdata
kernel/sched/core.c:5494:30:    got struct sched_domain **[noderef] sd
kernel/sched/core.c:5509:15: warning: incorrect type in assignment (different address spaces)
kernel/sched/core.c:5509:15:    expected struct sched_domain **[noderef] sd
kernel/sched/core.c:5509:15:    got struct sched_domain *[noderef] <asn:3>*<noident>
kernel/sched/core.c:5527:9: warning: incorrect type in initializer (different address spaces)
kernel/sched/core.c:5527:9:    expected void const [noderef] <asn:3>*__vpp_verify
kernel/sched/core.c:5527:9:    got struct sched_domain **<noident>
kernel/sched/core.c:5528:10: warning: incorrect type in initializer (different address spaces)
kernel/sched/core.c:5528:10:    expected void const [noderef] <asn:3>*__vpp_verify
kernel/sched/core.c:5528:10:    got struct sched_domain **<noident>
kernel/sched/core.c:5530:13: warning: incorrect type in initializer (different address spaces)
kernel/sched/core.c:5530:13:    expected void const [noderef] <asn:3>*__vpp_verify
kernel/sched/core.c:5530:13:    got struct sched_group **<noident>
kernel/sched/core.c:5531:18: warning: incorrect type in initializer (different address spaces)
kernel/sched/core.c:5531:18:    expected void const [noderef] <asn:3>*__vpp_verify
kernel/sched/core.c:5531:18:    got struct sched_group **<noident>
kernel/sched/core.c:5533:13: warning: incorrect type in initializer (different address spaces)
kernel/sched/core.c:5533:13:    expected void const [noderef] <asn:3>*__vpp_verify
kernel/sched/core.c:5533:13:    got struct sched_group_power **<noident>
kernel/sched/core.c:5534:18: warning: incorrect type in initializer (different address spaces)
kernel/sched/core.c:5534:18:    expected void const [noderef] <asn:3>*__vpp_verify
kernel/sched/core.c:5534:18:    got struct sched_group_power **<noident>
kernel/sched/core.c:5943:21: warning: symbol 'build_sched_domain' was not declared. Should it be static?
kernel/sched/core.c:5987:34: warning: incorrect type in initializer (different address spaces)
kernel/sched/core.c:5987:34:    expected void const [noderef] <asn:3>*__vpp_verify
kernel/sched/core.c:5987:34:    got struct sched_domain **<noident>
kernel/sched/core.c:5997:28: warning: incorrect type in initializer (different address spaces)
kernel/sched/core.c:5997:28:    expected void const [noderef] <asn:3>*__vpp_verify
kernel/sched/core.c:5997:28:    got struct sched_domain **<noident>
kernel/sched/core.c:6014:28: warning: incorrect type in initializer (different address spaces)
kernel/sched/core.c:6014:28:    expected void const [noderef] <asn:3>*__vpp_verify
kernel/sched/core.c:6014:28:    got struct sched_domain **<noident>
kernel/sched/core.c:6023:23: warning: incorrect type in initializer (different address spaces)
kernel/sched/core.c:6023:23:    expected void const [noderef] <asn:3>*__vpp_verify
kernel/sched/core.c:6023:23:    got struct sched_domain **<noident>
kernel/sched/core.c:3748:1: warning: context imbalance in 'sys_sched_yield' - unexpected unlock
kernel/sched/core.c:3807:28: warning: context imbalance in '__cond_resched_lock' - unexpected unlock
kernel/sched/core.c:5494:29: warning: dereference of noderef expression
kernel/sched/core.c:5510:14: warning: dereference of noderef expression
kernel/sched/core.c:5867:22: warning: dereference of noderef expression
kernel/sched/core.c:5871:22: warning: dereference of noderef expression
kernel/sched/core.c:5875:22: warning: dereference of noderef expression
kernel/sched/core.c:5922:29: warning: dereference of noderef expression
kernel/sched/core.c:5929:29: warning: dereference of noderef expression
kernel/sched/core.c:5931:29: warning: dereference of noderef expression
kernel/sched/core.c:5934:29: warning: dereference of noderef expression
kernel/sched/core.c:5935:17: warning: dereference of noderef expression
kernel/sched/core.c:5936:29: warning: dereference of noderef expression
kernel/sched/core.c:5937:17: warning: dereference of noderef expression
kernel/sched/core.c:5938:29: warning: dereference of noderef expression
kernel/sched/core.c:5939:17: warning: dereference of noderef expression
kernel/power/main.c:49:5: warning: symbol 'pm_async_enabled' was not declared. Should it be static?
kernel/power/main.c:620:25: warning: symbol 'pm_wq' was not declared. Should it be static?
mm/bootmem.c:738:6: warning: symbol '___alloc_bootmem_node' was not declared. Should it be static?
sound/soc/soc-core.c:98:25: warning: Variable length array is used.
sound/soc/soc-core.c:99:29: warning: Variable length array is used.
sound/soc/soc-core.c:241:20: error: incompatible types in comparison expression (different type sizes)
fs/jbd/commit.c:108:28: warning: context imbalance in 'inverted_lock' - unexpected unlock
fs/jbd/commit.c:205:9: warning: context imbalance in 'journal_submit_data_buffers' - different lock contexts for basic block
fs/jbd/commit.c:456:9: warning: context imbalance in 'journal_commit_transaction' - different lock contexts for basic block
mm/page_io.c:263:41: warning: incorrect type in initializer (different address spaces)
mm/page_io.c:263:41:    expected void [noderef] <asn:1>*iov_base
mm/page_io.c:263:41:    got void *
drivers/base/dma-coherent.c:46:33: warning: incorrect type in assignment (different address spaces)
drivers/base/dma-coherent.c:46:33:    expected void *virt_base
drivers/base/dma-coherent.c:46:33:    got void [noderef] <asn:2>*[assigned] mem_base
drivers/base/dma-coherent.c:73:20: warning: incorrect type in argument 1 (different address spaces)
drivers/base/dma-coherent.c:73:20:    expected void volatile [noderef] <asn:2>*addr
drivers/base/dma-coherent.c:73:20:    got void *virt_base
kernel/sched/clock.c:82:19: warning: symbol 'sched_clock_running' was not declared. Should it be static?
include/linux/bit_spinlock.h:65:9: warning: context imbalance in '__try_to_free_cp_buf' - unexpected unlock
fs/jbd/checkpoint.c:155:36: warning: context imbalance in '__log_wait_for_space' - unexpected unlock
include/linux/bit_spinlock.h:65:9: warning: context imbalance in '__wait_cp_io' - unexpected unlock
fs/jbd/checkpoint.c:294:23: warning: context imbalance in '__process_buffer' - unexpected unlock
fs/jbd/checkpoint.c:439:20: warning: context imbalance in 'log_do_checkpoint' - unexpected unlock
fs/jbd/checkpoint.c:557:12: warning: context imbalance in 'journal_clean_one_cp_list' - different lock contexts for basic block
mm/swapfile.c:1560:1: warning: symbol 'SyS_swapoff' was not declared. Should it be static?
mm/swapfile.c:2033:1: warning: symbol 'SyS_swapon' was not declared. Should it be static?
mm/swapfile.c:379:20: warning: context imbalance in 'scan_swap_map' - unexpected unlock
mm/swapfile.c:508:32: warning: context imbalance in 'swap_info_get' - different lock contexts for basic block
mm/swapfile.c:632:17: warning: context imbalance in 'swap_free' - unexpected unlock
mm/swapfile.c:650:28: warning: context imbalance in 'swapcache_free' - unexpected unlock
mm/swapfile.c:668:35: warning: context imbalance in 'page_swapcount' - unexpected unlock
mm/swapfile.c:758:28: warning: context imbalance in 'free_swap_and_cache' - unexpected unlock
mm/swapfile.c:2482:20: warning: context imbalance in 'add_swap_count_continuation' - unexpected unlock
kernel/sched/cputime.c:297:34: warning: incorrect type in argument 2 (different modifiers)
kernel/sched/cputime.c:297:34:    expected unsigned long [nocast] [usertype] *utime
kernel/sched/cputime.c:297:34:    got unsigned long *<noident>
kernel/sched/cputime.c:297:34: warning: implicit cast to nocast type
kernel/sched/cputime.c:297:42: warning: incorrect type in argument 3 (different modifiers)
kernel/sched/cputime.c:297:42:    expected unsigned long [nocast] [usertype] *stime
kernel/sched/cputime.c:297:42:    got unsigned long *<noident>
kernel/sched/cputime.c:297:42: warning: implicit cast to nocast type
kernel/sched/cputime.c:597:25: warning: implicit cast to nocast type
kernel/sched/cputime.c:619:26: warning: incorrect type in argument 2 (different modifiers)
kernel/sched/cputime.c:619:26:    expected unsigned long [nocast] [usertype] *utime
kernel/sched/cputime.c:619:26:    got unsigned long *<noident>
kernel/sched/cputime.c:619:26: warning: implicit cast to nocast type
kernel/sched/cputime.c:619:42: warning: incorrect type in argument 3 (different modifiers)
kernel/sched/cputime.c:619:42:    expected unsigned long [nocast] [usertype] *stime
kernel/sched/cputime.c:619:42:    got unsigned long *<noident>
kernel/sched/cputime.c:619:42: warning: implicit cast to nocast type
kernel/time/jiffies.c:101:20: warning: symbol 'refined_jiffies' was not declared. Should it be static?
drivers/base/firmware_class.c:221:13: warning: context imbalance in '__fw_free_buf' - unexpected unlock
drivers/base/firmware_class.c:250:9: warning: context imbalance in 'fw_free_buf' - wrong count at exit
kernel/sched/fair.c:50:14: warning: symbol 'normalized_sysctl_sched_latency' was not declared. Should it be static?
kernel/sched/fair.c:69:14: warning: symbol 'normalized_sysctl_sched_min_granularity' was not declared. Should it be static?
kernel/sched/fair.c:91:14: warning: symbol 'normalized_sysctl_sched_wakeup_granularity' was not declared. Should it be static?
kernel/sched/fair.c:2757:35: error: marked inline, but without a definition
drivers/block/loop.c:235:38: warning: incorrect type in argument 2 (different address spaces)
drivers/block/loop.c:235:38:    expected char const [noderef] <asn:1>*<noident>
drivers/block/loop.c:235:38:    got unsigned char [usertype] *buf
fs/jbd2/transaction.c:190:17: warning: context imbalance in 'add_transaction_credits' - unexpected unlock
fs/jbd2/transaction.c:306:9: warning: context imbalance in 'start_this_handle' - different lock contexts for basic block
kernel/time/clockevents.c:557:17: warning: symbol 'clockevents_subsys' was not declared. Should it be static?
kernel/sched/sched.h:1209:17: warning: context imbalance in 'find_lock_lowest_rq' - unexpected unlock
kernel/sched/rt.c:1602:9: warning: context imbalance in 'push_rt_task' - unexpected unlock
kernel/sched/sched.h:1209:17: warning: context imbalance in 'pull_rt_task' - unexpected unlock
mm/migrate.c:126:24: warning: Using plain integer as NULL pointer
kernel/time/tick-sched.c:368:5: warning: symbol 'tick_nohz_enabled' was not declared. Should it be static?
drivers/char/mem.c:88:13: warning: symbol 'unxlate_dev_mem_ptr' was not declared. Should it be static?
drivers/char/mem.c:215:12: warning: symbol 'phys_mem_access_prot_allowed' was not declared. Should it be static?
fs/jbd2/checkpoint.c:151:36: warning: context imbalance in '__jbd2_log_wait_for_space' - unexpected unlock
fs/jbd2/checkpoint.c:216:36: warning: context imbalance in '__wait_cp_io' - unexpected unlock
fs/jbd2/checkpoint.c:273:23: warning: context imbalance in '__process_buffer' - unexpected unlock
fs/jbd2/checkpoint.c:377:9: warning: context imbalance in 'jbd2_log_do_checkpoint' - different lock contexts for basic block
kernel/time/timekeeping_debug.c:68:6: warning: symbol 'tk_debug_account_sleep_time' was not declared. Should it be static?
kernel/sched/debug.c:234:6: warning: symbol 'print_rt_rq' was not declared. Should it be static?
arch/arm/lib/delay.c:89:15: warning: symbol 'calibrate_delay_is_known' was not declared. Should it be static?
drivers/char/random.c:1243:25: error: incompatible types in comparison expression (different type sizes)
fs/ext4/mballoc.c:4978:9: warning: context imbalance in 'ext4_trim_extent' - unexpected unlock
kernel/futex.c:2444:1: warning: symbol 'SyS_set_robust_list' was not declared. Should it be static?
kernel/futex.c:2466:1: warning: symbol 'SyS_get_robust_list' was not declared. Should it be static?
kernel/futex.c:2700:1: warning: symbol 'SyS_futex' was not declared. Should it be static?
kernel/futex.c:1056:33: warning: context imbalance in 'futex_wake_op' - different lock contexts for basic block
kernel/futex.c:1327:41: warning: context imbalance in 'futex_requeue' - different lock contexts for basic block
kernel/futex.c:1782:13: warning: context imbalance in 'futex_wait_queue_me' - unexpected unlock
kernel/futex.c:1888:9: warning: context imbalance in 'futex_wait_setup' - different lock contexts for basic block
lib/bcd.c:4:10: error: symbol '_bcd2bin' redeclared with different type (originally declared at include/linux/bcd.h:19) - different modifiers
lib/bcd.c:10:15: error: symbol '_bin2bcd' redeclared with different type (originally declared at include/linux/bcd.h:20) - different modifiers
lib/div64.c:26:32: warning: symbol '__div64_32' was not declared. Should it be static?
fs/jbd2/journal.c:125:5: warning: symbol 'jbd2_verify_csum_type' was not declared. Should it be static?
fs/jbd2/journal.c:145:5: warning: symbol 'jbd2_superblock_csum_verify' was not declared. Should it be static?
fs/jbd2/journal.c:153:6: warning: symbol 'jbd2_superblock_csum_set' was not declared. Should it be static?
drivers/clk/clk.c:2125:53: warning: incorrect type in initializer (different modifiers)
drivers/clk/clk.c:2125:53:    expected void ( *[usertype] clk_init_cb )( ... )
drivers/clk/clk.c:2125:53:    got void const *const data
drivers/clk/clk.c:64:22: warning: context imbalance in 'clk_enable_lock' - wrong count at exit
drivers/clk/clk.c:89:9: warning: context imbalance in 'clk_enable_unlock' - unexpected unlock
/home/pwalmsley/test_build/build/temp/test_next-20130718/20130718144136/linux/arch/arm/include/asm/spinlock.h:95:9: warning: context imbalance in '_raw_spin_lock' - wrong count at exit
/home/pwalmsley/test_build/build/temp/test_next-20130718/20130718144136/linux/arch/arm/include/asm/spinlock.h:95:9: warning: context imbalance in '_raw_spin_lock_irqsave' - wrong count at exit
/home/pwalmsley/test_build/build/temp/test_next-20130718/20130718144136/linux/arch/arm/include/asm/spinlock.h:95:9: warning: context imbalance in '_raw_spin_lock_irq' - wrong count at exit
/home/pwalmsley/test_build/build/temp/test_next-20130718/20130718144136/linux/arch/arm/include/asm/spinlock.h:95:9: warning: context imbalance in '_raw_spin_lock_bh' - wrong count at exit
kernel/spinlock.c:167:17: warning: context imbalance in '_raw_spin_unlock' - unexpected unlock
kernel/spinlock.c:175:17: warning: context imbalance in '_raw_spin_unlock_irqrestore' - unexpected unlock
kernel/spinlock.c:183:17: warning: context imbalance in '_raw_spin_unlock_irq' - unexpected unlock
kernel/spinlock.c:191:17: warning: context imbalance in '_raw_spin_unlock_bh' - unexpected unlock
kernel/spinlock.c:207:17: warning: context imbalance in '_raw_read_lock' - wrong count at exit
kernel/spinlock.c:215:26: warning: context imbalance in '_raw_read_lock_irqsave' - wrong count at exit
kernel/spinlock.c:223:17: warning: context imbalance in '_raw_read_lock_irq' - wrong count at exit
kernel/spinlock.c:231:17: warning: context imbalance in '_raw_read_lock_bh' - wrong count at exit
include/linux/rwlock_api_smp.h:228:9: warning: context imbalance in '_raw_read_unlock' - unexpected unlock
include/linux/rwlock_api_smp.h:236:9: warning: context imbalance in '_raw_read_unlock_irqrestore' - unexpected unlock
include/linux/rwlock_api_smp.h:244:9: warning: context imbalance in '_raw_read_unlock_irq' - unexpected unlock
include/linux/rwlock_api_smp.h:252:9: warning: context imbalance in '_raw_read_unlock_bh' - unexpected unlock
kernel/spinlock.c:279:17: warning: context imbalance in '_raw_write_lock' - wrong count at exit
kernel/spinlock.c:287:26: warning: context imbalance in '_raw_write_lock_irqsave' - wrong count at exit
kernel/spinlock.c:295:17: warning: context imbalance in '_raw_write_lock_irq' - wrong count at exit
kernel/spinlock.c:303:17: warning: context imbalance in '_raw_write_lock_bh' - wrong count at exit
kernel/spinlock.c:311:17: warning: context imbalance in '_raw_write_unlock' - unexpected unlock
kernel/spinlock.c:319:17: warning: context imbalance in '_raw_write_unlock_irqrestore' - unexpected unlock
kernel/spinlock.c:327:17: warning: context imbalance in '_raw_write_unlock_irq' - unexpected unlock
kernel/spinlock.c:335:17: warning: context imbalance in '_raw_write_unlock_bh' - unexpected unlock
kernel/uid16.c:19:1: warning: symbol 'SyS_chown16' was not declared. Should it be static?
kernel/uid16.c:24:1: warning: symbol 'SyS_lchown16' was not declared. Should it be static?
kernel/uid16.c:29:1: warning: symbol 'SyS_fchown16' was not declared. Should it be static?
kernel/uid16.c:34:1: warning: symbol 'SyS_setregid16' was not declared. Should it be static?
kernel/uid16.c:39:1: warning: symbol 'SyS_setgid16' was not declared. Should it be static?
kernel/uid16.c:44:1: warning: symbol 'SyS_setreuid16' was not declared. Should it be static?
kernel/uid16.c:49:1: warning: symbol 'SyS_setuid16' was not declared. Should it be static?
kernel/uid16.c:54:1: warning: symbol 'SyS_setresuid16' was not declared. Should it be static?
kernel/uid16.c:60:1: warning: symbol 'SyS_getresuid16' was not declared. Should it be static?
kernel/uid16.c:77:1: warning: symbol 'SyS_setresgid16' was not declared. Should it be static?
kernel/uid16.c:84:1: warning: symbol 'SyS_getresgid16' was not declared. Should it be static?
kernel/uid16.c:101:1: warning: symbol 'SyS_setfsuid16' was not declared. Should it be static?
kernel/uid16.c:106:1: warning: symbol 'SyS_setfsgid16' was not declared. Should it be static?
kernel/uid16.c:151:1: warning: symbol 'SyS_getgroups16' was not declared. Should it be static?
kernel/uid16.c:174:1: warning: symbol 'SyS_setgroups16' was not declared. Should it be static?
drivers/clk/clk-divider.c:213:12: warning: context imbalance in 'clk_divider_set_rate' - different lock contexts for basic block
kernel/module.c:211:6: error: symbol '__module_put_and_exit' redeclared with different type (originally declared at include/linux/module.h:449) - different modifiers
drivers/clk/clk-gate.c:71:9: warning: context imbalance in 'clk_gate_endisable' - different lock contexts for basic block
drivers/clk/clk-mux.c:69:12: warning: context imbalance in 'clk_mux_set_parent' - different lock contexts for basic block
lib/gcd.c:6:15: error: symbol 'gcd' redeclared with different type (originally declared at include/linux/gcd.h:6) - different modifiers
lib/lcm.c:7:15: error: symbol 'lcm' redeclared with different type (originally declared at include/linux/lcm.h:6) - different modifiers
kernel/kexec.c:935:1: warning: symbol 'SyS_kexec_load' was not declared. Should it be static?
net/bluetooth/amp.c:153:55: warning: Variable length array is used.
drivers/clk/tegra/clk-divider.c:141:9: warning: context imbalance in 'clk_frac_div_set_rate' - different lock contexts for basic block
drivers/clk/tegra/clk-periph.c:114:6: warning: symbol 'tegra_periph_reset_deassert' was not declared. Should it be static?
drivers/clk/tegra/clk-periph.c:134:6: warning: symbol 'tegra_periph_reset_assert' was not declared. Should it be static?
drivers/clk/tegra/clk-periph.c:165:22: warning: symbol 'tegra_clk_periph_nodiv_ops' was not declared. Should it be static?
lib/clz_ctz.c:16:12: warning: symbol '__ctzsi2' was not declared. Should it be static?
lib/clz_ctz.c:22:12: warning: symbol '__clzsi2' was not declared. Should it be static?
lib/clz_ctz.c:30:12: warning: symbol '__clzdi2' was not declared. Should it be static?
lib/clz_ctz.c:36:12: warning: symbol '__ctzdi2' was not declared. Should it be static?
drivers/clk/tegra/clk-pll.c:1343:22: warning: symbol 'tegra_clk_pllxc_ops' was not declared. Should it be static?
drivers/clk/tegra/clk-pll.c:1352:22: warning: symbol 'tegra_clk_pllm_ops' was not declared. Should it be static?
drivers/clk/tegra/clk-pll.c:1361:22: warning: symbol 'tegra_clk_pllc_ops' was not declared. Should it be static?
drivers/clk/tegra/clk-pll.c:1370:22: warning: symbol 'tegra_clk_pllre_ops' was not declared. Should it be static?
drivers/clk/tegra/clk-pll.c:1379:22: warning: symbol 'tegra_clk_plle_tegra114_ops' was not declared. Should it be static?
drivers/clk/tegra/clk-pll.c:256:12: warning: context imbalance in 'clk_pll_enable' - different lock contexts for basic block
drivers/clk/tegra/clk-pll.c:285:9: warning: context imbalance in 'clk_pll_disable' - different lock contexts for basic block
drivers/clk/tegra/clk-pll.c:553:9: warning: context imbalance in 'clk_pll_set_rate' - different lock contexts for basic block
drivers/clk/tegra/clk-pll.c:758:12: warning: context imbalance in 'clk_pll_iddq_enable' - different lock contexts for basic block
drivers/clk/tegra/clk-pll.c:800:9: warning: context imbalance in 'clk_pll_iddq_disable' - different lock contexts for basic block
drivers/clk/tegra/clk-pll.c:885:9: warning: context imbalance in 'clk_pllxc_set_rate' - different lock contexts for basic block
drivers/clk/tegra/clk-pll.c:940:9: warning: context imbalance in 'clk_pllm_set_rate' - different lock contexts for basic block
drivers/clk/tegra/clk-pll.c:956:12: warning: context imbalance in 'clk_pllc_enable' - different lock contexts for basic block
drivers/clk/tegra/clk-pll.c:1007:9: warning: context imbalance in 'clk_pllc_disable' - different lock contexts for basic block
drivers/clk/tegra/clk-pll.c:1087:9: warning: context imbalance in 'clk_pllc_set_rate' - different lock contexts for basic block
drivers/clk/tegra/clk-pll.c:1141:9: warning: context imbalance in 'clk_pllre_set_rate' - different lock contexts for basic block
drivers/clk/tegra/clk-pll.c:1226:9: warning: context imbalance in 'clk_plle_tegra114_enable' - different lock contexts for basic block
drivers/clk/tegra/clk-pll.c:1245:9: warning: context imbalance in 'clk_plle_tegra114_disable' - different lock contexts for basic block
lib/kstrtox.c:339:1: error: incompatible types in comparison expression (different type sizes)
lib/kstrtox.c:340:1: error: incompatible types in comparison expression (different type sizes)
lib/kstrtox.c:341:1: error: incompatible types in comparison expression (different type sizes)
lib/kstrtox.c:342:1: error: incompatible types in comparison expression (different type sizes)
lib/kstrtox.c:343:1: error: incompatible types in comparison expression (different type sizes)
lib/kstrtox.c:344:1: error: incompatible types in comparison expression (different type sizes)
lib/kstrtox.c:345:1: error: incompatible types in comparison expression (different type sizes)
lib/kstrtox.c:346:1: error: incompatible types in comparison expression (different type sizes)
lib/kstrtox.c:347:1: error: incompatible types in comparison expression (different type sizes)
lib/kstrtox.c:348:1: error: incompatible types in comparison expression (different type sizes)
kernel/cgroup.c:2785:13: warning: context imbalance in 'cgroup_cfts_prepare' - wrong count at exit
kernel/cgroup.c:2797:12: warning: context imbalance in 'cgroup_cfts_commit' - wrong count at exit
kernel/cgroup_freezer.c:115:12: warning: context imbalance in 'freezer_css_online' - different lock contexts for basic block
lib/devres.c:83:9: warning: cast removes address space of expression
lib/devres.c:117:31: warning: incorrect type in return expression (different address spaces)
lib/devres.c:117:31:    expected void [noderef] <asn:2>*
lib/devres.c:117:31:    got void *
lib/devres.c:125:31: warning: incorrect type in return expression (different address spaces)
lib/devres.c:125:31:    expected void [noderef] <asn:2>*
lib/devres.c:125:31:    got void *
lib/devres.c:136:26: warning: incorrect type in assignment (different address spaces)
lib/devres.c:136:26:    expected void [noderef] <asn:2>*[assigned] dest_ptr
lib/devres.c:136:26:    got void *
lib/devres.c:226:9: warning: cast removes address space of expression
drivers/clk/tegra/clk-pll-out.c:42:12: warning: context imbalance in 'clk_pll_out_enable' - different lock contexts for basic block
drivers/clk/tegra/clk-pll-out.c:80:9: warning: context imbalance in 'clk_pll_out_disable' - different lock contexts for basic block
drivers/clk/tegra/clk-super.c:122:9: warning: context imbalance in 'clk_super_set_parent' - different lock contexts for basic block
kernel/stop_machine.c:332:36: warning: incorrect type in initializer (different address spaces)
kernel/stop_machine.c:332:36:    expected struct task_struct [noderef] <asn:3>**store
kernel/stop_machine.c:332:36:    got struct task_struct *static [noderef] [toplevel] <asn:3>*<noident>
kernel/hung_task.c:22:29: warning: symbol 'sysctl_hung_task_check_count' was not declared. Should it be static?
kernel/hung_task.c:36:29: warning: symbol 'sysctl_hung_task_timeout_secs' was not declared. Should it be static?
kernel/hung_task.c:38:29: warning: symbol 'sysctl_hung_task_warnings' was not declared. Should it be static?
kernel/hung_task.c:48:28: warning: symbol 'sysctl_hung_task_panic' was not declared. Should it be static?
kernel/hung_task.c:184:5: warning: symbol 'proc_dohung_task_timeout_secs' was not declared. Should it be static?
net/bluetooth/hidp/core.c:156:60: warning: dubious: x | !y
kernel/rcutree.c:209:1: warning: symbol 'rcu_dynticks' was not declared. Should it be static?
kernel/rcutree.c:1351:5: warning: symbol 'rcu_gp_fqs' was not declared. Should it be static?
kernel/rcutree.c:3049:21: warning: incorrect type in argument 1 (different modifiers)
kernel/rcutree.c:3049:21:    expected int ( *threadfn )( ... )
kernel/rcutree.c:3049:21:    got int ( static [toplevel] [noreturn] *<noident> )( ... )
kernel/rcutree_plugin.h:133:6: warning: symbol 'rcu_batches_completed_preempt' was not declared. Should it be static?
kernel/rcutree.c:1093:9: warning: context imbalance in 'rcu_start_future_gp' - different lock contexts for basic block
kernel/rcutree.c:1903:17: warning: context imbalance in 'rcu_cleanup_dead_cpu' - unexpected unlock
kernel/rcutree.c:2083:9: warning: context imbalance in 'force_qs_rnp' - different lock contexts for basic block
kernel/rcutree.c:2137:25: warning: context imbalance in 'force_quiescent_state' - unexpected unlock
kernel/rcutree_plugin.h:813:9: warning: context imbalance in 'sync_rcu_preempt_exp_init' - different lock contexts for basic block
kernel/rcutree_plugin.h:1522:13: warning: context imbalance in 'rcu_initiate_boost' - unexpected unlock
drivers/clocksource/clksrc-of.c:33:27: warning: incorrect type in assignment (different modifiers)
drivers/clocksource/clksrc-of.c:33:27:    expected void ( *[usertype] init_func )( ... )
drivers/clocksource/clksrc-of.c:33:27:    got void const *const data
lib/xz/xz_dec_stream.c:734:23: warning: function 'xz_dec_run' with external linkage has definition
lib/xz/xz_dec_stream.c:770:25: warning: function 'xz_dec_init' with external linkage has definition
lib/xz/xz_dec_stream.c:800:16: warning: function 'xz_dec_reset' with external linkage has definition
lib/xz/xz_dec_stream.c:812:16: warning: function 'xz_dec_end' with external linkage has definition
drivers/clocksource/tegra20_timer.c:253:6: warning: symbol 'tegra_timer_suspend' was not declared. Should it be static?
drivers/clocksource/tegra20_timer.c:258:6: warning: symbol 'tegra_timer_resume' was not declared. Should it be static?
lib/xz/xz_dec_lzma2.c:931:23: warning: function 'xz_dec_lzma2_run' with external linkage has definition
lib/xz/xz_dec_lzma2.c:1104:31: warning: function 'xz_dec_lzma2_create' with external linkage has definition
lib/xz/xz_dec_lzma2.c:1128:23: warning: function 'xz_dec_lzma2_reset' with external linkage has definition
lib/xz/xz_dec_lzma2.c:1165:16: warning: function 'xz_dec_lzma2_end' with external linkage has definition
kernel/elfcore.c:8:17: warning: symbol 'elf_core_extra_phdrs' was not declared. Should it be static?
kernel/elfcore.c:13:12: warning: symbol 'elf_core_write_extra_phdrs' was not declared. Should it be static?
kernel/elfcore.c:18:12: warning: symbol 'elf_core_write_extra_data' was not declared. Should it be static?
kernel/elfcore.c:23:15: warning: symbol 'elf_core_extra_data_size' was not declared. Should it be static?
lib/xz/xz_dec_bcj.c:417:23: warning: function 'xz_dec_bcj_run' with external linkage has definition
lib/xz/xz_dec_bcj.c:527:29: warning: function 'xz_dec_bcj_create' with external linkage has definition
lib/xz/xz_dec_bcj.c:536:23: warning: function 'xz_dec_bcj_reset' with external linkage has definition
kernel/irq_work.c:51:13: warning: symbol 'arch_irq_work_raise' was not declared. Should it be static?
net/bluetooth/rfcomm/core.c:384:16: warning: dubious: x | !y
kernel/config_data.h:1265:10: warning: trying to concatenate 40417-character string (8191 bytes max)
kernel/time.c:101:1: warning: symbol 'SyS_gettimeofday' was not declared. Should it be static?
kernel/time.c:188:1: warning: symbol 'SyS_settimeofday' was not declared. Should it be static?
kernel/time.c:209:1: warning: symbol 'SyS_adjtimex' was not declared. Should it be static?
net/core/sock.c:1524:9: warning: context imbalance in 'sk_clone_lock' - different lock contexts for basic block
net/core/sock.c:2357:6: warning: context imbalance in 'lock_sock_fast' - different lock contexts for basic block
net/core/sock.c:2740:13: warning: context imbalance in 'proto_seq_start' - wrong count at exit
net/core/sock.c:2752:13: warning: context imbalance in 'proto_seq_stop' - wrong count at exit
lib/strncpy_from_user.c:34:13: warning: cast removes address space of expression
drivers/cpuidle/cpuidle.c:27:1: warning: symbol 'cpuidle_dev' was not declared. Should it be static?
lib/dec_and_lock.c:20:5: warning: context imbalance in '_atomic_dec_and_lock' - different lock contexts for basic block
lib/decompress_inflate.c:35:17: warning: symbol 'gunzip' was not declared. Should it be static?
include/net/netns/generic.h:34:20: warning: context imbalance in 'nfs_server_list_start' - wrong count at exit
include/net/netns/generic.h:34:20: warning: context imbalance in 'nfs_server_list_stop' - unexpected unlock
include/net/netns/generic.h:34:20: warning: context imbalance in 'nfs_volume_list_start' - wrong count at exit
include/net/netns/generic.h:34:20: warning: context imbalance in 'nfs_volume_list_stop' - unexpected unlock
drivers/crypto/tegra-aes.c:278:35: warning: dubious: x & !y
drivers/crypto/tegra-aes.c:368:27: warning: dubious: x & !y
drivers/crypto/tegra-aes.c:382:27: warning: dubious: x & !y
drivers/crypto/tegra-aes.c:455:26: warning: incorrect type in argument 1 (different address spaces)
drivers/crypto/tegra-aes.c:455:26:    expected void *<noident>
drivers/crypto/tegra-aes.c:455:26:    got void [noderef] <asn:2>*ivkey_base
drivers/crypto/tegra-aes.c:456:17: warning: incorrect type in initializer (different address spaces)
drivers/crypto/tegra-aes.c:456:17:    expected void *__p
drivers/crypto/tegra-aes.c:456:17:    got void [noderef] <asn:2>*
drivers/crypto/tegra-aes.c:753:18: warning: incorrect type in argument 1 (different address spaces)
drivers/crypto/tegra-aes.c:753:18:    expected void *<noident>
drivers/crypto/tegra-aes.c:753:18:    got void [noderef] <asn:2>*ivkey_base
drivers/crypto/tegra-aes.c:754:9: warning: incorrect type in initializer (different address spaces)
drivers/crypto/tegra-aes.c:754:9:    expected void *__p
drivers/crypto/tegra-aes.c:754:9:    got void [noderef] <asn:2>*
drivers/crypto/tegra-aes.c:807:6: warning: symbol 'tegra_aes_cra_exit' was not declared. Should it be static?
drivers/crypto/tegra-aes.c:945:24: warning: incorrect type in assignment (different address spaces)
drivers/crypto/tegra-aes.c:945:24:    expected void [noderef] <asn:2>*ivkey_base
drivers/crypto/tegra-aes.c:945:24:    got void *
drivers/crypto/tegra-aes.c:1028:17: warning: incorrect type in argument 3 (different address spaces)
drivers/crypto/tegra-aes.c:1028:17:    expected void *cpu_addr
drivers/crypto/tegra-aes.c:1028:17:    got void [noderef] <asn:2>*ivkey_base
drivers/crypto/tegra-aes.c:1065:9: warning: incorrect type in argument 3 (different address spaces)
drivers/crypto/tegra-aes.c:1065:9:    expected void *cpu_addr
drivers/crypto/tegra-aes.c:1065:9:    got void [noderef] <asn:2>*ivkey_base
lib/radix-tree.c:1227:9: warning: context imbalance in 'radix_tree_locate_item' - wrong count at exit
include/net/sock.h:1493:31: warning: context imbalance in 'skb_free_datagram_locked' - unexpected unlock
lib/vsprintf.c:617:18: warning: Variable length array is used.
lib/vsprintf.c:620:38: error: cannot size expression
drivers/dma/tegra20-apb-dma.c:1021:32: warning: symbol 'tegra_dma_prep_dma_cyclic' was not declared. Should it be static?
drivers/dma/tegra20-apb-dma.c:353:9: warning: context imbalance in 'tegra_dma_global_pause' - wrong count at exit
drivers/dma/tegra20-apb-dma.c:224:9: warning: context imbalance in 'tegra_dma_global_resume' - unexpected unlock
net/core/scm.c:236:26: warning: cast removes address space of expression
net/core/scm.c:236:26: warning: incorrect type in argument 1 (different address spaces)
net/core/scm.c:236:26:    expected void [noderef] <asn:1>*to
net/core/scm.c:236:26:    got void *<noident>
net/core/scm.c:272:48: warning: cast removes address space of expression
net/core/gen_stats.c:58:1: warning: context imbalance in 'gnet_stats_start_copy_compat' - wrong count at exit
net/core/gen_stats.c:35:23: warning: context imbalance in 'gnet_stats_copy_basic' - unexpected unlock
net/core/gen_stats.c:35:23: warning: context imbalance in 'gnet_stats_copy_rate_est' - unexpected unlock
net/core/gen_stats.c:35:23: warning: context imbalance in 'gnet_stats_copy_queue' - unexpected unlock
net/core/gen_stats.c:35:23: warning: context imbalance in 'gnet_stats_copy_app' - unexpected unlock
net/core/gen_stats.c:35:23: warning: context imbalance in 'gnet_stats_finish_copy' - unexpected unlock
net/ipv6/anycast.c:426:25: warning: context imbalance in 'ac6_get_next' - unexpected unlock
net/ipv6/anycast.c:448:9: warning: context imbalance in 'ac6_get_idx' - wrong count at exit
include/linux/rcupdate.h:798:9: warning: context imbalance in 'ac6_seq_stop' - unexpected unlock
lib/crc32.c:189:12: error: symbol 'crc32_le' redeclared with different type (originally declared at include/linux/crc32.h:11) - different modifiers
lib/crc32.c:194:12: error: symbol '__crc32c_le' redeclared with different type (originally declared at include/linux/crc32.h:14) - different modifiers
lib/crc32.c:256:12: error: symbol 'crc32_be' redeclared with different type (originally declared at include/linux/crc32.h:12) - different modifiers
net/core/sysctl_net_core.c:151:23: error: incompatible types in comparison expression (different type sizes)
net/core/dev.c:145:18: warning: symbol 'ptype_base' was not declared. Should it be static?
net/core/dev.c:146:18: warning: symbol 'ptype_all' was not declared. Should it be static?
net/core/dev.c:2739:9: warning: context imbalance in 'dev_queue_xmit' - different lock contexts for basic block
net/core/dev.c:3312:17: warning: context imbalance in 'net_tx_action' - different lock contexts for basic block
net/ipv4/ip_sockglue.c:1286:33: warning: incorrect type in assignment (different address spaces)
net/ipv4/ip_sockglue.c:1286:33:    expected void *msg_control
net/ipv4/ip_sockglue.c:1286:33:    got char [noderef] <asn:1>*optval
drivers/gpu/drm/drm_bufs.c:219:45: warning: incorrect type in assignment (different address spaces)
drivers/gpu/drm/drm_bufs.c:219:45:    expected void *handle
drivers/gpu/drm/drm_bufs.c:219:45:    got void [noderef] <asn:2>*
drivers/gpu/drm/drm_bufs.c:222:45: warning: incorrect type in assignment (different address spaces)
drivers/gpu/drm/drm_bufs.c:222:45:    expected void *handle
drivers/gpu/drm/drm_bufs.c:222:45:    got void [noderef] <asn:2>*
drivers/gpu/drm/drm_bufs.c:340:36: warning: incorrect type in argument 1 (different address spaces)
drivers/gpu/drm/drm_bufs.c:340:36:    expected void volatile [noderef] <asn:2>*addr
drivers/gpu/drm/drm_bufs.c:340:36:    got void *handle
drivers/gpu/drm/drm_bufs.c:357:36: warning: incorrect type in argument 1 (different address spaces)
drivers/gpu/drm/drm_bufs.c:357:36:    expected void volatile [noderef] <asn:2>*addr
drivers/gpu/drm/drm_bufs.c:357:36:    got void *handle
drivers/gpu/drm/drm_bufs.c:464:28: warning: incorrect type in argument 1 (different address spaces)
drivers/gpu/drm/drm_bufs.c:464:28:    expected void volatile [noderef] <asn:2>*addr
drivers/gpu/drm/drm_bufs.c:464:28:    got void *handle
net/ipv6/route.c:511:17: warning: context imbalance in 'rt6_probe' - different lock contexts for basic block
drivers/gpu/drm/drm_drv.c:64:9: error: bad integer constant expression
drivers/gpu/drm/drm_drv.c:65:9: error: bad integer constant expression
drivers/gpu/drm/drm_drv.c:66:9: error: bad integer constant expression
drivers/gpu/drm/drm_drv.c:67:9: error: bad integer constant expression
drivers/gpu/drm/drm_drv.c:68:9: error: bad integer constant expression
drivers/gpu/drm/drm_drv.c:69:9: error: bad integer constant expression
drivers/gpu/drm/drm_drv.c:70:9: error: bad integer constant expression
drivers/gpu/drm/drm_drv.c:71:9: error: bad integer constant expression
drivers/gpu/drm/drm_drv.c:72:9: error: bad integer constant expression
drivers/gpu/drm/drm_drv.c:74:9: error: bad integer constant expression
drivers/gpu/drm/drm_drv.c:75:9: error: bad integer constant expression
drivers/gpu/drm/drm_drv.c:76:9: error: bad integer constant expression
drivers/gpu/drm/drm_drv.c:77:9: error: bad integer constant expression
drivers/gpu/drm/drm_drv.c:79:9: error: bad integer constant expression
drivers/gpu/drm/drm_drv.c:80:9: error: bad integer constant expression
drivers/gpu/drm/drm_drv.c:82:9: error: bad integer constant expression
drivers/gpu/drm/drm_drv.c:83:9: error: bad integer constant expression
drivers/gpu/drm/drm_drv.c:88:9: error: bad integer constant expression
drivers/gpu/drm/drm_drv.c:89:9: error: bad integer constant expression
drivers/gpu/drm/drm_drv.c:90:9: error: bad integer constant expression
drivers/gpu/drm/drm_drv.c:91:9: error: bad integer constant expression
drivers/gpu/drm/drm_drv.c:92:9: error: bad integer constant expression
drivers/gpu/drm/drm_drv.c:93:9: error: bad integer constant expression
drivers/gpu/drm/drm_drv.c:94:9: error: bad integer constant expression
drivers/gpu/drm/drm_drv.c:96:9: error: bad integer constant expression
drivers/gpu/drm/drm_drv.c:97:9: error: bad integer constant expression
drivers/gpu/drm/drm_drv.c:99:9: error: bad integer constant expression
drivers/gpu/drm/drm_drv.c:100:9: error: bad integer constant expression
drivers/gpu/drm/drm_drv.c:102:9: error: bad integer constant expression
drivers/gpu/drm/drm_drv.c:104:9: error: bad integer constant expression
drivers/gpu/drm/drm_drv.c:105:9: error: bad integer constant expression
drivers/gpu/drm/drm_drv.c:106:9: error: bad integer constant expression
drivers/gpu/drm/drm_drv.c:107:9: error: bad integer constant expression
drivers/gpu/drm/drm_drv.c:108:9: error: bad integer constant expression
drivers/gpu/drm/drm_drv.c:110:9: error: bad integer constant expression
drivers/gpu/drm/drm_drv.c:112:9: error: bad integer constant expression
drivers/gpu/drm/drm_drv.c:125:9: error: bad integer constant expression
drivers/gpu/drm/drm_drv.c:126:9: error: bad integer constant expression
drivers/gpu/drm/drm_drv.c:128:9: error: bad integer constant expression
drivers/gpu/drm/drm_drv.c:130:9: error: bad integer constant expression
drivers/gpu/drm/drm_drv.c:132:9: error: bad integer constant expression
drivers/gpu/drm/drm_drv.c:134:9: error: bad integer constant expression
drivers/gpu/drm/drm_drv.c:135:9: error: bad integer constant expression
drivers/gpu/drm/drm_drv.c:136:9: error: bad integer constant expression
drivers/gpu/drm/drm_drv.c:138:9: error: bad integer constant expression
drivers/gpu/drm/drm_drv.c:140:9: error: bad integer constant expression
drivers/gpu/drm/drm_drv.c:141:9: error: bad integer constant expression
drivers/gpu/drm/drm_drv.c:143:9: error: bad integer constant expression
drivers/gpu/drm/drm_drv.c:144:9: error: bad integer constant expression
drivers/gpu/drm/drm_drv.c:145:9: error: bad integer constant expression
drivers/gpu/drm/drm_drv.c:146:9: error: bad integer constant expression
drivers/gpu/drm/drm_drv.c:147:9: error: bad integer constant expression
drivers/gpu/drm/drm_drv.c:148:9: error: bad integer constant expression
drivers/gpu/drm/drm_drv.c:149:9: error: bad integer constant expression
drivers/gpu/drm/drm_drv.c:150:9: error: bad integer constant expression
drivers/gpu/drm/drm_drv.c:151:9: error: bad integer constant expression
drivers/gpu/drm/drm_drv.c:152:9: error: bad integer constant expression
drivers/gpu/drm/drm_drv.c:153:9: error: bad integer constant expression
drivers/gpu/drm/drm_drv.c:154:9: error: bad integer constant expression
drivers/gpu/drm/drm_drv.c:155:9: error: bad integer constant expression
drivers/gpu/drm/drm_drv.c:156:9: error: bad integer constant expression
drivers/gpu/drm/drm_drv.c:157:9: error: bad integer constant expression
drivers/gpu/drm/drm_drv.c:158:9: error: bad integer constant expression
drivers/gpu/drm/drm_drv.c:159:9: error: bad integer constant expression
drivers/gpu/drm/drm_drv.c:160:9: error: bad integer constant expression
drivers/gpu/drm/drm_drv.c:161:9: error: bad integer constant expression
drivers/gpu/drm/drm_drv.c:162:9: error: bad integer constant expression
drivers/gpu/drm/drm_drv.c:163:9: error: bad integer constant expression
drivers/gpu/drm/drm_drv.c:164:9: error: bad integer constant expression
drivers/gpu/drm/drm_drv.c:165:9: error: bad integer constant expression
drivers/gpu/drm/drm_drv.c:166:9: error: bad integer constant expression
drivers/gpu/drm/drm_drv.c:167:9: error: bad integer constant expression
drivers/gpu/drm/drm_drv.c:168:9: error: bad integer constant expression
drivers/gpu/drm/drm_drv.c:169:9: error: bad integer constant expression
net/ipv4/inet_connection_sock.c:217:9: warning: context imbalance in 'inet_csk_get_port' - different lock contexts for basic block
net/ipv6/ipv6_sockglue.c:994:33: warning: incorrect type in assignment (different address spaces)
net/ipv6/ipv6_sockglue.c:994:33:    expected void *msg_control
net/ipv6/ipv6_sockglue.c:994:33:    got char [noderef] <asn:1>*optval
fs/nfs/unlink.c:475:34: warning: Variable length array is used.
include/net/sock.h:1493:31: warning: context imbalance in 'tcp_ioctl' - unexpected unlock
include/net/sock.h:1493:31: warning: context imbalance in 'udpv6_recvmsg' - unexpected unlock
drivers/gpu/drm/drm_irq.c: In function 'drm_calc_vbltimestamp_from_scanoutpos':
drivers/gpu/drm/drm_irq.c:587:24: warning: 'mono_time_offset.tv64' may be used uninitialized in this function
net/core/rtnetlink.c:1761:41: warning: Variable length array is used.
drivers/gpu/drm/drm_memory.c:119:29: warning: incorrect type in assignment (different address spaces)
drivers/gpu/drm/drm_memory.c:119:29:    expected void *handle
drivers/gpu/drm/drm_memory.c:119:29:    got void [noderef] <asn:2>*
drivers/gpu/drm/drm_memory.c:129:29: warning: incorrect type in assignment (different address spaces)
drivers/gpu/drm/drm_memory.c:129:29:    expected void *handle
drivers/gpu/drm/drm_memory.c:129:29:    got void [noderef] <asn:2>*
drivers/gpu/drm/drm_memory.c:142:28: warning: incorrect type in argument 1 (different address spaces)
drivers/gpu/drm/drm_memory.c:142:28:    expected void volatile [noderef] <asn:2>*addr
drivers/gpu/drm/drm_memory.c:142:28:    got void *handle
fs/notify/fdinfo.c:103:5: warning: symbol 'inotify_show_fdinfo' was not declared. Should it be static?
drivers/gpu/drm/drm_vm.c:256:44: warning: incorrect type in argument 1 (different address spaces)
drivers/gpu/drm/drm_vm.c:256:44:    expected void volatile [noderef] <asn:2>*addr
drivers/gpu/drm/drm_vm.c:256:44:    got void *handle
drivers/gpu/drm/drm_vm.c:500:51: error: undefined identifier '_PAGE_RW'
drivers/gpu/drm/drm_vm.c:584:51: error: undefined identifier '_PAGE_RW'
fs/notify/inotify/inotify_user.c:700:1: warning: symbol 'SyS_inotify_init1' was not declared. Should it be static?
fs/notify/inotify/inotify_user.c:730:1: warning: symbol 'SyS_inotify_add_watch' was not declared. Should it be static?
fs/notify/inotify/inotify_user.c:775:1: warning: symbol 'SyS_inotify_rm_watch' was not declared. Should it be static?
net/ipv6/icmp.c:383:13: warning: context imbalance in 'icmp6_send' - different lock contexts for basic block
net/ipv6/icmp.c:540:13: warning: context imbalance in 'icmpv6_echo_reply' - wrong count at exit
fs/proc/task_mmu.c:541:18: error: bad integer constant expression
fs/proc/task_mmu.c:542:18: error: bad integer constant expression
fs/proc/task_mmu.c:543:18: error: bad integer constant expression
fs/proc/task_mmu.c:544:18: error: bad integer constant expression
fs/proc/task_mmu.c:545:18: error: bad integer constant expression
fs/proc/task_mmu.c:546:18: error: bad integer constant expression
fs/proc/task_mmu.c:547:18: error: bad integer constant expression
fs/proc/task_mmu.c:548:18: error: bad integer constant expression
fs/proc/task_mmu.c:549:18: error: bad integer constant expression
fs/proc/task_mmu.c:550:18: error: bad integer constant expression
fs/proc/task_mmu.c:551:18: error: bad integer constant expression
fs/proc/task_mmu.c:552:18: error: bad integer constant expression
fs/proc/task_mmu.c:553:18: error: bad integer constant expression
fs/proc/task_mmu.c:554:18: error: bad integer constant expression
fs/proc/task_mmu.c:555:18: error: bad integer constant expression
fs/proc/task_mmu.c:556:18: error: bad integer constant expression
fs/proc/task_mmu.c:557:18: error: bad integer constant expression
fs/proc/task_mmu.c:558:18: error: bad integer constant expression
fs/proc/task_mmu.c:559:18: error: bad integer constant expression
fs/proc/task_mmu.c:560:18: error: bad integer constant expression
fs/proc/task_mmu.c:561:18: error: bad integer constant expression
fs/proc/task_mmu.c:562:18: error: bad integer constant expression
fs/proc/task_mmu.c:563:18: error: bad integer constant expression
fs/proc/task_mmu.c:564:18: error: bad integer constant expression
fs/proc/task_mmu.c:565:18: error: bad integer constant expression
fs/proc/task_mmu.c:566:18: error: bad integer constant expression
fs/proc/task_mmu.c:567:18: error: bad integer constant expression
fs/proc/task_mmu.c:1168:23: error: incompatible types in comparison expression (different type sizes)
net/ipv6/mcast.c:251:25: warning: context imbalance in 'ip6_mc_find_dev_rcu' - different lock contexts for basic block
net/ipv6/mcast.c:443:9: warning: context imbalance in 'ip6_mc_source' - unexpected unlock
net/ipv6/mcast.c:532:9: warning: context imbalance in 'ip6_mc_msfilter' - unexpected unlock
net/ipv6/mcast.c:580:21: warning: context imbalance in 'ip6_mc_msfget' - unexpected unlock
net/ipv6/mcast.c:2404:25: warning: context imbalance in 'igmp6_mc_get_next' - unexpected unlock
net/ipv6/mcast.c:2426:9: warning: context imbalance in 'igmp6_mc_get_idx' - wrong count at exit
net/ipv6/mcast.c:2453:9: warning: context imbalance in 'igmp6_mc_seq_stop' - unexpected unlock
net/ipv6/mcast.c:2539:31: warning: context imbalance in 'igmp6_mcf_get_next' - unexpected unlock
net/ipv6/mcast.c:2571:9: warning: context imbalance in 'igmp6_mcf_get_idx' - wrong count at exit
net/ipv6/mcast.c:2588:9: warning: context imbalance in 'igmp6_mcf_seq_next' - wrong count at exit
net/ipv6/mcast.c:2601:17: warning: context imbalance in 'igmp6_mcf_seq_stop' - unexpected unlock
net/core/filter.c:48:6: warning: symbol 'bpf_internal_load_pointer_neg_helper' was not declared. Should it be static?
net/core/filter.c:689:32: warning: incorrect type in argument 2 (different address spaces)
net/core/filter.c:689:32:    expected void const *<noident>
net/core/filter.c:689:32:    got struct sock_filter [noderef] <asn:1>*filter
net/ipv6/tcp_ipv6.c:912:20: warning: context imbalance in 'tcp_v6_hnd_req' - different lock contexts for basic block
net/core/dev_ioctl.c:148:32: error: incompatible types in comparison expression (different type sizes)
net/core/dev_ioctl.c:268:24: error: incompatible types in comparison expression (different type sizes)
fs/proc/array.c:424:43: warning: implicit cast to nocast type
fs/proc/array.c:425:26: warning: implicit cast to nocast type
fs/proc/array.c:459:62: warning: incorrect type in argument 2 (different modifiers)
fs/proc/array.c:459:62:    expected unsigned long [nocast] [usertype] *ut
fs/proc/array.c:459:62:    got unsigned long *<noident>
fs/proc/array.c:459:62: warning: implicit cast to nocast type
fs/proc/array.c:459:70: warning: incorrect type in argument 3 (different modifiers)
fs/proc/array.c:459:70:    expected unsigned long [nocast] [usertype] *st
fs/proc/array.c:459:70:    got unsigned long *<noident>
fs/proc/array.c:459:70: warning: implicit cast to nocast type
fs/proc/array.c:475:46: warning: incorrect type in argument 2 (different modifiers)
fs/proc/array.c:475:46:    expected unsigned long [nocast] [usertype] *ut
fs/proc/array.c:475:46:    got unsigned long *<noident>
fs/proc/array.c:475:46: warning: implicit cast to nocast type
fs/proc/array.c:475:54: warning: incorrect type in argument 3 (different modifiers)
fs/proc/array.c:475:54:    expected unsigned long [nocast] [usertype] *st
fs/proc/array.c:475:54:    got unsigned long *<noident>
fs/proc/array.c:475:54: warning: implicit cast to nocast type
fs/proc/fd.c:96:55: warning: incorrect type in initializer (different base types)
fs/proc/fd.c:96:55:    expected unsigned int [unsigned] f_mode
fs/proc/fd.c:96:55:    got restricted fmode_t [usertype] f_mode
fs/proc/fd.c:114:54: warning: restricted fmode_t degrades to integer
fs/proc/fd.c:116:54: warning: restricted fmode_t degrades to integer
fs/proc/proc_tty.c:175:13: warning: symbol 'proc_tty_init' was not declared. Should it be static?
fs/proc/meminfo.c:19:28: warning: symbol 'arch_report_meminfo' was not declared. Should it be static?
drivers/gpu/drm/ati_pcigart.c:192:9: error: undefined identifier 'wbinvd'
drivers/gpu/drm/drm_fb_helper.c:1456:27: warning: expression using sizeof bool
net/ipv4/tcp_ipv4.c:1433:9: warning: context imbalance in 'tcp_v4_conn_req_fastopen' - unexpected unlock
fs/proc/namespaces.c:60:32: warning: symbol 'ns_dentry_operations' was not declared. Should it be static?
net/ipv4/tcp_ipv4.c:1714:20: warning: context imbalance in 'tcp_v4_hnd_req' - different lock contexts for basic block
include/net/sock.h:481:54: warning: context imbalance in 'listening_get_next' - unexpected unlock
net/ipv4/tcp_ipv4.c:2363:9: warning: context imbalance in 'established_get_first' - wrong count at exit
net/ipv4/tcp_ipv4.c:2388:48: warning: context imbalance in 'established_get_next' - unexpected unlock
net/ipv4/tcp_ipv4.c:2545:69: warning: context imbalance in 'tcp_seq_stop' - unexpected unlock
net/ipv4/tcp_minisocks.c:763:9: warning: context imbalance in 'tcp_child_process' - unexpected unlock
fs/eventpoll.c:1734:1: warning: symbol 'SyS_epoll_create1' was not declared. Should it be static?
fs/eventpoll.c:1777:1: warning: symbol 'SyS_epoll_create' was not declared. Should it be static?
fs/eventpoll.c:1790:1: warning: symbol 'SyS_epoll_ctl' was not declared. Should it be static?
fs/eventpoll.c:1918:1: warning: symbol 'SyS_epoll_wait' was not declared. Should it be static?
fs/eventpoll.c:1964:1: warning: symbol 'SyS_epoll_pwait' was not declared. Should it be static?
drivers/gpu/host1x/job.c:505:9: warning: Variable length array is used.
net/ipv6/xfrm6_state.c:64:19: warning: Variable length array is used.
net/ipv6/xfrm6_state.c:66:9: error: cannot size expression
fs/signalfd.c:107:25: warning: cast removes address space of expression
fs/signalfd.c:115:24: warning: cast removes address space of expression
fs/signalfd.c:141:24: warning: cast removes address space of expression
fs/signalfd.c:150:24: warning: cast removes address space of expression
fs/signalfd.c:256:1: warning: symbol 'SyS_signalfd4' was not declared. Should it be static?
fs/signalfd.c:310:1: warning: symbol 'SyS_signalfd' was not declared. Should it be static?
fs/timerfd.c:307:1: warning: symbol 'SyS_timerfd_create' was not declared. Should it be static?
fs/timerfd.c:444:1: warning: symbol 'SyS_timerfd_settime' was not declared. Should it be static?
fs/timerfd.c:462:1: warning: symbol 'SyS_timerfd_gettime' was not declared. Should it be static?
fs/eventfd.c:426:1: warning: symbol 'SyS_eventfd2' was not declared. Should it be static?
fs/eventfd.c:451:1: warning: symbol 'SyS_eventfd' was not declared. Should it be static?
drivers/gpu/host1x/drm/fb.c:232:27: warning: incorrect type in assignment (different address spaces)
drivers/gpu/host1x/drm/fb.c:232:27:    expected char [noderef] <asn:2>*screen_base
drivers/gpu/host1x/drm/fb.c:232:27:    got void *
fs/aio.c:936:1: warning: symbol 'SyS_io_setup' was not declared. Should it be static?
fs/aio.c:972:1: warning: symbol 'SyS_io_destroy' was not declared. Should it be static?
fs/aio.c:1315:1: warning: symbol 'SyS_io_submit' was not declared. Should it be static?
fs/aio.c:1353:1: warning: symbol 'SyS_io_cancel' was not declared. Should it be static?
fs/aio.c:1405:1: warning: symbol 'SyS_io_getevents' was not declared. Should it be static?
drivers/gpu/host1x/drm/dc.c:1192:24: warning: symbol 'tegra_dc_driver' was not declared. Should it be static?
net/ipv4/raw.c:956:21: warning: context imbalance in 'raw_seq_start' - wrong count at exit
net/ipv4/raw.c:973:6: warning: context imbalance in 'raw_seq_stop' - unexpected unlock
fs/locks.c:1745:1: warning: symbol 'SyS_flock' was not declared. Should it be static?
fs/locks.c:2351:13: warning: context imbalance in 'locks_start' - wrong count at exit
fs/locks.c:2369:13: warning: context imbalance in 'locks_stop' - unexpected unlock
drivers/gpu/host1x/drm/dc.c: In function 'tegra_dc_setup_window':
drivers/gpu/host1x/drm/dc.c:429:12: warning: 'planar' may be used uninitialized in this function
include/net/sock.h:1493:31: warning: context imbalance in 'first_packet_length' - unexpected unlock
include/net/sock.h:1493:31: warning: context imbalance in 'udp_recvmsg' - unexpected unlock
include/net/sock.h:1493:31: warning: context imbalance in 'udp_destroy_sock' - unexpected unlock
net/ipv4/udp.c:2049:9: warning: context imbalance in 'udp_get_first' - wrong count at exit
net/ipv4/udp.c:2063:39: warning: context imbalance in 'udp_get_next' - unexpected unlock
net/ipv4/udp.c:2105:31: warning: context imbalance in 'udp_seq_stop' - unexpected unlock
net/packet/af_packet.c:293:39: warning: incorrect type in return expression (different modifiers)
net/packet/af_packet.c:293:39:    expected struct page [pure] *
net/packet/af_packet.c:293:39:    got struct page *
net/packet/af_packet.c:294:16: warning: incorrect type in return expression (different modifiers)
net/packet/af_packet.c:294:16:    expected struct page [pure] *
net/packet/af_packet.c:294:16:    got struct page *
net/packet/af_packet.c:1872:62: warning: incorrect type in argument 1 (different modifiers)
net/packet/af_packet.c:1872:62:    expected struct page *<noident>
net/packet/af_packet.c:1872:62:    got struct page [pure] *
net/packet/af_packet.c:293:39: warning: incorrect type in return expression (different modifiers)
net/packet/af_packet.c:293:39:    expected struct page [pure] *
net/packet/af_packet.c:293:39:    got struct page *
net/packet/af_packet.c:294:16: warning: incorrect type in return expression (different modifiers)
net/packet/af_packet.c:294:16:    expected struct page [pure] *
net/packet/af_packet.c:294:16:    got struct page *
net/packet/af_packet.c:305:46: warning: incorrect type in argument 1 (different modifiers)
net/packet/af_packet.c:305:46:    expected struct page *<noident>
net/packet/af_packet.c:305:46:    got struct page [pure] *
net/packet/af_packet.c:293:39: warning: incorrect type in return expression (different modifiers)
net/packet/af_packet.c:293:39:    expected struct page [pure] *
net/packet/af_packet.c:293:39:    got struct page *
net/packet/af_packet.c:294:16: warning: incorrect type in return expression (different modifiers)
net/packet/af_packet.c:294:16:    expected struct page [pure] *
net/packet/af_packet.c:294:16:    got struct page *
net/packet/af_packet.c:309:46: warning: incorrect type in argument 1 (different modifiers)
net/packet/af_packet.c:309:46:    expected struct page *<noident>
net/packet/af_packet.c:309:46:    got struct page [pure] *
net/packet/af_packet.c:293:39: warning: incorrect type in return expression (different modifiers)
net/packet/af_packet.c:293:39:    expected struct page [pure] *
net/packet/af_packet.c:293:39:    got struct page *
net/packet/af_packet.c:294:16: warning: incorrect type in return expression (different modifiers)
net/packet/af_packet.c:294:16:    expected struct page [pure] *
net/packet/af_packet.c:294:16:    got struct page *
net/packet/af_packet.c:329:46: warning: incorrect type in argument 1 (different modifiers)
net/packet/af_packet.c:329:46:    expected struct page *<noident>
net/packet/af_packet.c:329:46:    got struct page [pure] *
net/packet/af_packet.c:293:39: warning: incorrect type in return expression (different modifiers)
net/packet/af_packet.c:293:39:    expected struct page [pure] *
net/packet/af_packet.c:293:39:    got struct page *
net/packet/af_packet.c:294:16: warning: incorrect type in return expression (different modifiers)
net/packet/af_packet.c:294:16:    expected struct page [pure] *
net/packet/af_packet.c:294:16:    got struct page *
net/packet/af_packet.c:332:46: warning: incorrect type in argument 1 (different modifiers)
net/packet/af_packet.c:332:46:    expected struct page *<noident>
net/packet/af_packet.c:332:46:    got struct page [pure] *
net/packet/af_packet.c:293:39: warning: incorrect type in return expression (different modifiers)
net/packet/af_packet.c:293:39:    expected struct page [pure] *
net/packet/af_packet.c:293:39:    got struct page *
net/packet/af_packet.c:294:16: warning: incorrect type in return expression (different modifiers)
net/packet/af_packet.c:294:16:    expected struct page [pure] *
net/packet/af_packet.c:294:16:    got struct page *
net/packet/af_packet.c:389:38: warning: incorrect type in argument 1 (different modifiers)
net/packet/af_packet.c:389:38:    expected struct page *<noident>
net/packet/af_packet.c:389:38:    got struct page [pure] *
net/packet/af_packet.c:293:39: warning: incorrect type in return expression (different modifiers)
net/packet/af_packet.c:293:39:    expected struct page [pure] *
net/packet/af_packet.c:293:39:    got struct page *
net/packet/af_packet.c:294:16: warning: incorrect type in return expression (different modifiers)
net/packet/af_packet.c:294:16:    expected struct page [pure] *
net/packet/af_packet.c:294:16:    got struct page *
net/packet/af_packet.c:662:46: warning: incorrect type in argument 1 (different modifiers)
net/packet/af_packet.c:662:46:    expected struct page *<noident>
net/packet/af_packet.c:662:46:    got struct page [pure] *
net/packet/af_packet.c:293:39: warning: incorrect type in return expression (different modifiers)
net/packet/af_packet.c:293:39:    expected struct page [pure] *
net/packet/af_packet.c:293:39:    got struct page *
net/packet/af_packet.c:294:16: warning: incorrect type in return expression (different modifiers)
net/packet/af_packet.c:294:16:    expected struct page [pure] *
net/packet/af_packet.c:294:16:    got struct page *
net/packet/af_packet.c:675:38: warning: incorrect type in argument 1 (different modifiers)
net/packet/af_packet.c:675:38:    expected struct page *<noident>
net/packet/af_packet.c:675:38:    got struct page [pure] *
net/packet/af_packet.c:293:39: warning: incorrect type in return expression (different modifiers)
net/packet/af_packet.c:293:39:    expected struct page [pure] *
net/packet/af_packet.c:293:39:    got struct page *
net/packet/af_packet.c:294:16: warning: incorrect type in return expression (different modifiers)
net/packet/af_packet.c:294:16:    expected struct page [pure] *
net/packet/af_packet.c:294:16:    got struct page *
net/packet/af_packet.c:2030:22: warning: incorrect type in assignment (different modifiers)
net/packet/af_packet.c:2030:22:    expected struct page *page
net/packet/af_packet.c:2030:22:    got struct page [pure] *
net/packet/af_packet.c:293:39: warning: incorrect type in return expression (different modifiers)
net/packet/af_packet.c:293:39:    expected struct page [pure] *
net/packet/af_packet.c:293:39:    got struct page *
net/packet/af_packet.c:294:16: warning: incorrect type in return expression (different modifiers)
net/packet/af_packet.c:294:16:    expected struct page [pure] *
net/packet/af_packet.c:294:16:    got struct page *
net/packet/af_packet.c:3755:38: warning: incorrect type in assignment (different modifiers)
net/packet/af_packet.c:3755:38:    expected struct page *page
net/packet/af_packet.c:3755:38:    got struct page [pure] *
fs/binfmt_elf.c:153:32: error: incompatible types in comparison expression (different type sizes)
drivers/gpu/host1x/drm/hdmi.c:1305:24: warning: symbol 'tegra_hdmi_driver' was not declared. Should it be static?
net/ipv4/icmp.c:331:13: warning: context imbalance in 'icmp_reply' - different lock contexts for basic block
net/ipv4/icmp.c:481:6: warning: context imbalance in 'icmp_send' - different lock contexts for basic block
fs/coredump.c:47:5: warning: symbol 'core_uses_pid' was not declared. Should it be static?
fs/coredump.c:48:14: warning: symbol 'core_pipe_limit' was not declared. Should it be static?
fs/coredump.c:49:6: warning: symbol 'core_pattern' was not declared. Should it be static?
fs/coredump.c:686:14: warning: incorrect type in argument 1 (different address spaces)
fs/coredump.c:686:14:    expected void const volatile [noderef] <asn:1>*<noident>
fs/coredump.c:686:14:    got void const *addr
fs/coredump.c:690:37: warning: incorrect type in argument 2 (different address spaces)
fs/coredump.c:690:37:    expected char const [noderef] <asn:1>*<noident>
fs/coredump.c:690:37:    got void const *addr
include/linux/sched.h:2218:37: warning: context imbalance in 'zap_threads' - different lock contexts for basic block
drivers/gpu/host1x/drm/gr2d.c:106:18: warning: incorrect type in initializer (different address spaces)
drivers/gpu/host1x/drm/gr2d.c:106:18:    expected struct drm_tegra_cmdbuf [noderef] <asn:1>*cmdbufs
drivers/gpu/host1x/drm/gr2d.c:106:18:    got void *[noderef] <asn:1><noident>
drivers/gpu/host1x/drm/gr2d.c:108:18: warning: incorrect type in initializer (different address spaces)
drivers/gpu/host1x/drm/gr2d.c:108:18:    expected struct drm_tegra_reloc [noderef] <asn:1>*relocs
drivers/gpu/host1x/drm/gr2d.c:108:18:    got void *[noderef] <asn:1><noident>
drivers/gpu/host1x/drm/gr2d.c:110:18: warning: incorrect type in initializer (different address spaces)
drivers/gpu/host1x/drm/gr2d.c:110:18:    expected struct drm_tegra_waitchk [noderef] <asn:1>*waitchks
drivers/gpu/host1x/drm/gr2d.c:110:18:    got void *[noderef] <asn:1><noident>
drivers/gpu/host1x/drm/gr2d.c:174:40: warning: incorrect type in argument 2 (different address spaces)
drivers/gpu/host1x/drm/gr2d.c:174:40:    expected void const [noderef] <asn:1>*from
drivers/gpu/host1x/drm/gr2d.c:174:40:    got void *[noderef] <asn:1><noident>
drivers/gpu/host1x/drm/gr2d.c:335:24: warning: symbol 'tegra_gr2d_driver' was not declared. Should it be static?
drivers/i2c/i2c-core.c:1861:36: warning: dubious: x | !y
net/ipv4/igmp.c:2601:31: warning: context imbalance in 'igmp_mcf_get_next' - unexpected unlock
net/ipv4/igmp.c:2629:9: warning: context imbalance in 'igmp_mcf_get_idx' - wrong count at exit
net/ipv4/igmp.c:2646:9: warning: context imbalance in 'igmp_mcf_seq_next' - wrong count at exit
net/ipv4/igmp.c:2658:9: warning: context imbalance in 'igmp_mcf_seq_stop' - unexpected unlock
drivers/irqchip/irqchip.c:27:13: warning: symbol 'irqchip_init' was not declared. Should it be static?
drivers/iommu/of_iommu.c:38:5: warning: symbol 'of_get_dma_window' was not declared. Should it be static?
drivers/irqchip/irq-gic.c:53:23: warning: duplicate [noderef] 
drivers/irqchip/irq-gic.c:646:6: warning: symbol 'gic_raise_softirq' was not declared. Should it be static?
drivers/irqchip/irq-gic.c:723:29: warning: symbol 'gic_irq_domain_ops' was not declared. Should it be static?
drivers/irqchip/irq-gic.c:827:12: warning: symbol 'gic_of_init' was not declared. Should it be static?
drivers/iommu/tegra-gart.c:429:25: warning: symbol 'tegra_gart_pm_ops' was not declared. Should it be static?
net/ipv4/ping.c:1046:21: warning: context imbalance in 'ping_seq_start' - wrong count at exit
net/ipv4/ping.c:1069:6: warning: context imbalance in 'ping_seq_stop' - unexpected unlock
drivers/iommu/tegra-smmu.c:1188:43: warning: cast removes address space of expression
drivers/iommu/tegra-smmu.c:1259:25: warning: symbol 'tegra_smmu_pm_ops' was not declared. Should it be static?
drivers/input/mouse/lifebook.h:22:12: warning: symbol 'lifebook_detect' was not declared. Should it be static?
drivers/input/mouse/sentelic.h:126:12: warning: symbol 'fsp_detect' was not declared. Should it be static?
drivers/media/v4l2-core/v4l2-ioctl.c:1979:9: error: bad integer constant expression
drivers/media/v4l2-core/v4l2-ioctl.c:1980:9: error: bad integer constant expression
drivers/media/v4l2-core/v4l2-ioctl.c:1981:9: error: bad integer constant expression
drivers/media/v4l2-core/v4l2-ioctl.c:1982:9: error: bad integer constant expression
drivers/media/v4l2-core/v4l2-ioctl.c:1983:9: error: bad integer constant expression
drivers/media/v4l2-core/v4l2-ioctl.c:1984:9: error: bad integer constant expression
drivers/media/v4l2-core/v4l2-ioctl.c:1985:9: error: bad integer constant expression
drivers/media/v4l2-core/v4l2-ioctl.c:1986:9: error: bad integer constant expression
drivers/media/v4l2-core/v4l2-ioctl.c:1987:9: error: bad integer constant expression
drivers/media/v4l2-core/v4l2-ioctl.c:1988:9: error: bad integer constant expression
drivers/media/v4l2-core/v4l2-ioctl.c:1989:9: error: bad integer constant expression
drivers/media/v4l2-core/v4l2-ioctl.c:1990:9: error: bad integer constant expression
drivers/media/v4l2-core/v4l2-ioctl.c:1991:9: error: bad integer constant expression
drivers/media/v4l2-core/v4l2-ioctl.c:1992:9: error: bad integer constant expression
drivers/media/v4l2-core/v4l2-ioctl.c:1993:9: error: bad integer constant expression
drivers/media/v4l2-core/v4l2-ioctl.c:1994:9: error: bad integer constant expression
drivers/media/v4l2-core/v4l2-ioctl.c:1995:9: error: bad integer constant expression
drivers/media/v4l2-core/v4l2-ioctl.c:1996:9: error: bad integer constant expression
drivers/media/v4l2-core/v4l2-ioctl.c:1997:9: error: bad integer constant expression
drivers/media/v4l2-core/v4l2-ioctl.c:1998:9: error: bad integer constant expression
drivers/media/v4l2-core/v4l2-ioctl.c:1999:9: error: bad integer constant expression
drivers/media/v4l2-core/v4l2-ioctl.c:2000:9: error: bad integer constant expression
drivers/media/v4l2-core/v4l2-ioctl.c:2001:9: error: bad integer constant expression
drivers/media/v4l2-core/v4l2-ioctl.c:2002:9: error: bad integer constant expression
drivers/media/v4l2-core/v4l2-ioctl.c:2003:9: error: bad integer constant expression
drivers/media/v4l2-core/v4l2-ioctl.c:2004:9: error: bad integer constant expression
drivers/media/v4l2-core/v4l2-ioctl.c:2005:9: error: bad integer constant expression
drivers/media/v4l2-core/v4l2-ioctl.c:2006:9: error: bad integer constant expression
drivers/media/v4l2-core/v4l2-ioctl.c:2007:9: error: bad integer constant expression
drivers/media/v4l2-core/v4l2-ioctl.c:2008:9: error: bad integer constant expression
drivers/media/v4l2-core/v4l2-ioctl.c:2009:9: error: bad integer constant expression
drivers/media/v4l2-core/v4l2-ioctl.c:2010:9: error: bad integer constant expression
drivers/media/v4l2-core/v4l2-ioctl.c:2011:9: error: bad integer constant expression
drivers/media/v4l2-core/v4l2-ioctl.c:2012:9: error: bad integer constant expression
drivers/media/v4l2-core/v4l2-ioctl.c:2013:9: error: bad integer constant expression
drivers/media/v4l2-core/v4l2-ioctl.c:2014:9: error: bad integer constant expression
drivers/media/v4l2-core/v4l2-ioctl.c:2015:9: error: bad integer constant expression
drivers/media/v4l2-core/v4l2-ioctl.c:2016:9: error: bad integer constant expression
drivers/media/v4l2-core/v4l2-ioctl.c:2017:9: error: bad integer constant expression
drivers/media/v4l2-core/v4l2-ioctl.c:2018:9: error: bad integer constant expression
drivers/media/v4l2-core/v4l2-ioctl.c:2019:9: error: bad integer constant expression
drivers/media/v4l2-core/v4l2-ioctl.c:2020:9: error: bad integer constant expression
drivers/media/v4l2-core/v4l2-ioctl.c:2021:9: error: bad integer constant expression
drivers/media/v4l2-core/v4l2-ioctl.c:2022:9: error: bad integer constant expression
drivers/media/v4l2-core/v4l2-ioctl.c:2023:9: error: bad integer constant expression
drivers/media/v4l2-core/v4l2-ioctl.c:2024:9: error: bad integer constant expression
drivers/media/v4l2-core/v4l2-ioctl.c:2025:9: error: bad integer constant expression
drivers/media/v4l2-core/v4l2-ioctl.c:2026:9: error: bad integer constant expression
drivers/media/v4l2-core/v4l2-ioctl.c:2027:9: error: bad integer constant expression
drivers/media/v4l2-core/v4l2-ioctl.c:2028:9: error: bad integer constant expression
drivers/media/v4l2-core/v4l2-ioctl.c:2029:9: error: bad integer constant expression
drivers/media/v4l2-core/v4l2-ioctl.c:2030:9: error: bad integer constant expression
drivers/media/v4l2-core/v4l2-ioctl.c:2031:9: error: bad integer constant expression
drivers/media/v4l2-core/v4l2-ioctl.c:2033:9: error: bad integer constant expression
drivers/media/v4l2-core/v4l2-ioctl.c:2034:9: error: bad integer constant expression
drivers/media/v4l2-core/v4l2-ioctl.c:2035:9: error: bad integer constant expression
drivers/media/v4l2-core/v4l2-ioctl.c:2036:9: error: bad integer constant expression
drivers/media/v4l2-core/v4l2-ioctl.c:2037:9: error: bad integer constant expression
drivers/media/v4l2-core/v4l2-ioctl.c:2038:9: error: bad integer constant expression
drivers/media/v4l2-core/v4l2-ioctl.c:2039:9: error: bad integer constant expression
drivers/media/v4l2-core/v4l2-ioctl.c:2040:9: error: bad integer constant expression
drivers/media/v4l2-core/v4l2-ioctl.c:2041:9: error: bad integer constant expression
drivers/media/v4l2-core/v4l2-ioctl.c:2042:9: error: bad integer constant expression
drivers/media/v4l2-core/v4l2-ioctl.c:2043:9: error: bad integer constant expression
drivers/media/v4l2-core/v4l2-ioctl.c:2044:9: error: bad integer constant expression
drivers/media/v4l2-core/v4l2-ioctl.c:2045:9: error: bad integer constant expression
drivers/media/v4l2-core/v4l2-ioctl.c:2046:9: error: bad integer constant expression
drivers/media/v4l2-core/v4l2-ioctl.c:2047:9: error: bad integer constant expression
drivers/media/v4l2-core/v4l2-ioctl.c:2048:9: error: bad integer constant expression
drivers/media/v4l2-core/v4l2-ioctl.c:2049:9: error: bad integer constant expression
drivers/media/v4l2-core/v4l2-ioctl.c:2050:9: error: bad integer constant expression
drivers/media/v4l2-core/v4l2-ioctl.c:2051:9: error: bad integer constant expression
drivers/media/v4l2-core/v4l2-ioctl.c:2052:9: error: bad integer constant expression
drivers/media/v4l2-core/v4l2-ioctl.c:2053:9: error: bad integer constant expression
drivers/media/v4l2-core/v4l2-ioctl.c:2054:9: error: bad integer constant expression
drivers/media/v4l2-core/v4l2-ioctl.c:2055:9: error: bad integer constant expression
drivers/media/v4l2-core/v4l2-ioctl.c:2056:9: error: bad integer constant expression
drivers/media/v4l2-core/v4l2-ioctl.c:2057:9: error: bad integer constant expression
drivers/media/v4l2-core/v4l2-ioctl.c:228:9: error: cannot size expression
drivers/media/v4l2-core/v4l2-ioctl.c:247:9: error: cannot size expression
drivers/media/v4l2-core/v4l2-ioctl.c:252:17: error: cannot size expression
drivers/media/v4l2-core/v4l2-ioctl.c:267:17: error: cannot size expression
drivers/media/v4l2-core/v4l2-ioctl.c:288:17: error: cannot size expression
drivers/media/v4l2-core/v4l2-ioctl.c:340:9: error: cannot size expression
drivers/media/v4l2-core/v4l2-ioctl.c:411:9: error: cannot size expression
drivers/media/v4l2-core/v4l2-ioctl.c:424:9: error: cannot size expression
drivers/media/v4l2-core/v4l2-ioctl.c:424:9: error: cannot size expression
drivers/media/v4l2-core/v4l2-ioctl.c:460:9: error: cannot size expression
drivers/media/v4l2-core/v4l2-ioctl.c:479:9: error: cannot size expression
drivers/media/v4l2-core/v4l2-ioctl.c:551:9: error: cannot size expression
drivers/media/v4l2-core/v4l2-ioctl.c:566:9: error: cannot size expression
drivers/media/v4l2-core/v4l2-ioctl.c:576:9: error: cannot size expression
drivers/media/v4l2-core/v4l2-ioctl.c:780:25: error: cannot size expression
drivers/media/v4l2-core/v4l2-ioctl.c:815:9: error: cannot size expression
net/rfkill/core.c:1156:17: error: incompatible types in comparison expression (different type sizes)
drivers/media/v4l2-core/v4l2-ctrls.c:1098:38: warning: incorrect type in argument 1 (different address spaces)
drivers/media/v4l2-core/v4l2-ctrls.c:1098:38:    expected void [noderef] <asn:1>*to
drivers/media/v4l2-core/v4l2-ctrls.c:1098:38:    got char *string
drivers/media/v4l2-core/v4l2-ctrls.c:1128:53: warning: incorrect type in argument 2 (different address spaces)
drivers/media/v4l2-core/v4l2-ctrls.c:1128:53:    expected void const [noderef] <asn:1>*from
drivers/media/v4l2-core/v4l2-ctrls.c:1128:53:    got char *string
drivers/media/v4l2-core/v4l2-ctrls.c:1159:38: warning: incorrect type in argument 1 (different address spaces)
drivers/media/v4l2-core/v4l2-ctrls.c:1159:38:    expected void [noderef] <asn:1>*to
drivers/media/v4l2-core/v4l2-ctrls.c:1159:38:    got char *string
net/ipv4/ipconfig.c:139:8: warning: symbol 'ic_addrservaddr' was not declared. Should it be static?
net/ipv4/ipconfig.c:146:8: warning: symbol 'ic_dev_xid' was not declared. Should it be static?
drivers/media/v4l2-core/v4l2-async.c:190:28: warning: Variable length array is used.
net/sched/sch_generic.c:113:5: warning: context imbalance in 'sch_direct_xmit' - unexpected unlock
drivers/misc/ad525x_dpot.c:644:5: warning: symbol 'ad_dpot_add_files' was not declared. Should it be static?
drivers/mmc/card/block.c:2332:9: warning: Using plain integer as NULL pointer
net/unix/af_unix.c:933:13: warning: context imbalance in 'unix_state_double_lock' - wrong count at exit
net/unix/af_unix.c:951:17: warning: context imbalance in 'unix_state_double_unlock' - unexpected unlock
net/unix/af_unix.c:1041:54: warning: context imbalance in 'unix_wait_for_peer' - unexpected unlock
net/unix/af_unix.c:1220:9: warning: context imbalance in 'unix_stream_connect' - different lock contexts for basic block
net/unix/af_unix.c:1591:9: warning: context imbalance in 'unix_dgram_sendmsg' - different lock contexts for basic block
drivers/mtd/mtdchar.c:565:26: warning: incorrect type in argument 1 (different base types)
drivers/mtd/mtdchar.c:565:26:    expected void const volatile [noderef] <asn:1>*<noident>
drivers/mtd/mtdchar.c:565:26:    got unsigned long long [unsigned] [addressable] [usertype] usr_data
drivers/mtd/mtdchar.c:566:26: warning: incorrect type in argument 1 (different base types)
drivers/mtd/mtdchar.c:566:26:    expected void const volatile [noderef] <asn:1>*<noident>
drivers/mtd/mtdchar.c:566:26:    got unsigned long long [unsigned] [addressable] [usertype] usr_oob
drivers/of/platform.c:199:24: warning: symbol 'of_platform_device_create_pdata' was not declared. Should it be static?
drivers/of/address.c:566:5: warning: symbol 'of_translate_dma_address' was not declared. Should it be static?
net/xfrm/xfrm_policy.c:111:9: warning: context imbalance in 'xfrm_policy_get_afinfo' - different lock contexts for basic block
net/xfrm/xfrm_policy.c:114:13: warning: context imbalance in 'xfrm_policy_put_afinfo' - unexpected unlock
net/xfrm/xfrm_state.c:1874:9: warning: context imbalance in 'xfrm_state_get_afinfo' - different lock contexts for basic block
net/xfrm/xfrm_state.c:1877:13: warning: context imbalance in 'xfrm_state_put_afinfo' - unexpected unlock
drivers/net/usb/ax88172a.c:164:5: warning: symbol 'ax88172a_get_settings' was not declared. Should it be static?
drivers/net/usb/ax88172a.c:172:5: warning: symbol 'ax88172a_set_settings' was not declared. Should it be static?
drivers/net/usb/ax88172a.c:180:5: warning: symbol 'ax88172a_nway_reset' was not declared. Should it be static?
drivers/net/usb/ax88172a.c:410:26: warning: symbol 'ax88172a_info' was not declared. Should it be static?
drivers/pci/pci.c:34:5: warning: symbol 'isa_dma_bridge_buggy' was not declared. Should it be static?
drivers/pci/pci.c:3851:1: warning: symbol 'bus_attr_resource_alignment' was not declared. Should it be static?
drivers/pinctrl/pinconf.c:521:20: error: incompatible types in comparison expression (different type sizes)
drivers/pinctrl/pinconf.c: In function 'pinconf_dbg_config_print':
drivers/pinctrl/pinconf.c:433:36: warning: 'configs' may be used uninitialized in this function
drivers/pinctrl/pinconf.c: In function 'pinconf_dbg_config_write':
drivers/pinctrl/pinconf.c:511:36: warning: 'configs' may be used uninitialized in this function
drivers/mmc/core/quirks.c:61:9: warning: Using plain integer as NULL pointer
drivers/pci/pci-driver.c:1081:25: warning: symbol 'pci_dev_pm_ops' was not declared. Should it be static?
drivers/mmc/host/sdhci.c:2535:6: warning: symbol 'sdhci_disable_irq_wakeups' was not declared. Should it be static?
drivers/pci/pci-sysfs.c:328:25: warning: symbol 'dev_rescan_attr' was not declared. Should it be static?
drivers/pci/pci-sysfs.c:359:25: warning: symbol 'dev_remove_attr' was not declared. Should it be static?
drivers/pci/pci-sysfs.c:537:25: warning: symbol 'vga_attr' was not declared. Should it be static?
drivers/pci/rom.c:218:36: warning: incorrect type in return expression (different address spaces)
drivers/pci/rom.c:218:36:    expected void [noderef] <asn:2>*
drivers/pci/rom.c:218:36:    got void *
net/sunrpc/svc_xprt.c:574:5: warning: symbol 'svc_alloc_arg' was not declared. Should it be static?
net/sunrpc/svc_xprt.c:615:17: warning: symbol 'svc_get_next_xprt' was not declared. Should it be static?
net/sunrpc/svc_xprt.c:694:6: warning: symbol 'svc_add_new_temp_xprt' was not declared. Should it be static?
net/wireless/nl80211.c: In function '__cfg80211_wdev_from_attrs.clone.150':
net/wireless/nl80211.c:58:6: warning: 'wdev_id' may be used uninitialized in this function
net/sunrpc/sysctl.c:28:17: warning: symbol 'rpc_debug' was not declared. Should it be static?
net/sunrpc/sysctl.c:31:17: warning: symbol 'nfs_debug' was not declared. Should it be static?
net/sunrpc/sysctl.c:34:17: warning: symbol 'nfsd_debug' was not declared. Should it be static?
net/sunrpc/sysctl.c:37:17: warning: symbol 'nlm_debug' was not declared. Should it be static?
drivers/pci/syscall.c:16:1: warning: symbol 'SyS_pciconfig_read' was not declared. Should it be static?
drivers/pci/syscall.c:86:1: warning: symbol 'SyS_pciconfig_write' was not declared. Should it be static?
drivers/staging/nvec/nvec_ps2.c:170:14: warning: duplicate const 
drivers/staging/nvec/nvec.c:965:14: warning: duplicate const 
drivers/staging/nvec/nvec.c:898:57: warning: incorrect type in argument 5 (different address spaces)
drivers/staging/nvec/nvec.c:898:57:    expected struct resource *mem_base
drivers/staging/nvec/nvec.c:898:57:    got void [noderef] <asn:2>*[assigned] base
drivers/tty/tty_io.c:119:17: warning: too long initializer-string for array of char
drivers/tty/tty_io.c:1042:6: warning: context imbalance in 'tty_write_unlock' - wrong count at exit
drivers/tty/tty_io.c:1049:5: warning: context imbalance in 'tty_write_lock' - wrong count at exit
drivers/tty/tty_io.c:1170:17: warning: context imbalance in 'tty_write_message' - unexpected unlock
drivers/tty/tty_io.c:1192:16: warning: context imbalance in 'tty_write' - different lock contexts for basic block
drivers/tty/tty_io.c:2585:12: warning: context imbalance in 'send_break' - different lock contexts for basic block
drivers/scsi/scsi_lib.c:488:6: warning: symbol 'scsi_requeue_run_queue' was not declared. Should it be static?
drivers/scsi/scsi_lib.c:2252:6: warning: symbol 'scsi_evt_thread' was not declared. Should it be static?
drivers/scsi/scsi_lib.c:1585:17: warning: context imbalance in 'scsi_request_fn' - unexpected unlock
drivers/scsi/scsi_sysfs.c:201:25: warning: symbol 'dev_attr_hstate' was not declared. Should it be static?
drivers/scsi/scsi_sysfs.c:314:24: warning: symbol 'scsi_shost_attr_group' was not declared. Should it be static?
drivers/tty/sysrq.c:56:16: warning: symbol 'platform_sysrq_reset_seq' was not declared. Should it be static?
drivers/tty/sysrq.c:57:5: warning: symbol 'sysrq_reset_downtime_ms' was not declared. Should it be static?
drivers/tty/serial/serial_core.c:612:22: warning: invalid assignment: |=
drivers/tty/serial/serial_core.c:612:22:    left side has type unsigned int
drivers/tty/serial/serial_core.c:612:22:    right side has type restricted upf_t
drivers/tty/serial/serial_core.c:614:22: warning: invalid assignment: |=
drivers/tty/serial/serial_core.c:614:22:    left side has type unsigned int
drivers/tty/serial/serial_core.c:614:22:    right side has type restricted upf_t
drivers/tty/serial/serial_core.c:616:17: warning: restricted upf_t degrades to integer
drivers/tty/serial/serial_core.c:618:22: warning: invalid assignment: &=
drivers/tty/serial/serial_core.c:618:22:    left side has type unsigned int
drivers/tty/serial/serial_core.c:618:22:    right side has type restricted upf_t
drivers/tty/serial/serial_core.c:621:20: warning: restricted upf_t degrades to integer
drivers/tty/serial/serial_core.c:624:20: warning: restricted upf_t degrades to integer
drivers/tty/serial/serial_core.c:635:22: warning: invalid assignment: |=
drivers/tty/serial/serial_core.c:635:22:    left side has type unsigned int
drivers/tty/serial/serial_core.c:635:22:    right side has type restricted upf_t
drivers/tty/serial/serial_core.c:637:22: warning: invalid assignment: |=
drivers/tty/serial/serial_core.c:637:22:    left side has type unsigned int
drivers/tty/serial/serial_core.c:637:22:    right side has type restricted upf_t
drivers/tty/serial/serial_core.c:639:17: warning: restricted upf_t degrades to integer
drivers/tty/serial/serial_core.c:641:22: warning: invalid assignment: &=
drivers/tty/serial/serial_core.c:641:22:    left side has type unsigned int
drivers/tty/serial/serial_core.c:641:22:    right side has type restricted upf_t
drivers/tty/serial/serial_core.c:644:20: warning: restricted upf_t degrades to integer
drivers/tty/serial/serial_core.c:651:20: warning: restricted upf_t degrades to integer
drivers/tty/serial/serial_core.c:669:29: warning: incorrect type in assignment (different base types)
drivers/tty/serial/serial_core.c:669:29:    expected int [signed] flags
drivers/tty/serial/serial_core.c:669:29:    got restricted upf_t [usertype] flags
drivers/tty/serial/serial_core.c:743:19: warning: incorrect type in assignment (different base types)
drivers/tty/serial/serial_core.c:743:19:    expected restricted upf_t [usertype] new_flags
drivers/tty/serial/serial_core.c:743:19:    got int [signed] flags
drivers/tty/serial/8250/8250_core.c:2790:32: warning: incorrect type in assignment (different base types)
drivers/tty/serial/8250/8250_core.c:2790:32:    expected restricted upf_t [usertype] flags
drivers/tty/serial/8250/8250_core.c:2790:32:    got unsigned int const [unsigned] flags
drivers/tty/serial/8250/8250_core.c:2792:32: warning: incorrect type in assignment (different address spaces)
drivers/tty/serial/8250/8250_core.c:2792:32:    expected unsigned char [noderef] <asn:2>*membase
drivers/tty/serial/8250/8250_core.c:2792:32:    got unsigned char *const iomem_base
drivers/tty/serial/8250/8250_core.c:2902:28: warning: context imbalance in 'serial8250_console_write' - unexpected unlock
drivers/usb/host/pci-quirks.c:741:6: warning: symbol 'usb_is_intel_ppt_switchable_xhci' was not declared. Should it be static?
drivers/usb/host/pci-quirks.c:749:6: warning: symbol 'usb_is_intel_lpt_switchable_xhci' was not declared. Should it be static?
drivers/tty/vt/vt.c:223:5: warning: symbol 'console_blank_hook' was not declared. Should it be static?
drivers/tty/vt/vt.c:2389:19: warning: symbol 'console_driver' was not declared. Should it be static?
drivers/tty/serial/8250/8250_early.c:196:26: error: incompatible types in comparison expression (different type sizes)
drivers/tty/vt/consolemap_deftbl.c:10:4: warning: symbol 'dfont_unicount' was not declared. Should it be static?
drivers/tty/vt/consolemap_deftbl.c:46:5: warning: symbol 'dfont_unitable' was not declared. Should it be static?
drivers/tty/vt/defkeymap.c:27:9: warning: symbol 'shift_map' was not declared. Should it be static?
drivers/tty/vt/defkeymap.c:46:9: warning: symbol 'altgr_map' was not declared. Should it be static?
drivers/tty/vt/defkeymap.c:65:9: warning: symbol 'ctrl_map' was not declared. Should it be static?
drivers/tty/vt/defkeymap.c:84:9: warning: symbol 'shift_ctrl_map' was not declared. Should it be static?
drivers/tty/vt/defkeymap.c:103:9: warning: symbol 'alt_map' was not declared. Should it be static?
drivers/tty/vt/defkeymap.c:122:9: warning: symbol 'ctrl_alt_map' was not declared. Should it be static?
drivers/tty/vt/defkeymap.c:148:14: warning: symbol 'keymap_count' was not declared. Should it be static?
drivers/tty/vt/defkeymap.c:156:6: warning: symbol 'func_buf' was not declared. Should it be static?
drivers/tty/vt/defkeymap.c:187:6: warning: symbol 'funcbufptr' was not declared. Should it be static?
drivers/tty/vt/defkeymap.c:188:5: warning: symbol 'funcbufsize' was not declared. Should it be static?
drivers/tty/vt/defkeymap.c:189:5: warning: symbol 'funcbufleft' was not declared. Should it be static?
drivers/tty/vt/defkeymap.c:191:6: warning: symbol 'func_table' was not declared. Should it be static?
drivers/tty/vt/defkeymap.c:225:18: warning: symbol 'accent_table' was not declared. Should it be static?
drivers/tty/vt/defkeymap.c:262:14: warning: symbol 'accent_table_size' was not declared. Should it be static?
drivers/tty/serial/of_serial.c:33:6: warning: symbol 'tegra_serial_handle_break' was not declared. Should it be static?
drivers/tty/serial/serial-tegra.c:1209:27: warning: Using plain integer as NULL pointer
drivers/tty/serial/serial-tegra.c:1240:29: warning: symbol 'tegra20_uart_chip_data' was not declared. Should it be static?
drivers/tty/serial/serial-tegra.c:1246:29: warning: symbol 'tegra30_uart_chip_data' was not declared. Should it be static?
init/do_mounts.c:8:2: warning: "Sparse checking disabled for this file"
init/do_mounts_initrd.c:8:2: warning: "Sparse checking disabled for this file"
init/initramfs.c:8:2: warning: "Sparse checking disabled for this file"
init/calibrate.c:260:37: warning: symbol 'calibrate_delay_is_known' was not declared. Should it be static?
init/init_task.c:14:44: warning: implicit cast to nocast type
init/init_task.c:14:44: warning: implicit cast to nocast type
init/main.c:158:12: warning: symbol 'envp_init' was not declared. Should it be static?
arch/arm/boot/compressed/misc.c:19:14: warning: symbol '__machine_arch_type' was not declared. Should it be static?
arch/arm/boot/compressed/misc.c:105:15: warning: symbol 'output_data' was not declared. Should it be static?
arch/arm/boot/compressed/misc.c:107:15: warning: symbol 'free_mem_ptr' was not declared. Should it be static?
arch/arm/boot/compressed/misc.c:108:15: warning: symbol 'free_mem_end_ptr' was not declared. Should it be static?
arch/arm/boot/compressed/misc.c:125:17: warning: symbol '__div0' was not declared. Should it be static?
arch/arm/boot/compressed/misc.c:134:1: warning: symbol 'decompress_kernel' was not declared. Should it be static?
include/linux/decompress/mm.h:30:30: warning: symbol 'malloc_ptr' was not declared. Should it be static?
include/linux/decompress/mm.h:31:20: warning: symbol 'malloc_count' was not declared. Should it be static?
arch/arm/boot/compressed/decompress.c:58:5: warning: symbol 'do_decompress' was not declared. Should it be static?
test_sparse: Thu Jul 18 15:07:56 PDT 2013: succeeded on tegra_defconfig test_next-20130718
test_sparse: Thu Jul 18 15:07:56 PDT 2013: ended on tegra_defconfig test_next-20130718
