test_sparse: Mon Jun 29 23:17:49 PDT 2015: started on tegra_defconfig test_next-20150630 (87dd3f17d47090b0ea00fecd50187eaf9f1b914c)
test_sparse: Mon Jun 29 23:17:49 PDT 2015: serial is 20150629231533
test_sparse: sparse version unknown (checksum d41d8cd98f00b204e9800998ecf8427e)
/bin/sh: 1: sparse: not found
make[2]: *** [scripts/mod/empty.o] Error 127
make[2]: *** Waiting for unfinished jobs....
make[1]: *** [scripts/mod] Error 2
make[1]: *** Waiting for unfinished jobs....
make: *** [scripts] Error 2
make: *** Waiting for unfinished jobs....
test_sparse: Mon Jun 29 23:17:56 PDT 2015: FAILED on tegra_defconfig test_next-20150630
test_sparse: Mon Jun 29 23:17:56 PDT 2015: ended on tegra_defconfig test_next-20150630
