test_sparse: Fri May 29 05:54:57 PDT 2015: started on tegra_defconfig test_next-20150529 (7732a9817fb01002bde7615066e86c156fb5a31b)
test_sparse: Fri May 29 05:54:57 PDT 2015: serial is 20150529054534
test_sparse: sparse version unknown (checksum d41d8cd98f00b204e9800998ecf8427e)
/bin/sh: 1: sparse: not found
make[2]: *** [scripts/mod/empty.o] Error 127
make[1]: *** [scripts/mod] Error 2
make[1]: *** Waiting for unfinished jobs....
make: *** [scripts] Error 2
make: *** Waiting for unfinished jobs....
test_sparse: Fri May 29 05:55:03 PDT 2015: FAILED on tegra_defconfig test_next-20150529
test_sparse: Fri May 29 05:55:03 PDT 2015: ended on tegra_defconfig test_next-20150529
