test_sparse: Mon Jun 1 06:53:27 PDT 2015: started on tegra_defconfig test_next-20150601 (e430ccc59c12619af6196c34707d3afa0728ca27)
test_sparse: Mon Jun 1 06:53:27 PDT 2015: serial is 20150601064533
test_sparse: sparse version unknown (checksum d41d8cd98f00b204e9800998ecf8427e)
/bin/sh: 1: sparse: not found
make[2]: *** [scripts/mod/empty.o] Error 127
make[2]: *** Waiting for unfinished jobs....
make[1]: *** [scripts/mod] Error 2
make[1]: *** Waiting for unfinished jobs....
make: *** [scripts] Error 2
make: *** Waiting for unfinished jobs....
test_sparse: Mon Jun 1 06:53:32 PDT 2015: FAILED on tegra_defconfig test_next-20150601
test_sparse: Mon Jun 1 06:53:32 PDT 2015: ended on tegra_defconfig test_next-20150601
