test_sparse: Wed Jun 18 23:58:15 PDT 2014: started on tegra_defconfig test_next-20140619 (07d0e2d232fee3ff692c50150b2aa6e3b7755f8f)
test_sparse: Wed Jun 18 23:58:15 PDT 2014: serial is 20140618234535
test_sparse: sparse version unknown (checksum d41d8cd98f00b204e9800998ecf8427e)
No such file: allow-store-data-races=0
make[2]: *** [scripts/mod/empty.o] Error 1
make[1]: *** [scripts/mod] Error 2
make[1]: *** Waiting for unfinished jobs....
make: *** [scripts] Error 2
make: *** Waiting for unfinished jobs....
test_sparse: Wed Jun 18 23:58:22 PDT 2014: FAILED on tegra_defconfig test_next-20140619
test_sparse: Wed Jun 18 23:58:22 PDT 2014: ended on tegra_defconfig test_next-20140619
