test_sparse: Mon Apr 27 20:52:33 PDT 2015: started on tegra_defconfig test_next-20150428 (63382678150626a85e694031769496d58245d430)
test_sparse: Mon Apr 27 20:52:33 PDT 2015: serial is 20150427204533
test_sparse: sparse version unknown (checksum d41d8cd98f00b204e9800998ecf8427e)
/bin/sh: 1: sparse: not found
make[2]: *** [scripts/mod/empty.o] Error 127
make[1]: *** [scripts/mod] Error 2
make[1]: *** Waiting for unfinished jobs....
make: *** [scripts] Error 2
make: *** Waiting for unfinished jobs....
test_sparse: Mon Apr 27 20:52:40 PDT 2015: FAILED on tegra_defconfig test_next-20150428
test_sparse: Mon Apr 27 20:52:40 PDT 2015: ended on tegra_defconfig test_next-20150428
