test_build: Tue Dec 6 04:17:28 PST 2016: started on defconfig test_next-20161205 (cef87e91155479753a3052e95d0aa2fdf8d46dc0)
test_build: Tue Dec 6 04:17:28 PST 2016: serial is 20161206041541
arch/arm64/Makefile:23: ld does not support --fix-cortex-a53-843419; kernel may be susceptible to erratum
arch/arm64/lib/clear_user.S: Assembler messages:
arch/arm64/lib/clear_user.S:33: Error: bad or irreducible absolute expression
arch/arm64/lib/clear_user.S:53: Error: bad or irreducible absolute expression
make[1]: *** [arch/arm64/lib/clear_user.o] Error 1
make: *** [arch/arm64/lib] Error 2
make: *** Waiting for unfinished jobs....
test_build: Tue Dec 6 04:21:37 PST 2016: FAILED on defconfig test_next-20161205
test_build: Tue Dec 6 04:21:37 PST 2016: ended on defconfig test_next-20161205
