test_sparse: Thu Apr 23 21:52:30 PDT 2015: started on tegra_defconfig test_next-20150424 (a3da0fb667aa999dfcd39f3ce18579183d850288)
test_sparse: Thu Apr 23 21:52:30 PDT 2015: serial is 20150423214533
test_sparse: sparse version unknown (checksum d41d8cd98f00b204e9800998ecf8427e)
/bin/sh: 1: sparse: not found
make[2]: *** [scripts/mod/empty.o] Error 127
make[2]: *** Waiting for unfinished jobs....
make[1]: *** [scripts/mod] Error 2
make[1]: *** Waiting for unfinished jobs....
make: *** [scripts] Error 2
make: *** Waiting for unfinished jobs....
test_sparse: Thu Apr 23 21:52:36 PDT 2015: FAILED on tegra_defconfig test_next-20150424
test_sparse: Thu Apr 23 21:52:36 PDT 2015: ended on tegra_defconfig test_next-20150424
