test_build: Mon Dec 21 21:45:58 PST 2015: started on multi_v7_defconfig test_next-20151222 (3248efff60b83f93dad704e98d80657285aa0780)
test_build: Mon Dec 21 21:45:58 PST 2015: serial is 20151221214533
.config:433:warning: symbol value 'm' invalid for MFD_DA9063
<stdin>:1307:2: warning: #warning syscall copy_file_range not implemented [-Wcpp]
kernel/printk/nmi.c: In function ‘__printk_nmi_flush’:
kernel/printk/nmi.c:143:3: warning: format ‘%lu’ expects argument of type ‘long unsigned int’, but argument 3 has type ‘size_t’ [-Wformat]
drivers/gpio/gpiolib.c: In function ‘gpiochip_add’:
drivers/gpio/gpiolib.c:225:31: warning: ‘iterator’ may be used uninitialized in this function [-Wmaybe-uninitialized]
drivers/gpio/gpiolib.c:193:20: note: ‘iterator’ was declared here
drivers/tty/serial/amba-pl011.c:190:27: warning: ‘vendor_zte’ defined but not used [-Wunused-variable]
   text	   data	    bss	    dec	    hex	filename
13328225	1554812	 353256	15236293	 e87cc5	vmlinux
test_build: Mon Dec 21 21:47:59 PST 2015: succeeded on multi_v7_defconfig test_next-20151222
test_build: Mon Dec 21 21:47:59 PST 2015: ended on multi_v7_defconfig test_next-20151222
test_build: Mon Dec 21 21:45:57 PST 2015: started on tegra_defconfig test_next-20151222 (3248efff60b83f93dad704e98d80657285aa0780)
test_build: Mon Dec 21 21:45:57 PST 2015: serial is 20151221214533
<stdin>:1307:2: warning: #warning syscall copy_file_range not implemented [-Wcpp]
kernel/printk/nmi.c: In function ‘__printk_nmi_flush’:
kernel/printk/nmi.c:143:3: warning: format ‘%lu’ expects argument of type ‘long unsigned int’, but argument 3 has type ‘size_t’ [-Wformat]
net/bluetooth/mgmt.c: In function ‘read_local_oob_ext_data_complete’:
net/bluetooth/mgmt.c:5471:8: warning: ‘r192’ may be used uninitialized in this function [-Wmaybe-uninitialized]
net/bluetooth/mgmt.c:5482:13: note: ‘r192’ was declared here
net/bluetooth/mgmt.c:5471:8: warning: ‘h192’ may be used uninitialized in this function [-Wmaybe-uninitialized]
net/bluetooth/mgmt.c:5482:6: note: ‘h192’ was declared here
drivers/gpio/gpiolib.c: In function ‘gpiochip_add’:
drivers/gpio/gpiolib.c:225:31: warning: ‘iterator’ may be used uninitialized in this function [-Wmaybe-uninitialized]
drivers/gpio/gpiolib.c:193:20: note: ‘iterator’ was declared here
drivers/media/usb/uvc/uvc_driver.c: In function ‘uvc_probe’:
drivers/media/usb/uvc/uvc_driver.c:1941:32: error: ‘struct uvc_device’ has no member named ‘mdev’
make[4]: *** [drivers/media/usb/uvc/uvc_driver.o] Error 1
make[3]: *** [drivers/media/usb/uvc] Error 2
make[2]: *** [drivers/media/usb] Error 2
make[1]: *** [drivers/media] Error 2
make[1]: *** Waiting for unfinished jobs....
make: *** [drivers] Error 2
test_build: Mon Dec 21 21:47:51 PST 2015: FAILED on tegra_defconfig test_next-20151222
test_build: Mon Dec 21 21:47:51 PST 2015: ended on tegra_defconfig test_next-20151222
