test_sparse: Tue Mar 31 06:20:49 PDT 2015: started on tegra_defconfig test_next-20150331 (b448f49ac6731dc0dcda6848b696c49785a6b65f)
test_sparse: Tue Mar 31 06:20:49 PDT 2015: serial is 20150331061533
test_sparse: sparse version unknown (checksum d41d8cd98f00b204e9800998ecf8427e)
/bin/sh: 1: sparse: not found
make[2]: *** [scripts/mod/empty.o] Error 127
make[2]: *** Waiting for unfinished jobs....
make[1]: *** [scripts/mod] Error 2
make[1]: *** Waiting for unfinished jobs....
make: *** [scripts] Error 2
make: *** Waiting for unfinished jobs....
test_sparse: Tue Mar 31 06:20:53 PDT 2015: FAILED on tegra_defconfig test_next-20150331
test_sparse: Tue Mar 31 06:20:53 PDT 2015: ended on tegra_defconfig test_next-20150331
