test_sparse: Wed Jul 22 04:02:40 PDT 2015: started on tegra_defconfig test_next-20150715 (f4d61b2d73c1e4964ad68df238af5005485469af)
test_sparse: Wed Jul 22 04:02:40 PDT 2015: serial is 20150722040034
test_sparse: sparse version unknown (checksum d41d8cd98f00b204e9800998ecf8427e)
/bin/sh: 1: sparse: not found
make[2]: *** [scripts/mod/empty.o] Error 127
make[1]: *** [scripts/mod] Error 2
make[1]: *** Waiting for unfinished jobs....
make: *** [scripts] Error 2
make: *** Waiting for unfinished jobs....
test_sparse: Wed Jul 22 04:02:49 PDT 2015: FAILED on tegra_defconfig test_next-20150715
test_sparse: Wed Jul 22 04:02:49 PDT 2015: ended on tegra_defconfig test_next-20150715
