test_build: Tue Oct 22 08:19:43 PDT 2013: started on tegra_defconfig test_next-20131022 (a81da192d07d23b82dba9cf41c0f3273ca539403)
test_build: Tue Oct 22 08:19:43 PDT 2013: serial is 20131022081929
arch/arm/kernel/return_address.c:63:2: warning: #warning "TODO: return_address should use unwind tables"
/tmp/cckNtp8B.s: Assembler messages:
/tmp/cckNtp8B.s:254: Error: unknown pseudo-op: `.arch_extension'
/tmp/cckNtp8B.s:255: Error: bad instruction `pldw [r0,#0]'
/tmp/cckNtp8B.s:1206: Error: unknown pseudo-op: `.arch_extension'
/tmp/cckNtp8B.s:1207: Error: bad instruction `pldw [r3,#0]'
/tmp/cckNtp8B.s:1478: Error: unknown pseudo-op: `.arch_extension'
/tmp/cckNtp8B.s:1479: Error: bad instruction `pldw [r3,#0]'
/tmp/cckNtp8B.s:1855: Error: unknown pseudo-op: `.arch_extension'
/tmp/cckNtp8B.s:1856: Error: bad instruction `pldw [ip,#0]'
/tmp/cckNtp8B.s:2092: Error: unknown pseudo-op: `.arch_extension'
/tmp/cckNtp8B.s:2093: Error: bad instruction `pldw [r2,#0]'
/tmp/cckNtp8B.s:2132: Error: unknown pseudo-op: `.arch_extension'
/tmp/cckNtp8B.s:2133: Error: bad instruction `pldw [ip,#0]'
/tmp/cckNtp8B.s:3265: Error: unknown pseudo-op: `.arch_extension'
/tmp/cckNtp8B.s:3266: Error: bad instruction `pldw [r0,#0]'
/tmp/cckNtp8B.s:3387: Error: unknown pseudo-op: `.arch_extension'
/tmp/cckNtp8B.s:3388: Error: bad instruction `pldw [lr,#0]'
/tmp/cckNtp8B.s:3511: Error: unknown pseudo-op: `.arch_extension'
/tmp/cckNtp8B.s:3512: Error: bad instruction `pldw [fp,#0]'
/tmp/cckNtp8B.s:3582: Error: unknown pseudo-op: `.arch_extension'
/tmp/cckNtp8B.s:3583: Error: bad instruction `pldw [lr,#0]'
/tmp/cckNtp8B.s:4407: Error: unknown pseudo-op: `.arch_extension'
/tmp/cckNtp8B.s:4408: Error: bad instruction `pldw [r2,#0]'
/tmp/cckNtp8B.s:4448: Error: unknown pseudo-op: `.arch_extension'
/tmp/cckNtp8B.s:4449: Error: bad instruction `pldw [r0,#0]'
/tmp/cckNtp8B.s:4708: Error: unknown pseudo-op: `.arch_extension'
/tmp/cckNtp8B.s:4709: Error: bad instruction `pldw [fp,#0]'
/tmp/cckNtp8B.s:4740: Error: unknown pseudo-op: `.arch_extension'
/tmp/cckNtp8B.s:4741: Error: bad instruction `pldw [ip,#0]'
/tmp/cckNtp8B.s:4781: Error: unknown pseudo-op: `.arch_extension'
/tmp/cckNtp8B.s:4782: Error: bad instruction `pldw [r2,#0]'
/tmp/cckNtp8B.s:5581: Error: unknown pseudo-op: `.arch_extension'
/tmp/cckNtp8B.s:5582: Error: bad instruction `pldw [r3,#0]'
make[1]: *** [kernel/fork.o] Error 1
make: *** [kernel] Error 2
make: *** Waiting for unfinished jobs....
/tmp/cckInGiA.s: Assembler messages:
/tmp/cckInGiA.s:4188: Error: unknown pseudo-op: `.arch_extension'
/tmp/cckInGiA.s:4189: Error: bad instruction `pldw [r3,#0]'
/tmp/cckInGiA.s:5937: Error: unknown pseudo-op: `.arch_extension'
/tmp/cckInGiA.s:5938: Error: bad instruction `pldw [r3,#0]'
make[1]: *** [mm/filemap.o] Error 1
make[1]: *** Waiting for unfinished jobs....
/tmp/cc2kuUvi.s: Assembler messages:
/tmp/cc2kuUvi.s:788: Error: unknown pseudo-op: `.arch_extension'
/tmp/cc2kuUvi.s:789: Error: bad instruction `pldw [ip,#0]'
/tmp/cc2kuUvi.s:887: Error: unknown pseudo-op: `.arch_extension'
/tmp/cc2kuUvi.s:888: Error: bad instruction `pldw [sl,#0]'
/tmp/cc2kuUvi.s:1549: Error: unknown pseudo-op: `.arch_extension'
/tmp/cc2kuUvi.s:1550: Error: bad instruction `pldw [r8,#0]'
make[1]: *** [fs/open.o] Error 1
make: *** [fs] Error 2
/tmp/ccGfPMvG.s: Assembler messages:
/tmp/ccGfPMvG.s:805: Error: unknown pseudo-op: `.arch_extension'
/tmp/ccGfPMvG.s:806: Error: bad instruction `pldw [r4,#0]'
/tmp/ccGfPMvG.s:1050: Error: unknown pseudo-op: `.arch_extension'
/tmp/ccGfPMvG.s:1051: Error: bad instruction `pldw [r3,#0]'
make: *** [mm] Error 2
make[1]: *** [arch/arm/kernel/traps.o] Error 1
make: *** [arch/arm/kernel] Error 2
/tmp/cc5cwplm.s: Assembler messages:
/tmp/cc5cwplm.s:461: Error: unknown pseudo-op: `.arch_extension'
/tmp/cc5cwplm.s:462: Error: bad instruction `pldw [sl,#0]'
/tmp/cc5cwplm.s:717: Error: unknown pseudo-op: `.arch_extension'
/tmp/cc5cwplm.s:718: Error: bad instruction `pldw [r6,#0]'
make[1]: *** [arch/arm/mm/context.o] Error 1
make[1]: *** Waiting for unfinished jobs....
make: *** [arch/arm/mm] Error 2
test_build: Tue Oct 22 08:20:09 PDT 2013: FAILED on tegra_defconfig test_next-20131022
test_build: Tue Oct 22 08:20:09 PDT 2013: ended on tegra_defconfig test_next-20131022
