test_build: Fri Sep 30 01:32:07 PDT 2016: started on multi_v7_defconfig test_next-20160930 (2325bd31c8a416d639bd1e834f2125f08d017c40)
test_build: Fri Sep 30 01:32:07 PDT 2016: serial is 20160930013034
<stdin>:1316:2: warning: #warning syscall pkey_mprotect not implemented [-Wcpp]
<stdin>:1319:2: warning: #warning syscall pkey_alloc not implemented [-Wcpp]
<stdin>:1322:2: warning: #warning syscall pkey_free not implemented [-Wcpp]
drivers/firmware/efi/libstub/lib-sort.stub.o: absolute symbol references not allowed in the EFI stub
make[4]: *** [drivers/firmware/efi/libstub/lib-sort.stub.o] Error 1
make[3]: *** [drivers/firmware/efi/libstub] Error 2
make[2]: *** [drivers/firmware/efi] Error 2
make[1]: *** [drivers/firmware] Error 2
make[1]: *** Waiting for unfinished jobs....
make: *** [drivers] Error 2
test_build: Fri Sep 30 01:33:47 PDT 2016: FAILED on multi_v7_defconfig test_next-20160930
test_build: Fri Sep 30 01:33:47 PDT 2016: ended on multi_v7_defconfig test_next-20160930
test_build: Fri Sep 30 01:32:02 PDT 2016: started on tegra_defconfig test_next-20160930 (2325bd31c8a416d639bd1e834f2125f08d017c40)
test_build: Fri Sep 30 01:32:02 PDT 2016: serial is 20160930013034
<stdin>:1316:2: warning: #warning syscall pkey_mprotect not implemented [-Wcpp]
<stdin>:1319:2: warning: #warning syscall pkey_alloc not implemented [-Wcpp]
<stdin>:1322:2: warning: #warning syscall pkey_free not implemented [-Wcpp]
drivers/usb/host/xhci-tegra.c: In function ‘tegra_xusb_mbox_thread’:
drivers/usb/host/xhci-tegra.c:555:6: warning: ‘err’ may be used uninitialized in this function [-Wuninitialized]
drivers/usb/host/xhci-tegra.c:485:6: note: ‘err’ was declared here
   text	   data	    bss	    dec	    hex	filename
8246697	2708860	 379520	11335077	 acf5a5	vmlinux
test_build: Fri Sep 30 01:34:45 PDT 2016: succeeded on tegra_defconfig test_next-20160930
test_build: Fri Sep 30 01:34:45 PDT 2016: ended on tegra_defconfig test_next-20160930
