test_sparse: Thu Jul 9 23:17:51 PDT 2015: started on tegra_defconfig test_next-20150710 (af2807434a5bdfe6eecea7d8e8c40e9a796ff418)
test_sparse: Thu Jul 9 23:17:51 PDT 2015: serial is 20150709231533
test_sparse: sparse version unknown (checksum d41d8cd98f00b204e9800998ecf8427e)
/bin/sh: 1: sparse: not found
make[2]: *** [scripts/mod/empty.o] Error 127
make[1]: *** [scripts/mod] Error 2
make[1]: *** Waiting for unfinished jobs....
make: *** [scripts] Error 2
make: *** Waiting for unfinished jobs....
test_sparse: Thu Jul 9 23:17:57 PDT 2015: FAILED on tegra_defconfig test_next-20150710
test_sparse: Thu Jul 9 23:17:57 PDT 2015: ended on tegra_defconfig test_next-20150710
