test_sparse: Wed Jun 3 03:22:08 PDT 2015: started on tegra_defconfig test_next-20150603 (273de33838674768a625ee3cb6d68c909370ae43)
test_sparse: Wed Jun 3 03:22:08 PDT 2015: serial is 20150603031533
test_sparse: sparse version unknown (checksum d41d8cd98f00b204e9800998ecf8427e)
/bin/sh: 1: sparse: not found
make[2]: *** [scripts/mod/empty.o] Error 127
make[2]: *** Waiting for unfinished jobs....
make[1]: *** [scripts/mod] Error 2
make[1]: *** Waiting for unfinished jobs....
make: *** [scripts] Error 2
make: *** Waiting for unfinished jobs....
test_sparse: Wed Jun 3 03:22:13 PDT 2015: FAILED on tegra_defconfig test_next-20150603
test_sparse: Wed Jun 3 03:22:13 PDT 2015: ended on tegra_defconfig test_next-20150603
