test_sparse: Wed Jul 1 23:04:33 PDT 2015: started on defconfig test_next-20150702 (c8a9ad223cf2d17382df7bf1c0488e7675a961e8)
test_sparse: Wed Jul 1 23:04:33 PDT 2015: serial is 20150701230033
test_sparse: sparse version unknown (checksum d41d8cd98f00b204e9800998ecf8427e)
/bin/sh: 1: sparse: not found
make[2]: *** [scripts/mod/empty.o] Error 127
make[2]: *** Waiting for unfinished jobs....
make[1]: *** [scripts/mod] Error 2
make[1]: *** Waiting for unfinished jobs....
make: *** [scripts] Error 2
make: *** Waiting for unfinished jobs....
<stdin>:1253:2: warning: #warning syscall userfaultfd not implemented [-Wcpp]
test_sparse: Wed Jul 1 23:04:40 PDT 2015: FAILED on defconfig test_next-20150702
test_sparse: Wed Jul 1 23:04:40 PDT 2015: ended on defconfig test_next-20150702
