test_sparse: Thu May 28 06:25:15 PDT 2015: started on tegra_defconfig test_next-20150528 (5d925a7641c8066290ee58eaf4f651a1ea7d9c82)
test_sparse: Thu May 28 06:25:15 PDT 2015: serial is 20150528061533
test_sparse: sparse version unknown (checksum d41d8cd98f00b204e9800998ecf8427e)
/bin/sh: 1: sparse: not found
make[2]: *** [scripts/mod/empty.o] Error 127
make[1]: *** [scripts/mod] Error 2
make[1]: *** Waiting for unfinished jobs....
make: *** [scripts] Error 2
make: *** Waiting for unfinished jobs....
test_sparse: Thu May 28 06:25:20 PDT 2015: FAILED on tegra_defconfig test_next-20150528
test_sparse: Thu May 28 06:25:20 PDT 2015: ended on tegra_defconfig test_next-20150528
