test_sparse: Tue Aug 18 05:18:04 PDT 2015: started on tegra_defconfig test_next-20150818 (ebe96538f4817c765690e28fcd33dc1da1504d26)
test_sparse: Tue Aug 18 05:18:04 PDT 2015: serial is 20150818051533
test_sparse: sparse version unknown (checksum d41d8cd98f00b204e9800998ecf8427e)
/bin/sh: 1: sparse: not found
make[2]: *** [scripts/mod/empty.o] Error 127
make[1]: *** [scripts/mod] Error 2
make[1]: *** Waiting for unfinished jobs....
make: *** [scripts] Error 2
make: *** Waiting for unfinished jobs....
test_sparse: Tue Aug 18 05:18:11 PDT 2015: FAILED on tegra_defconfig test_next-20150818
test_sparse: Tue Aug 18 05:18:11 PDT 2015: ended on tegra_defconfig test_next-20150818
