test_sparse: Tue Apr 14 02:22:27 PDT 2015: started on tegra_defconfig test_next-20150414 (35f5ce212026a7456946d58c078b02d1794e5ed2)
test_sparse: Tue Apr 14 02:22:27 PDT 2015: serial is 20150414021533
test_sparse: sparse version unknown (checksum d41d8cd98f00b204e9800998ecf8427e)
/bin/sh: 1: sparse: not found
make[2]: *** [scripts/mod/empty.o] Error 127
make[2]: *** Waiting for unfinished jobs....
make[1]: *** [scripts/mod] Error 2
make[1]: *** Waiting for unfinished jobs....
make: *** [scripts] Error 2
test_sparse: Tue Apr 14 02:22:36 PDT 2015: FAILED on tegra_defconfig test_next-20150414
test_sparse: Tue Apr 14 02:22:36 PDT 2015: ended on tegra_defconfig test_next-20150414
