test_sparse: Sun Jul 26 23:48:29 PDT 2015: started on defconfig test_next-20150727 (83a5f7f22cae24ea602152424bc9026fdc689ae9)
test_sparse: Sun Jul 26 23:48:29 PDT 2015: serial is 20150726234533
test_sparse: sparse version unknown (checksum d41d8cd98f00b204e9800998ecf8427e)
/bin/sh: 1: sparse: not found
make[2]: *** [scripts/mod/empty.o] Error 127
make[1]: *** [scripts/mod] Error 2
make[1]: *** Waiting for unfinished jobs....
make: *** [scripts] Error 2
make: *** Waiting for unfinished jobs....
<stdin>:1253:2: warning: #warning syscall userfaultfd not implemented [-Wcpp]
test_sparse: Sun Jul 26 23:48:37 PDT 2015: FAILED on defconfig test_next-20150727
test_sparse: Sun Jul 26 23:48:37 PDT 2015: ended on defconfig test_next-20150727
