test_sparse: Mon Jul 13 23:18:21 PDT 2015: started on defconfig test_next-20150714 (fe15dc733a0f347328c128344f0d4c9fd3906622)
test_sparse: Mon Jul 13 23:18:21 PDT 2015: serial is 20150713231533
test_sparse: sparse version unknown (checksum d41d8cd98f00b204e9800998ecf8427e)
/bin/sh: 1: sparse: not found
make[2]: *** [scripts/mod/empty.o] Error 127
make[2]: *** Waiting for unfinished jobs....
make[1]: *** [scripts/mod] Error 2
make[1]: *** Waiting for unfinished jobs....
make: *** [scripts] Error 2
make: *** Waiting for unfinished jobs....
<stdin>:1253:2: warning: #warning syscall userfaultfd not implemented [-Wcpp]
test_sparse: Mon Jul 13 23:18:27 PDT 2015: FAILED on defconfig test_next-20150714
test_sparse: Mon Jul 13 23:18:27 PDT 2015: ended on defconfig test_next-20150714
