test_build: Thu Nov 6 01:15:49 PST 2014: started on tegra_defconfig test_next-20141106 (5579b4b0f01b0e8a04201a7e05773066ef9909ac)
test_build: Thu Nov 6 01:15:49 PST 2014: serial is 20141106011533
mm/slab.c: In function ‘slab_alloc’:
mm/slab.c:3260:4: error: implicit declaration of function ‘slab_free’ [-Werror=implicit-function-declaration]
mm/slab.c: At top level:
mm/slab.c:3534:29: warning: conflicting types for ‘slab_free’ [enabled by default]
mm/slab.c:3534:29: error: static declaration of ‘slab_free’ follows non-static declaration
mm/slab.c:3260:4: note: previous implicit declaration of ‘slab_free’ was here
cc1: some warnings being treated as errors
make[1]: *** [mm/slab.o] Error 1
make[1]: *** Waiting for unfinished jobs....
make: *** [mm] Error 2
make: *** Waiting for unfinished jobs....
test_build: Thu Nov 6 01:16:32 PST 2014: FAILED on tegra_defconfig test_next-20141106
test_build: Thu Nov 6 01:16:32 PST 2014: ended on tegra_defconfig test_next-20141106
