test_sparse: Wed Jul 29 01:18:31 PDT 2015: started on defconfig test_next-20150729 (a861233de3bd0bbbc3c9d64175ab2b4dd7bb7d90)
test_sparse: Wed Jul 29 01:18:31 PDT 2015: serial is 20150729011534
test_sparse: sparse version unknown (checksum d41d8cd98f00b204e9800998ecf8427e)
/bin/sh: 1: sparse: not found
make[2]: *** [scripts/mod/empty.o] Error 127
make[2]: *** Waiting for unfinished jobs....
make[1]: *** [scripts/mod] Error 2
make[1]: *** Waiting for unfinished jobs....
make: *** [scripts] Error 2
make: *** Waiting for unfinished jobs....
<stdin>:1298:2: warning: #warning syscall userfaultfd not implemented [-Wcpp]
test_sparse: Wed Jul 29 01:18:35 PDT 2015: FAILED on defconfig test_next-20150729
test_sparse: Wed Jul 29 01:18:35 PDT 2015: ended on defconfig test_next-20150729
