test_sparse: Fri Oct 25 08:24:40 PDT 2013: started on tegra_defconfig test_next-20131025 (9e11bce4d7065aa826a953936149e182e018a3df)
test_sparse: Fri Oct 25 08:24:40 PDT 2013: serial is 20131025082023
test_sparse: sparse version unknown (checksum d41d8cd98f00b204e9800998ecf8427e)
init/do_mounts.c:8:2: warning: "Sparse checking disabled for this file"
init/do_mounts_initrd.c:8:2: warning: "Sparse checking disabled for this file"
init/initramfs.c:8:2: warning: "Sparse checking disabled for this file"
init/calibrate.c:260:37: warning: symbol 'calibrate_delay_is_known' was not declared. Should it be static?
arch/arm/vfp/vfpmodule.c:41:6: warning: symbol 'vfp_vector' was not declared. Should it be static?
arch/arm/vfp/vfpmodule.c:48:14: warning: symbol 'VFP_arch' was not declared. Should it be static?
arch/arm/vfp/vfpmodule.c:59:17: warning: symbol 'vfp_current_hw_state' was not declared. Should it be static?
arch/arm/vfp/vfpmodule.c:336:6: warning: symbol 'VFP_bounce' was not declared. Should it be static?
arch/arm/vfp/vfpmodule.c:652:6: warning: symbol 'vfp_kmode_exception' was not declared. Should it be static?
init/main.c:167:12: warning: symbol 'envp_init' was not declared. Should it be static?
arch/arm/kernel/irq.c:45:15: warning: symbol 'irq_err_count' was not declared. Should it be static?
init/init_task.c:14:44: warning: implicit cast to nocast type
init/init_task.c:14:44: warning: implicit cast to nocast type
arch/arm/mm/fault.c:546:1: warning: symbol 'do_DataAbort' was not declared. Should it be static?
arch/arm/mm/fault.c:578:1: warning: symbol 'do_PrefetchAbort' was not declared. Should it be static?
arch/arm/mm/init.c:227:13: warning: symbol 'setup_dma_zone' was not declared. Should it be static?
arch/arm/kernel/process.c:98:6: warning: symbol 'soft_restart' was not declared. Should it be static?
arch/arm/kernel/process.c:127:6: warning: symbol 'arm_pm_restart' was not declared. Should it be static?
arch/arm/kernel/process.c:134:6: warning: symbol 'arm_pm_idle' was not declared. Should it be static?
arch/arm/kernel/process.c:314:1: warning: symbol 'thread_notify_head' was not declared. Should it be static?
arch/arm/kernel/return_address.c:63:2: warning: "TODO: return_address should use unwind tables"
arch/arm/kernel/return_address.c:66:6: warning: symbol 'return_address' was not declared. Should it be static?
arch/arm/mm/iomap.c:12:15: warning: symbol 'vga_base' was not declared. Should it be static?
arch/arm/kernel/ptrace.c:932:16: warning: symbol 'syscall_trace_enter' was not declared. Should it be static?
arch/arm/kernel/ptrace.c:952:17: warning: symbol 'syscall_trace_exit' was not declared. Should it be static?
arch/arm/mm/flush.c:350:6: warning: symbol '__flush_anon_page' was not declared. Should it be static?
arch/arm/kernel/return_address.c:63:2: warning: #warning "TODO: return_address should use unwind tables"
arch/arm/kernel/signal.c:210:16: warning: symbol 'sys_sigreturn' was not declared. Should it be static?
arch/arm/kernel/signal.c:240:16: warning: symbol 'sys_rt_sigreturn' was not declared. Should it be static?
arch/arm/kernel/signal.c:589:1: warning: symbol 'do_work_pending' was not declared. Should it be static?
arch/arm/kernel/signal.c:620:13: warning: symbol 'get_signal_page' was not declared. Should it be static?
arch/arm/kernel/sys_arm.c:35:17: warning: symbol 'sys_arm_fadvise64_64' was not declared. Should it be static?
arch/arm/kernel/setup.c:89:14: warning: symbol '__atags_pointer' was not declared. Should it be static?
arch/arm/kernel/setup.c:126:5: warning: symbol '__cpu_architecture' was not declared. Should it be static?
arch/arm/kernel/setup.c:1057:29: warning: symbol 'cpuinfo_op' was not declared. Should it be static?
arch/arm/kernel/time.c:118:13: warning: symbol 'time_init' was not declared. Should it be static?
arch/arm/mm/mmu.c:992:13: warning: symbol 'sanity_check_meminfo' was not declared. Should it be static?
arch/arm/mm/mmu.c:1391:13: warning: symbol 'early_paging_init' was not declared. Should it be static?
arch/arm/mm/mmu.c:1404:13: warning: symbol 'paging_init' was not declared. Should it be static?
arch/arm/mach-tegra/irq.c:73:6: warning: symbol 'tegra_pending_sgi' was not declared. Should it be static?
arch/arm/mach-tegra/irq.c:213:5: warning: symbol 'tegra_legacy_irq_syscore_init' was not declared. Should it be static?
arch/arm/kernel/traps.c:113:37: warning: incorrect type in argument 1 (different address spaces)
arch/arm/kernel/traps.c:113:37:    expected void const volatile [noderef] <asn:1>*<noident>
arch/arm/kernel/traps.c:113:37:    got unsigned long *<noident>
arch/arm/kernel/traps.c:146:31: warning: incorrect type in argument 1 (different address spaces)
arch/arm/kernel/traps.c:146:31:    expected void const volatile [noderef] <asn:1>*<noident>
arch/arm/kernel/traps.c:146:31:    got unsigned short [usertype] *
arch/arm/kernel/traps.c:148:31: warning: incorrect type in argument 1 (different address spaces)
arch/arm/kernel/traps.c:148:31:    expected void const volatile [noderef] <asn:1>*<noident>
arch/arm/kernel/traps.c:148:31:    got unsigned int [usertype] *
arch/arm/kernel/traps.c:412:35: warning: cast removes address space of expression
arch/arm/kernel/traps.c:394:29: warning: symbol 'do_undefinstr' was not declared. Should it be static?
arch/arm/kernel/traps.c:447:17: warning: symbol 'do_unexp_fiq' was not declared. Should it be static?
arch/arm/kernel/traps.c:459:17: warning: symbol 'bad_mode' was not declared. Should it be static?
arch/arm/kernel/traps.c:554:14: warning: incorrect type in argument 1 (different base types)
arch/arm/kernel/traps.c:554:14:    expected void const volatile [noderef] <asn:1>*<noident>
arch/arm/kernel/traps.c:554:14:    got unsigned long [unsigned] start
arch/arm/kernel/traps.c:565:16: warning: symbol 'arm_syscall' was not declared. Should it be static?
arch/arm/kernel/traps.c:759:6: warning: symbol '__bad_xchg' was not declared. Should it be static?
arch/arm/kernel/traps.c:772:1: warning: symbol 'baddataabort' was not declared. Should it be static?
arch/arm/kernel/traps.c:794:6: warning: symbol '__readwrite_bug' was not declared. Should it be static?
arch/arm/kernel/traps.c:816:17: warning: symbol '__div0' was not declared. Should it be static?
arch/arm/kernel/traps.c:823:6: warning: symbol 'abort' was not declared. Should it be static?
kernel/fork.c:93:5: warning: symbol 'max_threads' was not declared. Should it be static?
kernel/fork.c:118:13: warning: symbol 'arch_release_task_struct' was not declared. Should it be static?
kernel/fork.c:136:13: warning: symbol 'arch_release_thread_info' was not declared. Should it be static?
kernel/fork.c:250:20: warning: symbol 'arch_task_cache_init' was not declared. Should it be static?
kernel/fork.c:252:13: warning: symbol 'fork_init' was not declared. Should it be static?
kernel/fork.c:286:27: warning: symbol 'arch_dup_task_struct' was not declared. Should it be static?
kernel/fork.c:1106:41: warning: implicit cast to nocast type
kernel/fork.c:1107:41: warning: implicit cast to nocast type
kernel/fork.c:1235:42: warning: implicit cast to nocast type
kernel/fork.c:1236:43: warning: implicit cast to nocast type
kernel/fork.c:1238:57: warning: implicit cast to nocast type
mm/filemap.c:1734:35: warning: symbol 'generic_file_vm_ops' was not declared. Should it be static?
arch/arm/mach-tegra/powergate.c:181:5: warning: symbol 'tegra_cpu_powergate_id' was not declared. Should it be static?
arch/arm/mach-tegra/powergate.c:189:12: warning: symbol 'tegra_powergate_init' was not declared. Should it be static?
arch/arm/mach-tegra/powergate.c:296:12: warning: symbol 'tegra_powergate_debugfs_init' was not declared. Should it be static?
fs/open.c:846:18: warning: restricted fmode_t degrades to integer
/tmp/ccq2S8cP.s: Assembler messages:
/tmp/ccq2S8cP.s:805: Error: unknown pseudo-op: `.arch_extension'
/tmp/ccq2S8cP.s:806: Error: bad instruction `pldw [r4,#0]'
/tmp/ccq2S8cP.s:1050: Error: unknown pseudo-op: `.arch_extension'
/tmp/ccq2S8cP.s:1051: Error: bad instruction `pldw [r3,#0]'
make[1]: *** [arch/arm/kernel/traps.o] Error 1
make: *** [arch/arm/kernel] Error 2
make: *** Waiting for unfinished jobs....
arch/arm/mach-tegra/pm.c:121:27: warning: incorrect type in initializer (different address spaces)
arch/arm/mach-tegra/pm.c:121:27:    expected unsigned int [usertype] *cpu_in_lp2
arch/arm/mach-tegra/pm.c:121:27:    got void [noderef] <asn:2>*
arch/arm/mach-tegra/pm.c:135:35: warning: incorrect type in initializer (different address spaces)
arch/arm/mach-tegra/pm.c:135:35:    expected struct cpumask [usertype] *cpu_lp2_mask
arch/arm/mach-tegra/pm.c:135:35:    got void [noderef] <asn:2>*
arch/arm/mach-tegra/pm.c:136:27: warning: incorrect type in initializer (different address spaces)
arch/arm/mach-tegra/pm.c:136:27:    expected unsigned int [usertype] *cpu_in_lp2
arch/arm/mach-tegra/pm.c:136:27:    got void [noderef] <asn:2>*
arch/arm/mach-tegra/pm.c:152:5: warning: symbol 'tegra_cpu_do_idle' was not declared. Should it be static?
arch/arm/mach-tegra/pm.c:272:32: warning: incorrect type in argument 2 (different address spaces)
arch/arm/mach-tegra/pm.c:272:32:    expected void const *<noident>
arch/arm/mach-tegra/pm.c:272:32:    got void [noderef] <asn:2>*
arch/arm/mach-tegra/pm.c:274:16: warning: incorrect type in argument 1 (different address spaces)
arch/arm/mach-tegra/pm.c:274:16:    expected void *<noident>
arch/arm/mach-tegra/pm.c:274:16:    got void [noderef] <asn:2>*
arch/arm/mach-tegra/pm.c:277:12: warning: cast removes address space of expression
arch/arm/mach-tegra/pm.c:285:16: warning: incorrect type in argument 1 (different address spaces)
arch/arm/mach-tegra/pm.c:285:16:    expected void *<noident>
arch/arm/mach-tegra/pm.c:285:16:    got void [noderef] <asn:2>*
arch/arm/mach-tegra/pm.c:288:11: warning: cast removes address space of expression
kernel/panic.c:55:13: warning: symbol 'panic_smp_self_stop' was not declared. Should it be static?
kernel/panic.c:69:6: error: symbol 'panic' redeclared with different type (originally declared at include/linux/kernel.h:205) - different modifiers
arch/arm/mach-tegra/reset.c:45:9: error: subtraction of functions? Share your drugs
arch/arm/mach-tegra/reset.c:48:25: error: subtraction of functions? Share your drugs
arch/arm/mach-tegra/cpuidle.c:50:6: warning: symbol 'tegra_cpuidle_pcie_irqs_in_use' was not declared. Should it be static?
arch/arm/mach-tegra/tegra.c:63:5: warning: symbol 'tegra_uart_config' was not declared. Should it be static?
/tmp/cc5UHKOb.s: Assembler messages:
/tmp/cc5UHKOb.s:788: Error: unknown pseudo-op: `.arch_extension'
/tmp/cc5UHKOb.s:789: Error: bad instruction `pldw [ip,#0]'
/tmp/cc5UHKOb.s:887: Error: unknown pseudo-op: `.arch_extension'
/tmp/cc5UHKOb.s:888: Error: bad instruction `pldw [sl,#0]'
/tmp/cc5UHKOb.s:1549: Error: unknown pseudo-op: `.arch_extension'
/tmp/cc5UHKOb.s:1550: Error: bad instruction `pldw [r8,#0]'
/tmp/cc9pMfTS.s: Assembler messages:
/tmp/cc9pMfTS.s:254: Error: unknown pseudo-op: `.arch_extension'
/tmp/cc9pMfTS.s:255: Error: bad instruction `pldw [r0,#0]'
make[1]: *** [fs/open.o] Error 1
make: *** [fs] Error 2
/tmp/cc9pMfTS.s:1206: Error: unknown pseudo-op: `.arch_extension'
/tmp/cc9pMfTS.s:1207: Error: bad instruction `pldw [r3,#0]'
/tmp/cc9pMfTS.s:1478: Error: unknown pseudo-op: `.arch_extension'
/tmp/cc9pMfTS.s:1479: Error: bad instruction `pldw [r3,#0]'
/tmp/cc9pMfTS.s:1855: Error: unknown pseudo-op: `.arch_extension'
/tmp/cc9pMfTS.s:1856: Error: bad instruction `pldw [ip,#0]'
/tmp/cc9pMfTS.s:2092: Error: unknown pseudo-op: `.arch_extension'
/tmp/cc9pMfTS.s:2093: Error: bad instruction `pldw [r2,#0]'
/tmp/cc9pMfTS.s:2132: Error: unknown pseudo-op: `.arch_extension'
/tmp/cc9pMfTS.s:2133: Error: bad instruction `pldw [ip,#0]'
/tmp/cc9pMfTS.s:3265: Error: unknown pseudo-op: `.arch_extension'
/tmp/cc9pMfTS.s:3266: Error: bad instruction `pldw [r0,#0]'
/tmp/cc9pMfTS.s:3387: Error: unknown pseudo-op: `.arch_extension'
/tmp/cc9pMfTS.s:3388: Error: bad instruction `pldw [lr,#0]'
/tmp/cc9pMfTS.s:3511: Error: unknown pseudo-op: `.arch_extension'
/tmp/cc9pMfTS.s:3512: Error: bad instruction `pldw [fp,#0]'
/tmp/cc9pMfTS.s:3582: Error: unknown pseudo-op: `.arch_extension'
/tmp/cc9pMfTS.s:3583: Error: bad instruction `pldw [lr,#0]'
/tmp/cc9pMfTS.s:4407: Error: unknown pseudo-op: `.arch_extension'
/tmp/cc9pMfTS.s:4408: Error: bad instruction `pldw [r2,#0]'
/tmp/cc9pMfTS.s:4448: Error: unknown pseudo-op: `.arch_extension'
/tmp/cc9pMfTS.s:4449: Error: bad instruction `pldw [r0,#0]'
/tmp/cc9pMfTS.s:4708: Error: unknown pseudo-op: `.arch_extension'
/tmp/cc9pMfTS.s:4709: Error: bad instruction `pldw [fp,#0]'
/tmp/cc9pMfTS.s:4740: Error: unknown pseudo-op: `.arch_extension'
/tmp/cc9pMfTS.s:4741: Error: bad instruction `pldw [ip,#0]'
/tmp/cc9pMfTS.s:4781: Error: unknown pseudo-op: `.arch_extension'
/tmp/cc9pMfTS.s:4782: Error: bad instruction `pldw [r2,#0]'
/tmp/cc9pMfTS.s:5581: Error: unknown pseudo-op: `.arch_extension'
/tmp/cc9pMfTS.s:5582: Error: bad instruction `pldw [r3,#0]'
kernel/cpu.c:249:34: warning: incorrect type in argument 2 (different modifiers)
kernel/cpu.c:249:34:    expected unsigned long [nocast] [usertype] *utime
kernel/cpu.c:249:34:    got unsigned long *<noident>
kernel/cpu.c:249:34: warning: implicit cast to nocast type
kernel/cpu.c:249:42: warning: incorrect type in argument 3 (different modifiers)
kernel/cpu.c:249:42:    expected unsigned long [nocast] [usertype] *stime
kernel/cpu.c:249:42:    got unsigned long *<noident>
kernel/cpu.c:249:42: warning: implicit cast to nocast type
kernel/cpu.c:532:13: warning: symbol 'arch_enable_nonboot_cpus_begin' was not declared. Should it be static?
kernel/cpu.c:536:13: warning: symbol 'arch_enable_nonboot_cpus_end' was not declared. Should it be static?
kernel/cpu.c:226:9: warning: context imbalance in 'clear_tasks_mm_cpumask' - different lock contexts for basic block
mm/oom_kill.c:98:20: warning: context imbalance in 'find_lock_task_mm' - wrong count at exit
mm/oom_kill.c:156:28: warning: context imbalance in 'oom_badness' - unexpected unlock
mm/oom_kill.c:353:9: warning: context imbalance in 'dump_tasks' - different lock contexts for basic block
include/linux/rcupdate.h:798:9: warning: context imbalance in 'oom_kill_process' - unexpected unlock
make[1]: *** [kernel/fork.o] Error 1
make[1]: *** Waiting for unfinished jobs....
arch/arm/mm/copypage-v6.c:125:21: warning: symbol 'v6_user_fns' was not declared. Should it be static?
/tmp/ccOEg9GW.s: Assembler messages:
/tmp/ccOEg9GW.s:4191: Error: unknown pseudo-op: `.arch_extension'
/tmp/ccOEg9GW.s:4192: Error: bad instruction `pldw [r3,#0]'
/tmp/ccOEg9GW.s:5940: Error: unknown pseudo-op: `.arch_extension'
/tmp/ccOEg9GW.s:5941: Error: bad instruction `pldw [r3,#0]'
arch/arm/mach-tegra/cpuidle-tegra20.c:219:6: warning: symbol 'tegra20_cpuidle_pcie_irqs_in_use' was not declared. Should it be static?
arch/arm/mach-tegra/cpuidle-tegra20.c:226:12: warning: symbol 'tegra20_cpuidle_init' was not declared. Should it be static?
make[1]: *** [mm/filemap.o] Error 1
make[1]: *** Waiting for unfinished jobs....
arch/arm/mach-tegra/cpuidle-tegra30.c:146:12: warning: symbol 'tegra30_cpuidle_init' was not declared. Should it be static?
arch/arm/mach-tegra/hotplug.c:21:5: warning: symbol 'tegra_cpu_kill' was not declared. Should it be static?
arch/arm/mach-tegra/hotplug.c:37:12: warning: symbol 'tegra_cpu_die' was not declared. Should it be static?
arch/arm/mach-tegra/cpuidle-tegra114.c:81:12: warning: symbol 'tegra114_cpuidle_init' was not declared. Should it be static?
make: *** [kernel] Error 2
/tmp/cc7MDzm3.s: Assembler messages:
/tmp/cc7MDzm3.s:1014: Error: unknown pseudo-op: `.arch_extension'
/tmp/cc7MDzm3.s:1015: Error: bad instruction `pldw [r2,#0]'
/tmp/cc7MDzm3.s:1236: Error: unknown pseudo-op: `.arch_extension'
/tmp/cc7MDzm3.s:1237: Error: bad instruction `pldw [r8,#0]'
/tmp/cc7MDzm3.s:2216: Error: unknown pseudo-op: `.arch_extension'
/tmp/cc7MDzm3.s:2217: Error: bad instruction `pldw [r2,#0]'
/tmp/cc7MDzm3.s:2275: Error: unknown pseudo-op: `.arch_extension'
/tmp/cc7MDzm3.s:2276: Error: bad instruction `pldw [ip,#0]'
make[1]: *** [mm/oom_kill.o] Error 1
make: *** [mm] Error 2
/tmp/ccY9WJGs.s: Assembler messages:
/tmp/ccY9WJGs.s:461: Error: unknown pseudo-op: `.arch_extension'
/tmp/ccY9WJGs.s:462: Error: bad instruction `pldw [sl,#0]'
/tmp/ccY9WJGs.s:717: Error: unknown pseudo-op: `.arch_extension'
/tmp/ccY9WJGs.s:718: Error: bad instruction `pldw [r6,#0]'
make[1]: *** [arch/arm/mm/context.o] Error 1
make[1]: *** Waiting for unfinished jobs....
make: *** [arch/arm/mm] Error 2
test_sparse: Fri Oct 25 08:25:05 PDT 2013: FAILED on tegra_defconfig test_next-20131025
test_sparse: Fri Oct 25 08:25:05 PDT 2013: ended on tegra_defconfig test_next-20131025
