test_sparse: Tue Jun 9 08:23:56 PDT 2015: started on tegra_defconfig test_next-20150609 (b47ecb252ff20f28fdd619d140cac2bb0c90c2be)
test_sparse: Tue Jun 9 08:23:56 PDT 2015: serial is 20150609081533
test_sparse: sparse version unknown (checksum d41d8cd98f00b204e9800998ecf8427e)
/bin/sh: 1: sparse: not found
make[2]: *** [scripts/mod/empty.o] Error 127
make[2]: *** Waiting for unfinished jobs....
<stdin>:1253:2: warning: #warning syscall userfaultfd not implemented [-Wcpp]
make[1]: *** [scripts/mod] Error 2
make[1]: *** Waiting for unfinished jobs....
make: *** [scripts] Error 2
test_sparse: Tue Jun 9 08:24:25 PDT 2015: FAILED on tegra_defconfig test_next-20150609
test_sparse: Tue Jun 9 08:24:25 PDT 2015: ended on tegra_defconfig test_next-20150609
