test_build: Thu Jan 16 22:47:43 PST 2014: started on tegra_defconfig%tegra20_mergeconfig test_next-20140117 (ee8502c1320d626417b98a94e0367e9a1e269a5a)
test_build: Thu Jan 16 22:47:43 PST 2014: serial is 20140116224532
arch/arm/Kconfig:1966:error: recursive dependency detected!
arch/arm/Kconfig:1966:	symbol ZBOOT_ROM depends on AUTO_ZRELADDR
arch/arm/Kconfig:2154:	symbol AUTO_ZRELADDR is selected by ZBOOT_ROM
arch/arm/Kconfig:1966:error: recursive dependency detected!
arch/arm/Kconfig:1966:	symbol ZBOOT_ROM depends on AUTO_ZRELADDR
arch/arm/Kconfig:2154:	symbol AUTO_ZRELADDR is selected by ZBOOT_ROM
arch/arm/kernel/return_address.c:63:2: warning: #warning "TODO: return_address should use unwind tables" [-Wcpp]
mm/nobootmem.c: In function ‘free_low_memory_core_early’:
mm/nobootmem.c:119:26: warning: unused variable ‘size’ [-Wunused-variable]
net/ieee802154/built-in.o:(___ksymtab_gpl+lowpan_process_data+0x0): multiple definition of `__ksymtab_lowpan_process_data'
net/bluetooth/built-in.o:/home/pwalmsley/test_build/build/temp/test_next-20140117/20140116224532/linux/arch/arm/include/asm/atomic.h:46: first defined here
net/ieee802154/built-in.o:(___ksymtab_gpl+lowpan_header_compress+0x0): multiple definition of `__ksymtab_lowpan_header_compress'
net/bluetooth/built-in.o:/home/pwalmsley/test_build/build/temp/test_next-20140117/20140116224532/linux/net/bluetooth/hci_core.c:3729: first defined here
net/ieee802154/built-in.o: In function `lowpan_header_compress':
/home/pwalmsley/test_build/build/temp/test_next-20140117/20140116224532/linux/net/ieee802154/6lowpan_iphc.c:606: multiple definition of `lowpan_header_compress'
net/bluetooth/built-in.o:/home/pwalmsley/test_build/build/temp/test_next-20140117/20140116224532/linux/net/bluetooth/../ieee802154/6lowpan_iphc.c:606: first defined here
net/ieee802154/built-in.o: In function `lowpan_process_data':
/home/pwalmsley/test_build/build/temp/test_next-20140117/20140116224532/linux/net/ieee802154/6lowpan_iphc.c:344: multiple definition of `lowpan_process_data'
net/bluetooth/built-in.o:/home/pwalmsley/test_build/build/temp/test_next-20140117/20140116224532/linux/net/bluetooth/../ieee802154/6lowpan_iphc.c:344: first defined here
make[1]: *** [net/built-in.o] Error 1
make: *** [net] Error 2
make: *** Waiting for unfinished jobs....
test_build: Thu Jan 16 22:49:26 PST 2014: FAILED on tegra_defconfig%tegra20_mergeconfig test_next-20140117
test_build: Thu Jan 16 22:49:26 PST 2014: ended on tegra_defconfig%tegra20_mergeconfig test_next-20140117
