test_sparse: Fri Mar 20 02:23:52 PDT 2015: started on tegra_defconfig test_next-20150320 (1cfef77614b0d18ee3ac9ff77f17d31bff5d519f)
test_sparse: Fri Mar 20 02:23:52 PDT 2015: serial is 20150320021533
test_sparse: sparse version unknown (checksum d41d8cd98f00b204e9800998ecf8427e)
/bin/sh: 1: sparse: not found
make[2]: *** [scripts/mod/empty.o] Error 127
make[2]: *** Waiting for unfinished jobs....
make[1]: *** [scripts/mod] Error 2
make[1]: *** Waiting for unfinished jobs....
make: *** [scripts] Error 2
make: *** Waiting for unfinished jobs....
test_sparse: Fri Mar 20 02:23:55 PDT 2015: FAILED on tegra_defconfig test_next-20150320
test_sparse: Fri Mar 20 02:23:55 PDT 2015: ended on tegra_defconfig test_next-20150320
